2024-11-23 16:04:50,902 DEBUG    root            Running [gcloud] with arguments: [-v: "None"]
2024-11-23 16:04:50,905 DEBUG    root            Loaded Command Group: ['gcloud', 'version']
2024-11-23 16:04:50,907 DEBUG    root            Running [gcloud.version] with arguments: []
2024-11-23 16:04:50,940 DEBUG    root            Chosen display Format:flattened[no-pad,separator=" "]
2024-11-23 16:04:50,941 INFO     root            Display format: "flattened[no-pad,separator=" "]"
2024-11-23 16:04:50,979 INFO     ___FILE_ONLY___ Google Cloud SDK
2024-11-23 16:04:50,979 INFO     ___FILE_ONLY___  
2024-11-23 16:04:50,979 INFO     ___FILE_ONLY___ 495.0.0

2024-11-23 16:04:50,979 INFO     ___FILE_ONLY___ alpha
2024-11-23 16:04:50,979 INFO     ___FILE_ONLY___  
2024-11-23 16:04:50,979 INFO     ___FILE_ONLY___ 2024.09.27

2024-11-23 16:04:50,979 INFO     ___FILE_ONLY___ beta
2024-11-23 16:04:50,979 INFO     ___FILE_ONLY___  
2024-11-23 16:04:50,979 INFO     ___FILE_ONLY___ 2024.09.27

2024-11-23 16:04:50,979 INFO     ___FILE_ONLY___ bq
2024-11-23 16:04:50,979 INFO     ___FILE_ONLY___  
2024-11-23 16:04:50,979 INFO     ___FILE_ONLY___ 2.1.8

2024-11-23 16:04:50,980 INFO     ___FILE_ONLY___ bundled-python3-unix
2024-11-23 16:04:50,980 INFO     ___FILE_ONLY___  
2024-11-23 16:04:50,980 INFO     ___FILE_ONLY___ 3.11.9

2024-11-23 16:04:50,980 INFO     ___FILE_ONLY___ core
2024-11-23 16:04:50,980 INFO     ___FILE_ONLY___  
2024-11-23 16:04:50,980 INFO     ___FILE_ONLY___ 2024.09.27

2024-11-23 16:04:50,980 INFO     ___FILE_ONLY___ gcloud-crc32c
2024-11-23 16:04:50,980 INFO     ___FILE_ONLY___  
2024-11-23 16:04:50,980 INFO     ___FILE_ONLY___ 1.0.0

2024-11-23 16:04:50,980 INFO     ___FILE_ONLY___ gsutil
2024-11-23 16:04:50,980 INFO     ___FILE_ONLY___  
2024-11-23 16:04:50,980 INFO     ___FILE_ONLY___ 5.30

2024-11-23 16:04:50,980 INFO     ___FILE_ONLY___ minikube
2024-11-23 16:04:50,980 INFO     ___FILE_ONLY___  
2024-11-23 16:04:50,981 INFO     ___FILE_ONLY___ 1.34.0

2024-11-23 16:04:50,981 INFO     ___FILE_ONLY___ skaffold
2024-11-23 16:04:50,981 INFO     ___FILE_ONLY___  
2024-11-23 16:04:50,981 INFO     ___FILE_ONLY___ 2.13.1

2024-11-23 16:04:50,984 DEBUG    root            SDK update checks are disabled.
