2024-11-27 07:49:07,118 DEBUG    root            Loaded Command Group: ['gcloud', 'projects']
2024-11-27 07:49:07,293 DEBUG    root            Loaded Command Group: ['gcloud', 'projects', 'add_iam_policy_binding']
2024-11-27 07:49:07,317 DEBUG    root            Running [gcloud.projects.add-iam-policy-binding] with arguments: [--member: "serviceAccount:trigger-account@inspired-photon-441609-k7.iam.gserviceaccount.com", --role: "projects/inspired-photon-441609-k7/roles/main_custom_role_14", PROJECT_ID: "inspired-photon-441609-k7"]
2024-11-27 07:49:07,480 DEBUG    urllib3.connectionpool Starting new HTTPS connection (1): cloudresourcemanager.googleapis.com:443
2024-11-27 07:49:07,622 DEBUG    urllib3.connectionpool https://cloudresourcemanager.googleapis.com:443 "POST /v1/projects/inspired-photon-441609-k7:getIamPolicy?alt=json HTTP/1.1" 200 None
2024-11-27 07:49:07,763 DEBUG    urllib3.connectionpool Starting new HTTPS connection (1): cloudresourcemanager.googleapis.com:443
2024-11-27 07:49:08,245 DEBUG    urllib3.connectionpool https://cloudresourcemanager.googleapis.com:443 "POST /v1/projects/inspired-photon-441609-k7:setIamPolicy?alt=json HTTP/1.1" 200 None
2024-11-27 07:49:08,249 INFO     ___FILE_ONLY___ Updated IAM policy for project [inspired-photon-441609-k7].

2024-11-27 07:49:08,250 DEBUG    root            Chosen display Format:default
2024-11-27 07:49:08,251 INFO     root            Display format: "default"
2024-11-27 07:49:08,276 INFO     ___FILE_ONLY___ bindings
2024-11-27 07:49:08,277 INFO     ___FILE_ONLY___ :
2024-11-27 07:49:08,277 INFO     ___FILE_ONLY___ 

2024-11-27 07:49:08,277 INFO     ___FILE_ONLY___ -
2024-11-27 07:49:08,277 INFO     ___FILE_ONLY___  
2024-11-27 07:49:08,277 INFO     ___FILE_ONLY___ members
2024-11-27 07:49:08,277 INFO     ___FILE_ONLY___ :
2024-11-27 07:49:08,278 INFO     ___FILE_ONLY___ 

2024-11-27 07:49:08,278 INFO     ___FILE_ONLY___   
2024-11-27 07:49:08,278 INFO     ___FILE_ONLY___ -
2024-11-27 07:49:08,278 INFO     ___FILE_ONLY___  
2024-11-27 07:49:08,278 INFO     ___FILE_ONLY___ serviceAccount:trigger-account@inspired-photon-441609-k7.iam.gserviceaccount.com
2024-11-27 07:49:08,278 INFO     ___FILE_ONLY___ 

2024-11-27 07:49:08,278 INFO     ___FILE_ONLY___   
2024-11-27 07:49:08,278 INFO     ___FILE_ONLY___ role
2024-11-27 07:49:08,278 INFO     ___FILE_ONLY___ :
2024-11-27 07:49:08,279 INFO     ___FILE_ONLY___  
2024-11-27 07:49:08,279 INFO     ___FILE_ONLY___ projects/inspired-photon-441609-k7/roles/main_custom_role_14
2024-11-27 07:49:08,279 INFO     ___FILE_ONLY___ 

2024-11-27 07:49:08,279 INFO     ___FILE_ONLY___ -
2024-11-27 07:49:08,279 INFO     ___FILE_ONLY___  
2024-11-27 07:49:08,279 INFO     ___FILE_ONLY___ members
2024-11-27 07:49:08,279 INFO     ___FILE_ONLY___ :
2024-11-27 07:49:08,279 INFO     ___FILE_ONLY___ 

2024-11-27 07:49:08,279 INFO     ___FILE_ONLY___   
2024-11-27 07:49:08,279 INFO     ___FILE_ONLY___ -
2024-11-27 07:49:08,280 INFO     ___FILE_ONLY___  
2024-11-27 07:49:08,280 INFO     ___FILE_ONLY___ serviceAccount:service-644941739395@gcf-admin-robot.iam.gserviceaccount.com
2024-11-27 07:49:08,280 INFO     ___FILE_ONLY___ 

2024-11-27 07:49:08,280 INFO     ___FILE_ONLY___   
2024-11-27 07:49:08,280 INFO     ___FILE_ONLY___ role
2024-11-27 07:49:08,280 INFO     ___FILE_ONLY___ :
2024-11-27 07:49:08,280 INFO     ___FILE_ONLY___  
2024-11-27 07:49:08,280 INFO     ___FILE_ONLY___ roles/cloudfunctions.serviceAgent
2024-11-27 07:49:08,280 INFO     ___FILE_ONLY___ 

2024-11-27 07:49:08,280 INFO     ___FILE_ONLY___ -
2024-11-27 07:49:08,281 INFO     ___FILE_ONLY___  
2024-11-27 07:49:08,281 INFO     ___FILE_ONLY___ members
2024-11-27 07:49:08,281 INFO     ___FILE_ONLY___ :
2024-11-27 07:49:08,281 INFO     ___FILE_ONLY___ 

2024-11-27 07:49:08,281 INFO     ___FILE_ONLY___   
2024-11-27 07:49:08,281 INFO     ___FILE_ONLY___ -
2024-11-27 07:49:08,281 INFO     ___FILE_ONLY___  
2024-11-27 07:49:08,281 INFO     ___FILE_ONLY___ serviceAccount:vm-creater-account@inspired-photon-441609-k7.iam.gserviceaccount.com
2024-11-27 07:49:08,281 INFO     ___FILE_ONLY___ 

2024-11-27 07:49:08,281 INFO     ___FILE_ONLY___   
2024-11-27 07:49:08,282 INFO     ___FILE_ONLY___ role
2024-11-27 07:49:08,282 INFO     ___FILE_ONLY___ :
2024-11-27 07:49:08,282 INFO     ___FILE_ONLY___  
2024-11-27 07:49:08,282 INFO     ___FILE_ONLY___ roles/compute.instanceAdmin.v1
2024-11-27 07:49:08,282 INFO     ___FILE_ONLY___ 

2024-11-27 07:49:08,282 INFO     ___FILE_ONLY___ -
2024-11-27 07:49:08,282 INFO     ___FILE_ONLY___  
2024-11-27 07:49:08,282 INFO     ___FILE_ONLY___ members
2024-11-27 07:49:08,282 INFO     ___FILE_ONLY___ :
2024-11-27 07:49:08,282 INFO     ___FILE_ONLY___ 

2024-11-27 07:49:08,282 INFO     ___FILE_ONLY___   
2024-11-27 07:49:08,283 INFO     ___FILE_ONLY___ -
2024-11-27 07:49:08,283 INFO     ___FILE_ONLY___  
2024-11-27 07:49:08,283 INFO     ___FILE_ONLY___ serviceAccount:vm-creater-account@inspired-photon-441609-k7.iam.gserviceaccount.com
2024-11-27 07:49:08,283 INFO     ___FILE_ONLY___ 

2024-11-27 07:49:08,283 INFO     ___FILE_ONLY___   
2024-11-27 07:49:08,283 INFO     ___FILE_ONLY___ role
2024-11-27 07:49:08,283 INFO     ___FILE_ONLY___ :
2024-11-27 07:49:08,283 INFO     ___FILE_ONLY___  
2024-11-27 07:49:08,283 INFO     ___FILE_ONLY___ roles/compute.networkUser
2024-11-27 07:49:08,283 INFO     ___FILE_ONLY___ 

2024-11-27 07:49:08,284 INFO     ___FILE_ONLY___ -
2024-11-27 07:49:08,284 INFO     ___FILE_ONLY___  
2024-11-27 07:49:08,284 INFO     ___FILE_ONLY___ members
2024-11-27 07:49:08,284 INFO     ___FILE_ONLY___ :
2024-11-27 07:49:08,284 INFO     ___FILE_ONLY___ 

2024-11-27 07:49:08,284 INFO     ___FILE_ONLY___   
2024-11-27 07:49:08,284 INFO     ___FILE_ONLY___ -
2024-11-27 07:49:08,284 INFO     ___FILE_ONLY___  
2024-11-27 07:49:08,284 INFO     ___FILE_ONLY___ serviceAccount:service-644941739395@compute-system.iam.gserviceaccount.com
2024-11-27 07:49:08,284 INFO     ___FILE_ONLY___ 

2024-11-27 07:49:08,284 INFO     ___FILE_ONLY___   
2024-11-27 07:49:08,285 INFO     ___FILE_ONLY___ role
2024-11-27 07:49:08,285 INFO     ___FILE_ONLY___ :
2024-11-27 07:49:08,285 INFO     ___FILE_ONLY___  
2024-11-27 07:49:08,285 INFO     ___FILE_ONLY___ roles/compute.serviceAgent
2024-11-27 07:49:08,285 INFO     ___FILE_ONLY___ 

2024-11-27 07:49:08,285 INFO     ___FILE_ONLY___ -
2024-11-27 07:49:08,285 INFO     ___FILE_ONLY___  
2024-11-27 07:49:08,285 INFO     ___FILE_ONLY___ members
2024-11-27 07:49:08,285 INFO     ___FILE_ONLY___ :
2024-11-27 07:49:08,285 INFO     ___FILE_ONLY___ 

2024-11-27 07:49:08,285 INFO     ___FILE_ONLY___   
2024-11-27 07:49:08,285 INFO     ___FILE_ONLY___ -
2024-11-27 07:49:08,286 INFO     ___FILE_ONLY___  
2024-11-27 07:49:08,286 INFO     ___FILE_ONLY___ serviceAccount:644941739395-compute@developer.gserviceaccount.com
2024-11-27 07:49:08,286 INFO     ___FILE_ONLY___ 

2024-11-27 07:49:08,286 INFO     ___FILE_ONLY___   
2024-11-27 07:49:08,286 INFO     ___FILE_ONLY___ -
2024-11-27 07:49:08,286 INFO     ___FILE_ONLY___  
2024-11-27 07:49:08,286 INFO     ___FILE_ONLY___ serviceAccount:644941739395@cloudservices.gserviceaccount.com
2024-11-27 07:49:08,286 INFO     ___FILE_ONLY___ 

2024-11-27 07:49:08,286 INFO     ___FILE_ONLY___   
2024-11-27 07:49:08,286 INFO     ___FILE_ONLY___ -
2024-11-27 07:49:08,286 INFO     ___FILE_ONLY___  
2024-11-27 07:49:08,286 INFO     ___FILE_ONLY___ serviceAccount:inspired-photon-441609-k7@appspot.gserviceaccount.com
2024-11-27 07:49:08,286 INFO     ___FILE_ONLY___ 

2024-11-27 07:49:08,287 INFO     ___FILE_ONLY___   
2024-11-27 07:49:08,287 INFO     ___FILE_ONLY___ -
2024-11-27 07:49:08,287 INFO     ___FILE_ONLY___  
2024-11-27 07:49:08,287 INFO     ___FILE_ONLY___ serviceAccount:vm-creater-account@inspired-photon-441609-k7.iam.gserviceaccount.com
2024-11-27 07:49:08,287 INFO     ___FILE_ONLY___ 

2024-11-27 07:49:08,287 INFO     ___FILE_ONLY___   
2024-11-27 07:49:08,287 INFO     ___FILE_ONLY___ role
2024-11-27 07:49:08,287 INFO     ___FILE_ONLY___ :
2024-11-27 07:49:08,287 INFO     ___FILE_ONLY___  
2024-11-27 07:49:08,287 INFO     ___FILE_ONLY___ roles/editor
2024-11-27 07:49:08,287 INFO     ___FILE_ONLY___ 

2024-11-27 07:49:08,288 INFO     ___FILE_ONLY___ -
2024-11-27 07:49:08,288 INFO     ___FILE_ONLY___  
2024-11-27 07:49:08,288 INFO     ___FILE_ONLY___ members
2024-11-27 07:49:08,288 INFO     ___FILE_ONLY___ :
2024-11-27 07:49:08,288 INFO     ___FILE_ONLY___ 

2024-11-27 07:49:08,288 INFO     ___FILE_ONLY___   
2024-11-27 07:49:08,288 INFO     ___FILE_ONLY___ -
2024-11-27 07:49:08,288 INFO     ___FILE_ONLY___  
2024-11-27 07:49:08,288 INFO     ___FILE_ONLY___ serviceAccount:trigger-account@inspired-photon-441609-k7.iam.gserviceaccount.com
2024-11-27 07:49:08,288 INFO     ___FILE_ONLY___ 

2024-11-27 07:49:08,288 INFO     ___FILE_ONLY___   
2024-11-27 07:49:08,289 INFO     ___FILE_ONLY___ role
2024-11-27 07:49:08,289 INFO     ___FILE_ONLY___ :
2024-11-27 07:49:08,289 INFO     ___FILE_ONLY___  
2024-11-27 07:49:08,289 INFO     ___FILE_ONLY___ roles/iam.roleAdmin
2024-11-27 07:49:08,289 INFO     ___FILE_ONLY___ 

2024-11-27 07:49:08,289 INFO     ___FILE_ONLY___ -
2024-11-27 07:49:08,289 INFO     ___FILE_ONLY___  
2024-11-27 07:49:08,289 INFO     ___FILE_ONLY___ members
2024-11-27 07:49:08,289 INFO     ___FILE_ONLY___ :
2024-11-27 07:49:08,289 INFO     ___FILE_ONLY___ 

2024-11-27 07:49:08,289 INFO     ___FILE_ONLY___   
2024-11-27 07:49:08,289 INFO     ___FILE_ONLY___ -
2024-11-27 07:49:08,290 INFO     ___FILE_ONLY___  
2024-11-27 07:49:08,290 INFO     ___FILE_ONLY___ serviceAccount:vm-creater-account@inspired-photon-441609-k7.iam.gserviceaccount.com
2024-11-27 07:49:08,290 INFO     ___FILE_ONLY___ 

2024-11-27 07:49:08,290 INFO     ___FILE_ONLY___   
2024-11-27 07:49:08,290 INFO     ___FILE_ONLY___ role
2024-11-27 07:49:08,290 INFO     ___FILE_ONLY___ :
2024-11-27 07:49:08,290 INFO     ___FILE_ONLY___  
2024-11-27 07:49:08,290 INFO     ___FILE_ONLY___ roles/iam.serviceAccountUser
2024-11-27 07:49:08,290 INFO     ___FILE_ONLY___ 

2024-11-27 07:49:08,290 INFO     ___FILE_ONLY___ -
2024-11-27 07:49:08,290 INFO     ___FILE_ONLY___  
2024-11-27 07:49:08,290 INFO     ___FILE_ONLY___ members
2024-11-27 07:49:08,291 INFO     ___FILE_ONLY___ :
2024-11-27 07:49:08,291 INFO     ___FILE_ONLY___ 

2024-11-27 07:49:08,291 INFO     ___FILE_ONLY___   
2024-11-27 07:49:08,291 INFO     ___FILE_ONLY___ -
2024-11-27 07:49:08,291 INFO     ___FILE_ONLY___  
2024-11-27 07:49:08,291 INFO     ___FILE_ONLY___ user:das03285@gmail.com
2024-11-27 07:49:08,291 INFO     ___FILE_ONLY___ 

2024-11-27 07:49:08,291 INFO     ___FILE_ONLY___   
2024-11-27 07:49:08,291 INFO     ___FILE_ONLY___ role
2024-11-27 07:49:08,291 INFO     ___FILE_ONLY___ :
2024-11-27 07:49:08,291 INFO     ___FILE_ONLY___  
2024-11-27 07:49:08,291 INFO     ___FILE_ONLY___ roles/owner
2024-11-27 07:49:08,291 INFO     ___FILE_ONLY___ 

2024-11-27 07:49:08,292 INFO     ___FILE_ONLY___ -
2024-11-27 07:49:08,292 INFO     ___FILE_ONLY___  
2024-11-27 07:49:08,292 INFO     ___FILE_ONLY___ members
2024-11-27 07:49:08,292 INFO     ___FILE_ONLY___ :
2024-11-27 07:49:08,292 INFO     ___FILE_ONLY___ 

2024-11-27 07:49:08,292 INFO     ___FILE_ONLY___   
2024-11-27 07:49:08,292 INFO     ___FILE_ONLY___ -
2024-11-27 07:49:08,292 INFO     ___FILE_ONLY___  
2024-11-27 07:49:08,292 INFO     ___FILE_ONLY___ serviceAccount:service-644941739395@gcp-sa-pubsub.iam.gserviceaccount.com
2024-11-27 07:49:08,292 INFO     ___FILE_ONLY___ 

2024-11-27 07:49:08,292 INFO     ___FILE_ONLY___   
2024-11-27 07:49:08,292 INFO     ___FILE_ONLY___ role
2024-11-27 07:49:08,293 INFO     ___FILE_ONLY___ :
2024-11-27 07:49:08,293 INFO     ___FILE_ONLY___  
2024-11-27 07:49:08,293 INFO     ___FILE_ONLY___ roles/pubsub.serviceAgent
2024-11-27 07:49:08,293 INFO     ___FILE_ONLY___ 

2024-11-27 07:49:08,293 INFO     ___FILE_ONLY___ -
2024-11-27 07:49:08,293 INFO     ___FILE_ONLY___  
2024-11-27 07:49:08,293 INFO     ___FILE_ONLY___ members
2024-11-27 07:49:08,293 INFO     ___FILE_ONLY___ :
2024-11-27 07:49:08,293 INFO     ___FILE_ONLY___ 

2024-11-27 07:49:08,293 INFO     ___FILE_ONLY___   
2024-11-27 07:49:08,293 INFO     ___FILE_ONLY___ -
2024-11-27 07:49:08,293 INFO     ___FILE_ONLY___  
2024-11-27 07:49:08,294 INFO     ___FILE_ONLY___ serviceAccount:trigger-account@inspired-photon-441609-k7.iam.gserviceaccount.com
2024-11-27 07:49:08,294 INFO     ___FILE_ONLY___ 

2024-11-27 07:49:08,294 INFO     ___FILE_ONLY___   
2024-11-27 07:49:08,294 INFO     ___FILE_ONLY___ role
2024-11-27 07:49:08,294 INFO     ___FILE_ONLY___ :
2024-11-27 07:49:08,295 INFO     ___FILE_ONLY___  
2024-11-27 07:49:08,295 INFO     ___FILE_ONLY___ roles/resourcemanager.projectIamAdmin
2024-11-27 07:49:08,295 INFO     ___FILE_ONLY___ 

2024-11-27 07:49:08,295 INFO     ___FILE_ONLY___ etag
2024-11-27 07:49:08,295 INFO     ___FILE_ONLY___ :
2024-11-27 07:49:08,295 INFO     ___FILE_ONLY___  
2024-11-27 07:49:08,295 INFO     ___FILE_ONLY___ BwYn4DNeLZI=
2024-11-27 07:49:08,295 INFO     ___FILE_ONLY___ 

2024-11-27 07:49:08,295 INFO     ___FILE_ONLY___ version
2024-11-27 07:49:08,295 INFO     ___FILE_ONLY___ :
2024-11-27 07:49:08,296 INFO     ___FILE_ONLY___  
2024-11-27 07:49:08,296 INFO     ___FILE_ONLY___ 1
2024-11-27 07:49:08,296 INFO     ___FILE_ONLY___ 

2024-11-27 07:49:08,296 DEBUG    root            SDK update checks are disabled.
