2024-11-27 07:48:59,574 DEBUG    root            Loaded Command Group: ['gcloud', 'iam']
2024-11-27 07:48:59,579 DEBUG    root            Loaded Command Group: ['gcloud', 'iam', 'roles']
2024-11-27 07:48:59,613 DEBUG    root            Loaded Command Group: ['gcloud', 'iam', 'roles', 'create']
2024-11-27 07:48:59,617 DEBUG    root            Running [gcloud.iam.roles.create] with arguments: [--permissions: "storage.objects.get,storage.objects.create,storage.buckets.create,pubsub.topics.create,pubsub.topics.publish,cloudfunctions.functions.create,cloudfunctions.functions.invoke,cloudfunctions.functions.get,cloudfunctions.functions.generateUploadUrl,cloudfunctions.functions.call,serviceusage.services.enable", --project: "inspired-photon-441609-k7", --title: "Custom role for needed services_14", ROLE_ID: "main_custom_role_14"]
2024-11-27 07:48:59,799 DEBUG    urllib3.connectionpool Starting new HTTPS connection (1): iam.googleapis.com:443
2024-11-27 07:49:00,361 DEBUG    urllib3.connectionpool https://iam.googleapis.com:443 "POST /v1/permissions:queryTestablePermissions?alt=json HTTP/1.1" 200 None
2024-11-27 07:49:00,440 DEBUG    urllib3.connectionpool Starting new HTTPS connection (1): iam.googleapis.com:443
2024-11-27 07:49:00,851 DEBUG    urllib3.connectionpool https://iam.googleapis.com:443 "POST /v1/permissions:queryTestablePermissions?alt=json HTTP/1.1" 200 None
2024-11-27 07:49:00,937 DEBUG    urllib3.connectionpool Starting new HTTPS connection (1): iam.googleapis.com:443
2024-11-27 07:49:01,374 DEBUG    urllib3.connectionpool https://iam.googleapis.com:443 "POST /v1/permissions:queryTestablePermissions?alt=json HTTP/1.1" 200 None
2024-11-27 07:49:01,457 DEBUG    urllib3.connectionpool Starting new HTTPS connection (1): iam.googleapis.com:443
2024-11-27 07:49:02,043 DEBUG    urllib3.connectionpool https://iam.googleapis.com:443 "POST /v1/permissions:queryTestablePermissions?alt=json HTTP/1.1" 200 None
2024-11-27 07:49:02,112 DEBUG    urllib3.connectionpool Starting new HTTPS connection (1): iam.googleapis.com:443
2024-11-27 07:49:02,524 DEBUG    urllib3.connectionpool https://iam.googleapis.com:443 "POST /v1/permissions:queryTestablePermissions?alt=json HTTP/1.1" 200 None
2024-11-27 07:49:02,598 DEBUG    urllib3.connectionpool Starting new HTTPS connection (1): iam.googleapis.com:443
2024-11-27 07:49:02,975 DEBUG    urllib3.connectionpool https://iam.googleapis.com:443 "POST /v1/permissions:queryTestablePermissions?alt=json HTTP/1.1" 200 None
2024-11-27 07:49:03,072 DEBUG    urllib3.connectionpool Starting new HTTPS connection (1): iam.googleapis.com:443
2024-11-27 07:49:03,436 DEBUG    urllib3.connectionpool https://iam.googleapis.com:443 "POST /v1/permissions:queryTestablePermissions?alt=json HTTP/1.1" 200 None
2024-11-27 07:49:03,528 DEBUG    urllib3.connectionpool Starting new HTTPS connection (1): iam.googleapis.com:443
2024-11-27 07:49:03,993 DEBUG    urllib3.connectionpool https://iam.googleapis.com:443 "POST /v1/permissions:queryTestablePermissions?alt=json HTTP/1.1" 200 None
2024-11-27 07:49:04,074 DEBUG    urllib3.connectionpool Starting new HTTPS connection (1): iam.googleapis.com:443
2024-11-27 07:49:04,558 DEBUG    urllib3.connectionpool https://iam.googleapis.com:443 "POST /v1/permissions:queryTestablePermissions?alt=json HTTP/1.1" 200 None
2024-11-27 07:49:04,652 DEBUG    urllib3.connectionpool Starting new HTTPS connection (1): iam.googleapis.com:443
2024-11-27 07:49:04,997 DEBUG    urllib3.connectionpool https://iam.googleapis.com:443 "POST /v1/permissions:queryTestablePermissions?alt=json HTTP/1.1" 200 None
2024-11-27 07:49:05,077 DEBUG    urllib3.connectionpool Starting new HTTPS connection (1): iam.googleapis.com:443
2024-11-27 07:49:05,545 DEBUG    urllib3.connectionpool https://iam.googleapis.com:443 "POST /v1/permissions:queryTestablePermissions?alt=json HTTP/1.1" 200 None
2024-11-27 07:49:05,562 DEBUG    urllib3.connectionpool Starting new HTTPS connection (1): iam.googleapis.com:443
2024-11-27 07:49:05,891 DEBUG    urllib3.connectionpool https://iam.googleapis.com:443 "POST /v1/projects/inspired-photon-441609-k7/roles?alt=json HTTP/1.1" 200 None
2024-11-27 07:49:05,895 INFO     ___FILE_ONLY___ Created role [main_custom_role_14].

2024-11-27 07:49:05,897 DEBUG    root            Chosen display Format:default
2024-11-27 07:49:05,898 INFO     root            Display format: "default"
2024-11-27 07:49:06,045 INFO     ___FILE_ONLY___ etag
2024-11-27 07:49:06,045 INFO     ___FILE_ONLY___ :
2024-11-27 07:49:06,046 INFO     ___FILE_ONLY___  
2024-11-27 07:49:06,046 INFO     ___FILE_ONLY___ BwYn4DM6F4A=
2024-11-27 07:49:06,046 INFO     ___FILE_ONLY___ 

2024-11-27 07:49:06,046 INFO     ___FILE_ONLY___ includedPermissions
2024-11-27 07:49:06,046 INFO     ___FILE_ONLY___ :
2024-11-27 07:49:06,047 INFO     ___FILE_ONLY___ 

2024-11-27 07:49:06,047 INFO     ___FILE_ONLY___ -
2024-11-27 07:49:06,047 INFO     ___FILE_ONLY___  
2024-11-27 07:49:06,047 INFO     ___FILE_ONLY___ cloudfunctions.functions.call
2024-11-27 07:49:06,047 INFO     ___FILE_ONLY___ 

2024-11-27 07:49:06,047 INFO     ___FILE_ONLY___ -
2024-11-27 07:49:06,048 INFO     ___FILE_ONLY___  
2024-11-27 07:49:06,048 INFO     ___FILE_ONLY___ cloudfunctions.functions.create
2024-11-27 07:49:06,048 INFO     ___FILE_ONLY___ 

2024-11-27 07:49:06,048 INFO     ___FILE_ONLY___ -
2024-11-27 07:49:06,048 INFO     ___FILE_ONLY___  
2024-11-27 07:49:06,048 INFO     ___FILE_ONLY___ cloudfunctions.functions.generateUploadUrl
2024-11-27 07:49:06,048 INFO     ___FILE_ONLY___ 

2024-11-27 07:49:06,048 INFO     ___FILE_ONLY___ -
2024-11-27 07:49:06,048 INFO     ___FILE_ONLY___  
2024-11-27 07:49:06,048 INFO     ___FILE_ONLY___ cloudfunctions.functions.get
2024-11-27 07:49:06,049 INFO     ___FILE_ONLY___ 

2024-11-27 07:49:06,049 INFO     ___FILE_ONLY___ -
2024-11-27 07:49:06,049 INFO     ___FILE_ONLY___  
2024-11-27 07:49:06,049 INFO     ___FILE_ONLY___ cloudfunctions.functions.invoke
2024-11-27 07:49:06,049 INFO     ___FILE_ONLY___ 

2024-11-27 07:49:06,049 INFO     ___FILE_ONLY___ -
2024-11-27 07:49:06,049 INFO     ___FILE_ONLY___  
2024-11-27 07:49:06,049 INFO     ___FILE_ONLY___ pubsub.topics.create
2024-11-27 07:49:06,049 INFO     ___FILE_ONLY___ 

2024-11-27 07:49:06,049 INFO     ___FILE_ONLY___ -
2024-11-27 07:49:06,050 INFO     ___FILE_ONLY___  
2024-11-27 07:49:06,050 INFO     ___FILE_ONLY___ pubsub.topics.publish
2024-11-27 07:49:06,050 INFO     ___FILE_ONLY___ 

2024-11-27 07:49:06,050 INFO     ___FILE_ONLY___ -
2024-11-27 07:49:06,050 INFO     ___FILE_ONLY___  
2024-11-27 07:49:06,050 INFO     ___FILE_ONLY___ serviceusage.services.enable
2024-11-27 07:49:06,050 INFO     ___FILE_ONLY___ 

2024-11-27 07:49:06,050 INFO     ___FILE_ONLY___ -
2024-11-27 07:49:06,050 INFO     ___FILE_ONLY___  
2024-11-27 07:49:06,050 INFO     ___FILE_ONLY___ storage.buckets.create
2024-11-27 07:49:06,050 INFO     ___FILE_ONLY___ 

2024-11-27 07:49:06,051 INFO     ___FILE_ONLY___ -
2024-11-27 07:49:06,051 INFO     ___FILE_ONLY___  
2024-11-27 07:49:06,051 INFO     ___FILE_ONLY___ storage.objects.create
2024-11-27 07:49:06,051 INFO     ___FILE_ONLY___ 

2024-11-27 07:49:06,051 INFO     ___FILE_ONLY___ -
2024-11-27 07:49:06,051 INFO     ___FILE_ONLY___  
2024-11-27 07:49:06,051 INFO     ___FILE_ONLY___ storage.objects.get
2024-11-27 07:49:06,051 INFO     ___FILE_ONLY___ 

2024-11-27 07:49:06,052 INFO     ___FILE_ONLY___ name
2024-11-27 07:49:06,052 INFO     ___FILE_ONLY___ :
2024-11-27 07:49:06,052 INFO     ___FILE_ONLY___  
2024-11-27 07:49:06,052 INFO     ___FILE_ONLY___ projects/inspired-photon-441609-k7/roles/main_custom_role_14
2024-11-27 07:49:06,052 INFO     ___FILE_ONLY___ 

2024-11-27 07:49:06,052 INFO     ___FILE_ONLY___ stage
2024-11-27 07:49:06,052 INFO     ___FILE_ONLY___ :
2024-11-27 07:49:06,052 INFO     ___FILE_ONLY___  
2024-11-27 07:49:06,052 INFO     ___FILE_ONLY___ ALPHA
2024-11-27 07:49:06,053 INFO     ___FILE_ONLY___ 

2024-11-27 07:49:06,053 INFO     ___FILE_ONLY___ title
2024-11-27 07:49:06,053 INFO     ___FILE_ONLY___ :
2024-11-27 07:49:06,053 INFO     ___FILE_ONLY___  
2024-11-27 07:49:06,053 INFO     ___FILE_ONLY___ Custom
2024-11-27 07:49:06,053 INFO     ___FILE_ONLY___  
2024-11-27 07:49:06,053 INFO     ___FILE_ONLY___ role
2024-11-27 07:49:06,053 INFO     ___FILE_ONLY___  
2024-11-27 07:49:06,053 INFO     ___FILE_ONLY___ for
2024-11-27 07:49:06,053 INFO     ___FILE_ONLY___  
2024-11-27 07:49:06,053 INFO     ___FILE_ONLY___ needed
2024-11-27 07:49:06,053 INFO     ___FILE_ONLY___  
2024-11-27 07:49:06,053 INFO     ___FILE_ONLY___ services_14
2024-11-27 07:49:06,054 INFO     ___FILE_ONLY___ 

2024-11-27 07:49:06,054 DEBUG    root            SDK update checks are disabled.
