2024-11-27 08:02:19,388 DEBUG    root            Loaded Command Group: ['gcloud', 'iam']
2024-11-27 08:02:19,390 DEBUG    root            Loaded Command Group: ['gcloud', 'iam', 'roles']
2024-11-27 08:02:19,414 DEBUG    root            Loaded Command Group: ['gcloud', 'iam', 'roles', 'create']
2024-11-27 08:02:19,417 DEBUG    root            Running [gcloud.iam.roles.create] with arguments: [--permissions: "storage.objects.get,storage.objects.create,storage.buckets.create,pubsub.topics.create,pubsub.topics.publish,cloudfunctions.functions.create,cloudfunctions.functions.invoke,cloudfunctions.functions.get,cloudfunctions.functions.generateUploadUrl,cloudfunctions.functions.call,cloudfunctions.functions.update,cloudfunctions.functions.list,cloudfunctions.operations.get,serviceusage.services.enable", --project: "inspired-photon-441609-k7", --title: "Custom role for needed services_15", ROLE_ID: "main_custom_role_15"]
2024-11-27 08:02:19,584 DEBUG    urllib3.connectionpool Starting new HTTPS connection (1): iam.googleapis.com:443
2024-11-27 08:02:20,116 DEBUG    urllib3.connectionpool https://iam.googleapis.com:443 "POST /v1/permissions:queryTestablePermissions?alt=json HTTP/1.1" 200 None
2024-11-27 08:02:20,199 DEBUG    urllib3.connectionpool Starting new HTTPS connection (1): iam.googleapis.com:443
2024-11-27 08:02:20,536 DEBUG    urllib3.connectionpool https://iam.googleapis.com:443 "POST /v1/permissions:queryTestablePermissions?alt=json HTTP/1.1" 200 None
2024-11-27 08:02:20,608 DEBUG    urllib3.connectionpool Starting new HTTPS connection (1): iam.googleapis.com:443
2024-11-27 08:02:21,104 DEBUG    urllib3.connectionpool https://iam.googleapis.com:443 "POST /v1/permissions:queryTestablePermissions?alt=json HTTP/1.1" 200 None
2024-11-27 08:02:21,178 DEBUG    urllib3.connectionpool Starting new HTTPS connection (1): iam.googleapis.com:443
2024-11-27 08:02:21,670 DEBUG    urllib3.connectionpool https://iam.googleapis.com:443 "POST /v1/permissions:queryTestablePermissions?alt=json HTTP/1.1" 200 None
2024-11-27 08:02:21,734 DEBUG    urllib3.connectionpool Starting new HTTPS connection (1): iam.googleapis.com:443
2024-11-27 08:02:22,180 DEBUG    urllib3.connectionpool https://iam.googleapis.com:443 "POST /v1/permissions:queryTestablePermissions?alt=json HTTP/1.1" 200 None
2024-11-27 08:02:22,251 DEBUG    urllib3.connectionpool Starting new HTTPS connection (1): iam.googleapis.com:443
2024-11-27 08:02:22,694 DEBUG    urllib3.connectionpool https://iam.googleapis.com:443 "POST /v1/permissions:queryTestablePermissions?alt=json HTTP/1.1" 200 None
2024-11-27 08:02:22,768 DEBUG    urllib3.connectionpool Starting new HTTPS connection (1): iam.googleapis.com:443
2024-11-27 08:02:23,038 DEBUG    urllib3.connectionpool https://iam.googleapis.com:443 "POST /v1/permissions:queryTestablePermissions?alt=json HTTP/1.1" 200 None
2024-11-27 08:02:23,114 DEBUG    urllib3.connectionpool Starting new HTTPS connection (1): iam.googleapis.com:443
2024-11-27 08:02:23,549 DEBUG    urllib3.connectionpool https://iam.googleapis.com:443 "POST /v1/permissions:queryTestablePermissions?alt=json HTTP/1.1" 200 None
2024-11-27 08:02:23,627 DEBUG    urllib3.connectionpool Starting new HTTPS connection (1): iam.googleapis.com:443
2024-11-27 08:02:23,980 DEBUG    urllib3.connectionpool https://iam.googleapis.com:443 "POST /v1/permissions:queryTestablePermissions?alt=json HTTP/1.1" 200 None
2024-11-27 08:02:24,061 DEBUG    urllib3.connectionpool Starting new HTTPS connection (1): iam.googleapis.com:443
2024-11-27 08:02:24,540 DEBUG    urllib3.connectionpool https://iam.googleapis.com:443 "POST /v1/permissions:queryTestablePermissions?alt=json HTTP/1.1" 200 None
2024-11-27 08:02:24,620 DEBUG    urllib3.connectionpool Starting new HTTPS connection (1): iam.googleapis.com:443
2024-11-27 08:02:24,978 DEBUG    urllib3.connectionpool https://iam.googleapis.com:443 "POST /v1/permissions:queryTestablePermissions?alt=json HTTP/1.1" 200 None
2024-11-27 08:02:25,003 DEBUG    urllib3.connectionpool Starting new HTTPS connection (1): iam.googleapis.com:443
2024-11-27 08:02:25,393 DEBUG    urllib3.connectionpool https://iam.googleapis.com:443 "POST /v1/projects/inspired-photon-441609-k7/roles?alt=json HTTP/1.1" 200 None
2024-11-27 08:02:25,398 INFO     ___FILE_ONLY___ Created role [main_custom_role_15].

2024-11-27 08:02:25,401 DEBUG    root            Chosen display Format:default
2024-11-27 08:02:25,403 INFO     root            Display format: "default"
2024-11-27 08:02:25,512 INFO     ___FILE_ONLY___ etag
2024-11-27 08:02:25,512 INFO     ___FILE_ONLY___ :
2024-11-27 08:02:25,513 INFO     ___FILE_ONLY___  
2024-11-27 08:02:25,513 INFO     ___FILE_ONLY___ BwYn4GLhq6A=
2024-11-27 08:02:25,513 INFO     ___FILE_ONLY___ 

2024-11-27 08:02:25,513 INFO     ___FILE_ONLY___ includedPermissions
2024-11-27 08:02:25,513 INFO     ___FILE_ONLY___ :
2024-11-27 08:02:25,513 INFO     ___FILE_ONLY___ 

2024-11-27 08:02:25,513 INFO     ___FILE_ONLY___ -
2024-11-27 08:02:25,514 INFO     ___FILE_ONLY___  
2024-11-27 08:02:25,514 INFO     ___FILE_ONLY___ cloudfunctions.functions.call
2024-11-27 08:02:25,514 INFO     ___FILE_ONLY___ 

2024-11-27 08:02:25,514 INFO     ___FILE_ONLY___ -
2024-11-27 08:02:25,514 INFO     ___FILE_ONLY___  
2024-11-27 08:02:25,514 INFO     ___FILE_ONLY___ cloudfunctions.functions.create
2024-11-27 08:02:25,514 INFO     ___FILE_ONLY___ 

2024-11-27 08:02:25,514 INFO     ___FILE_ONLY___ -
2024-11-27 08:02:25,514 INFO     ___FILE_ONLY___  
2024-11-27 08:02:25,515 INFO     ___FILE_ONLY___ cloudfunctions.functions.generateUploadUrl
2024-11-27 08:02:25,515 INFO     ___FILE_ONLY___ 

2024-11-27 08:02:25,515 INFO     ___FILE_ONLY___ -
2024-11-27 08:02:25,515 INFO     ___FILE_ONLY___  
2024-11-27 08:02:25,515 INFO     ___FILE_ONLY___ cloudfunctions.functions.get
2024-11-27 08:02:25,515 INFO     ___FILE_ONLY___ 

2024-11-27 08:02:25,515 INFO     ___FILE_ONLY___ -
2024-11-27 08:02:25,515 INFO     ___FILE_ONLY___  
2024-11-27 08:02:25,515 INFO     ___FILE_ONLY___ cloudfunctions.functions.invoke
2024-11-27 08:02:25,515 INFO     ___FILE_ONLY___ 

2024-11-27 08:02:25,516 INFO     ___FILE_ONLY___ -
2024-11-27 08:02:25,516 INFO     ___FILE_ONLY___  
2024-11-27 08:02:25,516 INFO     ___FILE_ONLY___ cloudfunctions.functions.list
2024-11-27 08:02:25,516 INFO     ___FILE_ONLY___ 

2024-11-27 08:02:25,516 INFO     ___FILE_ONLY___ -
2024-11-27 08:02:25,516 INFO     ___FILE_ONLY___  
2024-11-27 08:02:25,516 INFO     ___FILE_ONLY___ cloudfunctions.functions.update
2024-11-27 08:02:25,516 INFO     ___FILE_ONLY___ 

2024-11-27 08:02:25,517 INFO     ___FILE_ONLY___ -
2024-11-27 08:02:25,517 INFO     ___FILE_ONLY___  
2024-11-27 08:02:25,517 INFO     ___FILE_ONLY___ cloudfunctions.operations.get
2024-11-27 08:02:25,517 INFO     ___FILE_ONLY___ 

2024-11-27 08:02:25,517 INFO     ___FILE_ONLY___ -
2024-11-27 08:02:25,517 INFO     ___FILE_ONLY___  
2024-11-27 08:02:25,518 INFO     ___FILE_ONLY___ pubsub.topics.create
2024-11-27 08:02:25,518 INFO     ___FILE_ONLY___ 

2024-11-27 08:02:25,519 INFO     ___FILE_ONLY___ -
2024-11-27 08:02:25,519 INFO     ___FILE_ONLY___  
2024-11-27 08:02:25,520 INFO     ___FILE_ONLY___ pubsub.topics.publish
2024-11-27 08:02:25,520 INFO     ___FILE_ONLY___ 

2024-11-27 08:02:25,520 INFO     ___FILE_ONLY___ -
2024-11-27 08:02:25,520 INFO     ___FILE_ONLY___  
2024-11-27 08:02:25,520 INFO     ___FILE_ONLY___ serviceusage.services.enable
2024-11-27 08:02:25,520 INFO     ___FILE_ONLY___ 

2024-11-27 08:02:25,521 INFO     ___FILE_ONLY___ -
2024-11-27 08:02:25,521 INFO     ___FILE_ONLY___  
2024-11-27 08:02:25,521 INFO     ___FILE_ONLY___ storage.buckets.create
2024-11-27 08:02:25,521 INFO     ___FILE_ONLY___ 

2024-11-27 08:02:25,521 INFO     ___FILE_ONLY___ -
2024-11-27 08:02:25,522 INFO     ___FILE_ONLY___  
2024-11-27 08:02:25,522 INFO     ___FILE_ONLY___ storage.objects.create
2024-11-27 08:02:25,522 INFO     ___FILE_ONLY___ 

2024-11-27 08:02:25,522 INFO     ___FILE_ONLY___ -
2024-11-27 08:02:25,522 INFO     ___FILE_ONLY___  
2024-11-27 08:02:25,522 INFO     ___FILE_ONLY___ storage.objects.get
2024-11-27 08:02:25,523 INFO     ___FILE_ONLY___ 

2024-11-27 08:02:25,523 INFO     ___FILE_ONLY___ name
2024-11-27 08:02:25,523 INFO     ___FILE_ONLY___ :
2024-11-27 08:02:25,523 INFO     ___FILE_ONLY___  
2024-11-27 08:02:25,523 INFO     ___FILE_ONLY___ projects/inspired-photon-441609-k7/roles/main_custom_role_15
2024-11-27 08:02:25,523 INFO     ___FILE_ONLY___ 

2024-11-27 08:02:25,523 INFO     ___FILE_ONLY___ stage
2024-11-27 08:02:25,524 INFO     ___FILE_ONLY___ :
2024-11-27 08:02:25,524 INFO     ___FILE_ONLY___  
2024-11-27 08:02:25,524 INFO     ___FILE_ONLY___ ALPHA
2024-11-27 08:02:25,524 INFO     ___FILE_ONLY___ 

2024-11-27 08:02:25,525 INFO     ___FILE_ONLY___ title
2024-11-27 08:02:25,525 INFO     ___FILE_ONLY___ :
2024-11-27 08:02:25,526 INFO     ___FILE_ONLY___  
2024-11-27 08:02:25,526 INFO     ___FILE_ONLY___ Custom
2024-11-27 08:02:25,526 INFO     ___FILE_ONLY___  
2024-11-27 08:02:25,526 INFO     ___FILE_ONLY___ role
2024-11-27 08:02:25,526 INFO     ___FILE_ONLY___  
2024-11-27 08:02:25,526 INFO     ___FILE_ONLY___ for
2024-11-27 08:02:25,526 INFO     ___FILE_ONLY___  
2024-11-27 08:02:25,526 INFO     ___FILE_ONLY___ needed
2024-11-27 08:02:25,526 INFO     ___FILE_ONLY___  
2024-11-27 08:02:25,526 INFO     ___FILE_ONLY___ services_15
2024-11-27 08:02:25,527 INFO     ___FILE_ONLY___ 

2024-11-27 08:02:25,527 DEBUG    root            SDK update checks are disabled.
