2024-11-27 08:08:00,055 DEBUG    root            Loaded Command Group: ['gcloud', 'iam']
2024-11-27 08:08:00,057 DEBUG    root            Loaded Command Group: ['gcloud', 'iam', 'roles']
2024-11-27 08:08:00,080 DEBUG    root            Loaded Command Group: ['gcloud', 'iam', 'roles', 'create']
2024-11-27 08:08:00,083 DEBUG    root            Running [gcloud.iam.roles.create] with arguments: [--permissions: "storage.objects.get,storage.objects.create,storage.buckets.create,pubsub.topics.create,pubsub.topics.publish,cloudfunctions.functions.create,cloudfunctions.functions.invoke,cloudfunctions.functions.get,cloudfunctions.functions.generateUploadUrl,cloudfunctions.functions.call,cloudfunctions.functions.update,cloudfunctions.functions.list,cloudfunctions.operations.get,serviceusage.services.enable", --project: "inspired-photon-441609-k7", --title: "Custom role for needed services_16", ROLE_ID: "main_custom_role_16"]
2024-11-27 08:08:00,246 DEBUG    urllib3.connectionpool Starting new HTTPS connection (1): iam.googleapis.com:443
2024-11-27 08:08:00,820 DEBUG    urllib3.connectionpool https://iam.googleapis.com:443 "POST /v1/permissions:queryTestablePermissions?alt=json HTTP/1.1" 200 None
2024-11-27 08:08:00,901 DEBUG    urllib3.connectionpool Starting new HTTPS connection (1): iam.googleapis.com:443
2024-11-27 08:08:01,291 DEBUG    urllib3.connectionpool https://iam.googleapis.com:443 "POST /v1/permissions:queryTestablePermissions?alt=json HTTP/1.1" 200 None
2024-11-27 08:08:01,367 DEBUG    urllib3.connectionpool Starting new HTTPS connection (1): iam.googleapis.com:443
2024-11-27 08:08:01,785 DEBUG    urllib3.connectionpool https://iam.googleapis.com:443 "POST /v1/permissions:queryTestablePermissions?alt=json HTTP/1.1" 200 None
2024-11-27 08:08:01,864 DEBUG    urllib3.connectionpool Starting new HTTPS connection (1): iam.googleapis.com:443
2024-11-27 08:08:02,319 DEBUG    urllib3.connectionpool https://iam.googleapis.com:443 "POST /v1/permissions:queryTestablePermissions?alt=json HTTP/1.1" 200 None
2024-11-27 08:08:02,384 DEBUG    urllib3.connectionpool Starting new HTTPS connection (1): iam.googleapis.com:443
2024-11-27 08:08:02,725 DEBUG    urllib3.connectionpool https://iam.googleapis.com:443 "POST /v1/permissions:queryTestablePermissions?alt=json HTTP/1.1" 200 None
2024-11-27 08:08:02,795 DEBUG    urllib3.connectionpool Starting new HTTPS connection (1): iam.googleapis.com:443
2024-11-27 08:08:03,313 DEBUG    urllib3.connectionpool https://iam.googleapis.com:443 "POST /v1/permissions:queryTestablePermissions?alt=json HTTP/1.1" 200 None
2024-11-27 08:08:03,387 DEBUG    urllib3.connectionpool Starting new HTTPS connection (1): iam.googleapis.com:443
2024-11-27 08:08:03,692 DEBUG    urllib3.connectionpool https://iam.googleapis.com:443 "POST /v1/permissions:queryTestablePermissions?alt=json HTTP/1.1" 200 None
2024-11-27 08:08:03,763 DEBUG    urllib3.connectionpool Starting new HTTPS connection (1): iam.googleapis.com:443
2024-11-27 08:08:04,114 DEBUG    urllib3.connectionpool https://iam.googleapis.com:443 "POST /v1/permissions:queryTestablePermissions?alt=json HTTP/1.1" 200 None
2024-11-27 08:08:04,182 DEBUG    urllib3.connectionpool Starting new HTTPS connection (1): iam.googleapis.com:443
2024-11-27 08:08:04,636 DEBUG    urllib3.connectionpool https://iam.googleapis.com:443 "POST /v1/permissions:queryTestablePermissions?alt=json HTTP/1.1" 200 None
2024-11-27 08:08:04,713 DEBUG    urllib3.connectionpool Starting new HTTPS connection (1): iam.googleapis.com:443
2024-11-27 08:08:05,116 DEBUG    urllib3.connectionpool https://iam.googleapis.com:443 "POST /v1/permissions:queryTestablePermissions?alt=json HTTP/1.1" 200 None
2024-11-27 08:08:05,189 DEBUG    urllib3.connectionpool Starting new HTTPS connection (1): iam.googleapis.com:443
2024-11-27 08:08:05,567 DEBUG    urllib3.connectionpool https://iam.googleapis.com:443 "POST /v1/permissions:queryTestablePermissions?alt=json HTTP/1.1" 200 None
2024-11-27 08:08:05,586 DEBUG    urllib3.connectionpool Starting new HTTPS connection (1): iam.googleapis.com:443
2024-11-27 08:08:05,887 DEBUG    urllib3.connectionpool https://iam.googleapis.com:443 "POST /v1/projects/inspired-photon-441609-k7/roles?alt=json HTTP/1.1" 200 None
2024-11-27 08:08:05,891 INFO     ___FILE_ONLY___ Created role [main_custom_role_16].

2024-11-27 08:08:05,894 DEBUG    root            Chosen display Format:default
2024-11-27 08:08:05,896 INFO     root            Display format: "default"
2024-11-27 08:08:05,975 INFO     ___FILE_ONLY___ etag
2024-11-27 08:08:05,975 INFO     ___FILE_ONLY___ :
2024-11-27 08:08:05,976 INFO     ___FILE_ONLY___  
2024-11-27 08:08:05,976 INFO     ___FILE_ONLY___ BwYn4HctE3g=
2024-11-27 08:08:05,976 INFO     ___FILE_ONLY___ 

2024-11-27 08:08:05,976 INFO     ___FILE_ONLY___ includedPermissions
2024-11-27 08:08:05,976 INFO     ___FILE_ONLY___ :
2024-11-27 08:08:05,976 INFO     ___FILE_ONLY___ 

2024-11-27 08:08:05,976 INFO     ___FILE_ONLY___ -
2024-11-27 08:08:05,977 INFO     ___FILE_ONLY___  
2024-11-27 08:08:05,977 INFO     ___FILE_ONLY___ cloudfunctions.functions.call
2024-11-27 08:08:05,977 INFO     ___FILE_ONLY___ 

2024-11-27 08:08:05,977 INFO     ___FILE_ONLY___ -
2024-11-27 08:08:05,977 INFO     ___FILE_ONLY___  
2024-11-27 08:08:05,977 INFO     ___FILE_ONLY___ cloudfunctions.functions.create
2024-11-27 08:08:05,977 INFO     ___FILE_ONLY___ 

2024-11-27 08:08:05,977 INFO     ___FILE_ONLY___ -
2024-11-27 08:08:05,977 INFO     ___FILE_ONLY___  
2024-11-27 08:08:05,978 INFO     ___FILE_ONLY___ cloudfunctions.functions.generateUploadUrl
2024-11-27 08:08:05,978 INFO     ___FILE_ONLY___ 

2024-11-27 08:08:05,978 INFO     ___FILE_ONLY___ -
2024-11-27 08:08:05,978 INFO     ___FILE_ONLY___  
2024-11-27 08:08:05,978 INFO     ___FILE_ONLY___ cloudfunctions.functions.get
2024-11-27 08:08:05,978 INFO     ___FILE_ONLY___ 

2024-11-27 08:08:05,978 INFO     ___FILE_ONLY___ -
2024-11-27 08:08:05,978 INFO     ___FILE_ONLY___  
2024-11-27 08:08:05,979 INFO     ___FILE_ONLY___ cloudfunctions.functions.invoke
2024-11-27 08:08:05,979 INFO     ___FILE_ONLY___ 

2024-11-27 08:08:05,979 INFO     ___FILE_ONLY___ -
2024-11-27 08:08:05,979 INFO     ___FILE_ONLY___  
2024-11-27 08:08:05,979 INFO     ___FILE_ONLY___ cloudfunctions.functions.list
2024-11-27 08:08:05,979 INFO     ___FILE_ONLY___ 

2024-11-27 08:08:05,979 INFO     ___FILE_ONLY___ -
2024-11-27 08:08:05,979 INFO     ___FILE_ONLY___  
2024-11-27 08:08:05,980 INFO     ___FILE_ONLY___ cloudfunctions.functions.update
2024-11-27 08:08:05,980 INFO     ___FILE_ONLY___ 

2024-11-27 08:08:05,980 INFO     ___FILE_ONLY___ -
2024-11-27 08:08:05,980 INFO     ___FILE_ONLY___  
2024-11-27 08:08:05,980 INFO     ___FILE_ONLY___ cloudfunctions.operations.get
2024-11-27 08:08:05,980 INFO     ___FILE_ONLY___ 

2024-11-27 08:08:05,980 INFO     ___FILE_ONLY___ -
2024-11-27 08:08:05,981 INFO     ___FILE_ONLY___  
2024-11-27 08:08:05,981 INFO     ___FILE_ONLY___ pubsub.topics.create
2024-11-27 08:08:05,981 INFO     ___FILE_ONLY___ 

2024-11-27 08:08:05,981 INFO     ___FILE_ONLY___ -
2024-11-27 08:08:05,981 INFO     ___FILE_ONLY___  
2024-11-27 08:08:05,981 INFO     ___FILE_ONLY___ pubsub.topics.publish
2024-11-27 08:08:05,981 INFO     ___FILE_ONLY___ 

2024-11-27 08:08:05,981 INFO     ___FILE_ONLY___ -
2024-11-27 08:08:05,981 INFO     ___FILE_ONLY___  
2024-11-27 08:08:05,982 INFO     ___FILE_ONLY___ serviceusage.services.enable
2024-11-27 08:08:05,982 INFO     ___FILE_ONLY___ 

2024-11-27 08:08:05,982 INFO     ___FILE_ONLY___ -
2024-11-27 08:08:05,982 INFO     ___FILE_ONLY___  
2024-11-27 08:08:05,982 INFO     ___FILE_ONLY___ storage.buckets.create
2024-11-27 08:08:05,982 INFO     ___FILE_ONLY___ 

2024-11-27 08:08:05,982 INFO     ___FILE_ONLY___ -
2024-11-27 08:08:05,982 INFO     ___FILE_ONLY___  
2024-11-27 08:08:05,982 INFO     ___FILE_ONLY___ storage.objects.create
2024-11-27 08:08:05,982 INFO     ___FILE_ONLY___ 

2024-11-27 08:08:05,983 INFO     ___FILE_ONLY___ -
2024-11-27 08:08:05,983 INFO     ___FILE_ONLY___  
2024-11-27 08:08:05,983 INFO     ___FILE_ONLY___ storage.objects.get
2024-11-27 08:08:05,983 INFO     ___FILE_ONLY___ 

2024-11-27 08:08:05,983 INFO     ___FILE_ONLY___ name
2024-11-27 08:08:05,983 INFO     ___FILE_ONLY___ :
2024-11-27 08:08:05,984 INFO     ___FILE_ONLY___  
2024-11-27 08:08:05,984 INFO     ___FILE_ONLY___ projects/inspired-photon-441609-k7/roles/main_custom_role_16
2024-11-27 08:08:05,984 INFO     ___FILE_ONLY___ 

2024-11-27 08:08:05,984 INFO     ___FILE_ONLY___ stage
2024-11-27 08:08:05,984 INFO     ___FILE_ONLY___ :
2024-11-27 08:08:05,984 INFO     ___FILE_ONLY___  
2024-11-27 08:08:05,984 INFO     ___FILE_ONLY___ ALPHA
2024-11-27 08:08:05,984 INFO     ___FILE_ONLY___ 

2024-11-27 08:08:05,985 INFO     ___FILE_ONLY___ title
2024-11-27 08:08:05,985 INFO     ___FILE_ONLY___ :
2024-11-27 08:08:05,985 INFO     ___FILE_ONLY___  
2024-11-27 08:08:05,985 INFO     ___FILE_ONLY___ Custom
2024-11-27 08:08:05,985 INFO     ___FILE_ONLY___  
2024-11-27 08:08:05,985 INFO     ___FILE_ONLY___ role
2024-11-27 08:08:05,985 INFO     ___FILE_ONLY___  
2024-11-27 08:08:05,985 INFO     ___FILE_ONLY___ for
2024-11-27 08:08:05,985 INFO     ___FILE_ONLY___  
2024-11-27 08:08:05,985 INFO     ___FILE_ONLY___ needed
2024-11-27 08:08:05,985 INFO     ___FILE_ONLY___  
2024-11-27 08:08:05,985 INFO     ___FILE_ONLY___ services_16
2024-11-27 08:08:05,985 INFO     ___FILE_ONLY___ 

2024-11-27 08:08:05,986 DEBUG    root            SDK update checks are disabled.
