2024-11-27 08:02:26,676 DEBUG    root            Loaded Command Group: ['gcloud', 'projects']
2024-11-27 08:02:26,742 DEBUG    root            Loaded Command Group: ['gcloud', 'projects', 'add_iam_policy_binding']
2024-11-27 08:02:26,759 DEBUG    root            Running [gcloud.projects.add-iam-policy-binding] with arguments: [--member: "serviceAccount:trigger-account@inspired-photon-441609-k7.iam.gserviceaccount.com", --role: "projects/inspired-photon-441609-k7/roles/main_custom_role_15", PROJECT_ID: "inspired-photon-441609-k7"]
2024-11-27 08:02:26,931 DEBUG    urllib3.connectionpool Starting new HTTPS connection (1): cloudresourcemanager.googleapis.com:443
2024-11-27 08:02:27,119 DEBUG    urllib3.connectionpool https://cloudresourcemanager.googleapis.com:443 "POST /v1/projects/inspired-photon-441609-k7:getIamPolicy?alt=json HTTP/1.1" 200 None
2024-11-27 08:02:27,308 DEBUG    urllib3.connectionpool Starting new HTTPS connection (1): cloudresourcemanager.googleapis.com:443
2024-11-27 08:02:27,925 DEBUG    urllib3.connectionpool https://cloudresourcemanager.googleapis.com:443 "POST /v1/projects/inspired-photon-441609-k7:setIamPolicy?alt=json HTTP/1.1" 200 None
2024-11-27 08:02:27,929 INFO     ___FILE_ONLY___ Updated IAM policy for project [inspired-photon-441609-k7].

2024-11-27 08:02:27,930 DEBUG    root            Chosen display Format:default
2024-11-27 08:02:27,931 INFO     root            Display format: "default"
2024-11-27 08:02:27,973 INFO     ___FILE_ONLY___ bindings
2024-11-27 08:02:27,974 INFO     ___FILE_ONLY___ :
2024-11-27 08:02:27,974 INFO     ___FILE_ONLY___ 

2024-11-27 08:02:27,974 INFO     ___FILE_ONLY___ -
2024-11-27 08:02:27,974 INFO     ___FILE_ONLY___  
2024-11-27 08:02:27,974 INFO     ___FILE_ONLY___ members
2024-11-27 08:02:27,974 INFO     ___FILE_ONLY___ :
2024-11-27 08:02:27,974 INFO     ___FILE_ONLY___ 

2024-11-27 08:02:27,974 INFO     ___FILE_ONLY___   
2024-11-27 08:02:27,975 INFO     ___FILE_ONLY___ -
2024-11-27 08:02:27,975 INFO     ___FILE_ONLY___  
2024-11-27 08:02:27,975 INFO     ___FILE_ONLY___ serviceAccount:trigger-account@inspired-photon-441609-k7.iam.gserviceaccount.com
2024-11-27 08:02:27,975 INFO     ___FILE_ONLY___ 

2024-11-27 08:02:27,975 INFO     ___FILE_ONLY___   
2024-11-27 08:02:27,975 INFO     ___FILE_ONLY___ role
2024-11-27 08:02:27,975 INFO     ___FILE_ONLY___ :
2024-11-27 08:02:27,975 INFO     ___FILE_ONLY___  
2024-11-27 08:02:27,976 INFO     ___FILE_ONLY___ projects/inspired-photon-441609-k7/roles/main_custom_role_15
2024-11-27 08:02:27,976 INFO     ___FILE_ONLY___ 

2024-11-27 08:02:27,976 INFO     ___FILE_ONLY___ -
2024-11-27 08:02:27,976 INFO     ___FILE_ONLY___  
2024-11-27 08:02:27,976 INFO     ___FILE_ONLY___ members
2024-11-27 08:02:27,976 INFO     ___FILE_ONLY___ :
2024-11-27 08:02:27,976 INFO     ___FILE_ONLY___ 

2024-11-27 08:02:27,976 INFO     ___FILE_ONLY___   
2024-11-27 08:02:27,982 INFO     ___FILE_ONLY___ -
2024-11-27 08:02:27,982 INFO     ___FILE_ONLY___  
2024-11-27 08:02:27,982 INFO     ___FILE_ONLY___ serviceAccount:644941739395@cloudbuild.gserviceaccount.com
2024-11-27 08:02:27,982 INFO     ___FILE_ONLY___ 

2024-11-27 08:02:27,982 INFO     ___FILE_ONLY___   
2024-11-27 08:02:27,983 INFO     ___FILE_ONLY___ role
2024-11-27 08:02:27,983 INFO     ___FILE_ONLY___ :
2024-11-27 08:02:27,983 INFO     ___FILE_ONLY___  
2024-11-27 08:02:27,983 INFO     ___FILE_ONLY___ roles/cloudbuild.builds.builder
2024-11-27 08:02:27,983 INFO     ___FILE_ONLY___ 

2024-11-27 08:02:27,983 INFO     ___FILE_ONLY___ -
2024-11-27 08:02:27,983 INFO     ___FILE_ONLY___  
2024-11-27 08:02:27,983 INFO     ___FILE_ONLY___ members
2024-11-27 08:02:27,983 INFO     ___FILE_ONLY___ :
2024-11-27 08:02:27,983 INFO     ___FILE_ONLY___ 

2024-11-27 08:02:27,984 INFO     ___FILE_ONLY___   
2024-11-27 08:02:27,984 INFO     ___FILE_ONLY___ -
2024-11-27 08:02:27,984 INFO     ___FILE_ONLY___  
2024-11-27 08:02:27,984 INFO     ___FILE_ONLY___ serviceAccount:service-644941739395@gcp-sa-cloudbuild.iam.gserviceaccount.com
2024-11-27 08:02:27,984 INFO     ___FILE_ONLY___ 

2024-11-27 08:02:27,984 INFO     ___FILE_ONLY___   
2024-11-27 08:02:27,984 INFO     ___FILE_ONLY___ role
2024-11-27 08:02:27,984 INFO     ___FILE_ONLY___ :
2024-11-27 08:02:27,984 INFO     ___FILE_ONLY___  
2024-11-27 08:02:27,985 INFO     ___FILE_ONLY___ roles/cloudbuild.serviceAgent
2024-11-27 08:02:27,985 INFO     ___FILE_ONLY___ 

2024-11-27 08:02:27,985 INFO     ___FILE_ONLY___ -
2024-11-27 08:02:27,985 INFO     ___FILE_ONLY___  
2024-11-27 08:02:27,985 INFO     ___FILE_ONLY___ members
2024-11-27 08:02:27,985 INFO     ___FILE_ONLY___ :
2024-11-27 08:02:27,985 INFO     ___FILE_ONLY___ 

2024-11-27 08:02:27,985 INFO     ___FILE_ONLY___   
2024-11-27 08:02:27,986 INFO     ___FILE_ONLY___ -
2024-11-27 08:02:27,986 INFO     ___FILE_ONLY___  
2024-11-27 08:02:27,986 INFO     ___FILE_ONLY___ serviceAccount:service-644941739395@gcf-admin-robot.iam.gserviceaccount.com
2024-11-27 08:02:27,986 INFO     ___FILE_ONLY___ 

2024-11-27 08:02:27,986 INFO     ___FILE_ONLY___   
2024-11-27 08:02:27,986 INFO     ___FILE_ONLY___ role
2024-11-27 08:02:27,988 INFO     ___FILE_ONLY___ :
2024-11-27 08:02:27,988 INFO     ___FILE_ONLY___  
2024-11-27 08:02:27,988 INFO     ___FILE_ONLY___ roles/cloudfunctions.serviceAgent
2024-11-27 08:02:27,989 INFO     ___FILE_ONLY___ 

2024-11-27 08:02:27,989 INFO     ___FILE_ONLY___ -
2024-11-27 08:02:27,989 INFO     ___FILE_ONLY___  
2024-11-27 08:02:27,989 INFO     ___FILE_ONLY___ members
2024-11-27 08:02:27,989 INFO     ___FILE_ONLY___ :
2024-11-27 08:02:27,989 INFO     ___FILE_ONLY___ 

2024-11-27 08:02:27,989 INFO     ___FILE_ONLY___   
2024-11-27 08:02:27,989 INFO     ___FILE_ONLY___ -
2024-11-27 08:02:27,989 INFO     ___FILE_ONLY___  
2024-11-27 08:02:27,989 INFO     ___FILE_ONLY___ serviceAccount:vm-creater-account@inspired-photon-441609-k7.iam.gserviceaccount.com
2024-11-27 08:02:27,990 INFO     ___FILE_ONLY___ 

2024-11-27 08:02:27,990 INFO     ___FILE_ONLY___   
2024-11-27 08:02:27,990 INFO     ___FILE_ONLY___ role
2024-11-27 08:02:27,990 INFO     ___FILE_ONLY___ :
2024-11-27 08:02:27,990 INFO     ___FILE_ONLY___  
2024-11-27 08:02:27,990 INFO     ___FILE_ONLY___ roles/compute.instanceAdmin.v1
2024-11-27 08:02:27,990 INFO     ___FILE_ONLY___ 

2024-11-27 08:02:27,991 INFO     ___FILE_ONLY___ -
2024-11-27 08:02:27,991 INFO     ___FILE_ONLY___  
2024-11-27 08:02:27,991 INFO     ___FILE_ONLY___ members
2024-11-27 08:02:27,991 INFO     ___FILE_ONLY___ :
2024-11-27 08:02:27,991 INFO     ___FILE_ONLY___ 

2024-11-27 08:02:27,991 INFO     ___FILE_ONLY___   
2024-11-27 08:02:27,994 INFO     ___FILE_ONLY___ -
2024-11-27 08:02:27,995 INFO     ___FILE_ONLY___  
2024-11-27 08:02:27,995 INFO     ___FILE_ONLY___ serviceAccount:vm-creater-account@inspired-photon-441609-k7.iam.gserviceaccount.com
2024-11-27 08:02:27,995 INFO     ___FILE_ONLY___ 

2024-11-27 08:02:27,996 INFO     ___FILE_ONLY___   
2024-11-27 08:02:27,997 INFO     ___FILE_ONLY___ role
2024-11-27 08:02:27,997 INFO     ___FILE_ONLY___ :
2024-11-27 08:02:27,997 INFO     ___FILE_ONLY___  
2024-11-27 08:02:27,997 INFO     ___FILE_ONLY___ roles/compute.networkUser
2024-11-27 08:02:27,998 INFO     ___FILE_ONLY___ 

2024-11-27 08:02:27,998 INFO     ___FILE_ONLY___ -
2024-11-27 08:02:27,998 INFO     ___FILE_ONLY___  
2024-11-27 08:02:27,998 INFO     ___FILE_ONLY___ members
2024-11-27 08:02:27,998 INFO     ___FILE_ONLY___ :
2024-11-27 08:02:27,998 INFO     ___FILE_ONLY___ 

2024-11-27 08:02:27,998 INFO     ___FILE_ONLY___   
2024-11-27 08:02:27,999 INFO     ___FILE_ONLY___ -
2024-11-27 08:02:28,000 INFO     ___FILE_ONLY___  
2024-11-27 08:02:28,000 INFO     ___FILE_ONLY___ serviceAccount:service-644941739395@compute-system.iam.gserviceaccount.com
2024-11-27 08:02:28,000 INFO     ___FILE_ONLY___ 

2024-11-27 08:02:28,000 INFO     ___FILE_ONLY___   
2024-11-27 08:02:28,001 INFO     ___FILE_ONLY___ role
2024-11-27 08:02:28,001 INFO     ___FILE_ONLY___ :
2024-11-27 08:02:28,001 INFO     ___FILE_ONLY___  
2024-11-27 08:02:28,001 INFO     ___FILE_ONLY___ roles/compute.serviceAgent
2024-11-27 08:02:28,001 INFO     ___FILE_ONLY___ 

2024-11-27 08:02:28,001 INFO     ___FILE_ONLY___ -
2024-11-27 08:02:28,001 INFO     ___FILE_ONLY___  
2024-11-27 08:02:28,003 INFO     ___FILE_ONLY___ members
2024-11-27 08:02:28,003 INFO     ___FILE_ONLY___ :
2024-11-27 08:02:28,003 INFO     ___FILE_ONLY___ 

2024-11-27 08:02:28,003 INFO     ___FILE_ONLY___   
2024-11-27 08:02:28,003 INFO     ___FILE_ONLY___ -
2024-11-27 08:02:28,003 INFO     ___FILE_ONLY___  
2024-11-27 08:02:28,003 INFO     ___FILE_ONLY___ serviceAccount:service-644941739395@containerregistry.iam.gserviceaccount.com
2024-11-27 08:02:28,003 INFO     ___FILE_ONLY___ 

2024-11-27 08:02:28,004 INFO     ___FILE_ONLY___   
2024-11-27 08:02:28,004 INFO     ___FILE_ONLY___ role
2024-11-27 08:02:28,004 INFO     ___FILE_ONLY___ :
2024-11-27 08:02:28,004 INFO     ___FILE_ONLY___  
2024-11-27 08:02:28,004 INFO     ___FILE_ONLY___ roles/containerregistry.ServiceAgent
2024-11-27 08:02:28,004 INFO     ___FILE_ONLY___ 

2024-11-27 08:02:28,004 INFO     ___FILE_ONLY___ -
2024-11-27 08:02:28,004 INFO     ___FILE_ONLY___  
2024-11-27 08:02:28,004 INFO     ___FILE_ONLY___ members
2024-11-27 08:02:28,004 INFO     ___FILE_ONLY___ :
2024-11-27 08:02:28,004 INFO     ___FILE_ONLY___ 

2024-11-27 08:02:28,005 INFO     ___FILE_ONLY___   
2024-11-27 08:02:28,005 INFO     ___FILE_ONLY___ -
2024-11-27 08:02:28,005 INFO     ___FILE_ONLY___  
2024-11-27 08:02:28,005 INFO     ___FILE_ONLY___ serviceAccount:644941739395-compute@developer.gserviceaccount.com
2024-11-27 08:02:28,005 INFO     ___FILE_ONLY___ 

2024-11-27 08:02:28,005 INFO     ___FILE_ONLY___   
2024-11-27 08:02:28,005 INFO     ___FILE_ONLY___ -
2024-11-27 08:02:28,005 INFO     ___FILE_ONLY___  
2024-11-27 08:02:28,005 INFO     ___FILE_ONLY___ serviceAccount:644941739395@cloudservices.gserviceaccount.com
2024-11-27 08:02:28,005 INFO     ___FILE_ONLY___ 

2024-11-27 08:02:28,006 INFO     ___FILE_ONLY___   
2024-11-27 08:02:28,006 INFO     ___FILE_ONLY___ -
2024-11-27 08:02:28,006 INFO     ___FILE_ONLY___  
2024-11-27 08:02:28,006 INFO     ___FILE_ONLY___ serviceAccount:inspired-photon-441609-k7@appspot.gserviceaccount.com
2024-11-27 08:02:28,006 INFO     ___FILE_ONLY___ 

2024-11-27 08:02:28,006 INFO     ___FILE_ONLY___   
2024-11-27 08:02:28,006 INFO     ___FILE_ONLY___ -
2024-11-27 08:02:28,006 INFO     ___FILE_ONLY___  
2024-11-27 08:02:28,006 INFO     ___FILE_ONLY___ serviceAccount:vm-creater-account@inspired-photon-441609-k7.iam.gserviceaccount.com
2024-11-27 08:02:28,006 INFO     ___FILE_ONLY___ 

2024-11-27 08:02:28,006 INFO     ___FILE_ONLY___   
2024-11-27 08:02:28,011 INFO     ___FILE_ONLY___ role
2024-11-27 08:02:28,012 INFO     ___FILE_ONLY___ :
2024-11-27 08:02:28,012 INFO     ___FILE_ONLY___  
2024-11-27 08:02:28,012 INFO     ___FILE_ONLY___ roles/editor
2024-11-27 08:02:28,012 INFO     ___FILE_ONLY___ 

2024-11-27 08:02:28,012 INFO     ___FILE_ONLY___ -
2024-11-27 08:02:28,012 INFO     ___FILE_ONLY___  
2024-11-27 08:02:28,012 INFO     ___FILE_ONLY___ members
2024-11-27 08:02:28,012 INFO     ___FILE_ONLY___ :
2024-11-27 08:02:28,013 INFO     ___FILE_ONLY___ 

2024-11-27 08:02:28,013 INFO     ___FILE_ONLY___   
2024-11-27 08:02:28,013 INFO     ___FILE_ONLY___ -
2024-11-27 08:02:28,013 INFO     ___FILE_ONLY___  
2024-11-27 08:02:28,013 INFO     ___FILE_ONLY___ serviceAccount:trigger-account@inspired-photon-441609-k7.iam.gserviceaccount.com
2024-11-27 08:02:28,014 INFO     ___FILE_ONLY___ 

2024-11-27 08:02:28,014 INFO     ___FILE_ONLY___   
2024-11-27 08:02:28,014 INFO     ___FILE_ONLY___ role
2024-11-27 08:02:28,014 INFO     ___FILE_ONLY___ :
2024-11-27 08:02:28,014 INFO     ___FILE_ONLY___  
2024-11-27 08:02:28,014 INFO     ___FILE_ONLY___ roles/iam.roleAdmin
2024-11-27 08:02:28,014 INFO     ___FILE_ONLY___ 

2024-11-27 08:02:28,015 INFO     ___FILE_ONLY___ -
2024-11-27 08:02:28,015 INFO     ___FILE_ONLY___  
2024-11-27 08:02:28,015 INFO     ___FILE_ONLY___ members
2024-11-27 08:02:28,015 INFO     ___FILE_ONLY___ :
2024-11-27 08:02:28,015 INFO     ___FILE_ONLY___ 

2024-11-27 08:02:28,015 INFO     ___FILE_ONLY___   
2024-11-27 08:02:28,015 INFO     ___FILE_ONLY___ -
2024-11-27 08:02:28,016 INFO     ___FILE_ONLY___  
2024-11-27 08:02:28,016 INFO     ___FILE_ONLY___ serviceAccount:vm-creater-account@inspired-photon-441609-k7.iam.gserviceaccount.com
2024-11-27 08:02:28,016 INFO     ___FILE_ONLY___ 

2024-11-27 08:02:28,016 INFO     ___FILE_ONLY___   
2024-11-27 08:02:28,016 INFO     ___FILE_ONLY___ role
2024-11-27 08:02:28,016 INFO     ___FILE_ONLY___ :
2024-11-27 08:02:28,016 INFO     ___FILE_ONLY___  
2024-11-27 08:02:28,016 INFO     ___FILE_ONLY___ roles/iam.serviceAccountUser
2024-11-27 08:02:28,016 INFO     ___FILE_ONLY___ 

2024-11-27 08:02:28,016 INFO     ___FILE_ONLY___ -
2024-11-27 08:02:28,018 INFO     ___FILE_ONLY___  
2024-11-27 08:02:28,018 INFO     ___FILE_ONLY___ members
2024-11-27 08:02:28,019 INFO     ___FILE_ONLY___ :
2024-11-27 08:02:28,019 INFO     ___FILE_ONLY___ 

2024-11-27 08:02:28,019 INFO     ___FILE_ONLY___   
2024-11-27 08:02:28,020 INFO     ___FILE_ONLY___ -
2024-11-27 08:02:28,020 INFO     ___FILE_ONLY___  
2024-11-27 08:02:28,020 INFO     ___FILE_ONLY___ user:das03285@gmail.com
2024-11-27 08:02:28,020 INFO     ___FILE_ONLY___ 

2024-11-27 08:02:28,020 INFO     ___FILE_ONLY___   
2024-11-27 08:02:28,020 INFO     ___FILE_ONLY___ role
2024-11-27 08:02:28,020 INFO     ___FILE_ONLY___ :
2024-11-27 08:02:28,020 INFO     ___FILE_ONLY___  
2024-11-27 08:02:28,020 INFO     ___FILE_ONLY___ roles/owner
2024-11-27 08:02:28,021 INFO     ___FILE_ONLY___ 

2024-11-27 08:02:28,021 INFO     ___FILE_ONLY___ -
2024-11-27 08:02:28,021 INFO     ___FILE_ONLY___  
2024-11-27 08:02:28,021 INFO     ___FILE_ONLY___ members
2024-11-27 08:02:28,021 INFO     ___FILE_ONLY___ :
2024-11-27 08:02:28,021 INFO     ___FILE_ONLY___ 

2024-11-27 08:02:28,021 INFO     ___FILE_ONLY___   
2024-11-27 08:02:28,021 INFO     ___FILE_ONLY___ -
2024-11-27 08:02:28,021 INFO     ___FILE_ONLY___  
2024-11-27 08:02:28,021 INFO     ___FILE_ONLY___ serviceAccount:service-644941739395@gcp-sa-pubsub.iam.gserviceaccount.com
2024-11-27 08:02:28,021 INFO     ___FILE_ONLY___ 

2024-11-27 08:02:28,024 INFO     ___FILE_ONLY___   
2024-11-27 08:02:28,027 INFO     ___FILE_ONLY___ role
2024-11-27 08:02:28,027 INFO     ___FILE_ONLY___ :
2024-11-27 08:02:28,027 INFO     ___FILE_ONLY___  
2024-11-27 08:02:28,027 INFO     ___FILE_ONLY___ roles/pubsub.serviceAgent
2024-11-27 08:02:28,027 INFO     ___FILE_ONLY___ 

2024-11-27 08:02:28,027 INFO     ___FILE_ONLY___ -
2024-11-27 08:02:28,027 INFO     ___FILE_ONLY___  
2024-11-27 08:02:28,028 INFO     ___FILE_ONLY___ members
2024-11-27 08:02:28,028 INFO     ___FILE_ONLY___ :
2024-11-27 08:02:28,028 INFO     ___FILE_ONLY___ 

2024-11-27 08:02:28,028 INFO     ___FILE_ONLY___   
2024-11-27 08:02:28,028 INFO     ___FILE_ONLY___ -
2024-11-27 08:02:28,028 INFO     ___FILE_ONLY___  
2024-11-27 08:02:28,028 INFO     ___FILE_ONLY___ serviceAccount:trigger-account@inspired-photon-441609-k7.iam.gserviceaccount.com
2024-11-27 08:02:28,028 INFO     ___FILE_ONLY___ 

2024-11-27 08:02:28,028 INFO     ___FILE_ONLY___   
2024-11-27 08:02:28,028 INFO     ___FILE_ONLY___ role
2024-11-27 08:02:28,029 INFO     ___FILE_ONLY___ :
2024-11-27 08:02:28,029 INFO     ___FILE_ONLY___  
2024-11-27 08:02:28,029 INFO     ___FILE_ONLY___ roles/resourcemanager.projectIamAdmin
2024-11-27 08:02:28,029 INFO     ___FILE_ONLY___ 

2024-11-27 08:02:28,029 INFO     ___FILE_ONLY___ etag
2024-11-27 08:02:28,029 INFO     ___FILE_ONLY___ :
2024-11-27 08:02:28,029 INFO     ___FILE_ONLY___  
2024-11-27 08:02:28,030 INFO     ___FILE_ONLY___ BwYn4GMISrw=
2024-11-27 08:02:28,030 INFO     ___FILE_ONLY___ 

2024-11-27 08:02:28,030 INFO     ___FILE_ONLY___ version
2024-11-27 08:02:28,030 INFO     ___FILE_ONLY___ :
2024-11-27 08:02:28,030 INFO     ___FILE_ONLY___  
2024-11-27 08:02:28,030 INFO     ___FILE_ONLY___ 1
2024-11-27 08:02:28,030 INFO     ___FILE_ONLY___ 

2024-11-27 08:02:28,031 DEBUG    root            SDK update checks are disabled.
