2024-11-27 09:01:37,189 DEBUG    root            Loaded Command Group: ['gcloud', 'projects']
2024-11-27 09:01:37,262 DEBUG    root            Loaded Command Group: ['gcloud', 'projects', 'add_iam_policy_binding']
2024-11-27 09:01:37,294 DEBUG    root            Running [gcloud.projects.add-iam-policy-binding] with arguments: [--member: "serviceAccount:service-644941739395@gcp-sa-eventarc.iam.gserviceaccount.com", --role: "roles/eventarc.serviceAgent", PROJECT_ID: "inspired-photon-441609-k7"]
2024-11-27 09:01:37,451 DEBUG    urllib3.connectionpool Starting new HTTPS connection (1): cloudresourcemanager.googleapis.com:443
2024-11-27 09:01:37,644 DEBUG    urllib3.connectionpool https://cloudresourcemanager.googleapis.com:443 "POST /v1/projects/inspired-photon-441609-k7:getIamPolicy?alt=json HTTP/1.1" 200 None
2024-11-27 09:01:37,784 DEBUG    urllib3.connectionpool Starting new HTTPS connection (1): cloudresourcemanager.googleapis.com:443
2024-11-27 09:01:38,224 DEBUG    urllib3.connectionpool https://cloudresourcemanager.googleapis.com:443 "POST /v1/projects/inspired-photon-441609-k7:setIamPolicy?alt=json HTTP/1.1" 200 None
2024-11-27 09:01:38,229 INFO     ___FILE_ONLY___ Updated IAM policy for project [inspired-photon-441609-k7].

2024-11-27 09:01:38,230 DEBUG    root            Chosen display Format:default
2024-11-27 09:01:38,231 INFO     root            Display format: "default"
2024-11-27 09:01:38,257 INFO     ___FILE_ONLY___ bindings
2024-11-27 09:01:38,258 INFO     ___FILE_ONLY___ :
2024-11-27 09:01:38,258 INFO     ___FILE_ONLY___ 

2024-11-27 09:01:38,258 INFO     ___FILE_ONLY___ -
2024-11-27 09:01:38,258 INFO     ___FILE_ONLY___  
2024-11-27 09:01:38,259 INFO     ___FILE_ONLY___ members
2024-11-27 09:01:38,259 INFO     ___FILE_ONLY___ :
2024-11-27 09:01:38,259 INFO     ___FILE_ONLY___ 

2024-11-27 09:01:38,259 INFO     ___FILE_ONLY___   
2024-11-27 09:01:38,259 INFO     ___FILE_ONLY___ -
2024-11-27 09:01:38,259 INFO     ___FILE_ONLY___  
2024-11-27 09:01:38,259 INFO     ___FILE_ONLY___ serviceAccount:trigger-account@inspired-photon-441609-k7.iam.gserviceaccount.com
2024-11-27 09:01:38,259 INFO     ___FILE_ONLY___ 

2024-11-27 09:01:38,259 INFO     ___FILE_ONLY___   
2024-11-27 09:01:38,260 INFO     ___FILE_ONLY___ role
2024-11-27 09:01:38,260 INFO     ___FILE_ONLY___ :
2024-11-27 09:01:38,260 INFO     ___FILE_ONLY___  
2024-11-27 09:01:38,260 INFO     ___FILE_ONLY___ projects/inspired-photon-441609-k7/roles/main_custom_role_17
2024-11-27 09:01:38,261 INFO     ___FILE_ONLY___ 

2024-11-27 09:01:38,261 INFO     ___FILE_ONLY___ -
2024-11-27 09:01:38,261 INFO     ___FILE_ONLY___  
2024-11-27 09:01:38,261 INFO     ___FILE_ONLY___ members
2024-11-27 09:01:38,261 INFO     ___FILE_ONLY___ :
2024-11-27 09:01:38,261 INFO     ___FILE_ONLY___ 

2024-11-27 09:01:38,261 INFO     ___FILE_ONLY___   
2024-11-27 09:01:38,261 INFO     ___FILE_ONLY___ -
2024-11-27 09:01:38,261 INFO     ___FILE_ONLY___  
2024-11-27 09:01:38,262 INFO     ___FILE_ONLY___ serviceAccount:644941739395@cloudbuild.gserviceaccount.com
2024-11-27 09:01:38,262 INFO     ___FILE_ONLY___ 

2024-11-27 09:01:38,262 INFO     ___FILE_ONLY___   
2024-11-27 09:01:38,262 INFO     ___FILE_ONLY___ role
2024-11-27 09:01:38,262 INFO     ___FILE_ONLY___ :
2024-11-27 09:01:38,262 INFO     ___FILE_ONLY___  
2024-11-27 09:01:38,262 INFO     ___FILE_ONLY___ roles/cloudbuild.builds.builder
2024-11-27 09:01:38,262 INFO     ___FILE_ONLY___ 

2024-11-27 09:01:38,262 INFO     ___FILE_ONLY___ -
2024-11-27 09:01:38,263 INFO     ___FILE_ONLY___  
2024-11-27 09:01:38,263 INFO     ___FILE_ONLY___ members
2024-11-27 09:01:38,263 INFO     ___FILE_ONLY___ :
2024-11-27 09:01:38,263 INFO     ___FILE_ONLY___ 

2024-11-27 09:01:38,263 INFO     ___FILE_ONLY___   
2024-11-27 09:01:38,263 INFO     ___FILE_ONLY___ -
2024-11-27 09:01:38,263 INFO     ___FILE_ONLY___  
2024-11-27 09:01:38,264 INFO     ___FILE_ONLY___ serviceAccount:service-644941739395@gcp-sa-cloudbuild.iam.gserviceaccount.com
2024-11-27 09:01:38,264 INFO     ___FILE_ONLY___ 

2024-11-27 09:01:38,264 INFO     ___FILE_ONLY___   
2024-11-27 09:01:38,264 INFO     ___FILE_ONLY___ role
2024-11-27 09:01:38,265 INFO     ___FILE_ONLY___ :
2024-11-27 09:01:38,265 INFO     ___FILE_ONLY___  
2024-11-27 09:01:38,265 INFO     ___FILE_ONLY___ roles/cloudbuild.serviceAgent
2024-11-27 09:01:38,265 INFO     ___FILE_ONLY___ 

2024-11-27 09:01:38,265 INFO     ___FILE_ONLY___ -
2024-11-27 09:01:38,265 INFO     ___FILE_ONLY___  
2024-11-27 09:01:38,265 INFO     ___FILE_ONLY___ members
2024-11-27 09:01:38,265 INFO     ___FILE_ONLY___ :
2024-11-27 09:01:38,265 INFO     ___FILE_ONLY___ 

2024-11-27 09:01:38,265 INFO     ___FILE_ONLY___   
2024-11-27 09:01:38,266 INFO     ___FILE_ONLY___ -
2024-11-27 09:01:38,266 INFO     ___FILE_ONLY___  
2024-11-27 09:01:38,266 INFO     ___FILE_ONLY___ serviceAccount:644941739395@cloudbuild.gserviceaccount.com
2024-11-27 09:01:38,266 INFO     ___FILE_ONLY___ 

2024-11-27 09:01:38,266 INFO     ___FILE_ONLY___   
2024-11-27 09:01:38,266 INFO     ___FILE_ONLY___ role
2024-11-27 09:01:38,266 INFO     ___FILE_ONLY___ :
2024-11-27 09:01:38,266 INFO     ___FILE_ONLY___  
2024-11-27 09:01:38,266 INFO     ___FILE_ONLY___ roles/cloudfunctions.developer
2024-11-27 09:01:38,266 INFO     ___FILE_ONLY___ 

2024-11-27 09:01:38,267 INFO     ___FILE_ONLY___ -
2024-11-27 09:01:38,267 INFO     ___FILE_ONLY___  
2024-11-27 09:01:38,267 INFO     ___FILE_ONLY___ members
2024-11-27 09:01:38,267 INFO     ___FILE_ONLY___ :
2024-11-27 09:01:38,267 INFO     ___FILE_ONLY___ 

2024-11-27 09:01:38,267 INFO     ___FILE_ONLY___   
2024-11-27 09:01:38,267 INFO     ___FILE_ONLY___ -
2024-11-27 09:01:38,267 INFO     ___FILE_ONLY___  
2024-11-27 09:01:38,267 INFO     ___FILE_ONLY___ serviceAccount:service-644941739395@gcf-admin-robot.iam.gserviceaccount.com
2024-11-27 09:01:38,267 INFO     ___FILE_ONLY___ 

2024-11-27 09:01:38,267 INFO     ___FILE_ONLY___   
2024-11-27 09:01:38,268 INFO     ___FILE_ONLY___ role
2024-11-27 09:01:38,268 INFO     ___FILE_ONLY___ :
2024-11-27 09:01:38,268 INFO     ___FILE_ONLY___  
2024-11-27 09:01:38,268 INFO     ___FILE_ONLY___ roles/cloudfunctions.serviceAgent
2024-11-27 09:01:38,268 INFO     ___FILE_ONLY___ 

2024-11-27 09:01:38,268 INFO     ___FILE_ONLY___ -
2024-11-27 09:01:38,268 INFO     ___FILE_ONLY___  
2024-11-27 09:01:38,268 INFO     ___FILE_ONLY___ members
2024-11-27 09:01:38,268 INFO     ___FILE_ONLY___ :
2024-11-27 09:01:38,268 INFO     ___FILE_ONLY___ 

2024-11-27 09:01:38,268 INFO     ___FILE_ONLY___   
2024-11-27 09:01:38,269 INFO     ___FILE_ONLY___ -
2024-11-27 09:01:38,269 INFO     ___FILE_ONLY___  
2024-11-27 09:01:38,269 INFO     ___FILE_ONLY___ serviceAccount:vm-creater-account@inspired-photon-441609-k7.iam.gserviceaccount.com
2024-11-27 09:01:38,269 INFO     ___FILE_ONLY___ 

2024-11-27 09:01:38,269 INFO     ___FILE_ONLY___   
2024-11-27 09:01:38,269 INFO     ___FILE_ONLY___ role
2024-11-27 09:01:38,269 INFO     ___FILE_ONLY___ :
2024-11-27 09:01:38,269 INFO     ___FILE_ONLY___  
2024-11-27 09:01:38,269 INFO     ___FILE_ONLY___ roles/compute.instanceAdmin.v1
2024-11-27 09:01:38,269 INFO     ___FILE_ONLY___ 

2024-11-27 09:01:38,269 INFO     ___FILE_ONLY___ -
2024-11-27 09:01:38,270 INFO     ___FILE_ONLY___  
2024-11-27 09:01:38,270 INFO     ___FILE_ONLY___ members
2024-11-27 09:01:38,270 INFO     ___FILE_ONLY___ :
2024-11-27 09:01:38,270 INFO     ___FILE_ONLY___ 

2024-11-27 09:01:38,270 INFO     ___FILE_ONLY___   
2024-11-27 09:01:38,270 INFO     ___FILE_ONLY___ -
2024-11-27 09:01:38,270 INFO     ___FILE_ONLY___  
2024-11-27 09:01:38,270 INFO     ___FILE_ONLY___ serviceAccount:vm-creater-account@inspired-photon-441609-k7.iam.gserviceaccount.com
2024-11-27 09:01:38,270 INFO     ___FILE_ONLY___ 

2024-11-27 09:01:38,270 INFO     ___FILE_ONLY___   
2024-11-27 09:01:38,270 INFO     ___FILE_ONLY___ role
2024-11-27 09:01:38,270 INFO     ___FILE_ONLY___ :
2024-11-27 09:01:38,271 INFO     ___FILE_ONLY___  
2024-11-27 09:01:38,271 INFO     ___FILE_ONLY___ roles/compute.networkUser
2024-11-27 09:01:38,271 INFO     ___FILE_ONLY___ 

2024-11-27 09:01:38,271 INFO     ___FILE_ONLY___ -
2024-11-27 09:01:38,271 INFO     ___FILE_ONLY___  
2024-11-27 09:01:38,271 INFO     ___FILE_ONLY___ members
2024-11-27 09:01:38,271 INFO     ___FILE_ONLY___ :
2024-11-27 09:01:38,271 INFO     ___FILE_ONLY___ 

2024-11-27 09:01:38,271 INFO     ___FILE_ONLY___   
2024-11-27 09:01:38,271 INFO     ___FILE_ONLY___ -
2024-11-27 09:01:38,271 INFO     ___FILE_ONLY___  
2024-11-27 09:01:38,272 INFO     ___FILE_ONLY___ serviceAccount:service-644941739395@compute-system.iam.gserviceaccount.com
2024-11-27 09:01:38,272 INFO     ___FILE_ONLY___ 

2024-11-27 09:01:38,272 INFO     ___FILE_ONLY___   
2024-11-27 09:01:38,272 INFO     ___FILE_ONLY___ role
2024-11-27 09:01:38,272 INFO     ___FILE_ONLY___ :
2024-11-27 09:01:38,272 INFO     ___FILE_ONLY___  
2024-11-27 09:01:38,272 INFO     ___FILE_ONLY___ roles/compute.serviceAgent
2024-11-27 09:01:38,272 INFO     ___FILE_ONLY___ 

2024-11-27 09:01:38,272 INFO     ___FILE_ONLY___ -
2024-11-27 09:01:38,272 INFO     ___FILE_ONLY___  
2024-11-27 09:01:38,272 INFO     ___FILE_ONLY___ members
2024-11-27 09:01:38,272 INFO     ___FILE_ONLY___ :
2024-11-27 09:01:38,273 INFO     ___FILE_ONLY___ 

2024-11-27 09:01:38,273 INFO     ___FILE_ONLY___   
2024-11-27 09:01:38,273 INFO     ___FILE_ONLY___ -
2024-11-27 09:01:38,273 INFO     ___FILE_ONLY___  
2024-11-27 09:01:38,273 INFO     ___FILE_ONLY___ serviceAccount:service-644941739395@containerregistry.iam.gserviceaccount.com
2024-11-27 09:01:38,273 INFO     ___FILE_ONLY___ 

2024-11-27 09:01:38,273 INFO     ___FILE_ONLY___   
2024-11-27 09:01:38,273 INFO     ___FILE_ONLY___ role
2024-11-27 09:01:38,273 INFO     ___FILE_ONLY___ :
2024-11-27 09:01:38,273 INFO     ___FILE_ONLY___  
2024-11-27 09:01:38,273 INFO     ___FILE_ONLY___ roles/containerregistry.ServiceAgent
2024-11-27 09:01:38,273 INFO     ___FILE_ONLY___ 

2024-11-27 09:01:38,274 INFO     ___FILE_ONLY___ -
2024-11-27 09:01:38,274 INFO     ___FILE_ONLY___  
2024-11-27 09:01:38,274 INFO     ___FILE_ONLY___ members
2024-11-27 09:01:38,274 INFO     ___FILE_ONLY___ :
2024-11-27 09:01:38,274 INFO     ___FILE_ONLY___ 

2024-11-27 09:01:38,274 INFO     ___FILE_ONLY___   
2024-11-27 09:01:38,274 INFO     ___FILE_ONLY___ -
2024-11-27 09:01:38,275 INFO     ___FILE_ONLY___  
2024-11-27 09:01:38,275 INFO     ___FILE_ONLY___ serviceAccount:644941739395-compute@developer.gserviceaccount.com
2024-11-27 09:01:38,275 INFO     ___FILE_ONLY___ 

2024-11-27 09:01:38,275 INFO     ___FILE_ONLY___   
2024-11-27 09:01:38,275 INFO     ___FILE_ONLY___ -
2024-11-27 09:01:38,275 INFO     ___FILE_ONLY___  
2024-11-27 09:01:38,275 INFO     ___FILE_ONLY___ serviceAccount:644941739395@cloudservices.gserviceaccount.com
2024-11-27 09:01:38,276 INFO     ___FILE_ONLY___ 

2024-11-27 09:01:38,276 INFO     ___FILE_ONLY___   
2024-11-27 09:01:38,276 INFO     ___FILE_ONLY___ -
2024-11-27 09:01:38,276 INFO     ___FILE_ONLY___  
2024-11-27 09:01:38,276 INFO     ___FILE_ONLY___ serviceAccount:inspired-photon-441609-k7@appspot.gserviceaccount.com
2024-11-27 09:01:38,276 INFO     ___FILE_ONLY___ 

2024-11-27 09:01:38,276 INFO     ___FILE_ONLY___   
2024-11-27 09:01:38,276 INFO     ___FILE_ONLY___ -
2024-11-27 09:01:38,277 INFO     ___FILE_ONLY___  
2024-11-27 09:01:38,277 INFO     ___FILE_ONLY___ serviceAccount:vm-creater-account@inspired-photon-441609-k7.iam.gserviceaccount.com
2024-11-27 09:01:38,277 INFO     ___FILE_ONLY___ 

2024-11-27 09:01:38,277 INFO     ___FILE_ONLY___   
2024-11-27 09:01:38,277 INFO     ___FILE_ONLY___ role
2024-11-27 09:01:38,277 INFO     ___FILE_ONLY___ :
2024-11-27 09:01:38,277 INFO     ___FILE_ONLY___  
2024-11-27 09:01:38,277 INFO     ___FILE_ONLY___ roles/editor
2024-11-27 09:01:38,277 INFO     ___FILE_ONLY___ 

2024-11-27 09:01:38,278 INFO     ___FILE_ONLY___ -
2024-11-27 09:01:38,278 INFO     ___FILE_ONLY___  
2024-11-27 09:01:38,278 INFO     ___FILE_ONLY___ members
2024-11-27 09:01:38,278 INFO     ___FILE_ONLY___ :
2024-11-27 09:01:38,278 INFO     ___FILE_ONLY___ 

2024-11-27 09:01:38,278 INFO     ___FILE_ONLY___   
2024-11-27 09:01:38,278 INFO     ___FILE_ONLY___ -
2024-11-27 09:01:38,278 INFO     ___FILE_ONLY___  
2024-11-27 09:01:38,278 INFO     ___FILE_ONLY___ serviceAccount:service-644941739395@gcp-sa-eventarc.iam.gserviceaccount.com
2024-11-27 09:01:38,278 INFO     ___FILE_ONLY___ 

2024-11-27 09:01:38,279 INFO     ___FILE_ONLY___   
2024-11-27 09:01:38,279 INFO     ___FILE_ONLY___ role
2024-11-27 09:01:38,279 INFO     ___FILE_ONLY___ :
2024-11-27 09:01:38,279 INFO     ___FILE_ONLY___  
2024-11-27 09:01:38,279 INFO     ___FILE_ONLY___ roles/eventarc.serviceAgent
2024-11-27 09:01:38,279 INFO     ___FILE_ONLY___ 

2024-11-27 09:01:38,279 INFO     ___FILE_ONLY___ -
2024-11-27 09:01:38,279 INFO     ___FILE_ONLY___  
2024-11-27 09:01:38,279 INFO     ___FILE_ONLY___ members
2024-11-27 09:01:38,279 INFO     ___FILE_ONLY___ :
2024-11-27 09:01:38,279 INFO     ___FILE_ONLY___ 

2024-11-27 09:01:38,280 INFO     ___FILE_ONLY___   
2024-11-27 09:01:38,280 INFO     ___FILE_ONLY___ -
2024-11-27 09:01:38,280 INFO     ___FILE_ONLY___  
2024-11-27 09:01:38,280 INFO     ___FILE_ONLY___ serviceAccount:trigger-account@inspired-photon-441609-k7.iam.gserviceaccount.com
2024-11-27 09:01:38,280 INFO     ___FILE_ONLY___ 

2024-11-27 09:01:38,280 INFO     ___FILE_ONLY___   
2024-11-27 09:01:38,280 INFO     ___FILE_ONLY___ role
2024-11-27 09:01:38,280 INFO     ___FILE_ONLY___ :
2024-11-27 09:01:38,280 INFO     ___FILE_ONLY___  
2024-11-27 09:01:38,280 INFO     ___FILE_ONLY___ roles/iam.roleAdmin
2024-11-27 09:01:38,280 INFO     ___FILE_ONLY___ 

2024-11-27 09:01:38,281 INFO     ___FILE_ONLY___ -
2024-11-27 09:01:38,281 INFO     ___FILE_ONLY___  
2024-11-27 09:01:38,281 INFO     ___FILE_ONLY___ members
2024-11-27 09:01:38,281 INFO     ___FILE_ONLY___ :
2024-11-27 09:01:38,281 INFO     ___FILE_ONLY___ 

2024-11-27 09:01:38,281 INFO     ___FILE_ONLY___   
2024-11-27 09:01:38,281 INFO     ___FILE_ONLY___ -
2024-11-27 09:01:38,281 INFO     ___FILE_ONLY___  
2024-11-27 09:01:38,281 INFO     ___FILE_ONLY___ serviceAccount:644941739395@cloudbuild.gserviceaccount.com
2024-11-27 09:01:38,281 INFO     ___FILE_ONLY___ 

2024-11-27 09:01:38,281 INFO     ___FILE_ONLY___   
2024-11-27 09:01:38,281 INFO     ___FILE_ONLY___ -
2024-11-27 09:01:38,282 INFO     ___FILE_ONLY___  
2024-11-27 09:01:38,282 INFO     ___FILE_ONLY___ serviceAccount:vm-creater-account@inspired-photon-441609-k7.iam.gserviceaccount.com
2024-11-27 09:01:38,282 INFO     ___FILE_ONLY___ 

2024-11-27 09:01:38,282 INFO     ___FILE_ONLY___   
2024-11-27 09:01:38,282 INFO     ___FILE_ONLY___ role
2024-11-27 09:01:38,282 INFO     ___FILE_ONLY___ :
2024-11-27 09:01:38,282 INFO     ___FILE_ONLY___  
2024-11-27 09:01:38,282 INFO     ___FILE_ONLY___ roles/iam.serviceAccountUser
2024-11-27 09:01:38,282 INFO     ___FILE_ONLY___ 

2024-11-27 09:01:38,282 INFO     ___FILE_ONLY___ -
2024-11-27 09:01:38,282 INFO     ___FILE_ONLY___  
2024-11-27 09:01:38,283 INFO     ___FILE_ONLY___ members
2024-11-27 09:01:38,283 INFO     ___FILE_ONLY___ :
2024-11-27 09:01:38,283 INFO     ___FILE_ONLY___ 

2024-11-27 09:01:38,283 INFO     ___FILE_ONLY___   
2024-11-27 09:01:38,283 INFO     ___FILE_ONLY___ -
2024-11-27 09:01:38,283 INFO     ___FILE_ONLY___  
2024-11-27 09:01:38,283 INFO     ___FILE_ONLY___ user:das03285@gmail.com
2024-11-27 09:01:38,283 INFO     ___FILE_ONLY___ 

2024-11-27 09:01:38,283 INFO     ___FILE_ONLY___   
2024-11-27 09:01:38,283 INFO     ___FILE_ONLY___ role
2024-11-27 09:01:38,283 INFO     ___FILE_ONLY___ :
2024-11-27 09:01:38,283 INFO     ___FILE_ONLY___  
2024-11-27 09:01:38,284 INFO     ___FILE_ONLY___ roles/owner
2024-11-27 09:01:38,284 INFO     ___FILE_ONLY___ 

2024-11-27 09:01:38,284 INFO     ___FILE_ONLY___ -
2024-11-27 09:01:38,284 INFO     ___FILE_ONLY___  
2024-11-27 09:01:38,284 INFO     ___FILE_ONLY___ members
2024-11-27 09:01:38,284 INFO     ___FILE_ONLY___ :
2024-11-27 09:01:38,284 INFO     ___FILE_ONLY___ 

2024-11-27 09:01:38,284 INFO     ___FILE_ONLY___   
2024-11-27 09:01:38,284 INFO     ___FILE_ONLY___ -
2024-11-27 09:01:38,284 INFO     ___FILE_ONLY___  
2024-11-27 09:01:38,284 INFO     ___FILE_ONLY___ serviceAccount:service-644941739395@gcp-sa-pubsub.iam.gserviceaccount.com
2024-11-27 09:01:38,284 INFO     ___FILE_ONLY___ 

2024-11-27 09:01:38,285 INFO     ___FILE_ONLY___   
2024-11-27 09:01:38,285 INFO     ___FILE_ONLY___ role
2024-11-27 09:01:38,285 INFO     ___FILE_ONLY___ :
2024-11-27 09:01:38,285 INFO     ___FILE_ONLY___  
2024-11-27 09:01:38,285 INFO     ___FILE_ONLY___ roles/pubsub.serviceAgent
2024-11-27 09:01:38,285 INFO     ___FILE_ONLY___ 

2024-11-27 09:01:38,285 INFO     ___FILE_ONLY___ -
2024-11-27 09:01:38,285 INFO     ___FILE_ONLY___  
2024-11-27 09:01:38,285 INFO     ___FILE_ONLY___ members
2024-11-27 09:01:38,285 INFO     ___FILE_ONLY___ :
2024-11-27 09:01:38,285 INFO     ___FILE_ONLY___ 

2024-11-27 09:01:38,286 INFO     ___FILE_ONLY___   
2024-11-27 09:01:38,286 INFO     ___FILE_ONLY___ -
2024-11-27 09:01:38,286 INFO     ___FILE_ONLY___  
2024-11-27 09:01:38,286 INFO     ___FILE_ONLY___ serviceAccount:trigger-account@inspired-photon-441609-k7.iam.gserviceaccount.com
2024-11-27 09:01:38,286 INFO     ___FILE_ONLY___ 

2024-11-27 09:01:38,286 INFO     ___FILE_ONLY___   
2024-11-27 09:01:38,286 INFO     ___FILE_ONLY___ role
2024-11-27 09:01:38,286 INFO     ___FILE_ONLY___ :
2024-11-27 09:01:38,286 INFO     ___FILE_ONLY___  
2024-11-27 09:01:38,286 INFO     ___FILE_ONLY___ roles/resourcemanager.projectIamAdmin
2024-11-27 09:01:38,286 INFO     ___FILE_ONLY___ 

2024-11-27 09:01:38,286 INFO     ___FILE_ONLY___ etag
2024-11-27 09:01:38,287 INFO     ___FILE_ONLY___ :
2024-11-27 09:01:38,287 INFO     ___FILE_ONLY___  
2024-11-27 09:01:38,287 INFO     ___FILE_ONLY___ BwYn4TallGw=
2024-11-27 09:01:38,287 INFO     ___FILE_ONLY___ 

2024-11-27 09:01:38,287 INFO     ___FILE_ONLY___ version
2024-11-27 09:01:38,287 INFO     ___FILE_ONLY___ :
2024-11-27 09:01:38,287 INFO     ___FILE_ONLY___  
2024-11-27 09:01:38,287 INFO     ___FILE_ONLY___ 1
2024-11-27 09:01:38,287 INFO     ___FILE_ONLY___ 

2024-11-27 09:01:38,288 DEBUG    root            SDK update checks are disabled.
