2024-11-27 09:03:45,448 DEBUG    root            Loaded Command Group: ['gcloud', 'projects']
2024-11-27 09:03:45,484 DEBUG    root            Loaded Command Group: ['gcloud', 'projects', 'add_iam_policy_binding']
2024-11-27 09:03:45,497 DEBUG    root            Running [gcloud.projects.add-iam-policy-binding] with arguments: [--member: "serviceAccount:service-644941739395@gcp-sa-eventarc.iam.gserviceaccount.com", --role: "roles/eventarc.serviceAgent", PROJECT_ID: "inspired-photon-441609-k7"]
2024-11-27 09:03:45,656 DEBUG    urllib3.connectionpool Starting new HTTPS connection (1): cloudresourcemanager.googleapis.com:443
2024-11-27 09:03:45,871 DEBUG    urllib3.connectionpool https://cloudresourcemanager.googleapis.com:443 "POST /v1/projects/inspired-photon-441609-k7:getIamPolicy?alt=json HTTP/1.1" 200 None
2024-11-27 09:03:46,017 DEBUG    urllib3.connectionpool Starting new HTTPS connection (1): cloudresourcemanager.googleapis.com:443
2024-11-27 09:03:46,621 DEBUG    urllib3.connectionpool https://cloudresourcemanager.googleapis.com:443 "POST /v1/projects/inspired-photon-441609-k7:setIamPolicy?alt=json HTTP/1.1" 200 None
2024-11-27 09:03:46,625 INFO     ___FILE_ONLY___ Updated IAM policy for project [inspired-photon-441609-k7].

2024-11-27 09:03:46,625 DEBUG    root            Chosen display Format:default
2024-11-27 09:03:46,626 INFO     root            Display format: "default"
2024-11-27 09:03:46,650 INFO     ___FILE_ONLY___ bindings
2024-11-27 09:03:46,650 INFO     ___FILE_ONLY___ :
2024-11-27 09:03:46,650 INFO     ___FILE_ONLY___ 

2024-11-27 09:03:46,650 INFO     ___FILE_ONLY___ -
2024-11-27 09:03:46,650 INFO     ___FILE_ONLY___  
2024-11-27 09:03:46,651 INFO     ___FILE_ONLY___ members
2024-11-27 09:03:46,651 INFO     ___FILE_ONLY___ :
2024-11-27 09:03:46,651 INFO     ___FILE_ONLY___ 

2024-11-27 09:03:46,651 INFO     ___FILE_ONLY___   
2024-11-27 09:03:46,651 INFO     ___FILE_ONLY___ -
2024-11-27 09:03:46,651 INFO     ___FILE_ONLY___  
2024-11-27 09:03:46,651 INFO     ___FILE_ONLY___ serviceAccount:trigger-account@inspired-photon-441609-k7.iam.gserviceaccount.com
2024-11-27 09:03:46,651 INFO     ___FILE_ONLY___ 

2024-11-27 09:03:46,651 INFO     ___FILE_ONLY___   
2024-11-27 09:03:46,652 INFO     ___FILE_ONLY___ role
2024-11-27 09:03:46,652 INFO     ___FILE_ONLY___ :
2024-11-27 09:03:46,652 INFO     ___FILE_ONLY___  
2024-11-27 09:03:46,652 INFO     ___FILE_ONLY___ projects/inspired-photon-441609-k7/roles/main_custom_role_17
2024-11-27 09:03:46,652 INFO     ___FILE_ONLY___ 

2024-11-27 09:03:46,652 INFO     ___FILE_ONLY___ -
2024-11-27 09:03:46,652 INFO     ___FILE_ONLY___  
2024-11-27 09:03:46,652 INFO     ___FILE_ONLY___ members
2024-11-27 09:03:46,652 INFO     ___FILE_ONLY___ :
2024-11-27 09:03:46,652 INFO     ___FILE_ONLY___ 

2024-11-27 09:03:46,653 INFO     ___FILE_ONLY___   
2024-11-27 09:03:46,653 INFO     ___FILE_ONLY___ -
2024-11-27 09:03:46,653 INFO     ___FILE_ONLY___  
2024-11-27 09:03:46,653 INFO     ___FILE_ONLY___ serviceAccount:644941739395@cloudbuild.gserviceaccount.com
2024-11-27 09:03:46,653 INFO     ___FILE_ONLY___ 

2024-11-27 09:03:46,653 INFO     ___FILE_ONLY___   
2024-11-27 09:03:46,653 INFO     ___FILE_ONLY___ role
2024-11-27 09:03:46,653 INFO     ___FILE_ONLY___ :
2024-11-27 09:03:46,653 INFO     ___FILE_ONLY___  
2024-11-27 09:03:46,653 INFO     ___FILE_ONLY___ roles/cloudbuild.builds.builder
2024-11-27 09:03:46,654 INFO     ___FILE_ONLY___ 

2024-11-27 09:03:46,654 INFO     ___FILE_ONLY___ -
2024-11-27 09:03:46,654 INFO     ___FILE_ONLY___  
2024-11-27 09:03:46,654 INFO     ___FILE_ONLY___ members
2024-11-27 09:03:46,654 INFO     ___FILE_ONLY___ :
2024-11-27 09:03:46,654 INFO     ___FILE_ONLY___ 

2024-11-27 09:03:46,654 INFO     ___FILE_ONLY___   
2024-11-27 09:03:46,654 INFO     ___FILE_ONLY___ -
2024-11-27 09:03:46,654 INFO     ___FILE_ONLY___  
2024-11-27 09:03:46,654 INFO     ___FILE_ONLY___ serviceAccount:service-644941739395@gcp-sa-cloudbuild.iam.gserviceaccount.com
2024-11-27 09:03:46,655 INFO     ___FILE_ONLY___ 

2024-11-27 09:03:46,655 INFO     ___FILE_ONLY___   
2024-11-27 09:03:46,655 INFO     ___FILE_ONLY___ role
2024-11-27 09:03:46,655 INFO     ___FILE_ONLY___ :
2024-11-27 09:03:46,655 INFO     ___FILE_ONLY___  
2024-11-27 09:03:46,655 INFO     ___FILE_ONLY___ roles/cloudbuild.serviceAgent
2024-11-27 09:03:46,655 INFO     ___FILE_ONLY___ 

2024-11-27 09:03:46,655 INFO     ___FILE_ONLY___ -
2024-11-27 09:03:46,655 INFO     ___FILE_ONLY___  
2024-11-27 09:03:46,655 INFO     ___FILE_ONLY___ members
2024-11-27 09:03:46,655 INFO     ___FILE_ONLY___ :
2024-11-27 09:03:46,656 INFO     ___FILE_ONLY___ 

2024-11-27 09:03:46,656 INFO     ___FILE_ONLY___   
2024-11-27 09:03:46,656 INFO     ___FILE_ONLY___ -
2024-11-27 09:03:46,656 INFO     ___FILE_ONLY___  
2024-11-27 09:03:46,656 INFO     ___FILE_ONLY___ serviceAccount:644941739395@cloudbuild.gserviceaccount.com
2024-11-27 09:03:46,656 INFO     ___FILE_ONLY___ 

2024-11-27 09:03:46,656 INFO     ___FILE_ONLY___   
2024-11-27 09:03:46,656 INFO     ___FILE_ONLY___ role
2024-11-27 09:03:46,656 INFO     ___FILE_ONLY___ :
2024-11-27 09:03:46,656 INFO     ___FILE_ONLY___  
2024-11-27 09:03:46,656 INFO     ___FILE_ONLY___ roles/cloudfunctions.developer
2024-11-27 09:03:46,657 INFO     ___FILE_ONLY___ 

2024-11-27 09:03:46,657 INFO     ___FILE_ONLY___ -
2024-11-27 09:03:46,657 INFO     ___FILE_ONLY___  
2024-11-27 09:03:46,657 INFO     ___FILE_ONLY___ members
2024-11-27 09:03:46,657 INFO     ___FILE_ONLY___ :
2024-11-27 09:03:46,657 INFO     ___FILE_ONLY___ 

2024-11-27 09:03:46,657 INFO     ___FILE_ONLY___   
2024-11-27 09:03:46,657 INFO     ___FILE_ONLY___ -
2024-11-27 09:03:46,657 INFO     ___FILE_ONLY___  
2024-11-27 09:03:46,657 INFO     ___FILE_ONLY___ serviceAccount:service-644941739395@gcf-admin-robot.iam.gserviceaccount.com
2024-11-27 09:03:46,658 INFO     ___FILE_ONLY___ 

2024-11-27 09:03:46,658 INFO     ___FILE_ONLY___   
2024-11-27 09:03:46,658 INFO     ___FILE_ONLY___ role
2024-11-27 09:03:46,658 INFO     ___FILE_ONLY___ :
2024-11-27 09:03:46,658 INFO     ___FILE_ONLY___  
2024-11-27 09:03:46,658 INFO     ___FILE_ONLY___ roles/cloudfunctions.serviceAgent
2024-11-27 09:03:46,658 INFO     ___FILE_ONLY___ 

2024-11-27 09:03:46,658 INFO     ___FILE_ONLY___ -
2024-11-27 09:03:46,658 INFO     ___FILE_ONLY___  
2024-11-27 09:03:46,658 INFO     ___FILE_ONLY___ members
2024-11-27 09:03:46,658 INFO     ___FILE_ONLY___ :
2024-11-27 09:03:46,658 INFO     ___FILE_ONLY___ 

2024-11-27 09:03:46,659 INFO     ___FILE_ONLY___   
2024-11-27 09:03:46,659 INFO     ___FILE_ONLY___ -
2024-11-27 09:03:46,659 INFO     ___FILE_ONLY___  
2024-11-27 09:03:46,659 INFO     ___FILE_ONLY___ serviceAccount:vm-creater-account@inspired-photon-441609-k7.iam.gserviceaccount.com
2024-11-27 09:03:46,659 INFO     ___FILE_ONLY___ 

2024-11-27 09:03:46,659 INFO     ___FILE_ONLY___   
2024-11-27 09:03:46,659 INFO     ___FILE_ONLY___ role
2024-11-27 09:03:46,659 INFO     ___FILE_ONLY___ :
2024-11-27 09:03:46,659 INFO     ___FILE_ONLY___  
2024-11-27 09:03:46,659 INFO     ___FILE_ONLY___ roles/compute.instanceAdmin.v1
2024-11-27 09:03:46,660 INFO     ___FILE_ONLY___ 

2024-11-27 09:03:46,660 INFO     ___FILE_ONLY___ -
2024-11-27 09:03:46,660 INFO     ___FILE_ONLY___  
2024-11-27 09:03:46,660 INFO     ___FILE_ONLY___ members
2024-11-27 09:03:46,660 INFO     ___FILE_ONLY___ :
2024-11-27 09:03:46,660 INFO     ___FILE_ONLY___ 

2024-11-27 09:03:46,660 INFO     ___FILE_ONLY___   
2024-11-27 09:03:46,660 INFO     ___FILE_ONLY___ -
2024-11-27 09:03:46,660 INFO     ___FILE_ONLY___  
2024-11-27 09:03:46,660 INFO     ___FILE_ONLY___ serviceAccount:vm-creater-account@inspired-photon-441609-k7.iam.gserviceaccount.com
2024-11-27 09:03:46,660 INFO     ___FILE_ONLY___ 

2024-11-27 09:03:46,660 INFO     ___FILE_ONLY___   
2024-11-27 09:03:46,661 INFO     ___FILE_ONLY___ role
2024-11-27 09:03:46,661 INFO     ___FILE_ONLY___ :
2024-11-27 09:03:46,661 INFO     ___FILE_ONLY___  
2024-11-27 09:03:46,661 INFO     ___FILE_ONLY___ roles/compute.networkUser
2024-11-27 09:03:46,661 INFO     ___FILE_ONLY___ 

2024-11-27 09:03:46,661 INFO     ___FILE_ONLY___ -
2024-11-27 09:03:46,661 INFO     ___FILE_ONLY___  
2024-11-27 09:03:46,661 INFO     ___FILE_ONLY___ members
2024-11-27 09:03:46,661 INFO     ___FILE_ONLY___ :
2024-11-27 09:03:46,661 INFO     ___FILE_ONLY___ 

2024-11-27 09:03:46,661 INFO     ___FILE_ONLY___   
2024-11-27 09:03:46,661 INFO     ___FILE_ONLY___ -
2024-11-27 09:03:46,662 INFO     ___FILE_ONLY___  
2024-11-27 09:03:46,662 INFO     ___FILE_ONLY___ serviceAccount:service-644941739395@compute-system.iam.gserviceaccount.com
2024-11-27 09:03:46,662 INFO     ___FILE_ONLY___ 

2024-11-27 09:03:46,662 INFO     ___FILE_ONLY___   
2024-11-27 09:03:46,662 INFO     ___FILE_ONLY___ role
2024-11-27 09:03:46,662 INFO     ___FILE_ONLY___ :
2024-11-27 09:03:46,662 INFO     ___FILE_ONLY___  
2024-11-27 09:03:46,662 INFO     ___FILE_ONLY___ roles/compute.serviceAgent
2024-11-27 09:03:46,662 INFO     ___FILE_ONLY___ 

2024-11-27 09:03:46,662 INFO     ___FILE_ONLY___ -
2024-11-27 09:03:46,662 INFO     ___FILE_ONLY___  
2024-11-27 09:03:46,663 INFO     ___FILE_ONLY___ members
2024-11-27 09:03:46,663 INFO     ___FILE_ONLY___ :
2024-11-27 09:03:46,663 INFO     ___FILE_ONLY___ 

2024-11-27 09:03:46,663 INFO     ___FILE_ONLY___   
2024-11-27 09:03:46,663 INFO     ___FILE_ONLY___ -
2024-11-27 09:03:46,663 INFO     ___FILE_ONLY___  
2024-11-27 09:03:46,663 INFO     ___FILE_ONLY___ serviceAccount:service-644941739395@containerregistry.iam.gserviceaccount.com
2024-11-27 09:03:46,663 INFO     ___FILE_ONLY___ 

2024-11-27 09:03:46,663 INFO     ___FILE_ONLY___   
2024-11-27 09:03:46,663 INFO     ___FILE_ONLY___ role
2024-11-27 09:03:46,663 INFO     ___FILE_ONLY___ :
2024-11-27 09:03:46,663 INFO     ___FILE_ONLY___  
2024-11-27 09:03:46,663 INFO     ___FILE_ONLY___ roles/containerregistry.ServiceAgent
2024-11-27 09:03:46,664 INFO     ___FILE_ONLY___ 

2024-11-27 09:03:46,664 INFO     ___FILE_ONLY___ -
2024-11-27 09:03:46,664 INFO     ___FILE_ONLY___  
2024-11-27 09:03:46,664 INFO     ___FILE_ONLY___ members
2024-11-27 09:03:46,664 INFO     ___FILE_ONLY___ :
2024-11-27 09:03:46,664 INFO     ___FILE_ONLY___ 

2024-11-27 09:03:46,664 INFO     ___FILE_ONLY___   
2024-11-27 09:03:46,664 INFO     ___FILE_ONLY___ -
2024-11-27 09:03:46,664 INFO     ___FILE_ONLY___  
2024-11-27 09:03:46,664 INFO     ___FILE_ONLY___ serviceAccount:644941739395-compute@developer.gserviceaccount.com
2024-11-27 09:03:46,664 INFO     ___FILE_ONLY___ 

2024-11-27 09:03:46,664 INFO     ___FILE_ONLY___   
2024-11-27 09:03:46,665 INFO     ___FILE_ONLY___ -
2024-11-27 09:03:46,665 INFO     ___FILE_ONLY___  
2024-11-27 09:03:46,665 INFO     ___FILE_ONLY___ serviceAccount:644941739395@cloudservices.gserviceaccount.com
2024-11-27 09:03:46,665 INFO     ___FILE_ONLY___ 

2024-11-27 09:03:46,665 INFO     ___FILE_ONLY___   
2024-11-27 09:03:46,665 INFO     ___FILE_ONLY___ -
2024-11-27 09:03:46,665 INFO     ___FILE_ONLY___  
2024-11-27 09:03:46,665 INFO     ___FILE_ONLY___ serviceAccount:inspired-photon-441609-k7@appspot.gserviceaccount.com
2024-11-27 09:03:46,665 INFO     ___FILE_ONLY___ 

2024-11-27 09:03:46,665 INFO     ___FILE_ONLY___   
2024-11-27 09:03:46,665 INFO     ___FILE_ONLY___ -
2024-11-27 09:03:46,666 INFO     ___FILE_ONLY___  
2024-11-27 09:03:46,666 INFO     ___FILE_ONLY___ serviceAccount:vm-creater-account@inspired-photon-441609-k7.iam.gserviceaccount.com
2024-11-27 09:03:46,666 INFO     ___FILE_ONLY___ 

2024-11-27 09:03:46,666 INFO     ___FILE_ONLY___   
2024-11-27 09:03:46,666 INFO     ___FILE_ONLY___ role
2024-11-27 09:03:46,666 INFO     ___FILE_ONLY___ :
2024-11-27 09:03:46,666 INFO     ___FILE_ONLY___  
2024-11-27 09:03:46,666 INFO     ___FILE_ONLY___ roles/editor
2024-11-27 09:03:46,666 INFO     ___FILE_ONLY___ 

2024-11-27 09:03:46,666 INFO     ___FILE_ONLY___ -
2024-11-27 09:03:46,666 INFO     ___FILE_ONLY___  
2024-11-27 09:03:46,666 INFO     ___FILE_ONLY___ members
2024-11-27 09:03:46,667 INFO     ___FILE_ONLY___ :
2024-11-27 09:03:46,667 INFO     ___FILE_ONLY___ 

2024-11-27 09:03:46,667 INFO     ___FILE_ONLY___   
2024-11-27 09:03:46,667 INFO     ___FILE_ONLY___ -
2024-11-27 09:03:46,667 INFO     ___FILE_ONLY___  
2024-11-27 09:03:46,667 INFO     ___FILE_ONLY___ serviceAccount:service-644941739395@gcp-sa-eventarc.iam.gserviceaccount.com
2024-11-27 09:03:46,667 INFO     ___FILE_ONLY___ 

2024-11-27 09:03:46,667 INFO     ___FILE_ONLY___   
2024-11-27 09:03:46,667 INFO     ___FILE_ONLY___ role
2024-11-27 09:03:46,667 INFO     ___FILE_ONLY___ :
2024-11-27 09:03:46,667 INFO     ___FILE_ONLY___  
2024-11-27 09:03:46,667 INFO     ___FILE_ONLY___ roles/eventarc.serviceAgent
2024-11-27 09:03:46,668 INFO     ___FILE_ONLY___ 

2024-11-27 09:03:46,668 INFO     ___FILE_ONLY___ -
2024-11-27 09:03:46,668 INFO     ___FILE_ONLY___  
2024-11-27 09:03:46,668 INFO     ___FILE_ONLY___ members
2024-11-27 09:03:46,668 INFO     ___FILE_ONLY___ :
2024-11-27 09:03:46,668 INFO     ___FILE_ONLY___ 

2024-11-27 09:03:46,668 INFO     ___FILE_ONLY___   
2024-11-27 09:03:46,668 INFO     ___FILE_ONLY___ -
2024-11-27 09:03:46,668 INFO     ___FILE_ONLY___  
2024-11-27 09:03:46,668 INFO     ___FILE_ONLY___ serviceAccount:trigger-account@inspired-photon-441609-k7.iam.gserviceaccount.com
2024-11-27 09:03:46,668 INFO     ___FILE_ONLY___ 

2024-11-27 09:03:46,668 INFO     ___FILE_ONLY___   
2024-11-27 09:03:46,669 INFO     ___FILE_ONLY___ role
2024-11-27 09:03:46,669 INFO     ___FILE_ONLY___ :
2024-11-27 09:03:46,669 INFO     ___FILE_ONLY___  
2024-11-27 09:03:46,669 INFO     ___FILE_ONLY___ roles/iam.roleAdmin
2024-11-27 09:03:46,669 INFO     ___FILE_ONLY___ 

2024-11-27 09:03:46,669 INFO     ___FILE_ONLY___ -
2024-11-27 09:03:46,669 INFO     ___FILE_ONLY___  
2024-11-27 09:03:46,669 INFO     ___FILE_ONLY___ members
2024-11-27 09:03:46,669 INFO     ___FILE_ONLY___ :
2024-11-27 09:03:46,669 INFO     ___FILE_ONLY___ 

2024-11-27 09:03:46,669 INFO     ___FILE_ONLY___   
2024-11-27 09:03:46,670 INFO     ___FILE_ONLY___ -
2024-11-27 09:03:46,670 INFO     ___FILE_ONLY___  
2024-11-27 09:03:46,670 INFO     ___FILE_ONLY___ serviceAccount:644941739395@cloudbuild.gserviceaccount.com
2024-11-27 09:03:46,670 INFO     ___FILE_ONLY___ 

2024-11-27 09:03:46,670 INFO     ___FILE_ONLY___   
2024-11-27 09:03:46,670 INFO     ___FILE_ONLY___ -
2024-11-27 09:03:46,670 INFO     ___FILE_ONLY___  
2024-11-27 09:03:46,670 INFO     ___FILE_ONLY___ serviceAccount:vm-creater-account@inspired-photon-441609-k7.iam.gserviceaccount.com
2024-11-27 09:03:46,670 INFO     ___FILE_ONLY___ 

2024-11-27 09:03:46,670 INFO     ___FILE_ONLY___   
2024-11-27 09:03:46,670 INFO     ___FILE_ONLY___ role
2024-11-27 09:03:46,670 INFO     ___FILE_ONLY___ :
2024-11-27 09:03:46,671 INFO     ___FILE_ONLY___  
2024-11-27 09:03:46,671 INFO     ___FILE_ONLY___ roles/iam.serviceAccountUser
2024-11-27 09:03:46,671 INFO     ___FILE_ONLY___ 

2024-11-27 09:03:46,671 INFO     ___FILE_ONLY___ -
2024-11-27 09:03:46,671 INFO     ___FILE_ONLY___  
2024-11-27 09:03:46,671 INFO     ___FILE_ONLY___ members
2024-11-27 09:03:46,671 INFO     ___FILE_ONLY___ :
2024-11-27 09:03:46,671 INFO     ___FILE_ONLY___ 

2024-11-27 09:03:46,671 INFO     ___FILE_ONLY___   
2024-11-27 09:03:46,671 INFO     ___FILE_ONLY___ -
2024-11-27 09:03:46,671 INFO     ___FILE_ONLY___  
2024-11-27 09:03:46,671 INFO     ___FILE_ONLY___ user:das03285@gmail.com
2024-11-27 09:03:46,671 INFO     ___FILE_ONLY___ 

2024-11-27 09:03:46,672 INFO     ___FILE_ONLY___   
2024-11-27 09:03:46,672 INFO     ___FILE_ONLY___ role
2024-11-27 09:03:46,672 INFO     ___FILE_ONLY___ :
2024-11-27 09:03:46,672 INFO     ___FILE_ONLY___  
2024-11-27 09:03:46,672 INFO     ___FILE_ONLY___ roles/owner
2024-11-27 09:03:46,672 INFO     ___FILE_ONLY___ 

2024-11-27 09:03:46,672 INFO     ___FILE_ONLY___ -
2024-11-27 09:03:46,672 INFO     ___FILE_ONLY___  
2024-11-27 09:03:46,673 INFO     ___FILE_ONLY___ members
2024-11-27 09:03:46,673 INFO     ___FILE_ONLY___ :
2024-11-27 09:03:46,673 INFO     ___FILE_ONLY___ 

2024-11-27 09:03:46,674 INFO     ___FILE_ONLY___   
2024-11-27 09:03:46,674 INFO     ___FILE_ONLY___ -
2024-11-27 09:03:46,674 INFO     ___FILE_ONLY___  
2024-11-27 09:03:46,674 INFO     ___FILE_ONLY___ serviceAccount:service-644941739395@gcp-sa-pubsub.iam.gserviceaccount.com
2024-11-27 09:03:46,674 INFO     ___FILE_ONLY___ 

2024-11-27 09:03:46,674 INFO     ___FILE_ONLY___   
2024-11-27 09:03:46,674 INFO     ___FILE_ONLY___ role
2024-11-27 09:03:46,674 INFO     ___FILE_ONLY___ :
2024-11-27 09:03:46,674 INFO     ___FILE_ONLY___  
2024-11-27 09:03:46,674 INFO     ___FILE_ONLY___ roles/pubsub.serviceAgent
2024-11-27 09:03:46,675 INFO     ___FILE_ONLY___ 

2024-11-27 09:03:46,675 INFO     ___FILE_ONLY___ -
2024-11-27 09:03:46,675 INFO     ___FILE_ONLY___  
2024-11-27 09:03:46,675 INFO     ___FILE_ONLY___ members
2024-11-27 09:03:46,675 INFO     ___FILE_ONLY___ :
2024-11-27 09:03:46,675 INFO     ___FILE_ONLY___ 

2024-11-27 09:03:46,675 INFO     ___FILE_ONLY___   
2024-11-27 09:03:46,675 INFO     ___FILE_ONLY___ -
2024-11-27 09:03:46,676 INFO     ___FILE_ONLY___  
2024-11-27 09:03:46,676 INFO     ___FILE_ONLY___ serviceAccount:trigger-account@inspired-photon-441609-k7.iam.gserviceaccount.com
2024-11-27 09:03:46,676 INFO     ___FILE_ONLY___ 

2024-11-27 09:03:46,676 INFO     ___FILE_ONLY___   
2024-11-27 09:03:46,676 INFO     ___FILE_ONLY___ role
2024-11-27 09:03:46,676 INFO     ___FILE_ONLY___ :
2024-11-27 09:03:46,676 INFO     ___FILE_ONLY___  
2024-11-27 09:03:46,676 INFO     ___FILE_ONLY___ roles/resourcemanager.projectIamAdmin
2024-11-27 09:03:46,676 INFO     ___FILE_ONLY___ 

2024-11-27 09:03:46,677 INFO     ___FILE_ONLY___ etag
2024-11-27 09:03:46,677 INFO     ___FILE_ONLY___ :
2024-11-27 09:03:46,677 INFO     ___FILE_ONLY___  
2024-11-27 09:03:46,677 INFO     ___FILE_ONLY___ BwYn4T5MwnE=
2024-11-27 09:03:46,677 INFO     ___FILE_ONLY___ 

2024-11-27 09:03:46,677 INFO     ___FILE_ONLY___ version
2024-11-27 09:03:46,677 INFO     ___FILE_ONLY___ :
2024-11-27 09:03:46,677 INFO     ___FILE_ONLY___  
2024-11-27 09:03:46,677 INFO     ___FILE_ONLY___ 1
2024-11-27 09:03:46,677 INFO     ___FILE_ONLY___ 

2024-11-27 09:03:46,678 DEBUG    root            SDK update checks are disabled.
