2024-11-27 09:23:02,980 DEBUG    root            Loaded Command Group: ['gcloud', 'projects']
2024-11-27 09:23:03,020 DEBUG    root            Loaded Command Group: ['gcloud', 'projects', 'add_iam_policy_binding']
2024-11-27 09:23:03,034 DEBUG    root            Running [gcloud.projects.add-iam-policy-binding] with arguments: [--member: "serviceAccount:service-644941739395@gcp-sa-eventarc.iam.gserviceaccount.com", --role: "roles/eventarc.serviceAgent", PROJECT_ID: "inspired-photon-441609-k7"]
2024-11-27 09:23:03,203 DEBUG    urllib3.connectionpool Starting new HTTPS connection (1): cloudresourcemanager.googleapis.com:443
2024-11-27 09:23:03,432 DEBUG    urllib3.connectionpool https://cloudresourcemanager.googleapis.com:443 "POST /v1/projects/inspired-photon-441609-k7:getIamPolicy?alt=json HTTP/1.1" 200 None
2024-11-27 09:23:03,574 DEBUG    urllib3.connectionpool Starting new HTTPS connection (1): cloudresourcemanager.googleapis.com:443
2024-11-27 09:23:04,095 DEBUG    urllib3.connectionpool https://cloudresourcemanager.googleapis.com:443 "POST /v1/projects/inspired-photon-441609-k7:setIamPolicy?alt=json HTTP/1.1" 200 None
2024-11-27 09:23:04,099 INFO     ___FILE_ONLY___ Updated IAM policy for project [inspired-photon-441609-k7].

2024-11-27 09:23:04,100 DEBUG    root            Chosen display Format:default
2024-11-27 09:23:04,100 INFO     root            Display format: "default"
2024-11-27 09:23:04,122 INFO     ___FILE_ONLY___ bindings
2024-11-27 09:23:04,123 INFO     ___FILE_ONLY___ :
2024-11-27 09:23:04,123 INFO     ___FILE_ONLY___ 

2024-11-27 09:23:04,123 INFO     ___FILE_ONLY___ -
2024-11-27 09:23:04,123 INFO     ___FILE_ONLY___  
2024-11-27 09:23:04,123 INFO     ___FILE_ONLY___ members
2024-11-27 09:23:04,123 INFO     ___FILE_ONLY___ :
2024-11-27 09:23:04,123 INFO     ___FILE_ONLY___ 

2024-11-27 09:23:04,124 INFO     ___FILE_ONLY___   
2024-11-27 09:23:04,124 INFO     ___FILE_ONLY___ -
2024-11-27 09:23:04,124 INFO     ___FILE_ONLY___  
2024-11-27 09:23:04,124 INFO     ___FILE_ONLY___ serviceAccount:trigger-account@inspired-photon-441609-k7.iam.gserviceaccount.com
2024-11-27 09:23:04,124 INFO     ___FILE_ONLY___ 

2024-11-27 09:23:04,124 INFO     ___FILE_ONLY___   
2024-11-27 09:23:04,125 INFO     ___FILE_ONLY___ role
2024-11-27 09:23:04,125 INFO     ___FILE_ONLY___ :
2024-11-27 09:23:04,125 INFO     ___FILE_ONLY___  
2024-11-27 09:23:04,125 INFO     ___FILE_ONLY___ projects/inspired-photon-441609-k7/roles/main_custom_role_17
2024-11-27 09:23:04,125 INFO     ___FILE_ONLY___ 

2024-11-27 09:23:04,126 INFO     ___FILE_ONLY___ -
2024-11-27 09:23:04,126 INFO     ___FILE_ONLY___  
2024-11-27 09:23:04,126 INFO     ___FILE_ONLY___ members
2024-11-27 09:23:04,126 INFO     ___FILE_ONLY___ :
2024-11-27 09:23:04,126 INFO     ___FILE_ONLY___ 

2024-11-27 09:23:04,126 INFO     ___FILE_ONLY___   
2024-11-27 09:23:04,126 INFO     ___FILE_ONLY___ -
2024-11-27 09:23:04,126 INFO     ___FILE_ONLY___  
2024-11-27 09:23:04,126 INFO     ___FILE_ONLY___ serviceAccount:service-644941739395@gcp-sa-artifactregistry.iam.gserviceaccount.com
2024-11-27 09:23:04,127 INFO     ___FILE_ONLY___ 

2024-11-27 09:23:04,127 INFO     ___FILE_ONLY___   
2024-11-27 09:23:04,127 INFO     ___FILE_ONLY___ role
2024-11-27 09:23:04,127 INFO     ___FILE_ONLY___ :
2024-11-27 09:23:04,127 INFO     ___FILE_ONLY___  
2024-11-27 09:23:04,127 INFO     ___FILE_ONLY___ roles/artifactregistry.serviceAgent
2024-11-27 09:23:04,127 INFO     ___FILE_ONLY___ 

2024-11-27 09:23:04,127 INFO     ___FILE_ONLY___ -
2024-11-27 09:23:04,127 INFO     ___FILE_ONLY___  
2024-11-27 09:23:04,127 INFO     ___FILE_ONLY___ members
2024-11-27 09:23:04,128 INFO     ___FILE_ONLY___ :
2024-11-27 09:23:04,128 INFO     ___FILE_ONLY___ 

2024-11-27 09:23:04,128 INFO     ___FILE_ONLY___   
2024-11-27 09:23:04,128 INFO     ___FILE_ONLY___ -
2024-11-27 09:23:04,128 INFO     ___FILE_ONLY___  
2024-11-27 09:23:04,128 INFO     ___FILE_ONLY___ serviceAccount:644941739395@cloudbuild.gserviceaccount.com
2024-11-27 09:23:04,128 INFO     ___FILE_ONLY___ 

2024-11-27 09:23:04,128 INFO     ___FILE_ONLY___   
2024-11-27 09:23:04,128 INFO     ___FILE_ONLY___ role
2024-11-27 09:23:04,128 INFO     ___FILE_ONLY___ :
2024-11-27 09:23:04,129 INFO     ___FILE_ONLY___  
2024-11-27 09:23:04,129 INFO     ___FILE_ONLY___ roles/cloudbuild.builds.builder
2024-11-27 09:23:04,129 INFO     ___FILE_ONLY___ 

2024-11-27 09:23:04,129 INFO     ___FILE_ONLY___ -
2024-11-27 09:23:04,129 INFO     ___FILE_ONLY___  
2024-11-27 09:23:04,129 INFO     ___FILE_ONLY___ members
2024-11-27 09:23:04,129 INFO     ___FILE_ONLY___ :
2024-11-27 09:23:04,129 INFO     ___FILE_ONLY___ 

2024-11-27 09:23:04,129 INFO     ___FILE_ONLY___   
2024-11-27 09:23:04,129 INFO     ___FILE_ONLY___ -
2024-11-27 09:23:04,129 INFO     ___FILE_ONLY___  
2024-11-27 09:23:04,130 INFO     ___FILE_ONLY___ serviceAccount:service-644941739395@gcp-sa-cloudbuild.iam.gserviceaccount.com
2024-11-27 09:23:04,130 INFO     ___FILE_ONLY___ 

2024-11-27 09:23:04,130 INFO     ___FILE_ONLY___   
2024-11-27 09:23:04,130 INFO     ___FILE_ONLY___ role
2024-11-27 09:23:04,130 INFO     ___FILE_ONLY___ :
2024-11-27 09:23:04,130 INFO     ___FILE_ONLY___  
2024-11-27 09:23:04,130 INFO     ___FILE_ONLY___ roles/cloudbuild.serviceAgent
2024-11-27 09:23:04,130 INFO     ___FILE_ONLY___ 

2024-11-27 09:23:04,130 INFO     ___FILE_ONLY___ -
2024-11-27 09:23:04,130 INFO     ___FILE_ONLY___  
2024-11-27 09:23:04,131 INFO     ___FILE_ONLY___ members
2024-11-27 09:23:04,131 INFO     ___FILE_ONLY___ :
2024-11-27 09:23:04,131 INFO     ___FILE_ONLY___ 

2024-11-27 09:23:04,131 INFO     ___FILE_ONLY___   
2024-11-27 09:23:04,131 INFO     ___FILE_ONLY___ -
2024-11-27 09:23:04,131 INFO     ___FILE_ONLY___  
2024-11-27 09:23:04,131 INFO     ___FILE_ONLY___ serviceAccount:644941739395@cloudbuild.gserviceaccount.com
2024-11-27 09:23:04,131 INFO     ___FILE_ONLY___ 

2024-11-27 09:23:04,131 INFO     ___FILE_ONLY___   
2024-11-27 09:23:04,131 INFO     ___FILE_ONLY___ role
2024-11-27 09:23:04,131 INFO     ___FILE_ONLY___ :
2024-11-27 09:23:04,131 INFO     ___FILE_ONLY___  
2024-11-27 09:23:04,132 INFO     ___FILE_ONLY___ roles/cloudfunctions.developer
2024-11-27 09:23:04,132 INFO     ___FILE_ONLY___ 

2024-11-27 09:23:04,132 INFO     ___FILE_ONLY___ -
2024-11-27 09:23:04,132 INFO     ___FILE_ONLY___  
2024-11-27 09:23:04,132 INFO     ___FILE_ONLY___ members
2024-11-27 09:23:04,132 INFO     ___FILE_ONLY___ :
2024-11-27 09:23:04,132 INFO     ___FILE_ONLY___ 

2024-11-27 09:23:04,132 INFO     ___FILE_ONLY___   
2024-11-27 09:23:04,132 INFO     ___FILE_ONLY___ -
2024-11-27 09:23:04,132 INFO     ___FILE_ONLY___  
2024-11-27 09:23:04,132 INFO     ___FILE_ONLY___ serviceAccount:service-644941739395@gcf-admin-robot.iam.gserviceaccount.com
2024-11-27 09:23:04,133 INFO     ___FILE_ONLY___ 

2024-11-27 09:23:04,133 INFO     ___FILE_ONLY___   
2024-11-27 09:23:04,133 INFO     ___FILE_ONLY___ role
2024-11-27 09:23:04,133 INFO     ___FILE_ONLY___ :
2024-11-27 09:23:04,133 INFO     ___FILE_ONLY___  
2024-11-27 09:23:04,133 INFO     ___FILE_ONLY___ roles/cloudfunctions.serviceAgent
2024-11-27 09:23:04,133 INFO     ___FILE_ONLY___ 

2024-11-27 09:23:04,133 INFO     ___FILE_ONLY___ -
2024-11-27 09:23:04,133 INFO     ___FILE_ONLY___  
2024-11-27 09:23:04,133 INFO     ___FILE_ONLY___ members
2024-11-27 09:23:04,133 INFO     ___FILE_ONLY___ :
2024-11-27 09:23:04,133 INFO     ___FILE_ONLY___ 

2024-11-27 09:23:04,134 INFO     ___FILE_ONLY___   
2024-11-27 09:23:04,134 INFO     ___FILE_ONLY___ -
2024-11-27 09:23:04,134 INFO     ___FILE_ONLY___  
2024-11-27 09:23:04,134 INFO     ___FILE_ONLY___ serviceAccount:vm-creater-account@inspired-photon-441609-k7.iam.gserviceaccount.com
2024-11-27 09:23:04,134 INFO     ___FILE_ONLY___ 

2024-11-27 09:23:04,134 INFO     ___FILE_ONLY___   
2024-11-27 09:23:04,134 INFO     ___FILE_ONLY___ role
2024-11-27 09:23:04,134 INFO     ___FILE_ONLY___ :
2024-11-27 09:23:04,134 INFO     ___FILE_ONLY___  
2024-11-27 09:23:04,134 INFO     ___FILE_ONLY___ roles/compute.instanceAdmin.v1
2024-11-27 09:23:04,134 INFO     ___FILE_ONLY___ 

2024-11-27 09:23:04,135 INFO     ___FILE_ONLY___ -
2024-11-27 09:23:04,135 INFO     ___FILE_ONLY___  
2024-11-27 09:23:04,135 INFO     ___FILE_ONLY___ members
2024-11-27 09:23:04,135 INFO     ___FILE_ONLY___ :
2024-11-27 09:23:04,135 INFO     ___FILE_ONLY___ 

2024-11-27 09:23:04,135 INFO     ___FILE_ONLY___   
2024-11-27 09:23:04,135 INFO     ___FILE_ONLY___ -
2024-11-27 09:23:04,135 INFO     ___FILE_ONLY___  
2024-11-27 09:23:04,135 INFO     ___FILE_ONLY___ serviceAccount:vm-creater-account@inspired-photon-441609-k7.iam.gserviceaccount.com
2024-11-27 09:23:04,135 INFO     ___FILE_ONLY___ 

2024-11-27 09:23:04,135 INFO     ___FILE_ONLY___   
2024-11-27 09:23:04,136 INFO     ___FILE_ONLY___ role
2024-11-27 09:23:04,136 INFO     ___FILE_ONLY___ :
2024-11-27 09:23:04,136 INFO     ___FILE_ONLY___  
2024-11-27 09:23:04,136 INFO     ___FILE_ONLY___ roles/compute.networkUser
2024-11-27 09:23:04,136 INFO     ___FILE_ONLY___ 

2024-11-27 09:23:04,136 INFO     ___FILE_ONLY___ -
2024-11-27 09:23:04,136 INFO     ___FILE_ONLY___  
2024-11-27 09:23:04,136 INFO     ___FILE_ONLY___ members
2024-11-27 09:23:04,136 INFO     ___FILE_ONLY___ :
2024-11-27 09:23:04,136 INFO     ___FILE_ONLY___ 

2024-11-27 09:23:04,136 INFO     ___FILE_ONLY___   
2024-11-27 09:23:04,136 INFO     ___FILE_ONLY___ -
2024-11-27 09:23:04,137 INFO     ___FILE_ONLY___  
2024-11-27 09:23:04,137 INFO     ___FILE_ONLY___ serviceAccount:service-644941739395@compute-system.iam.gserviceaccount.com
2024-11-27 09:23:04,137 INFO     ___FILE_ONLY___ 

2024-11-27 09:23:04,137 INFO     ___FILE_ONLY___   
2024-11-27 09:23:04,137 INFO     ___FILE_ONLY___ role
2024-11-27 09:23:04,137 INFO     ___FILE_ONLY___ :
2024-11-27 09:23:04,137 INFO     ___FILE_ONLY___  
2024-11-27 09:23:04,137 INFO     ___FILE_ONLY___ roles/compute.serviceAgent
2024-11-27 09:23:04,137 INFO     ___FILE_ONLY___ 

2024-11-27 09:23:04,137 INFO     ___FILE_ONLY___ -
2024-11-27 09:23:04,137 INFO     ___FILE_ONLY___  
2024-11-27 09:23:04,138 INFO     ___FILE_ONLY___ members
2024-11-27 09:23:04,138 INFO     ___FILE_ONLY___ :
2024-11-27 09:23:04,138 INFO     ___FILE_ONLY___ 

2024-11-27 09:23:04,138 INFO     ___FILE_ONLY___   
2024-11-27 09:23:04,138 INFO     ___FILE_ONLY___ -
2024-11-27 09:23:04,138 INFO     ___FILE_ONLY___  
2024-11-27 09:23:04,138 INFO     ___FILE_ONLY___ serviceAccount:service-644941739395@containerregistry.iam.gserviceaccount.com
2024-11-27 09:23:04,138 INFO     ___FILE_ONLY___ 

2024-11-27 09:23:04,138 INFO     ___FILE_ONLY___   
2024-11-27 09:23:04,138 INFO     ___FILE_ONLY___ role
2024-11-27 09:23:04,138 INFO     ___FILE_ONLY___ :
2024-11-27 09:23:04,138 INFO     ___FILE_ONLY___  
2024-11-27 09:23:04,138 INFO     ___FILE_ONLY___ roles/containerregistry.ServiceAgent
2024-11-27 09:23:04,139 INFO     ___FILE_ONLY___ 

2024-11-27 09:23:04,139 INFO     ___FILE_ONLY___ -
2024-11-27 09:23:04,139 INFO     ___FILE_ONLY___  
2024-11-27 09:23:04,139 INFO     ___FILE_ONLY___ members
2024-11-27 09:23:04,139 INFO     ___FILE_ONLY___ :
2024-11-27 09:23:04,139 INFO     ___FILE_ONLY___ 

2024-11-27 09:23:04,139 INFO     ___FILE_ONLY___   
2024-11-27 09:23:04,139 INFO     ___FILE_ONLY___ -
2024-11-27 09:23:04,139 INFO     ___FILE_ONLY___  
2024-11-27 09:23:04,139 INFO     ___FILE_ONLY___ serviceAccount:644941739395-compute@developer.gserviceaccount.com
2024-11-27 09:23:04,139 INFO     ___FILE_ONLY___ 

2024-11-27 09:23:04,139 INFO     ___FILE_ONLY___   
2024-11-27 09:23:04,140 INFO     ___FILE_ONLY___ -
2024-11-27 09:23:04,140 INFO     ___FILE_ONLY___  
2024-11-27 09:23:04,140 INFO     ___FILE_ONLY___ serviceAccount:644941739395@cloudservices.gserviceaccount.com
2024-11-27 09:23:04,140 INFO     ___FILE_ONLY___ 

2024-11-27 09:23:04,140 INFO     ___FILE_ONLY___   
2024-11-27 09:23:04,140 INFO     ___FILE_ONLY___ -
2024-11-27 09:23:04,140 INFO     ___FILE_ONLY___  
2024-11-27 09:23:04,140 INFO     ___FILE_ONLY___ serviceAccount:inspired-photon-441609-k7@appspot.gserviceaccount.com
2024-11-27 09:23:04,140 INFO     ___FILE_ONLY___ 

2024-11-27 09:23:04,140 INFO     ___FILE_ONLY___   
2024-11-27 09:23:04,140 INFO     ___FILE_ONLY___ -
2024-11-27 09:23:04,141 INFO     ___FILE_ONLY___  
2024-11-27 09:23:04,141 INFO     ___FILE_ONLY___ serviceAccount:vm-creater-account@inspired-photon-441609-k7.iam.gserviceaccount.com
2024-11-27 09:23:04,141 INFO     ___FILE_ONLY___ 

2024-11-27 09:23:04,141 INFO     ___FILE_ONLY___   
2024-11-27 09:23:04,141 INFO     ___FILE_ONLY___ role
2024-11-27 09:23:04,141 INFO     ___FILE_ONLY___ :
2024-11-27 09:23:04,141 INFO     ___FILE_ONLY___  
2024-11-27 09:23:04,141 INFO     ___FILE_ONLY___ roles/editor
2024-11-27 09:23:04,141 INFO     ___FILE_ONLY___ 

2024-11-27 09:23:04,141 INFO     ___FILE_ONLY___ -
2024-11-27 09:23:04,141 INFO     ___FILE_ONLY___  
2024-11-27 09:23:04,141 INFO     ___FILE_ONLY___ members
2024-11-27 09:23:04,142 INFO     ___FILE_ONLY___ :
2024-11-27 09:23:04,142 INFO     ___FILE_ONLY___ 

2024-11-27 09:23:04,142 INFO     ___FILE_ONLY___   
2024-11-27 09:23:04,142 INFO     ___FILE_ONLY___ -
2024-11-27 09:23:04,142 INFO     ___FILE_ONLY___  
2024-11-27 09:23:04,142 INFO     ___FILE_ONLY___ serviceAccount:service-644941739395@gcp-sa-eventarc.iam.gserviceaccount.com
2024-11-27 09:23:04,142 INFO     ___FILE_ONLY___ 

2024-11-27 09:23:04,142 INFO     ___FILE_ONLY___   
2024-11-27 09:23:04,142 INFO     ___FILE_ONLY___ role
2024-11-27 09:23:04,142 INFO     ___FILE_ONLY___ :
2024-11-27 09:23:04,142 INFO     ___FILE_ONLY___  
2024-11-27 09:23:04,142 INFO     ___FILE_ONLY___ roles/eventarc.serviceAgent
2024-11-27 09:23:04,142 INFO     ___FILE_ONLY___ 

2024-11-27 09:23:04,143 INFO     ___FILE_ONLY___ -
2024-11-27 09:23:04,143 INFO     ___FILE_ONLY___  
2024-11-27 09:23:04,143 INFO     ___FILE_ONLY___ members
2024-11-27 09:23:04,143 INFO     ___FILE_ONLY___ :
2024-11-27 09:23:04,143 INFO     ___FILE_ONLY___ 

2024-11-27 09:23:04,143 INFO     ___FILE_ONLY___   
2024-11-27 09:23:04,143 INFO     ___FILE_ONLY___ -
2024-11-27 09:23:04,143 INFO     ___FILE_ONLY___  
2024-11-27 09:23:04,143 INFO     ___FILE_ONLY___ serviceAccount:trigger-account@inspired-photon-441609-k7.iam.gserviceaccount.com
2024-11-27 09:23:04,143 INFO     ___FILE_ONLY___ 

2024-11-27 09:23:04,143 INFO     ___FILE_ONLY___   
2024-11-27 09:23:04,144 INFO     ___FILE_ONLY___ role
2024-11-27 09:23:04,144 INFO     ___FILE_ONLY___ :
2024-11-27 09:23:04,144 INFO     ___FILE_ONLY___  
2024-11-27 09:23:04,144 INFO     ___FILE_ONLY___ roles/iam.roleAdmin
2024-11-27 09:23:04,144 INFO     ___FILE_ONLY___ 

2024-11-27 09:23:04,144 INFO     ___FILE_ONLY___ -
2024-11-27 09:23:04,144 INFO     ___FILE_ONLY___  
2024-11-27 09:23:04,144 INFO     ___FILE_ONLY___ members
2024-11-27 09:23:04,144 INFO     ___FILE_ONLY___ :
2024-11-27 09:23:04,145 INFO     ___FILE_ONLY___ 

2024-11-27 09:23:04,145 INFO     ___FILE_ONLY___   
2024-11-27 09:23:04,145 INFO     ___FILE_ONLY___ -
2024-11-27 09:23:04,145 INFO     ___FILE_ONLY___  
2024-11-27 09:23:04,145 INFO     ___FILE_ONLY___ serviceAccount:644941739395@cloudbuild.gserviceaccount.com
2024-11-27 09:23:04,145 INFO     ___FILE_ONLY___ 

2024-11-27 09:23:04,145 INFO     ___FILE_ONLY___   
2024-11-27 09:23:04,145 INFO     ___FILE_ONLY___ -
2024-11-27 09:23:04,145 INFO     ___FILE_ONLY___  
2024-11-27 09:23:04,145 INFO     ___FILE_ONLY___ serviceAccount:vm-creater-account@inspired-photon-441609-k7.iam.gserviceaccount.com
2024-11-27 09:23:04,145 INFO     ___FILE_ONLY___ 

2024-11-27 09:23:04,146 INFO     ___FILE_ONLY___   
2024-11-27 09:23:04,146 INFO     ___FILE_ONLY___ role
2024-11-27 09:23:04,146 INFO     ___FILE_ONLY___ :
2024-11-27 09:23:04,146 INFO     ___FILE_ONLY___  
2024-11-27 09:23:04,146 INFO     ___FILE_ONLY___ roles/iam.serviceAccountUser
2024-11-27 09:23:04,146 INFO     ___FILE_ONLY___ 

2024-11-27 09:23:04,146 INFO     ___FILE_ONLY___ -
2024-11-27 09:23:04,146 INFO     ___FILE_ONLY___  
2024-11-27 09:23:04,146 INFO     ___FILE_ONLY___ members
2024-11-27 09:23:04,146 INFO     ___FILE_ONLY___ :
2024-11-27 09:23:04,146 INFO     ___FILE_ONLY___ 

2024-11-27 09:23:04,146 INFO     ___FILE_ONLY___   
2024-11-27 09:23:04,147 INFO     ___FILE_ONLY___ -
2024-11-27 09:23:04,147 INFO     ___FILE_ONLY___  
2024-11-27 09:23:04,147 INFO     ___FILE_ONLY___ user:das03285@gmail.com
2024-11-27 09:23:04,147 INFO     ___FILE_ONLY___ 

2024-11-27 09:23:04,147 INFO     ___FILE_ONLY___   
2024-11-27 09:23:04,147 INFO     ___FILE_ONLY___ role
2024-11-27 09:23:04,147 INFO     ___FILE_ONLY___ :
2024-11-27 09:23:04,147 INFO     ___FILE_ONLY___  
2024-11-27 09:23:04,147 INFO     ___FILE_ONLY___ roles/owner
2024-11-27 09:23:04,147 INFO     ___FILE_ONLY___ 

2024-11-27 09:23:04,147 INFO     ___FILE_ONLY___ -
2024-11-27 09:23:04,147 INFO     ___FILE_ONLY___  
2024-11-27 09:23:04,148 INFO     ___FILE_ONLY___ members
2024-11-27 09:23:04,148 INFO     ___FILE_ONLY___ :
2024-11-27 09:23:04,148 INFO     ___FILE_ONLY___ 

2024-11-27 09:23:04,148 INFO     ___FILE_ONLY___   
2024-11-27 09:23:04,148 INFO     ___FILE_ONLY___ -
2024-11-27 09:23:04,148 INFO     ___FILE_ONLY___  
2024-11-27 09:23:04,148 INFO     ___FILE_ONLY___ serviceAccount:service-644941739395@gcp-sa-pubsub.iam.gserviceaccount.com
2024-11-27 09:23:04,148 INFO     ___FILE_ONLY___ 

2024-11-27 09:23:04,148 INFO     ___FILE_ONLY___   
2024-11-27 09:23:04,148 INFO     ___FILE_ONLY___ role
2024-11-27 09:23:04,148 INFO     ___FILE_ONLY___ :
2024-11-27 09:23:04,149 INFO     ___FILE_ONLY___  
2024-11-27 09:23:04,149 INFO     ___FILE_ONLY___ roles/pubsub.serviceAgent
2024-11-27 09:23:04,149 INFO     ___FILE_ONLY___ 

2024-11-27 09:23:04,149 INFO     ___FILE_ONLY___ -
2024-11-27 09:23:04,149 INFO     ___FILE_ONLY___  
2024-11-27 09:23:04,149 INFO     ___FILE_ONLY___ members
2024-11-27 09:23:04,149 INFO     ___FILE_ONLY___ :
2024-11-27 09:23:04,149 INFO     ___FILE_ONLY___ 

2024-11-27 09:23:04,149 INFO     ___FILE_ONLY___   
2024-11-27 09:23:04,149 INFO     ___FILE_ONLY___ -
2024-11-27 09:23:04,149 INFO     ___FILE_ONLY___  
2024-11-27 09:23:04,149 INFO     ___FILE_ONLY___ serviceAccount:trigger-account@inspired-photon-441609-k7.iam.gserviceaccount.com
2024-11-27 09:23:04,150 INFO     ___FILE_ONLY___ 

2024-11-27 09:23:04,150 INFO     ___FILE_ONLY___   
2024-11-27 09:23:04,150 INFO     ___FILE_ONLY___ role
2024-11-27 09:23:04,150 INFO     ___FILE_ONLY___ :
2024-11-27 09:23:04,150 INFO     ___FILE_ONLY___  
2024-11-27 09:23:04,150 INFO     ___FILE_ONLY___ roles/resourcemanager.projectIamAdmin
2024-11-27 09:23:04,150 INFO     ___FILE_ONLY___ 

2024-11-27 09:23:04,150 INFO     ___FILE_ONLY___ -
2024-11-27 09:23:04,150 INFO     ___FILE_ONLY___  
2024-11-27 09:23:04,150 INFO     ___FILE_ONLY___ members
2024-11-27 09:23:04,150 INFO     ___FILE_ONLY___ :
2024-11-27 09:23:04,150 INFO     ___FILE_ONLY___ 

2024-11-27 09:23:04,151 INFO     ___FILE_ONLY___   
2024-11-27 09:23:04,151 INFO     ___FILE_ONLY___ -
2024-11-27 09:23:04,151 INFO     ___FILE_ONLY___  
2024-11-27 09:23:04,151 INFO     ___FILE_ONLY___ serviceAccount:service-644941739395@serverless-robot-prod.iam.gserviceaccount.com
2024-11-27 09:23:04,151 INFO     ___FILE_ONLY___ 

2024-11-27 09:23:04,151 INFO     ___FILE_ONLY___   
2024-11-27 09:23:04,151 INFO     ___FILE_ONLY___ role
2024-11-27 09:23:04,151 INFO     ___FILE_ONLY___ :
2024-11-27 09:23:04,151 INFO     ___FILE_ONLY___  
2024-11-27 09:23:04,151 INFO     ___FILE_ONLY___ roles/run.serviceAgent
2024-11-27 09:23:04,151 INFO     ___FILE_ONLY___ 

2024-11-27 09:23:04,152 INFO     ___FILE_ONLY___ etag
2024-11-27 09:23:04,152 INFO     ___FILE_ONLY___ :
2024-11-27 09:23:04,152 INFO     ___FILE_ONLY___  
2024-11-27 09:23:04,152 INFO     ___FILE_ONLY___ BwYn4YNKaMc=
2024-11-27 09:23:04,152 INFO     ___FILE_ONLY___ 

2024-11-27 09:23:04,152 INFO     ___FILE_ONLY___ version
2024-11-27 09:23:04,152 INFO     ___FILE_ONLY___ :
2024-11-27 09:23:04,152 INFO     ___FILE_ONLY___  
2024-11-27 09:23:04,152 INFO     ___FILE_ONLY___ 1
2024-11-27 09:23:04,152 INFO     ___FILE_ONLY___ 

2024-11-27 09:23:04,153 DEBUG    root            SDK update checks are disabled.
