2024-11-27 09:23:07,403 DEBUG    root            Loaded Command Group: ['gcloud', 'functions']
2024-11-27 09:23:07,764 DEBUG    root            Loaded Command Group: ['gcloud', 'functions', 'deploy']
2024-11-27 09:23:07,798 DEBUG    root            Running [gcloud.functions.deploy] with arguments: [--entry-point: "gcs_trigger", --runtime: "python312", --set-env-vars: "OrderedDict([('PROJECT_ID', 'inspired-photon-441609-k7'), ('TOPIC_ID', 'gcs-trigger-topic')])", --source: ".", --trigger-event: "google.storage.object.finalize", --trigger-resource: "main-bucket-5505", NAME: "gcs-to-pubsub"]
2024-11-27 09:23:07,960 DEBUG    urllib3.connectionpool Starting new HTTPS connection (1): cloudfunctions.googleapis.com:443
2024-11-27 09:23:08,185 DEBUG    urllib3.connectionpool https://cloudfunctions.googleapis.com:443 "GET /v2/projects/inspired-photon-441609-k7/locations/us-central1/functions/gcs-to-pubsub?alt=json HTTP/1.1" 200 None
2024-11-27 09:23:08,321 DEBUG    urllib3.connectionpool Starting new HTTPS connection (1): cloudfunctions.googleapis.com:443
2024-11-27 09:23:08,516 DEBUG    urllib3.connectionpool https://cloudfunctions.googleapis.com:443 "GET /v2/projects/inspired-photon-441609-k7/locations/us-central1/functions/gcs-to-pubsub?alt=json HTTP/1.1" 200 None
2024-11-27 09:23:08,522 DEBUG    urllib3.connectionpool Starting new HTTPS connection (1): cloudfunctions.googleapis.com:443
2024-11-27 09:23:08,601 DEBUG    urllib3.connectionpool https://cloudfunctions.googleapis.com:443 "GET /v2/projects/inspired-photon-441609-k7/locations/us-central1/runtimes?alt=json HTTP/1.1" 200 None
2024-11-27 09:23:08,627 INFO     root            Not using ignore file.
2024-11-27 09:23:28,056 DEBUG    urllib3.connectionpool Starting new HTTPS connection (1): cloudfunctions.googleapis.com:443
2024-11-27 09:23:28,238 DEBUG    urllib3.connectionpool https://cloudfunctions.googleapis.com:443 "POST /v2/projects/inspired-photon-441609-k7/locations/us-central1/functions:generateUploadUrl?alt=json HTTP/1.1" 200 None
2024-11-27 09:23:28,336 DEBUG    urllib3.connectionpool Starting new HTTPS connection (1): storage.googleapis.com:443
2024-11-27 09:23:28,896 DEBUG    urllib3.connectionpool https://storage.googleapis.com:443 "PUT /gcf-v2-uploads-644941739395.us-central1.cloudfunctions.appspot.com/deda0207-f1ab-44fc-b578-ab6fe140ead8.zip?GoogleAccessId=service-644941739395%40gcf-admin-robot.iam.gserviceaccount.com&Expires=1732701208&Signature=CANwIe1nLC8MjuE38orXAZbI6iyUSO7Tx1g1%2FmBJck1lGzLfoJ0ykhdGhrUv7qtvpO%2Fj4y8biCteC69MUdQtzu4RWZ4rCykURkzYEDVu4m%2Fi9Bmt7IMuqDYvASEWiimSE55myjjKA3qoBwkiFklNcbY96KLJ257XA3EX%2BfAWenatxbrCF%2FvBGZ4Rc5RE%2BFBGWIwgMAFo7h4dA8%2FUAuVOsVu0qIinXFtr6tb5eUe5Q3uWDIrHPV8Lsv8fUUPgoXz5g2XAcrIsfYWmfnZBwKOgZdIYXUnWMbbHc9pdjgImrSRV25L0l2SPMVBq8JVf3iSJTYGNbVv%2Bj%2Fwnu8LBTUPcDQ%3D%3D HTTP/1.1" 200 0
2024-11-27 09:23:28,993 DEBUG    urllib3.connectionpool Starting new HTTPS connection (1): serviceusage.googleapis.com:443
2024-11-27 09:23:29,221 DEBUG    urllib3.connectionpool https://serviceusage.googleapis.com:443 "GET /v1/projects/inspired-photon-441609-k7/services/run.googleapis.com?alt=json HTTP/1.1" 403 None
2024-11-27 09:23:29,224 INFO     root            Could not verify if service run.googleapis.com is enabled: missing permission 'serviceusage.services.get'.
2024-11-27 09:23:29,302 DEBUG    urllib3.connectionpool Starting new HTTPS connection (1): serviceusage.googleapis.com:443
2024-11-27 09:23:29,526 DEBUG    urllib3.connectionpool https://serviceusage.googleapis.com:443 "GET /v1/projects/inspired-photon-441609-k7/services/cloudbuild.googleapis.com?alt=json HTTP/1.1" 403 None
2024-11-27 09:23:29,529 INFO     root            Could not verify if service cloudbuild.googleapis.com is enabled: missing permission 'serviceusage.services.get'.
2024-11-27 09:23:29,598 DEBUG    urllib3.connectionpool Starting new HTTPS connection (1): serviceusage.googleapis.com:443
2024-11-27 09:23:29,725 DEBUG    urllib3.connectionpool https://serviceusage.googleapis.com:443 "GET /v1/projects/inspired-photon-441609-k7/services/artifactregistry.googleapis.com?alt=json HTTP/1.1" 403 None
2024-11-27 09:23:29,728 INFO     root            Could not verify if service artifactregistry.googleapis.com is enabled: missing permission 'serviceusage.services.get'.
2024-11-27 09:23:29,897 DEBUG    urllib3.connectionpool Starting new HTTPS connection (1): cloudbuild.googleapis.com:443
2024-11-27 09:23:30,031 DEBUG    urllib3.connectionpool https://cloudbuild.googleapis.com:443 "GET /v1/projects/inspired-photon-441609-k7/locations/us-central1/defaultServiceAccount?alt=json HTTP/1.1" 200 None
2024-11-27 09:23:30,175 DEBUG    urllib3.connectionpool Starting new HTTPS connection (1): cloudresourcemanager.googleapis.com:443
2024-11-27 09:23:30,262 DEBUG    urllib3.connectionpool https://cloudresourcemanager.googleapis.com:443 "GET /v1/projects/inspired-photon-441609-k7?alt=json HTTP/1.1" 200 None
2024-11-27 09:23:30,411 DEBUG    urllib3.connectionpool Starting new HTTPS connection (1): cloudresourcemanager.googleapis.com:443
2024-11-27 09:23:30,634 DEBUG    urllib3.connectionpool https://cloudresourcemanager.googleapis.com:443 "POST /v1/projects/inspired-photon-441609-k7:getIamPolicy?alt=json HTTP/1.1" 200 None
2024-11-27 09:23:30,642 DEBUG    urllib3.connectionpool Starting new HTTPS connection (1): cloudfunctions.googleapis.com:443
2024-11-27 09:23:31,800 DEBUG    urllib3.connectionpool https://cloudfunctions.googleapis.com:443 "PATCH /v2/projects/inspired-photon-441609-k7/locations/us-central1/functions/gcs-to-pubsub?alt=json&updateMask=build_config.entry_point%2Cbuild_config.runtime%2Cbuild_config.source%2Cevent_trigger%2Cservice_config.environment_variables HTTP/1.1" 200 None
2024-11-27 09:23:31,806 INFO     ___FILE_ONLY___ Preparing function...
2024-11-27 09:23:31,809 DEBUG    urllib3.connectionpool Starting new HTTPS connection (1): cloudfunctions.googleapis.com:443
2024-11-27 09:23:31,913 DEBUG    urllib3.connectionpool https://cloudfunctions.googleapis.com:443 "GET /v2/projects/inspired-photon-441609-k7/locations/us-central1/operations/operation-1732699410730-627e184e10e9f-a86a0628-af34ee9e?alt=json HTTP/1.1" 200 None
2024-11-27 09:23:32,960 DEBUG    urllib3.connectionpool Starting new HTTPS connection (1): cloudfunctions.googleapis.com:443
2024-11-27 09:23:33,049 DEBUG    urllib3.connectionpool https://cloudfunctions.googleapis.com:443 "GET /v2/projects/inspired-photon-441609-k7/locations/us-central1/operations/operation-1732699410730-627e184e10e9f-a86a0628-af34ee9e?alt=json HTTP/1.1" 200 None
2024-11-27 09:23:33,211 INFO     ___FILE_ONLY___ Updating function (may take a while)...
2024-11-27 09:23:33,214 DEBUG    urllib3.connectionpool Starting new HTTPS connection (1): cloudfunctions.googleapis.com:443
2024-11-27 09:23:33,305 DEBUG    urllib3.connectionpool https://cloudfunctions.googleapis.com:443 "GET /v2/projects/inspired-photon-441609-k7/locations/us-central1/operations/operation-1732699410730-627e184e10e9f-a86a0628-af34ee9e?alt=json HTTP/1.1" 200 None
2024-11-27 09:23:34,481 DEBUG    urllib3.connectionpool Starting new HTTPS connection (1): cloudfunctions.googleapis.com:443
2024-11-27 09:23:34,559 DEBUG    urllib3.connectionpool https://cloudfunctions.googleapis.com:443 "GET /v2/projects/inspired-photon-441609-k7/locations/us-central1/operations/operation-1732699410730-627e184e10e9f-a86a0628-af34ee9e?alt=json HTTP/1.1" 200 None
2024-11-27 09:23:36,260 DEBUG    urllib3.connectionpool Starting new HTTPS connection (1): cloudfunctions.googleapis.com:443
2024-11-27 09:23:36,327 DEBUG    urllib3.connectionpool https://cloudfunctions.googleapis.com:443 "GET /v2/projects/inspired-photon-441609-k7/locations/us-central1/operations/operation-1732699410730-627e184e10e9f-a86a0628-af34ee9e?alt=json HTTP/1.1" 200 None
2024-11-27 09:23:37,942 DEBUG    urllib3.connectionpool Starting new HTTPS connection (1): cloudfunctions.googleapis.com:443
2024-11-27 09:23:38,029 DEBUG    urllib3.connectionpool https://cloudfunctions.googleapis.com:443 "GET /v2/projects/inspired-photon-441609-k7/locations/us-central1/operations/operation-1732699410730-627e184e10e9f-a86a0628-af34ee9e?alt=json HTTP/1.1" 200 None
2024-11-27 09:23:39,213 DEBUG    urllib3.connectionpool Starting new HTTPS connection (1): cloudfunctions.googleapis.com:443
2024-11-27 09:23:39,363 DEBUG    urllib3.connectionpool https://cloudfunctions.googleapis.com:443 "GET /v2/projects/inspired-photon-441609-k7/locations/us-central1/operations/operation-1732699410730-627e184e10e9f-a86a0628-af34ee9e?alt=json HTTP/1.1" 200 None
2024-11-27 09:23:40,743 DEBUG    urllib3.connectionpool Starting new HTTPS connection (1): cloudfunctions.googleapis.com:443
2024-11-27 09:23:40,807 DEBUG    urllib3.connectionpool https://cloudfunctions.googleapis.com:443 "GET /v2/projects/inspired-photon-441609-k7/locations/us-central1/operations/operation-1732699410730-627e184e10e9f-a86a0628-af34ee9e?alt=json HTTP/1.1" 200 None
2024-11-27 09:23:41,946 DEBUG    urllib3.connectionpool Starting new HTTPS connection (1): cloudfunctions.googleapis.com:443
2024-11-27 09:23:42,030 DEBUG    urllib3.connectionpool https://cloudfunctions.googleapis.com:443 "GET /v2/projects/inspired-photon-441609-k7/locations/us-central1/operations/operation-1732699410730-627e184e10e9f-a86a0628-af34ee9e?alt=json HTTP/1.1" 200 None
2024-11-27 09:23:43,733 DEBUG    urllib3.connectionpool Starting new HTTPS connection (1): cloudfunctions.googleapis.com:443
2024-11-27 09:23:43,795 DEBUG    urllib3.connectionpool https://cloudfunctions.googleapis.com:443 "GET /v2/projects/inspired-photon-441609-k7/locations/us-central1/operations/operation-1732699410730-627e184e10e9f-a86a0628-af34ee9e?alt=json HTTP/1.1" 200 None
2024-11-27 09:23:44,946 DEBUG    urllib3.connectionpool Starting new HTTPS connection (1): cloudfunctions.googleapis.com:443
2024-11-27 09:23:45,009 DEBUG    urllib3.connectionpool https://cloudfunctions.googleapis.com:443 "GET /v2/projects/inspired-photon-441609-k7/locations/us-central1/operations/operation-1732699410730-627e184e10e9f-a86a0628-af34ee9e?alt=json HTTP/1.1" 200 None
2024-11-27 09:23:46,866 DEBUG    urllib3.connectionpool Starting new HTTPS connection (1): cloudfunctions.googleapis.com:443
2024-11-27 09:23:46,948 DEBUG    urllib3.connectionpool https://cloudfunctions.googleapis.com:443 "GET /v2/projects/inspired-photon-441609-k7/locations/us-central1/operations/operation-1732699410730-627e184e10e9f-a86a0628-af34ee9e?alt=json HTTP/1.1" 200 None
2024-11-27 09:23:48,710 DEBUG    urllib3.connectionpool Starting new HTTPS connection (1): cloudfunctions.googleapis.com:443
2024-11-27 09:23:48,804 DEBUG    urllib3.connectionpool https://cloudfunctions.googleapis.com:443 "GET /v2/projects/inspired-photon-441609-k7/locations/us-central1/operations/operation-1732699410730-627e184e10e9f-a86a0628-af34ee9e?alt=json HTTP/1.1" 200 None
2024-11-27 09:23:49,853 DEBUG    urllib3.connectionpool Starting new HTTPS connection (1): cloudfunctions.googleapis.com:443
2024-11-27 09:23:49,960 DEBUG    urllib3.connectionpool https://cloudfunctions.googleapis.com:443 "GET /v2/projects/inspired-photon-441609-k7/locations/us-central1/operations/operation-1732699410730-627e184e10e9f-a86a0628-af34ee9e?alt=json HTTP/1.1" 200 None
2024-11-27 09:23:51,962 DEBUG    urllib3.connectionpool Starting new HTTPS connection (1): cloudfunctions.googleapis.com:443
2024-11-27 09:23:52,058 DEBUG    urllib3.connectionpool https://cloudfunctions.googleapis.com:443 "GET /v2/projects/inspired-photon-441609-k7/locations/us-central1/operations/operation-1732699410730-627e184e10e9f-a86a0628-af34ee9e?alt=json HTTP/1.1" 200 None
2024-11-27 09:23:53,935 DEBUG    urllib3.connectionpool Starting new HTTPS connection (1): cloudfunctions.googleapis.com:443
2024-11-27 09:23:54,000 DEBUG    urllib3.connectionpool https://cloudfunctions.googleapis.com:443 "GET /v2/projects/inspired-photon-441609-k7/locations/us-central1/operations/operation-1732699410730-627e184e10e9f-a86a0628-af34ee9e?alt=json HTTP/1.1" 200 None
2024-11-27 09:23:55,681 DEBUG    urllib3.connectionpool Starting new HTTPS connection (1): cloudfunctions.googleapis.com:443
2024-11-27 09:23:55,768 DEBUG    urllib3.connectionpool https://cloudfunctions.googleapis.com:443 "GET /v2/projects/inspired-photon-441609-k7/locations/us-central1/operations/operation-1732699410730-627e184e10e9f-a86a0628-af34ee9e?alt=json HTTP/1.1" 200 None
2024-11-27 09:23:57,114 DEBUG    urllib3.connectionpool Starting new HTTPS connection (1): cloudfunctions.googleapis.com:443
2024-11-27 09:23:57,174 DEBUG    urllib3.connectionpool https://cloudfunctions.googleapis.com:443 "GET /v2/projects/inspired-photon-441609-k7/locations/us-central1/operations/operation-1732699410730-627e184e10e9f-a86a0628-af34ee9e?alt=json HTTP/1.1" 200 None
2024-11-27 09:23:58,338 DEBUG    urllib3.connectionpool Starting new HTTPS connection (1): cloudfunctions.googleapis.com:443
2024-11-27 09:23:58,443 DEBUG    urllib3.connectionpool https://cloudfunctions.googleapis.com:443 "GET /v2/projects/inspired-photon-441609-k7/locations/us-central1/operations/operation-1732699410730-627e184e10e9f-a86a0628-af34ee9e?alt=json HTTP/1.1" 200 None
2024-11-27 09:24:00,184 DEBUG    urllib3.connectionpool Starting new HTTPS connection (1): cloudfunctions.googleapis.com:443
2024-11-27 09:24:00,246 DEBUG    urllib3.connectionpool https://cloudfunctions.googleapis.com:443 "GET /v2/projects/inspired-photon-441609-k7/locations/us-central1/operations/operation-1732699410730-627e184e10e9f-a86a0628-af34ee9e?alt=json HTTP/1.1" 200 None
2024-11-27 09:24:01,580 DEBUG    urllib3.connectionpool Starting new HTTPS connection (1): cloudfunctions.googleapis.com:443
2024-11-27 09:24:01,679 DEBUG    urllib3.connectionpool https://cloudfunctions.googleapis.com:443 "GET /v2/projects/inspired-photon-441609-k7/locations/us-central1/operations/operation-1732699410730-627e184e10e9f-a86a0628-af34ee9e?alt=json HTTP/1.1" 200 None
2024-11-27 09:24:03,129 DEBUG    urllib3.connectionpool Starting new HTTPS connection (1): cloudfunctions.googleapis.com:443
2024-11-27 09:24:03,208 DEBUG    urllib3.connectionpool https://cloudfunctions.googleapis.com:443 "GET /v2/projects/inspired-photon-441609-k7/locations/us-central1/operations/operation-1732699410730-627e184e10e9f-a86a0628-af34ee9e?alt=json HTTP/1.1" 200 None
2024-11-27 09:24:04,410 DEBUG    urllib3.connectionpool Starting new HTTPS connection (1): cloudfunctions.googleapis.com:443
2024-11-27 09:24:04,503 DEBUG    urllib3.connectionpool https://cloudfunctions.googleapis.com:443 "GET /v2/projects/inspired-photon-441609-k7/locations/us-central1/operations/operation-1732699410730-627e184e10e9f-a86a0628-af34ee9e?alt=json HTTP/1.1" 200 None
2024-11-27 09:24:06,287 DEBUG    urllib3.connectionpool Starting new HTTPS connection (1): cloudfunctions.googleapis.com:443
2024-11-27 09:24:06,351 DEBUG    urllib3.connectionpool https://cloudfunctions.googleapis.com:443 "GET /v2/projects/inspired-photon-441609-k7/locations/us-central1/operations/operation-1732699410730-627e184e10e9f-a86a0628-af34ee9e?alt=json HTTP/1.1" 200 None
2024-11-27 09:24:07,751 DEBUG    urllib3.connectionpool Starting new HTTPS connection (1): cloudfunctions.googleapis.com:443
2024-11-27 09:24:07,815 DEBUG    urllib3.connectionpool https://cloudfunctions.googleapis.com:443 "GET /v2/projects/inspired-photon-441609-k7/locations/us-central1/operations/operation-1732699410730-627e184e10e9f-a86a0628-af34ee9e?alt=json HTTP/1.1" 200 None
2024-11-27 09:24:09,494 DEBUG    urllib3.connectionpool Starting new HTTPS connection (1): cloudfunctions.googleapis.com:443
2024-11-27 09:24:09,571 DEBUG    urllib3.connectionpool https://cloudfunctions.googleapis.com:443 "GET /v2/projects/inspired-photon-441609-k7/locations/us-central1/operations/operation-1732699410730-627e184e10e9f-a86a0628-af34ee9e?alt=json HTTP/1.1" 200 None
2024-11-27 09:24:10,846 DEBUG    urllib3.connectionpool Starting new HTTPS connection (1): cloudfunctions.googleapis.com:443
2024-11-27 09:24:10,914 DEBUG    urllib3.connectionpool https://cloudfunctions.googleapis.com:443 "GET /v2/projects/inspired-photon-441609-k7/locations/us-central1/operations/operation-1732699410730-627e184e10e9f-a86a0628-af34ee9e?alt=json HTTP/1.1" 200 None
2024-11-27 09:24:12,174 DEBUG    urllib3.connectionpool Starting new HTTPS connection (1): cloudfunctions.googleapis.com:443
2024-11-27 09:24:12,259 DEBUG    urllib3.connectionpool https://cloudfunctions.googleapis.com:443 "GET /v2/projects/inspired-photon-441609-k7/locations/us-central1/operations/operation-1732699410730-627e184e10e9f-a86a0628-af34ee9e?alt=json HTTP/1.1" 200 None
2024-11-27 09:24:13,530 DEBUG    urllib3.connectionpool Starting new HTTPS connection (1): cloudfunctions.googleapis.com:443
2024-11-27 09:24:13,616 DEBUG    urllib3.connectionpool https://cloudfunctions.googleapis.com:443 "GET /v2/projects/inspired-photon-441609-k7/locations/us-central1/operations/operation-1732699410730-627e184e10e9f-a86a0628-af34ee9e?alt=json HTTP/1.1" 200 None
2024-11-27 09:24:15,523 DEBUG    urllib3.connectionpool Starting new HTTPS connection (1): cloudfunctions.googleapis.com:443
2024-11-27 09:24:15,587 DEBUG    urllib3.connectionpool https://cloudfunctions.googleapis.com:443 "GET /v2/projects/inspired-photon-441609-k7/locations/us-central1/operations/operation-1732699410730-627e184e10e9f-a86a0628-af34ee9e?alt=json HTTP/1.1" 200 None
2024-11-27 09:24:16,655 DEBUG    urllib3.connectionpool Starting new HTTPS connection (1): cloudfunctions.googleapis.com:443
2024-11-27 09:24:16,718 DEBUG    urllib3.connectionpool https://cloudfunctions.googleapis.com:443 "GET /v2/projects/inspired-photon-441609-k7/locations/us-central1/operations/operation-1732699410730-627e184e10e9f-a86a0628-af34ee9e?alt=json HTTP/1.1" 200 None
2024-11-27 09:24:18,119 DEBUG    urllib3.connectionpool Starting new HTTPS connection (1): cloudfunctions.googleapis.com:443
2024-11-27 09:24:18,218 DEBUG    urllib3.connectionpool https://cloudfunctions.googleapis.com:443 "GET /v2/projects/inspired-photon-441609-k7/locations/us-central1/operations/operation-1732699410730-627e184e10e9f-a86a0628-af34ee9e?alt=json HTTP/1.1" 200 None
2024-11-27 09:24:19,975 DEBUG    urllib3.connectionpool Starting new HTTPS connection (1): cloudfunctions.googleapis.com:443
2024-11-27 09:24:20,043 DEBUG    urllib3.connectionpool https://cloudfunctions.googleapis.com:443 "GET /v2/projects/inspired-photon-441609-k7/locations/us-central1/operations/operation-1732699410730-627e184e10e9f-a86a0628-af34ee9e?alt=json HTTP/1.1" 200 None
2024-11-27 09:24:21,624 DEBUG    urllib3.connectionpool Starting new HTTPS connection (1): cloudfunctions.googleapis.com:443
2024-11-27 09:24:21,718 DEBUG    urllib3.connectionpool https://cloudfunctions.googleapis.com:443 "GET /v2/projects/inspired-photon-441609-k7/locations/us-central1/operations/operation-1732699410730-627e184e10e9f-a86a0628-af34ee9e?alt=json HTTP/1.1" 200 None
2024-11-27 09:24:23,324 DEBUG    urllib3.connectionpool Starting new HTTPS connection (1): cloudfunctions.googleapis.com:443
2024-11-27 09:24:23,418 DEBUG    urllib3.connectionpool https://cloudfunctions.googleapis.com:443 "GET /v2/projects/inspired-photon-441609-k7/locations/us-central1/operations/operation-1732699410730-627e184e10e9f-a86a0628-af34ee9e?alt=json HTTP/1.1" 200 None
2024-11-27 09:24:24,832 DEBUG    urllib3.connectionpool Starting new HTTPS connection (1): cloudfunctions.googleapis.com:443
2024-11-27 09:24:24,903 DEBUG    urllib3.connectionpool https://cloudfunctions.googleapis.com:443 "GET /v2/projects/inspired-photon-441609-k7/locations/us-central1/operations/operation-1732699410730-627e184e10e9f-a86a0628-af34ee9e?alt=json HTTP/1.1" 200 None
2024-11-27 09:24:26,212 DEBUG    urllib3.connectionpool Starting new HTTPS connection (1): cloudfunctions.googleapis.com:443
2024-11-27 09:24:26,298 DEBUG    urllib3.connectionpool https://cloudfunctions.googleapis.com:443 "GET /v2/projects/inspired-photon-441609-k7/locations/us-central1/operations/operation-1732699410730-627e184e10e9f-a86a0628-af34ee9e?alt=json HTTP/1.1" 200 None
2024-11-27 09:24:27,631 DEBUG    urllib3.connectionpool Starting new HTTPS connection (1): cloudfunctions.googleapis.com:443
2024-11-27 09:24:27,718 DEBUG    urllib3.connectionpool https://cloudfunctions.googleapis.com:443 "GET /v2/projects/inspired-photon-441609-k7/locations/us-central1/operations/operation-1732699410730-627e184e10e9f-a86a0628-af34ee9e?alt=json HTTP/1.1" 200 None
2024-11-27 09:24:29,716 DEBUG    urllib3.connectionpool Starting new HTTPS connection (1): cloudfunctions.googleapis.com:443
2024-11-27 09:24:29,786 DEBUG    urllib3.connectionpool https://cloudfunctions.googleapis.com:443 "GET /v2/projects/inspired-photon-441609-k7/locations/us-central1/operations/operation-1732699410730-627e184e10e9f-a86a0628-af34ee9e?alt=json HTTP/1.1" 200 None
2024-11-27 09:24:31,428 DEBUG    urllib3.connectionpool Starting new HTTPS connection (1): cloudfunctions.googleapis.com:443
2024-11-27 09:24:31,490 DEBUG    urllib3.connectionpool https://cloudfunctions.googleapis.com:443 "GET /v2/projects/inspired-photon-441609-k7/locations/us-central1/operations/operation-1732699410730-627e184e10e9f-a86a0628-af34ee9e?alt=json HTTP/1.1" 200 None
2024-11-27 09:24:33,400 DEBUG    urllib3.connectionpool Starting new HTTPS connection (1): cloudfunctions.googleapis.com:443
2024-11-27 09:24:33,489 DEBUG    urllib3.connectionpool https://cloudfunctions.googleapis.com:443 "GET /v2/projects/inspired-photon-441609-k7/locations/us-central1/operations/operation-1732699410730-627e184e10e9f-a86a0628-af34ee9e?alt=json HTTP/1.1" 200 None
2024-11-27 09:24:34,577 DEBUG    urllib3.connectionpool Starting new HTTPS connection (1): cloudfunctions.googleapis.com:443
2024-11-27 09:24:34,639 DEBUG    urllib3.connectionpool https://cloudfunctions.googleapis.com:443 "GET /v2/projects/inspired-photon-441609-k7/locations/us-central1/operations/operation-1732699410730-627e184e10e9f-a86a0628-af34ee9e?alt=json HTTP/1.1" 200 None
2024-11-27 09:24:35,727 DEBUG    urllib3.connectionpool Starting new HTTPS connection (1): cloudfunctions.googleapis.com:443
2024-11-27 09:24:35,812 DEBUG    urllib3.connectionpool https://cloudfunctions.googleapis.com:443 "GET /v2/projects/inspired-photon-441609-k7/locations/us-central1/operations/operation-1732699410730-627e184e10e9f-a86a0628-af34ee9e?alt=json HTTP/1.1" 200 None
2024-11-27 09:24:37,072 DEBUG    urllib3.connectionpool Starting new HTTPS connection (1): cloudfunctions.googleapis.com:443
2024-11-27 09:24:37,146 DEBUG    urllib3.connectionpool https://cloudfunctions.googleapis.com:443 "GET /v2/projects/inspired-photon-441609-k7/locations/us-central1/operations/operation-1732699410730-627e184e10e9f-a86a0628-af34ee9e?alt=json HTTP/1.1" 200 None
2024-11-27 09:24:38,622 DEBUG    urllib3.connectionpool Starting new HTTPS connection (1): cloudfunctions.googleapis.com:443
2024-11-27 09:24:38,692 DEBUG    urllib3.connectionpool https://cloudfunctions.googleapis.com:443 "GET /v2/projects/inspired-photon-441609-k7/locations/us-central1/operations/operation-1732699410730-627e184e10e9f-a86a0628-af34ee9e?alt=json HTTP/1.1" 200 None
2024-11-27 09:24:40,626 DEBUG    urllib3.connectionpool Starting new HTTPS connection (1): cloudfunctions.googleapis.com:443
2024-11-27 09:24:40,706 DEBUG    urllib3.connectionpool https://cloudfunctions.googleapis.com:443 "GET /v2/projects/inspired-photon-441609-k7/locations/us-central1/operations/operation-1732699410730-627e184e10e9f-a86a0628-af34ee9e?alt=json HTTP/1.1" 200 None
2024-11-27 09:24:42,239 DEBUG    urllib3.connectionpool Starting new HTTPS connection (1): cloudfunctions.googleapis.com:443
2024-11-27 09:24:42,330 DEBUG    urllib3.connectionpool https://cloudfunctions.googleapis.com:443 "GET /v2/projects/inspired-photon-441609-k7/locations/us-central1/operations/operation-1732699410730-627e184e10e9f-a86a0628-af34ee9e?alt=json HTTP/1.1" 200 None
2024-11-27 09:24:43,647 DEBUG    urllib3.connectionpool Starting new HTTPS connection (1): cloudfunctions.googleapis.com:443
2024-11-27 09:24:43,734 DEBUG    urllib3.connectionpool https://cloudfunctions.googleapis.com:443 "GET /v2/projects/inspired-photon-441609-k7/locations/us-central1/operations/operation-1732699410730-627e184e10e9f-a86a0628-af34ee9e?alt=json HTTP/1.1" 200 None
2024-11-27 09:24:45,619 DEBUG    urllib3.connectionpool Starting new HTTPS connection (1): cloudfunctions.googleapis.com:443
2024-11-27 09:24:45,683 DEBUG    urllib3.connectionpool https://cloudfunctions.googleapis.com:443 "GET /v2/projects/inspired-photon-441609-k7/locations/us-central1/operations/operation-1732699410730-627e184e10e9f-a86a0628-af34ee9e?alt=json HTTP/1.1" 200 None
2024-11-27 09:24:47,353 DEBUG    urllib3.connectionpool Starting new HTTPS connection (1): cloudfunctions.googleapis.com:443
2024-11-27 09:24:47,438 DEBUG    urllib3.connectionpool https://cloudfunctions.googleapis.com:443 "GET /v2/projects/inspired-photon-441609-k7/locations/us-central1/operations/operation-1732699410730-627e184e10e9f-a86a0628-af34ee9e?alt=json HTTP/1.1" 200 None
2024-11-27 09:24:48,891 DEBUG    urllib3.connectionpool Starting new HTTPS connection (1): cloudfunctions.googleapis.com:443
2024-11-27 09:24:48,971 DEBUG    urllib3.connectionpool https://cloudfunctions.googleapis.com:443 "GET /v2/projects/inspired-photon-441609-k7/locations/us-central1/operations/operation-1732699410730-627e184e10e9f-a86a0628-af34ee9e?alt=json HTTP/1.1" 200 None
2024-11-27 09:24:50,101 DEBUG    urllib3.connectionpool Starting new HTTPS connection (1): cloudfunctions.googleapis.com:443
2024-11-27 09:24:50,176 DEBUG    urllib3.connectionpool https://cloudfunctions.googleapis.com:443 "GET /v2/projects/inspired-photon-441609-k7/locations/us-central1/operations/operation-1732699410730-627e184e10e9f-a86a0628-af34ee9e?alt=json HTTP/1.1" 200 None
2024-11-27 09:24:51,491 DEBUG    urllib3.connectionpool Starting new HTTPS connection (1): cloudfunctions.googleapis.com:443
2024-11-27 09:24:51,560 DEBUG    urllib3.connectionpool https://cloudfunctions.googleapis.com:443 "GET /v2/projects/inspired-photon-441609-k7/locations/us-central1/operations/operation-1732699410730-627e184e10e9f-a86a0628-af34ee9e?alt=json HTTP/1.1" 200 None
2024-11-27 09:24:52,840 DEBUG    urllib3.connectionpool Starting new HTTPS connection (1): cloudfunctions.googleapis.com:443
2024-11-27 09:24:52,922 DEBUG    urllib3.connectionpool https://cloudfunctions.googleapis.com:443 "GET /v2/projects/inspired-photon-441609-k7/locations/us-central1/operations/operation-1732699410730-627e184e10e9f-a86a0628-af34ee9e?alt=json HTTP/1.1" 200 None
2024-11-27 09:24:54,287 DEBUG    urllib3.connectionpool Starting new HTTPS connection (1): cloudfunctions.googleapis.com:443
2024-11-27 09:24:54,381 DEBUG    urllib3.connectionpool https://cloudfunctions.googleapis.com:443 "GET /v2/projects/inspired-photon-441609-k7/locations/us-central1/operations/operation-1732699410730-627e184e10e9f-a86a0628-af34ee9e?alt=json HTTP/1.1" 200 None
2024-11-27 09:24:56,331 DEBUG    urllib3.connectionpool Starting new HTTPS connection (1): cloudfunctions.googleapis.com:443
2024-11-27 09:24:56,390 DEBUG    urllib3.connectionpool https://cloudfunctions.googleapis.com:443 "GET /v2/projects/inspired-photon-441609-k7/locations/us-central1/operations/operation-1732699410730-627e184e10e9f-a86a0628-af34ee9e?alt=json HTTP/1.1" 200 None
2024-11-27 09:24:58,372 DEBUG    urllib3.connectionpool Starting new HTTPS connection (1): cloudfunctions.googleapis.com:443
2024-11-27 09:24:58,462 DEBUG    urllib3.connectionpool https://cloudfunctions.googleapis.com:443 "GET /v2/projects/inspired-photon-441609-k7/locations/us-central1/operations/operation-1732699410730-627e184e10e9f-a86a0628-af34ee9e?alt=json HTTP/1.1" 200 None
2024-11-27 09:24:58,542 DEBUG    root            (gcloud.functions.deploy) OperationError: code=3, message=Could not create or update Cloud Run service gcs-to-pubsub, Container Healthcheck failed. Revision 'gcs-to-pubsub-00001-rir' is not ready and cannot serve traffic. The user-provided container failed to start and listen on the port defined provided by the PORT=8080 environment variable within the allocated timeout. This can happen when the container port is misconfigured or if the timeout is too short. The health check timeout can be extended. Logs for this revision might contain more information.

Logs URL: https://console.cloud.google.com/logs/viewer?project=inspired-photon-441609-k7&resource=cloud_run_revision/service_name/gcs-to-pubsub/revision_name/gcs-to-pubsub-00001-rir&advancedFilter=resource.type%3D%22cloud_run_revision%22%0Aresource.labels.service_name%3D%22gcs-to-pubsub%22%0Aresource.labels.revision_name%3D%22gcs-to-pubsub-00001-rir%22 
For more troubleshooting guidance, see https://cloud.google.com/run/docs/troubleshooting#container-failed-to-start
Traceback (most recent call last):
  File "/snap/google-cloud-cli/289/lib/googlecloudsdk/calliope/cli.py", line 998, in Execute
    resources = calliope_command.Run(cli=self, args=args)
                ^^^^^^^^^^^^^^^^^^^^^^^^^^^^^^^^^^^^^^^^^
  File "/snap/google-cloud-cli/289/lib/googlecloudsdk/calliope/backend.py", line 843, in Run
    resources = command_instance.Run(args)
                ^^^^^^^^^^^^^^^^^^^^^^^^^^
  File "/snap/google-cloud-cli/289/lib/googlecloudsdk/api_lib/functions/v1/util.py", line 387, in CatchHTTPErrorRaiseHTTPExceptionFn
    return func(*args, **kwargs)
           ^^^^^^^^^^^^^^^^^^^^^
  File "/snap/google-cloud-cli/289/lib/googlecloudsdk/command_lib/functions/util.py", line 82, in Run
    return self._RunV2(args)
           ^^^^^^^^^^^^^^^^^
  File "/snap/google-cloud-cli/289/lib/surface/functions/deploy.py", line 144, in _RunV2
    return command_v2.Run(args, self.ReleaseTrack())
           ^^^^^^^^^^^^^^^^^^^^^^^^^^^^^^^^^^^^^^^^^
  File "/snap/google-cloud-cli/289/lib/googlecloudsdk/command_lib/functions/v2/deploy/command.py", line 1326, in Run
    _UpdateAndWait(client, function_ref, function, updated_fields)
  File "/snap/google-cloud-cli/289/lib/googlecloudsdk/command_lib/functions/v2/deploy/command.py", line 1181, in _UpdateAndWait
    api_util.WaitForOperation(
  File "/snap/google-cloud-cli/289/lib/googlecloudsdk/api_lib/functions/v2/util.py", line 334, in WaitForOperation
    operation = retryer.RetryOnResult(
                ^^^^^^^^^^^^^^^^^^^^^^
  File "/snap/google-cloud-cli/289/lib/googlecloudsdk/core/util/retry.py", line 239, in RetryOnResult
    result = func(*args, **kwargs)
             ^^^^^^^^^^^^^^^^^^^^^
  File "/snap/google-cloud-cli/289/lib/googlecloudsdk/api_lib/functions/v2/util.py", line 226, in _GetOperationAndLogProgress
    raise exceptions.StatusToFunctionsError(
googlecloudsdk.api_lib.functions.v2.exceptions.FunctionsError: OperationError: code=3, message=Could not create or update Cloud Run service gcs-to-pubsub, Container Healthcheck failed. Revision 'gcs-to-pubsub-00001-rir' is not ready and cannot serve traffic. The user-provided container failed to start and listen on the port defined provided by the PORT=8080 environment variable within the allocated timeout. This can happen when the container port is misconfigured or if the timeout is too short. The health check timeout can be extended. Logs for this revision might contain more information.

Logs URL: https://console.cloud.google.com/logs/viewer?project=inspired-photon-441609-k7&resource=cloud_run_revision/service_name/gcs-to-pubsub/revision_name/gcs-to-pubsub-00001-rir&advancedFilter=resource.type%3D%22cloud_run_revision%22%0Aresource.labels.service_name%3D%22gcs-to-pubsub%22%0Aresource.labels.revision_name%3D%22gcs-to-pubsub-00001-rir%22 
For more troubleshooting guidance, see https://cloud.google.com/run/docs/troubleshooting#container-failed-to-start
2024-11-27 09:24:58,556 ERROR    root            (gcloud.functions.deploy) OperationError: code=3, message=Could not create or update Cloud Run service gcs-to-pubsub, Container Healthcheck failed. Revision 'gcs-to-pubsub-00001-rir' is not ready and cannot serve traffic. The user-provided container failed to start and listen on the port defined provided by the PORT=8080 environment variable within the allocated timeout. This can happen when the container port is misconfigured or if the timeout is too short. The health check timeout can be extended. Logs for this revision might contain more information.

Logs URL: https://console.cloud.google.com/logs/viewer?project=inspired-photon-441609-k7&resource=cloud_run_revision/service_name/gcs-to-pubsub/revision_name/gcs-to-pubsub-00001-rir&advancedFilter=resource.type%3D%22cloud_run_revision%22%0Aresource.labels.service_name%3D%22gcs-to-pubsub%22%0Aresource.labels.revision_name%3D%22gcs-to-pubsub-00001-rir%22 
For more troubleshooting guidance, see https://cloud.google.com/run/docs/troubleshooting#container-failed-to-start
