2024-11-27 18:30:45,388 DEBUG    root            Loaded Command Group: ['gcloud', 'functions']
2024-11-27 18:30:45,906 DEBUG    root            Loaded Command Group: ['gcloud', 'functions', 'deploy']
2024-11-27 18:30:45,949 DEBUG    root            Running [gcloud.functions.deploy] with arguments: [--entry-point: "gcs_trigger", --runtime: "python312", --set-env-vars: "OrderedDict([('PROJECT_ID', 'inspired-photon-441609-k7'), ('TOPIC_ID', 'gcs-trigger-topic')])", --source: ".", --trigger-event: "google.storage.object.finalize", --trigger-resource: "main-bucket-5505", NAME: "gcs-to-pubsub"]
2024-11-27 18:30:46,108 DEBUG    urllib3.connectionpool Starting new HTTPS connection (1): cloudfunctions.googleapis.com:443
2024-11-27 18:30:46,214 DEBUG    urllib3.connectionpool https://cloudfunctions.googleapis.com:443 "GET /v2/projects/inspired-photon-441609-k7/locations/us-central1/functions/gcs-to-pubsub?alt=json HTTP/1.1" 404 None
2024-11-27 18:30:46,216 INFO     ___FILE_ONLY___ As of this Cloud SDK release, new functions will be deployed as 2nd gen  functions by default. This is equivalent to currently deploying new  with the --gen2 flag. Existing 1st gen functions will not be impacted and will continue to deploy as 1st gen functions.
You can disable this behavior by explicitly specifying the --no-gen2 flag or by setting the functions/gen2 config property to 'off'.
To learn more about the differences between 1st gen and 2nd gen functions, visit:
https://cloud.google.com/functions/docs/concepts/version-comparison

2024-11-27 18:30:46,346 DEBUG    urllib3.connectionpool Starting new HTTPS connection (1): cloudfunctions.googleapis.com:443
2024-11-27 18:30:46,450 DEBUG    urllib3.connectionpool https://cloudfunctions.googleapis.com:443 "GET /v2/projects/inspired-photon-441609-k7/locations/us-central1/functions/gcs-to-pubsub?alt=json HTTP/1.1" 404 None
2024-11-27 18:30:46,454 DEBUG    urllib3.connectionpool Starting new HTTPS connection (1): cloudfunctions.googleapis.com:443
2024-11-27 18:30:46,555 DEBUG    urllib3.connectionpool https://cloudfunctions.googleapis.com:443 "GET /v2/projects/inspired-photon-441609-k7/locations/us-central1/runtimes?alt=json HTTP/1.1" 200 None
2024-11-27 18:30:46,585 INFO     root            Not using ignore file.
2024-11-27 18:31:04,668 DEBUG    urllib3.connectionpool Starting new HTTPS connection (1): cloudfunctions.googleapis.com:443
2024-11-27 18:31:04,872 DEBUG    urllib3.connectionpool https://cloudfunctions.googleapis.com:443 "POST /v2/projects/inspired-photon-441609-k7/locations/us-central1/functions:generateUploadUrl?alt=json HTTP/1.1" 200 None
2024-11-27 18:31:04,960 DEBUG    urllib3.connectionpool Starting new HTTPS connection (1): storage.googleapis.com:443
2024-11-27 18:31:05,651 DEBUG    urllib3.connectionpool https://storage.googleapis.com:443 "PUT /gcf-v2-uploads-644941739395.us-central1.cloudfunctions.appspot.com/9664244d-b89e-4dc7-99e1-ed9cd7b704cd.zip?GoogleAccessId=service-644941739395%40gcf-admin-robot.iam.gserviceaccount.com&Expires=1732734064&Signature=GpgMbQU8%2FOx%2BOoMJdelPgeInGPnM1oax%2BGnau0xiXFnZJOAE6BNr4rhAw3GRCm936EDC57PZhHK9KgPxrXL1FGr%2F%2BghR8DJL7E65v8EG8Jnclm1ztgunVwLu%2Fk%2BSTyLcYDZD9JMQ3L%2FHWUjDQRpRN2N4ivMBRsXO0jx2US%2BxZNY%2Bu%2FTL8T9Yu4iyBzDnZEL4dF1X151cxBO1JDylp6Px%2FeIERtR6vapJiD5WpE3RSUAJxsPsl%2BpB4vl%2FZAWT8okVZWpW565lACjXxLMo%2FwCfvYbQlabg8oeBdyHFZHYtKQx2vg1kqaOVzP%2FYGf1nZj3HZHHcJXJtRvHZJt0AHhsYFg%3D%3D HTTP/1.1" 200 0
2024-11-27 18:31:05,739 DEBUG    urllib3.connectionpool Starting new HTTPS connection (1): serviceusage.googleapis.com:443
2024-11-27 18:31:05,921 DEBUG    urllib3.connectionpool https://serviceusage.googleapis.com:443 "GET /v1/projects/inspired-photon-441609-k7/services/run.googleapis.com?alt=json HTTP/1.1" 403 None
2024-11-27 18:31:05,924 INFO     root            Could not verify if service run.googleapis.com is enabled: missing permission 'serviceusage.services.get'.
2024-11-27 18:31:05,990 DEBUG    urllib3.connectionpool Starting new HTTPS connection (1): serviceusage.googleapis.com:443
2024-11-27 18:31:06,127 DEBUG    urllib3.connectionpool https://serviceusage.googleapis.com:443 "GET /v1/projects/inspired-photon-441609-k7/services/cloudbuild.googleapis.com?alt=json HTTP/1.1" 403 None
2024-11-27 18:31:06,130 INFO     root            Could not verify if service cloudbuild.googleapis.com is enabled: missing permission 'serviceusage.services.get'.
2024-11-27 18:31:06,198 DEBUG    urllib3.connectionpool Starting new HTTPS connection (1): serviceusage.googleapis.com:443
2024-11-27 18:31:06,423 DEBUG    urllib3.connectionpool https://serviceusage.googleapis.com:443 "GET /v1/projects/inspired-photon-441609-k7/services/artifactregistry.googleapis.com?alt=json HTTP/1.1" 403 None
2024-11-27 18:31:06,426 INFO     root            Could not verify if service artifactregistry.googleapis.com is enabled: missing permission 'serviceusage.services.get'.
2024-11-27 18:31:06,585 DEBUG    urllib3.connectionpool Starting new HTTPS connection (1): cloudbuild.googleapis.com:443
2024-11-27 18:31:06,718 DEBUG    urllib3.connectionpool https://cloudbuild.googleapis.com:443 "GET /v1/projects/inspired-photon-441609-k7/locations/us-central1/defaultServiceAccount?alt=json HTTP/1.1" 200 None
2024-11-27 18:31:06,860 DEBUG    urllib3.connectionpool Starting new HTTPS connection (1): cloudresourcemanager.googleapis.com:443
2024-11-27 18:31:06,950 DEBUG    urllib3.connectionpool https://cloudresourcemanager.googleapis.com:443 "GET /v1/projects/inspired-photon-441609-k7?alt=json HTTP/1.1" 200 None
2024-11-27 18:31:07,092 DEBUG    urllib3.connectionpool Starting new HTTPS connection (1): cloudresourcemanager.googleapis.com:443
2024-11-27 18:31:07,234 DEBUG    urllib3.connectionpool https://cloudresourcemanager.googleapis.com:443 "POST /v1/projects/inspired-photon-441609-k7:getIamPolicy?alt=json HTTP/1.1" 200 None
2024-11-27 18:31:07,248 DEBUG    urllib3.connectionpool Starting new HTTPS connection (1): cloudfunctions.googleapis.com:443
2024-11-27 18:31:07,949 DEBUG    urllib3.connectionpool https://cloudfunctions.googleapis.com:443 "POST /v2/projects/inspired-photon-441609-k7/locations/us-central1/functions?alt=json&functionId=gcs-to-pubsub HTTP/1.1" 200 None
2024-11-27 18:31:07,953 INFO     ___FILE_ONLY___ Preparing function...
2024-11-27 18:31:07,956 DEBUG    urllib3.connectionpool Starting new HTTPS connection (1): cloudfunctions.googleapis.com:443
2024-11-27 18:31:08,049 DEBUG    urllib3.connectionpool https://cloudfunctions.googleapis.com:443 "GET /v2/projects/inspired-photon-441609-k7/locations/us-central1/operations/operation-1732732267335-627e92b490ec2-62fee3ad-9e91189b?alt=json HTTP/1.1" 200 None
2024-11-27 18:31:09,089 DEBUG    urllib3.connectionpool Starting new HTTPS connection (1): cloudfunctions.googleapis.com:443
2024-11-27 18:31:09,249 DEBUG    urllib3.connectionpool https://cloudfunctions.googleapis.com:443 "GET /v2/projects/inspired-photon-441609-k7/locations/us-central1/operations/operation-1732732267335-627e92b490ec2-62fee3ad-9e91189b?alt=json HTTP/1.1" 200 None
2024-11-27 18:31:09,360 INFO     ___FILE_ONLY___ Deploying function...
2024-11-27 18:31:09,367 DEBUG    urllib3.connectionpool Starting new HTTPS connection (1): cloudfunctions.googleapis.com:443
2024-11-27 18:31:09,524 DEBUG    urllib3.connectionpool https://cloudfunctions.googleapis.com:443 "GET /v2/projects/inspired-photon-441609-k7/locations/us-central1/operations/operation-1732732267335-627e92b490ec2-62fee3ad-9e91189b?alt=json HTTP/1.1" 200 None
2024-11-27 18:31:10,579 DEBUG    urllib3.connectionpool Starting new HTTPS connection (1): cloudfunctions.googleapis.com:443
2024-11-27 18:31:10,642 DEBUG    urllib3.connectionpool https://cloudfunctions.googleapis.com:443 "GET /v2/projects/inspired-photon-441609-k7/locations/us-central1/operations/operation-1732732267335-627e92b490ec2-62fee3ad-9e91189b?alt=json HTTP/1.1" 200 None
2024-11-27 18:31:11,804 DEBUG    urllib3.connectionpool Starting new HTTPS connection (1): cloudfunctions.googleapis.com:443
2024-11-27 18:31:11,925 DEBUG    urllib3.connectionpool https://cloudfunctions.googleapis.com:443 "GET /v2/projects/inspired-photon-441609-k7/locations/us-central1/operations/operation-1732732267335-627e92b490ec2-62fee3ad-9e91189b?alt=json HTTP/1.1" 200 None
2024-11-27 18:31:13,447 DEBUG    urllib3.connectionpool Starting new HTTPS connection (1): cloudfunctions.googleapis.com:443
2024-11-27 18:31:13,536 DEBUG    urllib3.connectionpool https://cloudfunctions.googleapis.com:443 "GET /v2/projects/inspired-photon-441609-k7/locations/us-central1/operations/operation-1732732267335-627e92b490ec2-62fee3ad-9e91189b?alt=json HTTP/1.1" 200 None
2024-11-27 18:31:15,421 DEBUG    urllib3.connectionpool Starting new HTTPS connection (1): cloudfunctions.googleapis.com:443
2024-11-27 18:31:15,514 DEBUG    urllib3.connectionpool https://cloudfunctions.googleapis.com:443 "GET /v2/projects/inspired-photon-441609-k7/locations/us-central1/operations/operation-1732732267335-627e92b490ec2-62fee3ad-9e91189b?alt=json HTTP/1.1" 200 None
2024-11-27 18:31:16,989 DEBUG    urllib3.connectionpool Starting new HTTPS connection (1): cloudfunctions.googleapis.com:443
2024-11-27 18:31:17,077 DEBUG    urllib3.connectionpool https://cloudfunctions.googleapis.com:443 "GET /v2/projects/inspired-photon-441609-k7/locations/us-central1/operations/operation-1732732267335-627e92b490ec2-62fee3ad-9e91189b?alt=json HTTP/1.1" 200 None
2024-11-27 18:31:18,711 DEBUG    urllib3.connectionpool Starting new HTTPS connection (1): cloudfunctions.googleapis.com:443
2024-11-27 18:31:18,773 DEBUG    urllib3.connectionpool https://cloudfunctions.googleapis.com:443 "GET /v2/projects/inspired-photon-441609-k7/locations/us-central1/operations/operation-1732732267335-627e92b490ec2-62fee3ad-9e91189b?alt=json HTTP/1.1" 200 None
2024-11-27 18:31:20,475 DEBUG    urllib3.connectionpool Starting new HTTPS connection (1): cloudfunctions.googleapis.com:443
2024-11-27 18:31:20,648 DEBUG    urllib3.connectionpool https://cloudfunctions.googleapis.com:443 "GET /v2/projects/inspired-photon-441609-k7/locations/us-central1/operations/operation-1732732267335-627e92b490ec2-62fee3ad-9e91189b?alt=json HTTP/1.1" 200 None
2024-11-27 18:31:21,777 DEBUG    urllib3.connectionpool Starting new HTTPS connection (1): cloudfunctions.googleapis.com:443
2024-11-27 18:31:21,866 DEBUG    urllib3.connectionpool https://cloudfunctions.googleapis.com:443 "GET /v2/projects/inspired-photon-441609-k7/locations/us-central1/operations/operation-1732732267335-627e92b490ec2-62fee3ad-9e91189b?alt=json HTTP/1.1" 200 None
2024-11-27 18:31:23,540 DEBUG    urllib3.connectionpool Starting new HTTPS connection (1): cloudfunctions.googleapis.com:443
2024-11-27 18:31:23,654 DEBUG    urllib3.connectionpool https://cloudfunctions.googleapis.com:443 "GET /v2/projects/inspired-photon-441609-k7/locations/us-central1/operations/operation-1732732267335-627e92b490ec2-62fee3ad-9e91189b?alt=json HTTP/1.1" 200 None
2024-11-27 18:31:24,984 DEBUG    urllib3.connectionpool Starting new HTTPS connection (1): cloudfunctions.googleapis.com:443
2024-11-27 18:31:25,044 DEBUG    urllib3.connectionpool https://cloudfunctions.googleapis.com:443 "GET /v2/projects/inspired-photon-441609-k7/locations/us-central1/operations/operation-1732732267335-627e92b490ec2-62fee3ad-9e91189b?alt=json HTTP/1.1" 200 None
2024-11-27 18:31:26,712 DEBUG    urllib3.connectionpool Starting new HTTPS connection (1): cloudfunctions.googleapis.com:443
2024-11-27 18:31:26,781 DEBUG    urllib3.connectionpool https://cloudfunctions.googleapis.com:443 "GET /v2/projects/inspired-photon-441609-k7/locations/us-central1/operations/operation-1732732267335-627e92b490ec2-62fee3ad-9e91189b?alt=json HTTP/1.1" 200 None
2024-11-27 18:31:27,845 DEBUG    urllib3.connectionpool Starting new HTTPS connection (1): cloudfunctions.googleapis.com:443
2024-11-27 18:31:27,937 DEBUG    urllib3.connectionpool https://cloudfunctions.googleapis.com:443 "GET /v2/projects/inspired-photon-441609-k7/locations/us-central1/operations/operation-1732732267335-627e92b490ec2-62fee3ad-9e91189b?alt=json HTTP/1.1" 200 None
2024-11-27 18:31:29,282 DEBUG    urllib3.connectionpool Starting new HTTPS connection (1): cloudfunctions.googleapis.com:443
2024-11-27 18:31:29,376 DEBUG    urllib3.connectionpool https://cloudfunctions.googleapis.com:443 "GET /v2/projects/inspired-photon-441609-k7/locations/us-central1/operations/operation-1732732267335-627e92b490ec2-62fee3ad-9e91189b?alt=json HTTP/1.1" 200 None
2024-11-27 18:31:31,049 DEBUG    urllib3.connectionpool Starting new HTTPS connection (1): cloudfunctions.googleapis.com:443
2024-11-27 18:31:31,153 DEBUG    urllib3.connectionpool https://cloudfunctions.googleapis.com:443 "GET /v2/projects/inspired-photon-441609-k7/locations/us-central1/operations/operation-1732732267335-627e92b490ec2-62fee3ad-9e91189b?alt=json HTTP/1.1" 200 None
2024-11-27 18:31:32,805 DEBUG    urllib3.connectionpool Starting new HTTPS connection (1): cloudfunctions.googleapis.com:443
2024-11-27 18:31:32,870 DEBUG    urllib3.connectionpool https://cloudfunctions.googleapis.com:443 "GET /v2/projects/inspired-photon-441609-k7/locations/us-central1/operations/operation-1732732267335-627e92b490ec2-62fee3ad-9e91189b?alt=json HTTP/1.1" 200 None
2024-11-27 18:31:34,447 DEBUG    urllib3.connectionpool Starting new HTTPS connection (1): cloudfunctions.googleapis.com:443
2024-11-27 18:31:34,547 DEBUG    urllib3.connectionpool https://cloudfunctions.googleapis.com:443 "GET /v2/projects/inspired-photon-441609-k7/locations/us-central1/operations/operation-1732732267335-627e92b490ec2-62fee3ad-9e91189b?alt=json HTTP/1.1" 200 None
2024-11-27 18:31:35,917 DEBUG    urllib3.connectionpool Starting new HTTPS connection (1): cloudfunctions.googleapis.com:443
2024-11-27 18:31:35,985 DEBUG    urllib3.connectionpool https://cloudfunctions.googleapis.com:443 "GET /v2/projects/inspired-photon-441609-k7/locations/us-central1/operations/operation-1732732267335-627e92b490ec2-62fee3ad-9e91189b?alt=json HTTP/1.1" 200 None
2024-11-27 18:31:37,768 DEBUG    urllib3.connectionpool Starting new HTTPS connection (1): cloudfunctions.googleapis.com:443
2024-11-27 18:31:37,832 DEBUG    urllib3.connectionpool https://cloudfunctions.googleapis.com:443 "GET /v2/projects/inspired-photon-441609-k7/locations/us-central1/operations/operation-1732732267335-627e92b490ec2-62fee3ad-9e91189b?alt=json HTTP/1.1" 200 None
2024-11-27 18:31:39,316 DEBUG    urllib3.connectionpool Starting new HTTPS connection (1): cloudfunctions.googleapis.com:443
2024-11-27 18:31:39,401 DEBUG    urllib3.connectionpool https://cloudfunctions.googleapis.com:443 "GET /v2/projects/inspired-photon-441609-k7/locations/us-central1/operations/operation-1732732267335-627e92b490ec2-62fee3ad-9e91189b?alt=json HTTP/1.1" 200 None
2024-11-27 18:31:41,358 DEBUG    urllib3.connectionpool Starting new HTTPS connection (1): cloudfunctions.googleapis.com:443
2024-11-27 18:31:41,425 DEBUG    urllib3.connectionpool https://cloudfunctions.googleapis.com:443 "GET /v2/projects/inspired-photon-441609-k7/locations/us-central1/operations/operation-1732732267335-627e92b490ec2-62fee3ad-9e91189b?alt=json HTTP/1.1" 200 None
2024-11-27 18:31:43,144 DEBUG    urllib3.connectionpool Starting new HTTPS connection (1): cloudfunctions.googleapis.com:443
2024-11-27 18:31:43,207 DEBUG    urllib3.connectionpool https://cloudfunctions.googleapis.com:443 "GET /v2/projects/inspired-photon-441609-k7/locations/us-central1/operations/operation-1732732267335-627e92b490ec2-62fee3ad-9e91189b?alt=json HTTP/1.1" 200 None
2024-11-27 18:31:45,043 DEBUG    urllib3.connectionpool Starting new HTTPS connection (1): cloudfunctions.googleapis.com:443
2024-11-27 18:31:45,142 DEBUG    urllib3.connectionpool https://cloudfunctions.googleapis.com:443 "GET /v2/projects/inspired-photon-441609-k7/locations/us-central1/operations/operation-1732732267335-627e92b490ec2-62fee3ad-9e91189b?alt=json HTTP/1.1" 200 None
2024-11-27 18:31:46,442 DEBUG    urllib3.connectionpool Starting new HTTPS connection (1): cloudfunctions.googleapis.com:443
2024-11-27 18:31:46,534 DEBUG    urllib3.connectionpool https://cloudfunctions.googleapis.com:443 "GET /v2/projects/inspired-photon-441609-k7/locations/us-central1/operations/operation-1732732267335-627e92b490ec2-62fee3ad-9e91189b?alt=json HTTP/1.1" 200 None
2024-11-27 18:31:47,834 DEBUG    urllib3.connectionpool Starting new HTTPS connection (1): cloudfunctions.googleapis.com:443
2024-11-27 18:31:47,939 DEBUG    urllib3.connectionpool https://cloudfunctions.googleapis.com:443 "GET /v2/projects/inspired-photon-441609-k7/locations/us-central1/operations/operation-1732732267335-627e92b490ec2-62fee3ad-9e91189b?alt=json HTTP/1.1" 200 None
2024-11-27 18:31:49,609 DEBUG    urllib3.connectionpool Starting new HTTPS connection (1): cloudfunctions.googleapis.com:443
2024-11-27 18:31:49,671 DEBUG    urllib3.connectionpool https://cloudfunctions.googleapis.com:443 "GET /v2/projects/inspired-photon-441609-k7/locations/us-central1/operations/operation-1732732267335-627e92b490ec2-62fee3ad-9e91189b?alt=json HTTP/1.1" 200 None
2024-11-27 18:31:51,274 DEBUG    urllib3.connectionpool Starting new HTTPS connection (1): cloudfunctions.googleapis.com:443
2024-11-27 18:31:51,339 DEBUG    urllib3.connectionpool https://cloudfunctions.googleapis.com:443 "GET /v2/projects/inspired-photon-441609-k7/locations/us-central1/operations/operation-1732732267335-627e92b490ec2-62fee3ad-9e91189b?alt=json HTTP/1.1" 200 None
2024-11-27 18:31:52,936 DEBUG    urllib3.connectionpool Starting new HTTPS connection (1): cloudfunctions.googleapis.com:443
2024-11-27 18:31:53,012 DEBUG    urllib3.connectionpool https://cloudfunctions.googleapis.com:443 "GET /v2/projects/inspired-photon-441609-k7/locations/us-central1/operations/operation-1732732267335-627e92b490ec2-62fee3ad-9e91189b?alt=json HTTP/1.1" 200 None
2024-11-27 18:31:54,087 DEBUG    urllib3.connectionpool Starting new HTTPS connection (1): cloudfunctions.googleapis.com:443
2024-11-27 18:31:54,178 DEBUG    urllib3.connectionpool https://cloudfunctions.googleapis.com:443 "GET /v2/projects/inspired-photon-441609-k7/locations/us-central1/operations/operation-1732732267335-627e92b490ec2-62fee3ad-9e91189b?alt=json HTTP/1.1" 200 None
2024-11-27 18:31:55,665 DEBUG    urllib3.connectionpool Starting new HTTPS connection (1): cloudfunctions.googleapis.com:443
2024-11-27 18:31:55,724 DEBUG    urllib3.connectionpool https://cloudfunctions.googleapis.com:443 "GET /v2/projects/inspired-photon-441609-k7/locations/us-central1/operations/operation-1732732267335-627e92b490ec2-62fee3ad-9e91189b?alt=json HTTP/1.1" 200 None
2024-11-27 18:31:57,495 DEBUG    urllib3.connectionpool Starting new HTTPS connection (1): cloudfunctions.googleapis.com:443
2024-11-27 18:31:57,569 DEBUG    urllib3.connectionpool https://cloudfunctions.googleapis.com:443 "GET /v2/projects/inspired-photon-441609-k7/locations/us-central1/operations/operation-1732732267335-627e92b490ec2-62fee3ad-9e91189b?alt=json HTTP/1.1" 200 None
2024-11-27 18:31:58,806 DEBUG    urllib3.connectionpool Starting new HTTPS connection (1): cloudfunctions.googleapis.com:443
2024-11-27 18:31:58,880 DEBUG    urllib3.connectionpool https://cloudfunctions.googleapis.com:443 "GET /v2/projects/inspired-photon-441609-k7/locations/us-central1/operations/operation-1732732267335-627e92b490ec2-62fee3ad-9e91189b?alt=json HTTP/1.1" 200 None
2024-11-27 18:32:00,570 DEBUG    urllib3.connectionpool Starting new HTTPS connection (1): cloudfunctions.googleapis.com:443
2024-11-27 18:32:00,640 DEBUG    urllib3.connectionpool https://cloudfunctions.googleapis.com:443 "GET /v2/projects/inspired-photon-441609-k7/locations/us-central1/operations/operation-1732732267335-627e92b490ec2-62fee3ad-9e91189b?alt=json HTTP/1.1" 200 None
2024-11-27 18:32:02,586 DEBUG    urllib3.connectionpool Starting new HTTPS connection (1): cloudfunctions.googleapis.com:443
2024-11-27 18:32:02,659 DEBUG    urllib3.connectionpool https://cloudfunctions.googleapis.com:443 "GET /v2/projects/inspired-photon-441609-k7/locations/us-central1/operations/operation-1732732267335-627e92b490ec2-62fee3ad-9e91189b?alt=json HTTP/1.1" 200 None
2024-11-27 18:32:04,032 DEBUG    urllib3.connectionpool Starting new HTTPS connection (1): cloudfunctions.googleapis.com:443
2024-11-27 18:32:04,118 DEBUG    urllib3.connectionpool https://cloudfunctions.googleapis.com:443 "GET /v2/projects/inspired-photon-441609-k7/locations/us-central1/operations/operation-1732732267335-627e92b490ec2-62fee3ad-9e91189b?alt=json HTTP/1.1" 200 None
2024-11-27 18:32:06,048 DEBUG    urllib3.connectionpool Starting new HTTPS connection (1): cloudfunctions.googleapis.com:443
2024-11-27 18:32:06,111 DEBUG    urllib3.connectionpool https://cloudfunctions.googleapis.com:443 "GET /v2/projects/inspired-photon-441609-k7/locations/us-central1/operations/operation-1732732267335-627e92b490ec2-62fee3ad-9e91189b?alt=json HTTP/1.1" 200 None
2024-11-27 18:32:07,774 DEBUG    urllib3.connectionpool Starting new HTTPS connection (1): cloudfunctions.googleapis.com:443
2024-11-27 18:32:07,860 DEBUG    urllib3.connectionpool https://cloudfunctions.googleapis.com:443 "GET /v2/projects/inspired-photon-441609-k7/locations/us-central1/operations/operation-1732732267335-627e92b490ec2-62fee3ad-9e91189b?alt=json HTTP/1.1" 200 None
2024-11-27 18:32:09,056 DEBUG    urllib3.connectionpool Starting new HTTPS connection (1): cloudfunctions.googleapis.com:443
2024-11-27 18:32:09,153 DEBUG    urllib3.connectionpool https://cloudfunctions.googleapis.com:443 "GET /v2/projects/inspired-photon-441609-k7/locations/us-central1/operations/operation-1732732267335-627e92b490ec2-62fee3ad-9e91189b?alt=json HTTP/1.1" 200 None
2024-11-27 18:32:10,177 DEBUG    urllib3.connectionpool Starting new HTTPS connection (1): cloudfunctions.googleapis.com:443
2024-11-27 18:32:10,272 DEBUG    urllib3.connectionpool https://cloudfunctions.googleapis.com:443 "GET /v2/projects/inspired-photon-441609-k7/locations/us-central1/operations/operation-1732732267335-627e92b490ec2-62fee3ad-9e91189b?alt=json HTTP/1.1" 200 None
2024-11-27 18:32:11,399 DEBUG    urllib3.connectionpool Starting new HTTPS connection (1): cloudfunctions.googleapis.com:443
2024-11-27 18:32:11,512 DEBUG    urllib3.connectionpool https://cloudfunctions.googleapis.com:443 "GET /v2/projects/inspired-photon-441609-k7/locations/us-central1/operations/operation-1732732267335-627e92b490ec2-62fee3ad-9e91189b?alt=json HTTP/1.1" 200 None
2024-11-27 18:32:12,592 DEBUG    urllib3.connectionpool Starting new HTTPS connection (1): cloudfunctions.googleapis.com:443
2024-11-27 18:32:12,655 DEBUG    urllib3.connectionpool https://cloudfunctions.googleapis.com:443 "GET /v2/projects/inspired-photon-441609-k7/locations/us-central1/operations/operation-1732732267335-627e92b490ec2-62fee3ad-9e91189b?alt=json HTTP/1.1" 200 None
2024-11-27 18:32:14,524 DEBUG    urllib3.connectionpool Starting new HTTPS connection (1): cloudfunctions.googleapis.com:443
2024-11-27 18:32:14,658 DEBUG    urllib3.connectionpool https://cloudfunctions.googleapis.com:443 "GET /v2/projects/inspired-photon-441609-k7/locations/us-central1/operations/operation-1732732267335-627e92b490ec2-62fee3ad-9e91189b?alt=json HTTP/1.1" 200 None
2024-11-27 18:32:16,583 DEBUG    urllib3.connectionpool Starting new HTTPS connection (1): cloudfunctions.googleapis.com:443
2024-11-27 18:32:16,648 DEBUG    urllib3.connectionpool https://cloudfunctions.googleapis.com:443 "GET /v2/projects/inspired-photon-441609-k7/locations/us-central1/operations/operation-1732732267335-627e92b490ec2-62fee3ad-9e91189b?alt=json HTTP/1.1" 200 None
2024-11-27 18:32:18,625 DEBUG    urllib3.connectionpool Starting new HTTPS connection (1): cloudfunctions.googleapis.com:443
2024-11-27 18:32:18,692 DEBUG    urllib3.connectionpool https://cloudfunctions.googleapis.com:443 "GET /v2/projects/inspired-photon-441609-k7/locations/us-central1/operations/operation-1732732267335-627e92b490ec2-62fee3ad-9e91189b?alt=json HTTP/1.1" 200 None
2024-11-27 18:32:20,646 DEBUG    urllib3.connectionpool Starting new HTTPS connection (1): cloudfunctions.googleapis.com:443
2024-11-27 18:32:20,707 DEBUG    urllib3.connectionpool https://cloudfunctions.googleapis.com:443 "GET /v2/projects/inspired-photon-441609-k7/locations/us-central1/operations/operation-1732732267335-627e92b490ec2-62fee3ad-9e91189b?alt=json HTTP/1.1" 200 None
2024-11-27 18:32:20,780 DEBUG    root            (gcloud.functions.deploy) OperationError: code=3, message=Could not create or update Cloud Run service gcs-to-pubsub, Container Healthcheck failed. Revision 'gcs-to-pubsub-00001-zij' is not ready and cannot serve traffic. The user-provided container failed to start and listen on the port defined provided by the PORT=8080 environment variable within the allocated timeout. This can happen when the container port is misconfigured or if the timeout is too short. The health check timeout can be extended. Logs for this revision might contain more information.

Logs URL: https://console.cloud.google.com/logs/viewer?project=inspired-photon-441609-k7&resource=cloud_run_revision/service_name/gcs-to-pubsub/revision_name/gcs-to-pubsub-00001-zij&advancedFilter=resource.type%3D%22cloud_run_revision%22%0Aresource.labels.service_name%3D%22gcs-to-pubsub%22%0Aresource.labels.revision_name%3D%22gcs-to-pubsub-00001-zij%22 
For more troubleshooting guidance, see https://cloud.google.com/run/docs/troubleshooting#container-failed-to-start
Traceback (most recent call last):
  File "/snap/google-cloud-cli/289/lib/googlecloudsdk/calliope/cli.py", line 998, in Execute
    resources = calliope_command.Run(cli=self, args=args)
                ^^^^^^^^^^^^^^^^^^^^^^^^^^^^^^^^^^^^^^^^^
  File "/snap/google-cloud-cli/289/lib/googlecloudsdk/calliope/backend.py", line 843, in Run
    resources = command_instance.Run(args)
                ^^^^^^^^^^^^^^^^^^^^^^^^^^
  File "/snap/google-cloud-cli/289/lib/googlecloudsdk/api_lib/functions/v1/util.py", line 387, in CatchHTTPErrorRaiseHTTPExceptionFn
    return func(*args, **kwargs)
           ^^^^^^^^^^^^^^^^^^^^^
  File "/snap/google-cloud-cli/289/lib/googlecloudsdk/command_lib/functions/util.py", line 86, in Run
    return self._RunV2(args)
           ^^^^^^^^^^^^^^^^^
  File "/snap/google-cloud-cli/289/lib/surface/functions/deploy.py", line 144, in _RunV2
    return command_v2.Run(args, self.ReleaseTrack())
           ^^^^^^^^^^^^^^^^^^^^^^^^^^^^^^^^^^^^^^^^^
  File "/snap/google-cloud-cli/289/lib/googlecloudsdk/command_lib/functions/v2/deploy/command.py", line 1316, in Run
    _CreateAndWait(client, function_ref, function)
  File "/snap/google-cloud-cli/289/lib/googlecloudsdk/command_lib/functions/v2/deploy/command.py", line 1143, in _CreateAndWait
    api_util.WaitForOperation(
  File "/snap/google-cloud-cli/289/lib/googlecloudsdk/api_lib/functions/v2/util.py", line 334, in WaitForOperation
    operation = retryer.RetryOnResult(
                ^^^^^^^^^^^^^^^^^^^^^^
  File "/snap/google-cloud-cli/289/lib/googlecloudsdk/core/util/retry.py", line 239, in RetryOnResult
    result = func(*args, **kwargs)
             ^^^^^^^^^^^^^^^^^^^^^
  File "/snap/google-cloud-cli/289/lib/googlecloudsdk/api_lib/functions/v2/util.py", line 226, in _GetOperationAndLogProgress
    raise exceptions.StatusToFunctionsError(
googlecloudsdk.api_lib.functions.v2.exceptions.FunctionsError: OperationError: code=3, message=Could not create or update Cloud Run service gcs-to-pubsub, Container Healthcheck failed. Revision 'gcs-to-pubsub-00001-zij' is not ready and cannot serve traffic. The user-provided container failed to start and listen on the port defined provided by the PORT=8080 environment variable within the allocated timeout. This can happen when the container port is misconfigured or if the timeout is too short. The health check timeout can be extended. Logs for this revision might contain more information.

Logs URL: https://console.cloud.google.com/logs/viewer?project=inspired-photon-441609-k7&resource=cloud_run_revision/service_name/gcs-to-pubsub/revision_name/gcs-to-pubsub-00001-zij&advancedFilter=resource.type%3D%22cloud_run_revision%22%0Aresource.labels.service_name%3D%22gcs-to-pubsub%22%0Aresource.labels.revision_name%3D%22gcs-to-pubsub-00001-zij%22 
For more troubleshooting guidance, see https://cloud.google.com/run/docs/troubleshooting#container-failed-to-start
2024-11-27 18:32:20,792 ERROR    root            (gcloud.functions.deploy) OperationError: code=3, message=Could not create or update Cloud Run service gcs-to-pubsub, Container Healthcheck failed. Revision 'gcs-to-pubsub-00001-zij' is not ready and cannot serve traffic. The user-provided container failed to start and listen on the port defined provided by the PORT=8080 environment variable within the allocated timeout. This can happen when the container port is misconfigured or if the timeout is too short. The health check timeout can be extended. Logs for this revision might contain more information.

Logs URL: https://console.cloud.google.com/logs/viewer?project=inspired-photon-441609-k7&resource=cloud_run_revision/service_name/gcs-to-pubsub/revision_name/gcs-to-pubsub-00001-zij&advancedFilter=resource.type%3D%22cloud_run_revision%22%0Aresource.labels.service_name%3D%22gcs-to-pubsub%22%0Aresource.labels.revision_name%3D%22gcs-to-pubsub-00001-zij%22 
For more troubleshooting guidance, see https://cloud.google.com/run/docs/troubleshooting#container-failed-to-start
