2024-11-27 18:30:41,068 DEBUG    root            Loaded Command Group: ['gcloud', 'projects']
2024-11-27 18:30:41,119 DEBUG    root            Loaded Command Group: ['gcloud', 'projects', 'add_iam_policy_binding']
2024-11-27 18:30:41,136 DEBUG    root            Running [gcloud.projects.add-iam-policy-binding] with arguments: [--member: "serviceAccount:service-644941739395@gcp-sa-eventarc.iam.gserviceaccount.com", --role: "roles/eventarc.serviceAgent", PROJECT_ID: "inspired-photon-441609-k7"]
2024-11-27 18:30:41,296 DEBUG    urllib3.connectionpool Starting new HTTPS connection (1): cloudresourcemanager.googleapis.com:443
2024-11-27 18:30:41,532 DEBUG    urllib3.connectionpool https://cloudresourcemanager.googleapis.com:443 "POST /v1/projects/inspired-photon-441609-k7:getIamPolicy?alt=json HTTP/1.1" 200 None
2024-11-27 18:30:41,672 DEBUG    urllib3.connectionpool Starting new HTTPS connection (1): cloudresourcemanager.googleapis.com:443
2024-11-27 18:30:42,192 DEBUG    urllib3.connectionpool https://cloudresourcemanager.googleapis.com:443 "POST /v1/projects/inspired-photon-441609-k7:setIamPolicy?alt=json HTTP/1.1" 200 None
2024-11-27 18:30:42,195 INFO     ___FILE_ONLY___ Updated IAM policy for project [inspired-photon-441609-k7].

2024-11-27 18:30:42,196 DEBUG    root            Chosen display Format:default
2024-11-27 18:30:42,197 INFO     root            Display format: "default"
2024-11-27 18:30:42,220 INFO     ___FILE_ONLY___ bindings
2024-11-27 18:30:42,221 INFO     ___FILE_ONLY___ :
2024-11-27 18:30:42,221 INFO     ___FILE_ONLY___ 

2024-11-27 18:30:42,221 INFO     ___FILE_ONLY___ -
2024-11-27 18:30:42,221 INFO     ___FILE_ONLY___  
2024-11-27 18:30:42,221 INFO     ___FILE_ONLY___ members
2024-11-27 18:30:42,221 INFO     ___FILE_ONLY___ :
2024-11-27 18:30:42,221 INFO     ___FILE_ONLY___ 

2024-11-27 18:30:42,221 INFO     ___FILE_ONLY___   
2024-11-27 18:30:42,222 INFO     ___FILE_ONLY___ -
2024-11-27 18:30:42,222 INFO     ___FILE_ONLY___  
2024-11-27 18:30:42,222 INFO     ___FILE_ONLY___ serviceAccount:trigger-account@inspired-photon-441609-k7.iam.gserviceaccount.com
2024-11-27 18:30:42,222 INFO     ___FILE_ONLY___ 

2024-11-27 18:30:42,222 INFO     ___FILE_ONLY___   
2024-11-27 18:30:42,222 INFO     ___FILE_ONLY___ role
2024-11-27 18:30:42,222 INFO     ___FILE_ONLY___ :
2024-11-27 18:30:42,222 INFO     ___FILE_ONLY___  
2024-11-27 18:30:42,222 INFO     ___FILE_ONLY___ projects/inspired-photon-441609-k7/roles/main_custom_role_17
2024-11-27 18:30:42,223 INFO     ___FILE_ONLY___ 

2024-11-27 18:30:42,223 INFO     ___FILE_ONLY___ -
2024-11-27 18:30:42,223 INFO     ___FILE_ONLY___  
2024-11-27 18:30:42,223 INFO     ___FILE_ONLY___ members
2024-11-27 18:30:42,223 INFO     ___FILE_ONLY___ :
2024-11-27 18:30:42,223 INFO     ___FILE_ONLY___ 

2024-11-27 18:30:42,223 INFO     ___FILE_ONLY___   
2024-11-27 18:30:42,223 INFO     ___FILE_ONLY___ -
2024-11-27 18:30:42,223 INFO     ___FILE_ONLY___  
2024-11-27 18:30:42,223 INFO     ___FILE_ONLY___ serviceAccount:service-644941739395@gcp-sa-artifactregistry.iam.gserviceaccount.com
2024-11-27 18:30:42,224 INFO     ___FILE_ONLY___ 

2024-11-27 18:30:42,224 INFO     ___FILE_ONLY___   
2024-11-27 18:30:42,224 INFO     ___FILE_ONLY___ role
2024-11-27 18:30:42,224 INFO     ___FILE_ONLY___ :
2024-11-27 18:30:42,224 INFO     ___FILE_ONLY___  
2024-11-27 18:30:42,224 INFO     ___FILE_ONLY___ roles/artifactregistry.serviceAgent
2024-11-27 18:30:42,224 INFO     ___FILE_ONLY___ 

2024-11-27 18:30:42,224 INFO     ___FILE_ONLY___ -
2024-11-27 18:30:42,224 INFO     ___FILE_ONLY___  
2024-11-27 18:30:42,225 INFO     ___FILE_ONLY___ members
2024-11-27 18:30:42,225 INFO     ___FILE_ONLY___ :
2024-11-27 18:30:42,225 INFO     ___FILE_ONLY___ 

2024-11-27 18:30:42,225 INFO     ___FILE_ONLY___   
2024-11-27 18:30:42,225 INFO     ___FILE_ONLY___ -
2024-11-27 18:30:42,225 INFO     ___FILE_ONLY___  
2024-11-27 18:30:42,225 INFO     ___FILE_ONLY___ serviceAccount:644941739395@cloudbuild.gserviceaccount.com
2024-11-27 18:30:42,225 INFO     ___FILE_ONLY___ 

2024-11-27 18:30:42,225 INFO     ___FILE_ONLY___   
2024-11-27 18:30:42,225 INFO     ___FILE_ONLY___ role
2024-11-27 18:30:42,225 INFO     ___FILE_ONLY___ :
2024-11-27 18:30:42,226 INFO     ___FILE_ONLY___  
2024-11-27 18:30:42,226 INFO     ___FILE_ONLY___ roles/cloudbuild.builds.builder
2024-11-27 18:30:42,226 INFO     ___FILE_ONLY___ 

2024-11-27 18:30:42,226 INFO     ___FILE_ONLY___ -
2024-11-27 18:30:42,226 INFO     ___FILE_ONLY___  
2024-11-27 18:30:42,226 INFO     ___FILE_ONLY___ members
2024-11-27 18:30:42,226 INFO     ___FILE_ONLY___ :
2024-11-27 18:30:42,226 INFO     ___FILE_ONLY___ 

2024-11-27 18:30:42,226 INFO     ___FILE_ONLY___   
2024-11-27 18:30:42,226 INFO     ___FILE_ONLY___ -
2024-11-27 18:30:42,227 INFO     ___FILE_ONLY___  
2024-11-27 18:30:42,227 INFO     ___FILE_ONLY___ serviceAccount:service-644941739395@gcp-sa-cloudbuild.iam.gserviceaccount.com
2024-11-27 18:30:42,227 INFO     ___FILE_ONLY___ 

2024-11-27 18:30:42,227 INFO     ___FILE_ONLY___   
2024-11-27 18:30:42,227 INFO     ___FILE_ONLY___ role
2024-11-27 18:30:42,227 INFO     ___FILE_ONLY___ :
2024-11-27 18:30:42,227 INFO     ___FILE_ONLY___  
2024-11-27 18:30:42,227 INFO     ___FILE_ONLY___ roles/cloudbuild.serviceAgent
2024-11-27 18:30:42,227 INFO     ___FILE_ONLY___ 

2024-11-27 18:30:42,227 INFO     ___FILE_ONLY___ -
2024-11-27 18:30:42,227 INFO     ___FILE_ONLY___  
2024-11-27 18:30:42,227 INFO     ___FILE_ONLY___ members
2024-11-27 18:30:42,228 INFO     ___FILE_ONLY___ :
2024-11-27 18:30:42,228 INFO     ___FILE_ONLY___ 

2024-11-27 18:30:42,228 INFO     ___FILE_ONLY___   
2024-11-27 18:30:42,228 INFO     ___FILE_ONLY___ -
2024-11-27 18:30:42,228 INFO     ___FILE_ONLY___  
2024-11-27 18:30:42,228 INFO     ___FILE_ONLY___ serviceAccount:644941739395@cloudbuild.gserviceaccount.com
2024-11-27 18:30:42,228 INFO     ___FILE_ONLY___ 

2024-11-27 18:30:42,228 INFO     ___FILE_ONLY___   
2024-11-27 18:30:42,228 INFO     ___FILE_ONLY___ role
2024-11-27 18:30:42,228 INFO     ___FILE_ONLY___ :
2024-11-27 18:30:42,228 INFO     ___FILE_ONLY___  
2024-11-27 18:30:42,228 INFO     ___FILE_ONLY___ roles/cloudfunctions.developer
2024-11-27 18:30:42,229 INFO     ___FILE_ONLY___ 

2024-11-27 18:30:42,229 INFO     ___FILE_ONLY___ -
2024-11-27 18:30:42,229 INFO     ___FILE_ONLY___  
2024-11-27 18:30:42,229 INFO     ___FILE_ONLY___ members
2024-11-27 18:30:42,229 INFO     ___FILE_ONLY___ :
2024-11-27 18:30:42,229 INFO     ___FILE_ONLY___ 

2024-11-27 18:30:42,229 INFO     ___FILE_ONLY___   
2024-11-27 18:30:42,229 INFO     ___FILE_ONLY___ -
2024-11-27 18:30:42,229 INFO     ___FILE_ONLY___  
2024-11-27 18:30:42,229 INFO     ___FILE_ONLY___ serviceAccount:service-644941739395@gcf-admin-robot.iam.gserviceaccount.com
2024-11-27 18:30:42,229 INFO     ___FILE_ONLY___ 

2024-11-27 18:30:42,230 INFO     ___FILE_ONLY___   
2024-11-27 18:30:42,230 INFO     ___FILE_ONLY___ role
2024-11-27 18:30:42,230 INFO     ___FILE_ONLY___ :
2024-11-27 18:30:42,230 INFO     ___FILE_ONLY___  
2024-11-27 18:30:42,230 INFO     ___FILE_ONLY___ roles/cloudfunctions.serviceAgent
2024-11-27 18:30:42,230 INFO     ___FILE_ONLY___ 

2024-11-27 18:30:42,230 INFO     ___FILE_ONLY___ -
2024-11-27 18:30:42,230 INFO     ___FILE_ONLY___  
2024-11-27 18:30:42,230 INFO     ___FILE_ONLY___ members
2024-11-27 18:30:42,230 INFO     ___FILE_ONLY___ :
2024-11-27 18:30:42,230 INFO     ___FILE_ONLY___ 

2024-11-27 18:30:42,230 INFO     ___FILE_ONLY___   
2024-11-27 18:30:42,231 INFO     ___FILE_ONLY___ -
2024-11-27 18:30:42,231 INFO     ___FILE_ONLY___  
2024-11-27 18:30:42,231 INFO     ___FILE_ONLY___ serviceAccount:vm-creater-account@inspired-photon-441609-k7.iam.gserviceaccount.com
2024-11-27 18:30:42,231 INFO     ___FILE_ONLY___ 

2024-11-27 18:30:42,231 INFO     ___FILE_ONLY___   
2024-11-27 18:30:42,231 INFO     ___FILE_ONLY___ role
2024-11-27 18:30:42,231 INFO     ___FILE_ONLY___ :
2024-11-27 18:30:42,231 INFO     ___FILE_ONLY___  
2024-11-27 18:30:42,231 INFO     ___FILE_ONLY___ roles/compute.instanceAdmin.v1
2024-11-27 18:30:42,231 INFO     ___FILE_ONLY___ 

2024-11-27 18:30:42,231 INFO     ___FILE_ONLY___ -
2024-11-27 18:30:42,232 INFO     ___FILE_ONLY___  
2024-11-27 18:30:42,232 INFO     ___FILE_ONLY___ members
2024-11-27 18:30:42,232 INFO     ___FILE_ONLY___ :
2024-11-27 18:30:42,232 INFO     ___FILE_ONLY___ 

2024-11-27 18:30:42,232 INFO     ___FILE_ONLY___   
2024-11-27 18:30:42,232 INFO     ___FILE_ONLY___ -
2024-11-27 18:30:42,232 INFO     ___FILE_ONLY___  
2024-11-27 18:30:42,232 INFO     ___FILE_ONLY___ serviceAccount:vm-creater-account@inspired-photon-441609-k7.iam.gserviceaccount.com
2024-11-27 18:30:42,232 INFO     ___FILE_ONLY___ 

2024-11-27 18:30:42,232 INFO     ___FILE_ONLY___   
2024-11-27 18:30:42,232 INFO     ___FILE_ONLY___ role
2024-11-27 18:30:42,233 INFO     ___FILE_ONLY___ :
2024-11-27 18:30:42,233 INFO     ___FILE_ONLY___  
2024-11-27 18:30:42,233 INFO     ___FILE_ONLY___ roles/compute.networkUser
2024-11-27 18:30:42,233 INFO     ___FILE_ONLY___ 

2024-11-27 18:30:42,233 INFO     ___FILE_ONLY___ -
2024-11-27 18:30:42,233 INFO     ___FILE_ONLY___  
2024-11-27 18:30:42,233 INFO     ___FILE_ONLY___ members
2024-11-27 18:30:42,233 INFO     ___FILE_ONLY___ :
2024-11-27 18:30:42,233 INFO     ___FILE_ONLY___ 

2024-11-27 18:30:42,233 INFO     ___FILE_ONLY___   
2024-11-27 18:30:42,233 INFO     ___FILE_ONLY___ -
2024-11-27 18:30:42,233 INFO     ___FILE_ONLY___  
2024-11-27 18:30:42,233 INFO     ___FILE_ONLY___ serviceAccount:service-644941739395@compute-system.iam.gserviceaccount.com
2024-11-27 18:30:42,234 INFO     ___FILE_ONLY___ 

2024-11-27 18:30:42,234 INFO     ___FILE_ONLY___   
2024-11-27 18:30:42,234 INFO     ___FILE_ONLY___ role
2024-11-27 18:30:42,234 INFO     ___FILE_ONLY___ :
2024-11-27 18:30:42,234 INFO     ___FILE_ONLY___  
2024-11-27 18:30:42,234 INFO     ___FILE_ONLY___ roles/compute.serviceAgent
2024-11-27 18:30:42,234 INFO     ___FILE_ONLY___ 

2024-11-27 18:30:42,234 INFO     ___FILE_ONLY___ -
2024-11-27 18:30:42,234 INFO     ___FILE_ONLY___  
2024-11-27 18:30:42,234 INFO     ___FILE_ONLY___ members
2024-11-27 18:30:42,234 INFO     ___FILE_ONLY___ :
2024-11-27 18:30:42,234 INFO     ___FILE_ONLY___ 

2024-11-27 18:30:42,235 INFO     ___FILE_ONLY___   
2024-11-27 18:30:42,235 INFO     ___FILE_ONLY___ -
2024-11-27 18:30:42,235 INFO     ___FILE_ONLY___  
2024-11-27 18:30:42,235 INFO     ___FILE_ONLY___ serviceAccount:service-644941739395@containerregistry.iam.gserviceaccount.com
2024-11-27 18:30:42,235 INFO     ___FILE_ONLY___ 

2024-11-27 18:30:42,235 INFO     ___FILE_ONLY___   
2024-11-27 18:30:42,235 INFO     ___FILE_ONLY___ role
2024-11-27 18:30:42,235 INFO     ___FILE_ONLY___ :
2024-11-27 18:30:42,235 INFO     ___FILE_ONLY___  
2024-11-27 18:30:42,235 INFO     ___FILE_ONLY___ roles/containerregistry.ServiceAgent
2024-11-27 18:30:42,235 INFO     ___FILE_ONLY___ 

2024-11-27 18:30:42,236 INFO     ___FILE_ONLY___ -
2024-11-27 18:30:42,236 INFO     ___FILE_ONLY___  
2024-11-27 18:30:42,236 INFO     ___FILE_ONLY___ members
2024-11-27 18:30:42,236 INFO     ___FILE_ONLY___ :
2024-11-27 18:30:42,236 INFO     ___FILE_ONLY___ 

2024-11-27 18:30:42,236 INFO     ___FILE_ONLY___   
2024-11-27 18:30:42,236 INFO     ___FILE_ONLY___ -
2024-11-27 18:30:42,236 INFO     ___FILE_ONLY___  
2024-11-27 18:30:42,236 INFO     ___FILE_ONLY___ serviceAccount:644941739395-compute@developer.gserviceaccount.com
2024-11-27 18:30:42,236 INFO     ___FILE_ONLY___ 

2024-11-27 18:30:42,236 INFO     ___FILE_ONLY___   
2024-11-27 18:30:42,236 INFO     ___FILE_ONLY___ -
2024-11-27 18:30:42,237 INFO     ___FILE_ONLY___  
2024-11-27 18:30:42,237 INFO     ___FILE_ONLY___ serviceAccount:644941739395@cloudservices.gserviceaccount.com
2024-11-27 18:30:42,237 INFO     ___FILE_ONLY___ 

2024-11-27 18:30:42,237 INFO     ___FILE_ONLY___   
2024-11-27 18:30:42,237 INFO     ___FILE_ONLY___ -
2024-11-27 18:30:42,237 INFO     ___FILE_ONLY___  
2024-11-27 18:30:42,237 INFO     ___FILE_ONLY___ serviceAccount:inspired-photon-441609-k7@appspot.gserviceaccount.com
2024-11-27 18:30:42,237 INFO     ___FILE_ONLY___ 

2024-11-27 18:30:42,237 INFO     ___FILE_ONLY___   
2024-11-27 18:30:42,237 INFO     ___FILE_ONLY___ -
2024-11-27 18:30:42,237 INFO     ___FILE_ONLY___  
2024-11-27 18:30:42,238 INFO     ___FILE_ONLY___ serviceAccount:vm-creater-account@inspired-photon-441609-k7.iam.gserviceaccount.com
2024-11-27 18:30:42,238 INFO     ___FILE_ONLY___ 

2024-11-27 18:30:42,238 INFO     ___FILE_ONLY___   
2024-11-27 18:30:42,238 INFO     ___FILE_ONLY___ role
2024-11-27 18:30:42,238 INFO     ___FILE_ONLY___ :
2024-11-27 18:30:42,238 INFO     ___FILE_ONLY___  
2024-11-27 18:30:42,238 INFO     ___FILE_ONLY___ roles/editor
2024-11-27 18:30:42,238 INFO     ___FILE_ONLY___ 

2024-11-27 18:30:42,238 INFO     ___FILE_ONLY___ -
2024-11-27 18:30:42,238 INFO     ___FILE_ONLY___  
2024-11-27 18:30:42,238 INFO     ___FILE_ONLY___ members
2024-11-27 18:30:42,239 INFO     ___FILE_ONLY___ :
2024-11-27 18:30:42,239 INFO     ___FILE_ONLY___ 

2024-11-27 18:30:42,239 INFO     ___FILE_ONLY___   
2024-11-27 18:30:42,239 INFO     ___FILE_ONLY___ -
2024-11-27 18:30:42,239 INFO     ___FILE_ONLY___  
2024-11-27 18:30:42,239 INFO     ___FILE_ONLY___ serviceAccount:service-644941739395@gcp-sa-eventarc.iam.gserviceaccount.com
2024-11-27 18:30:42,239 INFO     ___FILE_ONLY___ 

2024-11-27 18:30:42,239 INFO     ___FILE_ONLY___   
2024-11-27 18:30:42,239 INFO     ___FILE_ONLY___ role
2024-11-27 18:30:42,239 INFO     ___FILE_ONLY___ :
2024-11-27 18:30:42,239 INFO     ___FILE_ONLY___  
2024-11-27 18:30:42,239 INFO     ___FILE_ONLY___ roles/eventarc.serviceAgent
2024-11-27 18:30:42,240 INFO     ___FILE_ONLY___ 

2024-11-27 18:30:42,240 INFO     ___FILE_ONLY___ -
2024-11-27 18:30:42,240 INFO     ___FILE_ONLY___  
2024-11-27 18:30:42,240 INFO     ___FILE_ONLY___ members
2024-11-27 18:30:42,240 INFO     ___FILE_ONLY___ :
2024-11-27 18:30:42,240 INFO     ___FILE_ONLY___ 

2024-11-27 18:30:42,240 INFO     ___FILE_ONLY___   
2024-11-27 18:30:42,240 INFO     ___FILE_ONLY___ -
2024-11-27 18:30:42,240 INFO     ___FILE_ONLY___  
2024-11-27 18:30:42,240 INFO     ___FILE_ONLY___ serviceAccount:trigger-account@inspired-photon-441609-k7.iam.gserviceaccount.com
2024-11-27 18:30:42,240 INFO     ___FILE_ONLY___ 

2024-11-27 18:30:42,240 INFO     ___FILE_ONLY___   
2024-11-27 18:30:42,241 INFO     ___FILE_ONLY___ role
2024-11-27 18:30:42,241 INFO     ___FILE_ONLY___ :
2024-11-27 18:30:42,241 INFO     ___FILE_ONLY___  
2024-11-27 18:30:42,241 INFO     ___FILE_ONLY___ roles/iam.roleAdmin
2024-11-27 18:30:42,241 INFO     ___FILE_ONLY___ 

2024-11-27 18:30:42,241 INFO     ___FILE_ONLY___ -
2024-11-27 18:30:42,241 INFO     ___FILE_ONLY___  
2024-11-27 18:30:42,241 INFO     ___FILE_ONLY___ members
2024-11-27 18:30:42,241 INFO     ___FILE_ONLY___ :
2024-11-27 18:30:42,241 INFO     ___FILE_ONLY___ 

2024-11-27 18:30:42,241 INFO     ___FILE_ONLY___   
2024-11-27 18:30:42,241 INFO     ___FILE_ONLY___ -
2024-11-27 18:30:42,242 INFO     ___FILE_ONLY___  
2024-11-27 18:30:42,242 INFO     ___FILE_ONLY___ serviceAccount:644941739395@cloudbuild.gserviceaccount.com
2024-11-27 18:30:42,242 INFO     ___FILE_ONLY___ 

2024-11-27 18:30:42,242 INFO     ___FILE_ONLY___   
2024-11-27 18:30:42,242 INFO     ___FILE_ONLY___ -
2024-11-27 18:30:42,242 INFO     ___FILE_ONLY___  
2024-11-27 18:30:42,242 INFO     ___FILE_ONLY___ serviceAccount:vm-creater-account@inspired-photon-441609-k7.iam.gserviceaccount.com
2024-11-27 18:30:42,242 INFO     ___FILE_ONLY___ 

2024-11-27 18:30:42,242 INFO     ___FILE_ONLY___   
2024-11-27 18:30:42,242 INFO     ___FILE_ONLY___ role
2024-11-27 18:30:42,242 INFO     ___FILE_ONLY___ :
2024-11-27 18:30:42,242 INFO     ___FILE_ONLY___  
2024-11-27 18:30:42,242 INFO     ___FILE_ONLY___ roles/iam.serviceAccountUser
2024-11-27 18:30:42,243 INFO     ___FILE_ONLY___ 

2024-11-27 18:30:42,243 INFO     ___FILE_ONLY___ -
2024-11-27 18:30:42,243 INFO     ___FILE_ONLY___  
2024-11-27 18:30:42,243 INFO     ___FILE_ONLY___ members
2024-11-27 18:30:42,243 INFO     ___FILE_ONLY___ :
2024-11-27 18:30:42,243 INFO     ___FILE_ONLY___ 

2024-11-27 18:30:42,243 INFO     ___FILE_ONLY___   
2024-11-27 18:30:42,243 INFO     ___FILE_ONLY___ -
2024-11-27 18:30:42,243 INFO     ___FILE_ONLY___  
2024-11-27 18:30:42,243 INFO     ___FILE_ONLY___ user:das03285@gmail.com
2024-11-27 18:30:42,243 INFO     ___FILE_ONLY___ 

2024-11-27 18:30:42,243 INFO     ___FILE_ONLY___   
2024-11-27 18:30:42,244 INFO     ___FILE_ONLY___ role
2024-11-27 18:30:42,244 INFO     ___FILE_ONLY___ :
2024-11-27 18:30:42,244 INFO     ___FILE_ONLY___  
2024-11-27 18:30:42,244 INFO     ___FILE_ONLY___ roles/owner
2024-11-27 18:30:42,244 INFO     ___FILE_ONLY___ 

2024-11-27 18:30:42,244 INFO     ___FILE_ONLY___ -
2024-11-27 18:30:42,244 INFO     ___FILE_ONLY___  
2024-11-27 18:30:42,244 INFO     ___FILE_ONLY___ members
2024-11-27 18:30:42,244 INFO     ___FILE_ONLY___ :
2024-11-27 18:30:42,244 INFO     ___FILE_ONLY___ 

2024-11-27 18:30:42,244 INFO     ___FILE_ONLY___   
2024-11-27 18:30:42,244 INFO     ___FILE_ONLY___ -
2024-11-27 18:30:42,245 INFO     ___FILE_ONLY___  
2024-11-27 18:30:42,245 INFO     ___FILE_ONLY___ serviceAccount:service-644941739395@gcp-sa-pubsub.iam.gserviceaccount.com
2024-11-27 18:30:42,245 INFO     ___FILE_ONLY___ 

2024-11-27 18:30:42,245 INFO     ___FILE_ONLY___   
2024-11-27 18:30:42,245 INFO     ___FILE_ONLY___ role
2024-11-27 18:30:42,245 INFO     ___FILE_ONLY___ :
2024-11-27 18:30:42,245 INFO     ___FILE_ONLY___  
2024-11-27 18:30:42,245 INFO     ___FILE_ONLY___ roles/pubsub.serviceAgent
2024-11-27 18:30:42,245 INFO     ___FILE_ONLY___ 

2024-11-27 18:30:42,245 INFO     ___FILE_ONLY___ -
2024-11-27 18:30:42,245 INFO     ___FILE_ONLY___  
2024-11-27 18:30:42,245 INFO     ___FILE_ONLY___ members
2024-11-27 18:30:42,246 INFO     ___FILE_ONLY___ :
2024-11-27 18:30:42,246 INFO     ___FILE_ONLY___ 

2024-11-27 18:30:42,246 INFO     ___FILE_ONLY___   
2024-11-27 18:30:42,246 INFO     ___FILE_ONLY___ -
2024-11-27 18:30:42,246 INFO     ___FILE_ONLY___  
2024-11-27 18:30:42,246 INFO     ___FILE_ONLY___ serviceAccount:trigger-account@inspired-photon-441609-k7.iam.gserviceaccount.com
2024-11-27 18:30:42,246 INFO     ___FILE_ONLY___ 

2024-11-27 18:30:42,246 INFO     ___FILE_ONLY___   
2024-11-27 18:30:42,246 INFO     ___FILE_ONLY___ role
2024-11-27 18:30:42,246 INFO     ___FILE_ONLY___ :
2024-11-27 18:30:42,246 INFO     ___FILE_ONLY___  
2024-11-27 18:30:42,246 INFO     ___FILE_ONLY___ roles/resourcemanager.projectIamAdmin
2024-11-27 18:30:42,247 INFO     ___FILE_ONLY___ 

2024-11-27 18:30:42,247 INFO     ___FILE_ONLY___ -
2024-11-27 18:30:42,247 INFO     ___FILE_ONLY___  
2024-11-27 18:30:42,247 INFO     ___FILE_ONLY___ members
2024-11-27 18:30:42,247 INFO     ___FILE_ONLY___ :
2024-11-27 18:30:42,247 INFO     ___FILE_ONLY___ 

2024-11-27 18:30:42,247 INFO     ___FILE_ONLY___   
2024-11-27 18:30:42,247 INFO     ___FILE_ONLY___ -
2024-11-27 18:30:42,247 INFO     ___FILE_ONLY___  
2024-11-27 18:30:42,247 INFO     ___FILE_ONLY___ serviceAccount:service-644941739395@serverless-robot-prod.iam.gserviceaccount.com
2024-11-27 18:30:42,247 INFO     ___FILE_ONLY___ 

2024-11-27 18:30:42,248 INFO     ___FILE_ONLY___   
2024-11-27 18:30:42,248 INFO     ___FILE_ONLY___ role
2024-11-27 18:30:42,248 INFO     ___FILE_ONLY___ :
2024-11-27 18:30:42,248 INFO     ___FILE_ONLY___  
2024-11-27 18:30:42,248 INFO     ___FILE_ONLY___ roles/run.serviceAgent
2024-11-27 18:30:42,248 INFO     ___FILE_ONLY___ 

2024-11-27 18:30:42,248 INFO     ___FILE_ONLY___ etag
2024-11-27 18:30:42,248 INFO     ___FILE_ONLY___ :
2024-11-27 18:30:42,248 INFO     ___FILE_ONLY___  
2024-11-27 18:30:42,248 INFO     ___FILE_ONLY___ BwYn6SnJLIQ=
2024-11-27 18:30:42,248 INFO     ___FILE_ONLY___ 

2024-11-27 18:30:42,249 INFO     ___FILE_ONLY___ version
2024-11-27 18:30:42,249 INFO     ___FILE_ONLY___ :
2024-11-27 18:30:42,249 INFO     ___FILE_ONLY___  
2024-11-27 18:30:42,249 INFO     ___FILE_ONLY___ 1
2024-11-27 18:30:42,249 INFO     ___FILE_ONLY___ 

2024-11-27 18:30:42,249 DEBUG    root            SDK update checks are disabled.
