2024-11-27 18:36:34,068 DEBUG    root            Loaded Command Group: ['gcloud', 'projects']
2024-11-27 18:36:34,123 DEBUG    root            Loaded Command Group: ['gcloud', 'projects', 'add_iam_policy_binding']
2024-11-27 18:36:34,144 DEBUG    root            Running [gcloud.projects.add-iam-policy-binding] with arguments: [--member: "serviceAccount:service-644941739395@gcp-sa-eventarc.iam.gserviceaccount.com", --role: "roles/eventarc.serviceAgent", PROJECT_ID: "inspired-photon-441609-k7"]
2024-11-27 18:36:34,319 DEBUG    urllib3.connectionpool Starting new HTTPS connection (1): cloudresourcemanager.googleapis.com:443
2024-11-27 18:36:34,537 DEBUG    urllib3.connectionpool https://cloudresourcemanager.googleapis.com:443 "POST /v1/projects/inspired-photon-441609-k7:getIamPolicy?alt=json HTTP/1.1" 200 None
2024-11-27 18:36:34,692 DEBUG    urllib3.connectionpool Starting new HTTPS connection (1): cloudresourcemanager.googleapis.com:443
2024-11-27 18:36:35,213 DEBUG    urllib3.connectionpool https://cloudresourcemanager.googleapis.com:443 "POST /v1/projects/inspired-photon-441609-k7:setIamPolicy?alt=json HTTP/1.1" 200 None
2024-11-27 18:36:35,217 INFO     ___FILE_ONLY___ Updated IAM policy for project [inspired-photon-441609-k7].

2024-11-27 18:36:35,217 DEBUG    root            Chosen display Format:default
2024-11-27 18:36:35,218 INFO     root            Display format: "default"
2024-11-27 18:36:35,241 INFO     ___FILE_ONLY___ bindings
2024-11-27 18:36:35,241 INFO     ___FILE_ONLY___ :
2024-11-27 18:36:35,241 INFO     ___FILE_ONLY___ 

2024-11-27 18:36:35,241 INFO     ___FILE_ONLY___ -
2024-11-27 18:36:35,241 INFO     ___FILE_ONLY___  
2024-11-27 18:36:35,242 INFO     ___FILE_ONLY___ members
2024-11-27 18:36:35,242 INFO     ___FILE_ONLY___ :
2024-11-27 18:36:35,242 INFO     ___FILE_ONLY___ 

2024-11-27 18:36:35,242 INFO     ___FILE_ONLY___   
2024-11-27 18:36:35,242 INFO     ___FILE_ONLY___ -
2024-11-27 18:36:35,242 INFO     ___FILE_ONLY___  
2024-11-27 18:36:35,242 INFO     ___FILE_ONLY___ serviceAccount:trigger-account@inspired-photon-441609-k7.iam.gserviceaccount.com
2024-11-27 18:36:35,242 INFO     ___FILE_ONLY___ 

2024-11-27 18:36:35,243 INFO     ___FILE_ONLY___   
2024-11-27 18:36:35,243 INFO     ___FILE_ONLY___ role
2024-11-27 18:36:35,243 INFO     ___FILE_ONLY___ :
2024-11-27 18:36:35,243 INFO     ___FILE_ONLY___  
2024-11-27 18:36:35,243 INFO     ___FILE_ONLY___ projects/inspired-photon-441609-k7/roles/main_custom_role_17
2024-11-27 18:36:35,243 INFO     ___FILE_ONLY___ 

2024-11-27 18:36:35,243 INFO     ___FILE_ONLY___ -
2024-11-27 18:36:35,243 INFO     ___FILE_ONLY___  
2024-11-27 18:36:35,244 INFO     ___FILE_ONLY___ members
2024-11-27 18:36:35,244 INFO     ___FILE_ONLY___ :
2024-11-27 18:36:35,244 INFO     ___FILE_ONLY___ 

2024-11-27 18:36:35,244 INFO     ___FILE_ONLY___   
2024-11-27 18:36:35,244 INFO     ___FILE_ONLY___ -
2024-11-27 18:36:35,244 INFO     ___FILE_ONLY___  
2024-11-27 18:36:35,244 INFO     ___FILE_ONLY___ serviceAccount:service-644941739395@gcp-sa-artifactregistry.iam.gserviceaccount.com
2024-11-27 18:36:35,244 INFO     ___FILE_ONLY___ 

2024-11-27 18:36:35,244 INFO     ___FILE_ONLY___   
2024-11-27 18:36:35,244 INFO     ___FILE_ONLY___ role
2024-11-27 18:36:35,245 INFO     ___FILE_ONLY___ :
2024-11-27 18:36:35,245 INFO     ___FILE_ONLY___  
2024-11-27 18:36:35,245 INFO     ___FILE_ONLY___ roles/artifactregistry.serviceAgent
2024-11-27 18:36:35,245 INFO     ___FILE_ONLY___ 

2024-11-27 18:36:35,245 INFO     ___FILE_ONLY___ -
2024-11-27 18:36:35,245 INFO     ___FILE_ONLY___  
2024-11-27 18:36:35,245 INFO     ___FILE_ONLY___ members
2024-11-27 18:36:35,245 INFO     ___FILE_ONLY___ :
2024-11-27 18:36:35,245 INFO     ___FILE_ONLY___ 

2024-11-27 18:36:35,245 INFO     ___FILE_ONLY___   
2024-11-27 18:36:35,245 INFO     ___FILE_ONLY___ -
2024-11-27 18:36:35,246 INFO     ___FILE_ONLY___  
2024-11-27 18:36:35,246 INFO     ___FILE_ONLY___ serviceAccount:644941739395@cloudbuild.gserviceaccount.com
2024-11-27 18:36:35,246 INFO     ___FILE_ONLY___ 

2024-11-27 18:36:35,246 INFO     ___FILE_ONLY___   
2024-11-27 18:36:35,246 INFO     ___FILE_ONLY___ role
2024-11-27 18:36:35,246 INFO     ___FILE_ONLY___ :
2024-11-27 18:36:35,246 INFO     ___FILE_ONLY___  
2024-11-27 18:36:35,246 INFO     ___FILE_ONLY___ roles/cloudbuild.builds.builder
2024-11-27 18:36:35,246 INFO     ___FILE_ONLY___ 

2024-11-27 18:36:35,246 INFO     ___FILE_ONLY___ -
2024-11-27 18:36:35,246 INFO     ___FILE_ONLY___  
2024-11-27 18:36:35,247 INFO     ___FILE_ONLY___ members
2024-11-27 18:36:35,247 INFO     ___FILE_ONLY___ :
2024-11-27 18:36:35,247 INFO     ___FILE_ONLY___ 

2024-11-27 18:36:35,247 INFO     ___FILE_ONLY___   
2024-11-27 18:36:35,247 INFO     ___FILE_ONLY___ -
2024-11-27 18:36:35,247 INFO     ___FILE_ONLY___  
2024-11-27 18:36:35,247 INFO     ___FILE_ONLY___ serviceAccount:service-644941739395@gcp-sa-cloudbuild.iam.gserviceaccount.com
2024-11-27 18:36:35,247 INFO     ___FILE_ONLY___ 

2024-11-27 18:36:35,247 INFO     ___FILE_ONLY___   
2024-11-27 18:36:35,247 INFO     ___FILE_ONLY___ role
2024-11-27 18:36:35,247 INFO     ___FILE_ONLY___ :
2024-11-27 18:36:35,248 INFO     ___FILE_ONLY___  
2024-11-27 18:36:35,248 INFO     ___FILE_ONLY___ roles/cloudbuild.serviceAgent
2024-11-27 18:36:35,248 INFO     ___FILE_ONLY___ 

2024-11-27 18:36:35,248 INFO     ___FILE_ONLY___ -
2024-11-27 18:36:35,248 INFO     ___FILE_ONLY___  
2024-11-27 18:36:35,248 INFO     ___FILE_ONLY___ members
2024-11-27 18:36:35,248 INFO     ___FILE_ONLY___ :
2024-11-27 18:36:35,248 INFO     ___FILE_ONLY___ 

2024-11-27 18:36:35,248 INFO     ___FILE_ONLY___   
2024-11-27 18:36:35,248 INFO     ___FILE_ONLY___ -
2024-11-27 18:36:35,248 INFO     ___FILE_ONLY___  
2024-11-27 18:36:35,248 INFO     ___FILE_ONLY___ serviceAccount:644941739395@cloudbuild.gserviceaccount.com
2024-11-27 18:36:35,249 INFO     ___FILE_ONLY___ 

2024-11-27 18:36:35,249 INFO     ___FILE_ONLY___   
2024-11-27 18:36:35,249 INFO     ___FILE_ONLY___ role
2024-11-27 18:36:35,249 INFO     ___FILE_ONLY___ :
2024-11-27 18:36:35,249 INFO     ___FILE_ONLY___  
2024-11-27 18:36:35,249 INFO     ___FILE_ONLY___ roles/cloudfunctions.developer
2024-11-27 18:36:35,249 INFO     ___FILE_ONLY___ 

2024-11-27 18:36:35,249 INFO     ___FILE_ONLY___ -
2024-11-27 18:36:35,249 INFO     ___FILE_ONLY___  
2024-11-27 18:36:35,250 INFO     ___FILE_ONLY___ members
2024-11-27 18:36:35,250 INFO     ___FILE_ONLY___ :
2024-11-27 18:36:35,250 INFO     ___FILE_ONLY___ 

2024-11-27 18:36:35,250 INFO     ___FILE_ONLY___   
2024-11-27 18:36:35,250 INFO     ___FILE_ONLY___ -
2024-11-27 18:36:35,250 INFO     ___FILE_ONLY___  
2024-11-27 18:36:35,250 INFO     ___FILE_ONLY___ serviceAccount:service-644941739395@gcf-admin-robot.iam.gserviceaccount.com
2024-11-27 18:36:35,250 INFO     ___FILE_ONLY___ 

2024-11-27 18:36:35,250 INFO     ___FILE_ONLY___   
2024-11-27 18:36:35,251 INFO     ___FILE_ONLY___ role
2024-11-27 18:36:35,251 INFO     ___FILE_ONLY___ :
2024-11-27 18:36:35,251 INFO     ___FILE_ONLY___  
2024-11-27 18:36:35,251 INFO     ___FILE_ONLY___ roles/cloudfunctions.serviceAgent
2024-11-27 18:36:35,251 INFO     ___FILE_ONLY___ 

2024-11-27 18:36:35,251 INFO     ___FILE_ONLY___ -
2024-11-27 18:36:35,251 INFO     ___FILE_ONLY___  
2024-11-27 18:36:35,251 INFO     ___FILE_ONLY___ members
2024-11-27 18:36:35,251 INFO     ___FILE_ONLY___ :
2024-11-27 18:36:35,251 INFO     ___FILE_ONLY___ 

2024-11-27 18:36:35,251 INFO     ___FILE_ONLY___   
2024-11-27 18:36:35,252 INFO     ___FILE_ONLY___ -
2024-11-27 18:36:35,252 INFO     ___FILE_ONLY___  
2024-11-27 18:36:35,252 INFO     ___FILE_ONLY___ serviceAccount:vm-creater-account@inspired-photon-441609-k7.iam.gserviceaccount.com
2024-11-27 18:36:35,252 INFO     ___FILE_ONLY___ 

2024-11-27 18:36:35,252 INFO     ___FILE_ONLY___   
2024-11-27 18:36:35,252 INFO     ___FILE_ONLY___ role
2024-11-27 18:36:35,253 INFO     ___FILE_ONLY___ :
2024-11-27 18:36:35,253 INFO     ___FILE_ONLY___  
2024-11-27 18:36:35,253 INFO     ___FILE_ONLY___ roles/compute.instanceAdmin.v1
2024-11-27 18:36:35,253 INFO     ___FILE_ONLY___ 

2024-11-27 18:36:35,253 INFO     ___FILE_ONLY___ -
2024-11-27 18:36:35,253 INFO     ___FILE_ONLY___  
2024-11-27 18:36:35,253 INFO     ___FILE_ONLY___ members
2024-11-27 18:36:35,253 INFO     ___FILE_ONLY___ :
2024-11-27 18:36:35,253 INFO     ___FILE_ONLY___ 

2024-11-27 18:36:35,253 INFO     ___FILE_ONLY___   
2024-11-27 18:36:35,253 INFO     ___FILE_ONLY___ -
2024-11-27 18:36:35,254 INFO     ___FILE_ONLY___  
2024-11-27 18:36:35,254 INFO     ___FILE_ONLY___ serviceAccount:vm-creater-account@inspired-photon-441609-k7.iam.gserviceaccount.com
2024-11-27 18:36:35,254 INFO     ___FILE_ONLY___ 

2024-11-27 18:36:35,254 INFO     ___FILE_ONLY___   
2024-11-27 18:36:35,254 INFO     ___FILE_ONLY___ role
2024-11-27 18:36:35,254 INFO     ___FILE_ONLY___ :
2024-11-27 18:36:35,254 INFO     ___FILE_ONLY___  
2024-11-27 18:36:35,254 INFO     ___FILE_ONLY___ roles/compute.networkUser
2024-11-27 18:36:35,254 INFO     ___FILE_ONLY___ 

2024-11-27 18:36:35,254 INFO     ___FILE_ONLY___ -
2024-11-27 18:36:35,255 INFO     ___FILE_ONLY___  
2024-11-27 18:36:35,255 INFO     ___FILE_ONLY___ members
2024-11-27 18:36:35,255 INFO     ___FILE_ONLY___ :
2024-11-27 18:36:35,255 INFO     ___FILE_ONLY___ 

2024-11-27 18:36:35,255 INFO     ___FILE_ONLY___   
2024-11-27 18:36:35,255 INFO     ___FILE_ONLY___ -
2024-11-27 18:36:35,255 INFO     ___FILE_ONLY___  
2024-11-27 18:36:35,255 INFO     ___FILE_ONLY___ serviceAccount:service-644941739395@compute-system.iam.gserviceaccount.com
2024-11-27 18:36:35,255 INFO     ___FILE_ONLY___ 

2024-11-27 18:36:35,255 INFO     ___FILE_ONLY___   
2024-11-27 18:36:35,255 INFO     ___FILE_ONLY___ role
2024-11-27 18:36:35,255 INFO     ___FILE_ONLY___ :
2024-11-27 18:36:35,256 INFO     ___FILE_ONLY___  
2024-11-27 18:36:35,256 INFO     ___FILE_ONLY___ roles/compute.serviceAgent
2024-11-27 18:36:35,256 INFO     ___FILE_ONLY___ 

2024-11-27 18:36:35,256 INFO     ___FILE_ONLY___ -
2024-11-27 18:36:35,256 INFO     ___FILE_ONLY___  
2024-11-27 18:36:35,256 INFO     ___FILE_ONLY___ members
2024-11-27 18:36:35,256 INFO     ___FILE_ONLY___ :
2024-11-27 18:36:35,256 INFO     ___FILE_ONLY___ 

2024-11-27 18:36:35,256 INFO     ___FILE_ONLY___   
2024-11-27 18:36:35,256 INFO     ___FILE_ONLY___ -
2024-11-27 18:36:35,256 INFO     ___FILE_ONLY___  
2024-11-27 18:36:35,256 INFO     ___FILE_ONLY___ serviceAccount:service-644941739395@containerregistry.iam.gserviceaccount.com
2024-11-27 18:36:35,257 INFO     ___FILE_ONLY___ 

2024-11-27 18:36:35,257 INFO     ___FILE_ONLY___   
2024-11-27 18:36:35,257 INFO     ___FILE_ONLY___ role
2024-11-27 18:36:35,257 INFO     ___FILE_ONLY___ :
2024-11-27 18:36:35,257 INFO     ___FILE_ONLY___  
2024-11-27 18:36:35,257 INFO     ___FILE_ONLY___ roles/containerregistry.ServiceAgent
2024-11-27 18:36:35,257 INFO     ___FILE_ONLY___ 

2024-11-27 18:36:35,257 INFO     ___FILE_ONLY___ -
2024-11-27 18:36:35,257 INFO     ___FILE_ONLY___  
2024-11-27 18:36:35,258 INFO     ___FILE_ONLY___ members
2024-11-27 18:36:35,258 INFO     ___FILE_ONLY___ :
2024-11-27 18:36:35,258 INFO     ___FILE_ONLY___ 

2024-11-27 18:36:35,258 INFO     ___FILE_ONLY___   
2024-11-27 18:36:35,258 INFO     ___FILE_ONLY___ -
2024-11-27 18:36:35,258 INFO     ___FILE_ONLY___  
2024-11-27 18:36:35,258 INFO     ___FILE_ONLY___ serviceAccount:644941739395-compute@developer.gserviceaccount.com
2024-11-27 18:36:35,258 INFO     ___FILE_ONLY___ 

2024-11-27 18:36:35,258 INFO     ___FILE_ONLY___   
2024-11-27 18:36:35,259 INFO     ___FILE_ONLY___ -
2024-11-27 18:36:35,259 INFO     ___FILE_ONLY___  
2024-11-27 18:36:35,259 INFO     ___FILE_ONLY___ serviceAccount:644941739395@cloudservices.gserviceaccount.com
2024-11-27 18:36:35,259 INFO     ___FILE_ONLY___ 

2024-11-27 18:36:35,259 INFO     ___FILE_ONLY___   
2024-11-27 18:36:35,259 INFO     ___FILE_ONLY___ -
2024-11-27 18:36:35,259 INFO     ___FILE_ONLY___  
2024-11-27 18:36:35,259 INFO     ___FILE_ONLY___ serviceAccount:inspired-photon-441609-k7@appspot.gserviceaccount.com
2024-11-27 18:36:35,260 INFO     ___FILE_ONLY___ 

2024-11-27 18:36:35,260 INFO     ___FILE_ONLY___   
2024-11-27 18:36:35,260 INFO     ___FILE_ONLY___ -
2024-11-27 18:36:35,260 INFO     ___FILE_ONLY___  
2024-11-27 18:36:35,260 INFO     ___FILE_ONLY___ serviceAccount:vm-creater-account@inspired-photon-441609-k7.iam.gserviceaccount.com
2024-11-27 18:36:35,260 INFO     ___FILE_ONLY___ 

2024-11-27 18:36:35,260 INFO     ___FILE_ONLY___   
2024-11-27 18:36:35,260 INFO     ___FILE_ONLY___ role
2024-11-27 18:36:35,260 INFO     ___FILE_ONLY___ :
2024-11-27 18:36:35,260 INFO     ___FILE_ONLY___  
2024-11-27 18:36:35,261 INFO     ___FILE_ONLY___ roles/editor
2024-11-27 18:36:35,261 INFO     ___FILE_ONLY___ 

2024-11-27 18:36:35,261 INFO     ___FILE_ONLY___ -
2024-11-27 18:36:35,261 INFO     ___FILE_ONLY___  
2024-11-27 18:36:35,261 INFO     ___FILE_ONLY___ members
2024-11-27 18:36:35,261 INFO     ___FILE_ONLY___ :
2024-11-27 18:36:35,261 INFO     ___FILE_ONLY___ 

2024-11-27 18:36:35,261 INFO     ___FILE_ONLY___   
2024-11-27 18:36:35,261 INFO     ___FILE_ONLY___ -
2024-11-27 18:36:35,261 INFO     ___FILE_ONLY___  
2024-11-27 18:36:35,261 INFO     ___FILE_ONLY___ serviceAccount:service-644941739395@gcp-sa-eventarc.iam.gserviceaccount.com
2024-11-27 18:36:35,262 INFO     ___FILE_ONLY___ 

2024-11-27 18:36:35,262 INFO     ___FILE_ONLY___   
2024-11-27 18:36:35,262 INFO     ___FILE_ONLY___ role
2024-11-27 18:36:35,262 INFO     ___FILE_ONLY___ :
2024-11-27 18:36:35,262 INFO     ___FILE_ONLY___  
2024-11-27 18:36:35,262 INFO     ___FILE_ONLY___ roles/eventarc.serviceAgent
2024-11-27 18:36:35,262 INFO     ___FILE_ONLY___ 

2024-11-27 18:36:35,262 INFO     ___FILE_ONLY___ -
2024-11-27 18:36:35,262 INFO     ___FILE_ONLY___  
2024-11-27 18:36:35,262 INFO     ___FILE_ONLY___ members
2024-11-27 18:36:35,262 INFO     ___FILE_ONLY___ :
2024-11-27 18:36:35,262 INFO     ___FILE_ONLY___ 

2024-11-27 18:36:35,263 INFO     ___FILE_ONLY___   
2024-11-27 18:36:35,263 INFO     ___FILE_ONLY___ -
2024-11-27 18:36:35,263 INFO     ___FILE_ONLY___  
2024-11-27 18:36:35,263 INFO     ___FILE_ONLY___ serviceAccount:trigger-account@inspired-photon-441609-k7.iam.gserviceaccount.com
2024-11-27 18:36:35,263 INFO     ___FILE_ONLY___ 

2024-11-27 18:36:35,263 INFO     ___FILE_ONLY___   
2024-11-27 18:36:35,263 INFO     ___FILE_ONLY___ role
2024-11-27 18:36:35,263 INFO     ___FILE_ONLY___ :
2024-11-27 18:36:35,264 INFO     ___FILE_ONLY___  
2024-11-27 18:36:35,264 INFO     ___FILE_ONLY___ roles/iam.roleAdmin
2024-11-27 18:36:35,264 INFO     ___FILE_ONLY___ 

2024-11-27 18:36:35,264 INFO     ___FILE_ONLY___ -
2024-11-27 18:36:35,264 INFO     ___FILE_ONLY___  
2024-11-27 18:36:35,264 INFO     ___FILE_ONLY___ members
2024-11-27 18:36:35,264 INFO     ___FILE_ONLY___ :
2024-11-27 18:36:35,264 INFO     ___FILE_ONLY___ 

2024-11-27 18:36:35,264 INFO     ___FILE_ONLY___   
2024-11-27 18:36:35,264 INFO     ___FILE_ONLY___ -
2024-11-27 18:36:35,265 INFO     ___FILE_ONLY___  
2024-11-27 18:36:35,265 INFO     ___FILE_ONLY___ serviceAccount:644941739395@cloudbuild.gserviceaccount.com
2024-11-27 18:36:35,265 INFO     ___FILE_ONLY___ 

2024-11-27 18:36:35,265 INFO     ___FILE_ONLY___   
2024-11-27 18:36:35,265 INFO     ___FILE_ONLY___ -
2024-11-27 18:36:35,265 INFO     ___FILE_ONLY___  
2024-11-27 18:36:35,265 INFO     ___FILE_ONLY___ serviceAccount:vm-creater-account@inspired-photon-441609-k7.iam.gserviceaccount.com
2024-11-27 18:36:35,265 INFO     ___FILE_ONLY___ 

2024-11-27 18:36:35,265 INFO     ___FILE_ONLY___   
2024-11-27 18:36:35,265 INFO     ___FILE_ONLY___ role
2024-11-27 18:36:35,265 INFO     ___FILE_ONLY___ :
2024-11-27 18:36:35,265 INFO     ___FILE_ONLY___  
2024-11-27 18:36:35,265 INFO     ___FILE_ONLY___ roles/iam.serviceAccountUser
2024-11-27 18:36:35,266 INFO     ___FILE_ONLY___ 

2024-11-27 18:36:35,266 INFO     ___FILE_ONLY___ -
2024-11-27 18:36:35,266 INFO     ___FILE_ONLY___  
2024-11-27 18:36:35,266 INFO     ___FILE_ONLY___ members
2024-11-27 18:36:35,266 INFO     ___FILE_ONLY___ :
2024-11-27 18:36:35,266 INFO     ___FILE_ONLY___ 

2024-11-27 18:36:35,266 INFO     ___FILE_ONLY___   
2024-11-27 18:36:35,266 INFO     ___FILE_ONLY___ -
2024-11-27 18:36:35,266 INFO     ___FILE_ONLY___  
2024-11-27 18:36:35,266 INFO     ___FILE_ONLY___ user:das03285@gmail.com
2024-11-27 18:36:35,266 INFO     ___FILE_ONLY___ 

2024-11-27 18:36:35,266 INFO     ___FILE_ONLY___   
2024-11-27 18:36:35,267 INFO     ___FILE_ONLY___ role
2024-11-27 18:36:35,267 INFO     ___FILE_ONLY___ :
2024-11-27 18:36:35,267 INFO     ___FILE_ONLY___  
2024-11-27 18:36:35,267 INFO     ___FILE_ONLY___ roles/owner
2024-11-27 18:36:35,267 INFO     ___FILE_ONLY___ 

2024-11-27 18:36:35,267 INFO     ___FILE_ONLY___ -
2024-11-27 18:36:35,267 INFO     ___FILE_ONLY___  
2024-11-27 18:36:35,267 INFO     ___FILE_ONLY___ members
2024-11-27 18:36:35,267 INFO     ___FILE_ONLY___ :
2024-11-27 18:36:35,267 INFO     ___FILE_ONLY___ 

2024-11-27 18:36:35,268 INFO     ___FILE_ONLY___   
2024-11-27 18:36:35,268 INFO     ___FILE_ONLY___ -
2024-11-27 18:36:35,268 INFO     ___FILE_ONLY___  
2024-11-27 18:36:35,268 INFO     ___FILE_ONLY___ serviceAccount:service-644941739395@gcp-sa-pubsub.iam.gserviceaccount.com
2024-11-27 18:36:35,268 INFO     ___FILE_ONLY___ 

2024-11-27 18:36:35,268 INFO     ___FILE_ONLY___   
2024-11-27 18:36:35,268 INFO     ___FILE_ONLY___ role
2024-11-27 18:36:35,268 INFO     ___FILE_ONLY___ :
2024-11-27 18:36:35,269 INFO     ___FILE_ONLY___  
2024-11-27 18:36:35,269 INFO     ___FILE_ONLY___ roles/pubsub.serviceAgent
2024-11-27 18:36:35,269 INFO     ___FILE_ONLY___ 

2024-11-27 18:36:35,269 INFO     ___FILE_ONLY___ -
2024-11-27 18:36:35,269 INFO     ___FILE_ONLY___  
2024-11-27 18:36:35,269 INFO     ___FILE_ONLY___ members
2024-11-27 18:36:35,269 INFO     ___FILE_ONLY___ :
2024-11-27 18:36:35,269 INFO     ___FILE_ONLY___ 

2024-11-27 18:36:35,269 INFO     ___FILE_ONLY___   
2024-11-27 18:36:35,270 INFO     ___FILE_ONLY___ -
2024-11-27 18:36:35,270 INFO     ___FILE_ONLY___  
2024-11-27 18:36:35,270 INFO     ___FILE_ONLY___ serviceAccount:trigger-account@inspired-photon-441609-k7.iam.gserviceaccount.com
2024-11-27 18:36:35,270 INFO     ___FILE_ONLY___ 

2024-11-27 18:36:35,270 INFO     ___FILE_ONLY___   
2024-11-27 18:36:35,270 INFO     ___FILE_ONLY___ role
2024-11-27 18:36:35,270 INFO     ___FILE_ONLY___ :
2024-11-27 18:36:35,270 INFO     ___FILE_ONLY___  
2024-11-27 18:36:35,270 INFO     ___FILE_ONLY___ roles/resourcemanager.projectIamAdmin
2024-11-27 18:36:35,270 INFO     ___FILE_ONLY___ 

2024-11-27 18:36:35,270 INFO     ___FILE_ONLY___ -
2024-11-27 18:36:35,271 INFO     ___FILE_ONLY___  
2024-11-27 18:36:35,271 INFO     ___FILE_ONLY___ members
2024-11-27 18:36:35,271 INFO     ___FILE_ONLY___ :
2024-11-27 18:36:35,271 INFO     ___FILE_ONLY___ 

2024-11-27 18:36:35,271 INFO     ___FILE_ONLY___   
2024-11-27 18:36:35,271 INFO     ___FILE_ONLY___ -
2024-11-27 18:36:35,271 INFO     ___FILE_ONLY___  
2024-11-27 18:36:35,271 INFO     ___FILE_ONLY___ serviceAccount:service-644941739395@serverless-robot-prod.iam.gserviceaccount.com
2024-11-27 18:36:35,271 INFO     ___FILE_ONLY___ 

2024-11-27 18:36:35,271 INFO     ___FILE_ONLY___   
2024-11-27 18:36:35,271 INFO     ___FILE_ONLY___ role
2024-11-27 18:36:35,272 INFO     ___FILE_ONLY___ :
2024-11-27 18:36:35,272 INFO     ___FILE_ONLY___  
2024-11-27 18:36:35,272 INFO     ___FILE_ONLY___ roles/run.serviceAgent
2024-11-27 18:36:35,272 INFO     ___FILE_ONLY___ 

2024-11-27 18:36:35,272 INFO     ___FILE_ONLY___ etag
2024-11-27 18:36:35,272 INFO     ___FILE_ONLY___ :
2024-11-27 18:36:35,272 INFO     ___FILE_ONLY___  
2024-11-27 18:36:35,272 INFO     ___FILE_ONLY___ BwYn6T7T3gA=
2024-11-27 18:36:35,272 INFO     ___FILE_ONLY___ 

2024-11-27 18:36:35,272 INFO     ___FILE_ONLY___ version
2024-11-27 18:36:35,272 INFO     ___FILE_ONLY___ :
2024-11-27 18:36:35,273 INFO     ___FILE_ONLY___  
2024-11-27 18:36:35,273 INFO     ___FILE_ONLY___ 1
2024-11-27 18:36:35,273 INFO     ___FILE_ONLY___ 

2024-11-27 18:36:35,273 DEBUG    root            SDK update checks are disabled.
