2024-11-27 18:36:38,516 DEBUG    root            Loaded Command Group: ['gcloud', 'functions']
2024-11-27 18:36:39,099 DEBUG    root            Loaded Command Group: ['gcloud', 'functions', 'deploy']
2024-11-27 18:36:39,140 DEBUG    root            Running [gcloud.functions.deploy] with arguments: [--entry-point: "gcs_trigger", --runtime: "python312", --set-env-vars: "OrderedDict([('PROJECT_ID', 'inspired-photon-441609-k7'), ('TOPIC_ID', 'gcs-trigger-topic')])", --source: ".", --trigger-event: "google.storage.object.finalize", --trigger-resource: "main-bucket-5505", NAME: "gcs-to-pubsub"]
2024-11-27 18:36:39,297 DEBUG    urllib3.connectionpool Starting new HTTPS connection (1): cloudfunctions.googleapis.com:443
2024-11-27 18:36:39,545 DEBUG    urllib3.connectionpool https://cloudfunctions.googleapis.com:443 "GET /v2/projects/inspired-photon-441609-k7/locations/us-central1/functions/gcs-to-pubsub?alt=json HTTP/1.1" 200 None
2024-11-27 18:36:39,678 DEBUG    urllib3.connectionpool Starting new HTTPS connection (1): cloudfunctions.googleapis.com:443
2024-11-27 18:36:39,852 DEBUG    urllib3.connectionpool https://cloudfunctions.googleapis.com:443 "GET /v2/projects/inspired-photon-441609-k7/locations/us-central1/functions/gcs-to-pubsub?alt=json HTTP/1.1" 200 None
2024-11-27 18:36:39,858 DEBUG    urllib3.connectionpool Starting new HTTPS connection (1): cloudfunctions.googleapis.com:443
2024-11-27 18:36:39,955 DEBUG    urllib3.connectionpool https://cloudfunctions.googleapis.com:443 "GET /v2/projects/inspired-photon-441609-k7/locations/us-central1/runtimes?alt=json HTTP/1.1" 200 None
2024-11-27 18:36:39,986 INFO     root            Not using ignore file.
2024-11-27 18:36:55,511 DEBUG    urllib3.connectionpool Starting new HTTPS connection (1): cloudfunctions.googleapis.com:443
2024-11-27 18:36:56,521 DEBUG    urllib3.connectionpool https://cloudfunctions.googleapis.com:443 "POST /v2/projects/inspired-photon-441609-k7/locations/us-central1/functions:generateUploadUrl?alt=json HTTP/1.1" 200 None
2024-11-27 18:36:56,604 DEBUG    urllib3.connectionpool Starting new HTTPS connection (1): storage.googleapis.com:443
2024-11-27 18:36:57,156 DEBUG    urllib3.connectionpool https://storage.googleapis.com:443 "PUT /gcf-v2-uploads-644941739395.us-central1.cloudfunctions.appspot.com/79996acc-8779-47f1-9c86-92dc5c8d7e18.zip?GoogleAccessId=service-644941739395%40gcf-admin-robot.iam.gserviceaccount.com&Expires=1732734416&Signature=QTIpI5R1s02CZgutwo8loRitL%2BJhO0kmHO2CFtCT2b%2B2sbdtNyZvHv5nv4QBDwlIm6I%2FtqAXzOSG%2BwytL3ShaR1OSSGVLhr0tUqXvMTcCIw5uLPW4SY1DR1ZpLrLK310c6qdtUcoxInR1DzM3PZOSMynOhuEJkM7QJ2JaehMOqb01Hn4h%2FtqMYF1kk0fS5NzHrqBYIiu6WoQoYbL28VcEwq8520Q0zgjYkUTUHQCxJJEK2lnj0qU0jLuo1nkwyb7935kuUd4zTZUXT76Ixbk1oBRzAH84Z12dIg%2FQyY%2Fzzcz7J68n%2Fk1v7PybDBTuXsNavcxdMYonGZe8V2c5f4N%2FQ%3D%3D HTTP/1.1" 200 0
2024-11-27 18:36:57,245 DEBUG    urllib3.connectionpool Starting new HTTPS connection (1): serviceusage.googleapis.com:443
2024-11-27 18:36:57,422 DEBUG    urllib3.connectionpool https://serviceusage.googleapis.com:443 "GET /v1/projects/inspired-photon-441609-k7/services/run.googleapis.com?alt=json HTTP/1.1" 403 None
2024-11-27 18:36:57,425 INFO     root            Could not verify if service run.googleapis.com is enabled: missing permission 'serviceusage.services.get'.
2024-11-27 18:36:57,492 DEBUG    urllib3.connectionpool Starting new HTTPS connection (1): serviceusage.googleapis.com:443
2024-11-27 18:36:57,725 DEBUG    urllib3.connectionpool https://serviceusage.googleapis.com:443 "GET /v1/projects/inspired-photon-441609-k7/services/cloudbuild.googleapis.com?alt=json HTTP/1.1" 403 None
2024-11-27 18:36:57,728 INFO     root            Could not verify if service cloudbuild.googleapis.com is enabled: missing permission 'serviceusage.services.get'.
2024-11-27 18:36:57,795 DEBUG    urllib3.connectionpool Starting new HTTPS connection (1): serviceusage.googleapis.com:443
2024-11-27 18:36:57,927 DEBUG    urllib3.connectionpool https://serviceusage.googleapis.com:443 "GET /v1/projects/inspired-photon-441609-k7/services/artifactregistry.googleapis.com?alt=json HTTP/1.1" 403 None
2024-11-27 18:36:57,929 INFO     root            Could not verify if service artifactregistry.googleapis.com is enabled: missing permission 'serviceusage.services.get'.
2024-11-27 18:36:58,077 DEBUG    urllib3.connectionpool Starting new HTTPS connection (1): cloudbuild.googleapis.com:443
2024-11-27 18:36:58,204 DEBUG    urllib3.connectionpool https://cloudbuild.googleapis.com:443 "GET /v1/projects/inspired-photon-441609-k7/locations/us-central1/defaultServiceAccount?alt=json HTTP/1.1" 200 None
2024-11-27 18:36:58,340 DEBUG    urllib3.connectionpool Starting new HTTPS connection (1): cloudresourcemanager.googleapis.com:443
2024-11-27 18:36:58,424 DEBUG    urllib3.connectionpool https://cloudresourcemanager.googleapis.com:443 "GET /v1/projects/inspired-photon-441609-k7?alt=json HTTP/1.1" 200 None
2024-11-27 18:36:58,558 DEBUG    urllib3.connectionpool Starting new HTTPS connection (1): cloudresourcemanager.googleapis.com:443
2024-11-27 18:36:58,746 DEBUG    urllib3.connectionpool https://cloudresourcemanager.googleapis.com:443 "POST /v1/projects/inspired-photon-441609-k7:getIamPolicy?alt=json HTTP/1.1" 200 None
2024-11-27 18:36:58,754 DEBUG    urllib3.connectionpool Starting new HTTPS connection (1): cloudfunctions.googleapis.com:443
2024-11-27 18:37:00,346 DEBUG    urllib3.connectionpool https://cloudfunctions.googleapis.com:443 "PATCH /v2/projects/inspired-photon-441609-k7/locations/us-central1/functions/gcs-to-pubsub?alt=json&updateMask=build_config.entry_point%2Cbuild_config.runtime%2Cbuild_config.source%2Cevent_trigger%2Cservice_config.environment_variables HTTP/1.1" 200 None
2024-11-27 18:37:00,351 INFO     ___FILE_ONLY___ Preparing function...
2024-11-27 18:37:00,354 DEBUG    urllib3.connectionpool Starting new HTTPS connection (1): cloudfunctions.googleapis.com:443
2024-11-27 18:37:00,442 DEBUG    urllib3.connectionpool https://cloudfunctions.googleapis.com:443 "GET /v2/projects/inspired-photon-441609-k7/locations/us-central1/operations/operation-1732732618844-627e9403ca7a7-af2fc7f8-2ad738f1?alt=json HTTP/1.1" 200 None
2024-11-27 18:37:01,897 DEBUG    urllib3.connectionpool Starting new HTTPS connection (1): cloudfunctions.googleapis.com:443
2024-11-27 18:37:01,992 DEBUG    urllib3.connectionpool https://cloudfunctions.googleapis.com:443 "GET /v2/projects/inspired-photon-441609-k7/locations/us-central1/operations/operation-1732732618844-627e9403ca7a7-af2fc7f8-2ad738f1?alt=json HTTP/1.1" 200 None
2024-11-27 18:37:02,157 INFO     ___FILE_ONLY___ Updating function (may take a while)...
2024-11-27 18:37:02,160 DEBUG    urllib3.connectionpool Starting new HTTPS connection (1): cloudfunctions.googleapis.com:443
2024-11-27 18:37:02,258 DEBUG    urllib3.connectionpool https://cloudfunctions.googleapis.com:443 "GET /v2/projects/inspired-photon-441609-k7/locations/us-central1/operations/operation-1732732618844-627e9403ca7a7-af2fc7f8-2ad738f1?alt=json HTTP/1.1" 200 None
2024-11-27 18:37:04,048 DEBUG    urllib3.connectionpool Starting new HTTPS connection (1): cloudfunctions.googleapis.com:443
2024-11-27 18:37:04,152 DEBUG    urllib3.connectionpool https://cloudfunctions.googleapis.com:443 "GET /v2/projects/inspired-photon-441609-k7/locations/us-central1/operations/operation-1732732618844-627e9403ca7a7-af2fc7f8-2ad738f1?alt=json HTTP/1.1" 200 None
2024-11-27 18:37:06,086 DEBUG    urllib3.connectionpool Starting new HTTPS connection (1): cloudfunctions.googleapis.com:443
2024-11-27 18:37:06,171 DEBUG    urllib3.connectionpool https://cloudfunctions.googleapis.com:443 "GET /v2/projects/inspired-photon-441609-k7/locations/us-central1/operations/operation-1732732618844-627e9403ca7a7-af2fc7f8-2ad738f1?alt=json HTTP/1.1" 200 None
2024-11-27 18:37:07,319 DEBUG    urllib3.connectionpool Starting new HTTPS connection (1): cloudfunctions.googleapis.com:443
2024-11-27 18:37:07,408 DEBUG    urllib3.connectionpool https://cloudfunctions.googleapis.com:443 "GET /v2/projects/inspired-photon-441609-k7/locations/us-central1/operations/operation-1732732618844-627e9403ca7a7-af2fc7f8-2ad738f1?alt=json HTTP/1.1" 200 None
2024-11-27 18:37:09,235 DEBUG    urllib3.connectionpool Starting new HTTPS connection (1): cloudfunctions.googleapis.com:443
2024-11-27 18:37:09,322 DEBUG    urllib3.connectionpool https://cloudfunctions.googleapis.com:443 "GET /v2/projects/inspired-photon-441609-k7/locations/us-central1/operations/operation-1732732618844-627e9403ca7a7-af2fc7f8-2ad738f1?alt=json HTTP/1.1" 200 None
2024-11-27 18:37:10,546 DEBUG    urllib3.connectionpool Starting new HTTPS connection (1): cloudfunctions.googleapis.com:443
2024-11-27 18:37:10,606 DEBUG    urllib3.connectionpool https://cloudfunctions.googleapis.com:443 "GET /v2/projects/inspired-photon-441609-k7/locations/us-central1/operations/operation-1732732618844-627e9403ca7a7-af2fc7f8-2ad738f1?alt=json HTTP/1.1" 200 None
2024-11-27 18:37:12,565 DEBUG    urllib3.connectionpool Starting new HTTPS connection (1): cloudfunctions.googleapis.com:443
2024-11-27 18:37:12,630 DEBUG    urllib3.connectionpool https://cloudfunctions.googleapis.com:443 "GET /v2/projects/inspired-photon-441609-k7/locations/us-central1/operations/operation-1732732618844-627e9403ca7a7-af2fc7f8-2ad738f1?alt=json HTTP/1.1" 200 None
2024-11-27 18:37:14,588 DEBUG    urllib3.connectionpool Starting new HTTPS connection (1): cloudfunctions.googleapis.com:443
2024-11-27 18:37:14,672 DEBUG    urllib3.connectionpool https://cloudfunctions.googleapis.com:443 "GET /v2/projects/inspired-photon-441609-k7/locations/us-central1/operations/operation-1732732618844-627e9403ca7a7-af2fc7f8-2ad738f1?alt=json HTTP/1.1" 200 None
2024-11-27 18:37:15,692 DEBUG    urllib3.connectionpool Starting new HTTPS connection (1): cloudfunctions.googleapis.com:443
2024-11-27 18:37:15,779 DEBUG    urllib3.connectionpool https://cloudfunctions.googleapis.com:443 "GET /v2/projects/inspired-photon-441609-k7/locations/us-central1/operations/operation-1732732618844-627e9403ca7a7-af2fc7f8-2ad738f1?alt=json HTTP/1.1" 200 None
2024-11-27 18:37:17,676 DEBUG    urllib3.connectionpool Starting new HTTPS connection (1): cloudfunctions.googleapis.com:443
2024-11-27 18:37:17,737 DEBUG    urllib3.connectionpool https://cloudfunctions.googleapis.com:443 "GET /v2/projects/inspired-photon-441609-k7/locations/us-central1/operations/operation-1732732618844-627e9403ca7a7-af2fc7f8-2ad738f1?alt=json HTTP/1.1" 200 None
2024-11-27 18:37:19,058 DEBUG    urllib3.connectionpool Starting new HTTPS connection (1): cloudfunctions.googleapis.com:443
2024-11-27 18:37:19,143 DEBUG    urllib3.connectionpool https://cloudfunctions.googleapis.com:443 "GET /v2/projects/inspired-photon-441609-k7/locations/us-central1/operations/operation-1732732618844-627e9403ca7a7-af2fc7f8-2ad738f1?alt=json HTTP/1.1" 200 None
2024-11-27 18:37:20,371 DEBUG    urllib3.connectionpool Starting new HTTPS connection (1): cloudfunctions.googleapis.com:443
2024-11-27 18:37:20,478 DEBUG    urllib3.connectionpool https://cloudfunctions.googleapis.com:443 "GET /v2/projects/inspired-photon-441609-k7/locations/us-central1/operations/operation-1732732618844-627e9403ca7a7-af2fc7f8-2ad738f1?alt=json HTTP/1.1" 200 None
2024-11-27 18:37:21,823 DEBUG    urllib3.connectionpool Starting new HTTPS connection (1): cloudfunctions.googleapis.com:443
2024-11-27 18:37:21,891 DEBUG    urllib3.connectionpool https://cloudfunctions.googleapis.com:443 "GET /v2/projects/inspired-photon-441609-k7/locations/us-central1/operations/operation-1732732618844-627e9403ca7a7-af2fc7f8-2ad738f1?alt=json HTTP/1.1" 200 None
2024-11-27 18:37:23,340 DEBUG    urllib3.connectionpool Starting new HTTPS connection (1): cloudfunctions.googleapis.com:443
2024-11-27 18:37:23,435 DEBUG    urllib3.connectionpool https://cloudfunctions.googleapis.com:443 "GET /v2/projects/inspired-photon-441609-k7/locations/us-central1/operations/operation-1732732618844-627e9403ca7a7-af2fc7f8-2ad738f1?alt=json HTTP/1.1" 200 None
2024-11-27 18:37:24,939 DEBUG    urllib3.connectionpool Starting new HTTPS connection (1): cloudfunctions.googleapis.com:443
2024-11-27 18:37:25,029 DEBUG    urllib3.connectionpool https://cloudfunctions.googleapis.com:443 "GET /v2/projects/inspired-photon-441609-k7/locations/us-central1/operations/operation-1732732618844-627e9403ca7a7-af2fc7f8-2ad738f1?alt=json HTTP/1.1" 200 None
2024-11-27 18:37:26,671 DEBUG    urllib3.connectionpool Starting new HTTPS connection (1): cloudfunctions.googleapis.com:443
2024-11-27 18:37:26,768 DEBUG    urllib3.connectionpool https://cloudfunctions.googleapis.com:443 "GET /v2/projects/inspired-photon-441609-k7/locations/us-central1/operations/operation-1732732618844-627e9403ca7a7-af2fc7f8-2ad738f1?alt=json HTTP/1.1" 200 None
2024-11-27 18:37:28,331 DEBUG    urllib3.connectionpool Starting new HTTPS connection (1): cloudfunctions.googleapis.com:443
2024-11-27 18:37:28,395 DEBUG    urllib3.connectionpool https://cloudfunctions.googleapis.com:443 "GET /v2/projects/inspired-photon-441609-k7/locations/us-central1/operations/operation-1732732618844-627e9403ca7a7-af2fc7f8-2ad738f1?alt=json HTTP/1.1" 200 None
2024-11-27 18:37:29,920 DEBUG    urllib3.connectionpool Starting new HTTPS connection (1): cloudfunctions.googleapis.com:443
2024-11-27 18:37:30,008 DEBUG    urllib3.connectionpool https://cloudfunctions.googleapis.com:443 "GET /v2/projects/inspired-photon-441609-k7/locations/us-central1/operations/operation-1732732618844-627e9403ca7a7-af2fc7f8-2ad738f1?alt=json HTTP/1.1" 200 None
2024-11-27 18:37:31,198 DEBUG    urllib3.connectionpool Starting new HTTPS connection (1): cloudfunctions.googleapis.com:443
2024-11-27 18:37:31,291 DEBUG    urllib3.connectionpool https://cloudfunctions.googleapis.com:443 "GET /v2/projects/inspired-photon-441609-k7/locations/us-central1/operations/operation-1732732618844-627e9403ca7a7-af2fc7f8-2ad738f1?alt=json HTTP/1.1" 200 None
2024-11-27 18:37:33,283 DEBUG    urllib3.connectionpool Starting new HTTPS connection (1): cloudfunctions.googleapis.com:443
2024-11-27 18:37:33,360 DEBUG    urllib3.connectionpool https://cloudfunctions.googleapis.com:443 "GET /v2/projects/inspired-photon-441609-k7/locations/us-central1/operations/operation-1732732618844-627e9403ca7a7-af2fc7f8-2ad738f1?alt=json HTTP/1.1" 200 None
2024-11-27 18:37:35,179 DEBUG    urllib3.connectionpool Starting new HTTPS connection (1): cloudfunctions.googleapis.com:443
2024-11-27 18:37:35,238 DEBUG    urllib3.connectionpool https://cloudfunctions.googleapis.com:443 "GET /v2/projects/inspired-photon-441609-k7/locations/us-central1/operations/operation-1732732618844-627e9403ca7a7-af2fc7f8-2ad738f1?alt=json HTTP/1.1" 200 None
2024-11-27 18:37:36,901 DEBUG    urllib3.connectionpool Starting new HTTPS connection (1): cloudfunctions.googleapis.com:443
2024-11-27 18:37:36,966 DEBUG    urllib3.connectionpool https://cloudfunctions.googleapis.com:443 "GET /v2/projects/inspired-photon-441609-k7/locations/us-central1/operations/operation-1732732618844-627e9403ca7a7-af2fc7f8-2ad738f1?alt=json HTTP/1.1" 200 None
2024-11-27 18:37:38,600 DEBUG    urllib3.connectionpool Starting new HTTPS connection (1): cloudfunctions.googleapis.com:443
2024-11-27 18:37:38,699 DEBUG    urllib3.connectionpool https://cloudfunctions.googleapis.com:443 "GET /v2/projects/inspired-photon-441609-k7/locations/us-central1/operations/operation-1732732618844-627e9403ca7a7-af2fc7f8-2ad738f1?alt=json HTTP/1.1" 200 None
2024-11-27 18:37:40,492 DEBUG    urllib3.connectionpool Starting new HTTPS connection (1): cloudfunctions.googleapis.com:443
2024-11-27 18:37:40,560 DEBUG    urllib3.connectionpool https://cloudfunctions.googleapis.com:443 "GET /v2/projects/inspired-photon-441609-k7/locations/us-central1/operations/operation-1732732618844-627e9403ca7a7-af2fc7f8-2ad738f1?alt=json HTTP/1.1" 200 None
2024-11-27 18:37:42,323 DEBUG    urllib3.connectionpool Starting new HTTPS connection (1): cloudfunctions.googleapis.com:443
2024-11-27 18:37:42,418 DEBUG    urllib3.connectionpool https://cloudfunctions.googleapis.com:443 "GET /v2/projects/inspired-photon-441609-k7/locations/us-central1/operations/operation-1732732618844-627e9403ca7a7-af2fc7f8-2ad738f1?alt=json HTTP/1.1" 200 None
2024-11-27 18:37:43,683 DEBUG    urllib3.connectionpool Starting new HTTPS connection (1): cloudfunctions.googleapis.com:443
2024-11-27 18:37:43,774 DEBUG    urllib3.connectionpool https://cloudfunctions.googleapis.com:443 "GET /v2/projects/inspired-photon-441609-k7/locations/us-central1/operations/operation-1732732618844-627e9403ca7a7-af2fc7f8-2ad738f1?alt=json HTTP/1.1" 200 None
2024-11-27 18:37:45,254 DEBUG    urllib3.connectionpool Starting new HTTPS connection (1): cloudfunctions.googleapis.com:443
2024-11-27 18:37:45,317 DEBUG    urllib3.connectionpool https://cloudfunctions.googleapis.com:443 "GET /v2/projects/inspired-photon-441609-k7/locations/us-central1/operations/operation-1732732618844-627e9403ca7a7-af2fc7f8-2ad738f1?alt=json HTTP/1.1" 200 None
2024-11-27 18:37:46,566 DEBUG    urllib3.connectionpool Starting new HTTPS connection (1): cloudfunctions.googleapis.com:443
2024-11-27 18:37:46,645 DEBUG    urllib3.connectionpool https://cloudfunctions.googleapis.com:443 "GET /v2/projects/inspired-photon-441609-k7/locations/us-central1/operations/operation-1732732618844-627e9403ca7a7-af2fc7f8-2ad738f1?alt=json HTTP/1.1" 200 None
2024-11-27 18:37:48,140 DEBUG    urllib3.connectionpool Starting new HTTPS connection (1): cloudfunctions.googleapis.com:443
2024-11-27 18:37:48,204 DEBUG    urllib3.connectionpool https://cloudfunctions.googleapis.com:443 "GET /v2/projects/inspired-photon-441609-k7/locations/us-central1/operations/operation-1732732618844-627e9403ca7a7-af2fc7f8-2ad738f1?alt=json HTTP/1.1" 200 None
2024-11-27 18:37:49,874 DEBUG    urllib3.connectionpool Starting new HTTPS connection (1): cloudfunctions.googleapis.com:443
2024-11-27 18:37:49,939 DEBUG    urllib3.connectionpool https://cloudfunctions.googleapis.com:443 "GET /v2/projects/inspired-photon-441609-k7/locations/us-central1/operations/operation-1732732618844-627e9403ca7a7-af2fc7f8-2ad738f1?alt=json HTTP/1.1" 200 None
2024-11-27 18:37:51,212 DEBUG    urllib3.connectionpool Starting new HTTPS connection (1): cloudfunctions.googleapis.com:443
2024-11-27 18:37:51,271 DEBUG    urllib3.connectionpool https://cloudfunctions.googleapis.com:443 "GET /v2/projects/inspired-photon-441609-k7/locations/us-central1/operations/operation-1732732618844-627e9403ca7a7-af2fc7f8-2ad738f1?alt=json HTTP/1.1" 200 None
2024-11-27 18:37:52,293 DEBUG    urllib3.connectionpool Starting new HTTPS connection (1): cloudfunctions.googleapis.com:443
2024-11-27 18:37:52,354 DEBUG    urllib3.connectionpool https://cloudfunctions.googleapis.com:443 "GET /v2/projects/inspired-photon-441609-k7/locations/us-central1/operations/operation-1732732618844-627e9403ca7a7-af2fc7f8-2ad738f1?alt=json HTTP/1.1" 200 None
2024-11-27 18:37:53,669 DEBUG    urllib3.connectionpool Starting new HTTPS connection (1): cloudfunctions.googleapis.com:443
2024-11-27 18:37:53,739 DEBUG    urllib3.connectionpool https://cloudfunctions.googleapis.com:443 "GET /v2/projects/inspired-photon-441609-k7/locations/us-central1/operations/operation-1732732618844-627e9403ca7a7-af2fc7f8-2ad738f1?alt=json HTTP/1.1" 200 None
2024-11-27 18:37:54,822 DEBUG    urllib3.connectionpool Starting new HTTPS connection (1): cloudfunctions.googleapis.com:443
2024-11-27 18:37:54,913 DEBUG    urllib3.connectionpool https://cloudfunctions.googleapis.com:443 "GET /v2/projects/inspired-photon-441609-k7/locations/us-central1/operations/operation-1732732618844-627e9403ca7a7-af2fc7f8-2ad738f1?alt=json HTTP/1.1" 200 None
2024-11-27 18:37:56,400 DEBUG    urllib3.connectionpool Starting new HTTPS connection (1): cloudfunctions.googleapis.com:443
2024-11-27 18:37:56,483 DEBUG    urllib3.connectionpool https://cloudfunctions.googleapis.com:443 "GET /v2/projects/inspired-photon-441609-k7/locations/us-central1/operations/operation-1732732618844-627e9403ca7a7-af2fc7f8-2ad738f1?alt=json HTTP/1.1" 200 None
2024-11-27 18:37:57,758 DEBUG    urllib3.connectionpool Starting new HTTPS connection (1): cloudfunctions.googleapis.com:443
2024-11-27 18:37:57,833 DEBUG    urllib3.connectionpool https://cloudfunctions.googleapis.com:443 "GET /v2/projects/inspired-photon-441609-k7/locations/us-central1/operations/operation-1732732618844-627e9403ca7a7-af2fc7f8-2ad738f1?alt=json HTTP/1.1" 200 None
2024-11-27 18:37:59,454 DEBUG    urllib3.connectionpool Starting new HTTPS connection (1): cloudfunctions.googleapis.com:443
2024-11-27 18:37:59,517 DEBUG    urllib3.connectionpool https://cloudfunctions.googleapis.com:443 "GET /v2/projects/inspired-photon-441609-k7/locations/us-central1/operations/operation-1732732618844-627e9403ca7a7-af2fc7f8-2ad738f1?alt=json HTTP/1.1" 200 None
2024-11-27 18:38:00,953 DEBUG    urllib3.connectionpool Starting new HTTPS connection (1): cloudfunctions.googleapis.com:443
2024-11-27 18:38:01,031 DEBUG    urllib3.connectionpool https://cloudfunctions.googleapis.com:443 "GET /v2/projects/inspired-photon-441609-k7/locations/us-central1/operations/operation-1732732618844-627e9403ca7a7-af2fc7f8-2ad738f1?alt=json HTTP/1.1" 200 None
2024-11-27 18:38:02,936 DEBUG    urllib3.connectionpool Starting new HTTPS connection (1): cloudfunctions.googleapis.com:443
2024-11-27 18:38:03,021 DEBUG    urllib3.connectionpool https://cloudfunctions.googleapis.com:443 "GET /v2/projects/inspired-photon-441609-k7/locations/us-central1/operations/operation-1732732618844-627e9403ca7a7-af2fc7f8-2ad738f1?alt=json HTTP/1.1" 200 None
2024-11-27 18:38:04,578 DEBUG    urllib3.connectionpool Starting new HTTPS connection (1): cloudfunctions.googleapis.com:443
2024-11-27 18:38:04,649 DEBUG    urllib3.connectionpool https://cloudfunctions.googleapis.com:443 "GET /v2/projects/inspired-photon-441609-k7/locations/us-central1/operations/operation-1732732618844-627e9403ca7a7-af2fc7f8-2ad738f1?alt=json HTTP/1.1" 200 None
2024-11-27 18:38:05,918 DEBUG    urllib3.connectionpool Starting new HTTPS connection (1): cloudfunctions.googleapis.com:443
2024-11-27 18:38:05,993 DEBUG    urllib3.connectionpool https://cloudfunctions.googleapis.com:443 "GET /v2/projects/inspired-photon-441609-k7/locations/us-central1/operations/operation-1732732618844-627e9403ca7a7-af2fc7f8-2ad738f1?alt=json HTTP/1.1" 200 None
2024-11-27 18:38:07,899 DEBUG    urllib3.connectionpool Starting new HTTPS connection (1): cloudfunctions.googleapis.com:443
2024-11-27 18:38:07,974 DEBUG    urllib3.connectionpool https://cloudfunctions.googleapis.com:443 "GET /v2/projects/inspired-photon-441609-k7/locations/us-central1/operations/operation-1732732618844-627e9403ca7a7-af2fc7f8-2ad738f1?alt=json HTTP/1.1" 200 None
2024-11-27 18:38:09,567 DEBUG    urllib3.connectionpool Starting new HTTPS connection (1): cloudfunctions.googleapis.com:443
2024-11-27 18:38:09,636 DEBUG    urllib3.connectionpool https://cloudfunctions.googleapis.com:443 "GET /v2/projects/inspired-photon-441609-k7/locations/us-central1/operations/operation-1732732618844-627e9403ca7a7-af2fc7f8-2ad738f1?alt=json HTTP/1.1" 200 None
2024-11-27 18:38:11,077 DEBUG    urllib3.connectionpool Starting new HTTPS connection (1): cloudfunctions.googleapis.com:443
2024-11-27 18:38:11,139 DEBUG    urllib3.connectionpool https://cloudfunctions.googleapis.com:443 "GET /v2/projects/inspired-photon-441609-k7/locations/us-central1/operations/operation-1732732618844-627e9403ca7a7-af2fc7f8-2ad738f1?alt=json HTTP/1.1" 200 None
2024-11-27 18:38:12,978 DEBUG    urllib3.connectionpool Starting new HTTPS connection (1): cloudfunctions.googleapis.com:443
2024-11-27 18:38:13,050 DEBUG    urllib3.connectionpool https://cloudfunctions.googleapis.com:443 "GET /v2/projects/inspired-photon-441609-k7/locations/us-central1/operations/operation-1732732618844-627e9403ca7a7-af2fc7f8-2ad738f1?alt=json HTTP/1.1" 200 None
2024-11-27 18:38:14,937 DEBUG    urllib3.connectionpool Starting new HTTPS connection (1): cloudfunctions.googleapis.com:443
2024-11-27 18:38:15,009 DEBUG    urllib3.connectionpool https://cloudfunctions.googleapis.com:443 "GET /v2/projects/inspired-photon-441609-k7/locations/us-central1/operations/operation-1732732618844-627e9403ca7a7-af2fc7f8-2ad738f1?alt=json HTTP/1.1" 200 None
2024-11-27 18:38:15,084 DEBUG    root            (gcloud.functions.deploy) OperationError: code=3, message=Could not create or update Cloud Run service gcs-to-pubsub, Container Healthcheck failed. Revision 'gcs-to-pubsub-00001-jig' is not ready and cannot serve traffic. The user-provided container failed to start and listen on the port defined provided by the PORT=8080 environment variable within the allocated timeout. This can happen when the container port is misconfigured or if the timeout is too short. The health check timeout can be extended. Logs for this revision might contain more information.

Logs URL: https://console.cloud.google.com/logs/viewer?project=inspired-photon-441609-k7&resource=cloud_run_revision/service_name/gcs-to-pubsub/revision_name/gcs-to-pubsub-00001-jig&advancedFilter=resource.type%3D%22cloud_run_revision%22%0Aresource.labels.service_name%3D%22gcs-to-pubsub%22%0Aresource.labels.revision_name%3D%22gcs-to-pubsub-00001-jig%22 
For more troubleshooting guidance, see https://cloud.google.com/run/docs/troubleshooting#container-failed-to-start
Traceback (most recent call last):
  File "/snap/google-cloud-cli/289/lib/googlecloudsdk/calliope/cli.py", line 998, in Execute
    resources = calliope_command.Run(cli=self, args=args)
                ^^^^^^^^^^^^^^^^^^^^^^^^^^^^^^^^^^^^^^^^^
  File "/snap/google-cloud-cli/289/lib/googlecloudsdk/calliope/backend.py", line 843, in Run
    resources = command_instance.Run(args)
                ^^^^^^^^^^^^^^^^^^^^^^^^^^
  File "/snap/google-cloud-cli/289/lib/googlecloudsdk/api_lib/functions/v1/util.py", line 387, in CatchHTTPErrorRaiseHTTPExceptionFn
    return func(*args, **kwargs)
           ^^^^^^^^^^^^^^^^^^^^^
  File "/snap/google-cloud-cli/289/lib/googlecloudsdk/command_lib/functions/util.py", line 82, in Run
    return self._RunV2(args)
           ^^^^^^^^^^^^^^^^^
  File "/snap/google-cloud-cli/289/lib/surface/functions/deploy.py", line 144, in _RunV2
    return command_v2.Run(args, self.ReleaseTrack())
           ^^^^^^^^^^^^^^^^^^^^^^^^^^^^^^^^^^^^^^^^^
  File "/snap/google-cloud-cli/289/lib/googlecloudsdk/command_lib/functions/v2/deploy/command.py", line 1326, in Run
    _UpdateAndWait(client, function_ref, function, updated_fields)
  File "/snap/google-cloud-cli/289/lib/googlecloudsdk/command_lib/functions/v2/deploy/command.py", line 1181, in _UpdateAndWait
    api_util.WaitForOperation(
  File "/snap/google-cloud-cli/289/lib/googlecloudsdk/api_lib/functions/v2/util.py", line 334, in WaitForOperation
    operation = retryer.RetryOnResult(
                ^^^^^^^^^^^^^^^^^^^^^^
  File "/snap/google-cloud-cli/289/lib/googlecloudsdk/core/util/retry.py", line 239, in RetryOnResult
    result = func(*args, **kwargs)
             ^^^^^^^^^^^^^^^^^^^^^
  File "/snap/google-cloud-cli/289/lib/googlecloudsdk/api_lib/functions/v2/util.py", line 226, in _GetOperationAndLogProgress
    raise exceptions.StatusToFunctionsError(
googlecloudsdk.api_lib.functions.v2.exceptions.FunctionsError: OperationError: code=3, message=Could not create or update Cloud Run service gcs-to-pubsub, Container Healthcheck failed. Revision 'gcs-to-pubsub-00001-jig' is not ready and cannot serve traffic. The user-provided container failed to start and listen on the port defined provided by the PORT=8080 environment variable within the allocated timeout. This can happen when the container port is misconfigured or if the timeout is too short. The health check timeout can be extended. Logs for this revision might contain more information.

Logs URL: https://console.cloud.google.com/logs/viewer?project=inspired-photon-441609-k7&resource=cloud_run_revision/service_name/gcs-to-pubsub/revision_name/gcs-to-pubsub-00001-jig&advancedFilter=resource.type%3D%22cloud_run_revision%22%0Aresource.labels.service_name%3D%22gcs-to-pubsub%22%0Aresource.labels.revision_name%3D%22gcs-to-pubsub-00001-jig%22 
For more troubleshooting guidance, see https://cloud.google.com/run/docs/troubleshooting#container-failed-to-start
2024-11-27 18:38:15,088 ERROR    root            (gcloud.functions.deploy) OperationError: code=3, message=Could not create or update Cloud Run service gcs-to-pubsub, Container Healthcheck failed. Revision 'gcs-to-pubsub-00001-jig' is not ready and cannot serve traffic. The user-provided container failed to start and listen on the port defined provided by the PORT=8080 environment variable within the allocated timeout. This can happen when the container port is misconfigured or if the timeout is too short. The health check timeout can be extended. Logs for this revision might contain more information.

Logs URL: https://console.cloud.google.com/logs/viewer?project=inspired-photon-441609-k7&resource=cloud_run_revision/service_name/gcs-to-pubsub/revision_name/gcs-to-pubsub-00001-jig&advancedFilter=resource.type%3D%22cloud_run_revision%22%0Aresource.labels.service_name%3D%22gcs-to-pubsub%22%0Aresource.labels.revision_name%3D%22gcs-to-pubsub-00001-jig%22 
For more troubleshooting guidance, see https://cloud.google.com/run/docs/troubleshooting#container-failed-to-start
