2024-11-27 18:45:52,038 DEBUG    root            Loaded Command Group: ['gcloud', 'functions']
2024-11-27 18:45:53,565 DEBUG    root            Loaded Command Group: ['gcloud', 'functions', 'deploy']
2024-11-27 18:45:53,693 DEBUG    root            Running [gcloud.functions.deploy] with arguments: [--entry-point: "gcs_trigger", --runtime: "python312", --set-env-vars: "OrderedDict([('PROJECT_ID', 'inspired-photon-441609-k7'), ('TOPIC_ID', 'gcs-trigger-topic')])", --source: ".", --trigger-event: "google.storage.object.finalize", --trigger-resource: "main-bucket-5505", NAME: "gcs-to-pubsub"]
2024-11-27 18:45:53,856 DEBUG    urllib3.connectionpool Starting new HTTPS connection (1): cloudfunctions.googleapis.com:443
2024-11-27 18:45:54,048 DEBUG    urllib3.connectionpool https://cloudfunctions.googleapis.com:443 "GET /v2/projects/inspired-photon-441609-k7/locations/us-central1/functions/gcs-to-pubsub?alt=json HTTP/1.1" 200 None
2024-11-27 18:45:54,200 DEBUG    urllib3.connectionpool Starting new HTTPS connection (1): cloudfunctions.googleapis.com:443
2024-11-27 18:45:54,419 DEBUG    urllib3.connectionpool https://cloudfunctions.googleapis.com:443 "GET /v2/projects/inspired-photon-441609-k7/locations/us-central1/functions/gcs-to-pubsub?alt=json HTTP/1.1" 200 None
2024-11-27 18:45:54,426 DEBUG    urllib3.connectionpool Starting new HTTPS connection (1): cloudfunctions.googleapis.com:443
2024-11-27 18:45:54,515 DEBUG    urllib3.connectionpool https://cloudfunctions.googleapis.com:443 "GET /v2/projects/inspired-photon-441609-k7/locations/us-central1/runtimes?alt=json HTTP/1.1" 200 None
2024-11-27 18:45:54,554 INFO     root            Not using ignore file.
2024-11-27 18:46:17,303 DEBUG    urllib3.connectionpool Starting new HTTPS connection (1): cloudfunctions.googleapis.com:443
2024-11-27 18:46:17,962 DEBUG    urllib3.connectionpool https://cloudfunctions.googleapis.com:443 "POST /v2/projects/inspired-photon-441609-k7/locations/us-central1/functions:generateUploadUrl?alt=json HTTP/1.1" 200 None
2024-11-27 18:46:18,067 DEBUG    urllib3.connectionpool Starting new HTTPS connection (1): storage.googleapis.com:443
2024-11-27 18:46:18,605 DEBUG    urllib3.connectionpool https://storage.googleapis.com:443 "PUT /gcf-v2-uploads-644941739395.us-central1.cloudfunctions.appspot.com/12f6fe10-6995-4e25-b285-774923699d1c.zip?GoogleAccessId=service-644941739395%40gcf-admin-robot.iam.gserviceaccount.com&Expires=1732734977&Signature=atpusl81XEdriOpVBk6hacVyvhipVsFoQZ3wnnCn6ydZDoqvFVOgE%2B5KXZjsVAb9E5NMlYDm7ziiDz14Iexjb2d54lZ3ubo%2FA%2BFKP14GcojmPlJoCrafMGiq0p8A0q9ViwKHeVzbuZFCIIwa6WzGX3qidmp2HquIuqW%2BlghVKE%2BAaza6dZKiokw%2FfDEgotOUD1pHByvUiU11e5%2Fl7586No%2FzOkjlow7XS9OfInLtn%2Bi%2FI5DkZIrNBSon7xRvv9E6PtVvOfL14m46gLB647KFXGSZto4CmWYZlxjosjNVvoYmbFufAB9zkT%2FYbMeJ4JFmbx2hsrFCon3UrOZjv25q7w%3D%3D HTTP/1.1" 200 0
2024-11-27 18:46:18,696 DEBUG    urllib3.connectionpool Starting new HTTPS connection (1): serviceusage.googleapis.com:443
2024-11-27 18:46:18,823 DEBUG    urllib3.connectionpool https://serviceusage.googleapis.com:443 "GET /v1/projects/inspired-photon-441609-k7/services/run.googleapis.com?alt=json HTTP/1.1" 403 None
2024-11-27 18:46:18,826 INFO     root            Could not verify if service run.googleapis.com is enabled: missing permission 'serviceusage.services.get'.
2024-11-27 18:46:18,897 DEBUG    urllib3.connectionpool Starting new HTTPS connection (1): serviceusage.googleapis.com:443
2024-11-27 18:46:19,124 DEBUG    urllib3.connectionpool https://serviceusage.googleapis.com:443 "GET /v1/projects/inspired-photon-441609-k7/services/cloudbuild.googleapis.com?alt=json HTTP/1.1" 403 None
2024-11-27 18:46:19,127 INFO     root            Could not verify if service cloudbuild.googleapis.com is enabled: missing permission 'serviceusage.services.get'.
2024-11-27 18:46:19,195 DEBUG    urllib3.connectionpool Starting new HTTPS connection (1): serviceusage.googleapis.com:443
2024-11-27 18:46:19,326 DEBUG    urllib3.connectionpool https://serviceusage.googleapis.com:443 "GET /v1/projects/inspired-photon-441609-k7/services/artifactregistry.googleapis.com?alt=json HTTP/1.1" 403 None
2024-11-27 18:46:19,329 INFO     root            Could not verify if service artifactregistry.googleapis.com is enabled: missing permission 'serviceusage.services.get'.
2024-11-27 18:46:19,554 DEBUG    urllib3.connectionpool Starting new HTTPS connection (1): cloudbuild.googleapis.com:443
2024-11-27 18:46:19,859 DEBUG    urllib3.connectionpool https://cloudbuild.googleapis.com:443 "GET /v1/projects/inspired-photon-441609-k7/locations/us-central1/defaultServiceAccount?alt=json HTTP/1.1" 200 None
2024-11-27 18:46:20,003 DEBUG    urllib3.connectionpool Starting new HTTPS connection (1): cloudresourcemanager.googleapis.com:443
2024-11-27 18:46:20,083 DEBUG    urllib3.connectionpool https://cloudresourcemanager.googleapis.com:443 "GET /v1/projects/inspired-photon-441609-k7?alt=json HTTP/1.1" 200 None
2024-11-27 18:46:20,222 DEBUG    urllib3.connectionpool Starting new HTTPS connection (1): cloudresourcemanager.googleapis.com:443
2024-11-27 18:46:20,434 DEBUG    urllib3.connectionpool https://cloudresourcemanager.googleapis.com:443 "POST /v1/projects/inspired-photon-441609-k7:getIamPolicy?alt=json HTTP/1.1" 200 None
2024-11-27 18:46:20,441 DEBUG    urllib3.connectionpool Starting new HTTPS connection (1): cloudfunctions.googleapis.com:443
2024-11-27 18:46:21,751 DEBUG    urllib3.connectionpool https://cloudfunctions.googleapis.com:443 "PATCH /v2/projects/inspired-photon-441609-k7/locations/us-central1/functions/gcs-to-pubsub?alt=json&updateMask=build_config.entry_point%2Cbuild_config.runtime%2Cbuild_config.source%2Cevent_trigger%2Cservice_config.environment_variables HTTP/1.1" 200 None
2024-11-27 18:46:21,757 INFO     ___FILE_ONLY___ Preparing function...
2024-11-27 18:46:21,761 DEBUG    urllib3.connectionpool Starting new HTTPS connection (1): cloudfunctions.googleapis.com:443
2024-11-27 18:46:21,926 DEBUG    urllib3.connectionpool https://cloudfunctions.googleapis.com:443 "GET /v2/projects/inspired-photon-441609-k7/locations/us-central1/operations/operation-1732733180628-627e961b8cdb2-a9df4dd3-1463bd28?alt=json HTTP/1.1" 200 None
2024-11-27 18:46:23,765 DEBUG    urllib3.connectionpool Starting new HTTPS connection (1): cloudfunctions.googleapis.com:443
2024-11-27 18:46:23,928 DEBUG    urllib3.connectionpool https://cloudfunctions.googleapis.com:443 "GET /v2/projects/inspired-photon-441609-k7/locations/us-central1/operations/operation-1732733180628-627e961b8cdb2-a9df4dd3-1463bd28?alt=json HTTP/1.1" 200 None
2024-11-27 18:46:23,966 INFO     ___FILE_ONLY___ Updating function (may take a while)...
2024-11-27 18:46:23,971 DEBUG    urllib3.connectionpool Starting new HTTPS connection (1): cloudfunctions.googleapis.com:443
2024-11-27 18:46:24,126 DEBUG    urllib3.connectionpool https://cloudfunctions.googleapis.com:443 "GET /v2/projects/inspired-photon-441609-k7/locations/us-central1/operations/operation-1732733180628-627e961b8cdb2-a9df4dd3-1463bd28?alt=json HTTP/1.1" 200 None
2024-11-27 18:46:25,854 DEBUG    urllib3.connectionpool Starting new HTTPS connection (1): cloudfunctions.googleapis.com:443
2024-11-27 18:46:26,028 DEBUG    urllib3.connectionpool https://cloudfunctions.googleapis.com:443 "GET /v2/projects/inspired-photon-441609-k7/locations/us-central1/operations/operation-1732733180628-627e961b8cdb2-a9df4dd3-1463bd28?alt=json HTTP/1.1" 200 None
2024-11-27 18:46:27,399 DEBUG    urllib3.connectionpool Starting new HTTPS connection (1): cloudfunctions.googleapis.com:443
2024-11-27 18:46:27,526 DEBUG    urllib3.connectionpool https://cloudfunctions.googleapis.com:443 "GET /v2/projects/inspired-photon-441609-k7/locations/us-central1/operations/operation-1732733180628-627e961b8cdb2-a9df4dd3-1463bd28?alt=json HTTP/1.1" 200 None
2024-11-27 18:46:29,065 DEBUG    urllib3.connectionpool Starting new HTTPS connection (1): cloudfunctions.googleapis.com:443
2024-11-27 18:46:29,227 DEBUG    urllib3.connectionpool https://cloudfunctions.googleapis.com:443 "GET /v2/projects/inspired-photon-441609-k7/locations/us-central1/operations/operation-1732733180628-627e961b8cdb2-a9df4dd3-1463bd28?alt=json HTTP/1.1" 200 None
2024-11-27 18:46:30,924 DEBUG    urllib3.connectionpool Starting new HTTPS connection (1): cloudfunctions.googleapis.com:443
2024-11-27 18:46:31,127 DEBUG    urllib3.connectionpool https://cloudfunctions.googleapis.com:443 "GET /v2/projects/inspired-photon-441609-k7/locations/us-central1/operations/operation-1732733180628-627e961b8cdb2-a9df4dd3-1463bd28?alt=json HTTP/1.1" 200 None
2024-11-27 18:46:32,420 DEBUG    urllib3.connectionpool Starting new HTTPS connection (1): cloudfunctions.googleapis.com:443
2024-11-27 18:46:32,571 DEBUG    urllib3.connectionpool https://cloudfunctions.googleapis.com:443 "GET /v2/projects/inspired-photon-441609-k7/locations/us-central1/operations/operation-1732733180628-627e961b8cdb2-a9df4dd3-1463bd28?alt=json HTTP/1.1" 200 None
2024-11-27 18:46:34,328 DEBUG    urllib3.connectionpool Starting new HTTPS connection (1): cloudfunctions.googleapis.com:443
2024-11-27 18:46:34,426 DEBUG    urllib3.connectionpool https://cloudfunctions.googleapis.com:443 "GET /v2/projects/inspired-photon-441609-k7/locations/us-central1/operations/operation-1732733180628-627e961b8cdb2-a9df4dd3-1463bd28?alt=json HTTP/1.1" 200 None
2024-11-27 18:46:35,587 DEBUG    urllib3.connectionpool Starting new HTTPS connection (1): cloudfunctions.googleapis.com:443
2024-11-27 18:46:35,727 DEBUG    urllib3.connectionpool https://cloudfunctions.googleapis.com:443 "GET /v2/projects/inspired-photon-441609-k7/locations/us-central1/operations/operation-1732733180628-627e961b8cdb2-a9df4dd3-1463bd28?alt=json HTTP/1.1" 200 None
2024-11-27 18:46:37,034 DEBUG    urllib3.connectionpool Starting new HTTPS connection (1): cloudfunctions.googleapis.com:443
2024-11-27 18:46:37,099 DEBUG    urllib3.connectionpool https://cloudfunctions.googleapis.com:443 "GET /v2/projects/inspired-photon-441609-k7/locations/us-central1/operations/operation-1732733180628-627e961b8cdb2-a9df4dd3-1463bd28?alt=json HTTP/1.1" 200 None
2024-11-27 18:46:38,961 DEBUG    urllib3.connectionpool Starting new HTTPS connection (1): cloudfunctions.googleapis.com:443
2024-11-27 18:46:39,135 DEBUG    urllib3.connectionpool https://cloudfunctions.googleapis.com:443 "GET /v2/projects/inspired-photon-441609-k7/locations/us-central1/operations/operation-1732733180628-627e961b8cdb2-a9df4dd3-1463bd28?alt=json HTTP/1.1" 200 None
2024-11-27 18:46:40,838 DEBUG    urllib3.connectionpool Starting new HTTPS connection (1): cloudfunctions.googleapis.com:443
2024-11-27 18:46:40,926 DEBUG    urllib3.connectionpool https://cloudfunctions.googleapis.com:443 "GET /v2/projects/inspired-photon-441609-k7/locations/us-central1/operations/operation-1732733180628-627e961b8cdb2-a9df4dd3-1463bd28?alt=json HTTP/1.1" 200 None
2024-11-27 18:46:42,826 DEBUG    urllib3.connectionpool Starting new HTTPS connection (1): cloudfunctions.googleapis.com:443
2024-11-27 18:46:42,928 DEBUG    urllib3.connectionpool https://cloudfunctions.googleapis.com:443 "GET /v2/projects/inspired-photon-441609-k7/locations/us-central1/operations/operation-1732733180628-627e961b8cdb2-a9df4dd3-1463bd28?alt=json HTTP/1.1" 200 None
2024-11-27 18:46:44,522 DEBUG    urllib3.connectionpool Starting new HTTPS connection (1): cloudfunctions.googleapis.com:443
2024-11-27 18:46:44,606 DEBUG    urllib3.connectionpool https://cloudfunctions.googleapis.com:443 "GET /v2/projects/inspired-photon-441609-k7/locations/us-central1/operations/operation-1732733180628-627e961b8cdb2-a9df4dd3-1463bd28?alt=json HTTP/1.1" 200 None
2024-11-27 18:46:46,168 DEBUG    urllib3.connectionpool Starting new HTTPS connection (1): cloudfunctions.googleapis.com:443
2024-11-27 18:46:46,260 DEBUG    urllib3.connectionpool https://cloudfunctions.googleapis.com:443 "GET /v2/projects/inspired-photon-441609-k7/locations/us-central1/operations/operation-1732733180628-627e961b8cdb2-a9df4dd3-1463bd28?alt=json HTTP/1.1" 200 None
2024-11-27 18:46:47,570 DEBUG    urllib3.connectionpool Starting new HTTPS connection (1): cloudfunctions.googleapis.com:443
2024-11-27 18:46:47,635 DEBUG    urllib3.connectionpool https://cloudfunctions.googleapis.com:443 "GET /v2/projects/inspired-photon-441609-k7/locations/us-central1/operations/operation-1732733180628-627e961b8cdb2-a9df4dd3-1463bd28?alt=json HTTP/1.1" 200 None
2024-11-27 18:46:49,646 DEBUG    urllib3.connectionpool Starting new HTTPS connection (1): cloudfunctions.googleapis.com:443
2024-11-27 18:46:49,708 DEBUG    urllib3.connectionpool https://cloudfunctions.googleapis.com:443 "GET /v2/projects/inspired-photon-441609-k7/locations/us-central1/operations/operation-1732733180628-627e961b8cdb2-a9df4dd3-1463bd28?alt=json HTTP/1.1" 200 None
2024-11-27 18:46:51,284 DEBUG    urllib3.connectionpool Starting new HTTPS connection (1): cloudfunctions.googleapis.com:443
2024-11-27 18:46:51,353 DEBUG    urllib3.connectionpool https://cloudfunctions.googleapis.com:443 "GET /v2/projects/inspired-photon-441609-k7/locations/us-central1/operations/operation-1732733180628-627e961b8cdb2-a9df4dd3-1463bd28?alt=json HTTP/1.1" 200 None
2024-11-27 18:46:52,392 DEBUG    urllib3.connectionpool Starting new HTTPS connection (1): cloudfunctions.googleapis.com:443
2024-11-27 18:46:52,477 DEBUG    urllib3.connectionpool https://cloudfunctions.googleapis.com:443 "GET /v2/projects/inspired-photon-441609-k7/locations/us-central1/operations/operation-1732733180628-627e961b8cdb2-a9df4dd3-1463bd28?alt=json HTTP/1.1" 200 None
2024-11-27 18:46:54,367 DEBUG    urllib3.connectionpool Starting new HTTPS connection (1): cloudfunctions.googleapis.com:443
2024-11-27 18:46:54,431 DEBUG    urllib3.connectionpool https://cloudfunctions.googleapis.com:443 "GET /v2/projects/inspired-photon-441609-k7/locations/us-central1/operations/operation-1732733180628-627e961b8cdb2-a9df4dd3-1463bd28?alt=json HTTP/1.1" 200 None
2024-11-27 18:46:55,674 DEBUG    urllib3.connectionpool Starting new HTTPS connection (1): cloudfunctions.googleapis.com:443
2024-11-27 18:46:55,762 DEBUG    urllib3.connectionpool https://cloudfunctions.googleapis.com:443 "GET /v2/projects/inspired-photon-441609-k7/locations/us-central1/operations/operation-1732733180628-627e961b8cdb2-a9df4dd3-1463bd28?alt=json HTTP/1.1" 200 None
2024-11-27 18:46:56,844 DEBUG    urllib3.connectionpool Starting new HTTPS connection (1): cloudfunctions.googleapis.com:443
2024-11-27 18:46:56,925 DEBUG    urllib3.connectionpool https://cloudfunctions.googleapis.com:443 "GET /v2/projects/inspired-photon-441609-k7/locations/us-central1/operations/operation-1732733180628-627e961b8cdb2-a9df4dd3-1463bd28?alt=json HTTP/1.1" 200 None
2024-11-27 18:46:58,277 DEBUG    urllib3.connectionpool Starting new HTTPS connection (1): cloudfunctions.googleapis.com:443
2024-11-27 18:46:58,348 DEBUG    urllib3.connectionpool https://cloudfunctions.googleapis.com:443 "GET /v2/projects/inspired-photon-441609-k7/locations/us-central1/operations/operation-1732733180628-627e961b8cdb2-a9df4dd3-1463bd28?alt=json HTTP/1.1" 200 None
2024-11-27 18:46:59,781 DEBUG    urllib3.connectionpool Starting new HTTPS connection (1): cloudfunctions.googleapis.com:443
2024-11-27 18:46:59,879 DEBUG    urllib3.connectionpool https://cloudfunctions.googleapis.com:443 "GET /v2/projects/inspired-photon-441609-k7/locations/us-central1/operations/operation-1732733180628-627e961b8cdb2-a9df4dd3-1463bd28?alt=json HTTP/1.1" 200 None
2024-11-27 18:47:01,071 DEBUG    urllib3.connectionpool Starting new HTTPS connection (1): cloudfunctions.googleapis.com:443
2024-11-27 18:47:01,128 DEBUG    urllib3.connectionpool https://cloudfunctions.googleapis.com:443 "GET /v2/projects/inspired-photon-441609-k7/locations/us-central1/operations/operation-1732733180628-627e961b8cdb2-a9df4dd3-1463bd28?alt=json HTTP/1.1" 200 None
2024-11-27 18:47:02,448 DEBUG    urllib3.connectionpool Starting new HTTPS connection (1): cloudfunctions.googleapis.com:443
2024-11-27 18:47:02,508 DEBUG    urllib3.connectionpool https://cloudfunctions.googleapis.com:443 "GET /v2/projects/inspired-photon-441609-k7/locations/us-central1/operations/operation-1732733180628-627e961b8cdb2-a9df4dd3-1463bd28?alt=json HTTP/1.1" 200 None
2024-11-27 18:47:03,626 DEBUG    urllib3.connectionpool Starting new HTTPS connection (1): cloudfunctions.googleapis.com:443
2024-11-27 18:47:03,694 DEBUG    urllib3.connectionpool https://cloudfunctions.googleapis.com:443 "GET /v2/projects/inspired-photon-441609-k7/locations/us-central1/operations/operation-1732733180628-627e961b8cdb2-a9df4dd3-1463bd28?alt=json HTTP/1.1" 200 None
2024-11-27 18:47:05,218 DEBUG    urllib3.connectionpool Starting new HTTPS connection (1): cloudfunctions.googleapis.com:443
2024-11-27 18:47:05,276 DEBUG    urllib3.connectionpool https://cloudfunctions.googleapis.com:443 "GET /v2/projects/inspired-photon-441609-k7/locations/us-central1/operations/operation-1732733180628-627e961b8cdb2-a9df4dd3-1463bd28?alt=json HTTP/1.1" 200 None
2024-11-27 18:47:06,824 DEBUG    urllib3.connectionpool Starting new HTTPS connection (1): cloudfunctions.googleapis.com:443
2024-11-27 18:47:06,891 DEBUG    urllib3.connectionpool https://cloudfunctions.googleapis.com:443 "GET /v2/projects/inspired-photon-441609-k7/locations/us-central1/operations/operation-1732733180628-627e961b8cdb2-a9df4dd3-1463bd28?alt=json HTTP/1.1" 200 None
2024-11-27 18:47:08,019 DEBUG    urllib3.connectionpool Starting new HTTPS connection (1): cloudfunctions.googleapis.com:443
2024-11-27 18:47:08,080 DEBUG    urllib3.connectionpool https://cloudfunctions.googleapis.com:443 "GET /v2/projects/inspired-photon-441609-k7/locations/us-central1/operations/operation-1732733180628-627e961b8cdb2-a9df4dd3-1463bd28?alt=json HTTP/1.1" 200 None
2024-11-27 18:47:09,487 DEBUG    urllib3.connectionpool Starting new HTTPS connection (1): cloudfunctions.googleapis.com:443
2024-11-27 18:47:09,550 DEBUG    urllib3.connectionpool https://cloudfunctions.googleapis.com:443 "GET /v2/projects/inspired-photon-441609-k7/locations/us-central1/operations/operation-1732733180628-627e961b8cdb2-a9df4dd3-1463bd28?alt=json HTTP/1.1" 200 None
2024-11-27 18:47:11,182 DEBUG    urllib3.connectionpool Starting new HTTPS connection (1): cloudfunctions.googleapis.com:443
2024-11-27 18:47:11,248 DEBUG    urllib3.connectionpool https://cloudfunctions.googleapis.com:443 "GET /v2/projects/inspired-photon-441609-k7/locations/us-central1/operations/operation-1732733180628-627e961b8cdb2-a9df4dd3-1463bd28?alt=json HTTP/1.1" 200 None
2024-11-27 18:47:12,615 DEBUG    urllib3.connectionpool Starting new HTTPS connection (1): cloudfunctions.googleapis.com:443
2024-11-27 18:47:12,677 DEBUG    urllib3.connectionpool https://cloudfunctions.googleapis.com:443 "GET /v2/projects/inspired-photon-441609-k7/locations/us-central1/operations/operation-1732733180628-627e961b8cdb2-a9df4dd3-1463bd28?alt=json HTTP/1.1" 200 None
2024-11-27 18:47:14,566 DEBUG    urllib3.connectionpool Starting new HTTPS connection (1): cloudfunctions.googleapis.com:443
2024-11-27 18:47:14,628 DEBUG    urllib3.connectionpool https://cloudfunctions.googleapis.com:443 "GET /v2/projects/inspired-photon-441609-k7/locations/us-central1/operations/operation-1732733180628-627e961b8cdb2-a9df4dd3-1463bd28?alt=json HTTP/1.1" 200 None
2024-11-27 18:47:15,944 DEBUG    urllib3.connectionpool Starting new HTTPS connection (1): cloudfunctions.googleapis.com:443
2024-11-27 18:47:16,011 DEBUG    urllib3.connectionpool https://cloudfunctions.googleapis.com:443 "GET /v2/projects/inspired-photon-441609-k7/locations/us-central1/operations/operation-1732733180628-627e961b8cdb2-a9df4dd3-1463bd28?alt=json HTTP/1.1" 200 None
2024-11-27 18:47:17,044 DEBUG    urllib3.connectionpool Starting new HTTPS connection (1): cloudfunctions.googleapis.com:443
2024-11-27 18:47:17,124 DEBUG    urllib3.connectionpool https://cloudfunctions.googleapis.com:443 "GET /v2/projects/inspired-photon-441609-k7/locations/us-central1/operations/operation-1732733180628-627e961b8cdb2-a9df4dd3-1463bd28?alt=json HTTP/1.1" 200 None
2024-11-27 18:47:18,475 DEBUG    urllib3.connectionpool Starting new HTTPS connection (1): cloudfunctions.googleapis.com:443
2024-11-27 18:47:18,536 DEBUG    urllib3.connectionpool https://cloudfunctions.googleapis.com:443 "GET /v2/projects/inspired-photon-441609-k7/locations/us-central1/operations/operation-1732733180628-627e961b8cdb2-a9df4dd3-1463bd28?alt=json HTTP/1.1" 200 None
2024-11-27 18:47:20,355 DEBUG    urllib3.connectionpool Starting new HTTPS connection (1): cloudfunctions.googleapis.com:443
2024-11-27 18:47:20,415 DEBUG    urllib3.connectionpool https://cloudfunctions.googleapis.com:443 "GET /v2/projects/inspired-photon-441609-k7/locations/us-central1/operations/operation-1732733180628-627e961b8cdb2-a9df4dd3-1463bd28?alt=json HTTP/1.1" 200 None
2024-11-27 18:47:21,702 DEBUG    urllib3.connectionpool Starting new HTTPS connection (1): cloudfunctions.googleapis.com:443
2024-11-27 18:47:21,792 DEBUG    urllib3.connectionpool https://cloudfunctions.googleapis.com:443 "GET /v2/projects/inspired-photon-441609-k7/locations/us-central1/operations/operation-1732733180628-627e961b8cdb2-a9df4dd3-1463bd28?alt=json HTTP/1.1" 200 None
2024-11-27 18:47:23,453 DEBUG    urllib3.connectionpool Starting new HTTPS connection (1): cloudfunctions.googleapis.com:443
2024-11-27 18:47:23,516 DEBUG    urllib3.connectionpool https://cloudfunctions.googleapis.com:443 "GET /v2/projects/inspired-photon-441609-k7/locations/us-central1/operations/operation-1732733180628-627e961b8cdb2-a9df4dd3-1463bd28?alt=json HTTP/1.1" 200 None
2024-11-27 18:47:25,460 DEBUG    urllib3.connectionpool Starting new HTTPS connection (1): cloudfunctions.googleapis.com:443
2024-11-27 18:47:25,543 DEBUG    urllib3.connectionpool https://cloudfunctions.googleapis.com:443 "GET /v2/projects/inspired-photon-441609-k7/locations/us-central1/operations/operation-1732733180628-627e961b8cdb2-a9df4dd3-1463bd28?alt=json HTTP/1.1" 200 None
2024-11-27 18:47:27,299 DEBUG    urllib3.connectionpool Starting new HTTPS connection (1): cloudfunctions.googleapis.com:443
2024-11-27 18:47:27,388 DEBUG    urllib3.connectionpool https://cloudfunctions.googleapis.com:443 "GET /v2/projects/inspired-photon-441609-k7/locations/us-central1/operations/operation-1732733180628-627e961b8cdb2-a9df4dd3-1463bd28?alt=json HTTP/1.1" 200 None
2024-11-27 18:47:28,991 DEBUG    urllib3.connectionpool Starting new HTTPS connection (1): cloudfunctions.googleapis.com:443
2024-11-27 18:47:29,059 DEBUG    urllib3.connectionpool https://cloudfunctions.googleapis.com:443 "GET /v2/projects/inspired-photon-441609-k7/locations/us-central1/operations/operation-1732733180628-627e961b8cdb2-a9df4dd3-1463bd28?alt=json HTTP/1.1" 200 None
2024-11-27 18:47:30,475 DEBUG    urllib3.connectionpool Starting new HTTPS connection (1): cloudfunctions.googleapis.com:443
2024-11-27 18:47:30,569 DEBUG    urllib3.connectionpool https://cloudfunctions.googleapis.com:443 "GET /v2/projects/inspired-photon-441609-k7/locations/us-central1/operations/operation-1732733180628-627e961b8cdb2-a9df4dd3-1463bd28?alt=json HTTP/1.1" 200 None
2024-11-27 18:47:32,490 DEBUG    urllib3.connectionpool Starting new HTTPS connection (1): cloudfunctions.googleapis.com:443
2024-11-27 18:47:32,555 DEBUG    urllib3.connectionpool https://cloudfunctions.googleapis.com:443 "GET /v2/projects/inspired-photon-441609-k7/locations/us-central1/operations/operation-1732733180628-627e961b8cdb2-a9df4dd3-1463bd28?alt=json HTTP/1.1" 200 None
2024-11-27 18:47:34,538 DEBUG    urllib3.connectionpool Starting new HTTPS connection (1): cloudfunctions.googleapis.com:443
2024-11-27 18:47:34,607 DEBUG    urllib3.connectionpool https://cloudfunctions.googleapis.com:443 "GET /v2/projects/inspired-photon-441609-k7/locations/us-central1/operations/operation-1732733180628-627e961b8cdb2-a9df4dd3-1463bd28?alt=json HTTP/1.1" 200 None
2024-11-27 18:47:35,655 DEBUG    urllib3.connectionpool Starting new HTTPS connection (1): cloudfunctions.googleapis.com:443
2024-11-27 18:47:35,731 DEBUG    urllib3.connectionpool https://cloudfunctions.googleapis.com:443 "GET /v2/projects/inspired-photon-441609-k7/locations/us-central1/operations/operation-1732733180628-627e961b8cdb2-a9df4dd3-1463bd28?alt=json HTTP/1.1" 200 None
2024-11-27 18:47:37,337 DEBUG    urllib3.connectionpool Starting new HTTPS connection (1): cloudfunctions.googleapis.com:443
2024-11-27 18:47:37,401 DEBUG    urllib3.connectionpool https://cloudfunctions.googleapis.com:443 "GET /v2/projects/inspired-photon-441609-k7/locations/us-central1/operations/operation-1732733180628-627e961b8cdb2-a9df4dd3-1463bd28?alt=json HTTP/1.1" 200 None
2024-11-27 18:47:37,457 DEBUG    root            (gcloud.functions.deploy) OperationError: code=3, message=Could not create or update Cloud Run service gcs-to-pubsub, Container Healthcheck failed. Revision 'gcs-to-pubsub-00002-nal' is not ready and cannot serve traffic. The user-provided container failed to start and listen on the port defined provided by the PORT=8080 environment variable within the allocated timeout. This can happen when the container port is misconfigured or if the timeout is too short. The health check timeout can be extended. Logs for this revision might contain more information.

Logs URL: https://console.cloud.google.com/logs/viewer?project=inspired-photon-441609-k7&resource=cloud_run_revision/service_name/gcs-to-pubsub/revision_name/gcs-to-pubsub-00002-nal&advancedFilter=resource.type%3D%22cloud_run_revision%22%0Aresource.labels.service_name%3D%22gcs-to-pubsub%22%0Aresource.labels.revision_name%3D%22gcs-to-pubsub-00002-nal%22 
For more troubleshooting guidance, see https://cloud.google.com/run/docs/troubleshooting#container-failed-to-start
Traceback (most recent call last):
  File "/snap/google-cloud-cli/289/lib/googlecloudsdk/calliope/cli.py", line 998, in Execute
    resources = calliope_command.Run(cli=self, args=args)
                ^^^^^^^^^^^^^^^^^^^^^^^^^^^^^^^^^^^^^^^^^
  File "/snap/google-cloud-cli/289/lib/googlecloudsdk/calliope/backend.py", line 843, in Run
    resources = command_instance.Run(args)
                ^^^^^^^^^^^^^^^^^^^^^^^^^^
  File "/snap/google-cloud-cli/289/lib/googlecloudsdk/api_lib/functions/v1/util.py", line 387, in CatchHTTPErrorRaiseHTTPExceptionFn
    return func(*args, **kwargs)
           ^^^^^^^^^^^^^^^^^^^^^
  File "/snap/google-cloud-cli/289/lib/googlecloudsdk/command_lib/functions/util.py", line 82, in Run
    return self._RunV2(args)
           ^^^^^^^^^^^^^^^^^
  File "/snap/google-cloud-cli/289/lib/surface/functions/deploy.py", line 144, in _RunV2
    return command_v2.Run(args, self.ReleaseTrack())
           ^^^^^^^^^^^^^^^^^^^^^^^^^^^^^^^^^^^^^^^^^
  File "/snap/google-cloud-cli/289/lib/googlecloudsdk/command_lib/functions/v2/deploy/command.py", line 1326, in Run
    _UpdateAndWait(client, function_ref, function, updated_fields)
  File "/snap/google-cloud-cli/289/lib/googlecloudsdk/command_lib/functions/v2/deploy/command.py", line 1181, in _UpdateAndWait
    api_util.WaitForOperation(
  File "/snap/google-cloud-cli/289/lib/googlecloudsdk/api_lib/functions/v2/util.py", line 334, in WaitForOperation
    operation = retryer.RetryOnResult(
                ^^^^^^^^^^^^^^^^^^^^^^
  File "/snap/google-cloud-cli/289/lib/googlecloudsdk/core/util/retry.py", line 239, in RetryOnResult
    result = func(*args, **kwargs)
             ^^^^^^^^^^^^^^^^^^^^^
  File "/snap/google-cloud-cli/289/lib/googlecloudsdk/api_lib/functions/v2/util.py", line 226, in _GetOperationAndLogProgress
    raise exceptions.StatusToFunctionsError(
googlecloudsdk.api_lib.functions.v2.exceptions.FunctionsError: OperationError: code=3, message=Could not create or update Cloud Run service gcs-to-pubsub, Container Healthcheck failed. Revision 'gcs-to-pubsub-00002-nal' is not ready and cannot serve traffic. The user-provided container failed to start and listen on the port defined provided by the PORT=8080 environment variable within the allocated timeout. This can happen when the container port is misconfigured or if the timeout is too short. The health check timeout can be extended. Logs for this revision might contain more information.

Logs URL: https://console.cloud.google.com/logs/viewer?project=inspired-photon-441609-k7&resource=cloud_run_revision/service_name/gcs-to-pubsub/revision_name/gcs-to-pubsub-00002-nal&advancedFilter=resource.type%3D%22cloud_run_revision%22%0Aresource.labels.service_name%3D%22gcs-to-pubsub%22%0Aresource.labels.revision_name%3D%22gcs-to-pubsub-00002-nal%22 
For more troubleshooting guidance, see https://cloud.google.com/run/docs/troubleshooting#container-failed-to-start
2024-11-27 18:47:37,570 ERROR    root            (gcloud.functions.deploy) OperationError: code=3, message=Could not create or update Cloud Run service gcs-to-pubsub, Container Healthcheck failed. Revision 'gcs-to-pubsub-00002-nal' is not ready and cannot serve traffic. The user-provided container failed to start and listen on the port defined provided by the PORT=8080 environment variable within the allocated timeout. This can happen when the container port is misconfigured or if the timeout is too short. The health check timeout can be extended. Logs for this revision might contain more information.

Logs URL: https://console.cloud.google.com/logs/viewer?project=inspired-photon-441609-k7&resource=cloud_run_revision/service_name/gcs-to-pubsub/revision_name/gcs-to-pubsub-00002-nal&advancedFilter=resource.type%3D%22cloud_run_revision%22%0Aresource.labels.service_name%3D%22gcs-to-pubsub%22%0Aresource.labels.revision_name%3D%22gcs-to-pubsub-00002-nal%22 
For more troubleshooting guidance, see https://cloud.google.com/run/docs/troubleshooting#container-failed-to-start
