2024-11-27 18:45:42,311 DEBUG    root            Loaded Command Group: ['gcloud', 'projects']
2024-11-27 18:45:42,515 DEBUG    root            Loaded Command Group: ['gcloud', 'projects', 'add_iam_policy_binding']
2024-11-27 18:45:42,618 DEBUG    root            Running [gcloud.projects.add-iam-policy-binding] with arguments: [--member: "serviceAccount:trigger-account@inspired-photon-441609-k7.iam.gserviceaccount.com", --role: "projects/inspired-photon-441609-k7/roles/main_custom_role_18", PROJECT_ID: "inspired-photon-441609-k7"]
2024-11-27 18:45:42,773 DEBUG    urllib3.connectionpool Starting new HTTPS connection (1): cloudresourcemanager.googleapis.com:443
2024-11-27 18:45:42,925 DEBUG    urllib3.connectionpool https://cloudresourcemanager.googleapis.com:443 "POST /v1/projects/inspired-photon-441609-k7:getIamPolicy?alt=json HTTP/1.1" 200 None
2024-11-27 18:45:43,063 DEBUG    urllib3.connectionpool Starting new HTTPS connection (1): cloudresourcemanager.googleapis.com:443
2024-11-27 18:45:43,707 DEBUG    urllib3.connectionpool https://cloudresourcemanager.googleapis.com:443 "POST /v1/projects/inspired-photon-441609-k7:setIamPolicy?alt=json HTTP/1.1" 200 None
2024-11-27 18:45:43,712 INFO     ___FILE_ONLY___ Updated IAM policy for project [inspired-photon-441609-k7].

2024-11-27 18:45:43,713 DEBUG    root            Chosen display Format:default
2024-11-27 18:45:43,714 INFO     root            Display format: "default"
2024-11-27 18:45:43,739 INFO     ___FILE_ONLY___ bindings
2024-11-27 18:45:43,740 INFO     ___FILE_ONLY___ :
2024-11-27 18:45:43,740 INFO     ___FILE_ONLY___ 

2024-11-27 18:45:43,740 INFO     ___FILE_ONLY___ -
2024-11-27 18:45:43,740 INFO     ___FILE_ONLY___  
2024-11-27 18:45:43,740 INFO     ___FILE_ONLY___ members
2024-11-27 18:45:43,740 INFO     ___FILE_ONLY___ :
2024-11-27 18:45:43,740 INFO     ___FILE_ONLY___ 

2024-11-27 18:45:43,740 INFO     ___FILE_ONLY___   
2024-11-27 18:45:43,741 INFO     ___FILE_ONLY___ -
2024-11-27 18:45:43,741 INFO     ___FILE_ONLY___  
2024-11-27 18:45:43,741 INFO     ___FILE_ONLY___ serviceAccount:trigger-account@inspired-photon-441609-k7.iam.gserviceaccount.com
2024-11-27 18:45:43,741 INFO     ___FILE_ONLY___ 

2024-11-27 18:45:43,741 INFO     ___FILE_ONLY___   
2024-11-27 18:45:43,741 INFO     ___FILE_ONLY___ role
2024-11-27 18:45:43,741 INFO     ___FILE_ONLY___ :
2024-11-27 18:45:43,741 INFO     ___FILE_ONLY___  
2024-11-27 18:45:43,741 INFO     ___FILE_ONLY___ projects/inspired-photon-441609-k7/roles/main_custom_role_18
2024-11-27 18:45:43,742 INFO     ___FILE_ONLY___ 

2024-11-27 18:45:43,742 INFO     ___FILE_ONLY___ -
2024-11-27 18:45:43,742 INFO     ___FILE_ONLY___  
2024-11-27 18:45:43,742 INFO     ___FILE_ONLY___ members
2024-11-27 18:45:43,742 INFO     ___FILE_ONLY___ :
2024-11-27 18:45:43,742 INFO     ___FILE_ONLY___ 

2024-11-27 18:45:43,742 INFO     ___FILE_ONLY___   
2024-11-27 18:45:43,742 INFO     ___FILE_ONLY___ -
2024-11-27 18:45:43,742 INFO     ___FILE_ONLY___  
2024-11-27 18:45:43,743 INFO     ___FILE_ONLY___ serviceAccount:service-644941739395@gcp-sa-artifactregistry.iam.gserviceaccount.com
2024-11-27 18:45:43,743 INFO     ___FILE_ONLY___ 

2024-11-27 18:45:43,743 INFO     ___FILE_ONLY___   
2024-11-27 18:45:43,743 INFO     ___FILE_ONLY___ role
2024-11-27 18:45:43,743 INFO     ___FILE_ONLY___ :
2024-11-27 18:45:43,743 INFO     ___FILE_ONLY___  
2024-11-27 18:45:43,743 INFO     ___FILE_ONLY___ roles/artifactregistry.serviceAgent
2024-11-27 18:45:43,743 INFO     ___FILE_ONLY___ 

2024-11-27 18:45:43,743 INFO     ___FILE_ONLY___ -
2024-11-27 18:45:43,743 INFO     ___FILE_ONLY___  
2024-11-27 18:45:43,744 INFO     ___FILE_ONLY___ members
2024-11-27 18:45:43,744 INFO     ___FILE_ONLY___ :
2024-11-27 18:45:43,744 INFO     ___FILE_ONLY___ 

2024-11-27 18:45:43,744 INFO     ___FILE_ONLY___   
2024-11-27 18:45:43,744 INFO     ___FILE_ONLY___ -
2024-11-27 18:45:43,744 INFO     ___FILE_ONLY___  
2024-11-27 18:45:43,744 INFO     ___FILE_ONLY___ serviceAccount:644941739395@cloudbuild.gserviceaccount.com
2024-11-27 18:45:43,744 INFO     ___FILE_ONLY___ 

2024-11-27 18:45:43,744 INFO     ___FILE_ONLY___   
2024-11-27 18:45:43,744 INFO     ___FILE_ONLY___ role
2024-11-27 18:45:43,744 INFO     ___FILE_ONLY___ :
2024-11-27 18:45:43,745 INFO     ___FILE_ONLY___  
2024-11-27 18:45:43,745 INFO     ___FILE_ONLY___ roles/cloudbuild.builds.builder
2024-11-27 18:45:43,745 INFO     ___FILE_ONLY___ 

2024-11-27 18:45:43,745 INFO     ___FILE_ONLY___ -
2024-11-27 18:45:43,745 INFO     ___FILE_ONLY___  
2024-11-27 18:45:43,745 INFO     ___FILE_ONLY___ members
2024-11-27 18:45:43,745 INFO     ___FILE_ONLY___ :
2024-11-27 18:45:43,745 INFO     ___FILE_ONLY___ 

2024-11-27 18:45:43,745 INFO     ___FILE_ONLY___   
2024-11-27 18:45:43,745 INFO     ___FILE_ONLY___ -
2024-11-27 18:45:43,746 INFO     ___FILE_ONLY___  
2024-11-27 18:45:43,746 INFO     ___FILE_ONLY___ serviceAccount:service-644941739395@gcp-sa-cloudbuild.iam.gserviceaccount.com
2024-11-27 18:45:43,746 INFO     ___FILE_ONLY___ 

2024-11-27 18:45:43,746 INFO     ___FILE_ONLY___   
2024-11-27 18:45:43,746 INFO     ___FILE_ONLY___ role
2024-11-27 18:45:43,746 INFO     ___FILE_ONLY___ :
2024-11-27 18:45:43,746 INFO     ___FILE_ONLY___  
2024-11-27 18:45:43,746 INFO     ___FILE_ONLY___ roles/cloudbuild.serviceAgent
2024-11-27 18:45:43,746 INFO     ___FILE_ONLY___ 

2024-11-27 18:45:43,746 INFO     ___FILE_ONLY___ -
2024-11-27 18:45:43,746 INFO     ___FILE_ONLY___  
2024-11-27 18:45:43,747 INFO     ___FILE_ONLY___ members
2024-11-27 18:45:43,747 INFO     ___FILE_ONLY___ :
2024-11-27 18:45:43,747 INFO     ___FILE_ONLY___ 

2024-11-27 18:45:43,747 INFO     ___FILE_ONLY___   
2024-11-27 18:45:43,747 INFO     ___FILE_ONLY___ -
2024-11-27 18:45:43,747 INFO     ___FILE_ONLY___  
2024-11-27 18:45:43,747 INFO     ___FILE_ONLY___ serviceAccount:644941739395@cloudbuild.gserviceaccount.com
2024-11-27 18:45:43,747 INFO     ___FILE_ONLY___ 

2024-11-27 18:45:43,747 INFO     ___FILE_ONLY___   
2024-11-27 18:45:43,747 INFO     ___FILE_ONLY___ role
2024-11-27 18:45:43,747 INFO     ___FILE_ONLY___ :
2024-11-27 18:45:43,748 INFO     ___FILE_ONLY___  
2024-11-27 18:45:43,748 INFO     ___FILE_ONLY___ roles/cloudfunctions.developer
2024-11-27 18:45:43,748 INFO     ___FILE_ONLY___ 

2024-11-27 18:45:43,748 INFO     ___FILE_ONLY___ -
2024-11-27 18:45:43,748 INFO     ___FILE_ONLY___  
2024-11-27 18:45:43,748 INFO     ___FILE_ONLY___ members
2024-11-27 18:45:43,748 INFO     ___FILE_ONLY___ :
2024-11-27 18:45:43,748 INFO     ___FILE_ONLY___ 

2024-11-27 18:45:43,748 INFO     ___FILE_ONLY___   
2024-11-27 18:45:43,748 INFO     ___FILE_ONLY___ -
2024-11-27 18:45:43,748 INFO     ___FILE_ONLY___  
2024-11-27 18:45:43,748 INFO     ___FILE_ONLY___ serviceAccount:service-644941739395@gcf-admin-robot.iam.gserviceaccount.com
2024-11-27 18:45:43,749 INFO     ___FILE_ONLY___ 

2024-11-27 18:45:43,749 INFO     ___FILE_ONLY___   
2024-11-27 18:45:43,749 INFO     ___FILE_ONLY___ role
2024-11-27 18:45:43,749 INFO     ___FILE_ONLY___ :
2024-11-27 18:45:43,749 INFO     ___FILE_ONLY___  
2024-11-27 18:45:43,749 INFO     ___FILE_ONLY___ roles/cloudfunctions.serviceAgent
2024-11-27 18:45:43,749 INFO     ___FILE_ONLY___ 

2024-11-27 18:45:43,749 INFO     ___FILE_ONLY___ -
2024-11-27 18:45:43,749 INFO     ___FILE_ONLY___  
2024-11-27 18:45:43,749 INFO     ___FILE_ONLY___ members
2024-11-27 18:45:43,749 INFO     ___FILE_ONLY___ :
2024-11-27 18:45:43,749 INFO     ___FILE_ONLY___ 

2024-11-27 18:45:43,750 INFO     ___FILE_ONLY___   
2024-11-27 18:45:43,750 INFO     ___FILE_ONLY___ -
2024-11-27 18:45:43,750 INFO     ___FILE_ONLY___  
2024-11-27 18:45:43,750 INFO     ___FILE_ONLY___ serviceAccount:vm-creater-account@inspired-photon-441609-k7.iam.gserviceaccount.com
2024-11-27 18:45:43,750 INFO     ___FILE_ONLY___ 

2024-11-27 18:45:43,750 INFO     ___FILE_ONLY___   
2024-11-27 18:45:43,750 INFO     ___FILE_ONLY___ role
2024-11-27 18:45:43,750 INFO     ___FILE_ONLY___ :
2024-11-27 18:45:43,750 INFO     ___FILE_ONLY___  
2024-11-27 18:45:43,750 INFO     ___FILE_ONLY___ roles/compute.instanceAdmin.v1
2024-11-27 18:45:43,751 INFO     ___FILE_ONLY___ 

2024-11-27 18:45:43,751 INFO     ___FILE_ONLY___ -
2024-11-27 18:45:43,751 INFO     ___FILE_ONLY___  
2024-11-27 18:45:43,751 INFO     ___FILE_ONLY___ members
2024-11-27 18:45:43,751 INFO     ___FILE_ONLY___ :
2024-11-27 18:45:43,751 INFO     ___FILE_ONLY___ 

2024-11-27 18:45:43,751 INFO     ___FILE_ONLY___   
2024-11-27 18:45:43,751 INFO     ___FILE_ONLY___ -
2024-11-27 18:45:43,751 INFO     ___FILE_ONLY___  
2024-11-27 18:45:43,751 INFO     ___FILE_ONLY___ serviceAccount:vm-creater-account@inspired-photon-441609-k7.iam.gserviceaccount.com
2024-11-27 18:45:43,751 INFO     ___FILE_ONLY___ 

2024-11-27 18:45:43,751 INFO     ___FILE_ONLY___   
2024-11-27 18:45:43,752 INFO     ___FILE_ONLY___ role
2024-11-27 18:45:43,752 INFO     ___FILE_ONLY___ :
2024-11-27 18:45:43,752 INFO     ___FILE_ONLY___  
2024-11-27 18:45:43,752 INFO     ___FILE_ONLY___ roles/compute.networkUser
2024-11-27 18:45:43,752 INFO     ___FILE_ONLY___ 

2024-11-27 18:45:43,752 INFO     ___FILE_ONLY___ -
2024-11-27 18:45:43,752 INFO     ___FILE_ONLY___  
2024-11-27 18:45:43,752 INFO     ___FILE_ONLY___ members
2024-11-27 18:45:43,752 INFO     ___FILE_ONLY___ :
2024-11-27 18:45:43,752 INFO     ___FILE_ONLY___ 

2024-11-27 18:45:43,752 INFO     ___FILE_ONLY___   
2024-11-27 18:45:43,752 INFO     ___FILE_ONLY___ -
2024-11-27 18:45:43,753 INFO     ___FILE_ONLY___  
2024-11-27 18:45:43,753 INFO     ___FILE_ONLY___ serviceAccount:service-644941739395@compute-system.iam.gserviceaccount.com
2024-11-27 18:45:43,753 INFO     ___FILE_ONLY___ 

2024-11-27 18:45:43,753 INFO     ___FILE_ONLY___   
2024-11-27 18:45:43,753 INFO     ___FILE_ONLY___ role
2024-11-27 18:45:43,753 INFO     ___FILE_ONLY___ :
2024-11-27 18:45:43,753 INFO     ___FILE_ONLY___  
2024-11-27 18:45:43,753 INFO     ___FILE_ONLY___ roles/compute.serviceAgent
2024-11-27 18:45:43,753 INFO     ___FILE_ONLY___ 

2024-11-27 18:45:43,753 INFO     ___FILE_ONLY___ -
2024-11-27 18:45:43,753 INFO     ___FILE_ONLY___  
2024-11-27 18:45:43,754 INFO     ___FILE_ONLY___ members
2024-11-27 18:45:43,754 INFO     ___FILE_ONLY___ :
2024-11-27 18:45:43,754 INFO     ___FILE_ONLY___ 

2024-11-27 18:45:43,754 INFO     ___FILE_ONLY___   
2024-11-27 18:45:43,754 INFO     ___FILE_ONLY___ -
2024-11-27 18:45:43,754 INFO     ___FILE_ONLY___  
2024-11-27 18:45:43,754 INFO     ___FILE_ONLY___ serviceAccount:service-644941739395@containerregistry.iam.gserviceaccount.com
2024-11-27 18:45:43,754 INFO     ___FILE_ONLY___ 

2024-11-27 18:45:43,754 INFO     ___FILE_ONLY___   
2024-11-27 18:45:43,754 INFO     ___FILE_ONLY___ role
2024-11-27 18:45:43,754 INFO     ___FILE_ONLY___ :
2024-11-27 18:45:43,754 INFO     ___FILE_ONLY___  
2024-11-27 18:45:43,754 INFO     ___FILE_ONLY___ roles/containerregistry.ServiceAgent
2024-11-27 18:45:43,755 INFO     ___FILE_ONLY___ 

2024-11-27 18:45:43,755 INFO     ___FILE_ONLY___ -
2024-11-27 18:45:43,755 INFO     ___FILE_ONLY___  
2024-11-27 18:45:43,755 INFO     ___FILE_ONLY___ members
2024-11-27 18:45:43,755 INFO     ___FILE_ONLY___ :
2024-11-27 18:45:43,755 INFO     ___FILE_ONLY___ 

2024-11-27 18:45:43,755 INFO     ___FILE_ONLY___   
2024-11-27 18:45:43,755 INFO     ___FILE_ONLY___ -
2024-11-27 18:45:43,755 INFO     ___FILE_ONLY___  
2024-11-27 18:45:43,755 INFO     ___FILE_ONLY___ serviceAccount:644941739395-compute@developer.gserviceaccount.com
2024-11-27 18:45:43,755 INFO     ___FILE_ONLY___ 

2024-11-27 18:45:43,755 INFO     ___FILE_ONLY___   
2024-11-27 18:45:43,756 INFO     ___FILE_ONLY___ -
2024-11-27 18:45:43,756 INFO     ___FILE_ONLY___  
2024-11-27 18:45:43,756 INFO     ___FILE_ONLY___ serviceAccount:644941739395@cloudservices.gserviceaccount.com
2024-11-27 18:45:43,756 INFO     ___FILE_ONLY___ 

2024-11-27 18:45:43,756 INFO     ___FILE_ONLY___   
2024-11-27 18:45:43,756 INFO     ___FILE_ONLY___ -
2024-11-27 18:45:43,756 INFO     ___FILE_ONLY___  
2024-11-27 18:45:43,756 INFO     ___FILE_ONLY___ serviceAccount:inspired-photon-441609-k7@appspot.gserviceaccount.com
2024-11-27 18:45:43,756 INFO     ___FILE_ONLY___ 

2024-11-27 18:45:43,756 INFO     ___FILE_ONLY___   
2024-11-27 18:45:43,756 INFO     ___FILE_ONLY___ -
2024-11-27 18:45:43,756 INFO     ___FILE_ONLY___  
2024-11-27 18:45:43,757 INFO     ___FILE_ONLY___ serviceAccount:vm-creater-account@inspired-photon-441609-k7.iam.gserviceaccount.com
2024-11-27 18:45:43,757 INFO     ___FILE_ONLY___ 

2024-11-27 18:45:43,757 INFO     ___FILE_ONLY___   
2024-11-27 18:45:43,757 INFO     ___FILE_ONLY___ role
2024-11-27 18:45:43,757 INFO     ___FILE_ONLY___ :
2024-11-27 18:45:43,757 INFO     ___FILE_ONLY___  
2024-11-27 18:45:43,757 INFO     ___FILE_ONLY___ roles/editor
2024-11-27 18:45:43,757 INFO     ___FILE_ONLY___ 

2024-11-27 18:45:43,757 INFO     ___FILE_ONLY___ -
2024-11-27 18:45:43,758 INFO     ___FILE_ONLY___  
2024-11-27 18:45:43,758 INFO     ___FILE_ONLY___ members
2024-11-27 18:45:43,758 INFO     ___FILE_ONLY___ :
2024-11-27 18:45:43,758 INFO     ___FILE_ONLY___ 

2024-11-27 18:45:43,758 INFO     ___FILE_ONLY___   
2024-11-27 18:45:43,758 INFO     ___FILE_ONLY___ -
2024-11-27 18:45:43,758 INFO     ___FILE_ONLY___  
2024-11-27 18:45:43,759 INFO     ___FILE_ONLY___ serviceAccount:service-644941739395@gcp-sa-eventarc.iam.gserviceaccount.com
2024-11-27 18:45:43,759 INFO     ___FILE_ONLY___ 

2024-11-27 18:45:43,759 INFO     ___FILE_ONLY___   
2024-11-27 18:45:43,759 INFO     ___FILE_ONLY___ role
2024-11-27 18:45:43,759 INFO     ___FILE_ONLY___ :
2024-11-27 18:45:43,759 INFO     ___FILE_ONLY___  
2024-11-27 18:45:43,759 INFO     ___FILE_ONLY___ roles/eventarc.serviceAgent
2024-11-27 18:45:43,759 INFO     ___FILE_ONLY___ 

2024-11-27 18:45:43,759 INFO     ___FILE_ONLY___ -
2024-11-27 18:45:43,760 INFO     ___FILE_ONLY___  
2024-11-27 18:45:43,760 INFO     ___FILE_ONLY___ members
2024-11-27 18:45:43,760 INFO     ___FILE_ONLY___ :
2024-11-27 18:45:43,760 INFO     ___FILE_ONLY___ 

2024-11-27 18:45:43,760 INFO     ___FILE_ONLY___   
2024-11-27 18:45:43,760 INFO     ___FILE_ONLY___ -
2024-11-27 18:45:43,760 INFO     ___FILE_ONLY___  
2024-11-27 18:45:43,760 INFO     ___FILE_ONLY___ serviceAccount:trigger-account@inspired-photon-441609-k7.iam.gserviceaccount.com
2024-11-27 18:45:43,760 INFO     ___FILE_ONLY___ 

2024-11-27 18:45:43,760 INFO     ___FILE_ONLY___   
2024-11-27 18:45:43,760 INFO     ___FILE_ONLY___ role
2024-11-27 18:45:43,761 INFO     ___FILE_ONLY___ :
2024-11-27 18:45:43,761 INFO     ___FILE_ONLY___  
2024-11-27 18:45:43,761 INFO     ___FILE_ONLY___ roles/iam.roleAdmin
2024-11-27 18:45:43,761 INFO     ___FILE_ONLY___ 

2024-11-27 18:45:43,761 INFO     ___FILE_ONLY___ -
2024-11-27 18:45:43,761 INFO     ___FILE_ONLY___  
2024-11-27 18:45:43,761 INFO     ___FILE_ONLY___ members
2024-11-27 18:45:43,761 INFO     ___FILE_ONLY___ :
2024-11-27 18:45:43,761 INFO     ___FILE_ONLY___ 

2024-11-27 18:45:43,761 INFO     ___FILE_ONLY___   
2024-11-27 18:45:43,761 INFO     ___FILE_ONLY___ -
2024-11-27 18:45:43,762 INFO     ___FILE_ONLY___  
2024-11-27 18:45:43,762 INFO     ___FILE_ONLY___ serviceAccount:644941739395@cloudbuild.gserviceaccount.com
2024-11-27 18:45:43,762 INFO     ___FILE_ONLY___ 

2024-11-27 18:45:43,762 INFO     ___FILE_ONLY___   
2024-11-27 18:45:43,762 INFO     ___FILE_ONLY___ -
2024-11-27 18:45:43,762 INFO     ___FILE_ONLY___  
2024-11-27 18:45:43,762 INFO     ___FILE_ONLY___ serviceAccount:vm-creater-account@inspired-photon-441609-k7.iam.gserviceaccount.com
2024-11-27 18:45:43,762 INFO     ___FILE_ONLY___ 

2024-11-27 18:45:43,762 INFO     ___FILE_ONLY___   
2024-11-27 18:45:43,762 INFO     ___FILE_ONLY___ role
2024-11-27 18:45:43,762 INFO     ___FILE_ONLY___ :
2024-11-27 18:45:43,763 INFO     ___FILE_ONLY___  
2024-11-27 18:45:43,763 INFO     ___FILE_ONLY___ roles/iam.serviceAccountUser
2024-11-27 18:45:43,763 INFO     ___FILE_ONLY___ 

2024-11-27 18:45:43,763 INFO     ___FILE_ONLY___ -
2024-11-27 18:45:43,763 INFO     ___FILE_ONLY___  
2024-11-27 18:45:43,763 INFO     ___FILE_ONLY___ members
2024-11-27 18:45:43,763 INFO     ___FILE_ONLY___ :
2024-11-27 18:45:43,763 INFO     ___FILE_ONLY___ 

2024-11-27 18:45:43,763 INFO     ___FILE_ONLY___   
2024-11-27 18:45:43,763 INFO     ___FILE_ONLY___ -
2024-11-27 18:45:43,763 INFO     ___FILE_ONLY___  
2024-11-27 18:45:43,763 INFO     ___FILE_ONLY___ user:das03285@gmail.com
2024-11-27 18:45:43,764 INFO     ___FILE_ONLY___ 

2024-11-27 18:45:43,764 INFO     ___FILE_ONLY___   
2024-11-27 18:45:43,764 INFO     ___FILE_ONLY___ role
2024-11-27 18:45:43,764 INFO     ___FILE_ONLY___ :
2024-11-27 18:45:43,764 INFO     ___FILE_ONLY___  
2024-11-27 18:45:43,764 INFO     ___FILE_ONLY___ roles/owner
2024-11-27 18:45:43,764 INFO     ___FILE_ONLY___ 

2024-11-27 18:45:43,764 INFO     ___FILE_ONLY___ -
2024-11-27 18:45:43,764 INFO     ___FILE_ONLY___  
2024-11-27 18:45:43,764 INFO     ___FILE_ONLY___ members
2024-11-27 18:45:43,764 INFO     ___FILE_ONLY___ :
2024-11-27 18:45:43,764 INFO     ___FILE_ONLY___ 

2024-11-27 18:45:43,765 INFO     ___FILE_ONLY___   
2024-11-27 18:45:43,765 INFO     ___FILE_ONLY___ -
2024-11-27 18:45:43,765 INFO     ___FILE_ONLY___  
2024-11-27 18:45:43,765 INFO     ___FILE_ONLY___ serviceAccount:service-644941739395@gcp-sa-pubsub.iam.gserviceaccount.com
2024-11-27 18:45:43,765 INFO     ___FILE_ONLY___ 

2024-11-27 18:45:43,765 INFO     ___FILE_ONLY___   
2024-11-27 18:45:43,765 INFO     ___FILE_ONLY___ role
2024-11-27 18:45:43,765 INFO     ___FILE_ONLY___ :
2024-11-27 18:45:43,765 INFO     ___FILE_ONLY___  
2024-11-27 18:45:43,765 INFO     ___FILE_ONLY___ roles/pubsub.serviceAgent
2024-11-27 18:45:43,765 INFO     ___FILE_ONLY___ 

2024-11-27 18:45:43,766 INFO     ___FILE_ONLY___ -
2024-11-27 18:45:43,766 INFO     ___FILE_ONLY___  
2024-11-27 18:45:43,766 INFO     ___FILE_ONLY___ members
2024-11-27 18:45:43,766 INFO     ___FILE_ONLY___ :
2024-11-27 18:45:43,766 INFO     ___FILE_ONLY___ 

2024-11-27 18:45:43,766 INFO     ___FILE_ONLY___   
2024-11-27 18:45:43,766 INFO     ___FILE_ONLY___ -
2024-11-27 18:45:43,766 INFO     ___FILE_ONLY___  
2024-11-27 18:45:43,766 INFO     ___FILE_ONLY___ serviceAccount:trigger-account@inspired-photon-441609-k7.iam.gserviceaccount.com
2024-11-27 18:45:43,766 INFO     ___FILE_ONLY___ 

2024-11-27 18:45:43,766 INFO     ___FILE_ONLY___   
2024-11-27 18:45:43,766 INFO     ___FILE_ONLY___ role
2024-11-27 18:45:43,767 INFO     ___FILE_ONLY___ :
2024-11-27 18:45:43,767 INFO     ___FILE_ONLY___  
2024-11-27 18:45:43,767 INFO     ___FILE_ONLY___ roles/resourcemanager.projectIamAdmin
2024-11-27 18:45:43,767 INFO     ___FILE_ONLY___ 

2024-11-27 18:45:43,767 INFO     ___FILE_ONLY___ -
2024-11-27 18:45:43,767 INFO     ___FILE_ONLY___  
2024-11-27 18:45:43,767 INFO     ___FILE_ONLY___ members
2024-11-27 18:45:43,767 INFO     ___FILE_ONLY___ :
2024-11-27 18:45:43,767 INFO     ___FILE_ONLY___ 

2024-11-27 18:45:43,767 INFO     ___FILE_ONLY___   
2024-11-27 18:45:43,767 INFO     ___FILE_ONLY___ -
2024-11-27 18:45:43,767 INFO     ___FILE_ONLY___  
2024-11-27 18:45:43,768 INFO     ___FILE_ONLY___ serviceAccount:service-644941739395@serverless-robot-prod.iam.gserviceaccount.com
2024-11-27 18:45:43,768 INFO     ___FILE_ONLY___ 

2024-11-27 18:45:43,768 INFO     ___FILE_ONLY___   
2024-11-27 18:45:43,768 INFO     ___FILE_ONLY___ role
2024-11-27 18:45:43,768 INFO     ___FILE_ONLY___ :
2024-11-27 18:45:43,768 INFO     ___FILE_ONLY___  
2024-11-27 18:45:43,768 INFO     ___FILE_ONLY___ roles/run.serviceAgent
2024-11-27 18:45:43,768 INFO     ___FILE_ONLY___ 

2024-11-27 18:45:43,768 INFO     ___FILE_ONLY___ etag
2024-11-27 18:45:43,768 INFO     ___FILE_ONLY___ :
2024-11-27 18:45:43,768 INFO     ___FILE_ONLY___  
2024-11-27 18:45:43,768 INFO     ___FILE_ONLY___ BwYn6V-FMpo=
2024-11-27 18:45:43,769 INFO     ___FILE_ONLY___ 

2024-11-27 18:45:43,769 INFO     ___FILE_ONLY___ version
2024-11-27 18:45:43,769 INFO     ___FILE_ONLY___ :
2024-11-27 18:45:43,769 INFO     ___FILE_ONLY___  
2024-11-27 18:45:43,769 INFO     ___FILE_ONLY___ 1
2024-11-27 18:45:43,769 INFO     ___FILE_ONLY___ 

2024-11-27 18:45:43,770 DEBUG    root            SDK update checks are disabled.
