2024-11-27 18:45:35,186 DEBUG    root            Loaded Command Group: ['gcloud', 'iam']
2024-11-27 18:45:35,207 DEBUG    root            Loaded Command Group: ['gcloud', 'iam', 'roles']
2024-11-27 18:45:35,282 DEBUG    root            Loaded Command Group: ['gcloud', 'iam', 'roles', 'create']
2024-11-27 18:45:35,286 DEBUG    root            Running [gcloud.iam.roles.create] with arguments: [--permissions: "storage.objects.get,storage.objects.create,storage.objects.list,storage.buckets.create,storage.buckets.get,pubsub.topics.create,pubsub.topics.publish,pubsub.subscriptions.create,pubsub.topics.get,cloudfunctions.functions.create,cloudfunctions.functions.invoke,cloudfunctions.functions.get,cloudfunctions.functions.generateUploadUrl,cloudfunctions.functions.call,cloudfunctions.functions.update,cloudfunctions.functions.list,cloudfunctions.operations.get,cloudbuild.builds.create,cloudbuild.builds.list,cloudbuild.builds.get,run.services.create,run.services.update,run.services.get,run.services.delete,serviceusage.services.enable,iam.serviceAccounts.actAs,artifactregistry.repositories.downloadArtifacts", --project: "inspired-photon-441609-k7", --title: "Custom role for needed services_18", ROLE_ID: "main_custom_role_18"]
2024-11-27 18:45:35,472 DEBUG    urllib3.connectionpool Starting new HTTPS connection (1): iam.googleapis.com:443
2024-11-27 18:45:35,906 DEBUG    urllib3.connectionpool https://iam.googleapis.com:443 "POST /v1/permissions:queryTestablePermissions?alt=json HTTP/1.1" 200 None
2024-11-27 18:45:35,980 DEBUG    urllib3.connectionpool Starting new HTTPS connection (1): iam.googleapis.com:443
2024-11-27 18:45:36,531 DEBUG    urllib3.connectionpool https://iam.googleapis.com:443 "POST /v1/permissions:queryTestablePermissions?alt=json HTTP/1.1" 200 None
2024-11-27 18:45:36,608 DEBUG    urllib3.connectionpool Starting new HTTPS connection (1): iam.googleapis.com:443
2024-11-27 18:45:37,295 DEBUG    urllib3.connectionpool https://iam.googleapis.com:443 "POST /v1/permissions:queryTestablePermissions?alt=json HTTP/1.1" 200 None
2024-11-27 18:45:37,369 DEBUG    urllib3.connectionpool Starting new HTTPS connection (1): iam.googleapis.com:443
2024-11-27 18:45:37,744 DEBUG    urllib3.connectionpool https://iam.googleapis.com:443 "POST /v1/permissions:queryTestablePermissions?alt=json HTTP/1.1" 200 None
2024-11-27 18:45:37,809 DEBUG    urllib3.connectionpool Starting new HTTPS connection (1): iam.googleapis.com:443
2024-11-27 18:45:38,181 DEBUG    urllib3.connectionpool https://iam.googleapis.com:443 "POST /v1/permissions:queryTestablePermissions?alt=json HTTP/1.1" 200 None
2024-11-27 18:45:38,251 DEBUG    urllib3.connectionpool Starting new HTTPS connection (1): iam.googleapis.com:443
2024-11-27 18:45:38,558 DEBUG    urllib3.connectionpool https://iam.googleapis.com:443 "POST /v1/permissions:queryTestablePermissions?alt=json HTTP/1.1" 200 None
2024-11-27 18:45:38,635 DEBUG    urllib3.connectionpool Starting new HTTPS connection (1): iam.googleapis.com:443
2024-11-27 18:45:39,087 DEBUG    urllib3.connectionpool https://iam.googleapis.com:443 "POST /v1/permissions:queryTestablePermissions?alt=json HTTP/1.1" 200 None
2024-11-27 18:45:39,155 DEBUG    urllib3.connectionpool Starting new HTTPS connection (1): iam.googleapis.com:443
2024-11-27 18:45:39,564 DEBUG    urllib3.connectionpool https://iam.googleapis.com:443 "POST /v1/permissions:queryTestablePermissions?alt=json HTTP/1.1" 200 None
2024-11-27 18:45:39,632 DEBUG    urllib3.connectionpool Starting new HTTPS connection (1): iam.googleapis.com:443
2024-11-27 18:45:39,932 DEBUG    urllib3.connectionpool https://iam.googleapis.com:443 "POST /v1/permissions:queryTestablePermissions?alt=json HTTP/1.1" 200 None
2024-11-27 18:45:40,008 DEBUG    urllib3.connectionpool Starting new HTTPS connection (1): iam.googleapis.com:443
2024-11-27 18:45:40,298 DEBUG    urllib3.connectionpool https://iam.googleapis.com:443 "POST /v1/permissions:queryTestablePermissions?alt=json HTTP/1.1" 200 None
2024-11-27 18:45:40,371 DEBUG    urllib3.connectionpool Starting new HTTPS connection (1): iam.googleapis.com:443
2024-11-27 18:45:40,744 DEBUG    urllib3.connectionpool https://iam.googleapis.com:443 "POST /v1/permissions:queryTestablePermissions?alt=json HTTP/1.1" 200 None
2024-11-27 18:45:40,762 DEBUG    urllib3.connectionpool Starting new HTTPS connection (1): iam.googleapis.com:443
2024-11-27 18:45:41,147 DEBUG    urllib3.connectionpool https://iam.googleapis.com:443 "POST /v1/projects/inspired-photon-441609-k7/roles?alt=json HTTP/1.1" 200 None
2024-11-27 18:45:41,150 INFO     ___FILE_ONLY___ Created role [main_custom_role_18].

2024-11-27 18:45:41,152 DEBUG    root            Chosen display Format:default
2024-11-27 18:45:41,153 INFO     root            Display format: "default"
2024-11-27 18:45:41,339 INFO     ___FILE_ONLY___ etag
2024-11-27 18:45:41,339 INFO     ___FILE_ONLY___ :
2024-11-27 18:45:41,339 INFO     ___FILE_ONLY___  
2024-11-27 18:45:41,339 INFO     ___FILE_ONLY___ BwYn6V9eH4w=
2024-11-27 18:45:41,339 INFO     ___FILE_ONLY___ 

2024-11-27 18:45:41,339 INFO     ___FILE_ONLY___ includedPermissions
2024-11-27 18:45:41,339 INFO     ___FILE_ONLY___ :
2024-11-27 18:45:41,340 INFO     ___FILE_ONLY___ 

2024-11-27 18:45:41,340 INFO     ___FILE_ONLY___ -
2024-11-27 18:45:41,340 INFO     ___FILE_ONLY___  
2024-11-27 18:45:41,340 INFO     ___FILE_ONLY___ artifactregistry.repositories.downloadArtifacts
2024-11-27 18:45:41,340 INFO     ___FILE_ONLY___ 

2024-11-27 18:45:41,340 INFO     ___FILE_ONLY___ -
2024-11-27 18:45:41,340 INFO     ___FILE_ONLY___  
2024-11-27 18:45:41,340 INFO     ___FILE_ONLY___ cloudbuild.builds.create
2024-11-27 18:45:41,341 INFO     ___FILE_ONLY___ 

2024-11-27 18:45:41,341 INFO     ___FILE_ONLY___ -
2024-11-27 18:45:41,341 INFO     ___FILE_ONLY___  
2024-11-27 18:45:41,341 INFO     ___FILE_ONLY___ cloudbuild.builds.get
2024-11-27 18:45:41,341 INFO     ___FILE_ONLY___ 

2024-11-27 18:45:41,341 INFO     ___FILE_ONLY___ -
2024-11-27 18:45:41,341 INFO     ___FILE_ONLY___  
2024-11-27 18:45:41,341 INFO     ___FILE_ONLY___ cloudbuild.builds.list
2024-11-27 18:45:41,341 INFO     ___FILE_ONLY___ 

2024-11-27 18:45:41,342 INFO     ___FILE_ONLY___ -
2024-11-27 18:45:41,342 INFO     ___FILE_ONLY___  
2024-11-27 18:45:41,342 INFO     ___FILE_ONLY___ cloudfunctions.functions.call
2024-11-27 18:45:41,342 INFO     ___FILE_ONLY___ 

2024-11-27 18:45:41,342 INFO     ___FILE_ONLY___ -
2024-11-27 18:45:41,342 INFO     ___FILE_ONLY___  
2024-11-27 18:45:41,342 INFO     ___FILE_ONLY___ cloudfunctions.functions.create
2024-11-27 18:45:41,342 INFO     ___FILE_ONLY___ 

2024-11-27 18:45:41,342 INFO     ___FILE_ONLY___ -
2024-11-27 18:45:41,342 INFO     ___FILE_ONLY___  
2024-11-27 18:45:41,343 INFO     ___FILE_ONLY___ cloudfunctions.functions.generateUploadUrl
2024-11-27 18:45:41,343 INFO     ___FILE_ONLY___ 

2024-11-27 18:45:41,343 INFO     ___FILE_ONLY___ -
2024-11-27 18:45:41,343 INFO     ___FILE_ONLY___  
2024-11-27 18:45:41,343 INFO     ___FILE_ONLY___ cloudfunctions.functions.get
2024-11-27 18:45:41,343 INFO     ___FILE_ONLY___ 

2024-11-27 18:45:41,343 INFO     ___FILE_ONLY___ -
2024-11-27 18:45:41,343 INFO     ___FILE_ONLY___  
2024-11-27 18:45:41,343 INFO     ___FILE_ONLY___ cloudfunctions.functions.invoke
2024-11-27 18:45:41,344 INFO     ___FILE_ONLY___ 

2024-11-27 18:45:41,344 INFO     ___FILE_ONLY___ -
2024-11-27 18:45:41,344 INFO     ___FILE_ONLY___  
2024-11-27 18:45:41,344 INFO     ___FILE_ONLY___ cloudfunctions.functions.list
2024-11-27 18:45:41,344 INFO     ___FILE_ONLY___ 

2024-11-27 18:45:41,344 INFO     ___FILE_ONLY___ -
2024-11-27 18:45:41,344 INFO     ___FILE_ONLY___  
2024-11-27 18:45:41,344 INFO     ___FILE_ONLY___ cloudfunctions.functions.update
2024-11-27 18:45:41,344 INFO     ___FILE_ONLY___ 

2024-11-27 18:45:41,344 INFO     ___FILE_ONLY___ -
2024-11-27 18:45:41,344 INFO     ___FILE_ONLY___  
2024-11-27 18:45:41,345 INFO     ___FILE_ONLY___ cloudfunctions.operations.get
2024-11-27 18:45:41,345 INFO     ___FILE_ONLY___ 

2024-11-27 18:45:41,345 INFO     ___FILE_ONLY___ -
2024-11-27 18:45:41,345 INFO     ___FILE_ONLY___  
2024-11-27 18:45:41,345 INFO     ___FILE_ONLY___ iam.serviceAccounts.actAs
2024-11-27 18:45:41,345 INFO     ___FILE_ONLY___ 

2024-11-27 18:45:41,345 INFO     ___FILE_ONLY___ -
2024-11-27 18:45:41,345 INFO     ___FILE_ONLY___  
2024-11-27 18:45:41,345 INFO     ___FILE_ONLY___ pubsub.subscriptions.create
2024-11-27 18:45:41,345 INFO     ___FILE_ONLY___ 

2024-11-27 18:45:41,345 INFO     ___FILE_ONLY___ -
2024-11-27 18:45:41,346 INFO     ___FILE_ONLY___  
2024-11-27 18:45:41,346 INFO     ___FILE_ONLY___ pubsub.topics.create
2024-11-27 18:45:41,346 INFO     ___FILE_ONLY___ 

2024-11-27 18:45:41,346 INFO     ___FILE_ONLY___ -
2024-11-27 18:45:41,346 INFO     ___FILE_ONLY___  
2024-11-27 18:45:41,346 INFO     ___FILE_ONLY___ pubsub.topics.get
2024-11-27 18:45:41,346 INFO     ___FILE_ONLY___ 

2024-11-27 18:45:41,346 INFO     ___FILE_ONLY___ -
2024-11-27 18:45:41,346 INFO     ___FILE_ONLY___  
2024-11-27 18:45:41,346 INFO     ___FILE_ONLY___ pubsub.topics.publish
2024-11-27 18:45:41,346 INFO     ___FILE_ONLY___ 

2024-11-27 18:45:41,346 INFO     ___FILE_ONLY___ -
2024-11-27 18:45:41,346 INFO     ___FILE_ONLY___  
2024-11-27 18:45:41,347 INFO     ___FILE_ONLY___ run.services.create
2024-11-27 18:45:41,347 INFO     ___FILE_ONLY___ 

2024-11-27 18:45:41,347 INFO     ___FILE_ONLY___ -
2024-11-27 18:45:41,347 INFO     ___FILE_ONLY___  
2024-11-27 18:45:41,347 INFO     ___FILE_ONLY___ run.services.delete
2024-11-27 18:45:41,347 INFO     ___FILE_ONLY___ 

2024-11-27 18:45:41,347 INFO     ___FILE_ONLY___ -
2024-11-27 18:45:41,347 INFO     ___FILE_ONLY___  
2024-11-27 18:45:41,347 INFO     ___FILE_ONLY___ run.services.get
2024-11-27 18:45:41,347 INFO     ___FILE_ONLY___ 

2024-11-27 18:45:41,347 INFO     ___FILE_ONLY___ -
2024-11-27 18:45:41,347 INFO     ___FILE_ONLY___  
2024-11-27 18:45:41,348 INFO     ___FILE_ONLY___ run.services.update
2024-11-27 18:45:41,348 INFO     ___FILE_ONLY___ 

2024-11-27 18:45:41,348 INFO     ___FILE_ONLY___ -
2024-11-27 18:45:41,348 INFO     ___FILE_ONLY___  
2024-11-27 18:45:41,348 INFO     ___FILE_ONLY___ serviceusage.services.enable
2024-11-27 18:45:41,348 INFO     ___FILE_ONLY___ 

2024-11-27 18:45:41,348 INFO     ___FILE_ONLY___ -
2024-11-27 18:45:41,348 INFO     ___FILE_ONLY___  
2024-11-27 18:45:41,348 INFO     ___FILE_ONLY___ storage.buckets.create
2024-11-27 18:45:41,348 INFO     ___FILE_ONLY___ 

2024-11-27 18:45:41,348 INFO     ___FILE_ONLY___ -
2024-11-27 18:45:41,349 INFO     ___FILE_ONLY___  
2024-11-27 18:45:41,349 INFO     ___FILE_ONLY___ storage.buckets.get
2024-11-27 18:45:41,349 INFO     ___FILE_ONLY___ 

2024-11-27 18:45:41,349 INFO     ___FILE_ONLY___ -
2024-11-27 18:45:41,349 INFO     ___FILE_ONLY___  
2024-11-27 18:45:41,349 INFO     ___FILE_ONLY___ storage.objects.create
2024-11-27 18:45:41,349 INFO     ___FILE_ONLY___ 

2024-11-27 18:45:41,349 INFO     ___FILE_ONLY___ -
2024-11-27 18:45:41,349 INFO     ___FILE_ONLY___  
2024-11-27 18:45:41,349 INFO     ___FILE_ONLY___ storage.objects.get
2024-11-27 18:45:41,349 INFO     ___FILE_ONLY___ 

2024-11-27 18:45:41,349 INFO     ___FILE_ONLY___ -
2024-11-27 18:45:41,349 INFO     ___FILE_ONLY___  
2024-11-27 18:45:41,350 INFO     ___FILE_ONLY___ storage.objects.list
2024-11-27 18:45:41,350 INFO     ___FILE_ONLY___ 

2024-11-27 18:45:41,350 INFO     ___FILE_ONLY___ name
2024-11-27 18:45:41,350 INFO     ___FILE_ONLY___ :
2024-11-27 18:45:41,350 INFO     ___FILE_ONLY___  
2024-11-27 18:45:41,350 INFO     ___FILE_ONLY___ projects/inspired-photon-441609-k7/roles/main_custom_role_18
2024-11-27 18:45:41,350 INFO     ___FILE_ONLY___ 

2024-11-27 18:45:41,350 INFO     ___FILE_ONLY___ stage
2024-11-27 18:45:41,351 INFO     ___FILE_ONLY___ :
2024-11-27 18:45:41,351 INFO     ___FILE_ONLY___  
2024-11-27 18:45:41,351 INFO     ___FILE_ONLY___ ALPHA
2024-11-27 18:45:41,351 INFO     ___FILE_ONLY___ 

2024-11-27 18:45:41,351 INFO     ___FILE_ONLY___ title
2024-11-27 18:45:41,351 INFO     ___FILE_ONLY___ :
2024-11-27 18:45:41,351 INFO     ___FILE_ONLY___  
2024-11-27 18:45:41,351 INFO     ___FILE_ONLY___ Custom
2024-11-27 18:45:41,351 INFO     ___FILE_ONLY___  
2024-11-27 18:45:41,351 INFO     ___FILE_ONLY___ role
2024-11-27 18:45:41,352 INFO     ___FILE_ONLY___  
2024-11-27 18:45:41,352 INFO     ___FILE_ONLY___ for
2024-11-27 18:45:41,352 INFO     ___FILE_ONLY___  
2024-11-27 18:45:41,352 INFO     ___FILE_ONLY___ needed
2024-11-27 18:45:41,352 INFO     ___FILE_ONLY___  
2024-11-27 18:45:41,352 INFO     ___FILE_ONLY___ services_18
2024-11-27 18:45:41,352 INFO     ___FILE_ONLY___ 

2024-11-27 18:45:41,352 DEBUG    root            SDK update checks are disabled.
