2024-11-27 18:45:47,447 DEBUG    root            Loaded Command Group: ['gcloud', 'projects']
2024-11-27 18:45:47,484 DEBUG    root            Loaded Command Group: ['gcloud', 'projects', 'add_iam_policy_binding']
2024-11-27 18:45:47,497 DEBUG    root            Running [gcloud.projects.add-iam-policy-binding] with arguments: [--member: "serviceAccount:service-644941739395@gcp-sa-eventarc.iam.gserviceaccount.com", --role: "roles/eventarc.serviceAgent", PROJECT_ID: "inspired-photon-441609-k7"]
2024-11-27 18:45:47,662 DEBUG    urllib3.connectionpool Starting new HTTPS connection (1): cloudresourcemanager.googleapis.com:443
2024-11-27 18:45:47,835 DEBUG    urllib3.connectionpool https://cloudresourcemanager.googleapis.com:443 "POST /v1/projects/inspired-photon-441609-k7:getIamPolicy?alt=json HTTP/1.1" 200 None
2024-11-27 18:45:47,980 DEBUG    urllib3.connectionpool Starting new HTTPS connection (1): cloudresourcemanager.googleapis.com:443
2024-11-27 18:45:48,515 DEBUG    urllib3.connectionpool https://cloudresourcemanager.googleapis.com:443 "POST /v1/projects/inspired-photon-441609-k7:setIamPolicy?alt=json HTTP/1.1" 200 None
2024-11-27 18:45:48,519 INFO     ___FILE_ONLY___ Updated IAM policy for project [inspired-photon-441609-k7].

2024-11-27 18:45:48,520 DEBUG    root            Chosen display Format:default
2024-11-27 18:45:48,521 INFO     root            Display format: "default"
2024-11-27 18:45:48,546 INFO     ___FILE_ONLY___ bindings
2024-11-27 18:45:48,546 INFO     ___FILE_ONLY___ :
2024-11-27 18:45:48,546 INFO     ___FILE_ONLY___ 

2024-11-27 18:45:48,546 INFO     ___FILE_ONLY___ -
2024-11-27 18:45:48,546 INFO     ___FILE_ONLY___  
2024-11-27 18:45:48,547 INFO     ___FILE_ONLY___ members
2024-11-27 18:45:48,547 INFO     ___FILE_ONLY___ :
2024-11-27 18:45:48,547 INFO     ___FILE_ONLY___ 

2024-11-27 18:45:48,547 INFO     ___FILE_ONLY___   
2024-11-27 18:45:48,547 INFO     ___FILE_ONLY___ -
2024-11-27 18:45:48,547 INFO     ___FILE_ONLY___  
2024-11-27 18:45:48,548 INFO     ___FILE_ONLY___ serviceAccount:trigger-account@inspired-photon-441609-k7.iam.gserviceaccount.com
2024-11-27 18:45:48,548 INFO     ___FILE_ONLY___ 

2024-11-27 18:45:48,548 INFO     ___FILE_ONLY___   
2024-11-27 18:45:48,548 INFO     ___FILE_ONLY___ role
2024-11-27 18:45:48,548 INFO     ___FILE_ONLY___ :
2024-11-27 18:45:48,548 INFO     ___FILE_ONLY___  
2024-11-27 18:45:48,548 INFO     ___FILE_ONLY___ projects/inspired-photon-441609-k7/roles/main_custom_role_18
2024-11-27 18:45:48,549 INFO     ___FILE_ONLY___ 

2024-11-27 18:45:48,549 INFO     ___FILE_ONLY___ -
2024-11-27 18:45:48,549 INFO     ___FILE_ONLY___  
2024-11-27 18:45:48,549 INFO     ___FILE_ONLY___ members
2024-11-27 18:45:48,549 INFO     ___FILE_ONLY___ :
2024-11-27 18:45:48,550 INFO     ___FILE_ONLY___ 

2024-11-27 18:45:48,550 INFO     ___FILE_ONLY___   
2024-11-27 18:45:48,550 INFO     ___FILE_ONLY___ -
2024-11-27 18:45:48,550 INFO     ___FILE_ONLY___  
2024-11-27 18:45:48,550 INFO     ___FILE_ONLY___ serviceAccount:service-644941739395@gcp-sa-artifactregistry.iam.gserviceaccount.com
2024-11-27 18:45:48,550 INFO     ___FILE_ONLY___ 

2024-11-27 18:45:48,550 INFO     ___FILE_ONLY___   
2024-11-27 18:45:48,550 INFO     ___FILE_ONLY___ role
2024-11-27 18:45:48,550 INFO     ___FILE_ONLY___ :
2024-11-27 18:45:48,551 INFO     ___FILE_ONLY___  
2024-11-27 18:45:48,551 INFO     ___FILE_ONLY___ roles/artifactregistry.serviceAgent
2024-11-27 18:45:48,551 INFO     ___FILE_ONLY___ 

2024-11-27 18:45:48,551 INFO     ___FILE_ONLY___ -
2024-11-27 18:45:48,551 INFO     ___FILE_ONLY___  
2024-11-27 18:45:48,551 INFO     ___FILE_ONLY___ members
2024-11-27 18:45:48,551 INFO     ___FILE_ONLY___ :
2024-11-27 18:45:48,551 INFO     ___FILE_ONLY___ 

2024-11-27 18:45:48,551 INFO     ___FILE_ONLY___   
2024-11-27 18:45:48,551 INFO     ___FILE_ONLY___ -
2024-11-27 18:45:48,551 INFO     ___FILE_ONLY___  
2024-11-27 18:45:48,552 INFO     ___FILE_ONLY___ serviceAccount:644941739395@cloudbuild.gserviceaccount.com
2024-11-27 18:45:48,552 INFO     ___FILE_ONLY___ 

2024-11-27 18:45:48,552 INFO     ___FILE_ONLY___   
2024-11-27 18:45:48,552 INFO     ___FILE_ONLY___ role
2024-11-27 18:45:48,552 INFO     ___FILE_ONLY___ :
2024-11-27 18:45:48,552 INFO     ___FILE_ONLY___  
2024-11-27 18:45:48,553 INFO     ___FILE_ONLY___ roles/cloudbuild.builds.builder
2024-11-27 18:45:48,553 INFO     ___FILE_ONLY___ 

2024-11-27 18:45:48,553 INFO     ___FILE_ONLY___ -
2024-11-27 18:45:48,553 INFO     ___FILE_ONLY___  
2024-11-27 18:45:48,553 INFO     ___FILE_ONLY___ members
2024-11-27 18:45:48,553 INFO     ___FILE_ONLY___ :
2024-11-27 18:45:48,553 INFO     ___FILE_ONLY___ 

2024-11-27 18:45:48,553 INFO     ___FILE_ONLY___   
2024-11-27 18:45:48,553 INFO     ___FILE_ONLY___ -
2024-11-27 18:45:48,553 INFO     ___FILE_ONLY___  
2024-11-27 18:45:48,554 INFO     ___FILE_ONLY___ serviceAccount:service-644941739395@gcp-sa-cloudbuild.iam.gserviceaccount.com
2024-11-27 18:45:48,554 INFO     ___FILE_ONLY___ 

2024-11-27 18:45:48,554 INFO     ___FILE_ONLY___   
2024-11-27 18:45:48,554 INFO     ___FILE_ONLY___ role
2024-11-27 18:45:48,554 INFO     ___FILE_ONLY___ :
2024-11-27 18:45:48,554 INFO     ___FILE_ONLY___  
2024-11-27 18:45:48,554 INFO     ___FILE_ONLY___ roles/cloudbuild.serviceAgent
2024-11-27 18:45:48,554 INFO     ___FILE_ONLY___ 

2024-11-27 18:45:48,554 INFO     ___FILE_ONLY___ -
2024-11-27 18:45:48,554 INFO     ___FILE_ONLY___  
2024-11-27 18:45:48,554 INFO     ___FILE_ONLY___ members
2024-11-27 18:45:48,555 INFO     ___FILE_ONLY___ :
2024-11-27 18:45:48,555 INFO     ___FILE_ONLY___ 

2024-11-27 18:45:48,555 INFO     ___FILE_ONLY___   
2024-11-27 18:45:48,555 INFO     ___FILE_ONLY___ -
2024-11-27 18:45:48,555 INFO     ___FILE_ONLY___  
2024-11-27 18:45:48,555 INFO     ___FILE_ONLY___ serviceAccount:644941739395@cloudbuild.gserviceaccount.com
2024-11-27 18:45:48,555 INFO     ___FILE_ONLY___ 

2024-11-27 18:45:48,555 INFO     ___FILE_ONLY___   
2024-11-27 18:45:48,555 INFO     ___FILE_ONLY___ role
2024-11-27 18:45:48,555 INFO     ___FILE_ONLY___ :
2024-11-27 18:45:48,555 INFO     ___FILE_ONLY___  
2024-11-27 18:45:48,556 INFO     ___FILE_ONLY___ roles/cloudfunctions.developer
2024-11-27 18:45:48,556 INFO     ___FILE_ONLY___ 

2024-11-27 18:45:48,556 INFO     ___FILE_ONLY___ -
2024-11-27 18:45:48,556 INFO     ___FILE_ONLY___  
2024-11-27 18:45:48,556 INFO     ___FILE_ONLY___ members
2024-11-27 18:45:48,556 INFO     ___FILE_ONLY___ :
2024-11-27 18:45:48,556 INFO     ___FILE_ONLY___ 

2024-11-27 18:45:48,556 INFO     ___FILE_ONLY___   
2024-11-27 18:45:48,556 INFO     ___FILE_ONLY___ -
2024-11-27 18:45:48,556 INFO     ___FILE_ONLY___  
2024-11-27 18:45:48,556 INFO     ___FILE_ONLY___ serviceAccount:service-644941739395@gcf-admin-robot.iam.gserviceaccount.com
2024-11-27 18:45:48,557 INFO     ___FILE_ONLY___ 

2024-11-27 18:45:48,557 INFO     ___FILE_ONLY___   
2024-11-27 18:45:48,557 INFO     ___FILE_ONLY___ role
2024-11-27 18:45:48,557 INFO     ___FILE_ONLY___ :
2024-11-27 18:45:48,557 INFO     ___FILE_ONLY___  
2024-11-27 18:45:48,557 INFO     ___FILE_ONLY___ roles/cloudfunctions.serviceAgent
2024-11-27 18:45:48,557 INFO     ___FILE_ONLY___ 

2024-11-27 18:45:48,557 INFO     ___FILE_ONLY___ -
2024-11-27 18:45:48,557 INFO     ___FILE_ONLY___  
2024-11-27 18:45:48,557 INFO     ___FILE_ONLY___ members
2024-11-27 18:45:48,557 INFO     ___FILE_ONLY___ :
2024-11-27 18:45:48,557 INFO     ___FILE_ONLY___ 

2024-11-27 18:45:48,558 INFO     ___FILE_ONLY___   
2024-11-27 18:45:48,558 INFO     ___FILE_ONLY___ -
2024-11-27 18:45:48,558 INFO     ___FILE_ONLY___  
2024-11-27 18:45:48,558 INFO     ___FILE_ONLY___ serviceAccount:vm-creater-account@inspired-photon-441609-k7.iam.gserviceaccount.com
2024-11-27 18:45:48,558 INFO     ___FILE_ONLY___ 

2024-11-27 18:45:48,558 INFO     ___FILE_ONLY___   
2024-11-27 18:45:48,558 INFO     ___FILE_ONLY___ role
2024-11-27 18:45:48,558 INFO     ___FILE_ONLY___ :
2024-11-27 18:45:48,558 INFO     ___FILE_ONLY___  
2024-11-27 18:45:48,558 INFO     ___FILE_ONLY___ roles/compute.instanceAdmin.v1
2024-11-27 18:45:48,559 INFO     ___FILE_ONLY___ 

2024-11-27 18:45:48,559 INFO     ___FILE_ONLY___ -
2024-11-27 18:45:48,559 INFO     ___FILE_ONLY___  
2024-11-27 18:45:48,559 INFO     ___FILE_ONLY___ members
2024-11-27 18:45:48,559 INFO     ___FILE_ONLY___ :
2024-11-27 18:45:48,559 INFO     ___FILE_ONLY___ 

2024-11-27 18:45:48,559 INFO     ___FILE_ONLY___   
2024-11-27 18:45:48,559 INFO     ___FILE_ONLY___ -
2024-11-27 18:45:48,559 INFO     ___FILE_ONLY___  
2024-11-27 18:45:48,559 INFO     ___FILE_ONLY___ serviceAccount:vm-creater-account@inspired-photon-441609-k7.iam.gserviceaccount.com
2024-11-27 18:45:48,559 INFO     ___FILE_ONLY___ 

2024-11-27 18:45:48,559 INFO     ___FILE_ONLY___   
2024-11-27 18:45:48,560 INFO     ___FILE_ONLY___ role
2024-11-27 18:45:48,560 INFO     ___FILE_ONLY___ :
2024-11-27 18:45:48,560 INFO     ___FILE_ONLY___  
2024-11-27 18:45:48,560 INFO     ___FILE_ONLY___ roles/compute.networkUser
2024-11-27 18:45:48,560 INFO     ___FILE_ONLY___ 

2024-11-27 18:45:48,560 INFO     ___FILE_ONLY___ -
2024-11-27 18:45:48,560 INFO     ___FILE_ONLY___  
2024-11-27 18:45:48,560 INFO     ___FILE_ONLY___ members
2024-11-27 18:45:48,560 INFO     ___FILE_ONLY___ :
2024-11-27 18:45:48,560 INFO     ___FILE_ONLY___ 

2024-11-27 18:45:48,560 INFO     ___FILE_ONLY___   
2024-11-27 18:45:48,560 INFO     ___FILE_ONLY___ -
2024-11-27 18:45:48,561 INFO     ___FILE_ONLY___  
2024-11-27 18:45:48,561 INFO     ___FILE_ONLY___ serviceAccount:service-644941739395@compute-system.iam.gserviceaccount.com
2024-11-27 18:45:48,561 INFO     ___FILE_ONLY___ 

2024-11-27 18:45:48,561 INFO     ___FILE_ONLY___   
2024-11-27 18:45:48,562 INFO     ___FILE_ONLY___ role
2024-11-27 18:45:48,562 INFO     ___FILE_ONLY___ :
2024-11-27 18:45:48,562 INFO     ___FILE_ONLY___  
2024-11-27 18:45:48,562 INFO     ___FILE_ONLY___ roles/compute.serviceAgent
2024-11-27 18:45:48,562 INFO     ___FILE_ONLY___ 

2024-11-27 18:45:48,562 INFO     ___FILE_ONLY___ -
2024-11-27 18:45:48,562 INFO     ___FILE_ONLY___  
2024-11-27 18:45:48,562 INFO     ___FILE_ONLY___ members
2024-11-27 18:45:48,562 INFO     ___FILE_ONLY___ :
2024-11-27 18:45:48,562 INFO     ___FILE_ONLY___ 

2024-11-27 18:45:48,562 INFO     ___FILE_ONLY___   
2024-11-27 18:45:48,563 INFO     ___FILE_ONLY___ -
2024-11-27 18:45:48,563 INFO     ___FILE_ONLY___  
2024-11-27 18:45:48,563 INFO     ___FILE_ONLY___ serviceAccount:service-644941739395@containerregistry.iam.gserviceaccount.com
2024-11-27 18:45:48,563 INFO     ___FILE_ONLY___ 

2024-11-27 18:45:48,563 INFO     ___FILE_ONLY___   
2024-11-27 18:45:48,563 INFO     ___FILE_ONLY___ role
2024-11-27 18:45:48,563 INFO     ___FILE_ONLY___ :
2024-11-27 18:45:48,563 INFO     ___FILE_ONLY___  
2024-11-27 18:45:48,563 INFO     ___FILE_ONLY___ roles/containerregistry.ServiceAgent
2024-11-27 18:45:48,564 INFO     ___FILE_ONLY___ 

2024-11-27 18:45:48,564 INFO     ___FILE_ONLY___ -
2024-11-27 18:45:48,564 INFO     ___FILE_ONLY___  
2024-11-27 18:45:48,564 INFO     ___FILE_ONLY___ members
2024-11-27 18:45:48,564 INFO     ___FILE_ONLY___ :
2024-11-27 18:45:48,564 INFO     ___FILE_ONLY___ 

2024-11-27 18:45:48,565 INFO     ___FILE_ONLY___   
2024-11-27 18:45:48,565 INFO     ___FILE_ONLY___ -
2024-11-27 18:45:48,565 INFO     ___FILE_ONLY___  
2024-11-27 18:45:48,565 INFO     ___FILE_ONLY___ serviceAccount:644941739395-compute@developer.gserviceaccount.com
2024-11-27 18:45:48,565 INFO     ___FILE_ONLY___ 

2024-11-27 18:45:48,565 INFO     ___FILE_ONLY___   
2024-11-27 18:45:48,565 INFO     ___FILE_ONLY___ -
2024-11-27 18:45:48,565 INFO     ___FILE_ONLY___  
2024-11-27 18:45:48,565 INFO     ___FILE_ONLY___ serviceAccount:644941739395@cloudservices.gserviceaccount.com
2024-11-27 18:45:48,565 INFO     ___FILE_ONLY___ 

2024-11-27 18:45:48,565 INFO     ___FILE_ONLY___   
2024-11-27 18:45:48,566 INFO     ___FILE_ONLY___ -
2024-11-27 18:45:48,566 INFO     ___FILE_ONLY___  
2024-11-27 18:45:48,566 INFO     ___FILE_ONLY___ serviceAccount:inspired-photon-441609-k7@appspot.gserviceaccount.com
2024-11-27 18:45:48,566 INFO     ___FILE_ONLY___ 

2024-11-27 18:45:48,566 INFO     ___FILE_ONLY___   
2024-11-27 18:45:48,566 INFO     ___FILE_ONLY___ -
2024-11-27 18:45:48,566 INFO     ___FILE_ONLY___  
2024-11-27 18:45:48,566 INFO     ___FILE_ONLY___ serviceAccount:vm-creater-account@inspired-photon-441609-k7.iam.gserviceaccount.com
2024-11-27 18:45:48,566 INFO     ___FILE_ONLY___ 

2024-11-27 18:45:48,566 INFO     ___FILE_ONLY___   
2024-11-27 18:45:48,566 INFO     ___FILE_ONLY___ role
2024-11-27 18:45:48,567 INFO     ___FILE_ONLY___ :
2024-11-27 18:45:48,567 INFO     ___FILE_ONLY___  
2024-11-27 18:45:48,567 INFO     ___FILE_ONLY___ roles/editor
2024-11-27 18:45:48,567 INFO     ___FILE_ONLY___ 

2024-11-27 18:45:48,567 INFO     ___FILE_ONLY___ -
2024-11-27 18:45:48,567 INFO     ___FILE_ONLY___  
2024-11-27 18:45:48,567 INFO     ___FILE_ONLY___ members
2024-11-27 18:45:48,567 INFO     ___FILE_ONLY___ :
2024-11-27 18:45:48,567 INFO     ___FILE_ONLY___ 

2024-11-27 18:45:48,567 INFO     ___FILE_ONLY___   
2024-11-27 18:45:48,567 INFO     ___FILE_ONLY___ -
2024-11-27 18:45:48,567 INFO     ___FILE_ONLY___  
2024-11-27 18:45:48,568 INFO     ___FILE_ONLY___ serviceAccount:service-644941739395@gcp-sa-eventarc.iam.gserviceaccount.com
2024-11-27 18:45:48,568 INFO     ___FILE_ONLY___ 

2024-11-27 18:45:48,568 INFO     ___FILE_ONLY___   
2024-11-27 18:45:48,568 INFO     ___FILE_ONLY___ role
2024-11-27 18:45:48,568 INFO     ___FILE_ONLY___ :
2024-11-27 18:45:48,568 INFO     ___FILE_ONLY___  
2024-11-27 18:45:48,568 INFO     ___FILE_ONLY___ roles/eventarc.serviceAgent
2024-11-27 18:45:48,568 INFO     ___FILE_ONLY___ 

2024-11-27 18:45:48,568 INFO     ___FILE_ONLY___ -
2024-11-27 18:45:48,568 INFO     ___FILE_ONLY___  
2024-11-27 18:45:48,568 INFO     ___FILE_ONLY___ members
2024-11-27 18:45:48,568 INFO     ___FILE_ONLY___ :
2024-11-27 18:45:48,569 INFO     ___FILE_ONLY___ 

2024-11-27 18:45:48,569 INFO     ___FILE_ONLY___   
2024-11-27 18:45:48,569 INFO     ___FILE_ONLY___ -
2024-11-27 18:45:48,569 INFO     ___FILE_ONLY___  
2024-11-27 18:45:48,569 INFO     ___FILE_ONLY___ serviceAccount:trigger-account@inspired-photon-441609-k7.iam.gserviceaccount.com
2024-11-27 18:45:48,569 INFO     ___FILE_ONLY___ 

2024-11-27 18:45:48,569 INFO     ___FILE_ONLY___   
2024-11-27 18:45:48,569 INFO     ___FILE_ONLY___ role
2024-11-27 18:45:48,569 INFO     ___FILE_ONLY___ :
2024-11-27 18:45:48,569 INFO     ___FILE_ONLY___  
2024-11-27 18:45:48,569 INFO     ___FILE_ONLY___ roles/iam.roleAdmin
2024-11-27 18:45:48,569 INFO     ___FILE_ONLY___ 

2024-11-27 18:45:48,570 INFO     ___FILE_ONLY___ -
2024-11-27 18:45:48,570 INFO     ___FILE_ONLY___  
2024-11-27 18:45:48,570 INFO     ___FILE_ONLY___ members
2024-11-27 18:45:48,570 INFO     ___FILE_ONLY___ :
2024-11-27 18:45:48,570 INFO     ___FILE_ONLY___ 

2024-11-27 18:45:48,570 INFO     ___FILE_ONLY___   
2024-11-27 18:45:48,570 INFO     ___FILE_ONLY___ -
2024-11-27 18:45:48,570 INFO     ___FILE_ONLY___  
2024-11-27 18:45:48,571 INFO     ___FILE_ONLY___ serviceAccount:644941739395@cloudbuild.gserviceaccount.com
2024-11-27 18:45:48,571 INFO     ___FILE_ONLY___ 

2024-11-27 18:45:48,571 INFO     ___FILE_ONLY___   
2024-11-27 18:45:48,571 INFO     ___FILE_ONLY___ -
2024-11-27 18:45:48,571 INFO     ___FILE_ONLY___  
2024-11-27 18:45:48,572 INFO     ___FILE_ONLY___ serviceAccount:vm-creater-account@inspired-photon-441609-k7.iam.gserviceaccount.com
2024-11-27 18:45:48,572 INFO     ___FILE_ONLY___ 

2024-11-27 18:45:48,572 INFO     ___FILE_ONLY___   
2024-11-27 18:45:48,572 INFO     ___FILE_ONLY___ role
2024-11-27 18:45:48,572 INFO     ___FILE_ONLY___ :
2024-11-27 18:45:48,572 INFO     ___FILE_ONLY___  
2024-11-27 18:45:48,572 INFO     ___FILE_ONLY___ roles/iam.serviceAccountUser
2024-11-27 18:45:48,573 INFO     ___FILE_ONLY___ 

2024-11-27 18:45:48,573 INFO     ___FILE_ONLY___ -
2024-11-27 18:45:48,573 INFO     ___FILE_ONLY___  
2024-11-27 18:45:48,573 INFO     ___FILE_ONLY___ members
2024-11-27 18:45:48,573 INFO     ___FILE_ONLY___ :
2024-11-27 18:45:48,573 INFO     ___FILE_ONLY___ 

2024-11-27 18:45:48,573 INFO     ___FILE_ONLY___   
2024-11-27 18:45:48,573 INFO     ___FILE_ONLY___ -
2024-11-27 18:45:48,573 INFO     ___FILE_ONLY___  
2024-11-27 18:45:48,573 INFO     ___FILE_ONLY___ user:das03285@gmail.com
2024-11-27 18:45:48,573 INFO     ___FILE_ONLY___ 

2024-11-27 18:45:48,573 INFO     ___FILE_ONLY___   
2024-11-27 18:45:48,574 INFO     ___FILE_ONLY___ role
2024-11-27 18:45:48,574 INFO     ___FILE_ONLY___ :
2024-11-27 18:45:48,574 INFO     ___FILE_ONLY___  
2024-11-27 18:45:48,574 INFO     ___FILE_ONLY___ roles/owner
2024-11-27 18:45:48,574 INFO     ___FILE_ONLY___ 

2024-11-27 18:45:48,574 INFO     ___FILE_ONLY___ -
2024-11-27 18:45:48,574 INFO     ___FILE_ONLY___  
2024-11-27 18:45:48,574 INFO     ___FILE_ONLY___ members
2024-11-27 18:45:48,574 INFO     ___FILE_ONLY___ :
2024-11-27 18:45:48,574 INFO     ___FILE_ONLY___ 

2024-11-27 18:45:48,574 INFO     ___FILE_ONLY___   
2024-11-27 18:45:48,575 INFO     ___FILE_ONLY___ -
2024-11-27 18:45:48,575 INFO     ___FILE_ONLY___  
2024-11-27 18:45:48,575 INFO     ___FILE_ONLY___ serviceAccount:service-644941739395@gcp-sa-pubsub.iam.gserviceaccount.com
2024-11-27 18:45:48,575 INFO     ___FILE_ONLY___ 

2024-11-27 18:45:48,575 INFO     ___FILE_ONLY___   
2024-11-27 18:45:48,575 INFO     ___FILE_ONLY___ role
2024-11-27 18:45:48,575 INFO     ___FILE_ONLY___ :
2024-11-27 18:45:48,575 INFO     ___FILE_ONLY___  
2024-11-27 18:45:48,575 INFO     ___FILE_ONLY___ roles/pubsub.serviceAgent
2024-11-27 18:45:48,575 INFO     ___FILE_ONLY___ 

2024-11-27 18:45:48,575 INFO     ___FILE_ONLY___ -
2024-11-27 18:45:48,576 INFO     ___FILE_ONLY___  
2024-11-27 18:45:48,576 INFO     ___FILE_ONLY___ members
2024-11-27 18:45:48,576 INFO     ___FILE_ONLY___ :
2024-11-27 18:45:48,576 INFO     ___FILE_ONLY___ 

2024-11-27 18:45:48,576 INFO     ___FILE_ONLY___   
2024-11-27 18:45:48,576 INFO     ___FILE_ONLY___ -
2024-11-27 18:45:48,576 INFO     ___FILE_ONLY___  
2024-11-27 18:45:48,576 INFO     ___FILE_ONLY___ serviceAccount:trigger-account@inspired-photon-441609-k7.iam.gserviceaccount.com
2024-11-27 18:45:48,576 INFO     ___FILE_ONLY___ 

2024-11-27 18:45:48,576 INFO     ___FILE_ONLY___   
2024-11-27 18:45:48,576 INFO     ___FILE_ONLY___ role
2024-11-27 18:45:48,576 INFO     ___FILE_ONLY___ :
2024-11-27 18:45:48,577 INFO     ___FILE_ONLY___  
2024-11-27 18:45:48,577 INFO     ___FILE_ONLY___ roles/resourcemanager.projectIamAdmin
2024-11-27 18:45:48,577 INFO     ___FILE_ONLY___ 

2024-11-27 18:45:48,577 INFO     ___FILE_ONLY___ -
2024-11-27 18:45:48,577 INFO     ___FILE_ONLY___  
2024-11-27 18:45:48,577 INFO     ___FILE_ONLY___ members
2024-11-27 18:45:48,577 INFO     ___FILE_ONLY___ :
2024-11-27 18:45:48,578 INFO     ___FILE_ONLY___ 

2024-11-27 18:45:48,578 INFO     ___FILE_ONLY___   
2024-11-27 18:45:48,578 INFO     ___FILE_ONLY___ -
2024-11-27 18:45:48,578 INFO     ___FILE_ONLY___  
2024-11-27 18:45:48,578 INFO     ___FILE_ONLY___ serviceAccount:service-644941739395@serverless-robot-prod.iam.gserviceaccount.com
2024-11-27 18:45:48,578 INFO     ___FILE_ONLY___ 

2024-11-27 18:45:48,578 INFO     ___FILE_ONLY___   
2024-11-27 18:45:48,578 INFO     ___FILE_ONLY___ role
2024-11-27 18:45:48,579 INFO     ___FILE_ONLY___ :
2024-11-27 18:45:48,579 INFO     ___FILE_ONLY___  
2024-11-27 18:45:48,579 INFO     ___FILE_ONLY___ roles/run.serviceAgent
2024-11-27 18:45:48,579 INFO     ___FILE_ONLY___ 

2024-11-27 18:45:48,579 INFO     ___FILE_ONLY___ etag
2024-11-27 18:45:48,579 INFO     ___FILE_ONLY___ :
2024-11-27 18:45:48,579 INFO     ___FILE_ONLY___  
2024-11-27 18:45:48,579 INFO     ___FILE_ONLY___ BwYn6V_Oj8w=
2024-11-27 18:45:48,579 INFO     ___FILE_ONLY___ 

2024-11-27 18:45:48,579 INFO     ___FILE_ONLY___ version
2024-11-27 18:45:48,580 INFO     ___FILE_ONLY___ :
2024-11-27 18:45:48,580 INFO     ___FILE_ONLY___  
2024-11-27 18:45:48,580 INFO     ___FILE_ONLY___ 1
2024-11-27 18:45:48,580 INFO     ___FILE_ONLY___ 

2024-11-27 18:45:48,580 DEBUG    root            SDK update checks are disabled.
