2024-11-27 18:51:36,409 DEBUG    root            Loaded Command Group: ['gcloud', 'projects']
2024-11-27 18:51:36,569 DEBUG    root            Loaded Command Group: ['gcloud', 'projects', 'add_iam_policy_binding']
2024-11-27 18:51:36,602 DEBUG    root            Running [gcloud.projects.add-iam-policy-binding] with arguments: [--member: "serviceAccount:service-644941739395@gcp-sa-eventarc.iam.gserviceaccount.com", --role: "roles/eventarc.serviceAgent", PROJECT_ID: "inspired-photon-441609-k7"]
2024-11-27 18:51:36,764 DEBUG    urllib3.connectionpool Starting new HTTPS connection (1): cloudresourcemanager.googleapis.com:443
2024-11-27 18:51:36,946 DEBUG    urllib3.connectionpool https://cloudresourcemanager.googleapis.com:443 "POST /v1/projects/inspired-photon-441609-k7:getIamPolicy?alt=json HTTP/1.1" 200 None
2024-11-27 18:51:37,091 DEBUG    urllib3.connectionpool Starting new HTTPS connection (1): cloudresourcemanager.googleapis.com:443
2024-11-27 18:51:37,675 DEBUG    urllib3.connectionpool https://cloudresourcemanager.googleapis.com:443 "POST /v1/projects/inspired-photon-441609-k7:setIamPolicy?alt=json HTTP/1.1" 200 None
2024-11-27 18:51:37,679 INFO     ___FILE_ONLY___ Updated IAM policy for project [inspired-photon-441609-k7].

2024-11-27 18:51:37,680 DEBUG    root            Chosen display Format:default
2024-11-27 18:51:37,681 INFO     root            Display format: "default"
2024-11-27 18:51:37,703 INFO     ___FILE_ONLY___ bindings
2024-11-27 18:51:37,704 INFO     ___FILE_ONLY___ :
2024-11-27 18:51:37,704 INFO     ___FILE_ONLY___ 

2024-11-27 18:51:37,704 INFO     ___FILE_ONLY___ -
2024-11-27 18:51:37,704 INFO     ___FILE_ONLY___  
2024-11-27 18:51:37,704 INFO     ___FILE_ONLY___ members
2024-11-27 18:51:37,704 INFO     ___FILE_ONLY___ :
2024-11-27 18:51:37,704 INFO     ___FILE_ONLY___ 

2024-11-27 18:51:37,704 INFO     ___FILE_ONLY___   
2024-11-27 18:51:37,705 INFO     ___FILE_ONLY___ -
2024-11-27 18:51:37,705 INFO     ___FILE_ONLY___  
2024-11-27 18:51:37,705 INFO     ___FILE_ONLY___ serviceAccount:trigger-account@inspired-photon-441609-k7.iam.gserviceaccount.com
2024-11-27 18:51:37,705 INFO     ___FILE_ONLY___ 

2024-11-27 18:51:37,705 INFO     ___FILE_ONLY___   
2024-11-27 18:51:37,705 INFO     ___FILE_ONLY___ role
2024-11-27 18:51:37,705 INFO     ___FILE_ONLY___ :
2024-11-27 18:51:37,705 INFO     ___FILE_ONLY___  
2024-11-27 18:51:37,705 INFO     ___FILE_ONLY___ projects/inspired-photon-441609-k7/roles/main_custom_role_18
2024-11-27 18:51:37,706 INFO     ___FILE_ONLY___ 

2024-11-27 18:51:37,706 INFO     ___FILE_ONLY___ -
2024-11-27 18:51:37,706 INFO     ___FILE_ONLY___  
2024-11-27 18:51:37,706 INFO     ___FILE_ONLY___ members
2024-11-27 18:51:37,706 INFO     ___FILE_ONLY___ :
2024-11-27 18:51:37,706 INFO     ___FILE_ONLY___ 

2024-11-27 18:51:37,706 INFO     ___FILE_ONLY___   
2024-11-27 18:51:37,706 INFO     ___FILE_ONLY___ -
2024-11-27 18:51:37,707 INFO     ___FILE_ONLY___  
2024-11-27 18:51:37,707 INFO     ___FILE_ONLY___ serviceAccount:service-644941739395@gcp-sa-artifactregistry.iam.gserviceaccount.com
2024-11-27 18:51:37,707 INFO     ___FILE_ONLY___ 

2024-11-27 18:51:37,707 INFO     ___FILE_ONLY___   
2024-11-27 18:51:37,707 INFO     ___FILE_ONLY___ role
2024-11-27 18:51:37,707 INFO     ___FILE_ONLY___ :
2024-11-27 18:51:37,707 INFO     ___FILE_ONLY___  
2024-11-27 18:51:37,707 INFO     ___FILE_ONLY___ roles/artifactregistry.serviceAgent
2024-11-27 18:51:37,707 INFO     ___FILE_ONLY___ 

2024-11-27 18:51:37,707 INFO     ___FILE_ONLY___ -
2024-11-27 18:51:37,707 INFO     ___FILE_ONLY___  
2024-11-27 18:51:37,708 INFO     ___FILE_ONLY___ members
2024-11-27 18:51:37,708 INFO     ___FILE_ONLY___ :
2024-11-27 18:51:37,708 INFO     ___FILE_ONLY___ 

2024-11-27 18:51:37,708 INFO     ___FILE_ONLY___   
2024-11-27 18:51:37,708 INFO     ___FILE_ONLY___ -
2024-11-27 18:51:37,708 INFO     ___FILE_ONLY___  
2024-11-27 18:51:37,708 INFO     ___FILE_ONLY___ serviceAccount:644941739395@cloudbuild.gserviceaccount.com
2024-11-27 18:51:37,708 INFO     ___FILE_ONLY___ 

2024-11-27 18:51:37,708 INFO     ___FILE_ONLY___   
2024-11-27 18:51:37,708 INFO     ___FILE_ONLY___ role
2024-11-27 18:51:37,709 INFO     ___FILE_ONLY___ :
2024-11-27 18:51:37,709 INFO     ___FILE_ONLY___  
2024-11-27 18:51:37,709 INFO     ___FILE_ONLY___ roles/cloudbuild.builds.builder
2024-11-27 18:51:37,709 INFO     ___FILE_ONLY___ 

2024-11-27 18:51:37,709 INFO     ___FILE_ONLY___ -
2024-11-27 18:51:37,709 INFO     ___FILE_ONLY___  
2024-11-27 18:51:37,709 INFO     ___FILE_ONLY___ members
2024-11-27 18:51:37,709 INFO     ___FILE_ONLY___ :
2024-11-27 18:51:37,709 INFO     ___FILE_ONLY___ 

2024-11-27 18:51:37,709 INFO     ___FILE_ONLY___   
2024-11-27 18:51:37,709 INFO     ___FILE_ONLY___ -
2024-11-27 18:51:37,710 INFO     ___FILE_ONLY___  
2024-11-27 18:51:37,710 INFO     ___FILE_ONLY___ serviceAccount:service-644941739395@gcp-sa-cloudbuild.iam.gserviceaccount.com
2024-11-27 18:51:37,710 INFO     ___FILE_ONLY___ 

2024-11-27 18:51:37,710 INFO     ___FILE_ONLY___   
2024-11-27 18:51:37,710 INFO     ___FILE_ONLY___ role
2024-11-27 18:51:37,710 INFO     ___FILE_ONLY___ :
2024-11-27 18:51:37,710 INFO     ___FILE_ONLY___  
2024-11-27 18:51:37,710 INFO     ___FILE_ONLY___ roles/cloudbuild.serviceAgent
2024-11-27 18:51:37,710 INFO     ___FILE_ONLY___ 

2024-11-27 18:51:37,710 INFO     ___FILE_ONLY___ -
2024-11-27 18:51:37,710 INFO     ___FILE_ONLY___  
2024-11-27 18:51:37,711 INFO     ___FILE_ONLY___ members
2024-11-27 18:51:37,711 INFO     ___FILE_ONLY___ :
2024-11-27 18:51:37,711 INFO     ___FILE_ONLY___ 

2024-11-27 18:51:37,711 INFO     ___FILE_ONLY___   
2024-11-27 18:51:37,711 INFO     ___FILE_ONLY___ -
2024-11-27 18:51:37,711 INFO     ___FILE_ONLY___  
2024-11-27 18:51:37,711 INFO     ___FILE_ONLY___ serviceAccount:644941739395@cloudbuild.gserviceaccount.com
2024-11-27 18:51:37,711 INFO     ___FILE_ONLY___ 

2024-11-27 18:51:37,711 INFO     ___FILE_ONLY___   
2024-11-27 18:51:37,711 INFO     ___FILE_ONLY___ role
2024-11-27 18:51:37,711 INFO     ___FILE_ONLY___ :
2024-11-27 18:51:37,711 INFO     ___FILE_ONLY___  
2024-11-27 18:51:37,711 INFO     ___FILE_ONLY___ roles/cloudfunctions.developer
2024-11-27 18:51:37,712 INFO     ___FILE_ONLY___ 

2024-11-27 18:51:37,712 INFO     ___FILE_ONLY___ -
2024-11-27 18:51:37,712 INFO     ___FILE_ONLY___  
2024-11-27 18:51:37,712 INFO     ___FILE_ONLY___ members
2024-11-27 18:51:37,712 INFO     ___FILE_ONLY___ :
2024-11-27 18:51:37,712 INFO     ___FILE_ONLY___ 

2024-11-27 18:51:37,712 INFO     ___FILE_ONLY___   
2024-11-27 18:51:37,712 INFO     ___FILE_ONLY___ -
2024-11-27 18:51:37,712 INFO     ___FILE_ONLY___  
2024-11-27 18:51:37,712 INFO     ___FILE_ONLY___ serviceAccount:service-644941739395@gcf-admin-robot.iam.gserviceaccount.com
2024-11-27 18:51:37,712 INFO     ___FILE_ONLY___ 

2024-11-27 18:51:37,712 INFO     ___FILE_ONLY___   
2024-11-27 18:51:37,713 INFO     ___FILE_ONLY___ role
2024-11-27 18:51:37,713 INFO     ___FILE_ONLY___ :
2024-11-27 18:51:37,713 INFO     ___FILE_ONLY___  
2024-11-27 18:51:37,713 INFO     ___FILE_ONLY___ roles/cloudfunctions.serviceAgent
2024-11-27 18:51:37,713 INFO     ___FILE_ONLY___ 

2024-11-27 18:51:37,713 INFO     ___FILE_ONLY___ -
2024-11-27 18:51:37,713 INFO     ___FILE_ONLY___  
2024-11-27 18:51:37,713 INFO     ___FILE_ONLY___ members
2024-11-27 18:51:37,713 INFO     ___FILE_ONLY___ :
2024-11-27 18:51:37,713 INFO     ___FILE_ONLY___ 

2024-11-27 18:51:37,713 INFO     ___FILE_ONLY___   
2024-11-27 18:51:37,714 INFO     ___FILE_ONLY___ -
2024-11-27 18:51:37,714 INFO     ___FILE_ONLY___  
2024-11-27 18:51:37,714 INFO     ___FILE_ONLY___ serviceAccount:vm-creater-account@inspired-photon-441609-k7.iam.gserviceaccount.com
2024-11-27 18:51:37,714 INFO     ___FILE_ONLY___ 

2024-11-27 18:51:37,714 INFO     ___FILE_ONLY___   
2024-11-27 18:51:37,714 INFO     ___FILE_ONLY___ role
2024-11-27 18:51:37,714 INFO     ___FILE_ONLY___ :
2024-11-27 18:51:37,714 INFO     ___FILE_ONLY___  
2024-11-27 18:51:37,714 INFO     ___FILE_ONLY___ roles/compute.instanceAdmin.v1
2024-11-27 18:51:37,714 INFO     ___FILE_ONLY___ 

2024-11-27 18:51:37,714 INFO     ___FILE_ONLY___ -
2024-11-27 18:51:37,715 INFO     ___FILE_ONLY___  
2024-11-27 18:51:37,715 INFO     ___FILE_ONLY___ members
2024-11-27 18:51:37,715 INFO     ___FILE_ONLY___ :
2024-11-27 18:51:37,715 INFO     ___FILE_ONLY___ 

2024-11-27 18:51:37,715 INFO     ___FILE_ONLY___   
2024-11-27 18:51:37,715 INFO     ___FILE_ONLY___ -
2024-11-27 18:51:37,715 INFO     ___FILE_ONLY___  
2024-11-27 18:51:37,715 INFO     ___FILE_ONLY___ serviceAccount:vm-creater-account@inspired-photon-441609-k7.iam.gserviceaccount.com
2024-11-27 18:51:37,715 INFO     ___FILE_ONLY___ 

2024-11-27 18:51:37,715 INFO     ___FILE_ONLY___   
2024-11-27 18:51:37,715 INFO     ___FILE_ONLY___ role
2024-11-27 18:51:37,716 INFO     ___FILE_ONLY___ :
2024-11-27 18:51:37,716 INFO     ___FILE_ONLY___  
2024-11-27 18:51:37,716 INFO     ___FILE_ONLY___ roles/compute.networkUser
2024-11-27 18:51:37,716 INFO     ___FILE_ONLY___ 

2024-11-27 18:51:37,716 INFO     ___FILE_ONLY___ -
2024-11-27 18:51:37,716 INFO     ___FILE_ONLY___  
2024-11-27 18:51:37,716 INFO     ___FILE_ONLY___ members
2024-11-27 18:51:37,716 INFO     ___FILE_ONLY___ :
2024-11-27 18:51:37,716 INFO     ___FILE_ONLY___ 

2024-11-27 18:51:37,716 INFO     ___FILE_ONLY___   
2024-11-27 18:51:37,716 INFO     ___FILE_ONLY___ -
2024-11-27 18:51:37,716 INFO     ___FILE_ONLY___  
2024-11-27 18:51:37,716 INFO     ___FILE_ONLY___ serviceAccount:service-644941739395@compute-system.iam.gserviceaccount.com
2024-11-27 18:51:37,717 INFO     ___FILE_ONLY___ 

2024-11-27 18:51:37,717 INFO     ___FILE_ONLY___   
2024-11-27 18:51:37,717 INFO     ___FILE_ONLY___ role
2024-11-27 18:51:37,717 INFO     ___FILE_ONLY___ :
2024-11-27 18:51:37,717 INFO     ___FILE_ONLY___  
2024-11-27 18:51:37,717 INFO     ___FILE_ONLY___ roles/compute.serviceAgent
2024-11-27 18:51:37,717 INFO     ___FILE_ONLY___ 

2024-11-27 18:51:37,717 INFO     ___FILE_ONLY___ -
2024-11-27 18:51:37,717 INFO     ___FILE_ONLY___  
2024-11-27 18:51:37,717 INFO     ___FILE_ONLY___ members
2024-11-27 18:51:37,717 INFO     ___FILE_ONLY___ :
2024-11-27 18:51:37,717 INFO     ___FILE_ONLY___ 

2024-11-27 18:51:37,718 INFO     ___FILE_ONLY___   
2024-11-27 18:51:37,718 INFO     ___FILE_ONLY___ -
2024-11-27 18:51:37,718 INFO     ___FILE_ONLY___  
2024-11-27 18:51:37,718 INFO     ___FILE_ONLY___ serviceAccount:service-644941739395@containerregistry.iam.gserviceaccount.com
2024-11-27 18:51:37,718 INFO     ___FILE_ONLY___ 

2024-11-27 18:51:37,718 INFO     ___FILE_ONLY___   
2024-11-27 18:51:37,718 INFO     ___FILE_ONLY___ role
2024-11-27 18:51:37,718 INFO     ___FILE_ONLY___ :
2024-11-27 18:51:37,718 INFO     ___FILE_ONLY___  
2024-11-27 18:51:37,718 INFO     ___FILE_ONLY___ roles/containerregistry.ServiceAgent
2024-11-27 18:51:37,718 INFO     ___FILE_ONLY___ 

2024-11-27 18:51:37,719 INFO     ___FILE_ONLY___ -
2024-11-27 18:51:37,719 INFO     ___FILE_ONLY___  
2024-11-27 18:51:37,719 INFO     ___FILE_ONLY___ members
2024-11-27 18:51:37,719 INFO     ___FILE_ONLY___ :
2024-11-27 18:51:37,719 INFO     ___FILE_ONLY___ 

2024-11-27 18:51:37,719 INFO     ___FILE_ONLY___   
2024-11-27 18:51:37,719 INFO     ___FILE_ONLY___ -
2024-11-27 18:51:37,719 INFO     ___FILE_ONLY___  
2024-11-27 18:51:37,719 INFO     ___FILE_ONLY___ serviceAccount:644941739395-compute@developer.gserviceaccount.com
2024-11-27 18:51:37,719 INFO     ___FILE_ONLY___ 

2024-11-27 18:51:37,719 INFO     ___FILE_ONLY___   
2024-11-27 18:51:37,719 INFO     ___FILE_ONLY___ -
2024-11-27 18:51:37,720 INFO     ___FILE_ONLY___  
2024-11-27 18:51:37,720 INFO     ___FILE_ONLY___ serviceAccount:644941739395@cloudservices.gserviceaccount.com
2024-11-27 18:51:37,720 INFO     ___FILE_ONLY___ 

2024-11-27 18:51:37,720 INFO     ___FILE_ONLY___   
2024-11-27 18:51:37,720 INFO     ___FILE_ONLY___ -
2024-11-27 18:51:37,720 INFO     ___FILE_ONLY___  
2024-11-27 18:51:37,720 INFO     ___FILE_ONLY___ serviceAccount:inspired-photon-441609-k7@appspot.gserviceaccount.com
2024-11-27 18:51:37,720 INFO     ___FILE_ONLY___ 

2024-11-27 18:51:37,720 INFO     ___FILE_ONLY___   
2024-11-27 18:51:37,720 INFO     ___FILE_ONLY___ -
2024-11-27 18:51:37,720 INFO     ___FILE_ONLY___  
2024-11-27 18:51:37,720 INFO     ___FILE_ONLY___ serviceAccount:vm-creater-account@inspired-photon-441609-k7.iam.gserviceaccount.com
2024-11-27 18:51:37,721 INFO     ___FILE_ONLY___ 

2024-11-27 18:51:37,721 INFO     ___FILE_ONLY___   
2024-11-27 18:51:37,721 INFO     ___FILE_ONLY___ role
2024-11-27 18:51:37,721 INFO     ___FILE_ONLY___ :
2024-11-27 18:51:37,721 INFO     ___FILE_ONLY___  
2024-11-27 18:51:37,721 INFO     ___FILE_ONLY___ roles/editor
2024-11-27 18:51:37,721 INFO     ___FILE_ONLY___ 

2024-11-27 18:51:37,721 INFO     ___FILE_ONLY___ -
2024-11-27 18:51:37,721 INFO     ___FILE_ONLY___  
2024-11-27 18:51:37,721 INFO     ___FILE_ONLY___ members
2024-11-27 18:51:37,721 INFO     ___FILE_ONLY___ :
2024-11-27 18:51:37,721 INFO     ___FILE_ONLY___ 

2024-11-27 18:51:37,721 INFO     ___FILE_ONLY___   
2024-11-27 18:51:37,722 INFO     ___FILE_ONLY___ -
2024-11-27 18:51:37,722 INFO     ___FILE_ONLY___  
2024-11-27 18:51:37,722 INFO     ___FILE_ONLY___ serviceAccount:service-644941739395@gcp-sa-eventarc.iam.gserviceaccount.com
2024-11-27 18:51:37,722 INFO     ___FILE_ONLY___ 

2024-11-27 18:51:37,722 INFO     ___FILE_ONLY___   
2024-11-27 18:51:37,722 INFO     ___FILE_ONLY___ role
2024-11-27 18:51:37,722 INFO     ___FILE_ONLY___ :
2024-11-27 18:51:37,722 INFO     ___FILE_ONLY___  
2024-11-27 18:51:37,722 INFO     ___FILE_ONLY___ roles/eventarc.serviceAgent
2024-11-27 18:51:37,722 INFO     ___FILE_ONLY___ 

2024-11-27 18:51:37,722 INFO     ___FILE_ONLY___ -
2024-11-27 18:51:37,723 INFO     ___FILE_ONLY___  
2024-11-27 18:51:37,723 INFO     ___FILE_ONLY___ members
2024-11-27 18:51:37,723 INFO     ___FILE_ONLY___ :
2024-11-27 18:51:37,723 INFO     ___FILE_ONLY___ 

2024-11-27 18:51:37,723 INFO     ___FILE_ONLY___   
2024-11-27 18:51:37,723 INFO     ___FILE_ONLY___ -
2024-11-27 18:51:37,723 INFO     ___FILE_ONLY___  
2024-11-27 18:51:37,723 INFO     ___FILE_ONLY___ serviceAccount:trigger-account@inspired-photon-441609-k7.iam.gserviceaccount.com
2024-11-27 18:51:37,723 INFO     ___FILE_ONLY___ 

2024-11-27 18:51:37,723 INFO     ___FILE_ONLY___   
2024-11-27 18:51:37,723 INFO     ___FILE_ONLY___ role
2024-11-27 18:51:37,723 INFO     ___FILE_ONLY___ :
2024-11-27 18:51:37,724 INFO     ___FILE_ONLY___  
2024-11-27 18:51:37,724 INFO     ___FILE_ONLY___ roles/iam.roleAdmin
2024-11-27 18:51:37,724 INFO     ___FILE_ONLY___ 

2024-11-27 18:51:37,724 INFO     ___FILE_ONLY___ -
2024-11-27 18:51:37,724 INFO     ___FILE_ONLY___  
2024-11-27 18:51:37,724 INFO     ___FILE_ONLY___ members
2024-11-27 18:51:37,724 INFO     ___FILE_ONLY___ :
2024-11-27 18:51:37,724 INFO     ___FILE_ONLY___ 

2024-11-27 18:51:37,724 INFO     ___FILE_ONLY___   
2024-11-27 18:51:37,724 INFO     ___FILE_ONLY___ -
2024-11-27 18:51:37,724 INFO     ___FILE_ONLY___  
2024-11-27 18:51:37,724 INFO     ___FILE_ONLY___ serviceAccount:644941739395@cloudbuild.gserviceaccount.com
2024-11-27 18:51:37,724 INFO     ___FILE_ONLY___ 

2024-11-27 18:51:37,725 INFO     ___FILE_ONLY___   
2024-11-27 18:51:37,725 INFO     ___FILE_ONLY___ -
2024-11-27 18:51:37,725 INFO     ___FILE_ONLY___  
2024-11-27 18:51:37,725 INFO     ___FILE_ONLY___ serviceAccount:vm-creater-account@inspired-photon-441609-k7.iam.gserviceaccount.com
2024-11-27 18:51:37,725 INFO     ___FILE_ONLY___ 

2024-11-27 18:51:37,725 INFO     ___FILE_ONLY___   
2024-11-27 18:51:37,725 INFO     ___FILE_ONLY___ role
2024-11-27 18:51:37,725 INFO     ___FILE_ONLY___ :
2024-11-27 18:51:37,725 INFO     ___FILE_ONLY___  
2024-11-27 18:51:37,725 INFO     ___FILE_ONLY___ roles/iam.serviceAccountUser
2024-11-27 18:51:37,725 INFO     ___FILE_ONLY___ 

2024-11-27 18:51:37,726 INFO     ___FILE_ONLY___ -
2024-11-27 18:51:37,726 INFO     ___FILE_ONLY___  
2024-11-27 18:51:37,726 INFO     ___FILE_ONLY___ members
2024-11-27 18:51:37,726 INFO     ___FILE_ONLY___ :
2024-11-27 18:51:37,726 INFO     ___FILE_ONLY___ 

2024-11-27 18:51:37,726 INFO     ___FILE_ONLY___   
2024-11-27 18:51:37,726 INFO     ___FILE_ONLY___ -
2024-11-27 18:51:37,726 INFO     ___FILE_ONLY___  
2024-11-27 18:51:37,726 INFO     ___FILE_ONLY___ user:das03285@gmail.com
2024-11-27 18:51:37,726 INFO     ___FILE_ONLY___ 

2024-11-27 18:51:37,726 INFO     ___FILE_ONLY___   
2024-11-27 18:51:37,726 INFO     ___FILE_ONLY___ role
2024-11-27 18:51:37,727 INFO     ___FILE_ONLY___ :
2024-11-27 18:51:37,727 INFO     ___FILE_ONLY___  
2024-11-27 18:51:37,727 INFO     ___FILE_ONLY___ roles/owner
2024-11-27 18:51:37,727 INFO     ___FILE_ONLY___ 

2024-11-27 18:51:37,727 INFO     ___FILE_ONLY___ -
2024-11-27 18:51:37,727 INFO     ___FILE_ONLY___  
2024-11-27 18:51:37,727 INFO     ___FILE_ONLY___ members
2024-11-27 18:51:37,727 INFO     ___FILE_ONLY___ :
2024-11-27 18:51:37,727 INFO     ___FILE_ONLY___ 

2024-11-27 18:51:37,727 INFO     ___FILE_ONLY___   
2024-11-27 18:51:37,727 INFO     ___FILE_ONLY___ -
2024-11-27 18:51:37,727 INFO     ___FILE_ONLY___  
2024-11-27 18:51:37,727 INFO     ___FILE_ONLY___ serviceAccount:service-644941739395@gcp-sa-pubsub.iam.gserviceaccount.com
2024-11-27 18:51:37,728 INFO     ___FILE_ONLY___ 

2024-11-27 18:51:37,728 INFO     ___FILE_ONLY___   
2024-11-27 18:51:37,728 INFO     ___FILE_ONLY___ role
2024-11-27 18:51:37,728 INFO     ___FILE_ONLY___ :
2024-11-27 18:51:37,728 INFO     ___FILE_ONLY___  
2024-11-27 18:51:37,728 INFO     ___FILE_ONLY___ roles/pubsub.serviceAgent
2024-11-27 18:51:37,728 INFO     ___FILE_ONLY___ 

2024-11-27 18:51:37,728 INFO     ___FILE_ONLY___ -
2024-11-27 18:51:37,728 INFO     ___FILE_ONLY___  
2024-11-27 18:51:37,728 INFO     ___FILE_ONLY___ members
2024-11-27 18:51:37,728 INFO     ___FILE_ONLY___ :
2024-11-27 18:51:37,728 INFO     ___FILE_ONLY___ 

2024-11-27 18:51:37,729 INFO     ___FILE_ONLY___   
2024-11-27 18:51:37,729 INFO     ___FILE_ONLY___ -
2024-11-27 18:51:37,729 INFO     ___FILE_ONLY___  
2024-11-27 18:51:37,729 INFO     ___FILE_ONLY___ serviceAccount:trigger-account@inspired-photon-441609-k7.iam.gserviceaccount.com
2024-11-27 18:51:37,729 INFO     ___FILE_ONLY___ 

2024-11-27 18:51:37,729 INFO     ___FILE_ONLY___   
2024-11-27 18:51:37,729 INFO     ___FILE_ONLY___ role
2024-11-27 18:51:37,729 INFO     ___FILE_ONLY___ :
2024-11-27 18:51:37,729 INFO     ___FILE_ONLY___  
2024-11-27 18:51:37,729 INFO     ___FILE_ONLY___ roles/resourcemanager.projectIamAdmin
2024-11-27 18:51:37,729 INFO     ___FILE_ONLY___ 

2024-11-27 18:51:37,729 INFO     ___FILE_ONLY___ -
2024-11-27 18:51:37,730 INFO     ___FILE_ONLY___  
2024-11-27 18:51:37,730 INFO     ___FILE_ONLY___ members
2024-11-27 18:51:37,730 INFO     ___FILE_ONLY___ :
2024-11-27 18:51:37,730 INFO     ___FILE_ONLY___ 

2024-11-27 18:51:37,730 INFO     ___FILE_ONLY___   
2024-11-27 18:51:37,730 INFO     ___FILE_ONLY___ -
2024-11-27 18:51:37,730 INFO     ___FILE_ONLY___  
2024-11-27 18:51:37,730 INFO     ___FILE_ONLY___ serviceAccount:service-644941739395@serverless-robot-prod.iam.gserviceaccount.com
2024-11-27 18:51:37,730 INFO     ___FILE_ONLY___ 

2024-11-27 18:51:37,730 INFO     ___FILE_ONLY___   
2024-11-27 18:51:37,730 INFO     ___FILE_ONLY___ role
2024-11-27 18:51:37,731 INFO     ___FILE_ONLY___ :
2024-11-27 18:51:37,731 INFO     ___FILE_ONLY___  
2024-11-27 18:51:37,731 INFO     ___FILE_ONLY___ roles/run.serviceAgent
2024-11-27 18:51:37,731 INFO     ___FILE_ONLY___ 

2024-11-27 18:51:37,731 INFO     ___FILE_ONLY___ etag
2024-11-27 18:51:37,731 INFO     ___FILE_ONLY___ :
2024-11-27 18:51:37,731 INFO     ___FILE_ONLY___  
2024-11-27 18:51:37,731 INFO     ___FILE_ONLY___ BwYn6XSeNqc=
2024-11-27 18:51:37,731 INFO     ___FILE_ONLY___ 

2024-11-27 18:51:37,731 INFO     ___FILE_ONLY___ version
2024-11-27 18:51:37,731 INFO     ___FILE_ONLY___ :
2024-11-27 18:51:37,732 INFO     ___FILE_ONLY___  
2024-11-27 18:51:37,732 INFO     ___FILE_ONLY___ 1
2024-11-27 18:51:37,732 INFO     ___FILE_ONLY___ 

2024-11-27 18:51:37,732 DEBUG    root            SDK update checks are disabled.
