2024-11-27 19:07:33,178 DEBUG    root            Loaded Command Group: ['gcloud', 'functions']
2024-11-27 19:07:33,780 DEBUG    root            Loaded Command Group: ['gcloud', 'functions', 'deploy']
2024-11-27 19:07:33,824 DEBUG    root            Running [gcloud.functions.deploy] with arguments: [--entry-point: "gcs_trigger", --runtime: "python312", --set-env-vars: "OrderedDict([('PROJECT_ID', 'inspired-photon-441609-k7'), ('TOPIC_ID', 'gcs-trigger-topic'), ('SENDGRID_API_KEY', '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')])", --source: ".", --timeout: "300", --trigger-event: "google.storage.object.finalize", --trigger-resource: "main-bucket-5505", NAME: "gcs-to-pubsub"]
2024-11-27 19:07:33,990 DEBUG    urllib3.connectionpool Starting new HTTPS connection (1): cloudfunctions.googleapis.com:443
2024-11-27 19:07:34,226 DEBUG    urllib3.connectionpool https://cloudfunctions.googleapis.com:443 "GET /v2/projects/inspired-photon-441609-k7/locations/us-central1/functions/gcs-to-pubsub?alt=json HTTP/1.1" 200 None
2024-11-27 19:07:34,360 DEBUG    urllib3.connectionpool Starting new HTTPS connection (1): cloudfunctions.googleapis.com:443
2024-11-27 19:07:34,561 DEBUG    urllib3.connectionpool https://cloudfunctions.googleapis.com:443 "GET /v2/projects/inspired-photon-441609-k7/locations/us-central1/functions/gcs-to-pubsub?alt=json HTTP/1.1" 200 None
2024-11-27 19:07:34,567 DEBUG    urllib3.connectionpool Starting new HTTPS connection (1): cloudfunctions.googleapis.com:443
2024-11-27 19:07:34,659 DEBUG    urllib3.connectionpool https://cloudfunctions.googleapis.com:443 "GET /v2/projects/inspired-photon-441609-k7/locations/us-central1/runtimes?alt=json HTTP/1.1" 200 None
2024-11-27 19:07:34,688 INFO     root            Not using ignore file.
2024-11-27 19:07:53,894 DEBUG    urllib3.connectionpool Starting new HTTPS connection (1): cloudfunctions.googleapis.com:443
2024-11-27 19:07:54,066 DEBUG    urllib3.connectionpool https://cloudfunctions.googleapis.com:443 "POST /v2/projects/inspired-photon-441609-k7/locations/us-central1/functions:generateUploadUrl?alt=json HTTP/1.1" 200 None
2024-11-27 19:07:54,155 DEBUG    urllib3.connectionpool Starting new HTTPS connection (1): storage.googleapis.com:443
2024-11-27 19:07:54,782 DEBUG    urllib3.connectionpool https://storage.googleapis.com:443 "PUT /gcf-v2-uploads-644941739395.us-central1.cloudfunctions.appspot.com/13613d5d-55c1-406a-a05d-d7599c124e8e.zip?GoogleAccessId=service-644941739395%40gcf-admin-robot.iam.gserviceaccount.com&Expires=1732736274&Signature=UW2fL9kEvq2Wt6a8RbBT0TJLFVRSQD3k6udb39FfGkiD1v99DN8oTlgb3nXepM4vmwGXLStubhsjIF%2FJV4SgaGecX1ZfLsDiygcwxeYrl63ijdej2DXlJxzOud4hWQsernq8qNdfGc8TGHFo6ORCzPeGg8z3UU%2BUBdy6tcwkZWL8iR9x%2FS30lKtWzYuX%2B88A1MPAeMmZscAxqt%2BnoHAHNPbXoXi7la%2Fq8YE9GWG7tKF4MYr11HJYVXA6cEP8bfShB8e84hptRVyGwHiG3LK9UbiqAuxb%2BOGAxZlchlFrjkP3JAgofo3aOoUg87YJKiERF9lhknqSjXJ3RMp5JF%2FSBQ%3D%3D HTTP/1.1" 200 0
2024-11-27 19:07:54,872 DEBUG    urllib3.connectionpool Starting new HTTPS connection (1): serviceusage.googleapis.com:443
2024-11-27 19:07:55,024 DEBUG    urllib3.connectionpool https://serviceusage.googleapis.com:443 "GET /v1/projects/inspired-photon-441609-k7/services/run.googleapis.com?alt=json HTTP/1.1" 403 None
2024-11-27 19:07:55,027 INFO     root            Could not verify if service run.googleapis.com is enabled: missing permission 'serviceusage.services.get'.
2024-11-27 19:07:55,098 DEBUG    urllib3.connectionpool Starting new HTTPS connection (1): serviceusage.googleapis.com:443
2024-11-27 19:07:55,322 DEBUG    urllib3.connectionpool https://serviceusage.googleapis.com:443 "GET /v1/projects/inspired-photon-441609-k7/services/cloudbuild.googleapis.com?alt=json HTTP/1.1" 403 None
2024-11-27 19:07:55,326 INFO     root            Could not verify if service cloudbuild.googleapis.com is enabled: missing permission 'serviceusage.services.get'.
2024-11-27 19:07:55,393 DEBUG    urllib3.connectionpool Starting new HTTPS connection (1): serviceusage.googleapis.com:443
2024-11-27 19:07:55,622 DEBUG    urllib3.connectionpool https://serviceusage.googleapis.com:443 "GET /v1/projects/inspired-photon-441609-k7/services/artifactregistry.googleapis.com?alt=json HTTP/1.1" 403 None
2024-11-27 19:07:55,624 INFO     root            Could not verify if service artifactregistry.googleapis.com is enabled: missing permission 'serviceusage.services.get'.
2024-11-27 19:07:55,768 DEBUG    urllib3.connectionpool Starting new HTTPS connection (1): cloudbuild.googleapis.com:443
2024-11-27 19:07:55,896 DEBUG    urllib3.connectionpool https://cloudbuild.googleapis.com:443 "GET /v1/projects/inspired-photon-441609-k7/locations/us-central1/defaultServiceAccount?alt=json HTTP/1.1" 200 None
2024-11-27 19:07:56,032 DEBUG    urllib3.connectionpool Starting new HTTPS connection (1): cloudresourcemanager.googleapis.com:443
2024-11-27 19:07:56,110 DEBUG    urllib3.connectionpool https://cloudresourcemanager.googleapis.com:443 "GET /v1/projects/inspired-photon-441609-k7?alt=json HTTP/1.1" 200 None
2024-11-27 19:07:56,245 DEBUG    urllib3.connectionpool Starting new HTTPS connection (1): cloudresourcemanager.googleapis.com:443
2024-11-27 19:07:56,435 DEBUG    urllib3.connectionpool https://cloudresourcemanager.googleapis.com:443 "POST /v1/projects/inspired-photon-441609-k7:getIamPolicy?alt=json HTTP/1.1" 200 None
2024-11-27 19:07:56,442 DEBUG    urllib3.connectionpool Starting new HTTPS connection (1): cloudfunctions.googleapis.com:443
2024-11-27 19:07:57,129 DEBUG    urllib3.connectionpool https://cloudfunctions.googleapis.com:443 "PATCH /v2/projects/inspired-photon-441609-k7/locations/us-central1/functions/gcs-to-pubsub?alt=json&updateMask=build_config.entry_point%2Cbuild_config.runtime%2Cbuild_config.source%2Cevent_trigger%2Cservice_config.environment_variables%2Cservice_config.timeout_seconds HTTP/1.1" 200 None
2024-11-27 19:07:57,134 INFO     ___FILE_ONLY___ Preparing function...
2024-11-27 19:07:57,137 DEBUG    urllib3.connectionpool Starting new HTTPS connection (1): cloudfunctions.googleapis.com:443
2024-11-27 19:07:57,218 DEBUG    urllib3.connectionpool https://cloudfunctions.googleapis.com:443 "GET /v2/projects/inspired-photon-441609-k7/locations/us-central1/operations/operation-1732734476511-627e9aef6699b-4b5fba48-c55caaa1?alt=json HTTP/1.1" 200 None
2024-11-27 19:07:58,741 DEBUG    urllib3.connectionpool Starting new HTTPS connection (1): cloudfunctions.googleapis.com:443
2024-11-27 19:07:58,828 DEBUG    urllib3.connectionpool https://cloudfunctions.googleapis.com:443 "GET /v2/projects/inspired-photon-441609-k7/locations/us-central1/operations/operation-1732734476511-627e9aef6699b-4b5fba48-c55caaa1?alt=json HTTP/1.1" 200 None
2024-11-27 19:07:58,939 INFO     ___FILE_ONLY___ Updating function (may take a while)...
2024-11-27 19:07:58,942 DEBUG    urllib3.connectionpool Starting new HTTPS connection (1): cloudfunctions.googleapis.com:443
2024-11-27 19:07:59,031 DEBUG    urllib3.connectionpool https://cloudfunctions.googleapis.com:443 "GET /v2/projects/inspired-photon-441609-k7/locations/us-central1/operations/operation-1732734476511-627e9aef6699b-4b5fba48-c55caaa1?alt=json HTTP/1.1" 200 None
2024-11-27 19:08:00,119 DEBUG    urllib3.connectionpool Starting new HTTPS connection (1): cloudfunctions.googleapis.com:443
2024-11-27 19:08:00,296 DEBUG    urllib3.connectionpool https://cloudfunctions.googleapis.com:443 "GET /v2/projects/inspired-photon-441609-k7/locations/us-central1/operations/operation-1732734476511-627e9aef6699b-4b5fba48-c55caaa1?alt=json HTTP/1.1" 200 None
2024-11-27 19:08:01,741 DEBUG    urllib3.connectionpool Starting new HTTPS connection (1): cloudfunctions.googleapis.com:443
2024-11-27 19:08:01,835 DEBUG    urllib3.connectionpool https://cloudfunctions.googleapis.com:443 "GET /v2/projects/inspired-photon-441609-k7/locations/us-central1/operations/operation-1732734476511-627e9aef6699b-4b5fba48-c55caaa1?alt=json HTTP/1.1" 200 None
2024-11-27 19:08:03,158 DEBUG    urllib3.connectionpool Starting new HTTPS connection (1): cloudfunctions.googleapis.com:443
2024-11-27 19:08:03,254 DEBUG    urllib3.connectionpool https://cloudfunctions.googleapis.com:443 "GET /v2/projects/inspired-photon-441609-k7/locations/us-central1/operations/operation-1732734476511-627e9aef6699b-4b5fba48-c55caaa1?alt=json HTTP/1.1" 200 None
2024-11-27 19:08:04,739 DEBUG    urllib3.connectionpool Starting new HTTPS connection (1): cloudfunctions.googleapis.com:443
2024-11-27 19:08:04,833 DEBUG    urllib3.connectionpool https://cloudfunctions.googleapis.com:443 "GET /v2/projects/inspired-photon-441609-k7/locations/us-central1/operations/operation-1732734476511-627e9aef6699b-4b5fba48-c55caaa1?alt=json HTTP/1.1" 200 None
2024-11-27 19:08:06,584 DEBUG    urllib3.connectionpool Starting new HTTPS connection (1): cloudfunctions.googleapis.com:443
2024-11-27 19:08:06,676 DEBUG    urllib3.connectionpool https://cloudfunctions.googleapis.com:443 "GET /v2/projects/inspired-photon-441609-k7/locations/us-central1/operations/operation-1732734476511-627e9aef6699b-4b5fba48-c55caaa1?alt=json HTTP/1.1" 200 None
2024-11-27 19:08:08,427 DEBUG    urllib3.connectionpool Starting new HTTPS connection (1): cloudfunctions.googleapis.com:443
2024-11-27 19:08:08,517 DEBUG    urllib3.connectionpool https://cloudfunctions.googleapis.com:443 "GET /v2/projects/inspired-photon-441609-k7/locations/us-central1/operations/operation-1732734476511-627e9aef6699b-4b5fba48-c55caaa1?alt=json HTTP/1.1" 200 None
2024-11-27 19:08:09,654 DEBUG    urllib3.connectionpool Starting new HTTPS connection (1): cloudfunctions.googleapis.com:443
2024-11-27 19:08:09,716 DEBUG    urllib3.connectionpool https://cloudfunctions.googleapis.com:443 "GET /v2/projects/inspired-photon-441609-k7/locations/us-central1/operations/operation-1732734476511-627e9aef6699b-4b5fba48-c55caaa1?alt=json HTTP/1.1" 200 None
2024-11-27 19:08:11,538 DEBUG    urllib3.connectionpool Starting new HTTPS connection (1): cloudfunctions.googleapis.com:443
2024-11-27 19:08:11,600 DEBUG    urllib3.connectionpool https://cloudfunctions.googleapis.com:443 "GET /v2/projects/inspired-photon-441609-k7/locations/us-central1/operations/operation-1732734476511-627e9aef6699b-4b5fba48-c55caaa1?alt=json HTTP/1.1" 200 None
2024-11-27 19:08:12,719 DEBUG    urllib3.connectionpool Starting new HTTPS connection (1): cloudfunctions.googleapis.com:443
2024-11-27 19:08:12,809 DEBUG    urllib3.connectionpool https://cloudfunctions.googleapis.com:443 "GET /v2/projects/inspired-photon-441609-k7/locations/us-central1/operations/operation-1732734476511-627e9aef6699b-4b5fba48-c55caaa1?alt=json HTTP/1.1" 200 None
2024-11-27 19:08:13,955 DEBUG    urllib3.connectionpool Starting new HTTPS connection (1): cloudfunctions.googleapis.com:443
2024-11-27 19:08:14,017 DEBUG    urllib3.connectionpool https://cloudfunctions.googleapis.com:443 "GET /v2/projects/inspired-photon-441609-k7/locations/us-central1/operations/operation-1732734476511-627e9aef6699b-4b5fba48-c55caaa1?alt=json HTTP/1.1" 200 None
2024-11-27 19:08:15,281 DEBUG    urllib3.connectionpool Starting new HTTPS connection (1): cloudfunctions.googleapis.com:443
2024-11-27 19:08:15,342 DEBUG    urllib3.connectionpool https://cloudfunctions.googleapis.com:443 "GET /v2/projects/inspired-photon-441609-k7/locations/us-central1/operations/operation-1732734476511-627e9aef6699b-4b5fba48-c55caaa1?alt=json HTTP/1.1" 200 None
2024-11-27 19:08:17,229 DEBUG    urllib3.connectionpool Starting new HTTPS connection (1): cloudfunctions.googleapis.com:443
2024-11-27 19:08:17,319 DEBUG    urllib3.connectionpool https://cloudfunctions.googleapis.com:443 "GET /v2/projects/inspired-photon-441609-k7/locations/us-central1/operations/operation-1732734476511-627e9aef6699b-4b5fba48-c55caaa1?alt=json HTTP/1.1" 200 None
2024-11-27 19:08:19,105 DEBUG    urllib3.connectionpool Starting new HTTPS connection (1): cloudfunctions.googleapis.com:443
2024-11-27 19:08:19,185 DEBUG    urllib3.connectionpool https://cloudfunctions.googleapis.com:443 "GET /v2/projects/inspired-photon-441609-k7/locations/us-central1/operations/operation-1732734476511-627e9aef6699b-4b5fba48-c55caaa1?alt=json HTTP/1.1" 200 None
2024-11-27 19:08:20,712 DEBUG    urllib3.connectionpool Starting new HTTPS connection (1): cloudfunctions.googleapis.com:443
2024-11-27 19:08:20,805 DEBUG    urllib3.connectionpool https://cloudfunctions.googleapis.com:443 "GET /v2/projects/inspired-photon-441609-k7/locations/us-central1/operations/operation-1732734476511-627e9aef6699b-4b5fba48-c55caaa1?alt=json HTTP/1.1" 200 None
2024-11-27 19:08:22,683 DEBUG    urllib3.connectionpool Starting new HTTPS connection (1): cloudfunctions.googleapis.com:443
2024-11-27 19:08:22,769 DEBUG    urllib3.connectionpool https://cloudfunctions.googleapis.com:443 "GET /v2/projects/inspired-photon-441609-k7/locations/us-central1/operations/operation-1732734476511-627e9aef6699b-4b5fba48-c55caaa1?alt=json HTTP/1.1" 200 None
2024-11-27 19:08:24,216 DEBUG    urllib3.connectionpool Starting new HTTPS connection (1): cloudfunctions.googleapis.com:443
2024-11-27 19:08:24,283 DEBUG    urllib3.connectionpool https://cloudfunctions.googleapis.com:443 "GET /v2/projects/inspired-photon-441609-k7/locations/us-central1/operations/operation-1732734476511-627e9aef6699b-4b5fba48-c55caaa1?alt=json HTTP/1.1" 200 None
2024-11-27 19:08:26,175 DEBUG    urllib3.connectionpool Starting new HTTPS connection (1): cloudfunctions.googleapis.com:443
2024-11-27 19:08:26,274 DEBUG    urllib3.connectionpool https://cloudfunctions.googleapis.com:443 "GET /v2/projects/inspired-photon-441609-k7/locations/us-central1/operations/operation-1732734476511-627e9aef6699b-4b5fba48-c55caaa1?alt=json HTTP/1.1" 200 None
2024-11-27 19:08:27,638 DEBUG    urllib3.connectionpool Starting new HTTPS connection (1): cloudfunctions.googleapis.com:443
2024-11-27 19:08:27,697 DEBUG    urllib3.connectionpool https://cloudfunctions.googleapis.com:443 "GET /v2/projects/inspired-photon-441609-k7/locations/us-central1/operations/operation-1732734476511-627e9aef6699b-4b5fba48-c55caaa1?alt=json HTTP/1.1" 200 None
2024-11-27 19:08:28,788 DEBUG    urllib3.connectionpool Starting new HTTPS connection (1): cloudfunctions.googleapis.com:443
2024-11-27 19:08:28,849 DEBUG    urllib3.connectionpool https://cloudfunctions.googleapis.com:443 "GET /v2/projects/inspired-photon-441609-k7/locations/us-central1/operations/operation-1732734476511-627e9aef6699b-4b5fba48-c55caaa1?alt=json HTTP/1.1" 200 None
2024-11-27 19:08:30,625 DEBUG    urllib3.connectionpool Starting new HTTPS connection (1): cloudfunctions.googleapis.com:443
2024-11-27 19:08:30,720 DEBUG    urllib3.connectionpool https://cloudfunctions.googleapis.com:443 "GET /v2/projects/inspired-photon-441609-k7/locations/us-central1/operations/operation-1732734476511-627e9aef6699b-4b5fba48-c55caaa1?alt=json HTTP/1.1" 200 None
2024-11-27 19:08:32,136 DEBUG    urllib3.connectionpool Starting new HTTPS connection (1): cloudfunctions.googleapis.com:443
2024-11-27 19:08:32,214 DEBUG    urllib3.connectionpool https://cloudfunctions.googleapis.com:443 "GET /v2/projects/inspired-photon-441609-k7/locations/us-central1/operations/operation-1732734476511-627e9aef6699b-4b5fba48-c55caaa1?alt=json HTTP/1.1" 200 None
2024-11-27 19:08:33,442 DEBUG    urllib3.connectionpool Starting new HTTPS connection (1): cloudfunctions.googleapis.com:443
2024-11-27 19:08:33,527 DEBUG    urllib3.connectionpool https://cloudfunctions.googleapis.com:443 "GET /v2/projects/inspired-photon-441609-k7/locations/us-central1/operations/operation-1732734476511-627e9aef6699b-4b5fba48-c55caaa1?alt=json HTTP/1.1" 200 None
2024-11-27 19:08:34,818 DEBUG    urllib3.connectionpool Starting new HTTPS connection (1): cloudfunctions.googleapis.com:443
2024-11-27 19:08:34,890 DEBUG    urllib3.connectionpool https://cloudfunctions.googleapis.com:443 "GET /v2/projects/inspired-photon-441609-k7/locations/us-central1/operations/operation-1732734476511-627e9aef6699b-4b5fba48-c55caaa1?alt=json HTTP/1.1" 200 None
2024-11-27 19:08:36,561 DEBUG    urllib3.connectionpool Starting new HTTPS connection (1): cloudfunctions.googleapis.com:443
2024-11-27 19:08:36,630 DEBUG    urllib3.connectionpool https://cloudfunctions.googleapis.com:443 "GET /v2/projects/inspired-photon-441609-k7/locations/us-central1/operations/operation-1732734476511-627e9aef6699b-4b5fba48-c55caaa1?alt=json HTTP/1.1" 200 None
2024-11-27 19:08:37,875 DEBUG    urllib3.connectionpool Starting new HTTPS connection (1): cloudfunctions.googleapis.com:443
2024-11-27 19:08:37,954 DEBUG    urllib3.connectionpool https://cloudfunctions.googleapis.com:443 "GET /v2/projects/inspired-photon-441609-k7/locations/us-central1/operations/operation-1732734476511-627e9aef6699b-4b5fba48-c55caaa1?alt=json HTTP/1.1" 200 None
2024-11-27 19:08:39,195 DEBUG    urllib3.connectionpool Starting new HTTPS connection (1): cloudfunctions.googleapis.com:443
2024-11-27 19:08:39,254 DEBUG    urllib3.connectionpool https://cloudfunctions.googleapis.com:443 "GET /v2/projects/inspired-photon-441609-k7/locations/us-central1/operations/operation-1732734476511-627e9aef6699b-4b5fba48-c55caaa1?alt=json HTTP/1.1" 200 None
2024-11-27 19:08:40,531 DEBUG    urllib3.connectionpool Starting new HTTPS connection (1): cloudfunctions.googleapis.com:443
2024-11-27 19:08:40,602 DEBUG    urllib3.connectionpool https://cloudfunctions.googleapis.com:443 "GET /v2/projects/inspired-photon-441609-k7/locations/us-central1/operations/operation-1732734476511-627e9aef6699b-4b5fba48-c55caaa1?alt=json HTTP/1.1" 200 None
2024-11-27 19:08:42,510 DEBUG    urllib3.connectionpool Starting new HTTPS connection (1): cloudfunctions.googleapis.com:443
2024-11-27 19:08:42,573 DEBUG    urllib3.connectionpool https://cloudfunctions.googleapis.com:443 "GET /v2/projects/inspired-photon-441609-k7/locations/us-central1/operations/operation-1732734476511-627e9aef6699b-4b5fba48-c55caaa1?alt=json HTTP/1.1" 200 None
2024-11-27 19:08:44,047 DEBUG    urllib3.connectionpool Starting new HTTPS connection (1): cloudfunctions.googleapis.com:443
2024-11-27 19:08:44,126 DEBUG    urllib3.connectionpool https://cloudfunctions.googleapis.com:443 "GET /v2/projects/inspired-photon-441609-k7/locations/us-central1/operations/operation-1732734476511-627e9aef6699b-4b5fba48-c55caaa1?alt=json HTTP/1.1" 200 None
2024-11-27 19:08:45,226 DEBUG    urllib3.connectionpool Starting new HTTPS connection (1): cloudfunctions.googleapis.com:443
2024-11-27 19:08:45,288 DEBUG    urllib3.connectionpool https://cloudfunctions.googleapis.com:443 "GET /v2/projects/inspired-photon-441609-k7/locations/us-central1/operations/operation-1732734476511-627e9aef6699b-4b5fba48-c55caaa1?alt=json HTTP/1.1" 200 None
2024-11-27 19:08:46,503 DEBUG    urllib3.connectionpool Starting new HTTPS connection (1): cloudfunctions.googleapis.com:443
2024-11-27 19:08:46,593 DEBUG    urllib3.connectionpool https://cloudfunctions.googleapis.com:443 "GET /v2/projects/inspired-photon-441609-k7/locations/us-central1/operations/operation-1732734476511-627e9aef6699b-4b5fba48-c55caaa1?alt=json HTTP/1.1" 200 None
2024-11-27 19:08:47,861 DEBUG    urllib3.connectionpool Starting new HTTPS connection (1): cloudfunctions.googleapis.com:443
2024-11-27 19:08:47,930 DEBUG    urllib3.connectionpool https://cloudfunctions.googleapis.com:443 "GET /v2/projects/inspired-photon-441609-k7/locations/us-central1/operations/operation-1732734476511-627e9aef6699b-4b5fba48-c55caaa1?alt=json HTTP/1.1" 200 None
2024-11-27 19:08:49,470 DEBUG    urllib3.connectionpool Starting new HTTPS connection (1): cloudfunctions.googleapis.com:443
2024-11-27 19:08:49,558 DEBUG    urllib3.connectionpool https://cloudfunctions.googleapis.com:443 "GET /v2/projects/inspired-photon-441609-k7/locations/us-central1/operations/operation-1732734476511-627e9aef6699b-4b5fba48-c55caaa1?alt=json HTTP/1.1" 200 None
2024-11-27 19:08:50,953 DEBUG    urllib3.connectionpool Starting new HTTPS connection (1): cloudfunctions.googleapis.com:443
2024-11-27 19:08:51,016 DEBUG    urllib3.connectionpool https://cloudfunctions.googleapis.com:443 "GET /v2/projects/inspired-photon-441609-k7/locations/us-central1/operations/operation-1732734476511-627e9aef6699b-4b5fba48-c55caaa1?alt=json HTTP/1.1" 200 None
2024-11-27 19:08:52,120 DEBUG    urllib3.connectionpool Starting new HTTPS connection (1): cloudfunctions.googleapis.com:443
2024-11-27 19:08:52,206 DEBUG    urllib3.connectionpool https://cloudfunctions.googleapis.com:443 "GET /v2/projects/inspired-photon-441609-k7/locations/us-central1/operations/operation-1732734476511-627e9aef6699b-4b5fba48-c55caaa1?alt=json HTTP/1.1" 200 None
2024-11-27 19:08:54,096 DEBUG    urllib3.connectionpool Starting new HTTPS connection (1): cloudfunctions.googleapis.com:443
2024-11-27 19:08:54,154 DEBUG    urllib3.connectionpool https://cloudfunctions.googleapis.com:443 "GET /v2/projects/inspired-photon-441609-k7/locations/us-central1/operations/operation-1732734476511-627e9aef6699b-4b5fba48-c55caaa1?alt=json HTTP/1.1" 200 None
2024-11-27 19:08:55,598 DEBUG    urllib3.connectionpool Starting new HTTPS connection (1): cloudfunctions.googleapis.com:443
2024-11-27 19:08:55,658 DEBUG    urllib3.connectionpool https://cloudfunctions.googleapis.com:443 "GET /v2/projects/inspired-photon-441609-k7/locations/us-central1/operations/operation-1732734476511-627e9aef6699b-4b5fba48-c55caaa1?alt=json HTTP/1.1" 200 None
2024-11-27 19:08:56,696 DEBUG    urllib3.connectionpool Starting new HTTPS connection (1): cloudfunctions.googleapis.com:443
2024-11-27 19:08:56,785 DEBUG    urllib3.connectionpool https://cloudfunctions.googleapis.com:443 "GET /v2/projects/inspired-photon-441609-k7/locations/us-central1/operations/operation-1732734476511-627e9aef6699b-4b5fba48-c55caaa1?alt=json HTTP/1.1" 200 None
2024-11-27 19:08:58,034 DEBUG    urllib3.connectionpool Starting new HTTPS connection (1): cloudfunctions.googleapis.com:443
2024-11-27 19:08:58,113 DEBUG    urllib3.connectionpool https://cloudfunctions.googleapis.com:443 "GET /v2/projects/inspired-photon-441609-k7/locations/us-central1/operations/operation-1732734476511-627e9aef6699b-4b5fba48-c55caaa1?alt=json HTTP/1.1" 200 None
2024-11-27 19:08:59,515 DEBUG    urllib3.connectionpool Starting new HTTPS connection (1): cloudfunctions.googleapis.com:443
2024-11-27 19:08:59,597 DEBUG    urllib3.connectionpool https://cloudfunctions.googleapis.com:443 "GET /v2/projects/inspired-photon-441609-k7/locations/us-central1/operations/operation-1732734476511-627e9aef6699b-4b5fba48-c55caaa1?alt=json HTTP/1.1" 200 None
2024-11-27 19:09:00,890 DEBUG    urllib3.connectionpool Starting new HTTPS connection (1): cloudfunctions.googleapis.com:443
2024-11-27 19:09:00,949 DEBUG    urllib3.connectionpool https://cloudfunctions.googleapis.com:443 "GET /v2/projects/inspired-photon-441609-k7/locations/us-central1/operations/operation-1732734476511-627e9aef6699b-4b5fba48-c55caaa1?alt=json HTTP/1.1" 200 None
2024-11-27 19:09:02,161 DEBUG    urllib3.connectionpool Starting new HTTPS connection (1): cloudfunctions.googleapis.com:443
2024-11-27 19:09:02,229 DEBUG    urllib3.connectionpool https://cloudfunctions.googleapis.com:443 "GET /v2/projects/inspired-photon-441609-k7/locations/us-central1/operations/operation-1732734476511-627e9aef6699b-4b5fba48-c55caaa1?alt=json HTTP/1.1" 200 None
2024-11-27 19:09:03,430 DEBUG    urllib3.connectionpool Starting new HTTPS connection (1): cloudfunctions.googleapis.com:443
2024-11-27 19:09:03,494 DEBUG    urllib3.connectionpool https://cloudfunctions.googleapis.com:443 "GET /v2/projects/inspired-photon-441609-k7/locations/us-central1/operations/operation-1732734476511-627e9aef6699b-4b5fba48-c55caaa1?alt=json HTTP/1.1" 200 None
2024-11-27 19:09:04,736 DEBUG    urllib3.connectionpool Starting new HTTPS connection (1): cloudfunctions.googleapis.com:443
2024-11-27 19:09:04,799 DEBUG    urllib3.connectionpool https://cloudfunctions.googleapis.com:443 "GET /v2/projects/inspired-photon-441609-k7/locations/us-central1/operations/operation-1732734476511-627e9aef6699b-4b5fba48-c55caaa1?alt=json HTTP/1.1" 200 None
2024-11-27 19:09:05,880 DEBUG    urllib3.connectionpool Starting new HTTPS connection (1): cloudfunctions.googleapis.com:443
2024-11-27 19:09:05,952 DEBUG    urllib3.connectionpool https://cloudfunctions.googleapis.com:443 "GET /v2/projects/inspired-photon-441609-k7/locations/us-central1/operations/operation-1732734476511-627e9aef6699b-4b5fba48-c55caaa1?alt=json HTTP/1.1" 200 None
2024-11-27 19:09:07,183 DEBUG    urllib3.connectionpool Starting new HTTPS connection (1): cloudfunctions.googleapis.com:443
2024-11-27 19:09:07,251 DEBUG    urllib3.connectionpool https://cloudfunctions.googleapis.com:443 "GET /v2/projects/inspired-photon-441609-k7/locations/us-central1/operations/operation-1732734476511-627e9aef6699b-4b5fba48-c55caaa1?alt=json HTTP/1.1" 200 None
2024-11-27 19:09:08,320 DEBUG    urllib3.connectionpool Starting new HTTPS connection (1): cloudfunctions.googleapis.com:443
2024-11-27 19:09:08,396 DEBUG    urllib3.connectionpool https://cloudfunctions.googleapis.com:443 "GET /v2/projects/inspired-photon-441609-k7/locations/us-central1/operations/operation-1732734476511-627e9aef6699b-4b5fba48-c55caaa1?alt=json HTTP/1.1" 200 None
2024-11-27 19:09:10,373 DEBUG    urllib3.connectionpool Starting new HTTPS connection (1): cloudfunctions.googleapis.com:443
2024-11-27 19:09:10,457 DEBUG    urllib3.connectionpool https://cloudfunctions.googleapis.com:443 "GET /v2/projects/inspired-photon-441609-k7/locations/us-central1/operations/operation-1732734476511-627e9aef6699b-4b5fba48-c55caaa1?alt=json HTTP/1.1" 200 None
2024-11-27 19:09:12,048 DEBUG    urllib3.connectionpool Starting new HTTPS connection (1): cloudfunctions.googleapis.com:443
2024-11-27 19:09:12,120 DEBUG    urllib3.connectionpool https://cloudfunctions.googleapis.com:443 "GET /v2/projects/inspired-photon-441609-k7/locations/us-central1/operations/operation-1732734476511-627e9aef6699b-4b5fba48-c55caaa1?alt=json HTTP/1.1" 200 None
2024-11-27 19:09:13,932 DEBUG    urllib3.connectionpool Starting new HTTPS connection (1): cloudfunctions.googleapis.com:443
2024-11-27 19:09:14,002 DEBUG    urllib3.connectionpool https://cloudfunctions.googleapis.com:443 "GET /v2/projects/inspired-photon-441609-k7/locations/us-central1/operations/operation-1732734476511-627e9aef6699b-4b5fba48-c55caaa1?alt=json HTTP/1.1" 200 None
2024-11-27 19:09:15,288 DEBUG    urllib3.connectionpool Starting new HTTPS connection (1): cloudfunctions.googleapis.com:443
2024-11-27 19:09:15,367 DEBUG    urllib3.connectionpool https://cloudfunctions.googleapis.com:443 "GET /v2/projects/inspired-photon-441609-k7/locations/us-central1/operations/operation-1732734476511-627e9aef6699b-4b5fba48-c55caaa1?alt=json HTTP/1.1" 200 None
2024-11-27 19:09:17,064 DEBUG    urllib3.connectionpool Starting new HTTPS connection (1): cloudfunctions.googleapis.com:443
2024-11-27 19:09:17,137 DEBUG    urllib3.connectionpool https://cloudfunctions.googleapis.com:443 "GET /v2/projects/inspired-photon-441609-k7/locations/us-central1/operations/operation-1732734476511-627e9aef6699b-4b5fba48-c55caaa1?alt=json HTTP/1.1" 200 None
2024-11-27 19:09:18,613 DEBUG    urllib3.connectionpool Starting new HTTPS connection (1): cloudfunctions.googleapis.com:443
2024-11-27 19:09:18,692 DEBUG    urllib3.connectionpool https://cloudfunctions.googleapis.com:443 "GET /v2/projects/inspired-photon-441609-k7/locations/us-central1/operations/operation-1732734476511-627e9aef6699b-4b5fba48-c55caaa1?alt=json HTTP/1.1" 200 None
2024-11-27 19:09:19,985 DEBUG    urllib3.connectionpool Starting new HTTPS connection (1): cloudfunctions.googleapis.com:443
2024-11-27 19:09:20,047 DEBUG    urllib3.connectionpool https://cloudfunctions.googleapis.com:443 "GET /v2/projects/inspired-photon-441609-k7/locations/us-central1/operations/operation-1732734476511-627e9aef6699b-4b5fba48-c55caaa1?alt=json HTTP/1.1" 200 None
2024-11-27 19:09:21,845 DEBUG    urllib3.connectionpool Starting new HTTPS connection (1): cloudfunctions.googleapis.com:443
2024-11-27 19:09:21,905 DEBUG    urllib3.connectionpool https://cloudfunctions.googleapis.com:443 "GET /v2/projects/inspired-photon-441609-k7/locations/us-central1/operations/operation-1732734476511-627e9aef6699b-4b5fba48-c55caaa1?alt=json HTTP/1.1" 200 None
2024-11-27 19:09:21,922 INFO     ___FILE_ONLY___   [INFO] A new revision will be deployed serving with 100% traffic.

2024-11-27 19:09:21,922 DEBUG    root            (gcloud.functions.deploy) OperationError: code=7, message=Creating trigger failed for projects/inspired-photon-441609-k7/locations/us-central1/triggers/gcs-to-pubsub-416631: The Cloud Storage service account for your bucket is unable to publish to Cloud Pub/Sub topics in the specified project.
To use GCS CloudEvent triggers, the GCS service account requires the Pub/Sub Publisher (roles/pubsub.publisher) IAM role in the specified project. (See https://cloud.google.com/eventarc/docs/run/quickstart-storage#before-you-begin): permission denied
OperationError: code=3, message=Invalid resource name '' for pattern 'projects/{project=*}/locations/{location=*}/triggers/{trigger=*}'.
Traceback (most recent call last):
  File "/snap/google-cloud-cli/289/lib/googlecloudsdk/calliope/cli.py", line 998, in Execute
    resources = calliope_command.Run(cli=self, args=args)
                ^^^^^^^^^^^^^^^^^^^^^^^^^^^^^^^^^^^^^^^^^
  File "/snap/google-cloud-cli/289/lib/googlecloudsdk/calliope/backend.py", line 843, in Run
    resources = command_instance.Run(args)
                ^^^^^^^^^^^^^^^^^^^^^^^^^^
  File "/snap/google-cloud-cli/289/lib/googlecloudsdk/api_lib/functions/v1/util.py", line 387, in CatchHTTPErrorRaiseHTTPExceptionFn
    return func(*args, **kwargs)
           ^^^^^^^^^^^^^^^^^^^^^
  File "/snap/google-cloud-cli/289/lib/googlecloudsdk/command_lib/functions/util.py", line 82, in Run
    return self._RunV2(args)
           ^^^^^^^^^^^^^^^^^
  File "/snap/google-cloud-cli/289/lib/surface/functions/deploy.py", line 144, in _RunV2
    return command_v2.Run(args, self.ReleaseTrack())
           ^^^^^^^^^^^^^^^^^^^^^^^^^^^^^^^^^^^^^^^^^
  File "/snap/google-cloud-cli/289/lib/googlecloudsdk/command_lib/functions/v2/deploy/command.py", line 1326, in Run
    _UpdateAndWait(client, function_ref, function, updated_fields)
  File "/snap/google-cloud-cli/289/lib/googlecloudsdk/command_lib/functions/v2/deploy/command.py", line 1181, in _UpdateAndWait
    api_util.WaitForOperation(
  File "/snap/google-cloud-cli/289/lib/googlecloudsdk/api_lib/functions/v2/util.py", line 334, in WaitForOperation
    operation = retryer.RetryOnResult(
                ^^^^^^^^^^^^^^^^^^^^^^
  File "/snap/google-cloud-cli/289/lib/googlecloudsdk/core/util/retry.py", line 239, in RetryOnResult
    result = func(*args, **kwargs)
             ^^^^^^^^^^^^^^^^^^^^^
  File "/snap/google-cloud-cli/289/lib/googlecloudsdk/api_lib/functions/v2/util.py", line 226, in _GetOperationAndLogProgress
    raise exceptions.StatusToFunctionsError(
googlecloudsdk.api_lib.functions.v2.exceptions.FunctionsError: OperationError: code=7, message=Creating trigger failed for projects/inspired-photon-441609-k7/locations/us-central1/triggers/gcs-to-pubsub-416631: The Cloud Storage service account for your bucket is unable to publish to Cloud Pub/Sub topics in the specified project.
To use GCS CloudEvent triggers, the GCS service account requires the Pub/Sub Publisher (roles/pubsub.publisher) IAM role in the specified project. (See https://cloud.google.com/eventarc/docs/run/quickstart-storage#before-you-begin): permission denied
OperationError: code=3, message=Invalid resource name '' for pattern 'projects/{project=*}/locations/{location=*}/triggers/{trigger=*}'.
2024-11-27 19:09:21,926 ERROR    root            (gcloud.functions.deploy) OperationError: code=7, message=Creating trigger failed for projects/inspired-photon-441609-k7/locations/us-central1/triggers/gcs-to-pubsub-416631: The Cloud Storage service account for your bucket is unable to publish to Cloud Pub/Sub topics in the specified project.
To use GCS CloudEvent triggers, the GCS service account requires the Pub/Sub Publisher (roles/pubsub.publisher) IAM role in the specified project. (See https://cloud.google.com/eventarc/docs/run/quickstart-storage#before-you-begin): permission denied
OperationError: code=3, message=Invalid resource name '' for pattern 'projects/{project=*}/locations/{location=*}/triggers/{trigger=*}'.
