2024-11-27 19:07:28,445 DEBUG    root            Loaded Command Group: ['gcloud', 'projects']
2024-11-27 19:07:28,496 DEBUG    root            Loaded Command Group: ['gcloud', 'projects', 'add_iam_policy_binding']
2024-11-27 19:07:28,514 DEBUG    root            Running [gcloud.projects.add-iam-policy-binding] with arguments: [--member: "serviceAccount:service-644941739395@gcp-sa-eventarc.iam.gserviceaccount.com", --role: "roles/eventarc.serviceAgent", PROJECT_ID: "inspired-photon-441609-k7"]
2024-11-27 19:07:28,693 DEBUG    urllib3.connectionpool Starting new HTTPS connection (1): cloudresourcemanager.googleapis.com:443
2024-11-27 19:07:28,846 DEBUG    urllib3.connectionpool https://cloudresourcemanager.googleapis.com:443 "POST /v1/projects/inspired-photon-441609-k7:getIamPolicy?alt=json HTTP/1.1" 200 None
2024-11-27 19:07:29,015 DEBUG    urllib3.connectionpool Starting new HTTPS connection (1): cloudresourcemanager.googleapis.com:443
2024-11-27 19:07:29,588 DEBUG    urllib3.connectionpool https://cloudresourcemanager.googleapis.com:443 "POST /v1/projects/inspired-photon-441609-k7:setIamPolicy?alt=json HTTP/1.1" 200 None
2024-11-27 19:07:29,593 INFO     ___FILE_ONLY___ Updated IAM policy for project [inspired-photon-441609-k7].

2024-11-27 19:07:29,593 DEBUG    root            Chosen display Format:default
2024-11-27 19:07:29,595 INFO     root            Display format: "default"
2024-11-27 19:07:29,620 INFO     ___FILE_ONLY___ bindings
2024-11-27 19:07:29,621 INFO     ___FILE_ONLY___ :
2024-11-27 19:07:29,621 INFO     ___FILE_ONLY___ 

2024-11-27 19:07:29,621 INFO     ___FILE_ONLY___ -
2024-11-27 19:07:29,621 INFO     ___FILE_ONLY___  
2024-11-27 19:07:29,621 INFO     ___FILE_ONLY___ members
2024-11-27 19:07:29,622 INFO     ___FILE_ONLY___ :
2024-11-27 19:07:29,622 INFO     ___FILE_ONLY___ 

2024-11-27 19:07:29,622 INFO     ___FILE_ONLY___   
2024-11-27 19:07:29,622 INFO     ___FILE_ONLY___ -
2024-11-27 19:07:29,622 INFO     ___FILE_ONLY___  
2024-11-27 19:07:29,622 INFO     ___FILE_ONLY___ serviceAccount:trigger-account@inspired-photon-441609-k7.iam.gserviceaccount.com
2024-11-27 19:07:29,622 INFO     ___FILE_ONLY___ 

2024-11-27 19:07:29,623 INFO     ___FILE_ONLY___   
2024-11-27 19:07:29,623 INFO     ___FILE_ONLY___ role
2024-11-27 19:07:29,623 INFO     ___FILE_ONLY___ :
2024-11-27 19:07:29,623 INFO     ___FILE_ONLY___  
2024-11-27 19:07:29,623 INFO     ___FILE_ONLY___ projects/inspired-photon-441609-k7/roles/main_custom_role_18
2024-11-27 19:07:29,623 INFO     ___FILE_ONLY___ 

2024-11-27 19:07:29,623 INFO     ___FILE_ONLY___ -
2024-11-27 19:07:29,623 INFO     ___FILE_ONLY___  
2024-11-27 19:07:29,624 INFO     ___FILE_ONLY___ members
2024-11-27 19:07:29,624 INFO     ___FILE_ONLY___ :
2024-11-27 19:07:29,624 INFO     ___FILE_ONLY___ 

2024-11-27 19:07:29,624 INFO     ___FILE_ONLY___   
2024-11-27 19:07:29,624 INFO     ___FILE_ONLY___ -
2024-11-27 19:07:29,624 INFO     ___FILE_ONLY___  
2024-11-27 19:07:29,624 INFO     ___FILE_ONLY___ serviceAccount:service-644941739395@gcp-sa-artifactregistry.iam.gserviceaccount.com
2024-11-27 19:07:29,624 INFO     ___FILE_ONLY___ 

2024-11-27 19:07:29,624 INFO     ___FILE_ONLY___   
2024-11-27 19:07:29,624 INFO     ___FILE_ONLY___ role
2024-11-27 19:07:29,625 INFO     ___FILE_ONLY___ :
2024-11-27 19:07:29,625 INFO     ___FILE_ONLY___  
2024-11-27 19:07:29,625 INFO     ___FILE_ONLY___ roles/artifactregistry.serviceAgent
2024-11-27 19:07:29,625 INFO     ___FILE_ONLY___ 

2024-11-27 19:07:29,625 INFO     ___FILE_ONLY___ -
2024-11-27 19:07:29,625 INFO     ___FILE_ONLY___  
2024-11-27 19:07:29,625 INFO     ___FILE_ONLY___ members
2024-11-27 19:07:29,625 INFO     ___FILE_ONLY___ :
2024-11-27 19:07:29,625 INFO     ___FILE_ONLY___ 

2024-11-27 19:07:29,625 INFO     ___FILE_ONLY___   
2024-11-27 19:07:29,625 INFO     ___FILE_ONLY___ -
2024-11-27 19:07:29,626 INFO     ___FILE_ONLY___  
2024-11-27 19:07:29,626 INFO     ___FILE_ONLY___ serviceAccount:644941739395@cloudbuild.gserviceaccount.com
2024-11-27 19:07:29,626 INFO     ___FILE_ONLY___ 

2024-11-27 19:07:29,626 INFO     ___FILE_ONLY___   
2024-11-27 19:07:29,626 INFO     ___FILE_ONLY___ role
2024-11-27 19:07:29,626 INFO     ___FILE_ONLY___ :
2024-11-27 19:07:29,626 INFO     ___FILE_ONLY___  
2024-11-27 19:07:29,626 INFO     ___FILE_ONLY___ roles/cloudbuild.builds.builder
2024-11-27 19:07:29,626 INFO     ___FILE_ONLY___ 

2024-11-27 19:07:29,626 INFO     ___FILE_ONLY___ -
2024-11-27 19:07:29,627 INFO     ___FILE_ONLY___  
2024-11-27 19:07:29,627 INFO     ___FILE_ONLY___ members
2024-11-27 19:07:29,627 INFO     ___FILE_ONLY___ :
2024-11-27 19:07:29,627 INFO     ___FILE_ONLY___ 

2024-11-27 19:07:29,627 INFO     ___FILE_ONLY___   
2024-11-27 19:07:29,627 INFO     ___FILE_ONLY___ -
2024-11-27 19:07:29,627 INFO     ___FILE_ONLY___  
2024-11-27 19:07:29,627 INFO     ___FILE_ONLY___ serviceAccount:service-644941739395@gcp-sa-cloudbuild.iam.gserviceaccount.com
2024-11-27 19:07:29,627 INFO     ___FILE_ONLY___ 

2024-11-27 19:07:29,627 INFO     ___FILE_ONLY___   
2024-11-27 19:07:29,627 INFO     ___FILE_ONLY___ role
2024-11-27 19:07:29,628 INFO     ___FILE_ONLY___ :
2024-11-27 19:07:29,628 INFO     ___FILE_ONLY___  
2024-11-27 19:07:29,628 INFO     ___FILE_ONLY___ roles/cloudbuild.serviceAgent
2024-11-27 19:07:29,628 INFO     ___FILE_ONLY___ 

2024-11-27 19:07:29,628 INFO     ___FILE_ONLY___ -
2024-11-27 19:07:29,628 INFO     ___FILE_ONLY___  
2024-11-27 19:07:29,628 INFO     ___FILE_ONLY___ members
2024-11-27 19:07:29,628 INFO     ___FILE_ONLY___ :
2024-11-27 19:07:29,628 INFO     ___FILE_ONLY___ 

2024-11-27 19:07:29,628 INFO     ___FILE_ONLY___   
2024-11-27 19:07:29,628 INFO     ___FILE_ONLY___ -
2024-11-27 19:07:29,629 INFO     ___FILE_ONLY___  
2024-11-27 19:07:29,629 INFO     ___FILE_ONLY___ serviceAccount:644941739395@cloudbuild.gserviceaccount.com
2024-11-27 19:07:29,629 INFO     ___FILE_ONLY___ 

2024-11-27 19:07:29,629 INFO     ___FILE_ONLY___   
2024-11-27 19:07:29,629 INFO     ___FILE_ONLY___ role
2024-11-27 19:07:29,629 INFO     ___FILE_ONLY___ :
2024-11-27 19:07:29,629 INFO     ___FILE_ONLY___  
2024-11-27 19:07:29,629 INFO     ___FILE_ONLY___ roles/cloudfunctions.developer
2024-11-27 19:07:29,629 INFO     ___FILE_ONLY___ 

2024-11-27 19:07:29,629 INFO     ___FILE_ONLY___ -
2024-11-27 19:07:29,629 INFO     ___FILE_ONLY___  
2024-11-27 19:07:29,629 INFO     ___FILE_ONLY___ members
2024-11-27 19:07:29,630 INFO     ___FILE_ONLY___ :
2024-11-27 19:07:29,630 INFO     ___FILE_ONLY___ 

2024-11-27 19:07:29,630 INFO     ___FILE_ONLY___   
2024-11-27 19:07:29,630 INFO     ___FILE_ONLY___ -
2024-11-27 19:07:29,630 INFO     ___FILE_ONLY___  
2024-11-27 19:07:29,630 INFO     ___FILE_ONLY___ serviceAccount:service-644941739395@gcf-admin-robot.iam.gserviceaccount.com
2024-11-27 19:07:29,630 INFO     ___FILE_ONLY___ 

2024-11-27 19:07:29,630 INFO     ___FILE_ONLY___   
2024-11-27 19:07:29,630 INFO     ___FILE_ONLY___ role
2024-11-27 19:07:29,630 INFO     ___FILE_ONLY___ :
2024-11-27 19:07:29,630 INFO     ___FILE_ONLY___  
2024-11-27 19:07:29,630 INFO     ___FILE_ONLY___ roles/cloudfunctions.serviceAgent
2024-11-27 19:07:29,631 INFO     ___FILE_ONLY___ 

2024-11-27 19:07:29,631 INFO     ___FILE_ONLY___ -
2024-11-27 19:07:29,631 INFO     ___FILE_ONLY___  
2024-11-27 19:07:29,631 INFO     ___FILE_ONLY___ members
2024-11-27 19:07:29,631 INFO     ___FILE_ONLY___ :
2024-11-27 19:07:29,631 INFO     ___FILE_ONLY___ 

2024-11-27 19:07:29,631 INFO     ___FILE_ONLY___   
2024-11-27 19:07:29,631 INFO     ___FILE_ONLY___ -
2024-11-27 19:07:29,631 INFO     ___FILE_ONLY___  
2024-11-27 19:07:29,631 INFO     ___FILE_ONLY___ serviceAccount:vm-creater-account@inspired-photon-441609-k7.iam.gserviceaccount.com
2024-11-27 19:07:29,631 INFO     ___FILE_ONLY___ 

2024-11-27 19:07:29,632 INFO     ___FILE_ONLY___   
2024-11-27 19:07:29,632 INFO     ___FILE_ONLY___ role
2024-11-27 19:07:29,632 INFO     ___FILE_ONLY___ :
2024-11-27 19:07:29,632 INFO     ___FILE_ONLY___  
2024-11-27 19:07:29,632 INFO     ___FILE_ONLY___ roles/compute.instanceAdmin.v1
2024-11-27 19:07:29,632 INFO     ___FILE_ONLY___ 

2024-11-27 19:07:29,632 INFO     ___FILE_ONLY___ -
2024-11-27 19:07:29,632 INFO     ___FILE_ONLY___  
2024-11-27 19:07:29,632 INFO     ___FILE_ONLY___ members
2024-11-27 19:07:29,633 INFO     ___FILE_ONLY___ :
2024-11-27 19:07:29,633 INFO     ___FILE_ONLY___ 

2024-11-27 19:07:29,633 INFO     ___FILE_ONLY___   
2024-11-27 19:07:29,633 INFO     ___FILE_ONLY___ -
2024-11-27 19:07:29,633 INFO     ___FILE_ONLY___  
2024-11-27 19:07:29,634 INFO     ___FILE_ONLY___ serviceAccount:vm-creater-account@inspired-photon-441609-k7.iam.gserviceaccount.com
2024-11-27 19:07:29,634 INFO     ___FILE_ONLY___ 

2024-11-27 19:07:29,634 INFO     ___FILE_ONLY___   
2024-11-27 19:07:29,634 INFO     ___FILE_ONLY___ role
2024-11-27 19:07:29,634 INFO     ___FILE_ONLY___ :
2024-11-27 19:07:29,634 INFO     ___FILE_ONLY___  
2024-11-27 19:07:29,634 INFO     ___FILE_ONLY___ roles/compute.networkUser
2024-11-27 19:07:29,635 INFO     ___FILE_ONLY___ 

2024-11-27 19:07:29,635 INFO     ___FILE_ONLY___ -
2024-11-27 19:07:29,635 INFO     ___FILE_ONLY___  
2024-11-27 19:07:29,635 INFO     ___FILE_ONLY___ members
2024-11-27 19:07:29,635 INFO     ___FILE_ONLY___ :
2024-11-27 19:07:29,635 INFO     ___FILE_ONLY___ 

2024-11-27 19:07:29,636 INFO     ___FILE_ONLY___   
2024-11-27 19:07:29,636 INFO     ___FILE_ONLY___ -
2024-11-27 19:07:29,636 INFO     ___FILE_ONLY___  
2024-11-27 19:07:29,636 INFO     ___FILE_ONLY___ serviceAccount:service-644941739395@compute-system.iam.gserviceaccount.com
2024-11-27 19:07:29,636 INFO     ___FILE_ONLY___ 

2024-11-27 19:07:29,636 INFO     ___FILE_ONLY___   
2024-11-27 19:07:29,636 INFO     ___FILE_ONLY___ role
2024-11-27 19:07:29,636 INFO     ___FILE_ONLY___ :
2024-11-27 19:07:29,636 INFO     ___FILE_ONLY___  
2024-11-27 19:07:29,636 INFO     ___FILE_ONLY___ roles/compute.serviceAgent
2024-11-27 19:07:29,636 INFO     ___FILE_ONLY___ 

2024-11-27 19:07:29,637 INFO     ___FILE_ONLY___ -
2024-11-27 19:07:29,637 INFO     ___FILE_ONLY___  
2024-11-27 19:07:29,637 INFO     ___FILE_ONLY___ members
2024-11-27 19:07:29,637 INFO     ___FILE_ONLY___ :
2024-11-27 19:07:29,637 INFO     ___FILE_ONLY___ 

2024-11-27 19:07:29,637 INFO     ___FILE_ONLY___   
2024-11-27 19:07:29,637 INFO     ___FILE_ONLY___ -
2024-11-27 19:07:29,637 INFO     ___FILE_ONLY___  
2024-11-27 19:07:29,638 INFO     ___FILE_ONLY___ serviceAccount:service-644941739395@containerregistry.iam.gserviceaccount.com
2024-11-27 19:07:29,638 INFO     ___FILE_ONLY___ 

2024-11-27 19:07:29,638 INFO     ___FILE_ONLY___   
2024-11-27 19:07:29,638 INFO     ___FILE_ONLY___ role
2024-11-27 19:07:29,638 INFO     ___FILE_ONLY___ :
2024-11-27 19:07:29,638 INFO     ___FILE_ONLY___  
2024-11-27 19:07:29,638 INFO     ___FILE_ONLY___ roles/containerregistry.ServiceAgent
2024-11-27 19:07:29,638 INFO     ___FILE_ONLY___ 

2024-11-27 19:07:29,638 INFO     ___FILE_ONLY___ -
2024-11-27 19:07:29,639 INFO     ___FILE_ONLY___  
2024-11-27 19:07:29,639 INFO     ___FILE_ONLY___ members
2024-11-27 19:07:29,639 INFO     ___FILE_ONLY___ :
2024-11-27 19:07:29,639 INFO     ___FILE_ONLY___ 

2024-11-27 19:07:29,639 INFO     ___FILE_ONLY___   
2024-11-27 19:07:29,639 INFO     ___FILE_ONLY___ -
2024-11-27 19:07:29,639 INFO     ___FILE_ONLY___  
2024-11-27 19:07:29,639 INFO     ___FILE_ONLY___ serviceAccount:644941739395-compute@developer.gserviceaccount.com
2024-11-27 19:07:29,639 INFO     ___FILE_ONLY___ 

2024-11-27 19:07:29,639 INFO     ___FILE_ONLY___   
2024-11-27 19:07:29,639 INFO     ___FILE_ONLY___ -
2024-11-27 19:07:29,640 INFO     ___FILE_ONLY___  
2024-11-27 19:07:29,640 INFO     ___FILE_ONLY___ serviceAccount:644941739395@cloudservices.gserviceaccount.com
2024-11-27 19:07:29,640 INFO     ___FILE_ONLY___ 

2024-11-27 19:07:29,640 INFO     ___FILE_ONLY___   
2024-11-27 19:07:29,640 INFO     ___FILE_ONLY___ -
2024-11-27 19:07:29,640 INFO     ___FILE_ONLY___  
2024-11-27 19:07:29,640 INFO     ___FILE_ONLY___ serviceAccount:inspired-photon-441609-k7@appspot.gserviceaccount.com
2024-11-27 19:07:29,640 INFO     ___FILE_ONLY___ 

2024-11-27 19:07:29,640 INFO     ___FILE_ONLY___   
2024-11-27 19:07:29,640 INFO     ___FILE_ONLY___ -
2024-11-27 19:07:29,640 INFO     ___FILE_ONLY___  
2024-11-27 19:07:29,640 INFO     ___FILE_ONLY___ serviceAccount:vm-creater-account@inspired-photon-441609-k7.iam.gserviceaccount.com
2024-11-27 19:07:29,641 INFO     ___FILE_ONLY___ 

2024-11-27 19:07:29,641 INFO     ___FILE_ONLY___   
2024-11-27 19:07:29,641 INFO     ___FILE_ONLY___ role
2024-11-27 19:07:29,641 INFO     ___FILE_ONLY___ :
2024-11-27 19:07:29,641 INFO     ___FILE_ONLY___  
2024-11-27 19:07:29,641 INFO     ___FILE_ONLY___ roles/editor
2024-11-27 19:07:29,641 INFO     ___FILE_ONLY___ 

2024-11-27 19:07:29,642 INFO     ___FILE_ONLY___ -
2024-11-27 19:07:29,642 INFO     ___FILE_ONLY___  
2024-11-27 19:07:29,642 INFO     ___FILE_ONLY___ members
2024-11-27 19:07:29,642 INFO     ___FILE_ONLY___ :
2024-11-27 19:07:29,642 INFO     ___FILE_ONLY___ 

2024-11-27 19:07:29,643 INFO     ___FILE_ONLY___   
2024-11-27 19:07:29,643 INFO     ___FILE_ONLY___ -
2024-11-27 19:07:29,644 INFO     ___FILE_ONLY___  
2024-11-27 19:07:29,644 INFO     ___FILE_ONLY___ serviceAccount:service-644941739395@gcp-sa-eventarc.iam.gserviceaccount.com
2024-11-27 19:07:29,644 INFO     ___FILE_ONLY___ 

2024-11-27 19:07:29,644 INFO     ___FILE_ONLY___   
2024-11-27 19:07:29,645 INFO     ___FILE_ONLY___ role
2024-11-27 19:07:29,645 INFO     ___FILE_ONLY___ :
2024-11-27 19:07:29,645 INFO     ___FILE_ONLY___  
2024-11-27 19:07:29,645 INFO     ___FILE_ONLY___ roles/eventarc.serviceAgent
2024-11-27 19:07:29,645 INFO     ___FILE_ONLY___ 

2024-11-27 19:07:29,645 INFO     ___FILE_ONLY___ -
2024-11-27 19:07:29,645 INFO     ___FILE_ONLY___  
2024-11-27 19:07:29,646 INFO     ___FILE_ONLY___ members
2024-11-27 19:07:29,646 INFO     ___FILE_ONLY___ :
2024-11-27 19:07:29,646 INFO     ___FILE_ONLY___ 

2024-11-27 19:07:29,646 INFO     ___FILE_ONLY___   
2024-11-27 19:07:29,647 INFO     ___FILE_ONLY___ -
2024-11-27 19:07:29,647 INFO     ___FILE_ONLY___  
2024-11-27 19:07:29,647 INFO     ___FILE_ONLY___ serviceAccount:trigger-account@inspired-photon-441609-k7.iam.gserviceaccount.com
2024-11-27 19:07:29,647 INFO     ___FILE_ONLY___ 

2024-11-27 19:07:29,647 INFO     ___FILE_ONLY___   
2024-11-27 19:07:29,647 INFO     ___FILE_ONLY___ role
2024-11-27 19:07:29,647 INFO     ___FILE_ONLY___ :
2024-11-27 19:07:29,647 INFO     ___FILE_ONLY___  
2024-11-27 19:07:29,647 INFO     ___FILE_ONLY___ roles/iam.roleAdmin
2024-11-27 19:07:29,648 INFO     ___FILE_ONLY___ 

2024-11-27 19:07:29,648 INFO     ___FILE_ONLY___ -
2024-11-27 19:07:29,648 INFO     ___FILE_ONLY___  
2024-11-27 19:07:29,648 INFO     ___FILE_ONLY___ members
2024-11-27 19:07:29,649 INFO     ___FILE_ONLY___ :
2024-11-27 19:07:29,649 INFO     ___FILE_ONLY___ 

2024-11-27 19:07:29,649 INFO     ___FILE_ONLY___   
2024-11-27 19:07:29,649 INFO     ___FILE_ONLY___ -
2024-11-27 19:07:29,650 INFO     ___FILE_ONLY___  
2024-11-27 19:07:29,651 INFO     ___FILE_ONLY___ serviceAccount:644941739395@cloudbuild.gserviceaccount.com
2024-11-27 19:07:29,651 INFO     ___FILE_ONLY___ 

2024-11-27 19:07:29,651 INFO     ___FILE_ONLY___   
2024-11-27 19:07:29,652 INFO     ___FILE_ONLY___ -
2024-11-27 19:07:29,652 INFO     ___FILE_ONLY___  
2024-11-27 19:07:29,652 INFO     ___FILE_ONLY___ serviceAccount:vm-creater-account@inspired-photon-441609-k7.iam.gserviceaccount.com
2024-11-27 19:07:29,652 INFO     ___FILE_ONLY___ 

2024-11-27 19:07:29,652 INFO     ___FILE_ONLY___   
2024-11-27 19:07:29,652 INFO     ___FILE_ONLY___ role
2024-11-27 19:07:29,652 INFO     ___FILE_ONLY___ :
2024-11-27 19:07:29,652 INFO     ___FILE_ONLY___  
2024-11-27 19:07:29,653 INFO     ___FILE_ONLY___ roles/iam.serviceAccountUser
2024-11-27 19:07:29,653 INFO     ___FILE_ONLY___ 

2024-11-27 19:07:29,653 INFO     ___FILE_ONLY___ -
2024-11-27 19:07:29,653 INFO     ___FILE_ONLY___  
2024-11-27 19:07:29,653 INFO     ___FILE_ONLY___ members
2024-11-27 19:07:29,653 INFO     ___FILE_ONLY___ :
2024-11-27 19:07:29,653 INFO     ___FILE_ONLY___ 

2024-11-27 19:07:29,653 INFO     ___FILE_ONLY___   
2024-11-27 19:07:29,653 INFO     ___FILE_ONLY___ -
2024-11-27 19:07:29,653 INFO     ___FILE_ONLY___  
2024-11-27 19:07:29,653 INFO     ___FILE_ONLY___ user:das03285@gmail.com
2024-11-27 19:07:29,654 INFO     ___FILE_ONLY___ 

2024-11-27 19:07:29,654 INFO     ___FILE_ONLY___   
2024-11-27 19:07:29,654 INFO     ___FILE_ONLY___ role
2024-11-27 19:07:29,654 INFO     ___FILE_ONLY___ :
2024-11-27 19:07:29,654 INFO     ___FILE_ONLY___  
2024-11-27 19:07:29,654 INFO     ___FILE_ONLY___ roles/owner
2024-11-27 19:07:29,654 INFO     ___FILE_ONLY___ 

2024-11-27 19:07:29,654 INFO     ___FILE_ONLY___ -
2024-11-27 19:07:29,654 INFO     ___FILE_ONLY___  
2024-11-27 19:07:29,654 INFO     ___FILE_ONLY___ members
2024-11-27 19:07:29,654 INFO     ___FILE_ONLY___ :
2024-11-27 19:07:29,655 INFO     ___FILE_ONLY___ 

2024-11-27 19:07:29,655 INFO     ___FILE_ONLY___   
2024-11-27 19:07:29,655 INFO     ___FILE_ONLY___ -
2024-11-27 19:07:29,655 INFO     ___FILE_ONLY___  
2024-11-27 19:07:29,655 INFO     ___FILE_ONLY___ serviceAccount:service-644941739395@gcp-sa-pubsub.iam.gserviceaccount.com
2024-11-27 19:07:29,655 INFO     ___FILE_ONLY___ 

2024-11-27 19:07:29,655 INFO     ___FILE_ONLY___   
2024-11-27 19:07:29,655 INFO     ___FILE_ONLY___ role
2024-11-27 19:07:29,655 INFO     ___FILE_ONLY___ :
2024-11-27 19:07:29,655 INFO     ___FILE_ONLY___  
2024-11-27 19:07:29,655 INFO     ___FILE_ONLY___ roles/pubsub.serviceAgent
2024-11-27 19:07:29,656 INFO     ___FILE_ONLY___ 

2024-11-27 19:07:29,656 INFO     ___FILE_ONLY___ -
2024-11-27 19:07:29,656 INFO     ___FILE_ONLY___  
2024-11-27 19:07:29,656 INFO     ___FILE_ONLY___ members
2024-11-27 19:07:29,656 INFO     ___FILE_ONLY___ :
2024-11-27 19:07:29,656 INFO     ___FILE_ONLY___ 

2024-11-27 19:07:29,656 INFO     ___FILE_ONLY___   
2024-11-27 19:07:29,656 INFO     ___FILE_ONLY___ -
2024-11-27 19:07:29,656 INFO     ___FILE_ONLY___  
2024-11-27 19:07:29,656 INFO     ___FILE_ONLY___ serviceAccount:trigger-account@inspired-photon-441609-k7.iam.gserviceaccount.com
2024-11-27 19:07:29,656 INFO     ___FILE_ONLY___ 

2024-11-27 19:07:29,656 INFO     ___FILE_ONLY___   
2024-11-27 19:07:29,657 INFO     ___FILE_ONLY___ role
2024-11-27 19:07:29,657 INFO     ___FILE_ONLY___ :
2024-11-27 19:07:29,657 INFO     ___FILE_ONLY___  
2024-11-27 19:07:29,657 INFO     ___FILE_ONLY___ roles/resourcemanager.projectIamAdmin
2024-11-27 19:07:29,657 INFO     ___FILE_ONLY___ 

2024-11-27 19:07:29,657 INFO     ___FILE_ONLY___ -
2024-11-27 19:07:29,657 INFO     ___FILE_ONLY___  
2024-11-27 19:07:29,657 INFO     ___FILE_ONLY___ members
2024-11-27 19:07:29,657 INFO     ___FILE_ONLY___ :
2024-11-27 19:07:29,657 INFO     ___FILE_ONLY___ 

2024-11-27 19:07:29,657 INFO     ___FILE_ONLY___   
2024-11-27 19:07:29,658 INFO     ___FILE_ONLY___ -
2024-11-27 19:07:29,658 INFO     ___FILE_ONLY___  
2024-11-27 19:07:29,658 INFO     ___FILE_ONLY___ serviceAccount:service-644941739395@serverless-robot-prod.iam.gserviceaccount.com
2024-11-27 19:07:29,658 INFO     ___FILE_ONLY___ 

2024-11-27 19:07:29,658 INFO     ___FILE_ONLY___   
2024-11-27 19:07:29,658 INFO     ___FILE_ONLY___ role
2024-11-27 19:07:29,658 INFO     ___FILE_ONLY___ :
2024-11-27 19:07:29,658 INFO     ___FILE_ONLY___  
2024-11-27 19:07:29,658 INFO     ___FILE_ONLY___ roles/run.serviceAgent
2024-11-27 19:07:29,658 INFO     ___FILE_ONLY___ 

2024-11-27 19:07:29,658 INFO     ___FILE_ONLY___ etag
2024-11-27 19:07:29,659 INFO     ___FILE_ONLY___ :
2024-11-27 19:07:29,659 INFO     ___FILE_ONLY___  
2024-11-27 19:07:29,659 INFO     ___FILE_ONLY___ BwYn6a1bW6Y=
2024-11-27 19:07:29,659 INFO     ___FILE_ONLY___ 

2024-11-27 19:07:29,659 INFO     ___FILE_ONLY___ version
2024-11-27 19:07:29,659 INFO     ___FILE_ONLY___ :
2024-11-27 19:07:29,659 INFO     ___FILE_ONLY___  
2024-11-27 19:07:29,659 INFO     ___FILE_ONLY___ 1
2024-11-27 19:07:29,659 INFO     ___FILE_ONLY___ 

2024-11-27 19:07:29,660 DEBUG    root            SDK update checks are disabled.
