2024-11-27 19:30:58,822 DEBUG    root            Loaded Command Group: ['gcloud', 'projects']
2024-11-27 19:30:58,863 DEBUG    root            Loaded Command Group: ['gcloud', 'projects', 'add_iam_policy_binding']
2024-11-27 19:30:58,877 DEBUG    root            Running [gcloud.projects.add-iam-policy-binding] with arguments: [--member: "serviceAccount:service-644941739395@gs-project-accounts.iam.gserviceaccount.com", --role: "roles/pubsub.publisher", PROJECT_ID: "inspired-photon-441609-k7"]
2024-11-27 19:30:59,038 DEBUG    urllib3.connectionpool Starting new HTTPS connection (1): cloudresourcemanager.googleapis.com:443
2024-11-27 19:30:59,235 DEBUG    urllib3.connectionpool https://cloudresourcemanager.googleapis.com:443 "POST /v1/projects/inspired-photon-441609-k7:getIamPolicy?alt=json HTTP/1.1" 200 None
2024-11-27 19:30:59,376 DEBUG    urllib3.connectionpool Starting new HTTPS connection (1): cloudresourcemanager.googleapis.com:443
2024-11-27 19:30:59,888 DEBUG    urllib3.connectionpool https://cloudresourcemanager.googleapis.com:443 "POST /v1/projects/inspired-photon-441609-k7:setIamPolicy?alt=json HTTP/1.1" 200 None
2024-11-27 19:30:59,892 INFO     ___FILE_ONLY___ Updated IAM policy for project [inspired-photon-441609-k7].

2024-11-27 19:30:59,892 DEBUG    root            Chosen display Format:default
2024-11-27 19:30:59,893 INFO     root            Display format: "default"
2024-11-27 19:31:00,037 INFO     ___FILE_ONLY___ bindings
2024-11-27 19:31:00,037 INFO     ___FILE_ONLY___ :
2024-11-27 19:31:00,038 INFO     ___FILE_ONLY___ 

2024-11-27 19:31:00,038 INFO     ___FILE_ONLY___ -
2024-11-27 19:31:00,038 INFO     ___FILE_ONLY___  
2024-11-27 19:31:00,038 INFO     ___FILE_ONLY___ members
2024-11-27 19:31:00,038 INFO     ___FILE_ONLY___ :
2024-11-27 19:31:00,038 INFO     ___FILE_ONLY___ 

2024-11-27 19:31:00,038 INFO     ___FILE_ONLY___   
2024-11-27 19:31:00,038 INFO     ___FILE_ONLY___ -
2024-11-27 19:31:00,039 INFO     ___FILE_ONLY___  
2024-11-27 19:31:00,039 INFO     ___FILE_ONLY___ serviceAccount:trigger-account@inspired-photon-441609-k7.iam.gserviceaccount.com
2024-11-27 19:31:00,039 INFO     ___FILE_ONLY___ 

2024-11-27 19:31:00,039 INFO     ___FILE_ONLY___   
2024-11-27 19:31:00,039 INFO     ___FILE_ONLY___ role
2024-11-27 19:31:00,039 INFO     ___FILE_ONLY___ :
2024-11-27 19:31:00,039 INFO     ___FILE_ONLY___  
2024-11-27 19:31:00,039 INFO     ___FILE_ONLY___ projects/inspired-photon-441609-k7/roles/main_custom_role_18
2024-11-27 19:31:00,039 INFO     ___FILE_ONLY___ 

2024-11-27 19:31:00,040 INFO     ___FILE_ONLY___ -
2024-11-27 19:31:00,040 INFO     ___FILE_ONLY___  
2024-11-27 19:31:00,040 INFO     ___FILE_ONLY___ members
2024-11-27 19:31:00,040 INFO     ___FILE_ONLY___ :
2024-11-27 19:31:00,040 INFO     ___FILE_ONLY___ 

2024-11-27 19:31:00,040 INFO     ___FILE_ONLY___   
2024-11-27 19:31:00,040 INFO     ___FILE_ONLY___ -
2024-11-27 19:31:00,040 INFO     ___FILE_ONLY___  
2024-11-27 19:31:00,040 INFO     ___FILE_ONLY___ serviceAccount:service-644941739395@gcp-sa-artifactregistry.iam.gserviceaccount.com
2024-11-27 19:31:00,040 INFO     ___FILE_ONLY___ 

2024-11-27 19:31:00,040 INFO     ___FILE_ONLY___   
2024-11-27 19:31:00,041 INFO     ___FILE_ONLY___ role
2024-11-27 19:31:00,041 INFO     ___FILE_ONLY___ :
2024-11-27 19:31:00,041 INFO     ___FILE_ONLY___  
2024-11-27 19:31:00,041 INFO     ___FILE_ONLY___ roles/artifactregistry.serviceAgent
2024-11-27 19:31:00,041 INFO     ___FILE_ONLY___ 

2024-11-27 19:31:00,041 INFO     ___FILE_ONLY___ -
2024-11-27 19:31:00,041 INFO     ___FILE_ONLY___  
2024-11-27 19:31:00,042 INFO     ___FILE_ONLY___ members
2024-11-27 19:31:00,042 INFO     ___FILE_ONLY___ :
2024-11-27 19:31:00,042 INFO     ___FILE_ONLY___ 

2024-11-27 19:31:00,042 INFO     ___FILE_ONLY___   
2024-11-27 19:31:00,042 INFO     ___FILE_ONLY___ -
2024-11-27 19:31:00,042 INFO     ___FILE_ONLY___  
2024-11-27 19:31:00,042 INFO     ___FILE_ONLY___ serviceAccount:644941739395@cloudbuild.gserviceaccount.com
2024-11-27 19:31:00,042 INFO     ___FILE_ONLY___ 

2024-11-27 19:31:00,042 INFO     ___FILE_ONLY___   
2024-11-27 19:31:00,043 INFO     ___FILE_ONLY___ role
2024-11-27 19:31:00,043 INFO     ___FILE_ONLY___ :
2024-11-27 19:31:00,043 INFO     ___FILE_ONLY___  
2024-11-27 19:31:00,043 INFO     ___FILE_ONLY___ roles/cloudbuild.builds.builder
2024-11-27 19:31:00,043 INFO     ___FILE_ONLY___ 

2024-11-27 19:31:00,043 INFO     ___FILE_ONLY___ -
2024-11-27 19:31:00,043 INFO     ___FILE_ONLY___  
2024-11-27 19:31:00,043 INFO     ___FILE_ONLY___ members
2024-11-27 19:31:00,043 INFO     ___FILE_ONLY___ :
2024-11-27 19:31:00,044 INFO     ___FILE_ONLY___ 

2024-11-27 19:31:00,044 INFO     ___FILE_ONLY___   
2024-11-27 19:31:00,044 INFO     ___FILE_ONLY___ -
2024-11-27 19:31:00,044 INFO     ___FILE_ONLY___  
2024-11-27 19:31:00,044 INFO     ___FILE_ONLY___ serviceAccount:service-644941739395@gcp-sa-cloudbuild.iam.gserviceaccount.com
2024-11-27 19:31:00,044 INFO     ___FILE_ONLY___ 

2024-11-27 19:31:00,044 INFO     ___FILE_ONLY___   
2024-11-27 19:31:00,044 INFO     ___FILE_ONLY___ role
2024-11-27 19:31:00,044 INFO     ___FILE_ONLY___ :
2024-11-27 19:31:00,044 INFO     ___FILE_ONLY___  
2024-11-27 19:31:00,044 INFO     ___FILE_ONLY___ roles/cloudbuild.serviceAgent
2024-11-27 19:31:00,045 INFO     ___FILE_ONLY___ 

2024-11-27 19:31:00,045 INFO     ___FILE_ONLY___ -
2024-11-27 19:31:00,045 INFO     ___FILE_ONLY___  
2024-11-27 19:31:00,045 INFO     ___FILE_ONLY___ members
2024-11-27 19:31:00,045 INFO     ___FILE_ONLY___ :
2024-11-27 19:31:00,045 INFO     ___FILE_ONLY___ 

2024-11-27 19:31:00,045 INFO     ___FILE_ONLY___   
2024-11-27 19:31:00,045 INFO     ___FILE_ONLY___ -
2024-11-27 19:31:00,045 INFO     ___FILE_ONLY___  
2024-11-27 19:31:00,045 INFO     ___FILE_ONLY___ serviceAccount:644941739395@cloudbuild.gserviceaccount.com
2024-11-27 19:31:00,045 INFO     ___FILE_ONLY___ 

2024-11-27 19:31:00,046 INFO     ___FILE_ONLY___   
2024-11-27 19:31:00,046 INFO     ___FILE_ONLY___ role
2024-11-27 19:31:00,046 INFO     ___FILE_ONLY___ :
2024-11-27 19:31:00,046 INFO     ___FILE_ONLY___  
2024-11-27 19:31:00,046 INFO     ___FILE_ONLY___ roles/cloudfunctions.developer
2024-11-27 19:31:00,046 INFO     ___FILE_ONLY___ 

2024-11-27 19:31:00,046 INFO     ___FILE_ONLY___ -
2024-11-27 19:31:00,046 INFO     ___FILE_ONLY___  
2024-11-27 19:31:00,046 INFO     ___FILE_ONLY___ members
2024-11-27 19:31:00,046 INFO     ___FILE_ONLY___ :
2024-11-27 19:31:00,046 INFO     ___FILE_ONLY___ 

2024-11-27 19:31:00,047 INFO     ___FILE_ONLY___   
2024-11-27 19:31:00,047 INFO     ___FILE_ONLY___ -
2024-11-27 19:31:00,047 INFO     ___FILE_ONLY___  
2024-11-27 19:31:00,047 INFO     ___FILE_ONLY___ serviceAccount:service-644941739395@gcf-admin-robot.iam.gserviceaccount.com
2024-11-27 19:31:00,047 INFO     ___FILE_ONLY___ 

2024-11-27 19:31:00,047 INFO     ___FILE_ONLY___   
2024-11-27 19:31:00,047 INFO     ___FILE_ONLY___ role
2024-11-27 19:31:00,047 INFO     ___FILE_ONLY___ :
2024-11-27 19:31:00,047 INFO     ___FILE_ONLY___  
2024-11-27 19:31:00,047 INFO     ___FILE_ONLY___ roles/cloudfunctions.serviceAgent
2024-11-27 19:31:00,047 INFO     ___FILE_ONLY___ 

2024-11-27 19:31:00,048 INFO     ___FILE_ONLY___ -
2024-11-27 19:31:00,048 INFO     ___FILE_ONLY___  
2024-11-27 19:31:00,048 INFO     ___FILE_ONLY___ members
2024-11-27 19:31:00,048 INFO     ___FILE_ONLY___ :
2024-11-27 19:31:00,048 INFO     ___FILE_ONLY___ 

2024-11-27 19:31:00,048 INFO     ___FILE_ONLY___   
2024-11-27 19:31:00,048 INFO     ___FILE_ONLY___ -
2024-11-27 19:31:00,048 INFO     ___FILE_ONLY___  
2024-11-27 19:31:00,048 INFO     ___FILE_ONLY___ serviceAccount:vm-creater-account@inspired-photon-441609-k7.iam.gserviceaccount.com
2024-11-27 19:31:00,048 INFO     ___FILE_ONLY___ 

2024-11-27 19:31:00,048 INFO     ___FILE_ONLY___   
2024-11-27 19:31:00,048 INFO     ___FILE_ONLY___ role
2024-11-27 19:31:00,049 INFO     ___FILE_ONLY___ :
2024-11-27 19:31:00,049 INFO     ___FILE_ONLY___  
2024-11-27 19:31:00,049 INFO     ___FILE_ONLY___ roles/compute.instanceAdmin.v1
2024-11-27 19:31:00,049 INFO     ___FILE_ONLY___ 

2024-11-27 19:31:00,049 INFO     ___FILE_ONLY___ -
2024-11-27 19:31:00,049 INFO     ___FILE_ONLY___  
2024-11-27 19:31:00,049 INFO     ___FILE_ONLY___ members
2024-11-27 19:31:00,049 INFO     ___FILE_ONLY___ :
2024-11-27 19:31:00,049 INFO     ___FILE_ONLY___ 

2024-11-27 19:31:00,049 INFO     ___FILE_ONLY___   
2024-11-27 19:31:00,049 INFO     ___FILE_ONLY___ -
2024-11-27 19:31:00,050 INFO     ___FILE_ONLY___  
2024-11-27 19:31:00,050 INFO     ___FILE_ONLY___ serviceAccount:vm-creater-account@inspired-photon-441609-k7.iam.gserviceaccount.com
2024-11-27 19:31:00,050 INFO     ___FILE_ONLY___ 

2024-11-27 19:31:00,050 INFO     ___FILE_ONLY___   
2024-11-27 19:31:00,050 INFO     ___FILE_ONLY___ role
2024-11-27 19:31:00,050 INFO     ___FILE_ONLY___ :
2024-11-27 19:31:00,050 INFO     ___FILE_ONLY___  
2024-11-27 19:31:00,050 INFO     ___FILE_ONLY___ roles/compute.networkUser
2024-11-27 19:31:00,050 INFO     ___FILE_ONLY___ 

2024-11-27 19:31:00,050 INFO     ___FILE_ONLY___ -
2024-11-27 19:31:00,051 INFO     ___FILE_ONLY___  
2024-11-27 19:31:00,051 INFO     ___FILE_ONLY___ members
2024-11-27 19:31:00,051 INFO     ___FILE_ONLY___ :
2024-11-27 19:31:00,051 INFO     ___FILE_ONLY___ 

2024-11-27 19:31:00,051 INFO     ___FILE_ONLY___   
2024-11-27 19:31:00,051 INFO     ___FILE_ONLY___ -
2024-11-27 19:31:00,051 INFO     ___FILE_ONLY___  
2024-11-27 19:31:00,051 INFO     ___FILE_ONLY___ serviceAccount:service-644941739395@compute-system.iam.gserviceaccount.com
2024-11-27 19:31:00,051 INFO     ___FILE_ONLY___ 

2024-11-27 19:31:00,051 INFO     ___FILE_ONLY___   
2024-11-27 19:31:00,051 INFO     ___FILE_ONLY___ role
2024-11-27 19:31:00,052 INFO     ___FILE_ONLY___ :
2024-11-27 19:31:00,052 INFO     ___FILE_ONLY___  
2024-11-27 19:31:00,052 INFO     ___FILE_ONLY___ roles/compute.serviceAgent
2024-11-27 19:31:00,052 INFO     ___FILE_ONLY___ 

2024-11-27 19:31:00,052 INFO     ___FILE_ONLY___ -
2024-11-27 19:31:00,052 INFO     ___FILE_ONLY___  
2024-11-27 19:31:00,052 INFO     ___FILE_ONLY___ members
2024-11-27 19:31:00,052 INFO     ___FILE_ONLY___ :
2024-11-27 19:31:00,052 INFO     ___FILE_ONLY___ 

2024-11-27 19:31:00,052 INFO     ___FILE_ONLY___   
2024-11-27 19:31:00,052 INFO     ___FILE_ONLY___ -
2024-11-27 19:31:00,052 INFO     ___FILE_ONLY___  
2024-11-27 19:31:00,053 INFO     ___FILE_ONLY___ serviceAccount:service-644941739395@containerregistry.iam.gserviceaccount.com
2024-11-27 19:31:00,053 INFO     ___FILE_ONLY___ 

2024-11-27 19:31:00,053 INFO     ___FILE_ONLY___   
2024-11-27 19:31:00,053 INFO     ___FILE_ONLY___ role
2024-11-27 19:31:00,053 INFO     ___FILE_ONLY___ :
2024-11-27 19:31:00,053 INFO     ___FILE_ONLY___  
2024-11-27 19:31:00,053 INFO     ___FILE_ONLY___ roles/containerregistry.ServiceAgent
2024-11-27 19:31:00,053 INFO     ___FILE_ONLY___ 

2024-11-27 19:31:00,053 INFO     ___FILE_ONLY___ -
2024-11-27 19:31:00,053 INFO     ___FILE_ONLY___  
2024-11-27 19:31:00,053 INFO     ___FILE_ONLY___ members
2024-11-27 19:31:00,054 INFO     ___FILE_ONLY___ :
2024-11-27 19:31:00,054 INFO     ___FILE_ONLY___ 

2024-11-27 19:31:00,054 INFO     ___FILE_ONLY___   
2024-11-27 19:31:00,054 INFO     ___FILE_ONLY___ -
2024-11-27 19:31:00,054 INFO     ___FILE_ONLY___  
2024-11-27 19:31:00,054 INFO     ___FILE_ONLY___ serviceAccount:644941739395-compute@developer.gserviceaccount.com
2024-11-27 19:31:00,054 INFO     ___FILE_ONLY___ 

2024-11-27 19:31:00,054 INFO     ___FILE_ONLY___   
2024-11-27 19:31:00,054 INFO     ___FILE_ONLY___ -
2024-11-27 19:31:00,054 INFO     ___FILE_ONLY___  
2024-11-27 19:31:00,054 INFO     ___FILE_ONLY___ serviceAccount:644941739395@cloudservices.gserviceaccount.com
2024-11-27 19:31:00,054 INFO     ___FILE_ONLY___ 

2024-11-27 19:31:00,054 INFO     ___FILE_ONLY___   
2024-11-27 19:31:00,055 INFO     ___FILE_ONLY___ -
2024-11-27 19:31:00,055 INFO     ___FILE_ONLY___  
2024-11-27 19:31:00,055 INFO     ___FILE_ONLY___ serviceAccount:inspired-photon-441609-k7@appspot.gserviceaccount.com
2024-11-27 19:31:00,055 INFO     ___FILE_ONLY___ 

2024-11-27 19:31:00,055 INFO     ___FILE_ONLY___   
2024-11-27 19:31:00,055 INFO     ___FILE_ONLY___ -
2024-11-27 19:31:00,055 INFO     ___FILE_ONLY___  
2024-11-27 19:31:00,055 INFO     ___FILE_ONLY___ serviceAccount:vm-creater-account@inspired-photon-441609-k7.iam.gserviceaccount.com
2024-11-27 19:31:00,055 INFO     ___FILE_ONLY___ 

2024-11-27 19:31:00,055 INFO     ___FILE_ONLY___   
2024-11-27 19:31:00,055 INFO     ___FILE_ONLY___ role
2024-11-27 19:31:00,056 INFO     ___FILE_ONLY___ :
2024-11-27 19:31:00,056 INFO     ___FILE_ONLY___  
2024-11-27 19:31:00,056 INFO     ___FILE_ONLY___ roles/editor
2024-11-27 19:31:00,056 INFO     ___FILE_ONLY___ 

2024-11-27 19:31:00,056 INFO     ___FILE_ONLY___ -
2024-11-27 19:31:00,056 INFO     ___FILE_ONLY___  
2024-11-27 19:31:00,056 INFO     ___FILE_ONLY___ members
2024-11-27 19:31:00,056 INFO     ___FILE_ONLY___ :
2024-11-27 19:31:00,056 INFO     ___FILE_ONLY___ 

2024-11-27 19:31:00,056 INFO     ___FILE_ONLY___   
2024-11-27 19:31:00,056 INFO     ___FILE_ONLY___ -
2024-11-27 19:31:00,056 INFO     ___FILE_ONLY___  
2024-11-27 19:31:00,056 INFO     ___FILE_ONLY___ serviceAccount:service-644941739395@gcp-sa-eventarc.iam.gserviceaccount.com
2024-11-27 19:31:00,057 INFO     ___FILE_ONLY___ 

2024-11-27 19:31:00,057 INFO     ___FILE_ONLY___   
2024-11-27 19:31:00,057 INFO     ___FILE_ONLY___ role
2024-11-27 19:31:00,057 INFO     ___FILE_ONLY___ :
2024-11-27 19:31:00,057 INFO     ___FILE_ONLY___  
2024-11-27 19:31:00,057 INFO     ___FILE_ONLY___ roles/eventarc.serviceAgent
2024-11-27 19:31:00,057 INFO     ___FILE_ONLY___ 

2024-11-27 19:31:00,057 INFO     ___FILE_ONLY___ -
2024-11-27 19:31:00,057 INFO     ___FILE_ONLY___  
2024-11-27 19:31:00,057 INFO     ___FILE_ONLY___ members
2024-11-27 19:31:00,057 INFO     ___FILE_ONLY___ :
2024-11-27 19:31:00,057 INFO     ___FILE_ONLY___ 

2024-11-27 19:31:00,058 INFO     ___FILE_ONLY___   
2024-11-27 19:31:00,058 INFO     ___FILE_ONLY___ -
2024-11-27 19:31:00,058 INFO     ___FILE_ONLY___  
2024-11-27 19:31:00,058 INFO     ___FILE_ONLY___ serviceAccount:trigger-account@inspired-photon-441609-k7.iam.gserviceaccount.com
2024-11-27 19:31:00,058 INFO     ___FILE_ONLY___ 

2024-11-27 19:31:00,058 INFO     ___FILE_ONLY___   
2024-11-27 19:31:00,058 INFO     ___FILE_ONLY___ role
2024-11-27 19:31:00,058 INFO     ___FILE_ONLY___ :
2024-11-27 19:31:00,058 INFO     ___FILE_ONLY___  
2024-11-27 19:31:00,058 INFO     ___FILE_ONLY___ roles/iam.roleAdmin
2024-11-27 19:31:00,058 INFO     ___FILE_ONLY___ 

2024-11-27 19:31:00,059 INFO     ___FILE_ONLY___ -
2024-11-27 19:31:00,059 INFO     ___FILE_ONLY___  
2024-11-27 19:31:00,059 INFO     ___FILE_ONLY___ members
2024-11-27 19:31:00,059 INFO     ___FILE_ONLY___ :
2024-11-27 19:31:00,059 INFO     ___FILE_ONLY___ 

2024-11-27 19:31:00,059 INFO     ___FILE_ONLY___   
2024-11-27 19:31:00,059 INFO     ___FILE_ONLY___ -
2024-11-27 19:31:00,059 INFO     ___FILE_ONLY___  
2024-11-27 19:31:00,059 INFO     ___FILE_ONLY___ serviceAccount:644941739395@cloudbuild.gserviceaccount.com
2024-11-27 19:31:00,059 INFO     ___FILE_ONLY___ 

2024-11-27 19:31:00,059 INFO     ___FILE_ONLY___   
2024-11-27 19:31:00,059 INFO     ___FILE_ONLY___ -
2024-11-27 19:31:00,059 INFO     ___FILE_ONLY___  
2024-11-27 19:31:00,060 INFO     ___FILE_ONLY___ serviceAccount:vm-creater-account@inspired-photon-441609-k7.iam.gserviceaccount.com
2024-11-27 19:31:00,060 INFO     ___FILE_ONLY___ 

2024-11-27 19:31:00,060 INFO     ___FILE_ONLY___   
2024-11-27 19:31:00,060 INFO     ___FILE_ONLY___ role
2024-11-27 19:31:00,060 INFO     ___FILE_ONLY___ :
2024-11-27 19:31:00,060 INFO     ___FILE_ONLY___  
2024-11-27 19:31:00,060 INFO     ___FILE_ONLY___ roles/iam.serviceAccountUser
2024-11-27 19:31:00,060 INFO     ___FILE_ONLY___ 

2024-11-27 19:31:00,060 INFO     ___FILE_ONLY___ -
2024-11-27 19:31:00,060 INFO     ___FILE_ONLY___  
2024-11-27 19:31:00,060 INFO     ___FILE_ONLY___ members
2024-11-27 19:31:00,060 INFO     ___FILE_ONLY___ :
2024-11-27 19:31:00,061 INFO     ___FILE_ONLY___ 

2024-11-27 19:31:00,061 INFO     ___FILE_ONLY___   
2024-11-27 19:31:00,061 INFO     ___FILE_ONLY___ -
2024-11-27 19:31:00,061 INFO     ___FILE_ONLY___  
2024-11-27 19:31:00,061 INFO     ___FILE_ONLY___ user:das03285@gmail.com
2024-11-27 19:31:00,061 INFO     ___FILE_ONLY___ 

2024-11-27 19:31:00,061 INFO     ___FILE_ONLY___   
2024-11-27 19:31:00,061 INFO     ___FILE_ONLY___ role
2024-11-27 19:31:00,061 INFO     ___FILE_ONLY___ :
2024-11-27 19:31:00,061 INFO     ___FILE_ONLY___  
2024-11-27 19:31:00,061 INFO     ___FILE_ONLY___ roles/owner
2024-11-27 19:31:00,061 INFO     ___FILE_ONLY___ 

2024-11-27 19:31:00,062 INFO     ___FILE_ONLY___ -
2024-11-27 19:31:00,062 INFO     ___FILE_ONLY___  
2024-11-27 19:31:00,062 INFO     ___FILE_ONLY___ members
2024-11-27 19:31:00,062 INFO     ___FILE_ONLY___ :
2024-11-27 19:31:00,062 INFO     ___FILE_ONLY___ 

2024-11-27 19:31:00,062 INFO     ___FILE_ONLY___   
2024-11-27 19:31:00,062 INFO     ___FILE_ONLY___ -
2024-11-27 19:31:00,062 INFO     ___FILE_ONLY___  
2024-11-27 19:31:00,062 INFO     ___FILE_ONLY___ serviceAccount:service-644941739395@gs-project-accounts.iam.gserviceaccount.com
2024-11-27 19:31:00,062 INFO     ___FILE_ONLY___ 

2024-11-27 19:31:00,062 INFO     ___FILE_ONLY___   
2024-11-27 19:31:00,062 INFO     ___FILE_ONLY___ role
2024-11-27 19:31:00,063 INFO     ___FILE_ONLY___ :
2024-11-27 19:31:00,063 INFO     ___FILE_ONLY___  
2024-11-27 19:31:00,063 INFO     ___FILE_ONLY___ roles/pubsub.publisher
2024-11-27 19:31:00,063 INFO     ___FILE_ONLY___ 

2024-11-27 19:31:00,063 INFO     ___FILE_ONLY___ -
2024-11-27 19:31:00,063 INFO     ___FILE_ONLY___  
2024-11-27 19:31:00,063 INFO     ___FILE_ONLY___ members
2024-11-27 19:31:00,063 INFO     ___FILE_ONLY___ :
2024-11-27 19:31:00,063 INFO     ___FILE_ONLY___ 

2024-11-27 19:31:00,063 INFO     ___FILE_ONLY___   
2024-11-27 19:31:00,064 INFO     ___FILE_ONLY___ -
2024-11-27 19:31:00,064 INFO     ___FILE_ONLY___  
2024-11-27 19:31:00,064 INFO     ___FILE_ONLY___ serviceAccount:service-644941739395@gcp-sa-pubsub.iam.gserviceaccount.com
2024-11-27 19:31:00,064 INFO     ___FILE_ONLY___ 

2024-11-27 19:31:00,064 INFO     ___FILE_ONLY___   
2024-11-27 19:31:00,065 INFO     ___FILE_ONLY___ role
2024-11-27 19:31:00,065 INFO     ___FILE_ONLY___ :
2024-11-27 19:31:00,065 INFO     ___FILE_ONLY___  
2024-11-27 19:31:00,065 INFO     ___FILE_ONLY___ roles/pubsub.serviceAgent
2024-11-27 19:31:00,065 INFO     ___FILE_ONLY___ 

2024-11-27 19:31:00,065 INFO     ___FILE_ONLY___ -
2024-11-27 19:31:00,065 INFO     ___FILE_ONLY___  
2024-11-27 19:31:00,065 INFO     ___FILE_ONLY___ members
2024-11-27 19:31:00,065 INFO     ___FILE_ONLY___ :
2024-11-27 19:31:00,065 INFO     ___FILE_ONLY___ 

2024-11-27 19:31:00,065 INFO     ___FILE_ONLY___   
2024-11-27 19:31:00,065 INFO     ___FILE_ONLY___ -
2024-11-27 19:31:00,066 INFO     ___FILE_ONLY___  
2024-11-27 19:31:00,066 INFO     ___FILE_ONLY___ serviceAccount:trigger-account@inspired-photon-441609-k7.iam.gserviceaccount.com
2024-11-27 19:31:00,066 INFO     ___FILE_ONLY___ 

2024-11-27 19:31:00,066 INFO     ___FILE_ONLY___   
2024-11-27 19:31:00,066 INFO     ___FILE_ONLY___ role
2024-11-27 19:31:00,066 INFO     ___FILE_ONLY___ :
2024-11-27 19:31:00,066 INFO     ___FILE_ONLY___  
2024-11-27 19:31:00,066 INFO     ___FILE_ONLY___ roles/resourcemanager.projectIamAdmin
2024-11-27 19:31:00,066 INFO     ___FILE_ONLY___ 

2024-11-27 19:31:00,066 INFO     ___FILE_ONLY___ -
2024-11-27 19:31:00,066 INFO     ___FILE_ONLY___  
2024-11-27 19:31:00,067 INFO     ___FILE_ONLY___ members
2024-11-27 19:31:00,067 INFO     ___FILE_ONLY___ :
2024-11-27 19:31:00,067 INFO     ___FILE_ONLY___ 

2024-11-27 19:31:00,067 INFO     ___FILE_ONLY___   
2024-11-27 19:31:00,067 INFO     ___FILE_ONLY___ -
2024-11-27 19:31:00,067 INFO     ___FILE_ONLY___  
2024-11-27 19:31:00,067 INFO     ___FILE_ONLY___ serviceAccount:service-644941739395@serverless-robot-prod.iam.gserviceaccount.com
2024-11-27 19:31:00,067 INFO     ___FILE_ONLY___ 

2024-11-27 19:31:00,067 INFO     ___FILE_ONLY___   
2024-11-27 19:31:00,067 INFO     ___FILE_ONLY___ role
2024-11-27 19:31:00,067 INFO     ___FILE_ONLY___ :
2024-11-27 19:31:00,068 INFO     ___FILE_ONLY___  
2024-11-27 19:31:00,068 INFO     ___FILE_ONLY___ roles/run.serviceAgent
2024-11-27 19:31:00,068 INFO     ___FILE_ONLY___ 

2024-11-27 19:31:00,068 INFO     ___FILE_ONLY___ etag
2024-11-27 19:31:00,068 INFO     ___FILE_ONLY___ :
2024-11-27 19:31:00,068 INFO     ___FILE_ONLY___  
2024-11-27 19:31:00,068 INFO     ___FILE_ONLY___ BwYn6gFq26s=
2024-11-27 19:31:00,068 INFO     ___FILE_ONLY___ 

2024-11-27 19:31:00,068 INFO     ___FILE_ONLY___ version
2024-11-27 19:31:00,068 INFO     ___FILE_ONLY___ :
2024-11-27 19:31:00,068 INFO     ___FILE_ONLY___  
2024-11-27 19:31:00,069 INFO     ___FILE_ONLY___ 1
2024-11-27 19:31:00,069 INFO     ___FILE_ONLY___ 

2024-11-27 19:31:00,069 DEBUG    root            SDK update checks are disabled.
