2024-11-27 19:32:49,389 DEBUG    root            Loaded Command Group: ['gcloud', 'functions']
2024-11-27 19:32:49,746 DEBUG    root            Loaded Command Group: ['gcloud', 'functions', 'deploy']
2024-11-27 19:32:49,781 DEBUG    root            Running [gcloud.functions.deploy] with arguments: [--entry-point: "send_email", --runtime: "python312", --set-env-vars: "OrderedDict([('SENDGRID_API_KEY', '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')])", --source: ".", --trigger-topic: "gcs-trigger-topic", NAME: "pubsub-to-email"]
2024-11-27 19:32:49,943 DEBUG    urllib3.connectionpool Starting new HTTPS connection (1): cloudfunctions.googleapis.com:443
2024-11-27 19:32:50,038 DEBUG    urllib3.connectionpool https://cloudfunctions.googleapis.com:443 "GET /v2/projects/inspired-photon-441609-k7/locations/us-central1/functions/pubsub-to-email?alt=json HTTP/1.1" 404 None
2024-11-27 19:32:50,041 INFO     ___FILE_ONLY___ As of this Cloud SDK release, new functions will be deployed as 2nd gen  functions by default. This is equivalent to currently deploying new  with the --gen2 flag. Existing 1st gen functions will not be impacted and will continue to deploy as 1st gen functions.
You can disable this behavior by explicitly specifying the --no-gen2 flag or by setting the functions/gen2 config property to 'off'.
To learn more about the differences between 1st gen and 2nd gen functions, visit:
https://cloud.google.com/functions/docs/concepts/version-comparison

2024-11-27 19:32:50,170 DEBUG    urllib3.connectionpool Starting new HTTPS connection (1): cloudfunctions.googleapis.com:443
2024-11-27 19:32:50,256 DEBUG    urllib3.connectionpool https://cloudfunctions.googleapis.com:443 "GET /v2/projects/inspired-photon-441609-k7/locations/us-central1/functions/pubsub-to-email?alt=json HTTP/1.1" 404 None
2024-11-27 19:32:50,260 DEBUG    urllib3.connectionpool Starting new HTTPS connection (1): cloudfunctions.googleapis.com:443
2024-11-27 19:32:50,346 DEBUG    urllib3.connectionpool https://cloudfunctions.googleapis.com:443 "GET /v2/projects/inspired-photon-441609-k7/locations/us-central1/runtimes?alt=json HTTP/1.1" 200 None
2024-11-27 19:32:50,494 DEBUG    urllib3.connectionpool Starting new HTTPS connection (1): cloudresourcemanager.googleapis.com:443
2024-11-27 19:32:50,586 DEBUG    urllib3.connectionpool https://cloudresourcemanager.googleapis.com:443 "GET /v1/projects/inspired-photon-441609-k7?alt=json HTTP/1.1" 200 None
2024-11-27 19:32:50,720 DEBUG    urllib3.connectionpool Starting new HTTPS connection (1): cloudresourcemanager.googleapis.com:443
2024-11-27 19:32:50,829 DEBUG    urllib3.connectionpool https://cloudresourcemanager.googleapis.com:443 "POST /v1/projects/inspired-photon-441609-k7:getIamPolicy?alt=json HTTP/1.1" 200 None
2024-11-27 19:32:50,834 INFO     root            Not using ignore file.
2024-11-27 19:32:59,834 DEBUG    urllib3.connectionpool Starting new HTTPS connection (1): cloudfunctions.googleapis.com:443
2024-11-27 19:32:59,980 DEBUG    urllib3.connectionpool https://cloudfunctions.googleapis.com:443 "POST /v2/projects/inspired-photon-441609-k7/locations/us-central1/functions:generateUploadUrl?alt=json HTTP/1.1" 200 None
2024-11-27 19:33:00,032 DEBUG    urllib3.connectionpool Starting new HTTPS connection (1): storage.googleapis.com:443
2024-11-27 19:33:00,596 DEBUG    urllib3.connectionpool https://storage.googleapis.com:443 "PUT /gcf-v2-uploads-644941739395.us-central1.cloudfunctions.appspot.com/a52d7f3d-d9e5-4217-b7a4-6cdb27f6e316.zip?GoogleAccessId=service-644941739395%40gcf-admin-robot.iam.gserviceaccount.com&Expires=1732737779&Signature=QbaiKul%2FBFIof9j6jy4uPQR9Iov2U6KGewi8xRLTuRU7rnfEkc3tFvGnD%2Bv9%2FSAXwrJbz%2BVsTNCBvDrs9wrV11z%2BnfevOsDzmRjb%2BKuecyJBSRmFMiyqRz1dEd77xZ6PQpSs%2BGRjQgyVIkpRwqNYhtQSI7EQTUga2I5xI%2FAdRRUbpOuWiX79TtiIDdjmuDgCqmDdHRu6Sz66oAoyTuP2MrJIxMG3KeQTiDMFBIS4%2FDiR5bElSOoIv6oy2zRBR7iV36J7zTkPR6J4Fwt8ZbeNkUxXpE%2BAoDzYqJoS7w%2F7vnb640P6lgmR9ELbt5DYz924Hu0zOQx278NIa2SPA9ETOQ%3D%3D HTTP/1.1" 200 0
2024-11-27 19:33:00,685 DEBUG    urllib3.connectionpool Starting new HTTPS connection (1): serviceusage.googleapis.com:443
2024-11-27 19:33:00,825 DEBUG    urllib3.connectionpool https://serviceusage.googleapis.com:443 "GET /v1/projects/inspired-photon-441609-k7/services/run.googleapis.com?alt=json HTTP/1.1" 403 None
2024-11-27 19:33:00,828 INFO     root            Could not verify if service run.googleapis.com is enabled: missing permission 'serviceusage.services.get'.
2024-11-27 19:33:00,896 DEBUG    urllib3.connectionpool Starting new HTTPS connection (1): serviceusage.googleapis.com:443
2024-11-27 19:33:01,124 DEBUG    urllib3.connectionpool https://serviceusage.googleapis.com:443 "GET /v1/projects/inspired-photon-441609-k7/services/cloudbuild.googleapis.com?alt=json HTTP/1.1" 403 None
2024-11-27 19:33:01,127 INFO     root            Could not verify if service cloudbuild.googleapis.com is enabled: missing permission 'serviceusage.services.get'.
2024-11-27 19:33:01,194 DEBUG    urllib3.connectionpool Starting new HTTPS connection (1): serviceusage.googleapis.com:443
2024-11-27 19:33:01,520 DEBUG    urllib3.connectionpool https://serviceusage.googleapis.com:443 "GET /v1/projects/inspired-photon-441609-k7/services/artifactregistry.googleapis.com?alt=json HTTP/1.1" 403 None
2024-11-27 19:33:01,523 INFO     root            Could not verify if service artifactregistry.googleapis.com is enabled: missing permission 'serviceusage.services.get'.
2024-11-27 19:33:01,682 DEBUG    urllib3.connectionpool Starting new HTTPS connection (1): cloudbuild.googleapis.com:443
2024-11-27 19:33:01,796 DEBUG    urllib3.connectionpool https://cloudbuild.googleapis.com:443 "GET /v1/projects/inspired-photon-441609-k7/locations/us-central1/defaultServiceAccount?alt=json HTTP/1.1" 200 None
2024-11-27 19:33:01,935 DEBUG    urllib3.connectionpool Starting new HTTPS connection (1): cloudresourcemanager.googleapis.com:443
2024-11-27 19:33:02,032 DEBUG    urllib3.connectionpool https://cloudresourcemanager.googleapis.com:443 "GET /v1/projects/inspired-photon-441609-k7?alt=json HTTP/1.1" 200 None
2024-11-27 19:33:02,167 DEBUG    urllib3.connectionpool Starting new HTTPS connection (1): cloudresourcemanager.googleapis.com:443
2024-11-27 19:33:02,336 DEBUG    urllib3.connectionpool https://cloudresourcemanager.googleapis.com:443 "POST /v1/projects/inspired-photon-441609-k7:getIamPolicy?alt=json HTTP/1.1" 200 None
2024-11-27 19:33:02,349 DEBUG    urllib3.connectionpool Starting new HTTPS connection (1): cloudfunctions.googleapis.com:443
2024-11-27 19:33:02,941 DEBUG    urllib3.connectionpool https://cloudfunctions.googleapis.com:443 "POST /v2/projects/inspired-photon-441609-k7/locations/us-central1/functions?alt=json&functionId=pubsub-to-email HTTP/1.1" 200 None
2024-11-27 19:33:02,944 INFO     ___FILE_ONLY___ Preparing function...
2024-11-27 19:33:02,947 DEBUG    urllib3.connectionpool Starting new HTTPS connection (1): cloudfunctions.googleapis.com:443
2024-11-27 19:33:03,034 DEBUG    urllib3.connectionpool https://cloudfunctions.googleapis.com:443 "GET /v2/projects/inspired-photon-441609-k7/locations/us-central1/operations/operation-1732735982441-627ea08b915d7-75b5b520-502066ad?alt=json HTTP/1.1" 200 None
2024-11-27 19:33:04,632 DEBUG    urllib3.connectionpool Starting new HTTPS connection (1): cloudfunctions.googleapis.com:443
2024-11-27 19:33:04,700 DEBUG    urllib3.connectionpool https://cloudfunctions.googleapis.com:443 "GET /v2/projects/inspired-photon-441609-k7/locations/us-central1/operations/operation-1732735982441-627ea08b915d7-75b5b520-502066ad?alt=json HTTP/1.1" 200 None
2024-11-27 19:33:04,750 INFO     ___FILE_ONLY___ Deploying function...
2024-11-27 19:33:04,753 DEBUG    urllib3.connectionpool Starting new HTTPS connection (1): cloudfunctions.googleapis.com:443
2024-11-27 19:33:04,847 DEBUG    urllib3.connectionpool https://cloudfunctions.googleapis.com:443 "GET /v2/projects/inspired-photon-441609-k7/locations/us-central1/operations/operation-1732735982441-627ea08b915d7-75b5b520-502066ad?alt=json HTTP/1.1" 200 None
2024-11-27 19:33:06,777 DEBUG    urllib3.connectionpool Starting new HTTPS connection (1): cloudfunctions.googleapis.com:443
2024-11-27 19:33:06,855 DEBUG    urllib3.connectionpool https://cloudfunctions.googleapis.com:443 "GET /v2/projects/inspired-photon-441609-k7/locations/us-central1/operations/operation-1732735982441-627ea08b915d7-75b5b520-502066ad?alt=json HTTP/1.1" 200 None
2024-11-27 19:33:08,757 DEBUG    urllib3.connectionpool Starting new HTTPS connection (1): cloudfunctions.googleapis.com:443
2024-11-27 19:33:08,821 DEBUG    urllib3.connectionpool https://cloudfunctions.googleapis.com:443 "GET /v2/projects/inspired-photon-441609-k7/locations/us-central1/operations/operation-1732735982441-627ea08b915d7-75b5b520-502066ad?alt=json HTTP/1.1" 200 None
2024-11-27 19:33:10,012 DEBUG    urllib3.connectionpool Starting new HTTPS connection (1): cloudfunctions.googleapis.com:443
2024-11-27 19:33:10,097 DEBUG    urllib3.connectionpool https://cloudfunctions.googleapis.com:443 "GET /v2/projects/inspired-photon-441609-k7/locations/us-central1/operations/operation-1732735982441-627ea08b915d7-75b5b520-502066ad?alt=json HTTP/1.1" 200 None
2024-11-27 19:33:11,802 DEBUG    urllib3.connectionpool Starting new HTTPS connection (1): cloudfunctions.googleapis.com:443
2024-11-27 19:33:11,875 DEBUG    urllib3.connectionpool https://cloudfunctions.googleapis.com:443 "GET /v2/projects/inspired-photon-441609-k7/locations/us-central1/operations/operation-1732735982441-627ea08b915d7-75b5b520-502066ad?alt=json HTTP/1.1" 200 None
2024-11-27 19:33:13,254 DEBUG    urllib3.connectionpool Starting new HTTPS connection (1): cloudfunctions.googleapis.com:443
2024-11-27 19:33:13,336 DEBUG    urllib3.connectionpool https://cloudfunctions.googleapis.com:443 "GET /v2/projects/inspired-photon-441609-k7/locations/us-central1/operations/operation-1732735982441-627ea08b915d7-75b5b520-502066ad?alt=json HTTP/1.1" 200 None
2024-11-27 19:33:14,782 DEBUG    urllib3.connectionpool Starting new HTTPS connection (1): cloudfunctions.googleapis.com:443
2024-11-27 19:33:14,866 DEBUG    urllib3.connectionpool https://cloudfunctions.googleapis.com:443 "GET /v2/projects/inspired-photon-441609-k7/locations/us-central1/operations/operation-1732735982441-627ea08b915d7-75b5b520-502066ad?alt=json HTTP/1.1" 200 None
2024-11-27 19:33:16,096 DEBUG    urllib3.connectionpool Starting new HTTPS connection (1): cloudfunctions.googleapis.com:443
2024-11-27 19:33:16,182 DEBUG    urllib3.connectionpool https://cloudfunctions.googleapis.com:443 "GET /v2/projects/inspired-photon-441609-k7/locations/us-central1/operations/operation-1732735982441-627ea08b915d7-75b5b520-502066ad?alt=json HTTP/1.1" 200 None
2024-11-27 19:33:17,669 DEBUG    urllib3.connectionpool Starting new HTTPS connection (1): cloudfunctions.googleapis.com:443
2024-11-27 19:33:17,761 DEBUG    urllib3.connectionpool https://cloudfunctions.googleapis.com:443 "GET /v2/projects/inspired-photon-441609-k7/locations/us-central1/operations/operation-1732735982441-627ea08b915d7-75b5b520-502066ad?alt=json HTTP/1.1" 200 None
2024-11-27 19:33:19,656 DEBUG    urllib3.connectionpool Starting new HTTPS connection (1): cloudfunctions.googleapis.com:443
2024-11-27 19:33:19,731 DEBUG    urllib3.connectionpool https://cloudfunctions.googleapis.com:443 "GET /v2/projects/inspired-photon-441609-k7/locations/us-central1/operations/operation-1732735982441-627ea08b915d7-75b5b520-502066ad?alt=json HTTP/1.1" 200 None
2024-11-27 19:33:20,874 DEBUG    urllib3.connectionpool Starting new HTTPS connection (1): cloudfunctions.googleapis.com:443
2024-11-27 19:33:20,952 DEBUG    urllib3.connectionpool https://cloudfunctions.googleapis.com:443 "GET /v2/projects/inspired-photon-441609-k7/locations/us-central1/operations/operation-1732735982441-627ea08b915d7-75b5b520-502066ad?alt=json HTTP/1.1" 200 None
2024-11-27 19:33:22,661 DEBUG    urllib3.connectionpool Starting new HTTPS connection (1): cloudfunctions.googleapis.com:443
2024-11-27 19:33:22,752 DEBUG    urllib3.connectionpool https://cloudfunctions.googleapis.com:443 "GET /v2/projects/inspired-photon-441609-k7/locations/us-central1/operations/operation-1732735982441-627ea08b915d7-75b5b520-502066ad?alt=json HTTP/1.1" 200 None
2024-11-27 19:33:24,103 DEBUG    urllib3.connectionpool Starting new HTTPS connection (1): cloudfunctions.googleapis.com:443
2024-11-27 19:33:24,162 DEBUG    urllib3.connectionpool https://cloudfunctions.googleapis.com:443 "GET /v2/projects/inspired-photon-441609-k7/locations/us-central1/operations/operation-1732735982441-627ea08b915d7-75b5b520-502066ad?alt=json HTTP/1.1" 200 None
2024-11-27 19:33:25,890 DEBUG    urllib3.connectionpool Starting new HTTPS connection (1): cloudfunctions.googleapis.com:443
2024-11-27 19:33:25,963 DEBUG    urllib3.connectionpool https://cloudfunctions.googleapis.com:443 "GET /v2/projects/inspired-photon-441609-k7/locations/us-central1/operations/operation-1732735982441-627ea08b915d7-75b5b520-502066ad?alt=json HTTP/1.1" 200 None
2024-11-27 19:33:27,451 DEBUG    urllib3.connectionpool Starting new HTTPS connection (1): cloudfunctions.googleapis.com:443
2024-11-27 19:33:27,517 DEBUG    urllib3.connectionpool https://cloudfunctions.googleapis.com:443 "GET /v2/projects/inspired-photon-441609-k7/locations/us-central1/operations/operation-1732735982441-627ea08b915d7-75b5b520-502066ad?alt=json HTTP/1.1" 200 None
2024-11-27 19:33:28,620 DEBUG    urllib3.connectionpool Starting new HTTPS connection (1): cloudfunctions.googleapis.com:443
2024-11-27 19:33:28,690 DEBUG    urllib3.connectionpool https://cloudfunctions.googleapis.com:443 "GET /v2/projects/inspired-photon-441609-k7/locations/us-central1/operations/operation-1732735982441-627ea08b915d7-75b5b520-502066ad?alt=json HTTP/1.1" 200 None
2024-11-27 19:33:30,639 DEBUG    urllib3.connectionpool Starting new HTTPS connection (1): cloudfunctions.googleapis.com:443
2024-11-27 19:33:30,724 DEBUG    urllib3.connectionpool https://cloudfunctions.googleapis.com:443 "GET /v2/projects/inspired-photon-441609-k7/locations/us-central1/operations/operation-1732735982441-627ea08b915d7-75b5b520-502066ad?alt=json HTTP/1.1" 200 None
2024-11-27 19:33:31,831 DEBUG    urllib3.connectionpool Starting new HTTPS connection (1): cloudfunctions.googleapis.com:443
2024-11-27 19:33:31,895 DEBUG    urllib3.connectionpool https://cloudfunctions.googleapis.com:443 "GET /v2/projects/inspired-photon-441609-k7/locations/us-central1/operations/operation-1732735982441-627ea08b915d7-75b5b520-502066ad?alt=json HTTP/1.1" 200 None
2024-11-27 19:33:33,566 DEBUG    urllib3.connectionpool Starting new HTTPS connection (1): cloudfunctions.googleapis.com:443
2024-11-27 19:33:33,645 DEBUG    urllib3.connectionpool https://cloudfunctions.googleapis.com:443 "GET /v2/projects/inspired-photon-441609-k7/locations/us-central1/operations/operation-1732735982441-627ea08b915d7-75b5b520-502066ad?alt=json HTTP/1.1" 200 None
2024-11-27 19:33:35,461 DEBUG    urllib3.connectionpool Starting new HTTPS connection (1): cloudfunctions.googleapis.com:443
2024-11-27 19:33:35,545 DEBUG    urllib3.connectionpool https://cloudfunctions.googleapis.com:443 "GET /v2/projects/inspired-photon-441609-k7/locations/us-central1/operations/operation-1732735982441-627ea08b915d7-75b5b520-502066ad?alt=json HTTP/1.1" 200 None
2024-11-27 19:33:37,472 DEBUG    urllib3.connectionpool Starting new HTTPS connection (1): cloudfunctions.googleapis.com:443
2024-11-27 19:33:37,534 DEBUG    urllib3.connectionpool https://cloudfunctions.googleapis.com:443 "GET /v2/projects/inspired-photon-441609-k7/locations/us-central1/operations/operation-1732735982441-627ea08b915d7-75b5b520-502066ad?alt=json HTTP/1.1" 200 None
2024-11-27 19:33:38,697 DEBUG    urllib3.connectionpool Starting new HTTPS connection (1): cloudfunctions.googleapis.com:443
2024-11-27 19:33:38,759 DEBUG    urllib3.connectionpool https://cloudfunctions.googleapis.com:443 "GET /v2/projects/inspired-photon-441609-k7/locations/us-central1/operations/operation-1732735982441-627ea08b915d7-75b5b520-502066ad?alt=json HTTP/1.1" 200 None
2024-11-27 19:33:40,200 DEBUG    urllib3.connectionpool Starting new HTTPS connection (1): cloudfunctions.googleapis.com:443
2024-11-27 19:33:40,280 DEBUG    urllib3.connectionpool https://cloudfunctions.googleapis.com:443 "GET /v2/projects/inspired-photon-441609-k7/locations/us-central1/operations/operation-1732735982441-627ea08b915d7-75b5b520-502066ad?alt=json HTTP/1.1" 200 None
2024-11-27 19:33:42,228 DEBUG    urllib3.connectionpool Starting new HTTPS connection (1): cloudfunctions.googleapis.com:443
2024-11-27 19:33:42,291 DEBUG    urllib3.connectionpool https://cloudfunctions.googleapis.com:443 "GET /v2/projects/inspired-photon-441609-k7/locations/us-central1/operations/operation-1732735982441-627ea08b915d7-75b5b520-502066ad?alt=json HTTP/1.1" 200 None
2024-11-27 19:33:44,303 DEBUG    urllib3.connectionpool Starting new HTTPS connection (1): cloudfunctions.googleapis.com:443
2024-11-27 19:33:44,362 DEBUG    urllib3.connectionpool https://cloudfunctions.googleapis.com:443 "GET /v2/projects/inspired-photon-441609-k7/locations/us-central1/operations/operation-1732735982441-627ea08b915d7-75b5b520-502066ad?alt=json HTTP/1.1" 200 None
2024-11-27 19:33:45,750 DEBUG    urllib3.connectionpool Starting new HTTPS connection (1): cloudfunctions.googleapis.com:443
2024-11-27 19:33:45,820 DEBUG    urllib3.connectionpool https://cloudfunctions.googleapis.com:443 "GET /v2/projects/inspired-photon-441609-k7/locations/us-central1/operations/operation-1732735982441-627ea08b915d7-75b5b520-502066ad?alt=json HTTP/1.1" 200 None
2024-11-27 19:33:47,790 DEBUG    urllib3.connectionpool Starting new HTTPS connection (1): cloudfunctions.googleapis.com:443
2024-11-27 19:33:47,850 DEBUG    urllib3.connectionpool https://cloudfunctions.googleapis.com:443 "GET /v2/projects/inspired-photon-441609-k7/locations/us-central1/operations/operation-1732735982441-627ea08b915d7-75b5b520-502066ad?alt=json HTTP/1.1" 200 None
2024-11-27 19:33:49,208 DEBUG    urllib3.connectionpool Starting new HTTPS connection (1): cloudfunctions.googleapis.com:443
2024-11-27 19:33:49,293 DEBUG    urllib3.connectionpool https://cloudfunctions.googleapis.com:443 "GET /v2/projects/inspired-photon-441609-k7/locations/us-central1/operations/operation-1732735982441-627ea08b915d7-75b5b520-502066ad?alt=json HTTP/1.1" 200 None
2024-11-27 19:33:50,422 DEBUG    urllib3.connectionpool Starting new HTTPS connection (1): cloudfunctions.googleapis.com:443
2024-11-27 19:33:50,485 DEBUG    urllib3.connectionpool https://cloudfunctions.googleapis.com:443 "GET /v2/projects/inspired-photon-441609-k7/locations/us-central1/operations/operation-1732735982441-627ea08b915d7-75b5b520-502066ad?alt=json HTTP/1.1" 200 None
2024-11-27 19:33:52,195 DEBUG    urllib3.connectionpool Starting new HTTPS connection (1): cloudfunctions.googleapis.com:443
2024-11-27 19:33:52,260 DEBUG    urllib3.connectionpool https://cloudfunctions.googleapis.com:443 "GET /v2/projects/inspired-photon-441609-k7/locations/us-central1/operations/operation-1732735982441-627ea08b915d7-75b5b520-502066ad?alt=json HTTP/1.1" 200 None
2024-11-27 19:33:54,163 DEBUG    urllib3.connectionpool Starting new HTTPS connection (1): cloudfunctions.googleapis.com:443
2024-11-27 19:33:54,228 DEBUG    urllib3.connectionpool https://cloudfunctions.googleapis.com:443 "GET /v2/projects/inspired-photon-441609-k7/locations/us-central1/operations/operation-1732735982441-627ea08b915d7-75b5b520-502066ad?alt=json HTTP/1.1" 200 None
2024-11-27 19:33:55,843 DEBUG    urllib3.connectionpool Starting new HTTPS connection (1): cloudfunctions.googleapis.com:443
2024-11-27 19:33:55,906 DEBUG    urllib3.connectionpool https://cloudfunctions.googleapis.com:443 "GET /v2/projects/inspired-photon-441609-k7/locations/us-central1/operations/operation-1732735982441-627ea08b915d7-75b5b520-502066ad?alt=json HTTP/1.1" 200 None
2024-11-27 19:33:57,627 DEBUG    urllib3.connectionpool Starting new HTTPS connection (1): cloudfunctions.googleapis.com:443
2024-11-27 19:33:57,700 DEBUG    urllib3.connectionpool https://cloudfunctions.googleapis.com:443 "GET /v2/projects/inspired-photon-441609-k7/locations/us-central1/operations/operation-1732735982441-627ea08b915d7-75b5b520-502066ad?alt=json HTTP/1.1" 200 None
2024-11-27 19:33:59,176 DEBUG    urllib3.connectionpool Starting new HTTPS connection (1): cloudfunctions.googleapis.com:443
2024-11-27 19:33:59,237 DEBUG    urllib3.connectionpool https://cloudfunctions.googleapis.com:443 "GET /v2/projects/inspired-photon-441609-k7/locations/us-central1/operations/operation-1732735982441-627ea08b915d7-75b5b520-502066ad?alt=json HTTP/1.1" 200 None
2024-11-27 19:34:00,567 DEBUG    urllib3.connectionpool Starting new HTTPS connection (1): cloudfunctions.googleapis.com:443
2024-11-27 19:34:00,648 DEBUG    urllib3.connectionpool https://cloudfunctions.googleapis.com:443 "GET /v2/projects/inspired-photon-441609-k7/locations/us-central1/operations/operation-1732735982441-627ea08b915d7-75b5b520-502066ad?alt=json HTTP/1.1" 200 None
2024-11-27 19:34:02,213 DEBUG    urllib3.connectionpool Starting new HTTPS connection (1): cloudfunctions.googleapis.com:443
2024-11-27 19:34:02,281 DEBUG    urllib3.connectionpool https://cloudfunctions.googleapis.com:443 "GET /v2/projects/inspired-photon-441609-k7/locations/us-central1/operations/operation-1732735982441-627ea08b915d7-75b5b520-502066ad?alt=json HTTP/1.1" 200 None
2024-11-27 19:34:04,170 DEBUG    urllib3.connectionpool Starting new HTTPS connection (1): cloudfunctions.googleapis.com:443
2024-11-27 19:34:04,230 DEBUG    urllib3.connectionpool https://cloudfunctions.googleapis.com:443 "GET /v2/projects/inspired-photon-441609-k7/locations/us-central1/operations/operation-1732735982441-627ea08b915d7-75b5b520-502066ad?alt=json HTTP/1.1" 200 None
2024-11-27 19:34:05,874 DEBUG    urllib3.connectionpool Starting new HTTPS connection (1): cloudfunctions.googleapis.com:443
2024-11-27 19:34:05,959 DEBUG    urllib3.connectionpool https://cloudfunctions.googleapis.com:443 "GET /v2/projects/inspired-photon-441609-k7/locations/us-central1/operations/operation-1732735982441-627ea08b915d7-75b5b520-502066ad?alt=json HTTP/1.1" 200 None
2024-11-27 19:34:07,329 DEBUG    urllib3.connectionpool Starting new HTTPS connection (1): cloudfunctions.googleapis.com:443
2024-11-27 19:34:07,418 DEBUG    urllib3.connectionpool https://cloudfunctions.googleapis.com:443 "GET /v2/projects/inspired-photon-441609-k7/locations/us-central1/operations/operation-1732735982441-627ea08b915d7-75b5b520-502066ad?alt=json HTTP/1.1" 200 None
2024-11-27 19:34:08,545 DEBUG    urllib3.connectionpool Starting new HTTPS connection (1): cloudfunctions.googleapis.com:443
2024-11-27 19:34:08,620 DEBUG    urllib3.connectionpool https://cloudfunctions.googleapis.com:443 "GET /v2/projects/inspired-photon-441609-k7/locations/us-central1/operations/operation-1732735982441-627ea08b915d7-75b5b520-502066ad?alt=json HTTP/1.1" 200 None
2024-11-27 19:34:09,829 DEBUG    urllib3.connectionpool Starting new HTTPS connection (1): cloudfunctions.googleapis.com:443
2024-11-27 19:34:09,892 DEBUG    urllib3.connectionpool https://cloudfunctions.googleapis.com:443 "GET /v2/projects/inspired-photon-441609-k7/locations/us-central1/operations/operation-1732735982441-627ea08b915d7-75b5b520-502066ad?alt=json HTTP/1.1" 200 None
2024-11-27 19:34:11,750 DEBUG    urllib3.connectionpool Starting new HTTPS connection (1): cloudfunctions.googleapis.com:443
2024-11-27 19:34:11,827 DEBUG    urllib3.connectionpool https://cloudfunctions.googleapis.com:443 "GET /v2/projects/inspired-photon-441609-k7/locations/us-central1/operations/operation-1732735982441-627ea08b915d7-75b5b520-502066ad?alt=json HTTP/1.1" 200 None
2024-11-27 19:34:13,164 DEBUG    urllib3.connectionpool Starting new HTTPS connection (1): cloudfunctions.googleapis.com:443
2024-11-27 19:34:13,235 DEBUG    urllib3.connectionpool https://cloudfunctions.googleapis.com:443 "GET /v2/projects/inspired-photon-441609-k7/locations/us-central1/operations/operation-1732735982441-627ea08b915d7-75b5b520-502066ad?alt=json HTTP/1.1" 200 None
2024-11-27 19:34:14,663 DEBUG    urllib3.connectionpool Starting new HTTPS connection (1): cloudfunctions.googleapis.com:443
2024-11-27 19:34:14,754 DEBUG    urllib3.connectionpool https://cloudfunctions.googleapis.com:443 "GET /v2/projects/inspired-photon-441609-k7/locations/us-central1/operations/operation-1732735982441-627ea08b915d7-75b5b520-502066ad?alt=json HTTP/1.1" 200 None
2024-11-27 19:34:16,186 DEBUG    urllib3.connectionpool Starting new HTTPS connection (1): cloudfunctions.googleapis.com:443
2024-11-27 19:34:16,258 DEBUG    urllib3.connectionpool https://cloudfunctions.googleapis.com:443 "GET /v2/projects/inspired-photon-441609-k7/locations/us-central1/operations/operation-1732735982441-627ea08b915d7-75b5b520-502066ad?alt=json HTTP/1.1" 200 None
2024-11-27 19:34:17,601 DEBUG    urllib3.connectionpool Starting new HTTPS connection (1): cloudfunctions.googleapis.com:443
2024-11-27 19:34:17,665 DEBUG    urllib3.connectionpool https://cloudfunctions.googleapis.com:443 "GET /v2/projects/inspired-photon-441609-k7/locations/us-central1/operations/operation-1732735982441-627ea08b915d7-75b5b520-502066ad?alt=json HTTP/1.1" 200 None
2024-11-27 19:34:19,380 DEBUG    urllib3.connectionpool Starting new HTTPS connection (1): cloudfunctions.googleapis.com:443
2024-11-27 19:34:19,440 DEBUG    urllib3.connectionpool https://cloudfunctions.googleapis.com:443 "GET /v2/projects/inspired-photon-441609-k7/locations/us-central1/operations/operation-1732735982441-627ea08b915d7-75b5b520-502066ad?alt=json HTTP/1.1" 200 None
2024-11-27 19:34:21,095 DEBUG    urllib3.connectionpool Starting new HTTPS connection (1): cloudfunctions.googleapis.com:443
2024-11-27 19:34:21,161 DEBUG    urllib3.connectionpool https://cloudfunctions.googleapis.com:443 "GET /v2/projects/inspired-photon-441609-k7/locations/us-central1/operations/operation-1732735982441-627ea08b915d7-75b5b520-502066ad?alt=json HTTP/1.1" 200 None
2024-11-27 19:34:23,144 DEBUG    urllib3.connectionpool Starting new HTTPS connection (1): cloudfunctions.googleapis.com:443
2024-11-27 19:34:23,219 DEBUG    urllib3.connectionpool https://cloudfunctions.googleapis.com:443 "GET /v2/projects/inspired-photon-441609-k7/locations/us-central1/operations/operation-1732735982441-627ea08b915d7-75b5b520-502066ad?alt=json HTTP/1.1" 200 None
2024-11-27 19:34:24,338 DEBUG    urllib3.connectionpool Starting new HTTPS connection (1): cloudfunctions.googleapis.com:443
2024-11-27 19:34:24,398 DEBUG    urllib3.connectionpool https://cloudfunctions.googleapis.com:443 "GET /v2/projects/inspired-photon-441609-k7/locations/us-central1/operations/operation-1732735982441-627ea08b915d7-75b5b520-502066ad?alt=json HTTP/1.1" 200 None
2024-11-27 19:34:26,164 DEBUG    urllib3.connectionpool Starting new HTTPS connection (1): cloudfunctions.googleapis.com:443
2024-11-27 19:34:26,229 DEBUG    urllib3.connectionpool https://cloudfunctions.googleapis.com:443 "GET /v2/projects/inspired-photon-441609-k7/locations/us-central1/operations/operation-1732735982441-627ea08b915d7-75b5b520-502066ad?alt=json HTTP/1.1" 200 None
2024-11-27 19:34:27,370 DEBUG    urllib3.connectionpool Starting new HTTPS connection (1): cloudfunctions.googleapis.com:443
2024-11-27 19:34:27,443 DEBUG    urllib3.connectionpool https://cloudfunctions.googleapis.com:443 "GET /v2/projects/inspired-photon-441609-k7/locations/us-central1/operations/operation-1732735982441-627ea08b915d7-75b5b520-502066ad?alt=json HTTP/1.1" 200 None
2024-11-27 19:34:29,306 DEBUG    urllib3.connectionpool Starting new HTTPS connection (1): cloudfunctions.googleapis.com:443
2024-11-27 19:34:29,379 DEBUG    urllib3.connectionpool https://cloudfunctions.googleapis.com:443 "GET /v2/projects/inspired-photon-441609-k7/locations/us-central1/operations/operation-1732735982441-627ea08b915d7-75b5b520-502066ad?alt=json HTTP/1.1" 200 None
2024-11-27 19:34:30,765 DEBUG    urllib3.connectionpool Starting new HTTPS connection (1): cloudfunctions.googleapis.com:443
2024-11-27 19:34:30,844 DEBUG    urllib3.connectionpool https://cloudfunctions.googleapis.com:443 "GET /v2/projects/inspired-photon-441609-k7/locations/us-central1/operations/operation-1732735982441-627ea08b915d7-75b5b520-502066ad?alt=json HTTP/1.1" 200 None
2024-11-27 19:34:32,421 DEBUG    urllib3.connectionpool Starting new HTTPS connection (1): cloudfunctions.googleapis.com:443
2024-11-27 19:34:32,494 DEBUG    urllib3.connectionpool https://cloudfunctions.googleapis.com:443 "GET /v2/projects/inspired-photon-441609-k7/locations/us-central1/operations/operation-1732735982441-627ea08b915d7-75b5b520-502066ad?alt=json HTTP/1.1" 200 None
2024-11-27 19:34:32,568 DEBUG    urllib3.connectionpool Starting new HTTPS connection (1): cloudfunctions.googleapis.com:443
2024-11-27 19:34:32,807 DEBUG    urllib3.connectionpool https://cloudfunctions.googleapis.com:443 "GET /v2/projects/inspired-photon-441609-k7/locations/us-central1/functions/pubsub-to-email?alt=json HTTP/1.1" 200 None
2024-11-27 19:34:32,812 INFO     ___FILE_ONLY___ You can view your function in the Cloud Console here: https://console.cloud.google.com/functions/details/us-central1/pubsub-to-email?project=inspired-photon-441609-k7


2024-11-27 19:34:32,813 DEBUG    root            Chosen display Format:default
2024-11-27 19:34:32,815 INFO     root            Display format: "default"
2024-11-27 19:34:32,836 INFO     ___FILE_ONLY___ buildConfig
2024-11-27 19:34:32,837 INFO     ___FILE_ONLY___ :
2024-11-27 19:34:32,837 INFO     ___FILE_ONLY___ 

2024-11-27 19:34:32,837 INFO     ___FILE_ONLY___   
2024-11-27 19:34:32,837 INFO     ___FILE_ONLY___ automaticUpdatePolicy
2024-11-27 19:34:32,837 INFO     ___FILE_ONLY___ :
2024-11-27 19:34:32,837 INFO     ___FILE_ONLY___  {
2024-11-27 19:34:32,837 INFO     ___FILE_ONLY___ }
2024-11-27 19:34:32,837 INFO     ___FILE_ONLY___ 

2024-11-27 19:34:32,838 INFO     ___FILE_ONLY___   
2024-11-27 19:34:32,838 INFO     ___FILE_ONLY___ build
2024-11-27 19:34:32,838 INFO     ___FILE_ONLY___ :
2024-11-27 19:34:32,838 INFO     ___FILE_ONLY___  
2024-11-27 19:34:32,838 INFO     ___FILE_ONLY___ projects/644941739395/locations/us-central1/builds/47c2b0f9-9bba-42a6-a5b9-d645c8285823
2024-11-27 19:34:32,838 INFO     ___FILE_ONLY___ 

2024-11-27 19:34:32,838 INFO     ___FILE_ONLY___   
2024-11-27 19:34:32,838 INFO     ___FILE_ONLY___ dockerRegistry
2024-11-27 19:34:32,839 INFO     ___FILE_ONLY___ :
2024-11-27 19:34:32,839 INFO     ___FILE_ONLY___  
2024-11-27 19:34:32,839 INFO     ___FILE_ONLY___ ARTIFACT_REGISTRY
2024-11-27 19:34:32,839 INFO     ___FILE_ONLY___ 

2024-11-27 19:34:32,839 INFO     ___FILE_ONLY___   
2024-11-27 19:34:32,839 INFO     ___FILE_ONLY___ dockerRepository
2024-11-27 19:34:32,839 INFO     ___FILE_ONLY___ :
2024-11-27 19:34:32,839 INFO     ___FILE_ONLY___  
2024-11-27 19:34:32,839 INFO     ___FILE_ONLY___ projects/inspired-photon-441609-k7/locations/us-central1/repositories/gcf-artifacts
2024-11-27 19:34:32,839 INFO     ___FILE_ONLY___ 

2024-11-27 19:34:32,839 INFO     ___FILE_ONLY___   
2024-11-27 19:34:32,840 INFO     ___FILE_ONLY___ entryPoint
2024-11-27 19:34:32,840 INFO     ___FILE_ONLY___ :
2024-11-27 19:34:32,840 INFO     ___FILE_ONLY___  
2024-11-27 19:34:32,840 INFO     ___FILE_ONLY___ send_email
2024-11-27 19:34:32,840 INFO     ___FILE_ONLY___ 

2024-11-27 19:34:32,840 INFO     ___FILE_ONLY___   
2024-11-27 19:34:32,840 INFO     ___FILE_ONLY___ runtime
2024-11-27 19:34:32,840 INFO     ___FILE_ONLY___ :
2024-11-27 19:34:32,840 INFO     ___FILE_ONLY___  
2024-11-27 19:34:32,840 INFO     ___FILE_ONLY___ python312
2024-11-27 19:34:32,840 INFO     ___FILE_ONLY___ 

2024-11-27 19:34:32,840 INFO     ___FILE_ONLY___   
2024-11-27 19:34:32,841 INFO     ___FILE_ONLY___ serviceAccount
2024-11-27 19:34:32,841 INFO     ___FILE_ONLY___ :
2024-11-27 19:34:32,841 INFO     ___FILE_ONLY___  
2024-11-27 19:34:32,841 INFO     ___FILE_ONLY___ projects/inspired-photon-441609-k7/serviceAccounts/644941739395-compute@developer.gserviceaccount.com
2024-11-27 19:34:32,841 INFO     ___FILE_ONLY___ 

2024-11-27 19:34:32,841 INFO     ___FILE_ONLY___   
2024-11-27 19:34:32,841 INFO     ___FILE_ONLY___ source
2024-11-27 19:34:32,841 INFO     ___FILE_ONLY___ :
2024-11-27 19:34:32,841 INFO     ___FILE_ONLY___ 

2024-11-27 19:34:32,841 INFO     ___FILE_ONLY___     
2024-11-27 19:34:32,842 INFO     ___FILE_ONLY___ storageSource
2024-11-27 19:34:32,842 INFO     ___FILE_ONLY___ :
2024-11-27 19:34:32,842 INFO     ___FILE_ONLY___ 

2024-11-27 19:34:32,842 INFO     ___FILE_ONLY___       
2024-11-27 19:34:32,842 INFO     ___FILE_ONLY___ bucket
2024-11-27 19:34:32,842 INFO     ___FILE_ONLY___ :
2024-11-27 19:34:32,842 INFO     ___FILE_ONLY___  
2024-11-27 19:34:32,842 INFO     ___FILE_ONLY___ gcf-v2-sources-644941739395-us-central1
2024-11-27 19:34:32,842 INFO     ___FILE_ONLY___ 

2024-11-27 19:34:32,842 INFO     ___FILE_ONLY___       
2024-11-27 19:34:32,842 INFO     ___FILE_ONLY___ generation
2024-11-27 19:34:32,843 INFO     ___FILE_ONLY___ :
2024-11-27 19:34:32,844 INFO     ___FILE_ONLY___  '
2024-11-27 19:34:32,844 INFO     ___FILE_ONLY___ 1732735982680970
2024-11-27 19:34:32,844 INFO     ___FILE_ONLY___ '
2024-11-27 19:34:32,844 INFO     ___FILE_ONLY___ 

2024-11-27 19:34:32,844 INFO     ___FILE_ONLY___       
2024-11-27 19:34:32,844 INFO     ___FILE_ONLY___ object
2024-11-27 19:34:32,844 INFO     ___FILE_ONLY___ :
2024-11-27 19:34:32,844 INFO     ___FILE_ONLY___  
2024-11-27 19:34:32,844 INFO     ___FILE_ONLY___ pubsub-to-email/function-source.zip
2024-11-27 19:34:32,844 INFO     ___FILE_ONLY___ 

2024-11-27 19:34:32,844 INFO     ___FILE_ONLY___   
2024-11-27 19:34:32,844 INFO     ___FILE_ONLY___ sourceProvenance
2024-11-27 19:34:32,845 INFO     ___FILE_ONLY___ :
2024-11-27 19:34:32,845 INFO     ___FILE_ONLY___ 

2024-11-27 19:34:32,845 INFO     ___FILE_ONLY___     
2024-11-27 19:34:32,845 INFO     ___FILE_ONLY___ resolvedStorageSource
2024-11-27 19:34:32,845 INFO     ___FILE_ONLY___ :
2024-11-27 19:34:32,845 INFO     ___FILE_ONLY___ 

2024-11-27 19:34:32,845 INFO     ___FILE_ONLY___       
2024-11-27 19:34:32,845 INFO     ___FILE_ONLY___ bucket
2024-11-27 19:34:32,845 INFO     ___FILE_ONLY___ :
2024-11-27 19:34:32,845 INFO     ___FILE_ONLY___  
2024-11-27 19:34:32,846 INFO     ___FILE_ONLY___ gcf-v2-sources-644941739395-us-central1
2024-11-27 19:34:32,846 INFO     ___FILE_ONLY___ 

2024-11-27 19:34:32,846 INFO     ___FILE_ONLY___       
2024-11-27 19:34:32,846 INFO     ___FILE_ONLY___ generation
2024-11-27 19:34:32,846 INFO     ___FILE_ONLY___ :
2024-11-27 19:34:32,846 INFO     ___FILE_ONLY___  '
2024-11-27 19:34:32,846 INFO     ___FILE_ONLY___ 1732735982680970
2024-11-27 19:34:32,846 INFO     ___FILE_ONLY___ '
2024-11-27 19:34:32,846 INFO     ___FILE_ONLY___ 

2024-11-27 19:34:32,846 INFO     ___FILE_ONLY___       
2024-11-27 19:34:32,846 INFO     ___FILE_ONLY___ object
2024-11-27 19:34:32,846 INFO     ___FILE_ONLY___ :
2024-11-27 19:34:32,846 INFO     ___FILE_ONLY___  
2024-11-27 19:34:32,847 INFO     ___FILE_ONLY___ pubsub-to-email/function-source.zip
2024-11-27 19:34:32,847 INFO     ___FILE_ONLY___ 

2024-11-27 19:34:32,847 INFO     ___FILE_ONLY___ createTime
2024-11-27 19:34:32,847 INFO     ___FILE_ONLY___ :
2024-11-27 19:34:32,848 INFO     ___FILE_ONLY___  '
2024-11-27 19:34:32,848 INFO     ___FILE_ONLY___ 2024-11-27T19:33:02.918197081Z
2024-11-27 19:34:32,848 INFO     ___FILE_ONLY___ '
2024-11-27 19:34:32,848 INFO     ___FILE_ONLY___ 

2024-11-27 19:34:32,848 INFO     ___FILE_ONLY___ environment
2024-11-27 19:34:32,848 INFO     ___FILE_ONLY___ :
2024-11-27 19:34:32,848 INFO     ___FILE_ONLY___  
2024-11-27 19:34:32,848 INFO     ___FILE_ONLY___ GEN_2
2024-11-27 19:34:32,848 INFO     ___FILE_ONLY___ 

2024-11-27 19:34:32,848 INFO     ___FILE_ONLY___ eventTrigger
2024-11-27 19:34:32,849 INFO     ___FILE_ONLY___ :
2024-11-27 19:34:32,849 INFO     ___FILE_ONLY___ 

2024-11-27 19:34:32,849 INFO     ___FILE_ONLY___   
2024-11-27 19:34:32,849 INFO     ___FILE_ONLY___ eventType
2024-11-27 19:34:32,849 INFO     ___FILE_ONLY___ :
2024-11-27 19:34:32,849 INFO     ___FILE_ONLY___  
2024-11-27 19:34:32,849 INFO     ___FILE_ONLY___ google.cloud.pubsub.topic.v1.messagePublished
2024-11-27 19:34:32,849 INFO     ___FILE_ONLY___ 

2024-11-27 19:34:32,849 INFO     ___FILE_ONLY___   
2024-11-27 19:34:32,849 INFO     ___FILE_ONLY___ pubsubTopic
2024-11-27 19:34:32,849 INFO     ___FILE_ONLY___ :
2024-11-27 19:34:32,849 INFO     ___FILE_ONLY___  
2024-11-27 19:34:32,850 INFO     ___FILE_ONLY___ projects/inspired-photon-441609-k7/topics/gcs-trigger-topic
2024-11-27 19:34:32,850 INFO     ___FILE_ONLY___ 

2024-11-27 19:34:32,850 INFO     ___FILE_ONLY___   
2024-11-27 19:34:32,850 INFO     ___FILE_ONLY___ retryPolicy
2024-11-27 19:34:32,850 INFO     ___FILE_ONLY___ :
2024-11-27 19:34:32,850 INFO     ___FILE_ONLY___  
2024-11-27 19:34:32,850 INFO     ___FILE_ONLY___ RETRY_POLICY_DO_NOT_RETRY
2024-11-27 19:34:32,850 INFO     ___FILE_ONLY___ 

2024-11-27 19:34:32,850 INFO     ___FILE_ONLY___   
2024-11-27 19:34:32,850 INFO     ___FILE_ONLY___ serviceAccountEmail
2024-11-27 19:34:32,850 INFO     ___FILE_ONLY___ :
2024-11-27 19:34:32,851 INFO     ___FILE_ONLY___  
2024-11-27 19:34:32,851 INFO     ___FILE_ONLY___ 644941739395-compute@developer.gserviceaccount.com
2024-11-27 19:34:32,851 INFO     ___FILE_ONLY___ 

2024-11-27 19:34:32,851 INFO     ___FILE_ONLY___   
2024-11-27 19:34:32,851 INFO     ___FILE_ONLY___ trigger
2024-11-27 19:34:32,851 INFO     ___FILE_ONLY___ :
2024-11-27 19:34:32,851 INFO     ___FILE_ONLY___  
2024-11-27 19:34:32,851 INFO     ___FILE_ONLY___ projects/inspired-photon-441609-k7/locations/us-central1/triggers/pubsub-to-email-408506
2024-11-27 19:34:32,851 INFO     ___FILE_ONLY___ 

2024-11-27 19:34:32,852 INFO     ___FILE_ONLY___   
2024-11-27 19:34:32,852 INFO     ___FILE_ONLY___ triggerRegion
2024-11-27 19:34:32,852 INFO     ___FILE_ONLY___ :
2024-11-27 19:34:32,852 INFO     ___FILE_ONLY___  
2024-11-27 19:34:32,852 INFO     ___FILE_ONLY___ us-central1
2024-11-27 19:34:32,852 INFO     ___FILE_ONLY___ 

2024-11-27 19:34:32,852 INFO     ___FILE_ONLY___ labels
2024-11-27 19:34:32,852 INFO     ___FILE_ONLY___ :
2024-11-27 19:34:32,852 INFO     ___FILE_ONLY___ 

2024-11-27 19:34:32,852 INFO     ___FILE_ONLY___   
2024-11-27 19:34:32,853 INFO     ___FILE_ONLY___ deployment-tool
2024-11-27 19:34:32,853 INFO     ___FILE_ONLY___ :
2024-11-27 19:34:32,853 INFO     ___FILE_ONLY___  
2024-11-27 19:34:32,853 INFO     ___FILE_ONLY___ cli-gcloud
2024-11-27 19:34:32,853 INFO     ___FILE_ONLY___ 

2024-11-27 19:34:32,853 INFO     ___FILE_ONLY___ name
2024-11-27 19:34:32,853 INFO     ___FILE_ONLY___ :
2024-11-27 19:34:32,853 INFO     ___FILE_ONLY___  
2024-11-27 19:34:32,853 INFO     ___FILE_ONLY___ projects/inspired-photon-441609-k7/locations/us-central1/functions/pubsub-to-email
2024-11-27 19:34:32,853 INFO     ___FILE_ONLY___ 

2024-11-27 19:34:32,854 INFO     ___FILE_ONLY___ serviceConfig
2024-11-27 19:34:32,854 INFO     ___FILE_ONLY___ :
2024-11-27 19:34:32,854 INFO     ___FILE_ONLY___ 

2024-11-27 19:34:32,854 INFO     ___FILE_ONLY___   
2024-11-27 19:34:32,854 INFO     ___FILE_ONLY___ allTrafficOnLatestRevision
2024-11-27 19:34:32,854 INFO     ___FILE_ONLY___ :
2024-11-27 19:34:32,854 INFO     ___FILE_ONLY___  
2024-11-27 19:34:32,854 INFO     ___FILE_ONLY___ true
2024-11-27 19:34:32,854 INFO     ___FILE_ONLY___ 

2024-11-27 19:34:32,854 INFO     ___FILE_ONLY___   
2024-11-27 19:34:32,854 INFO     ___FILE_ONLY___ availableCpu
2024-11-27 19:34:32,855 INFO     ___FILE_ONLY___ :
2024-11-27 19:34:32,855 INFO     ___FILE_ONLY___  '
2024-11-27 19:34:32,855 INFO     ___FILE_ONLY___ 0.1666
2024-11-27 19:34:32,855 INFO     ___FILE_ONLY___ '
2024-11-27 19:34:32,855 INFO     ___FILE_ONLY___ 

2024-11-27 19:34:32,855 INFO     ___FILE_ONLY___   
2024-11-27 19:34:32,855 INFO     ___FILE_ONLY___ availableMemory
2024-11-27 19:34:32,855 INFO     ___FILE_ONLY___ :
2024-11-27 19:34:32,855 INFO     ___FILE_ONLY___  
2024-11-27 19:34:32,855 INFO     ___FILE_ONLY___ 256M
2024-11-27 19:34:32,855 INFO     ___FILE_ONLY___ 

2024-11-27 19:34:32,855 INFO     ___FILE_ONLY___   
2024-11-27 19:34:32,856 INFO     ___FILE_ONLY___ environmentVariables
2024-11-27 19:34:32,856 INFO     ___FILE_ONLY___ :
2024-11-27 19:34:32,856 INFO     ___FILE_ONLY___ 

2024-11-27 19:34:32,856 INFO     ___FILE_ONLY___     
2024-11-27 19:34:32,856 INFO     ___FILE_ONLY___ LOG_EXECUTION_ID
2024-11-27 19:34:32,856 INFO     ___FILE_ONLY___ :
2024-11-27 19:34:32,856 INFO     ___FILE_ONLY___  '
2024-11-27 19:34:32,856 INFO     ___FILE_ONLY___ true
2024-11-27 19:34:32,856 INFO     ___FILE_ONLY___ '
2024-11-27 19:34:32,856 INFO     ___FILE_ONLY___ 

2024-11-27 19:34:32,856 INFO     ___FILE_ONLY___     
2024-11-27 19:34:32,857 INFO     ___FILE_ONLY___ SENDGRID_API_KEY
2024-11-27 19:34:32,857 INFO     ___FILE_ONLY___ :
2024-11-27 19:34:32,857 INFO     ___FILE_ONLY___  
2024-11-27 19:34:32,857 INFO     ___FILE_ONLY___ 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
2024-11-27 19:34:32,857 INFO     ___FILE_ONLY___ 

2024-11-27 19:34:32,857 INFO     ___FILE_ONLY___   
2024-11-27 19:34:32,857 INFO     ___FILE_ONLY___ ingressSettings
2024-11-27 19:34:32,858 INFO     ___FILE_ONLY___ :
2024-11-27 19:34:32,858 INFO     ___FILE_ONLY___  
2024-11-27 19:34:32,858 INFO     ___FILE_ONLY___ ALLOW_ALL
2024-11-27 19:34:32,858 INFO     ___FILE_ONLY___ 

2024-11-27 19:34:32,858 INFO     ___FILE_ONLY___   
2024-11-27 19:34:32,858 INFO     ___FILE_ONLY___ maxInstanceCount
2024-11-27 19:34:32,858 INFO     ___FILE_ONLY___ :
2024-11-27 19:34:32,858 INFO     ___FILE_ONLY___  
2024-11-27 19:34:32,858 INFO     ___FILE_ONLY___ 100
2024-11-27 19:34:32,858 INFO     ___FILE_ONLY___ 

2024-11-27 19:34:32,858 INFO     ___FILE_ONLY___   
2024-11-27 19:34:32,859 INFO     ___FILE_ONLY___ maxInstanceRequestConcurrency
2024-11-27 19:34:32,859 INFO     ___FILE_ONLY___ :
2024-11-27 19:34:32,859 INFO     ___FILE_ONLY___  
2024-11-27 19:34:32,859 INFO     ___FILE_ONLY___ 1
2024-11-27 19:34:32,859 INFO     ___FILE_ONLY___ 

2024-11-27 19:34:32,859 INFO     ___FILE_ONLY___   
2024-11-27 19:34:32,859 INFO     ___FILE_ONLY___ revision
2024-11-27 19:34:32,859 INFO     ___FILE_ONLY___ :
2024-11-27 19:34:32,859 INFO     ___FILE_ONLY___  
2024-11-27 19:34:32,859 INFO     ___FILE_ONLY___ pubsub-to-email-00001-pet
2024-11-27 19:34:32,859 INFO     ___FILE_ONLY___ 

2024-11-27 19:34:32,859 INFO     ___FILE_ONLY___   
2024-11-27 19:34:32,860 INFO     ___FILE_ONLY___ service
2024-11-27 19:34:32,860 INFO     ___FILE_ONLY___ :
2024-11-27 19:34:32,860 INFO     ___FILE_ONLY___  
2024-11-27 19:34:32,860 INFO     ___FILE_ONLY___ projects/inspired-photon-441609-k7/locations/us-central1/services/pubsub-to-email
2024-11-27 19:34:32,860 INFO     ___FILE_ONLY___ 

2024-11-27 19:34:32,860 INFO     ___FILE_ONLY___   
2024-11-27 19:34:32,860 INFO     ___FILE_ONLY___ serviceAccountEmail
2024-11-27 19:34:32,860 INFO     ___FILE_ONLY___ :
2024-11-27 19:34:32,860 INFO     ___FILE_ONLY___  
2024-11-27 19:34:32,861 INFO     ___FILE_ONLY___ 644941739395-compute@developer.gserviceaccount.com
2024-11-27 19:34:32,861 INFO     ___FILE_ONLY___ 

2024-11-27 19:34:32,861 INFO     ___FILE_ONLY___   
2024-11-27 19:34:32,861 INFO     ___FILE_ONLY___ timeoutSeconds
2024-11-27 19:34:32,861 INFO     ___FILE_ONLY___ :
2024-11-27 19:34:32,861 INFO     ___FILE_ONLY___  
2024-11-27 19:34:32,861 INFO     ___FILE_ONLY___ 60
2024-11-27 19:34:32,861 INFO     ___FILE_ONLY___ 

2024-11-27 19:34:32,861 INFO     ___FILE_ONLY___   
2024-11-27 19:34:32,861 INFO     ___FILE_ONLY___ uri
2024-11-27 19:34:32,861 INFO     ___FILE_ONLY___ :
2024-11-27 19:34:32,861 INFO     ___FILE_ONLY___  
2024-11-27 19:34:32,862 INFO     ___FILE_ONLY___ https://pubsub-to-email-m2x2uxrdfq-uc.a.run.app
2024-11-27 19:34:32,862 INFO     ___FILE_ONLY___ 

2024-11-27 19:34:32,862 INFO     ___FILE_ONLY___ state
2024-11-27 19:34:32,862 INFO     ___FILE_ONLY___ :
2024-11-27 19:34:32,862 INFO     ___FILE_ONLY___  
2024-11-27 19:34:32,862 INFO     ___FILE_ONLY___ ACTIVE
2024-11-27 19:34:32,862 INFO     ___FILE_ONLY___ 

2024-11-27 19:34:32,862 INFO     ___FILE_ONLY___ updateTime
2024-11-27 19:34:32,862 INFO     ___FILE_ONLY___ :
2024-11-27 19:34:32,862 INFO     ___FILE_ONLY___  '
2024-11-27 19:34:32,862 INFO     ___FILE_ONLY___ 2024-11-27T19:34:31.034684Z
2024-11-27 19:34:32,863 INFO     ___FILE_ONLY___ '
2024-11-27 19:34:32,863 INFO     ___FILE_ONLY___ 

2024-11-27 19:34:32,863 INFO     ___FILE_ONLY___ url
2024-11-27 19:34:32,863 INFO     ___FILE_ONLY___ :
2024-11-27 19:34:32,863 INFO     ___FILE_ONLY___  
2024-11-27 19:34:32,863 INFO     ___FILE_ONLY___ https://us-central1-inspired-photon-441609-k7.cloudfunctions.net/pubsub-to-email
2024-11-27 19:34:32,863 INFO     ___FILE_ONLY___ 

2024-11-27 19:34:32,864 DEBUG    root            SDK update checks are disabled.
