2024-11-27 19:31:03,801 DEBUG    root            Loaded Command Group: ['gcloud', 'projects']
2024-11-27 19:31:03,841 DEBUG    root            Loaded Command Group: ['gcloud', 'projects', 'add_iam_policy_binding']
2024-11-27 19:31:03,854 DEBUG    root            Running [gcloud.projects.add-iam-policy-binding] with arguments: [--member: "serviceAccount:service-644941739395@gcp-sa-eventarc.iam.gserviceaccount.com", --role: "roles/eventarc.serviceAgent", PROJECT_ID: "inspired-photon-441609-k7"]
2024-11-27 19:31:04,023 DEBUG    urllib3.connectionpool Starting new HTTPS connection (1): cloudresourcemanager.googleapis.com:443
2024-11-27 19:31:04,233 DEBUG    urllib3.connectionpool https://cloudresourcemanager.googleapis.com:443 "POST /v1/projects/inspired-photon-441609-k7:getIamPolicy?alt=json HTTP/1.1" 200 None
2024-11-27 19:31:04,386 DEBUG    urllib3.connectionpool Starting new HTTPS connection (1): cloudresourcemanager.googleapis.com:443
2024-11-27 19:31:04,917 DEBUG    urllib3.connectionpool https://cloudresourcemanager.googleapis.com:443 "POST /v1/projects/inspired-photon-441609-k7:setIamPolicy?alt=json HTTP/1.1" 200 None
2024-11-27 19:31:04,922 INFO     ___FILE_ONLY___ Updated IAM policy for project [inspired-photon-441609-k7].

2024-11-27 19:31:04,922 DEBUG    root            Chosen display Format:default
2024-11-27 19:31:04,923 INFO     root            Display format: "default"
2024-11-27 19:31:04,945 INFO     ___FILE_ONLY___ bindings
2024-11-27 19:31:04,945 INFO     ___FILE_ONLY___ :
2024-11-27 19:31:04,945 INFO     ___FILE_ONLY___ 

2024-11-27 19:31:04,945 INFO     ___FILE_ONLY___ -
2024-11-27 19:31:04,945 INFO     ___FILE_ONLY___  
2024-11-27 19:31:04,945 INFO     ___FILE_ONLY___ members
2024-11-27 19:31:04,945 INFO     ___FILE_ONLY___ :
2024-11-27 19:31:04,946 INFO     ___FILE_ONLY___ 

2024-11-27 19:31:04,946 INFO     ___FILE_ONLY___   
2024-11-27 19:31:04,946 INFO     ___FILE_ONLY___ -
2024-11-27 19:31:04,946 INFO     ___FILE_ONLY___  
2024-11-27 19:31:04,946 INFO     ___FILE_ONLY___ serviceAccount:trigger-account@inspired-photon-441609-k7.iam.gserviceaccount.com
2024-11-27 19:31:04,946 INFO     ___FILE_ONLY___ 

2024-11-27 19:31:04,946 INFO     ___FILE_ONLY___   
2024-11-27 19:31:04,946 INFO     ___FILE_ONLY___ role
2024-11-27 19:31:04,946 INFO     ___FILE_ONLY___ :
2024-11-27 19:31:04,947 INFO     ___FILE_ONLY___  
2024-11-27 19:31:04,947 INFO     ___FILE_ONLY___ projects/inspired-photon-441609-k7/roles/main_custom_role_18
2024-11-27 19:31:04,947 INFO     ___FILE_ONLY___ 

2024-11-27 19:31:04,947 INFO     ___FILE_ONLY___ -
2024-11-27 19:31:04,947 INFO     ___FILE_ONLY___  
2024-11-27 19:31:04,947 INFO     ___FILE_ONLY___ members
2024-11-27 19:31:04,947 INFO     ___FILE_ONLY___ :
2024-11-27 19:31:04,947 INFO     ___FILE_ONLY___ 

2024-11-27 19:31:04,947 INFO     ___FILE_ONLY___   
2024-11-27 19:31:04,947 INFO     ___FILE_ONLY___ -
2024-11-27 19:31:04,948 INFO     ___FILE_ONLY___  
2024-11-27 19:31:04,948 INFO     ___FILE_ONLY___ serviceAccount:service-644941739395@gcp-sa-artifactregistry.iam.gserviceaccount.com
2024-11-27 19:31:04,948 INFO     ___FILE_ONLY___ 

2024-11-27 19:31:04,948 INFO     ___FILE_ONLY___   
2024-11-27 19:31:04,948 INFO     ___FILE_ONLY___ role
2024-11-27 19:31:04,948 INFO     ___FILE_ONLY___ :
2024-11-27 19:31:04,948 INFO     ___FILE_ONLY___  
2024-11-27 19:31:04,948 INFO     ___FILE_ONLY___ roles/artifactregistry.serviceAgent
2024-11-27 19:31:04,948 INFO     ___FILE_ONLY___ 

2024-11-27 19:31:04,949 INFO     ___FILE_ONLY___ -
2024-11-27 19:31:04,949 INFO     ___FILE_ONLY___  
2024-11-27 19:31:04,949 INFO     ___FILE_ONLY___ members
2024-11-27 19:31:04,949 INFO     ___FILE_ONLY___ :
2024-11-27 19:31:04,949 INFO     ___FILE_ONLY___ 

2024-11-27 19:31:04,949 INFO     ___FILE_ONLY___   
2024-11-27 19:31:04,949 INFO     ___FILE_ONLY___ -
2024-11-27 19:31:04,949 INFO     ___FILE_ONLY___  
2024-11-27 19:31:04,949 INFO     ___FILE_ONLY___ serviceAccount:644941739395@cloudbuild.gserviceaccount.com
2024-11-27 19:31:04,949 INFO     ___FILE_ONLY___ 

2024-11-27 19:31:04,949 INFO     ___FILE_ONLY___   
2024-11-27 19:31:04,950 INFO     ___FILE_ONLY___ role
2024-11-27 19:31:04,950 INFO     ___FILE_ONLY___ :
2024-11-27 19:31:04,950 INFO     ___FILE_ONLY___  
2024-11-27 19:31:04,950 INFO     ___FILE_ONLY___ roles/cloudbuild.builds.builder
2024-11-27 19:31:04,950 INFO     ___FILE_ONLY___ 

2024-11-27 19:31:04,950 INFO     ___FILE_ONLY___ -
2024-11-27 19:31:04,950 INFO     ___FILE_ONLY___  
2024-11-27 19:31:04,950 INFO     ___FILE_ONLY___ members
2024-11-27 19:31:04,950 INFO     ___FILE_ONLY___ :
2024-11-27 19:31:04,950 INFO     ___FILE_ONLY___ 

2024-11-27 19:31:04,950 INFO     ___FILE_ONLY___   
2024-11-27 19:31:04,951 INFO     ___FILE_ONLY___ -
2024-11-27 19:31:04,951 INFO     ___FILE_ONLY___  
2024-11-27 19:31:04,951 INFO     ___FILE_ONLY___ serviceAccount:service-644941739395@gcp-sa-cloudbuild.iam.gserviceaccount.com
2024-11-27 19:31:04,951 INFO     ___FILE_ONLY___ 

2024-11-27 19:31:04,951 INFO     ___FILE_ONLY___   
2024-11-27 19:31:04,951 INFO     ___FILE_ONLY___ role
2024-11-27 19:31:04,951 INFO     ___FILE_ONLY___ :
2024-11-27 19:31:04,951 INFO     ___FILE_ONLY___  
2024-11-27 19:31:04,951 INFO     ___FILE_ONLY___ roles/cloudbuild.serviceAgent
2024-11-27 19:31:04,951 INFO     ___FILE_ONLY___ 

2024-11-27 19:31:04,952 INFO     ___FILE_ONLY___ -
2024-11-27 19:31:04,952 INFO     ___FILE_ONLY___  
2024-11-27 19:31:04,952 INFO     ___FILE_ONLY___ members
2024-11-27 19:31:04,952 INFO     ___FILE_ONLY___ :
2024-11-27 19:31:04,952 INFO     ___FILE_ONLY___ 

2024-11-27 19:31:04,952 INFO     ___FILE_ONLY___   
2024-11-27 19:31:04,952 INFO     ___FILE_ONLY___ -
2024-11-27 19:31:04,952 INFO     ___FILE_ONLY___  
2024-11-27 19:31:04,952 INFO     ___FILE_ONLY___ serviceAccount:644941739395@cloudbuild.gserviceaccount.com
2024-11-27 19:31:04,952 INFO     ___FILE_ONLY___ 

2024-11-27 19:31:04,952 INFO     ___FILE_ONLY___   
2024-11-27 19:31:04,952 INFO     ___FILE_ONLY___ role
2024-11-27 19:31:04,953 INFO     ___FILE_ONLY___ :
2024-11-27 19:31:04,953 INFO     ___FILE_ONLY___  
2024-11-27 19:31:04,953 INFO     ___FILE_ONLY___ roles/cloudfunctions.developer
2024-11-27 19:31:04,953 INFO     ___FILE_ONLY___ 

2024-11-27 19:31:04,953 INFO     ___FILE_ONLY___ -
2024-11-27 19:31:04,953 INFO     ___FILE_ONLY___  
2024-11-27 19:31:04,953 INFO     ___FILE_ONLY___ members
2024-11-27 19:31:04,953 INFO     ___FILE_ONLY___ :
2024-11-27 19:31:04,953 INFO     ___FILE_ONLY___ 

2024-11-27 19:31:04,953 INFO     ___FILE_ONLY___   
2024-11-27 19:31:04,953 INFO     ___FILE_ONLY___ -
2024-11-27 19:31:04,953 INFO     ___FILE_ONLY___  
2024-11-27 19:31:04,954 INFO     ___FILE_ONLY___ serviceAccount:service-644941739395@gcf-admin-robot.iam.gserviceaccount.com
2024-11-27 19:31:04,954 INFO     ___FILE_ONLY___ 

2024-11-27 19:31:04,954 INFO     ___FILE_ONLY___   
2024-11-27 19:31:04,954 INFO     ___FILE_ONLY___ role
2024-11-27 19:31:04,954 INFO     ___FILE_ONLY___ :
2024-11-27 19:31:04,954 INFO     ___FILE_ONLY___  
2024-11-27 19:31:04,954 INFO     ___FILE_ONLY___ roles/cloudfunctions.serviceAgent
2024-11-27 19:31:04,954 INFO     ___FILE_ONLY___ 

2024-11-27 19:31:04,954 INFO     ___FILE_ONLY___ -
2024-11-27 19:31:04,954 INFO     ___FILE_ONLY___  
2024-11-27 19:31:04,954 INFO     ___FILE_ONLY___ members
2024-11-27 19:31:04,955 INFO     ___FILE_ONLY___ :
2024-11-27 19:31:04,955 INFO     ___FILE_ONLY___ 

2024-11-27 19:31:04,955 INFO     ___FILE_ONLY___   
2024-11-27 19:31:04,955 INFO     ___FILE_ONLY___ -
2024-11-27 19:31:04,955 INFO     ___FILE_ONLY___  
2024-11-27 19:31:04,955 INFO     ___FILE_ONLY___ serviceAccount:vm-creater-account@inspired-photon-441609-k7.iam.gserviceaccount.com
2024-11-27 19:31:04,955 INFO     ___FILE_ONLY___ 

2024-11-27 19:31:04,955 INFO     ___FILE_ONLY___   
2024-11-27 19:31:04,955 INFO     ___FILE_ONLY___ role
2024-11-27 19:31:04,955 INFO     ___FILE_ONLY___ :
2024-11-27 19:31:04,955 INFO     ___FILE_ONLY___  
2024-11-27 19:31:04,955 INFO     ___FILE_ONLY___ roles/compute.instanceAdmin.v1
2024-11-27 19:31:04,956 INFO     ___FILE_ONLY___ 

2024-11-27 19:31:04,956 INFO     ___FILE_ONLY___ -
2024-11-27 19:31:04,956 INFO     ___FILE_ONLY___  
2024-11-27 19:31:04,956 INFO     ___FILE_ONLY___ members
2024-11-27 19:31:04,956 INFO     ___FILE_ONLY___ :
2024-11-27 19:31:04,956 INFO     ___FILE_ONLY___ 

2024-11-27 19:31:04,956 INFO     ___FILE_ONLY___   
2024-11-27 19:31:04,956 INFO     ___FILE_ONLY___ -
2024-11-27 19:31:04,956 INFO     ___FILE_ONLY___  
2024-11-27 19:31:04,956 INFO     ___FILE_ONLY___ serviceAccount:vm-creater-account@inspired-photon-441609-k7.iam.gserviceaccount.com
2024-11-27 19:31:04,956 INFO     ___FILE_ONLY___ 

2024-11-27 19:31:04,956 INFO     ___FILE_ONLY___   
2024-11-27 19:31:04,957 INFO     ___FILE_ONLY___ role
2024-11-27 19:31:04,957 INFO     ___FILE_ONLY___ :
2024-11-27 19:31:04,957 INFO     ___FILE_ONLY___  
2024-11-27 19:31:04,957 INFO     ___FILE_ONLY___ roles/compute.networkUser
2024-11-27 19:31:04,957 INFO     ___FILE_ONLY___ 

2024-11-27 19:31:04,957 INFO     ___FILE_ONLY___ -
2024-11-27 19:31:04,957 INFO     ___FILE_ONLY___  
2024-11-27 19:31:04,957 INFO     ___FILE_ONLY___ members
2024-11-27 19:31:04,957 INFO     ___FILE_ONLY___ :
2024-11-27 19:31:04,957 INFO     ___FILE_ONLY___ 

2024-11-27 19:31:04,957 INFO     ___FILE_ONLY___   
2024-11-27 19:31:04,957 INFO     ___FILE_ONLY___ -
2024-11-27 19:31:04,958 INFO     ___FILE_ONLY___  
2024-11-27 19:31:04,958 INFO     ___FILE_ONLY___ serviceAccount:service-644941739395@compute-system.iam.gserviceaccount.com
2024-11-27 19:31:04,958 INFO     ___FILE_ONLY___ 

2024-11-27 19:31:04,958 INFO     ___FILE_ONLY___   
2024-11-27 19:31:04,958 INFO     ___FILE_ONLY___ role
2024-11-27 19:31:04,958 INFO     ___FILE_ONLY___ :
2024-11-27 19:31:04,958 INFO     ___FILE_ONLY___  
2024-11-27 19:31:04,958 INFO     ___FILE_ONLY___ roles/compute.serviceAgent
2024-11-27 19:31:04,958 INFO     ___FILE_ONLY___ 

2024-11-27 19:31:04,958 INFO     ___FILE_ONLY___ -
2024-11-27 19:31:04,958 INFO     ___FILE_ONLY___  
2024-11-27 19:31:04,959 INFO     ___FILE_ONLY___ members
2024-11-27 19:31:04,959 INFO     ___FILE_ONLY___ :
2024-11-27 19:31:04,959 INFO     ___FILE_ONLY___ 

2024-11-27 19:31:04,959 INFO     ___FILE_ONLY___   
2024-11-27 19:31:04,959 INFO     ___FILE_ONLY___ -
2024-11-27 19:31:04,959 INFO     ___FILE_ONLY___  
2024-11-27 19:31:04,959 INFO     ___FILE_ONLY___ serviceAccount:service-644941739395@containerregistry.iam.gserviceaccount.com
2024-11-27 19:31:04,959 INFO     ___FILE_ONLY___ 

2024-11-27 19:31:04,959 INFO     ___FILE_ONLY___   
2024-11-27 19:31:04,959 INFO     ___FILE_ONLY___ role
2024-11-27 19:31:04,959 INFO     ___FILE_ONLY___ :
2024-11-27 19:31:04,959 INFO     ___FILE_ONLY___  
2024-11-27 19:31:04,959 INFO     ___FILE_ONLY___ roles/containerregistry.ServiceAgent
2024-11-27 19:31:04,960 INFO     ___FILE_ONLY___ 

2024-11-27 19:31:04,960 INFO     ___FILE_ONLY___ -
2024-11-27 19:31:04,960 INFO     ___FILE_ONLY___  
2024-11-27 19:31:04,960 INFO     ___FILE_ONLY___ members
2024-11-27 19:31:04,960 INFO     ___FILE_ONLY___ :
2024-11-27 19:31:04,960 INFO     ___FILE_ONLY___ 

2024-11-27 19:31:04,960 INFO     ___FILE_ONLY___   
2024-11-27 19:31:04,960 INFO     ___FILE_ONLY___ -
2024-11-27 19:31:04,960 INFO     ___FILE_ONLY___  
2024-11-27 19:31:04,960 INFO     ___FILE_ONLY___ serviceAccount:644941739395-compute@developer.gserviceaccount.com
2024-11-27 19:31:04,960 INFO     ___FILE_ONLY___ 

2024-11-27 19:31:04,960 INFO     ___FILE_ONLY___   
2024-11-27 19:31:04,961 INFO     ___FILE_ONLY___ -
2024-11-27 19:31:04,961 INFO     ___FILE_ONLY___  
2024-11-27 19:31:04,961 INFO     ___FILE_ONLY___ serviceAccount:644941739395@cloudservices.gserviceaccount.com
2024-11-27 19:31:04,961 INFO     ___FILE_ONLY___ 

2024-11-27 19:31:04,961 INFO     ___FILE_ONLY___   
2024-11-27 19:31:04,961 INFO     ___FILE_ONLY___ -
2024-11-27 19:31:04,961 INFO     ___FILE_ONLY___  
2024-11-27 19:31:04,961 INFO     ___FILE_ONLY___ serviceAccount:inspired-photon-441609-k7@appspot.gserviceaccount.com
2024-11-27 19:31:04,961 INFO     ___FILE_ONLY___ 

2024-11-27 19:31:04,961 INFO     ___FILE_ONLY___   
2024-11-27 19:31:04,961 INFO     ___FILE_ONLY___ -
2024-11-27 19:31:04,961 INFO     ___FILE_ONLY___  
2024-11-27 19:31:04,962 INFO     ___FILE_ONLY___ serviceAccount:vm-creater-account@inspired-photon-441609-k7.iam.gserviceaccount.com
2024-11-27 19:31:04,962 INFO     ___FILE_ONLY___ 

2024-11-27 19:31:04,962 INFO     ___FILE_ONLY___   
2024-11-27 19:31:04,962 INFO     ___FILE_ONLY___ role
2024-11-27 19:31:04,962 INFO     ___FILE_ONLY___ :
2024-11-27 19:31:04,962 INFO     ___FILE_ONLY___  
2024-11-27 19:31:04,962 INFO     ___FILE_ONLY___ roles/editor
2024-11-27 19:31:04,962 INFO     ___FILE_ONLY___ 

2024-11-27 19:31:04,962 INFO     ___FILE_ONLY___ -
2024-11-27 19:31:04,962 INFO     ___FILE_ONLY___  
2024-11-27 19:31:04,962 INFO     ___FILE_ONLY___ members
2024-11-27 19:31:04,962 INFO     ___FILE_ONLY___ :
2024-11-27 19:31:04,963 INFO     ___FILE_ONLY___ 

2024-11-27 19:31:04,963 INFO     ___FILE_ONLY___   
2024-11-27 19:31:04,963 INFO     ___FILE_ONLY___ -
2024-11-27 19:31:04,963 INFO     ___FILE_ONLY___  
2024-11-27 19:31:04,963 INFO     ___FILE_ONLY___ serviceAccount:service-644941739395@gcp-sa-eventarc.iam.gserviceaccount.com
2024-11-27 19:31:04,963 INFO     ___FILE_ONLY___ 

2024-11-27 19:31:04,963 INFO     ___FILE_ONLY___   
2024-11-27 19:31:04,963 INFO     ___FILE_ONLY___ role
2024-11-27 19:31:04,963 INFO     ___FILE_ONLY___ :
2024-11-27 19:31:04,963 INFO     ___FILE_ONLY___  
2024-11-27 19:31:04,963 INFO     ___FILE_ONLY___ roles/eventarc.serviceAgent
2024-11-27 19:31:04,963 INFO     ___FILE_ONLY___ 

2024-11-27 19:31:04,964 INFO     ___FILE_ONLY___ -
2024-11-27 19:31:04,964 INFO     ___FILE_ONLY___  
2024-11-27 19:31:04,964 INFO     ___FILE_ONLY___ members
2024-11-27 19:31:04,964 INFO     ___FILE_ONLY___ :
2024-11-27 19:31:04,964 INFO     ___FILE_ONLY___ 

2024-11-27 19:31:04,964 INFO     ___FILE_ONLY___   
2024-11-27 19:31:04,964 INFO     ___FILE_ONLY___ -
2024-11-27 19:31:04,964 INFO     ___FILE_ONLY___  
2024-11-27 19:31:04,964 INFO     ___FILE_ONLY___ serviceAccount:trigger-account@inspired-photon-441609-k7.iam.gserviceaccount.com
2024-11-27 19:31:04,964 INFO     ___FILE_ONLY___ 

2024-11-27 19:31:04,964 INFO     ___FILE_ONLY___   
2024-11-27 19:31:04,964 INFO     ___FILE_ONLY___ role
2024-11-27 19:31:04,965 INFO     ___FILE_ONLY___ :
2024-11-27 19:31:04,965 INFO     ___FILE_ONLY___  
2024-11-27 19:31:04,965 INFO     ___FILE_ONLY___ roles/iam.roleAdmin
2024-11-27 19:31:04,965 INFO     ___FILE_ONLY___ 

2024-11-27 19:31:04,965 INFO     ___FILE_ONLY___ -
2024-11-27 19:31:04,965 INFO     ___FILE_ONLY___  
2024-11-27 19:31:04,965 INFO     ___FILE_ONLY___ members
2024-11-27 19:31:04,965 INFO     ___FILE_ONLY___ :
2024-11-27 19:31:04,965 INFO     ___FILE_ONLY___ 

2024-11-27 19:31:04,965 INFO     ___FILE_ONLY___   
2024-11-27 19:31:04,965 INFO     ___FILE_ONLY___ -
2024-11-27 19:31:04,965 INFO     ___FILE_ONLY___  
2024-11-27 19:31:04,966 INFO     ___FILE_ONLY___ serviceAccount:644941739395@cloudbuild.gserviceaccount.com
2024-11-27 19:31:04,966 INFO     ___FILE_ONLY___ 

2024-11-27 19:31:04,966 INFO     ___FILE_ONLY___   
2024-11-27 19:31:04,966 INFO     ___FILE_ONLY___ -
2024-11-27 19:31:04,966 INFO     ___FILE_ONLY___  
2024-11-27 19:31:04,966 INFO     ___FILE_ONLY___ serviceAccount:vm-creater-account@inspired-photon-441609-k7.iam.gserviceaccount.com
2024-11-27 19:31:04,966 INFO     ___FILE_ONLY___ 

2024-11-27 19:31:04,966 INFO     ___FILE_ONLY___   
2024-11-27 19:31:04,966 INFO     ___FILE_ONLY___ role
2024-11-27 19:31:04,966 INFO     ___FILE_ONLY___ :
2024-11-27 19:31:04,967 INFO     ___FILE_ONLY___  
2024-11-27 19:31:04,967 INFO     ___FILE_ONLY___ roles/iam.serviceAccountUser
2024-11-27 19:31:04,967 INFO     ___FILE_ONLY___ 

2024-11-27 19:31:04,967 INFO     ___FILE_ONLY___ -
2024-11-27 19:31:04,967 INFO     ___FILE_ONLY___  
2024-11-27 19:31:04,968 INFO     ___FILE_ONLY___ members
2024-11-27 19:31:04,968 INFO     ___FILE_ONLY___ :
2024-11-27 19:31:04,968 INFO     ___FILE_ONLY___ 

2024-11-27 19:31:04,968 INFO     ___FILE_ONLY___   
2024-11-27 19:31:04,968 INFO     ___FILE_ONLY___ -
2024-11-27 19:31:04,968 INFO     ___FILE_ONLY___  
2024-11-27 19:31:04,968 INFO     ___FILE_ONLY___ user:das03285@gmail.com
2024-11-27 19:31:04,968 INFO     ___FILE_ONLY___ 

2024-11-27 19:31:04,968 INFO     ___FILE_ONLY___   
2024-11-27 19:31:04,969 INFO     ___FILE_ONLY___ role
2024-11-27 19:31:04,969 INFO     ___FILE_ONLY___ :
2024-11-27 19:31:04,969 INFO     ___FILE_ONLY___  
2024-11-27 19:31:04,969 INFO     ___FILE_ONLY___ roles/owner
2024-11-27 19:31:04,969 INFO     ___FILE_ONLY___ 

2024-11-27 19:31:04,969 INFO     ___FILE_ONLY___ -
2024-11-27 19:31:04,969 INFO     ___FILE_ONLY___  
2024-11-27 19:31:04,970 INFO     ___FILE_ONLY___ members
2024-11-27 19:31:04,970 INFO     ___FILE_ONLY___ :
2024-11-27 19:31:04,970 INFO     ___FILE_ONLY___ 

2024-11-27 19:31:04,970 INFO     ___FILE_ONLY___   
2024-11-27 19:31:04,970 INFO     ___FILE_ONLY___ -
2024-11-27 19:31:04,970 INFO     ___FILE_ONLY___  
2024-11-27 19:31:04,970 INFO     ___FILE_ONLY___ serviceAccount:service-644941739395@gs-project-accounts.iam.gserviceaccount.com
2024-11-27 19:31:04,970 INFO     ___FILE_ONLY___ 

2024-11-27 19:31:04,970 INFO     ___FILE_ONLY___   
2024-11-27 19:31:04,970 INFO     ___FILE_ONLY___ role
2024-11-27 19:31:04,970 INFO     ___FILE_ONLY___ :
2024-11-27 19:31:04,970 INFO     ___FILE_ONLY___  
2024-11-27 19:31:04,971 INFO     ___FILE_ONLY___ roles/pubsub.publisher
2024-11-27 19:31:04,971 INFO     ___FILE_ONLY___ 

2024-11-27 19:31:04,971 INFO     ___FILE_ONLY___ -
2024-11-27 19:31:04,971 INFO     ___FILE_ONLY___  
2024-11-27 19:31:04,971 INFO     ___FILE_ONLY___ members
2024-11-27 19:31:04,971 INFO     ___FILE_ONLY___ :
2024-11-27 19:31:04,971 INFO     ___FILE_ONLY___ 

2024-11-27 19:31:04,971 INFO     ___FILE_ONLY___   
2024-11-27 19:31:04,971 INFO     ___FILE_ONLY___ -
2024-11-27 19:31:04,971 INFO     ___FILE_ONLY___  
2024-11-27 19:31:04,971 INFO     ___FILE_ONLY___ serviceAccount:service-644941739395@gcp-sa-pubsub.iam.gserviceaccount.com
2024-11-27 19:31:04,972 INFO     ___FILE_ONLY___ 

2024-11-27 19:31:04,972 INFO     ___FILE_ONLY___   
2024-11-27 19:31:04,972 INFO     ___FILE_ONLY___ role
2024-11-27 19:31:04,972 INFO     ___FILE_ONLY___ :
2024-11-27 19:31:04,972 INFO     ___FILE_ONLY___  
2024-11-27 19:31:04,972 INFO     ___FILE_ONLY___ roles/pubsub.serviceAgent
2024-11-27 19:31:04,972 INFO     ___FILE_ONLY___ 

2024-11-27 19:31:04,972 INFO     ___FILE_ONLY___ -
2024-11-27 19:31:04,972 INFO     ___FILE_ONLY___  
2024-11-27 19:31:04,972 INFO     ___FILE_ONLY___ members
2024-11-27 19:31:04,972 INFO     ___FILE_ONLY___ :
2024-11-27 19:31:04,973 INFO     ___FILE_ONLY___ 

2024-11-27 19:31:04,973 INFO     ___FILE_ONLY___   
2024-11-27 19:31:04,973 INFO     ___FILE_ONLY___ -
2024-11-27 19:31:04,973 INFO     ___FILE_ONLY___  
2024-11-27 19:31:04,973 INFO     ___FILE_ONLY___ serviceAccount:trigger-account@inspired-photon-441609-k7.iam.gserviceaccount.com
2024-11-27 19:31:04,973 INFO     ___FILE_ONLY___ 

2024-11-27 19:31:04,973 INFO     ___FILE_ONLY___   
2024-11-27 19:31:04,973 INFO     ___FILE_ONLY___ role
2024-11-27 19:31:04,973 INFO     ___FILE_ONLY___ :
2024-11-27 19:31:04,973 INFO     ___FILE_ONLY___  
2024-11-27 19:31:04,973 INFO     ___FILE_ONLY___ roles/resourcemanager.projectIamAdmin
2024-11-27 19:31:04,974 INFO     ___FILE_ONLY___ 

2024-11-27 19:31:04,974 INFO     ___FILE_ONLY___ -
2024-11-27 19:31:04,974 INFO     ___FILE_ONLY___  
2024-11-27 19:31:04,974 INFO     ___FILE_ONLY___ members
2024-11-27 19:31:04,974 INFO     ___FILE_ONLY___ :
2024-11-27 19:31:04,974 INFO     ___FILE_ONLY___ 

2024-11-27 19:31:04,974 INFO     ___FILE_ONLY___   
2024-11-27 19:31:04,974 INFO     ___FILE_ONLY___ -
2024-11-27 19:31:04,974 INFO     ___FILE_ONLY___  
2024-11-27 19:31:04,974 INFO     ___FILE_ONLY___ serviceAccount:service-644941739395@serverless-robot-prod.iam.gserviceaccount.com
2024-11-27 19:31:04,974 INFO     ___FILE_ONLY___ 

2024-11-27 19:31:04,974 INFO     ___FILE_ONLY___   
2024-11-27 19:31:04,975 INFO     ___FILE_ONLY___ role
2024-11-27 19:31:04,975 INFO     ___FILE_ONLY___ :
2024-11-27 19:31:04,975 INFO     ___FILE_ONLY___  
2024-11-27 19:31:04,975 INFO     ___FILE_ONLY___ roles/run.serviceAgent
2024-11-27 19:31:04,975 INFO     ___FILE_ONLY___ 

2024-11-27 19:31:04,975 INFO     ___FILE_ONLY___ etag
2024-11-27 19:31:04,975 INFO     ___FILE_ONLY___ :
2024-11-27 19:31:04,975 INFO     ___FILE_ONLY___  
2024-11-27 19:31:04,975 INFO     ___FILE_ONLY___ BwYn6gG3khI=
2024-11-27 19:31:04,975 INFO     ___FILE_ONLY___ 

2024-11-27 19:31:04,975 INFO     ___FILE_ONLY___ version
2024-11-27 19:31:04,976 INFO     ___FILE_ONLY___ :
2024-11-27 19:31:04,976 INFO     ___FILE_ONLY___  
2024-11-27 19:31:04,976 INFO     ___FILE_ONLY___ 1
2024-11-27 19:31:04,976 INFO     ___FILE_ONLY___ 

2024-11-27 19:31:04,976 DEBUG    root            SDK update checks are disabled.
