2024-11-26 10:07:26,104 DEBUG    root            Loaded Command Group: ['gcloud', 'iam']
2024-11-26 10:07:26,106 DEBUG    root            Loaded Command Group: ['gcloud', 'iam', 'roles']
2024-11-26 10:07:26,132 DEBUG    root            Loaded Command Group: ['gcloud', 'iam', 'roles', 'create']
2024-11-26 10:07:26,135 DEBUG    root            Running [gcloud.iam.roles.create] with arguments: [--permissions: "storage.objects.get,storage.objects.create,pubsub.topics.publish,cloudfunctions.functions.invoke", --project: "inspired-photon-441609-k7", --title: "Custom role for needed services", ROLE_ID: "main_custom_role"]
2024-11-26 10:07:26,338 DEBUG    urllib3.connectionpool Starting new HTTPS connection (1): iam.googleapis.com:443
2024-11-26 10:07:26,785 DEBUG    urllib3.connectionpool https://iam.googleapis.com:443 "POST /v1/permissions:queryTestablePermissions?alt=json HTTP/1.1" 200 None
2024-11-26 10:07:26,863 DEBUG    urllib3.connectionpool Starting new HTTPS connection (1): iam.googleapis.com:443
2024-11-26 10:07:27,266 DEBUG    urllib3.connectionpool https://iam.googleapis.com:443 "POST /v1/permissions:queryTestablePermissions?alt=json HTTP/1.1" 200 None
2024-11-26 10:07:27,342 DEBUG    urllib3.connectionpool Starting new HTTPS connection (1): iam.googleapis.com:443
2024-11-26 10:07:27,712 DEBUG    urllib3.connectionpool https://iam.googleapis.com:443 "POST /v1/permissions:queryTestablePermissions?alt=json HTTP/1.1" 200 None
2024-11-26 10:07:27,785 DEBUG    urllib3.connectionpool Starting new HTTPS connection (1): iam.googleapis.com:443
2024-11-26 10:07:28,107 DEBUG    urllib3.connectionpool https://iam.googleapis.com:443 "POST /v1/permissions:queryTestablePermissions?alt=json HTTP/1.1" 200 None
2024-11-26 10:07:28,167 DEBUG    urllib3.connectionpool Starting new HTTPS connection (1): iam.googleapis.com:443
2024-11-26 10:07:28,587 DEBUG    urllib3.connectionpool https://iam.googleapis.com:443 "POST /v1/permissions:queryTestablePermissions?alt=json HTTP/1.1" 200 None
2024-11-26 10:07:28,658 DEBUG    urllib3.connectionpool Starting new HTTPS connection (1): iam.googleapis.com:443
2024-11-26 10:07:29,067 DEBUG    urllib3.connectionpool https://iam.googleapis.com:443 "POST /v1/permissions:queryTestablePermissions?alt=json HTTP/1.1" 200 None
2024-11-26 10:07:29,137 DEBUG    urllib3.connectionpool Starting new HTTPS connection (1): iam.googleapis.com:443
2024-11-26 10:07:29,599 DEBUG    urllib3.connectionpool https://iam.googleapis.com:443 "POST /v1/permissions:queryTestablePermissions?alt=json HTTP/1.1" 200 None
2024-11-26 10:07:29,666 DEBUG    urllib3.connectionpool Starting new HTTPS connection (1): iam.googleapis.com:443
2024-11-26 10:07:30,125 DEBUG    urllib3.connectionpool https://iam.googleapis.com:443 "POST /v1/permissions:queryTestablePermissions?alt=json HTTP/1.1" 200 None
2024-11-26 10:07:30,194 DEBUG    urllib3.connectionpool Starting new HTTPS connection (1): iam.googleapis.com:443
2024-11-26 10:07:30,578 DEBUG    urllib3.connectionpool https://iam.googleapis.com:443 "POST /v1/permissions:queryTestablePermissions?alt=json HTTP/1.1" 200 None
2024-11-26 10:07:30,649 DEBUG    urllib3.connectionpool Starting new HTTPS connection (1): iam.googleapis.com:443
2024-11-26 10:07:31,126 DEBUG    urllib3.connectionpool https://iam.googleapis.com:443 "POST /v1/permissions:queryTestablePermissions?alt=json HTTP/1.1" 200 None
2024-11-26 10:07:31,200 DEBUG    urllib3.connectionpool Starting new HTTPS connection (1): iam.googleapis.com:443
2024-11-26 10:07:31,693 DEBUG    urllib3.connectionpool https://iam.googleapis.com:443 "POST /v1/permissions:queryTestablePermissions?alt=json HTTP/1.1" 200 None
2024-11-26 10:07:31,711 DEBUG    urllib3.connectionpool Starting new HTTPS connection (1): iam.googleapis.com:443
2024-11-26 10:07:32,128 DEBUG    urllib3.connectionpool https://iam.googleapis.com:443 "POST /v1/projects/inspired-photon-441609-k7/roles?alt=json HTTP/1.1" 200 None
2024-11-26 10:07:32,131 INFO     ___FILE_ONLY___ Created role [main_custom_role].

2024-11-26 10:07:32,134 DEBUG    root            Chosen display Format:default
2024-11-26 10:07:32,135 INFO     root            Display format: "default"
2024-11-26 10:07:32,228 INFO     ___FILE_ONLY___ etag
2024-11-26 10:07:32,229 INFO     ___FILE_ONLY___ :
2024-11-26 10:07:32,229 INFO     ___FILE_ONLY___  
2024-11-26 10:07:32,229 INFO     ___FILE_ONLY___ BwYnzgR5tUY=
2024-11-26 10:07:32,229 INFO     ___FILE_ONLY___ 

2024-11-26 10:07:32,229 INFO     ___FILE_ONLY___ includedPermissions
2024-11-26 10:07:32,229 INFO     ___FILE_ONLY___ :
2024-11-26 10:07:32,229 INFO     ___FILE_ONLY___ 

2024-11-26 10:07:32,229 INFO     ___FILE_ONLY___ -
2024-11-26 10:07:32,230 INFO     ___FILE_ONLY___  
2024-11-26 10:07:32,230 INFO     ___FILE_ONLY___ cloudfunctions.functions.invoke
2024-11-26 10:07:32,230 INFO     ___FILE_ONLY___ 

2024-11-26 10:07:32,230 INFO     ___FILE_ONLY___ -
2024-11-26 10:07:32,230 INFO     ___FILE_ONLY___  
2024-11-26 10:07:32,230 INFO     ___FILE_ONLY___ pubsub.topics.publish
2024-11-26 10:07:32,230 INFO     ___FILE_ONLY___ 

2024-11-26 10:07:32,230 INFO     ___FILE_ONLY___ -
2024-11-26 10:07:32,230 INFO     ___FILE_ONLY___  
2024-11-26 10:07:32,230 INFO     ___FILE_ONLY___ storage.objects.create
2024-11-26 10:07:32,230 INFO     ___FILE_ONLY___ 

2024-11-26 10:07:32,231 INFO     ___FILE_ONLY___ -
2024-11-26 10:07:32,231 INFO     ___FILE_ONLY___  
2024-11-26 10:07:32,231 INFO     ___FILE_ONLY___ storage.objects.get
2024-11-26 10:07:32,231 INFO     ___FILE_ONLY___ 

2024-11-26 10:07:32,231 INFO     ___FILE_ONLY___ name
2024-11-26 10:07:32,231 INFO     ___FILE_ONLY___ :
2024-11-26 10:07:32,231 INFO     ___FILE_ONLY___  
2024-11-26 10:07:32,231 INFO     ___FILE_ONLY___ projects/inspired-photon-441609-k7/roles/main_custom_role
2024-11-26 10:07:32,232 INFO     ___FILE_ONLY___ 

2024-11-26 10:07:32,232 INFO     ___FILE_ONLY___ stage
2024-11-26 10:07:32,232 INFO     ___FILE_ONLY___ :
2024-11-26 10:07:32,232 INFO     ___FILE_ONLY___  
2024-11-26 10:07:32,232 INFO     ___FILE_ONLY___ ALPHA
2024-11-26 10:07:32,232 INFO     ___FILE_ONLY___ 

2024-11-26 10:07:32,232 INFO     ___FILE_ONLY___ title
2024-11-26 10:07:32,232 INFO     ___FILE_ONLY___ :
2024-11-26 10:07:32,232 INFO     ___FILE_ONLY___  
2024-11-26 10:07:32,233 INFO     ___FILE_ONLY___ Custom
2024-11-26 10:07:32,233 INFO     ___FILE_ONLY___  
2024-11-26 10:07:32,233 INFO     ___FILE_ONLY___ role
2024-11-26 10:07:32,233 INFO     ___FILE_ONLY___  
2024-11-26 10:07:32,233 INFO     ___FILE_ONLY___ for
2024-11-26 10:07:32,233 INFO     ___FILE_ONLY___  
2024-11-26 10:07:32,233 INFO     ___FILE_ONLY___ needed
2024-11-26 10:07:32,233 INFO     ___FILE_ONLY___  
2024-11-26 10:07:32,233 INFO     ___FILE_ONLY___ services
2024-11-26 10:07:32,233 INFO     ___FILE_ONLY___ 

2024-11-26 10:07:32,233 DEBUG    root            SDK update checks are disabled.
