2024-11-26 14:55:56,903 DEBUG    root            Loaded Command Group: ['gcloud', 'projects']
2024-11-26 14:55:56,957 DEBUG    root            Loaded Command Group: ['gcloud', 'projects', 'add_iam_policy_binding']
2024-11-26 14:55:56,974 DEBUG    root            Running [gcloud.projects.add-iam-policy-binding] with arguments: [--member: "serviceAccount:trigger-account@inspired-photon-441609-k7.iam.gserviceaccount.com", --role: "projects/inspired-photon-441609-k7/roles/main_custom_role", PROJECT_ID: "inspired-photon-441609-k7"]
2024-11-26 14:55:57,130 DEBUG    urllib3.connectionpool Starting new HTTPS connection (1): cloudresourcemanager.googleapis.com:443
2024-11-26 14:55:57,318 DEBUG    urllib3.connectionpool https://cloudresourcemanager.googleapis.com:443 "POST /v1/projects/inspired-photon-441609-k7:getIamPolicy?alt=json HTTP/1.1" 200 None
2024-11-26 14:55:57,456 DEBUG    urllib3.connectionpool Starting new HTTPS connection (1): cloudresourcemanager.googleapis.com:443
2024-11-26 14:55:58,107 DEBUG    urllib3.connectionpool https://cloudresourcemanager.googleapis.com:443 "POST /v1/projects/inspired-photon-441609-k7:setIamPolicy?alt=json HTTP/1.1" 200 None
2024-11-26 14:55:58,111 INFO     ___FILE_ONLY___ Updated IAM policy for project [inspired-photon-441609-k7].

2024-11-26 14:55:58,111 DEBUG    root            Chosen display Format:default
2024-11-26 14:55:58,112 INFO     root            Display format: "default"
2024-11-26 14:55:58,134 INFO     ___FILE_ONLY___ bindings
2024-11-26 14:55:58,134 INFO     ___FILE_ONLY___ :
2024-11-26 14:55:58,134 INFO     ___FILE_ONLY___ 

2024-11-26 14:55:58,135 INFO     ___FILE_ONLY___ -
2024-11-26 14:55:58,135 INFO     ___FILE_ONLY___  
2024-11-26 14:55:58,135 INFO     ___FILE_ONLY___ members
2024-11-26 14:55:58,135 INFO     ___FILE_ONLY___ :
2024-11-26 14:55:58,135 INFO     ___FILE_ONLY___ 

2024-11-26 14:55:58,135 INFO     ___FILE_ONLY___   
2024-11-26 14:55:58,135 INFO     ___FILE_ONLY___ -
2024-11-26 14:55:58,135 INFO     ___FILE_ONLY___  
2024-11-26 14:55:58,136 INFO     ___FILE_ONLY___ serviceAccount:trigger-account@inspired-photon-441609-k7.iam.gserviceaccount.com
2024-11-26 14:55:58,136 INFO     ___FILE_ONLY___ 

2024-11-26 14:55:58,136 INFO     ___FILE_ONLY___   
2024-11-26 14:55:58,136 INFO     ___FILE_ONLY___ role
2024-11-26 14:55:58,136 INFO     ___FILE_ONLY___ :
2024-11-26 14:55:58,136 INFO     ___FILE_ONLY___  
2024-11-26 14:55:58,136 INFO     ___FILE_ONLY___ projects/inspired-photon-441609-k7/roles/main_custom_role
2024-11-26 14:55:58,136 INFO     ___FILE_ONLY___ 

2024-11-26 14:55:58,137 INFO     ___FILE_ONLY___ -
2024-11-26 14:55:58,137 INFO     ___FILE_ONLY___  
2024-11-26 14:55:58,137 INFO     ___FILE_ONLY___ members
2024-11-26 14:55:58,137 INFO     ___FILE_ONLY___ :
2024-11-26 14:55:58,137 INFO     ___FILE_ONLY___ 

2024-11-26 14:55:58,137 INFO     ___FILE_ONLY___   
2024-11-26 14:55:58,137 INFO     ___FILE_ONLY___ -
2024-11-26 14:55:58,138 INFO     ___FILE_ONLY___  
2024-11-26 14:55:58,138 INFO     ___FILE_ONLY___ serviceAccount:service-644941739395@gcf-admin-robot.iam.gserviceaccount.com
2024-11-26 14:55:58,138 INFO     ___FILE_ONLY___ 

2024-11-26 14:55:58,138 INFO     ___FILE_ONLY___   
2024-11-26 14:55:58,138 INFO     ___FILE_ONLY___ role
2024-11-26 14:55:58,138 INFO     ___FILE_ONLY___ :
2024-11-26 14:55:58,138 INFO     ___FILE_ONLY___  
2024-11-26 14:55:58,138 INFO     ___FILE_ONLY___ roles/cloudfunctions.serviceAgent
2024-11-26 14:55:58,138 INFO     ___FILE_ONLY___ 

2024-11-26 14:55:58,139 INFO     ___FILE_ONLY___ -
2024-11-26 14:55:58,139 INFO     ___FILE_ONLY___  
2024-11-26 14:55:58,139 INFO     ___FILE_ONLY___ members
2024-11-26 14:55:58,139 INFO     ___FILE_ONLY___ :
2024-11-26 14:55:58,139 INFO     ___FILE_ONLY___ 

2024-11-26 14:55:58,139 INFO     ___FILE_ONLY___   
2024-11-26 14:55:58,139 INFO     ___FILE_ONLY___ -
2024-11-26 14:55:58,139 INFO     ___FILE_ONLY___  
2024-11-26 14:55:58,139 INFO     ___FILE_ONLY___ serviceAccount:vm-creater-account@inspired-photon-441609-k7.iam.gserviceaccount.com
2024-11-26 14:55:58,139 INFO     ___FILE_ONLY___ 

2024-11-26 14:55:58,139 INFO     ___FILE_ONLY___   
2024-11-26 14:55:58,140 INFO     ___FILE_ONLY___ role
2024-11-26 14:55:58,140 INFO     ___FILE_ONLY___ :
2024-11-26 14:55:58,140 INFO     ___FILE_ONLY___  
2024-11-26 14:55:58,140 INFO     ___FILE_ONLY___ roles/compute.instanceAdmin.v1
2024-11-26 14:55:58,140 INFO     ___FILE_ONLY___ 

2024-11-26 14:55:58,140 INFO     ___FILE_ONLY___ -
2024-11-26 14:55:58,140 INFO     ___FILE_ONLY___  
2024-11-26 14:55:58,140 INFO     ___FILE_ONLY___ members
2024-11-26 14:55:58,140 INFO     ___FILE_ONLY___ :
2024-11-26 14:55:58,140 INFO     ___FILE_ONLY___ 

2024-11-26 14:55:58,140 INFO     ___FILE_ONLY___   
2024-11-26 14:55:58,141 INFO     ___FILE_ONLY___ -
2024-11-26 14:55:58,141 INFO     ___FILE_ONLY___  
2024-11-26 14:55:58,141 INFO     ___FILE_ONLY___ serviceAccount:vm-creater-account@inspired-photon-441609-k7.iam.gserviceaccount.com
2024-11-26 14:55:58,141 INFO     ___FILE_ONLY___ 

2024-11-26 14:55:58,141 INFO     ___FILE_ONLY___   
2024-11-26 14:55:58,141 INFO     ___FILE_ONLY___ role
2024-11-26 14:55:58,141 INFO     ___FILE_ONLY___ :
2024-11-26 14:55:58,141 INFO     ___FILE_ONLY___  
2024-11-26 14:55:58,141 INFO     ___FILE_ONLY___ roles/compute.networkUser
2024-11-26 14:55:58,141 INFO     ___FILE_ONLY___ 

2024-11-26 14:55:58,141 INFO     ___FILE_ONLY___ -
2024-11-26 14:55:58,142 INFO     ___FILE_ONLY___  
2024-11-26 14:55:58,142 INFO     ___FILE_ONLY___ members
2024-11-26 14:55:58,142 INFO     ___FILE_ONLY___ :
2024-11-26 14:55:58,142 INFO     ___FILE_ONLY___ 

2024-11-26 14:55:58,142 INFO     ___FILE_ONLY___   
2024-11-26 14:55:58,142 INFO     ___FILE_ONLY___ -
2024-11-26 14:55:58,142 INFO     ___FILE_ONLY___  
2024-11-26 14:55:58,142 INFO     ___FILE_ONLY___ serviceAccount:service-644941739395@compute-system.iam.gserviceaccount.com
2024-11-26 14:55:58,143 INFO     ___FILE_ONLY___ 

2024-11-26 14:55:58,143 INFO     ___FILE_ONLY___   
2024-11-26 14:55:58,143 INFO     ___FILE_ONLY___ role
2024-11-26 14:55:58,143 INFO     ___FILE_ONLY___ :
2024-11-26 14:55:58,143 INFO     ___FILE_ONLY___  
2024-11-26 14:55:58,143 INFO     ___FILE_ONLY___ roles/compute.serviceAgent
2024-11-26 14:55:58,143 INFO     ___FILE_ONLY___ 

2024-11-26 14:55:58,143 INFO     ___FILE_ONLY___ -
2024-11-26 14:55:58,143 INFO     ___FILE_ONLY___  
2024-11-26 14:55:58,144 INFO     ___FILE_ONLY___ members
2024-11-26 14:55:58,144 INFO     ___FILE_ONLY___ :
2024-11-26 14:55:58,144 INFO     ___FILE_ONLY___ 

2024-11-26 14:55:58,144 INFO     ___FILE_ONLY___   
2024-11-26 14:55:58,144 INFO     ___FILE_ONLY___ -
2024-11-26 14:55:58,144 INFO     ___FILE_ONLY___  
2024-11-26 14:55:58,144 INFO     ___FILE_ONLY___ serviceAccount:644941739395-compute@developer.gserviceaccount.com
2024-11-26 14:55:58,144 INFO     ___FILE_ONLY___ 

2024-11-26 14:55:58,144 INFO     ___FILE_ONLY___   
2024-11-26 14:55:58,144 INFO     ___FILE_ONLY___ -
2024-11-26 14:55:58,144 INFO     ___FILE_ONLY___  
2024-11-26 14:55:58,145 INFO     ___FILE_ONLY___ serviceAccount:644941739395@cloudservices.gserviceaccount.com
2024-11-26 14:55:58,145 INFO     ___FILE_ONLY___ 

2024-11-26 14:55:58,145 INFO     ___FILE_ONLY___   
2024-11-26 14:55:58,145 INFO     ___FILE_ONLY___ -
2024-11-26 14:55:58,145 INFO     ___FILE_ONLY___  
2024-11-26 14:55:58,145 INFO     ___FILE_ONLY___ serviceAccount:inspired-photon-441609-k7@appspot.gserviceaccount.com
2024-11-26 14:55:58,145 INFO     ___FILE_ONLY___ 

2024-11-26 14:55:58,145 INFO     ___FILE_ONLY___   
2024-11-26 14:55:58,145 INFO     ___FILE_ONLY___ -
2024-11-26 14:55:58,145 INFO     ___FILE_ONLY___  
2024-11-26 14:55:58,145 INFO     ___FILE_ONLY___ serviceAccount:vm-creater-account@inspired-photon-441609-k7.iam.gserviceaccount.com
2024-11-26 14:55:58,145 INFO     ___FILE_ONLY___ 

2024-11-26 14:55:58,146 INFO     ___FILE_ONLY___   
2024-11-26 14:55:58,146 INFO     ___FILE_ONLY___ role
2024-11-26 14:55:58,146 INFO     ___FILE_ONLY___ :
2024-11-26 14:55:58,146 INFO     ___FILE_ONLY___  
2024-11-26 14:55:58,146 INFO     ___FILE_ONLY___ roles/editor
2024-11-26 14:55:58,146 INFO     ___FILE_ONLY___ 

2024-11-26 14:55:58,146 INFO     ___FILE_ONLY___ -
2024-11-26 14:55:58,146 INFO     ___FILE_ONLY___  
2024-11-26 14:55:58,146 INFO     ___FILE_ONLY___ members
2024-11-26 14:55:58,146 INFO     ___FILE_ONLY___ :
2024-11-26 14:55:58,146 INFO     ___FILE_ONLY___ 

2024-11-26 14:55:58,147 INFO     ___FILE_ONLY___   
2024-11-26 14:55:58,147 INFO     ___FILE_ONLY___ -
2024-11-26 14:55:58,147 INFO     ___FILE_ONLY___  
2024-11-26 14:55:58,147 INFO     ___FILE_ONLY___ serviceAccount:trigger-account@inspired-photon-441609-k7.iam.gserviceaccount.com
2024-11-26 14:55:58,147 INFO     ___FILE_ONLY___ 

2024-11-26 14:55:58,147 INFO     ___FILE_ONLY___   
2024-11-26 14:55:58,147 INFO     ___FILE_ONLY___ role
2024-11-26 14:55:58,147 INFO     ___FILE_ONLY___ :
2024-11-26 14:55:58,147 INFO     ___FILE_ONLY___  
2024-11-26 14:55:58,147 INFO     ___FILE_ONLY___ roles/iam.roleAdmin
2024-11-26 14:55:58,147 INFO     ___FILE_ONLY___ 

2024-11-26 14:55:58,147 INFO     ___FILE_ONLY___ -
2024-11-26 14:55:58,148 INFO     ___FILE_ONLY___  
2024-11-26 14:55:58,148 INFO     ___FILE_ONLY___ members
2024-11-26 14:55:58,148 INFO     ___FILE_ONLY___ :
2024-11-26 14:55:58,148 INFO     ___FILE_ONLY___ 

2024-11-26 14:55:58,148 INFO     ___FILE_ONLY___   
2024-11-26 14:55:58,148 INFO     ___FILE_ONLY___ -
2024-11-26 14:55:58,148 INFO     ___FILE_ONLY___  
2024-11-26 14:55:58,148 INFO     ___FILE_ONLY___ serviceAccount:vm-creater-account@inspired-photon-441609-k7.iam.gserviceaccount.com
2024-11-26 14:55:58,148 INFO     ___FILE_ONLY___ 

2024-11-26 14:55:58,148 INFO     ___FILE_ONLY___   
2024-11-26 14:55:58,148 INFO     ___FILE_ONLY___ role
2024-11-26 14:55:58,149 INFO     ___FILE_ONLY___ :
2024-11-26 14:55:58,149 INFO     ___FILE_ONLY___  
2024-11-26 14:55:58,149 INFO     ___FILE_ONLY___ roles/iam.serviceAccountUser
2024-11-26 14:55:58,149 INFO     ___FILE_ONLY___ 

2024-11-26 14:55:58,149 INFO     ___FILE_ONLY___ -
2024-11-26 14:55:58,149 INFO     ___FILE_ONLY___  
2024-11-26 14:55:58,149 INFO     ___FILE_ONLY___ members
2024-11-26 14:55:58,149 INFO     ___FILE_ONLY___ :
2024-11-26 14:55:58,149 INFO     ___FILE_ONLY___ 

2024-11-26 14:55:58,149 INFO     ___FILE_ONLY___   
2024-11-26 14:55:58,149 INFO     ___FILE_ONLY___ -
2024-11-26 14:55:58,149 INFO     ___FILE_ONLY___  
2024-11-26 14:55:58,149 INFO     ___FILE_ONLY___ user:das03285@gmail.com
2024-11-26 14:55:58,150 INFO     ___FILE_ONLY___ 

2024-11-26 14:55:58,150 INFO     ___FILE_ONLY___   
2024-11-26 14:55:58,150 INFO     ___FILE_ONLY___ role
2024-11-26 14:55:58,150 INFO     ___FILE_ONLY___ :
2024-11-26 14:55:58,150 INFO     ___FILE_ONLY___  
2024-11-26 14:55:58,150 INFO     ___FILE_ONLY___ roles/owner
2024-11-26 14:55:58,150 INFO     ___FILE_ONLY___ 

2024-11-26 14:55:58,150 INFO     ___FILE_ONLY___ -
2024-11-26 14:55:58,150 INFO     ___FILE_ONLY___  
2024-11-26 14:55:58,150 INFO     ___FILE_ONLY___ members
2024-11-26 14:55:58,150 INFO     ___FILE_ONLY___ :
2024-11-26 14:55:58,150 INFO     ___FILE_ONLY___ 

2024-11-26 14:55:58,151 INFO     ___FILE_ONLY___   
2024-11-26 14:55:58,151 INFO     ___FILE_ONLY___ -
2024-11-26 14:55:58,151 INFO     ___FILE_ONLY___  
2024-11-26 14:55:58,151 INFO     ___FILE_ONLY___ serviceAccount:service-644941739395@gcp-sa-pubsub.iam.gserviceaccount.com
2024-11-26 14:55:58,151 INFO     ___FILE_ONLY___ 

2024-11-26 14:55:58,151 INFO     ___FILE_ONLY___   
2024-11-26 14:55:58,151 INFO     ___FILE_ONLY___ role
2024-11-26 14:55:58,151 INFO     ___FILE_ONLY___ :
2024-11-26 14:55:58,151 INFO     ___FILE_ONLY___  
2024-11-26 14:55:58,151 INFO     ___FILE_ONLY___ roles/pubsub.serviceAgent
2024-11-26 14:55:58,151 INFO     ___FILE_ONLY___ 

2024-11-26 14:55:58,151 INFO     ___FILE_ONLY___ -
2024-11-26 14:55:58,152 INFO     ___FILE_ONLY___  
2024-11-26 14:55:58,152 INFO     ___FILE_ONLY___ members
2024-11-26 14:55:58,152 INFO     ___FILE_ONLY___ :
2024-11-26 14:55:58,152 INFO     ___FILE_ONLY___ 

2024-11-26 14:55:58,152 INFO     ___FILE_ONLY___   
2024-11-26 14:55:58,152 INFO     ___FILE_ONLY___ -
2024-11-26 14:55:58,152 INFO     ___FILE_ONLY___  
2024-11-26 14:55:58,152 INFO     ___FILE_ONLY___ serviceAccount:trigger-account@inspired-photon-441609-k7.iam.gserviceaccount.com
2024-11-26 14:55:58,152 INFO     ___FILE_ONLY___ 

2024-11-26 14:55:58,152 INFO     ___FILE_ONLY___   
2024-11-26 14:55:58,152 INFO     ___FILE_ONLY___ role
2024-11-26 14:55:58,152 INFO     ___FILE_ONLY___ :
2024-11-26 14:55:58,153 INFO     ___FILE_ONLY___  
2024-11-26 14:55:58,153 INFO     ___FILE_ONLY___ roles/resourcemanager.projectIamAdmin
2024-11-26 14:55:58,153 INFO     ___FILE_ONLY___ 

2024-11-26 14:55:58,153 INFO     ___FILE_ONLY___ etag
2024-11-26 14:55:58,153 INFO     ___FILE_ONLY___ :
2024-11-26 14:55:58,153 INFO     ___FILE_ONLY___  
2024-11-26 14:55:58,153 INFO     ___FILE_ONLY___ BwYn0gv-Rro=
2024-11-26 14:55:58,153 INFO     ___FILE_ONLY___ 

2024-11-26 14:55:58,153 INFO     ___FILE_ONLY___ version
2024-11-26 14:55:58,153 INFO     ___FILE_ONLY___ :
2024-11-26 14:55:58,153 INFO     ___FILE_ONLY___  
2024-11-26 14:55:58,153 INFO     ___FILE_ONLY___ 1
2024-11-26 14:55:58,154 INFO     ___FILE_ONLY___ 

2024-11-26 14:55:58,154 DEBUG    root            SDK update checks are disabled.
