2024-11-26 15:07:20,710 DEBUG    root            Loaded Command Group: ['gcloud', 'projects']
2024-11-26 15:07:20,749 DEBUG    root            Loaded Command Group: ['gcloud', 'projects', 'add_iam_policy_binding']
2024-11-26 15:07:20,762 DEBUG    root            Running [gcloud.projects.add-iam-policy-binding] with arguments: [--member: "serviceAccount:trigger-account@inspired-photon-441609-k7.iam.gserviceaccount.com", --role: "projects/inspired-photon-441609-k7/roles/main_custom_role", PROJECT_ID: "inspired-photon-441609-k7"]
2024-11-26 15:07:20,923 DEBUG    urllib3.connectionpool Starting new HTTPS connection (1): cloudresourcemanager.googleapis.com:443
2024-11-26 15:07:21,134 DEBUG    urllib3.connectionpool https://cloudresourcemanager.googleapis.com:443 "POST /v1/projects/inspired-photon-441609-k7:getIamPolicy?alt=json HTTP/1.1" 200 None
2024-11-26 15:07:21,273 DEBUG    urllib3.connectionpool Starting new HTTPS connection (1): cloudresourcemanager.googleapis.com:443
2024-11-26 15:07:21,699 DEBUG    urllib3.connectionpool https://cloudresourcemanager.googleapis.com:443 "POST /v1/projects/inspired-photon-441609-k7:setIamPolicy?alt=json HTTP/1.1" 200 None
2024-11-26 15:07:21,702 INFO     ___FILE_ONLY___ Updated IAM policy for project [inspired-photon-441609-k7].

2024-11-26 15:07:21,703 DEBUG    root            Chosen display Format:default
2024-11-26 15:07:21,703 INFO     root            Display format: "default"
2024-11-26 15:07:21,724 INFO     ___FILE_ONLY___ bindings
2024-11-26 15:07:21,725 INFO     ___FILE_ONLY___ :
2024-11-26 15:07:21,725 INFO     ___FILE_ONLY___ 

2024-11-26 15:07:21,725 INFO     ___FILE_ONLY___ -
2024-11-26 15:07:21,725 INFO     ___FILE_ONLY___  
2024-11-26 15:07:21,726 INFO     ___FILE_ONLY___ members
2024-11-26 15:07:21,726 INFO     ___FILE_ONLY___ :
2024-11-26 15:07:21,726 INFO     ___FILE_ONLY___ 

2024-11-26 15:07:21,726 INFO     ___FILE_ONLY___   
2024-11-26 15:07:21,726 INFO     ___FILE_ONLY___ -
2024-11-26 15:07:21,726 INFO     ___FILE_ONLY___  
2024-11-26 15:07:21,726 INFO     ___FILE_ONLY___ serviceAccount:trigger-account@inspired-photon-441609-k7.iam.gserviceaccount.com
2024-11-26 15:07:21,726 INFO     ___FILE_ONLY___ 

2024-11-26 15:07:21,727 INFO     ___FILE_ONLY___   
2024-11-26 15:07:21,727 INFO     ___FILE_ONLY___ role
2024-11-26 15:07:21,727 INFO     ___FILE_ONLY___ :
2024-11-26 15:07:21,727 INFO     ___FILE_ONLY___  
2024-11-26 15:07:21,727 INFO     ___FILE_ONLY___ projects/inspired-photon-441609-k7/roles/main_custom_role
2024-11-26 15:07:21,727 INFO     ___FILE_ONLY___ 

2024-11-26 15:07:21,727 INFO     ___FILE_ONLY___ -
2024-11-26 15:07:21,727 INFO     ___FILE_ONLY___  
2024-11-26 15:07:21,728 INFO     ___FILE_ONLY___ members
2024-11-26 15:07:21,728 INFO     ___FILE_ONLY___ :
2024-11-26 15:07:21,728 INFO     ___FILE_ONLY___ 

2024-11-26 15:07:21,728 INFO     ___FILE_ONLY___   
2024-11-26 15:07:21,728 INFO     ___FILE_ONLY___ -
2024-11-26 15:07:21,728 INFO     ___FILE_ONLY___  
2024-11-26 15:07:21,728 INFO     ___FILE_ONLY___ serviceAccount:service-644941739395@gcf-admin-robot.iam.gserviceaccount.com
2024-11-26 15:07:21,728 INFO     ___FILE_ONLY___ 

2024-11-26 15:07:21,728 INFO     ___FILE_ONLY___   
2024-11-26 15:07:21,729 INFO     ___FILE_ONLY___ role
2024-11-26 15:07:21,729 INFO     ___FILE_ONLY___ :
2024-11-26 15:07:21,729 INFO     ___FILE_ONLY___  
2024-11-26 15:07:21,729 INFO     ___FILE_ONLY___ roles/cloudfunctions.serviceAgent
2024-11-26 15:07:21,729 INFO     ___FILE_ONLY___ 

2024-11-26 15:07:21,729 INFO     ___FILE_ONLY___ -
2024-11-26 15:07:21,729 INFO     ___FILE_ONLY___  
2024-11-26 15:07:21,729 INFO     ___FILE_ONLY___ members
2024-11-26 15:07:21,729 INFO     ___FILE_ONLY___ :
2024-11-26 15:07:21,729 INFO     ___FILE_ONLY___ 

2024-11-26 15:07:21,729 INFO     ___FILE_ONLY___   
2024-11-26 15:07:21,730 INFO     ___FILE_ONLY___ -
2024-11-26 15:07:21,730 INFO     ___FILE_ONLY___  
2024-11-26 15:07:21,730 INFO     ___FILE_ONLY___ serviceAccount:vm-creater-account@inspired-photon-441609-k7.iam.gserviceaccount.com
2024-11-26 15:07:21,730 INFO     ___FILE_ONLY___ 

2024-11-26 15:07:21,730 INFO     ___FILE_ONLY___   
2024-11-26 15:07:21,730 INFO     ___FILE_ONLY___ role
2024-11-26 15:07:21,730 INFO     ___FILE_ONLY___ :
2024-11-26 15:07:21,730 INFO     ___FILE_ONLY___  
2024-11-26 15:07:21,730 INFO     ___FILE_ONLY___ roles/compute.instanceAdmin.v1
2024-11-26 15:07:21,730 INFO     ___FILE_ONLY___ 

2024-11-26 15:07:21,731 INFO     ___FILE_ONLY___ -
2024-11-26 15:07:21,731 INFO     ___FILE_ONLY___  
2024-11-26 15:07:21,731 INFO     ___FILE_ONLY___ members
2024-11-26 15:07:21,731 INFO     ___FILE_ONLY___ :
2024-11-26 15:07:21,731 INFO     ___FILE_ONLY___ 

2024-11-26 15:07:21,731 INFO     ___FILE_ONLY___   
2024-11-26 15:07:21,731 INFO     ___FILE_ONLY___ -
2024-11-26 15:07:21,731 INFO     ___FILE_ONLY___  
2024-11-26 15:07:21,732 INFO     ___FILE_ONLY___ serviceAccount:vm-creater-account@inspired-photon-441609-k7.iam.gserviceaccount.com
2024-11-26 15:07:21,732 INFO     ___FILE_ONLY___ 

2024-11-26 15:07:21,732 INFO     ___FILE_ONLY___   
2024-11-26 15:07:21,732 INFO     ___FILE_ONLY___ role
2024-11-26 15:07:21,732 INFO     ___FILE_ONLY___ :
2024-11-26 15:07:21,732 INFO     ___FILE_ONLY___  
2024-11-26 15:07:21,732 INFO     ___FILE_ONLY___ roles/compute.networkUser
2024-11-26 15:07:21,732 INFO     ___FILE_ONLY___ 

2024-11-26 15:07:21,733 INFO     ___FILE_ONLY___ -
2024-11-26 15:07:21,733 INFO     ___FILE_ONLY___  
2024-11-26 15:07:21,733 INFO     ___FILE_ONLY___ members
2024-11-26 15:07:21,733 INFO     ___FILE_ONLY___ :
2024-11-26 15:07:21,733 INFO     ___FILE_ONLY___ 

2024-11-26 15:07:21,733 INFO     ___FILE_ONLY___   
2024-11-26 15:07:21,733 INFO     ___FILE_ONLY___ -
2024-11-26 15:07:21,733 INFO     ___FILE_ONLY___  
2024-11-26 15:07:21,733 INFO     ___FILE_ONLY___ serviceAccount:service-644941739395@compute-system.iam.gserviceaccount.com
2024-11-26 15:07:21,733 INFO     ___FILE_ONLY___ 

2024-11-26 15:07:21,733 INFO     ___FILE_ONLY___   
2024-11-26 15:07:21,734 INFO     ___FILE_ONLY___ role
2024-11-26 15:07:21,734 INFO     ___FILE_ONLY___ :
2024-11-26 15:07:21,734 INFO     ___FILE_ONLY___  
2024-11-26 15:07:21,734 INFO     ___FILE_ONLY___ roles/compute.serviceAgent
2024-11-26 15:07:21,734 INFO     ___FILE_ONLY___ 

2024-11-26 15:07:21,734 INFO     ___FILE_ONLY___ -
2024-11-26 15:07:21,734 INFO     ___FILE_ONLY___  
2024-11-26 15:07:21,734 INFO     ___FILE_ONLY___ members
2024-11-26 15:07:21,734 INFO     ___FILE_ONLY___ :
2024-11-26 15:07:21,734 INFO     ___FILE_ONLY___ 

2024-11-26 15:07:21,734 INFO     ___FILE_ONLY___   
2024-11-26 15:07:21,735 INFO     ___FILE_ONLY___ -
2024-11-26 15:07:21,735 INFO     ___FILE_ONLY___  
2024-11-26 15:07:21,735 INFO     ___FILE_ONLY___ serviceAccount:644941739395-compute@developer.gserviceaccount.com
2024-11-26 15:07:21,735 INFO     ___FILE_ONLY___ 

2024-11-26 15:07:21,735 INFO     ___FILE_ONLY___   
2024-11-26 15:07:21,735 INFO     ___FILE_ONLY___ -
2024-11-26 15:07:21,735 INFO     ___FILE_ONLY___  
2024-11-26 15:07:21,735 INFO     ___FILE_ONLY___ serviceAccount:644941739395@cloudservices.gserviceaccount.com
2024-11-26 15:07:21,735 INFO     ___FILE_ONLY___ 

2024-11-26 15:07:21,735 INFO     ___FILE_ONLY___   
2024-11-26 15:07:21,735 INFO     ___FILE_ONLY___ -
2024-11-26 15:07:21,735 INFO     ___FILE_ONLY___  
2024-11-26 15:07:21,736 INFO     ___FILE_ONLY___ serviceAccount:inspired-photon-441609-k7@appspot.gserviceaccount.com
2024-11-26 15:07:21,736 INFO     ___FILE_ONLY___ 

2024-11-26 15:07:21,736 INFO     ___FILE_ONLY___   
2024-11-26 15:07:21,736 INFO     ___FILE_ONLY___ -
2024-11-26 15:07:21,736 INFO     ___FILE_ONLY___  
2024-11-26 15:07:21,736 INFO     ___FILE_ONLY___ serviceAccount:vm-creater-account@inspired-photon-441609-k7.iam.gserviceaccount.com
2024-11-26 15:07:21,736 INFO     ___FILE_ONLY___ 

2024-11-26 15:07:21,736 INFO     ___FILE_ONLY___   
2024-11-26 15:07:21,736 INFO     ___FILE_ONLY___ role
2024-11-26 15:07:21,736 INFO     ___FILE_ONLY___ :
2024-11-26 15:07:21,736 INFO     ___FILE_ONLY___  
2024-11-26 15:07:21,736 INFO     ___FILE_ONLY___ roles/editor
2024-11-26 15:07:21,737 INFO     ___FILE_ONLY___ 

2024-11-26 15:07:21,737 INFO     ___FILE_ONLY___ -
2024-11-26 15:07:21,737 INFO     ___FILE_ONLY___  
2024-11-26 15:07:21,737 INFO     ___FILE_ONLY___ members
2024-11-26 15:07:21,737 INFO     ___FILE_ONLY___ :
2024-11-26 15:07:21,737 INFO     ___FILE_ONLY___ 

2024-11-26 15:07:21,737 INFO     ___FILE_ONLY___   
2024-11-26 15:07:21,737 INFO     ___FILE_ONLY___ -
2024-11-26 15:07:21,737 INFO     ___FILE_ONLY___  
2024-11-26 15:07:21,737 INFO     ___FILE_ONLY___ serviceAccount:trigger-account@inspired-photon-441609-k7.iam.gserviceaccount.com
2024-11-26 15:07:21,737 INFO     ___FILE_ONLY___ 

2024-11-26 15:07:21,738 INFO     ___FILE_ONLY___   
2024-11-26 15:07:21,738 INFO     ___FILE_ONLY___ role
2024-11-26 15:07:21,738 INFO     ___FILE_ONLY___ :
2024-11-26 15:07:21,738 INFO     ___FILE_ONLY___  
2024-11-26 15:07:21,738 INFO     ___FILE_ONLY___ roles/iam.roleAdmin
2024-11-26 15:07:21,738 INFO     ___FILE_ONLY___ 

2024-11-26 15:07:21,738 INFO     ___FILE_ONLY___ -
2024-11-26 15:07:21,738 INFO     ___FILE_ONLY___  
2024-11-26 15:07:21,738 INFO     ___FILE_ONLY___ members
2024-11-26 15:07:21,738 INFO     ___FILE_ONLY___ :
2024-11-26 15:07:21,738 INFO     ___FILE_ONLY___ 

2024-11-26 15:07:21,738 INFO     ___FILE_ONLY___   
2024-11-26 15:07:21,739 INFO     ___FILE_ONLY___ -
2024-11-26 15:07:21,739 INFO     ___FILE_ONLY___  
2024-11-26 15:07:21,739 INFO     ___FILE_ONLY___ serviceAccount:vm-creater-account@inspired-photon-441609-k7.iam.gserviceaccount.com
2024-11-26 15:07:21,739 INFO     ___FILE_ONLY___ 

2024-11-26 15:07:21,739 INFO     ___FILE_ONLY___   
2024-11-26 15:07:21,739 INFO     ___FILE_ONLY___ role
2024-11-26 15:07:21,739 INFO     ___FILE_ONLY___ :
2024-11-26 15:07:21,739 INFO     ___FILE_ONLY___  
2024-11-26 15:07:21,739 INFO     ___FILE_ONLY___ roles/iam.serviceAccountUser
2024-11-26 15:07:21,739 INFO     ___FILE_ONLY___ 

2024-11-26 15:07:21,739 INFO     ___FILE_ONLY___ -
2024-11-26 15:07:21,740 INFO     ___FILE_ONLY___  
2024-11-26 15:07:21,740 INFO     ___FILE_ONLY___ members
2024-11-26 15:07:21,740 INFO     ___FILE_ONLY___ :
2024-11-26 15:07:21,740 INFO     ___FILE_ONLY___ 

2024-11-26 15:07:21,740 INFO     ___FILE_ONLY___   
2024-11-26 15:07:21,740 INFO     ___FILE_ONLY___ -
2024-11-26 15:07:21,740 INFO     ___FILE_ONLY___  
2024-11-26 15:07:21,740 INFO     ___FILE_ONLY___ user:das03285@gmail.com
2024-11-26 15:07:21,740 INFO     ___FILE_ONLY___ 

2024-11-26 15:07:21,740 INFO     ___FILE_ONLY___   
2024-11-26 15:07:21,740 INFO     ___FILE_ONLY___ role
2024-11-26 15:07:21,740 INFO     ___FILE_ONLY___ :
2024-11-26 15:07:21,740 INFO     ___FILE_ONLY___  
2024-11-26 15:07:21,740 INFO     ___FILE_ONLY___ roles/owner
2024-11-26 15:07:21,741 INFO     ___FILE_ONLY___ 

2024-11-26 15:07:21,741 INFO     ___FILE_ONLY___ -
2024-11-26 15:07:21,741 INFO     ___FILE_ONLY___  
2024-11-26 15:07:21,741 INFO     ___FILE_ONLY___ members
2024-11-26 15:07:21,741 INFO     ___FILE_ONLY___ :
2024-11-26 15:07:21,741 INFO     ___FILE_ONLY___ 

2024-11-26 15:07:21,741 INFO     ___FILE_ONLY___   
2024-11-26 15:07:21,741 INFO     ___FILE_ONLY___ -
2024-11-26 15:07:21,741 INFO     ___FILE_ONLY___  
2024-11-26 15:07:21,741 INFO     ___FILE_ONLY___ serviceAccount:service-644941739395@gcp-sa-pubsub.iam.gserviceaccount.com
2024-11-26 15:07:21,741 INFO     ___FILE_ONLY___ 

2024-11-26 15:07:21,741 INFO     ___FILE_ONLY___   
2024-11-26 15:07:21,742 INFO     ___FILE_ONLY___ role
2024-11-26 15:07:21,742 INFO     ___FILE_ONLY___ :
2024-11-26 15:07:21,742 INFO     ___FILE_ONLY___  
2024-11-26 15:07:21,742 INFO     ___FILE_ONLY___ roles/pubsub.serviceAgent
2024-11-26 15:07:21,742 INFO     ___FILE_ONLY___ 

2024-11-26 15:07:21,742 INFO     ___FILE_ONLY___ -
2024-11-26 15:07:21,742 INFO     ___FILE_ONLY___  
2024-11-26 15:07:21,742 INFO     ___FILE_ONLY___ members
2024-11-26 15:07:21,742 INFO     ___FILE_ONLY___ :
2024-11-26 15:07:21,742 INFO     ___FILE_ONLY___ 

2024-11-26 15:07:21,742 INFO     ___FILE_ONLY___   
2024-11-26 15:07:21,742 INFO     ___FILE_ONLY___ -
2024-11-26 15:07:21,743 INFO     ___FILE_ONLY___  
2024-11-26 15:07:21,743 INFO     ___FILE_ONLY___ serviceAccount:trigger-account@inspired-photon-441609-k7.iam.gserviceaccount.com
2024-11-26 15:07:21,743 INFO     ___FILE_ONLY___ 

2024-11-26 15:07:21,743 INFO     ___FILE_ONLY___   
2024-11-26 15:07:21,743 INFO     ___FILE_ONLY___ role
2024-11-26 15:07:21,743 INFO     ___FILE_ONLY___ :
2024-11-26 15:07:21,743 INFO     ___FILE_ONLY___  
2024-11-26 15:07:21,743 INFO     ___FILE_ONLY___ roles/resourcemanager.projectIamAdmin
2024-11-26 15:07:21,743 INFO     ___FILE_ONLY___ 

2024-11-26 15:07:21,743 INFO     ___FILE_ONLY___ etag
2024-11-26 15:07:21,743 INFO     ___FILE_ONLY___ :
2024-11-26 15:07:21,744 INFO     ___FILE_ONLY___  
2024-11-26 15:07:21,744 INFO     ___FILE_ONLY___ BwYn0jS9DZk=
2024-11-26 15:07:21,744 INFO     ___FILE_ONLY___ 

2024-11-26 15:07:21,744 INFO     ___FILE_ONLY___ version
2024-11-26 15:07:21,744 INFO     ___FILE_ONLY___ :
2024-11-26 15:07:21,744 INFO     ___FILE_ONLY___  
2024-11-26 15:07:21,744 INFO     ___FILE_ONLY___ 1
2024-11-26 15:07:21,744 INFO     ___FILE_ONLY___ 

2024-11-26 15:07:21,744 DEBUG    root            SDK update checks are disabled.
