2024-11-26 15:00:15,307 DEBUG    root            Loaded Command Group: ['gcloud', 'projects']
2024-11-26 15:00:15,347 DEBUG    root            Loaded Command Group: ['gcloud', 'projects', 'add_iam_policy_binding']
2024-11-26 15:00:15,360 DEBUG    root            Running [gcloud.projects.add-iam-policy-binding] with arguments: [--member: "serviceAccount:trigger-account@inspired-photon-441609-k7.iam.gserviceaccount.com", --role: "projects/inspired-photon-441609-k7/roles/main_custom_role", PROJECT_ID: "inspired-photon-441609-k7"]
2024-11-26 15:00:15,516 DEBUG    urllib3.connectionpool Starting new HTTPS connection (1): cloudresourcemanager.googleapis.com:443
2024-11-26 15:00:15,748 DEBUG    urllib3.connectionpool https://cloudresourcemanager.googleapis.com:443 "POST /v1/projects/inspired-photon-441609-k7:getIamPolicy?alt=json HTTP/1.1" 200 None
2024-11-26 15:00:15,886 DEBUG    urllib3.connectionpool Starting new HTTPS connection (1): cloudresourcemanager.googleapis.com:443
2024-11-26 15:00:16,436 DEBUG    urllib3.connectionpool https://cloudresourcemanager.googleapis.com:443 "POST /v1/projects/inspired-photon-441609-k7:setIamPolicy?alt=json HTTP/1.1" 200 None
2024-11-26 15:00:16,440 INFO     ___FILE_ONLY___ Updated IAM policy for project [inspired-photon-441609-k7].

2024-11-26 15:00:16,440 DEBUG    root            Chosen display Format:default
2024-11-26 15:00:16,441 INFO     root            Display format: "default"
2024-11-26 15:00:16,464 INFO     ___FILE_ONLY___ bindings
2024-11-26 15:00:16,465 INFO     ___FILE_ONLY___ :
2024-11-26 15:00:16,465 INFO     ___FILE_ONLY___ 

2024-11-26 15:00:16,465 INFO     ___FILE_ONLY___ -
2024-11-26 15:00:16,465 INFO     ___FILE_ONLY___  
2024-11-26 15:00:16,465 INFO     ___FILE_ONLY___ members
2024-11-26 15:00:16,465 INFO     ___FILE_ONLY___ :
2024-11-26 15:00:16,465 INFO     ___FILE_ONLY___ 

2024-11-26 15:00:16,465 INFO     ___FILE_ONLY___   
2024-11-26 15:00:16,465 INFO     ___FILE_ONLY___ -
2024-11-26 15:00:16,466 INFO     ___FILE_ONLY___  
2024-11-26 15:00:16,466 INFO     ___FILE_ONLY___ serviceAccount:trigger-account@inspired-photon-441609-k7.iam.gserviceaccount.com
2024-11-26 15:00:16,466 INFO     ___FILE_ONLY___ 

2024-11-26 15:00:16,466 INFO     ___FILE_ONLY___   
2024-11-26 15:00:16,466 INFO     ___FILE_ONLY___ role
2024-11-26 15:00:16,466 INFO     ___FILE_ONLY___ :
2024-11-26 15:00:16,466 INFO     ___FILE_ONLY___  
2024-11-26 15:00:16,466 INFO     ___FILE_ONLY___ projects/inspired-photon-441609-k7/roles/main_custom_role
2024-11-26 15:00:16,466 INFO     ___FILE_ONLY___ 

2024-11-26 15:00:16,467 INFO     ___FILE_ONLY___ -
2024-11-26 15:00:16,467 INFO     ___FILE_ONLY___  
2024-11-26 15:00:16,467 INFO     ___FILE_ONLY___ members
2024-11-26 15:00:16,467 INFO     ___FILE_ONLY___ :
2024-11-26 15:00:16,467 INFO     ___FILE_ONLY___ 

2024-11-26 15:00:16,467 INFO     ___FILE_ONLY___   
2024-11-26 15:00:16,467 INFO     ___FILE_ONLY___ -
2024-11-26 15:00:16,467 INFO     ___FILE_ONLY___  
2024-11-26 15:00:16,467 INFO     ___FILE_ONLY___ serviceAccount:service-644941739395@gcf-admin-robot.iam.gserviceaccount.com
2024-11-26 15:00:16,467 INFO     ___FILE_ONLY___ 

2024-11-26 15:00:16,468 INFO     ___FILE_ONLY___   
2024-11-26 15:00:16,468 INFO     ___FILE_ONLY___ role
2024-11-26 15:00:16,468 INFO     ___FILE_ONLY___ :
2024-11-26 15:00:16,468 INFO     ___FILE_ONLY___  
2024-11-26 15:00:16,468 INFO     ___FILE_ONLY___ roles/cloudfunctions.serviceAgent
2024-11-26 15:00:16,468 INFO     ___FILE_ONLY___ 

2024-11-26 15:00:16,468 INFO     ___FILE_ONLY___ -
2024-11-26 15:00:16,468 INFO     ___FILE_ONLY___  
2024-11-26 15:00:16,468 INFO     ___FILE_ONLY___ members
2024-11-26 15:00:16,468 INFO     ___FILE_ONLY___ :
2024-11-26 15:00:16,469 INFO     ___FILE_ONLY___ 

2024-11-26 15:00:16,469 INFO     ___FILE_ONLY___   
2024-11-26 15:00:16,469 INFO     ___FILE_ONLY___ -
2024-11-26 15:00:16,469 INFO     ___FILE_ONLY___  
2024-11-26 15:00:16,469 INFO     ___FILE_ONLY___ serviceAccount:vm-creater-account@inspired-photon-441609-k7.iam.gserviceaccount.com
2024-11-26 15:00:16,469 INFO     ___FILE_ONLY___ 

2024-11-26 15:00:16,469 INFO     ___FILE_ONLY___   
2024-11-26 15:00:16,469 INFO     ___FILE_ONLY___ role
2024-11-26 15:00:16,469 INFO     ___FILE_ONLY___ :
2024-11-26 15:00:16,469 INFO     ___FILE_ONLY___  
2024-11-26 15:00:16,469 INFO     ___FILE_ONLY___ roles/compute.instanceAdmin.v1
2024-11-26 15:00:16,470 INFO     ___FILE_ONLY___ 

2024-11-26 15:00:16,470 INFO     ___FILE_ONLY___ -
2024-11-26 15:00:16,470 INFO     ___FILE_ONLY___  
2024-11-26 15:00:16,470 INFO     ___FILE_ONLY___ members
2024-11-26 15:00:16,470 INFO     ___FILE_ONLY___ :
2024-11-26 15:00:16,470 INFO     ___FILE_ONLY___ 

2024-11-26 15:00:16,470 INFO     ___FILE_ONLY___   
2024-11-26 15:00:16,470 INFO     ___FILE_ONLY___ -
2024-11-26 15:00:16,470 INFO     ___FILE_ONLY___  
2024-11-26 15:00:16,470 INFO     ___FILE_ONLY___ serviceAccount:vm-creater-account@inspired-photon-441609-k7.iam.gserviceaccount.com
2024-11-26 15:00:16,470 INFO     ___FILE_ONLY___ 

2024-11-26 15:00:16,471 INFO     ___FILE_ONLY___   
2024-11-26 15:00:16,471 INFO     ___FILE_ONLY___ role
2024-11-26 15:00:16,471 INFO     ___FILE_ONLY___ :
2024-11-26 15:00:16,471 INFO     ___FILE_ONLY___  
2024-11-26 15:00:16,471 INFO     ___FILE_ONLY___ roles/compute.networkUser
2024-11-26 15:00:16,471 INFO     ___FILE_ONLY___ 

2024-11-26 15:00:16,471 INFO     ___FILE_ONLY___ -
2024-11-26 15:00:16,471 INFO     ___FILE_ONLY___  
2024-11-26 15:00:16,471 INFO     ___FILE_ONLY___ members
2024-11-26 15:00:16,471 INFO     ___FILE_ONLY___ :
2024-11-26 15:00:16,471 INFO     ___FILE_ONLY___ 

2024-11-26 15:00:16,472 INFO     ___FILE_ONLY___   
2024-11-26 15:00:16,472 INFO     ___FILE_ONLY___ -
2024-11-26 15:00:16,472 INFO     ___FILE_ONLY___  
2024-11-26 15:00:16,472 INFO     ___FILE_ONLY___ serviceAccount:service-644941739395@compute-system.iam.gserviceaccount.com
2024-11-26 15:00:16,472 INFO     ___FILE_ONLY___ 

2024-11-26 15:00:16,472 INFO     ___FILE_ONLY___   
2024-11-26 15:00:16,472 INFO     ___FILE_ONLY___ role
2024-11-26 15:00:16,472 INFO     ___FILE_ONLY___ :
2024-11-26 15:00:16,472 INFO     ___FILE_ONLY___  
2024-11-26 15:00:16,472 INFO     ___FILE_ONLY___ roles/compute.serviceAgent
2024-11-26 15:00:16,473 INFO     ___FILE_ONLY___ 

2024-11-26 15:00:16,473 INFO     ___FILE_ONLY___ -
2024-11-26 15:00:16,473 INFO     ___FILE_ONLY___  
2024-11-26 15:00:16,473 INFO     ___FILE_ONLY___ members
2024-11-26 15:00:16,473 INFO     ___FILE_ONLY___ :
2024-11-26 15:00:16,473 INFO     ___FILE_ONLY___ 

2024-11-26 15:00:16,473 INFO     ___FILE_ONLY___   
2024-11-26 15:00:16,473 INFO     ___FILE_ONLY___ -
2024-11-26 15:00:16,473 INFO     ___FILE_ONLY___  
2024-11-26 15:00:16,473 INFO     ___FILE_ONLY___ serviceAccount:644941739395-compute@developer.gserviceaccount.com
2024-11-26 15:00:16,473 INFO     ___FILE_ONLY___ 

2024-11-26 15:00:16,474 INFO     ___FILE_ONLY___   
2024-11-26 15:00:16,474 INFO     ___FILE_ONLY___ -
2024-11-26 15:00:16,474 INFO     ___FILE_ONLY___  
2024-11-26 15:00:16,474 INFO     ___FILE_ONLY___ serviceAccount:644941739395@cloudservices.gserviceaccount.com
2024-11-26 15:00:16,474 INFO     ___FILE_ONLY___ 

2024-11-26 15:00:16,474 INFO     ___FILE_ONLY___   
2024-11-26 15:00:16,474 INFO     ___FILE_ONLY___ -
2024-11-26 15:00:16,474 INFO     ___FILE_ONLY___  
2024-11-26 15:00:16,474 INFO     ___FILE_ONLY___ serviceAccount:inspired-photon-441609-k7@appspot.gserviceaccount.com
2024-11-26 15:00:16,474 INFO     ___FILE_ONLY___ 

2024-11-26 15:00:16,474 INFO     ___FILE_ONLY___   
2024-11-26 15:00:16,474 INFO     ___FILE_ONLY___ -
2024-11-26 15:00:16,475 INFO     ___FILE_ONLY___  
2024-11-26 15:00:16,475 INFO     ___FILE_ONLY___ serviceAccount:vm-creater-account@inspired-photon-441609-k7.iam.gserviceaccount.com
2024-11-26 15:00:16,475 INFO     ___FILE_ONLY___ 

2024-11-26 15:00:16,475 INFO     ___FILE_ONLY___   
2024-11-26 15:00:16,475 INFO     ___FILE_ONLY___ role
2024-11-26 15:00:16,475 INFO     ___FILE_ONLY___ :
2024-11-26 15:00:16,475 INFO     ___FILE_ONLY___  
2024-11-26 15:00:16,475 INFO     ___FILE_ONLY___ roles/editor
2024-11-26 15:00:16,475 INFO     ___FILE_ONLY___ 

2024-11-26 15:00:16,475 INFO     ___FILE_ONLY___ -
2024-11-26 15:00:16,475 INFO     ___FILE_ONLY___  
2024-11-26 15:00:16,476 INFO     ___FILE_ONLY___ members
2024-11-26 15:00:16,476 INFO     ___FILE_ONLY___ :
2024-11-26 15:00:16,476 INFO     ___FILE_ONLY___ 

2024-11-26 15:00:16,476 INFO     ___FILE_ONLY___   
2024-11-26 15:00:16,476 INFO     ___FILE_ONLY___ -
2024-11-26 15:00:16,476 INFO     ___FILE_ONLY___  
2024-11-26 15:00:16,476 INFO     ___FILE_ONLY___ serviceAccount:trigger-account@inspired-photon-441609-k7.iam.gserviceaccount.com
2024-11-26 15:00:16,476 INFO     ___FILE_ONLY___ 

2024-11-26 15:00:16,476 INFO     ___FILE_ONLY___   
2024-11-26 15:00:16,476 INFO     ___FILE_ONLY___ role
2024-11-26 15:00:16,476 INFO     ___FILE_ONLY___ :
2024-11-26 15:00:16,476 INFO     ___FILE_ONLY___  
2024-11-26 15:00:16,477 INFO     ___FILE_ONLY___ roles/iam.roleAdmin
2024-11-26 15:00:16,477 INFO     ___FILE_ONLY___ 

2024-11-26 15:00:16,477 INFO     ___FILE_ONLY___ -
2024-11-26 15:00:16,477 INFO     ___FILE_ONLY___  
2024-11-26 15:00:16,477 INFO     ___FILE_ONLY___ members
2024-11-26 15:00:16,477 INFO     ___FILE_ONLY___ :
2024-11-26 15:00:16,477 INFO     ___FILE_ONLY___ 

2024-11-26 15:00:16,477 INFO     ___FILE_ONLY___   
2024-11-26 15:00:16,477 INFO     ___FILE_ONLY___ -
2024-11-26 15:00:16,477 INFO     ___FILE_ONLY___  
2024-11-26 15:00:16,477 INFO     ___FILE_ONLY___ serviceAccount:vm-creater-account@inspired-photon-441609-k7.iam.gserviceaccount.com
2024-11-26 15:00:16,478 INFO     ___FILE_ONLY___ 

2024-11-26 15:00:16,478 INFO     ___FILE_ONLY___   
2024-11-26 15:00:16,478 INFO     ___FILE_ONLY___ role
2024-11-26 15:00:16,478 INFO     ___FILE_ONLY___ :
2024-11-26 15:00:16,478 INFO     ___FILE_ONLY___  
2024-11-26 15:00:16,478 INFO     ___FILE_ONLY___ roles/iam.serviceAccountUser
2024-11-26 15:00:16,478 INFO     ___FILE_ONLY___ 

2024-11-26 15:00:16,478 INFO     ___FILE_ONLY___ -
2024-11-26 15:00:16,478 INFO     ___FILE_ONLY___  
2024-11-26 15:00:16,478 INFO     ___FILE_ONLY___ members
2024-11-26 15:00:16,478 INFO     ___FILE_ONLY___ :
2024-11-26 15:00:16,478 INFO     ___FILE_ONLY___ 

2024-11-26 15:00:16,479 INFO     ___FILE_ONLY___   
2024-11-26 15:00:16,479 INFO     ___FILE_ONLY___ -
2024-11-26 15:00:16,479 INFO     ___FILE_ONLY___  
2024-11-26 15:00:16,479 INFO     ___FILE_ONLY___ user:das03285@gmail.com
2024-11-26 15:00:16,479 INFO     ___FILE_ONLY___ 

2024-11-26 15:00:16,479 INFO     ___FILE_ONLY___   
2024-11-26 15:00:16,479 INFO     ___FILE_ONLY___ role
2024-11-26 15:00:16,479 INFO     ___FILE_ONLY___ :
2024-11-26 15:00:16,479 INFO     ___FILE_ONLY___  
2024-11-26 15:00:16,479 INFO     ___FILE_ONLY___ roles/owner
2024-11-26 15:00:16,479 INFO     ___FILE_ONLY___ 

2024-11-26 15:00:16,479 INFO     ___FILE_ONLY___ -
2024-11-26 15:00:16,479 INFO     ___FILE_ONLY___  
2024-11-26 15:00:16,480 INFO     ___FILE_ONLY___ members
2024-11-26 15:00:16,480 INFO     ___FILE_ONLY___ :
2024-11-26 15:00:16,480 INFO     ___FILE_ONLY___ 

2024-11-26 15:00:16,480 INFO     ___FILE_ONLY___   
2024-11-26 15:00:16,480 INFO     ___FILE_ONLY___ -
2024-11-26 15:00:16,480 INFO     ___FILE_ONLY___  
2024-11-26 15:00:16,480 INFO     ___FILE_ONLY___ serviceAccount:service-644941739395@gcp-sa-pubsub.iam.gserviceaccount.com
2024-11-26 15:00:16,480 INFO     ___FILE_ONLY___ 

2024-11-26 15:00:16,480 INFO     ___FILE_ONLY___   
2024-11-26 15:00:16,480 INFO     ___FILE_ONLY___ role
2024-11-26 15:00:16,480 INFO     ___FILE_ONLY___ :
2024-11-26 15:00:16,481 INFO     ___FILE_ONLY___  
2024-11-26 15:00:16,481 INFO     ___FILE_ONLY___ roles/pubsub.serviceAgent
2024-11-26 15:00:16,481 INFO     ___FILE_ONLY___ 

2024-11-26 15:00:16,481 INFO     ___FILE_ONLY___ -
2024-11-26 15:00:16,481 INFO     ___FILE_ONLY___  
2024-11-26 15:00:16,481 INFO     ___FILE_ONLY___ members
2024-11-26 15:00:16,481 INFO     ___FILE_ONLY___ :
2024-11-26 15:00:16,481 INFO     ___FILE_ONLY___ 

2024-11-26 15:00:16,481 INFO     ___FILE_ONLY___   
2024-11-26 15:00:16,481 INFO     ___FILE_ONLY___ -
2024-11-26 15:00:16,481 INFO     ___FILE_ONLY___  
2024-11-26 15:00:16,481 INFO     ___FILE_ONLY___ serviceAccount:trigger-account@inspired-photon-441609-k7.iam.gserviceaccount.com
2024-11-26 15:00:16,482 INFO     ___FILE_ONLY___ 

2024-11-26 15:00:16,482 INFO     ___FILE_ONLY___   
2024-11-26 15:00:16,482 INFO     ___FILE_ONLY___ role
2024-11-26 15:00:16,482 INFO     ___FILE_ONLY___ :
2024-11-26 15:00:16,482 INFO     ___FILE_ONLY___  
2024-11-26 15:00:16,482 INFO     ___FILE_ONLY___ roles/resourcemanager.projectIamAdmin
2024-11-26 15:00:16,482 INFO     ___FILE_ONLY___ 

2024-11-26 15:00:16,482 INFO     ___FILE_ONLY___ etag
2024-11-26 15:00:16,482 INFO     ___FILE_ONLY___ :
2024-11-26 15:00:16,482 INFO     ___FILE_ONLY___  
2024-11-26 15:00:16,482 INFO     ___FILE_ONLY___ BwYn0htkDYg=
2024-11-26 15:00:16,482 INFO     ___FILE_ONLY___ 

2024-11-26 15:00:16,483 INFO     ___FILE_ONLY___ version
2024-11-26 15:00:16,483 INFO     ___FILE_ONLY___ :
2024-11-26 15:00:16,483 INFO     ___FILE_ONLY___  
2024-11-26 15:00:16,483 INFO     ___FILE_ONLY___ 1
2024-11-26 15:00:16,483 INFO     ___FILE_ONLY___ 

2024-11-26 15:00:16,483 DEBUG    root            SDK update checks are disabled.
