2024-11-26 15:04:13,706 DEBUG    root            Loaded Command Group: ['gcloud', 'projects']
2024-11-26 15:04:13,742 DEBUG    root            Loaded Command Group: ['gcloud', 'projects', 'add_iam_policy_binding']
2024-11-26 15:04:13,755 DEBUG    root            Running [gcloud.projects.add-iam-policy-binding] with arguments: [--member: "serviceAccount:trigger-account@inspired-photon-441609-k7.iam.gserviceaccount.com", --role: "projects/inspired-photon-441609-k7/roles/main_custom_role", PROJECT_ID: "inspired-photon-441609-k7"]
2024-11-26 15:04:13,912 DEBUG    urllib3.connectionpool Starting new HTTPS connection (1): cloudresourcemanager.googleapis.com:443
2024-11-26 15:04:14,125 DEBUG    urllib3.connectionpool https://cloudresourcemanager.googleapis.com:443 "POST /v1/projects/inspired-photon-441609-k7:getIamPolicy?alt=json HTTP/1.1" 200 None
2024-11-26 15:04:14,261 DEBUG    urllib3.connectionpool Starting new HTTPS connection (1): cloudresourcemanager.googleapis.com:443
2024-11-26 15:04:14,779 DEBUG    urllib3.connectionpool https://cloudresourcemanager.googleapis.com:443 "POST /v1/projects/inspired-photon-441609-k7:setIamPolicy?alt=json HTTP/1.1" 200 None
2024-11-26 15:04:14,783 INFO     ___FILE_ONLY___ Updated IAM policy for project [inspired-photon-441609-k7].

2024-11-26 15:04:14,783 DEBUG    root            Chosen display Format:default
2024-11-26 15:04:14,784 INFO     root            Display format: "default"
2024-11-26 15:04:14,804 INFO     ___FILE_ONLY___ bindings
2024-11-26 15:04:14,805 INFO     ___FILE_ONLY___ :
2024-11-26 15:04:14,805 INFO     ___FILE_ONLY___ 

2024-11-26 15:04:14,805 INFO     ___FILE_ONLY___ -
2024-11-26 15:04:14,805 INFO     ___FILE_ONLY___  
2024-11-26 15:04:14,805 INFO     ___FILE_ONLY___ members
2024-11-26 15:04:14,805 INFO     ___FILE_ONLY___ :
2024-11-26 15:04:14,805 INFO     ___FILE_ONLY___ 

2024-11-26 15:04:14,805 INFO     ___FILE_ONLY___   
2024-11-26 15:04:14,806 INFO     ___FILE_ONLY___ -
2024-11-26 15:04:14,806 INFO     ___FILE_ONLY___  
2024-11-26 15:04:14,806 INFO     ___FILE_ONLY___ serviceAccount:trigger-account@inspired-photon-441609-k7.iam.gserviceaccount.com
2024-11-26 15:04:14,806 INFO     ___FILE_ONLY___ 

2024-11-26 15:04:14,806 INFO     ___FILE_ONLY___   
2024-11-26 15:04:14,806 INFO     ___FILE_ONLY___ role
2024-11-26 15:04:14,806 INFO     ___FILE_ONLY___ :
2024-11-26 15:04:14,806 INFO     ___FILE_ONLY___  
2024-11-26 15:04:14,806 INFO     ___FILE_ONLY___ projects/inspired-photon-441609-k7/roles/main_custom_role
2024-11-26 15:04:14,807 INFO     ___FILE_ONLY___ 

2024-11-26 15:04:14,807 INFO     ___FILE_ONLY___ -
2024-11-26 15:04:14,807 INFO     ___FILE_ONLY___  
2024-11-26 15:04:14,807 INFO     ___FILE_ONLY___ members
2024-11-26 15:04:14,807 INFO     ___FILE_ONLY___ :
2024-11-26 15:04:14,807 INFO     ___FILE_ONLY___ 

2024-11-26 15:04:14,807 INFO     ___FILE_ONLY___   
2024-11-26 15:04:14,807 INFO     ___FILE_ONLY___ -
2024-11-26 15:04:14,807 INFO     ___FILE_ONLY___  
2024-11-26 15:04:14,807 INFO     ___FILE_ONLY___ serviceAccount:service-644941739395@gcf-admin-robot.iam.gserviceaccount.com
2024-11-26 15:04:14,808 INFO     ___FILE_ONLY___ 

2024-11-26 15:04:14,808 INFO     ___FILE_ONLY___   
2024-11-26 15:04:14,808 INFO     ___FILE_ONLY___ role
2024-11-26 15:04:14,808 INFO     ___FILE_ONLY___ :
2024-11-26 15:04:14,808 INFO     ___FILE_ONLY___  
2024-11-26 15:04:14,808 INFO     ___FILE_ONLY___ roles/cloudfunctions.serviceAgent
2024-11-26 15:04:14,808 INFO     ___FILE_ONLY___ 

2024-11-26 15:04:14,808 INFO     ___FILE_ONLY___ -
2024-11-26 15:04:14,808 INFO     ___FILE_ONLY___  
2024-11-26 15:04:14,809 INFO     ___FILE_ONLY___ members
2024-11-26 15:04:14,809 INFO     ___FILE_ONLY___ :
2024-11-26 15:04:14,809 INFO     ___FILE_ONLY___ 

2024-11-26 15:04:14,809 INFO     ___FILE_ONLY___   
2024-11-26 15:04:14,809 INFO     ___FILE_ONLY___ -
2024-11-26 15:04:14,809 INFO     ___FILE_ONLY___  
2024-11-26 15:04:14,809 INFO     ___FILE_ONLY___ serviceAccount:vm-creater-account@inspired-photon-441609-k7.iam.gserviceaccount.com
2024-11-26 15:04:14,810 INFO     ___FILE_ONLY___ 

2024-11-26 15:04:14,810 INFO     ___FILE_ONLY___   
2024-11-26 15:04:14,810 INFO     ___FILE_ONLY___ role
2024-11-26 15:04:14,810 INFO     ___FILE_ONLY___ :
2024-11-26 15:04:14,810 INFO     ___FILE_ONLY___  
2024-11-26 15:04:14,810 INFO     ___FILE_ONLY___ roles/compute.instanceAdmin.v1
2024-11-26 15:04:14,810 INFO     ___FILE_ONLY___ 

2024-11-26 15:04:14,810 INFO     ___FILE_ONLY___ -
2024-11-26 15:04:14,810 INFO     ___FILE_ONLY___  
2024-11-26 15:04:14,811 INFO     ___FILE_ONLY___ members
2024-11-26 15:04:14,811 INFO     ___FILE_ONLY___ :
2024-11-26 15:04:14,811 INFO     ___FILE_ONLY___ 

2024-11-26 15:04:14,811 INFO     ___FILE_ONLY___   
2024-11-26 15:04:14,811 INFO     ___FILE_ONLY___ -
2024-11-26 15:04:14,811 INFO     ___FILE_ONLY___  
2024-11-26 15:04:14,811 INFO     ___FILE_ONLY___ serviceAccount:vm-creater-account@inspired-photon-441609-k7.iam.gserviceaccount.com
2024-11-26 15:04:14,811 INFO     ___FILE_ONLY___ 

2024-11-26 15:04:14,811 INFO     ___FILE_ONLY___   
2024-11-26 15:04:14,811 INFO     ___FILE_ONLY___ role
2024-11-26 15:04:14,811 INFO     ___FILE_ONLY___ :
2024-11-26 15:04:14,812 INFO     ___FILE_ONLY___  
2024-11-26 15:04:14,812 INFO     ___FILE_ONLY___ roles/compute.networkUser
2024-11-26 15:04:14,812 INFO     ___FILE_ONLY___ 

2024-11-26 15:04:14,812 INFO     ___FILE_ONLY___ -
2024-11-26 15:04:14,812 INFO     ___FILE_ONLY___  
2024-11-26 15:04:14,812 INFO     ___FILE_ONLY___ members
2024-11-26 15:04:14,812 INFO     ___FILE_ONLY___ :
2024-11-26 15:04:14,812 INFO     ___FILE_ONLY___ 

2024-11-26 15:04:14,812 INFO     ___FILE_ONLY___   
2024-11-26 15:04:14,812 INFO     ___FILE_ONLY___ -
2024-11-26 15:04:14,812 INFO     ___FILE_ONLY___  
2024-11-26 15:04:14,813 INFO     ___FILE_ONLY___ serviceAccount:service-644941739395@compute-system.iam.gserviceaccount.com
2024-11-26 15:04:14,813 INFO     ___FILE_ONLY___ 

2024-11-26 15:04:14,813 INFO     ___FILE_ONLY___   
2024-11-26 15:04:14,813 INFO     ___FILE_ONLY___ role
2024-11-26 15:04:14,813 INFO     ___FILE_ONLY___ :
2024-11-26 15:04:14,813 INFO     ___FILE_ONLY___  
2024-11-26 15:04:14,813 INFO     ___FILE_ONLY___ roles/compute.serviceAgent
2024-11-26 15:04:14,813 INFO     ___FILE_ONLY___ 

2024-11-26 15:04:14,813 INFO     ___FILE_ONLY___ -
2024-11-26 15:04:14,813 INFO     ___FILE_ONLY___  
2024-11-26 15:04:14,813 INFO     ___FILE_ONLY___ members
2024-11-26 15:04:14,814 INFO     ___FILE_ONLY___ :
2024-11-26 15:04:14,814 INFO     ___FILE_ONLY___ 

2024-11-26 15:04:14,814 INFO     ___FILE_ONLY___   
2024-11-26 15:04:14,814 INFO     ___FILE_ONLY___ -
2024-11-26 15:04:14,814 INFO     ___FILE_ONLY___  
2024-11-26 15:04:14,814 INFO     ___FILE_ONLY___ serviceAccount:644941739395-compute@developer.gserviceaccount.com
2024-11-26 15:04:14,814 INFO     ___FILE_ONLY___ 

2024-11-26 15:04:14,814 INFO     ___FILE_ONLY___   
2024-11-26 15:04:14,814 INFO     ___FILE_ONLY___ -
2024-11-26 15:04:14,814 INFO     ___FILE_ONLY___  
2024-11-26 15:04:14,814 INFO     ___FILE_ONLY___ serviceAccount:644941739395@cloudservices.gserviceaccount.com
2024-11-26 15:04:14,814 INFO     ___FILE_ONLY___ 

2024-11-26 15:04:14,814 INFO     ___FILE_ONLY___   
2024-11-26 15:04:14,815 INFO     ___FILE_ONLY___ -
2024-11-26 15:04:14,815 INFO     ___FILE_ONLY___  
2024-11-26 15:04:14,815 INFO     ___FILE_ONLY___ serviceAccount:inspired-photon-441609-k7@appspot.gserviceaccount.com
2024-11-26 15:04:14,815 INFO     ___FILE_ONLY___ 

2024-11-26 15:04:14,815 INFO     ___FILE_ONLY___   
2024-11-26 15:04:14,815 INFO     ___FILE_ONLY___ -
2024-11-26 15:04:14,815 INFO     ___FILE_ONLY___  
2024-11-26 15:04:14,815 INFO     ___FILE_ONLY___ serviceAccount:vm-creater-account@inspired-photon-441609-k7.iam.gserviceaccount.com
2024-11-26 15:04:14,816 INFO     ___FILE_ONLY___ 

2024-11-26 15:04:14,816 INFO     ___FILE_ONLY___   
2024-11-26 15:04:14,816 INFO     ___FILE_ONLY___ role
2024-11-26 15:04:14,816 INFO     ___FILE_ONLY___ :
2024-11-26 15:04:14,816 INFO     ___FILE_ONLY___  
2024-11-26 15:04:14,816 INFO     ___FILE_ONLY___ roles/editor
2024-11-26 15:04:14,816 INFO     ___FILE_ONLY___ 

2024-11-26 15:04:14,816 INFO     ___FILE_ONLY___ -
2024-11-26 15:04:14,816 INFO     ___FILE_ONLY___  
2024-11-26 15:04:14,817 INFO     ___FILE_ONLY___ members
2024-11-26 15:04:14,817 INFO     ___FILE_ONLY___ :
2024-11-26 15:04:14,817 INFO     ___FILE_ONLY___ 

2024-11-26 15:04:14,817 INFO     ___FILE_ONLY___   
2024-11-26 15:04:14,817 INFO     ___FILE_ONLY___ -
2024-11-26 15:04:14,817 INFO     ___FILE_ONLY___  
2024-11-26 15:04:14,817 INFO     ___FILE_ONLY___ serviceAccount:trigger-account@inspired-photon-441609-k7.iam.gserviceaccount.com
2024-11-26 15:04:14,817 INFO     ___FILE_ONLY___ 

2024-11-26 15:04:14,817 INFO     ___FILE_ONLY___   
2024-11-26 15:04:14,817 INFO     ___FILE_ONLY___ role
2024-11-26 15:04:14,817 INFO     ___FILE_ONLY___ :
2024-11-26 15:04:14,817 INFO     ___FILE_ONLY___  
2024-11-26 15:04:14,818 INFO     ___FILE_ONLY___ roles/iam.roleAdmin
2024-11-26 15:04:14,818 INFO     ___FILE_ONLY___ 

2024-11-26 15:04:14,818 INFO     ___FILE_ONLY___ -
2024-11-26 15:04:14,818 INFO     ___FILE_ONLY___  
2024-11-26 15:04:14,818 INFO     ___FILE_ONLY___ members
2024-11-26 15:04:14,818 INFO     ___FILE_ONLY___ :
2024-11-26 15:04:14,818 INFO     ___FILE_ONLY___ 

2024-11-26 15:04:14,818 INFO     ___FILE_ONLY___   
2024-11-26 15:04:14,818 INFO     ___FILE_ONLY___ -
2024-11-26 15:04:14,818 INFO     ___FILE_ONLY___  
2024-11-26 15:04:14,818 INFO     ___FILE_ONLY___ serviceAccount:vm-creater-account@inspired-photon-441609-k7.iam.gserviceaccount.com
2024-11-26 15:04:14,819 INFO     ___FILE_ONLY___ 

2024-11-26 15:04:14,819 INFO     ___FILE_ONLY___   
2024-11-26 15:04:14,819 INFO     ___FILE_ONLY___ role
2024-11-26 15:04:14,819 INFO     ___FILE_ONLY___ :
2024-11-26 15:04:14,819 INFO     ___FILE_ONLY___  
2024-11-26 15:04:14,819 INFO     ___FILE_ONLY___ roles/iam.serviceAccountUser
2024-11-26 15:04:14,819 INFO     ___FILE_ONLY___ 

2024-11-26 15:04:14,819 INFO     ___FILE_ONLY___ -
2024-11-26 15:04:14,819 INFO     ___FILE_ONLY___  
2024-11-26 15:04:14,819 INFO     ___FILE_ONLY___ members
2024-11-26 15:04:14,819 INFO     ___FILE_ONLY___ :
2024-11-26 15:04:14,819 INFO     ___FILE_ONLY___ 

2024-11-26 15:04:14,820 INFO     ___FILE_ONLY___   
2024-11-26 15:04:14,820 INFO     ___FILE_ONLY___ -
2024-11-26 15:04:14,820 INFO     ___FILE_ONLY___  
2024-11-26 15:04:14,820 INFO     ___FILE_ONLY___ user:das03285@gmail.com
2024-11-26 15:04:14,820 INFO     ___FILE_ONLY___ 

2024-11-26 15:04:14,820 INFO     ___FILE_ONLY___   
2024-11-26 15:04:14,820 INFO     ___FILE_ONLY___ role
2024-11-26 15:04:14,820 INFO     ___FILE_ONLY___ :
2024-11-26 15:04:14,820 INFO     ___FILE_ONLY___  
2024-11-26 15:04:14,820 INFO     ___FILE_ONLY___ roles/owner
2024-11-26 15:04:14,820 INFO     ___FILE_ONLY___ 

2024-11-26 15:04:14,820 INFO     ___FILE_ONLY___ -
2024-11-26 15:04:14,821 INFO     ___FILE_ONLY___  
2024-11-26 15:04:14,821 INFO     ___FILE_ONLY___ members
2024-11-26 15:04:14,821 INFO     ___FILE_ONLY___ :
2024-11-26 15:04:14,821 INFO     ___FILE_ONLY___ 

2024-11-26 15:04:14,821 INFO     ___FILE_ONLY___   
2024-11-26 15:04:14,821 INFO     ___FILE_ONLY___ -
2024-11-26 15:04:14,821 INFO     ___FILE_ONLY___  
2024-11-26 15:04:14,821 INFO     ___FILE_ONLY___ serviceAccount:service-644941739395@gcp-sa-pubsub.iam.gserviceaccount.com
2024-11-26 15:04:14,821 INFO     ___FILE_ONLY___ 

2024-11-26 15:04:14,821 INFO     ___FILE_ONLY___   
2024-11-26 15:04:14,821 INFO     ___FILE_ONLY___ role
2024-11-26 15:04:14,822 INFO     ___FILE_ONLY___ :
2024-11-26 15:04:14,822 INFO     ___FILE_ONLY___  
2024-11-26 15:04:14,822 INFO     ___FILE_ONLY___ roles/pubsub.serviceAgent
2024-11-26 15:04:14,822 INFO     ___FILE_ONLY___ 

2024-11-26 15:04:14,822 INFO     ___FILE_ONLY___ -
2024-11-26 15:04:14,822 INFO     ___FILE_ONLY___  
2024-11-26 15:04:14,822 INFO     ___FILE_ONLY___ members
2024-11-26 15:04:14,822 INFO     ___FILE_ONLY___ :
2024-11-26 15:04:14,822 INFO     ___FILE_ONLY___ 

2024-11-26 15:04:14,822 INFO     ___FILE_ONLY___   
2024-11-26 15:04:14,822 INFO     ___FILE_ONLY___ -
2024-11-26 15:04:14,822 INFO     ___FILE_ONLY___  
2024-11-26 15:04:14,823 INFO     ___FILE_ONLY___ serviceAccount:trigger-account@inspired-photon-441609-k7.iam.gserviceaccount.com
2024-11-26 15:04:14,823 INFO     ___FILE_ONLY___ 

2024-11-26 15:04:14,823 INFO     ___FILE_ONLY___   
2024-11-26 15:04:14,823 INFO     ___FILE_ONLY___ role
2024-11-26 15:04:14,823 INFO     ___FILE_ONLY___ :
2024-11-26 15:04:14,823 INFO     ___FILE_ONLY___  
2024-11-26 15:04:14,823 INFO     ___FILE_ONLY___ roles/resourcemanager.projectIamAdmin
2024-11-26 15:04:14,823 INFO     ___FILE_ONLY___ 

2024-11-26 15:04:14,823 INFO     ___FILE_ONLY___ etag
2024-11-26 15:04:14,823 INFO     ___FILE_ONLY___ :
2024-11-26 15:04:14,823 INFO     ___FILE_ONLY___  
2024-11-26 15:04:14,823 INFO     ___FILE_ONLY___ BwYn0imY5xw=
2024-11-26 15:04:14,824 INFO     ___FILE_ONLY___ 

2024-11-26 15:04:14,824 INFO     ___FILE_ONLY___ version
2024-11-26 15:04:14,824 INFO     ___FILE_ONLY___ :
2024-11-26 15:04:14,824 INFO     ___FILE_ONLY___  
2024-11-26 15:04:14,824 INFO     ___FILE_ONLY___ 1
2024-11-26 15:04:14,824 INFO     ___FILE_ONLY___ 

2024-11-26 15:04:14,825 DEBUG    root            SDK update checks are disabled.
