2024-11-26 15:04:06,536 DEBUG    root            Loaded Command Group: ['gcloud', 'iam']
2024-11-26 15:04:06,538 DEBUG    root            Loaded Command Group: ['gcloud', 'iam', 'roles']
2024-11-26 15:04:06,565 DEBUG    root            Loaded Command Group: ['gcloud', 'iam', 'roles', 'create']
2024-11-26 15:04:06,568 DEBUG    root            Running [gcloud.iam.roles.create] with arguments: [--permissions: "storage.objects.get,storage.objects.create,pubsub.topics.publish,cloudfunctions.functions.invoke", --project: "inspired-photon-441609-k7", --title: "Custom role for needed services_4", ROLE_ID: "main_custom_role4"]
2024-11-26 15:04:06,730 DEBUG    urllib3.connectionpool Starting new HTTPS connection (1): iam.googleapis.com:443
2024-11-26 15:04:07,226 DEBUG    urllib3.connectionpool https://iam.googleapis.com:443 "POST /v1/permissions:queryTestablePermissions?alt=json HTTP/1.1" 200 None
2024-11-26 15:04:07,303 DEBUG    urllib3.connectionpool Starting new HTTPS connection (1): iam.googleapis.com:443
2024-11-26 15:04:07,827 DEBUG    urllib3.connectionpool https://iam.googleapis.com:443 "POST /v1/permissions:queryTestablePermissions?alt=json HTTP/1.1" 200 None
2024-11-26 15:04:07,903 DEBUG    urllib3.connectionpool Starting new HTTPS connection (1): iam.googleapis.com:443
2024-11-26 15:04:08,275 DEBUG    urllib3.connectionpool https://iam.googleapis.com:443 "POST /v1/permissions:queryTestablePermissions?alt=json HTTP/1.1" 200 None
2024-11-26 15:04:08,352 DEBUG    urllib3.connectionpool Starting new HTTPS connection (1): iam.googleapis.com:443
2024-11-26 15:04:08,969 DEBUG    urllib3.connectionpool https://iam.googleapis.com:443 "POST /v1/permissions:queryTestablePermissions?alt=json HTTP/1.1" 200 None
2024-11-26 15:04:09,039 DEBUG    urllib3.connectionpool Starting new HTTPS connection (1): iam.googleapis.com:443
2024-11-26 15:04:09,428 DEBUG    urllib3.connectionpool https://iam.googleapis.com:443 "POST /v1/permissions:queryTestablePermissions?alt=json HTTP/1.1" 200 None
2024-11-26 15:04:09,503 DEBUG    urllib3.connectionpool Starting new HTTPS connection (1): iam.googleapis.com:443
2024-11-26 15:04:09,853 DEBUG    urllib3.connectionpool https://iam.googleapis.com:443 "POST /v1/permissions:queryTestablePermissions?alt=json HTTP/1.1" 200 None
2024-11-26 15:04:09,933 DEBUG    urllib3.connectionpool Starting new HTTPS connection (1): iam.googleapis.com:443
2024-11-26 15:04:10,343 DEBUG    urllib3.connectionpool https://iam.googleapis.com:443 "POST /v1/permissions:queryTestablePermissions?alt=json HTTP/1.1" 200 None
2024-11-26 15:04:10,423 DEBUG    urllib3.connectionpool Starting new HTTPS connection (1): iam.googleapis.com:443
2024-11-26 15:04:10,804 DEBUG    urllib3.connectionpool https://iam.googleapis.com:443 "POST /v1/permissions:queryTestablePermissions?alt=json HTTP/1.1" 200 None
2024-11-26 15:04:10,873 DEBUG    urllib3.connectionpool Starting new HTTPS connection (1): iam.googleapis.com:443
2024-11-26 15:04:11,266 DEBUG    urllib3.connectionpool https://iam.googleapis.com:443 "POST /v1/permissions:queryTestablePermissions?alt=json HTTP/1.1" 200 None
2024-11-26 15:04:11,338 DEBUG    urllib3.connectionpool Starting new HTTPS connection (1): iam.googleapis.com:443
2024-11-26 15:04:11,759 DEBUG    urllib3.connectionpool https://iam.googleapis.com:443 "POST /v1/permissions:queryTestablePermissions?alt=json HTTP/1.1" 200 None
2024-11-26 15:04:11,830 DEBUG    urllib3.connectionpool Starting new HTTPS connection (1): iam.googleapis.com:443
2024-11-26 15:04:12,332 DEBUG    urllib3.connectionpool https://iam.googleapis.com:443 "POST /v1/permissions:queryTestablePermissions?alt=json HTTP/1.1" 200 None
2024-11-26 15:04:12,352 DEBUG    urllib3.connectionpool Starting new HTTPS connection (1): iam.googleapis.com:443
2024-11-26 15:04:12,676 DEBUG    urllib3.connectionpool https://iam.googleapis.com:443 "POST /v1/projects/inspired-photon-441609-k7/roles?alt=json HTTP/1.1" 200 None
2024-11-26 15:04:12,680 INFO     ___FILE_ONLY___ Created role [main_custom_role4].

2024-11-26 15:04:12,682 DEBUG    root            Chosen display Format:default
2024-11-26 15:04:12,684 INFO     root            Display format: "default"
2024-11-26 15:04:12,740 INFO     ___FILE_ONLY___ etag
2024-11-26 15:04:12,740 INFO     ___FILE_ONLY___ :
2024-11-26 15:04:12,741 INFO     ___FILE_ONLY___  
2024-11-26 15:04:12,741 INFO     ___FILE_ONLY___ BwYn0il4vj4=
2024-11-26 15:04:12,741 INFO     ___FILE_ONLY___ 

2024-11-26 15:04:12,741 INFO     ___FILE_ONLY___ includedPermissions
2024-11-26 15:04:12,741 INFO     ___FILE_ONLY___ :
2024-11-26 15:04:12,741 INFO     ___FILE_ONLY___ 

2024-11-26 15:04:12,741 INFO     ___FILE_ONLY___ -
2024-11-26 15:04:12,741 INFO     ___FILE_ONLY___  
2024-11-26 15:04:12,742 INFO     ___FILE_ONLY___ cloudfunctions.functions.invoke
2024-11-26 15:04:12,742 INFO     ___FILE_ONLY___ 

2024-11-26 15:04:12,742 INFO     ___FILE_ONLY___ -
2024-11-26 15:04:12,742 INFO     ___FILE_ONLY___  
2024-11-26 15:04:12,742 INFO     ___FILE_ONLY___ pubsub.topics.publish
2024-11-26 15:04:12,742 INFO     ___FILE_ONLY___ 

2024-11-26 15:04:12,742 INFO     ___FILE_ONLY___ -
2024-11-26 15:04:12,742 INFO     ___FILE_ONLY___  
2024-11-26 15:04:12,742 INFO     ___FILE_ONLY___ storage.objects.create
2024-11-26 15:04:12,742 INFO     ___FILE_ONLY___ 

2024-11-26 15:04:12,743 INFO     ___FILE_ONLY___ -
2024-11-26 15:04:12,743 INFO     ___FILE_ONLY___  
2024-11-26 15:04:12,743 INFO     ___FILE_ONLY___ storage.objects.get
2024-11-26 15:04:12,743 INFO     ___FILE_ONLY___ 

2024-11-26 15:04:12,743 INFO     ___FILE_ONLY___ name
2024-11-26 15:04:12,744 INFO     ___FILE_ONLY___ :
2024-11-26 15:04:12,744 INFO     ___FILE_ONLY___  
2024-11-26 15:04:12,744 INFO     ___FILE_ONLY___ projects/inspired-photon-441609-k7/roles/main_custom_role4
2024-11-26 15:04:12,744 INFO     ___FILE_ONLY___ 

2024-11-26 15:04:12,744 INFO     ___FILE_ONLY___ stage
2024-11-26 15:04:12,744 INFO     ___FILE_ONLY___ :
2024-11-26 15:04:12,744 INFO     ___FILE_ONLY___  
2024-11-26 15:04:12,745 INFO     ___FILE_ONLY___ ALPHA
2024-11-26 15:04:12,745 INFO     ___FILE_ONLY___ 

2024-11-26 15:04:12,745 INFO     ___FILE_ONLY___ title
2024-11-26 15:04:12,745 INFO     ___FILE_ONLY___ :
2024-11-26 15:04:12,745 INFO     ___FILE_ONLY___  
2024-11-26 15:04:12,745 INFO     ___FILE_ONLY___ Custom
2024-11-26 15:04:12,745 INFO     ___FILE_ONLY___  
2024-11-26 15:04:12,746 INFO     ___FILE_ONLY___ role
2024-11-26 15:04:12,746 INFO     ___FILE_ONLY___  
2024-11-26 15:04:12,746 INFO     ___FILE_ONLY___ for
2024-11-26 15:04:12,746 INFO     ___FILE_ONLY___  
2024-11-26 15:04:12,746 INFO     ___FILE_ONLY___ needed
2024-11-26 15:04:12,746 INFO     ___FILE_ONLY___  
2024-11-26 15:04:12,746 INFO     ___FILE_ONLY___ services_4
2024-11-26 15:04:12,746 INFO     ___FILE_ONLY___ 

2024-11-26 15:04:12,746 DEBUG    root            SDK update checks are disabled.
