2024-11-26 15:14:22,472 DEBUG    root            Loaded Command Group: ['gcloud', 'iam']
2024-11-26 15:14:22,474 DEBUG    root            Loaded Command Group: ['gcloud', 'iam', 'roles']
2024-11-26 15:14:22,497 DEBUG    root            Loaded Command Group: ['gcloud', 'iam', 'roles', 'create']
2024-11-26 15:14:22,501 DEBUG    root            Running [gcloud.iam.roles.create] with arguments: [--permissions: "storage.objects.get,storage.objects.create,storage.buckets.create,pubsub.topics.create,pubsub.topics.publish,cloudfunctions.functions.create,cloudfunctions.functions.invoke", --project: "inspired-photon-441609-k7", --title: "Custom role for needed services_6", ROLE_ID: "main_custom_role6"]
2024-11-26 15:14:22,659 DEBUG    urllib3.connectionpool Starting new HTTPS connection (1): iam.googleapis.com:443
2024-11-26 15:14:23,129 DEBUG    urllib3.connectionpool https://iam.googleapis.com:443 "POST /v1/permissions:queryTestablePermissions?alt=json HTTP/1.1" 200 None
2024-11-26 15:14:23,206 DEBUG    urllib3.connectionpool Starting new HTTPS connection (1): iam.googleapis.com:443
2024-11-26 15:14:23,669 DEBUG    urllib3.connectionpool https://iam.googleapis.com:443 "POST /v1/permissions:queryTestablePermissions?alt=json HTTP/1.1" 200 None
2024-11-26 15:14:23,738 DEBUG    urllib3.connectionpool Starting new HTTPS connection (1): iam.googleapis.com:443
2024-11-26 15:14:24,145 DEBUG    urllib3.connectionpool https://iam.googleapis.com:443 "POST /v1/permissions:queryTestablePermissions?alt=json HTTP/1.1" 200 None
2024-11-26 15:14:24,220 DEBUG    urllib3.connectionpool Starting new HTTPS connection (1): iam.googleapis.com:443
2024-11-26 15:14:24,670 DEBUG    urllib3.connectionpool https://iam.googleapis.com:443 "POST /v1/permissions:queryTestablePermissions?alt=json HTTP/1.1" 200 None
2024-11-26 15:14:24,730 DEBUG    urllib3.connectionpool Starting new HTTPS connection (1): iam.googleapis.com:443
2024-11-26 15:14:25,151 DEBUG    urllib3.connectionpool https://iam.googleapis.com:443 "POST /v1/permissions:queryTestablePermissions?alt=json HTTP/1.1" 200 None
2024-11-26 15:14:25,224 DEBUG    urllib3.connectionpool Starting new HTTPS connection (1): iam.googleapis.com:443
2024-11-26 15:14:25,661 DEBUG    urllib3.connectionpool https://iam.googleapis.com:443 "POST /v1/permissions:queryTestablePermissions?alt=json HTTP/1.1" 200 None
2024-11-26 15:14:25,731 DEBUG    urllib3.connectionpool Starting new HTTPS connection (1): iam.googleapis.com:443
2024-11-26 15:14:26,172 DEBUG    urllib3.connectionpool https://iam.googleapis.com:443 "POST /v1/permissions:queryTestablePermissions?alt=json HTTP/1.1" 200 None
2024-11-26 15:14:26,244 DEBUG    urllib3.connectionpool Starting new HTTPS connection (1): iam.googleapis.com:443
2024-11-26 15:14:26,659 DEBUG    urllib3.connectionpool https://iam.googleapis.com:443 "POST /v1/permissions:queryTestablePermissions?alt=json HTTP/1.1" 200 None
2024-11-26 15:14:26,729 DEBUG    urllib3.connectionpool Starting new HTTPS connection (1): iam.googleapis.com:443
2024-11-26 15:14:27,056 DEBUG    urllib3.connectionpool https://iam.googleapis.com:443 "POST /v1/permissions:queryTestablePermissions?alt=json HTTP/1.1" 200 None
2024-11-26 15:14:27,129 DEBUG    urllib3.connectionpool Starting new HTTPS connection (1): iam.googleapis.com:443
2024-11-26 15:14:27,515 DEBUG    urllib3.connectionpool https://iam.googleapis.com:443 "POST /v1/permissions:queryTestablePermissions?alt=json HTTP/1.1" 200 None
2024-11-26 15:14:27,590 DEBUG    urllib3.connectionpool Starting new HTTPS connection (1): iam.googleapis.com:443
2024-11-26 15:14:28,046 DEBUG    urllib3.connectionpool https://iam.googleapis.com:443 "POST /v1/permissions:queryTestablePermissions?alt=json HTTP/1.1" 200 None
2024-11-26 15:14:28,063 DEBUG    urllib3.connectionpool Starting new HTTPS connection (1): iam.googleapis.com:443
2024-11-26 15:14:28,388 DEBUG    urllib3.connectionpool https://iam.googleapis.com:443 "POST /v1/projects/inspired-photon-441609-k7/roles?alt=json HTTP/1.1" 200 None
2024-11-26 15:14:28,391 INFO     ___FILE_ONLY___ Created role [main_custom_role6].

2024-11-26 15:14:28,393 DEBUG    root            Chosen display Format:default
2024-11-26 15:14:28,394 INFO     root            Display format: "default"
2024-11-26 15:14:28,448 INFO     ___FILE_ONLY___ etag
2024-11-26 15:14:28,448 INFO     ___FILE_ONLY___ :
2024-11-26 15:14:28,448 INFO     ___FILE_ONLY___  
2024-11-26 15:14:28,448 INFO     ___FILE_ONLY___ BwYn0k4r1BU=
2024-11-26 15:14:28,448 INFO     ___FILE_ONLY___ 

2024-11-26 15:14:28,449 INFO     ___FILE_ONLY___ includedPermissions
2024-11-26 15:14:28,449 INFO     ___FILE_ONLY___ :
2024-11-26 15:14:28,449 INFO     ___FILE_ONLY___ 

2024-11-26 15:14:28,449 INFO     ___FILE_ONLY___ -
2024-11-26 15:14:28,449 INFO     ___FILE_ONLY___  
2024-11-26 15:14:28,449 INFO     ___FILE_ONLY___ cloudfunctions.functions.create
2024-11-26 15:14:28,449 INFO     ___FILE_ONLY___ 

2024-11-26 15:14:28,449 INFO     ___FILE_ONLY___ -
2024-11-26 15:14:28,450 INFO     ___FILE_ONLY___  
2024-11-26 15:14:28,450 INFO     ___FILE_ONLY___ cloudfunctions.functions.invoke
2024-11-26 15:14:28,450 INFO     ___FILE_ONLY___ 

2024-11-26 15:14:28,450 INFO     ___FILE_ONLY___ -
2024-11-26 15:14:28,450 INFO     ___FILE_ONLY___  
2024-11-26 15:14:28,450 INFO     ___FILE_ONLY___ pubsub.topics.create
2024-11-26 15:14:28,450 INFO     ___FILE_ONLY___ 

2024-11-26 15:14:28,450 INFO     ___FILE_ONLY___ -
2024-11-26 15:14:28,450 INFO     ___FILE_ONLY___  
2024-11-26 15:14:28,450 INFO     ___FILE_ONLY___ pubsub.topics.publish
2024-11-26 15:14:28,450 INFO     ___FILE_ONLY___ 

2024-11-26 15:14:28,451 INFO     ___FILE_ONLY___ -
2024-11-26 15:14:28,451 INFO     ___FILE_ONLY___  
2024-11-26 15:14:28,451 INFO     ___FILE_ONLY___ storage.buckets.create
2024-11-26 15:14:28,451 INFO     ___FILE_ONLY___ 

2024-11-26 15:14:28,451 INFO     ___FILE_ONLY___ -
2024-11-26 15:14:28,451 INFO     ___FILE_ONLY___  
2024-11-26 15:14:28,451 INFO     ___FILE_ONLY___ storage.objects.create
2024-11-26 15:14:28,451 INFO     ___FILE_ONLY___ 

2024-11-26 15:14:28,451 INFO     ___FILE_ONLY___ -
2024-11-26 15:14:28,451 INFO     ___FILE_ONLY___  
2024-11-26 15:14:28,451 INFO     ___FILE_ONLY___ storage.objects.get
2024-11-26 15:14:28,452 INFO     ___FILE_ONLY___ 

2024-11-26 15:14:28,452 INFO     ___FILE_ONLY___ name
2024-11-26 15:14:28,452 INFO     ___FILE_ONLY___ :
2024-11-26 15:14:28,452 INFO     ___FILE_ONLY___  
2024-11-26 15:14:28,452 INFO     ___FILE_ONLY___ projects/inspired-photon-441609-k7/roles/main_custom_role6
2024-11-26 15:14:28,452 INFO     ___FILE_ONLY___ 

2024-11-26 15:14:28,452 INFO     ___FILE_ONLY___ stage
2024-11-26 15:14:28,453 INFO     ___FILE_ONLY___ :
2024-11-26 15:14:28,453 INFO     ___FILE_ONLY___  
2024-11-26 15:14:28,453 INFO     ___FILE_ONLY___ ALPHA
2024-11-26 15:14:28,453 INFO     ___FILE_ONLY___ 

2024-11-26 15:14:28,453 INFO     ___FILE_ONLY___ title
2024-11-26 15:14:28,454 INFO     ___FILE_ONLY___ :
2024-11-26 15:14:28,454 INFO     ___FILE_ONLY___  
2024-11-26 15:14:28,454 INFO     ___FILE_ONLY___ Custom
2024-11-26 15:14:28,454 INFO     ___FILE_ONLY___  
2024-11-26 15:14:28,454 INFO     ___FILE_ONLY___ role
2024-11-26 15:14:28,454 INFO     ___FILE_ONLY___  
2024-11-26 15:14:28,454 INFO     ___FILE_ONLY___ for
2024-11-26 15:14:28,454 INFO     ___FILE_ONLY___  
2024-11-26 15:14:28,454 INFO     ___FILE_ONLY___ needed
2024-11-26 15:14:28,454 INFO     ___FILE_ONLY___  
2024-11-26 15:14:28,454 INFO     ___FILE_ONLY___ services_6
2024-11-26 15:14:28,454 INFO     ___FILE_ONLY___ 

2024-11-26 15:14:28,455 DEBUG    root            SDK update checks are disabled.
