2024-11-26 15:22:52,765 DEBUG    root            Loaded Command Group: ['gcloud', 'projects']
2024-11-26 15:22:52,803 DEBUG    root            Loaded Command Group: ['gcloud', 'projects', 'add_iam_policy_binding']
2024-11-26 15:22:52,816 DEBUG    root            Running [gcloud.projects.add-iam-policy-binding] with arguments: [--member: "serviceAccount:trigger-account@inspired-photon-441609-k7.iam.gserviceaccount.com", --role: "projects/inspired-photon-441609-k7/roles/main_custom_role", PROJECT_ID: "inspired-photon-441609-k7"]
2024-11-26 15:22:52,978 DEBUG    urllib3.connectionpool Starting new HTTPS connection (1): cloudresourcemanager.googleapis.com:443
2024-11-26 15:22:53,146 DEBUG    urllib3.connectionpool https://cloudresourcemanager.googleapis.com:443 "POST /v1/projects/inspired-photon-441609-k7:getIamPolicy?alt=json HTTP/1.1" 200 None
2024-11-26 15:22:53,284 DEBUG    urllib3.connectionpool Starting new HTTPS connection (1): cloudresourcemanager.googleapis.com:443
2024-11-26 15:22:53,833 DEBUG    urllib3.connectionpool https://cloudresourcemanager.googleapis.com:443 "POST /v1/projects/inspired-photon-441609-k7:setIamPolicy?alt=json HTTP/1.1" 200 None
2024-11-26 15:22:53,836 INFO     ___FILE_ONLY___ Updated IAM policy for project [inspired-photon-441609-k7].

2024-11-26 15:22:53,837 DEBUG    root            Chosen display Format:default
2024-11-26 15:22:53,837 INFO     root            Display format: "default"
2024-11-26 15:22:53,858 INFO     ___FILE_ONLY___ bindings
2024-11-26 15:22:53,858 INFO     ___FILE_ONLY___ :
2024-11-26 15:22:53,858 INFO     ___FILE_ONLY___ 

2024-11-26 15:22:53,858 INFO     ___FILE_ONLY___ -
2024-11-26 15:22:53,858 INFO     ___FILE_ONLY___  
2024-11-26 15:22:53,858 INFO     ___FILE_ONLY___ members
2024-11-26 15:22:53,859 INFO     ___FILE_ONLY___ :
2024-11-26 15:22:53,859 INFO     ___FILE_ONLY___ 

2024-11-26 15:22:53,859 INFO     ___FILE_ONLY___   
2024-11-26 15:22:53,859 INFO     ___FILE_ONLY___ -
2024-11-26 15:22:53,859 INFO     ___FILE_ONLY___  
2024-11-26 15:22:53,859 INFO     ___FILE_ONLY___ serviceAccount:trigger-account@inspired-photon-441609-k7.iam.gserviceaccount.com
2024-11-26 15:22:53,859 INFO     ___FILE_ONLY___ 

2024-11-26 15:22:53,859 INFO     ___FILE_ONLY___   
2024-11-26 15:22:53,859 INFO     ___FILE_ONLY___ role
2024-11-26 15:22:53,860 INFO     ___FILE_ONLY___ :
2024-11-26 15:22:53,860 INFO     ___FILE_ONLY___  
2024-11-26 15:22:53,860 INFO     ___FILE_ONLY___ projects/inspired-photon-441609-k7/roles/main_custom_role
2024-11-26 15:22:53,860 INFO     ___FILE_ONLY___ 

2024-11-26 15:22:53,860 INFO     ___FILE_ONLY___ -
2024-11-26 15:22:53,860 INFO     ___FILE_ONLY___  
2024-11-26 15:22:53,860 INFO     ___FILE_ONLY___ members
2024-11-26 15:22:53,860 INFO     ___FILE_ONLY___ :
2024-11-26 15:22:53,860 INFO     ___FILE_ONLY___ 

2024-11-26 15:22:53,860 INFO     ___FILE_ONLY___   
2024-11-26 15:22:53,860 INFO     ___FILE_ONLY___ -
2024-11-26 15:22:53,861 INFO     ___FILE_ONLY___  
2024-11-26 15:22:53,861 INFO     ___FILE_ONLY___ serviceAccount:service-644941739395@gcf-admin-robot.iam.gserviceaccount.com
2024-11-26 15:22:53,861 INFO     ___FILE_ONLY___ 

2024-11-26 15:22:53,861 INFO     ___FILE_ONLY___   
2024-11-26 15:22:53,861 INFO     ___FILE_ONLY___ role
2024-11-26 15:22:53,861 INFO     ___FILE_ONLY___ :
2024-11-26 15:22:53,861 INFO     ___FILE_ONLY___  
2024-11-26 15:22:53,861 INFO     ___FILE_ONLY___ roles/cloudfunctions.serviceAgent
2024-11-26 15:22:53,861 INFO     ___FILE_ONLY___ 

2024-11-26 15:22:53,862 INFO     ___FILE_ONLY___ -
2024-11-26 15:22:53,862 INFO     ___FILE_ONLY___  
2024-11-26 15:22:53,862 INFO     ___FILE_ONLY___ members
2024-11-26 15:22:53,862 INFO     ___FILE_ONLY___ :
2024-11-26 15:22:53,862 INFO     ___FILE_ONLY___ 

2024-11-26 15:22:53,862 INFO     ___FILE_ONLY___   
2024-11-26 15:22:53,862 INFO     ___FILE_ONLY___ -
2024-11-26 15:22:53,862 INFO     ___FILE_ONLY___  
2024-11-26 15:22:53,862 INFO     ___FILE_ONLY___ serviceAccount:vm-creater-account@inspired-photon-441609-k7.iam.gserviceaccount.com
2024-11-26 15:22:53,862 INFO     ___FILE_ONLY___ 

2024-11-26 15:22:53,863 INFO     ___FILE_ONLY___   
2024-11-26 15:22:53,863 INFO     ___FILE_ONLY___ role
2024-11-26 15:22:53,863 INFO     ___FILE_ONLY___ :
2024-11-26 15:22:53,863 INFO     ___FILE_ONLY___  
2024-11-26 15:22:53,863 INFO     ___FILE_ONLY___ roles/compute.instanceAdmin.v1
2024-11-26 15:22:53,863 INFO     ___FILE_ONLY___ 

2024-11-26 15:22:53,863 INFO     ___FILE_ONLY___ -
2024-11-26 15:22:53,863 INFO     ___FILE_ONLY___  
2024-11-26 15:22:53,863 INFO     ___FILE_ONLY___ members
2024-11-26 15:22:53,863 INFO     ___FILE_ONLY___ :
2024-11-26 15:22:53,863 INFO     ___FILE_ONLY___ 

2024-11-26 15:22:53,864 INFO     ___FILE_ONLY___   
2024-11-26 15:22:53,864 INFO     ___FILE_ONLY___ -
2024-11-26 15:22:53,864 INFO     ___FILE_ONLY___  
2024-11-26 15:22:53,864 INFO     ___FILE_ONLY___ serviceAccount:vm-creater-account@inspired-photon-441609-k7.iam.gserviceaccount.com
2024-11-26 15:22:53,864 INFO     ___FILE_ONLY___ 

2024-11-26 15:22:53,864 INFO     ___FILE_ONLY___   
2024-11-26 15:22:53,864 INFO     ___FILE_ONLY___ role
2024-11-26 15:22:53,864 INFO     ___FILE_ONLY___ :
2024-11-26 15:22:53,864 INFO     ___FILE_ONLY___  
2024-11-26 15:22:53,864 INFO     ___FILE_ONLY___ roles/compute.networkUser
2024-11-26 15:22:53,864 INFO     ___FILE_ONLY___ 

2024-11-26 15:22:53,865 INFO     ___FILE_ONLY___ -
2024-11-26 15:22:53,865 INFO     ___FILE_ONLY___  
2024-11-26 15:22:53,865 INFO     ___FILE_ONLY___ members
2024-11-26 15:22:53,865 INFO     ___FILE_ONLY___ :
2024-11-26 15:22:53,865 INFO     ___FILE_ONLY___ 

2024-11-26 15:22:53,865 INFO     ___FILE_ONLY___   
2024-11-26 15:22:53,865 INFO     ___FILE_ONLY___ -
2024-11-26 15:22:53,865 INFO     ___FILE_ONLY___  
2024-11-26 15:22:53,865 INFO     ___FILE_ONLY___ serviceAccount:service-644941739395@compute-system.iam.gserviceaccount.com
2024-11-26 15:22:53,865 INFO     ___FILE_ONLY___ 

2024-11-26 15:22:53,865 INFO     ___FILE_ONLY___   
2024-11-26 15:22:53,865 INFO     ___FILE_ONLY___ role
2024-11-26 15:22:53,866 INFO     ___FILE_ONLY___ :
2024-11-26 15:22:53,866 INFO     ___FILE_ONLY___  
2024-11-26 15:22:53,866 INFO     ___FILE_ONLY___ roles/compute.serviceAgent
2024-11-26 15:22:53,866 INFO     ___FILE_ONLY___ 

2024-11-26 15:22:53,866 INFO     ___FILE_ONLY___ -
2024-11-26 15:22:53,866 INFO     ___FILE_ONLY___  
2024-11-26 15:22:53,866 INFO     ___FILE_ONLY___ members
2024-11-26 15:22:53,866 INFO     ___FILE_ONLY___ :
2024-11-26 15:22:53,866 INFO     ___FILE_ONLY___ 

2024-11-26 15:22:53,866 INFO     ___FILE_ONLY___   
2024-11-26 15:22:53,866 INFO     ___FILE_ONLY___ -
2024-11-26 15:22:53,867 INFO     ___FILE_ONLY___  
2024-11-26 15:22:53,867 INFO     ___FILE_ONLY___ serviceAccount:644941739395-compute@developer.gserviceaccount.com
2024-11-26 15:22:53,867 INFO     ___FILE_ONLY___ 

2024-11-26 15:22:53,867 INFO     ___FILE_ONLY___   
2024-11-26 15:22:53,867 INFO     ___FILE_ONLY___ -
2024-11-26 15:22:53,867 INFO     ___FILE_ONLY___  
2024-11-26 15:22:53,867 INFO     ___FILE_ONLY___ serviceAccount:644941739395@cloudservices.gserviceaccount.com
2024-11-26 15:22:53,867 INFO     ___FILE_ONLY___ 

2024-11-26 15:22:53,867 INFO     ___FILE_ONLY___   
2024-11-26 15:22:53,867 INFO     ___FILE_ONLY___ -
2024-11-26 15:22:53,867 INFO     ___FILE_ONLY___  
2024-11-26 15:22:53,867 INFO     ___FILE_ONLY___ serviceAccount:inspired-photon-441609-k7@appspot.gserviceaccount.com
2024-11-26 15:22:53,867 INFO     ___FILE_ONLY___ 

2024-11-26 15:22:53,868 INFO     ___FILE_ONLY___   
2024-11-26 15:22:53,868 INFO     ___FILE_ONLY___ -
2024-11-26 15:22:53,868 INFO     ___FILE_ONLY___  
2024-11-26 15:22:53,868 INFO     ___FILE_ONLY___ serviceAccount:vm-creater-account@inspired-photon-441609-k7.iam.gserviceaccount.com
2024-11-26 15:22:53,868 INFO     ___FILE_ONLY___ 

2024-11-26 15:22:53,868 INFO     ___FILE_ONLY___   
2024-11-26 15:22:53,868 INFO     ___FILE_ONLY___ role
2024-11-26 15:22:53,868 INFO     ___FILE_ONLY___ :
2024-11-26 15:22:53,868 INFO     ___FILE_ONLY___  
2024-11-26 15:22:53,868 INFO     ___FILE_ONLY___ roles/editor
2024-11-26 15:22:53,868 INFO     ___FILE_ONLY___ 

2024-11-26 15:22:53,868 INFO     ___FILE_ONLY___ -
2024-11-26 15:22:53,869 INFO     ___FILE_ONLY___  
2024-11-26 15:22:53,869 INFO     ___FILE_ONLY___ members
2024-11-26 15:22:53,869 INFO     ___FILE_ONLY___ :
2024-11-26 15:22:53,869 INFO     ___FILE_ONLY___ 

2024-11-26 15:22:53,869 INFO     ___FILE_ONLY___   
2024-11-26 15:22:53,869 INFO     ___FILE_ONLY___ -
2024-11-26 15:22:53,869 INFO     ___FILE_ONLY___  
2024-11-26 15:22:53,869 INFO     ___FILE_ONLY___ serviceAccount:trigger-account@inspired-photon-441609-k7.iam.gserviceaccount.com
2024-11-26 15:22:53,869 INFO     ___FILE_ONLY___ 

2024-11-26 15:22:53,869 INFO     ___FILE_ONLY___   
2024-11-26 15:22:53,869 INFO     ___FILE_ONLY___ role
2024-11-26 15:22:53,870 INFO     ___FILE_ONLY___ :
2024-11-26 15:22:53,870 INFO     ___FILE_ONLY___  
2024-11-26 15:22:53,870 INFO     ___FILE_ONLY___ roles/iam.roleAdmin
2024-11-26 15:22:53,870 INFO     ___FILE_ONLY___ 

2024-11-26 15:22:53,870 INFO     ___FILE_ONLY___ -
2024-11-26 15:22:53,870 INFO     ___FILE_ONLY___  
2024-11-26 15:22:53,870 INFO     ___FILE_ONLY___ members
2024-11-26 15:22:53,870 INFO     ___FILE_ONLY___ :
2024-11-26 15:22:53,870 INFO     ___FILE_ONLY___ 

2024-11-26 15:22:53,870 INFO     ___FILE_ONLY___   
2024-11-26 15:22:53,870 INFO     ___FILE_ONLY___ -
2024-11-26 15:22:53,870 INFO     ___FILE_ONLY___  
2024-11-26 15:22:53,870 INFO     ___FILE_ONLY___ serviceAccount:vm-creater-account@inspired-photon-441609-k7.iam.gserviceaccount.com
2024-11-26 15:22:53,871 INFO     ___FILE_ONLY___ 

2024-11-26 15:22:53,871 INFO     ___FILE_ONLY___   
2024-11-26 15:22:53,871 INFO     ___FILE_ONLY___ role
2024-11-26 15:22:53,871 INFO     ___FILE_ONLY___ :
2024-11-26 15:22:53,871 INFO     ___FILE_ONLY___  
2024-11-26 15:22:53,871 INFO     ___FILE_ONLY___ roles/iam.serviceAccountUser
2024-11-26 15:22:53,871 INFO     ___FILE_ONLY___ 

2024-11-26 15:22:53,871 INFO     ___FILE_ONLY___ -
2024-11-26 15:22:53,871 INFO     ___FILE_ONLY___  
2024-11-26 15:22:53,871 INFO     ___FILE_ONLY___ members
2024-11-26 15:22:53,871 INFO     ___FILE_ONLY___ :
2024-11-26 15:22:53,871 INFO     ___FILE_ONLY___ 

2024-11-26 15:22:53,872 INFO     ___FILE_ONLY___   
2024-11-26 15:22:53,872 INFO     ___FILE_ONLY___ -
2024-11-26 15:22:53,872 INFO     ___FILE_ONLY___  
2024-11-26 15:22:53,872 INFO     ___FILE_ONLY___ user:das03285@gmail.com
2024-11-26 15:22:53,872 INFO     ___FILE_ONLY___ 

2024-11-26 15:22:53,872 INFO     ___FILE_ONLY___   
2024-11-26 15:22:53,872 INFO     ___FILE_ONLY___ role
2024-11-26 15:22:53,872 INFO     ___FILE_ONLY___ :
2024-11-26 15:22:53,872 INFO     ___FILE_ONLY___  
2024-11-26 15:22:53,872 INFO     ___FILE_ONLY___ roles/owner
2024-11-26 15:22:53,872 INFO     ___FILE_ONLY___ 

2024-11-26 15:22:53,872 INFO     ___FILE_ONLY___ -
2024-11-26 15:22:53,872 INFO     ___FILE_ONLY___  
2024-11-26 15:22:53,873 INFO     ___FILE_ONLY___ members
2024-11-26 15:22:53,873 INFO     ___FILE_ONLY___ :
2024-11-26 15:22:53,873 INFO     ___FILE_ONLY___ 

2024-11-26 15:22:53,873 INFO     ___FILE_ONLY___   
2024-11-26 15:22:53,873 INFO     ___FILE_ONLY___ -
2024-11-26 15:22:53,873 INFO     ___FILE_ONLY___  
2024-11-26 15:22:53,873 INFO     ___FILE_ONLY___ serviceAccount:service-644941739395@gcp-sa-pubsub.iam.gserviceaccount.com
2024-11-26 15:22:53,873 INFO     ___FILE_ONLY___ 

2024-11-26 15:22:53,873 INFO     ___FILE_ONLY___   
2024-11-26 15:22:53,873 INFO     ___FILE_ONLY___ role
2024-11-26 15:22:53,873 INFO     ___FILE_ONLY___ :
2024-11-26 15:22:53,873 INFO     ___FILE_ONLY___  
2024-11-26 15:22:53,874 INFO     ___FILE_ONLY___ roles/pubsub.serviceAgent
2024-11-26 15:22:53,874 INFO     ___FILE_ONLY___ 

2024-11-26 15:22:53,874 INFO     ___FILE_ONLY___ -
2024-11-26 15:22:53,874 INFO     ___FILE_ONLY___  
2024-11-26 15:22:53,874 INFO     ___FILE_ONLY___ members
2024-11-26 15:22:53,874 INFO     ___FILE_ONLY___ :
2024-11-26 15:22:53,874 INFO     ___FILE_ONLY___ 

2024-11-26 15:22:53,874 INFO     ___FILE_ONLY___   
2024-11-26 15:22:53,874 INFO     ___FILE_ONLY___ -
2024-11-26 15:22:53,874 INFO     ___FILE_ONLY___  
2024-11-26 15:22:53,874 INFO     ___FILE_ONLY___ serviceAccount:trigger-account@inspired-photon-441609-k7.iam.gserviceaccount.com
2024-11-26 15:22:53,875 INFO     ___FILE_ONLY___ 

2024-11-26 15:22:53,875 INFO     ___FILE_ONLY___   
2024-11-26 15:22:53,875 INFO     ___FILE_ONLY___ role
2024-11-26 15:22:53,875 INFO     ___FILE_ONLY___ :
2024-11-26 15:22:53,875 INFO     ___FILE_ONLY___  
2024-11-26 15:22:53,875 INFO     ___FILE_ONLY___ roles/resourcemanager.projectIamAdmin
2024-11-26 15:22:53,875 INFO     ___FILE_ONLY___ 

2024-11-26 15:22:53,875 INFO     ___FILE_ONLY___ etag
2024-11-26 15:22:53,875 INFO     ___FILE_ONLY___ :
2024-11-26 15:22:53,875 INFO     ___FILE_ONLY___  
2024-11-26 15:22:53,875 INFO     ___FILE_ONLY___ BwYn0mxMSsA=
2024-11-26 15:22:53,875 INFO     ___FILE_ONLY___ 

2024-11-26 15:22:53,876 INFO     ___FILE_ONLY___ version
2024-11-26 15:22:53,876 INFO     ___FILE_ONLY___ :
2024-11-26 15:22:53,876 INFO     ___FILE_ONLY___  
2024-11-26 15:22:53,876 INFO     ___FILE_ONLY___ 1
2024-11-26 15:22:53,876 INFO     ___FILE_ONLY___ 

2024-11-26 15:22:53,876 DEBUG    root            SDK update checks are disabled.
