2024-11-26 17:08:45,044 DEBUG    root            Loaded Command Group: ['gcloud', 'iam']
2024-11-26 17:08:45,047 DEBUG    root            Loaded Command Group: ['gcloud', 'iam', 'roles']
2024-11-26 17:08:45,076 DEBUG    root            Loaded Command Group: ['gcloud', 'iam', 'roles', 'create']
2024-11-26 17:08:45,080 DEBUG    root            Running [gcloud.iam.roles.create] with arguments: [--permissions: "storage.objects.get,storage.objects.create,storage.buckets.create,pubsub.topics.create,pubsub.topics.publish,cloudfunctions.functions.create,cloudfunctions.functions.invoke", --project: "inspired-photon-441609-k7", --title: "Custom role for needed services_8", ROLE_ID: "main_custom_role8"]
2024-11-26 17:08:45,249 DEBUG    urllib3.connectionpool Starting new HTTPS connection (1): iam.googleapis.com:443
2024-11-26 17:08:45,685 DEBUG    urllib3.connectionpool https://iam.googleapis.com:443 "POST /v1/permissions:queryTestablePermissions?alt=json HTTP/1.1" 200 None
2024-11-26 17:08:45,760 DEBUG    urllib3.connectionpool Starting new HTTPS connection (1): iam.googleapis.com:443
2024-11-26 17:08:46,289 DEBUG    urllib3.connectionpool https://iam.googleapis.com:443 "POST /v1/permissions:queryTestablePermissions?alt=json HTTP/1.1" 200 None
2024-11-26 17:08:46,361 DEBUG    urllib3.connectionpool Starting new HTTPS connection (1): iam.googleapis.com:443
2024-11-26 17:08:46,880 DEBUG    urllib3.connectionpool https://iam.googleapis.com:443 "POST /v1/permissions:queryTestablePermissions?alt=json HTTP/1.1" 200 None
2024-11-26 17:08:46,953 DEBUG    urllib3.connectionpool Starting new HTTPS connection (1): iam.googleapis.com:443
2024-11-26 17:08:47,342 DEBUG    urllib3.connectionpool https://iam.googleapis.com:443 "POST /v1/permissions:queryTestablePermissions?alt=json HTTP/1.1" 200 None
2024-11-26 17:08:47,401 DEBUG    urllib3.connectionpool Starting new HTTPS connection (1): iam.googleapis.com:443
2024-11-26 17:08:47,883 DEBUG    urllib3.connectionpool https://iam.googleapis.com:443 "POST /v1/permissions:queryTestablePermissions?alt=json HTTP/1.1" 200 None
2024-11-26 17:08:47,954 DEBUG    urllib3.connectionpool Starting new HTTPS connection (1): iam.googleapis.com:443
2024-11-26 17:08:48,388 DEBUG    urllib3.connectionpool https://iam.googleapis.com:443 "POST /v1/permissions:queryTestablePermissions?alt=json HTTP/1.1" 200 None
2024-11-26 17:08:48,463 DEBUG    urllib3.connectionpool Starting new HTTPS connection (1): iam.googleapis.com:443
2024-11-26 17:08:48,862 DEBUG    urllib3.connectionpool https://iam.googleapis.com:443 "POST /v1/permissions:queryTestablePermissions?alt=json HTTP/1.1" 200 None
2024-11-26 17:08:48,935 DEBUG    urllib3.connectionpool Starting new HTTPS connection (1): iam.googleapis.com:443
2024-11-26 17:08:49,360 DEBUG    urllib3.connectionpool https://iam.googleapis.com:443 "POST /v1/permissions:queryTestablePermissions?alt=json HTTP/1.1" 200 None
2024-11-26 17:08:49,433 DEBUG    urllib3.connectionpool Starting new HTTPS connection (1): iam.googleapis.com:443
2024-11-26 17:08:49,902 DEBUG    urllib3.connectionpool https://iam.googleapis.com:443 "POST /v1/permissions:queryTestablePermissions?alt=json HTTP/1.1" 200 None
2024-11-26 17:08:49,978 DEBUG    urllib3.connectionpool Starting new HTTPS connection (1): iam.googleapis.com:443
2024-11-26 17:08:50,411 DEBUG    urllib3.connectionpool https://iam.googleapis.com:443 "POST /v1/permissions:queryTestablePermissions?alt=json HTTP/1.1" 200 None
2024-11-26 17:08:50,485 DEBUG    urllib3.connectionpool Starting new HTTPS connection (1): iam.googleapis.com:443
2024-11-26 17:08:50,918 DEBUG    urllib3.connectionpool https://iam.googleapis.com:443 "POST /v1/permissions:queryTestablePermissions?alt=json HTTP/1.1" 200 None
2024-11-26 17:08:50,936 DEBUG    urllib3.connectionpool Starting new HTTPS connection (1): iam.googleapis.com:443
2024-11-26 17:08:51,283 DEBUG    urllib3.connectionpool https://iam.googleapis.com:443 "POST /v1/projects/inspired-photon-441609-k7/roles?alt=json HTTP/1.1" 200 None
2024-11-26 17:08:51,286 INFO     ___FILE_ONLY___ Created role [main_custom_role8].

2024-11-26 17:08:51,288 DEBUG    root            Chosen display Format:default
2024-11-26 17:08:51,290 INFO     root            Display format: "default"
2024-11-26 17:08:51,365 INFO     ___FILE_ONLY___ etag
2024-11-26 17:08:51,365 INFO     ___FILE_ONLY___ :
2024-11-26 17:08:51,365 INFO     ___FILE_ONLY___  
2024-11-26 17:08:51,365 INFO     ___FILE_ONLY___ BwYn0-c7HTw=
2024-11-26 17:08:51,365 INFO     ___FILE_ONLY___ 

2024-11-26 17:08:51,365 INFO     ___FILE_ONLY___ includedPermissions
2024-11-26 17:08:51,366 INFO     ___FILE_ONLY___ :
2024-11-26 17:08:51,366 INFO     ___FILE_ONLY___ 

2024-11-26 17:08:51,366 INFO     ___FILE_ONLY___ -
2024-11-26 17:08:51,366 INFO     ___FILE_ONLY___  
2024-11-26 17:08:51,366 INFO     ___FILE_ONLY___ cloudfunctions.functions.create
2024-11-26 17:08:51,366 INFO     ___FILE_ONLY___ 

2024-11-26 17:08:51,366 INFO     ___FILE_ONLY___ -
2024-11-26 17:08:51,366 INFO     ___FILE_ONLY___  
2024-11-26 17:08:51,366 INFO     ___FILE_ONLY___ cloudfunctions.functions.invoke
2024-11-26 17:08:51,367 INFO     ___FILE_ONLY___ 

2024-11-26 17:08:51,367 INFO     ___FILE_ONLY___ -
2024-11-26 17:08:51,367 INFO     ___FILE_ONLY___  
2024-11-26 17:08:51,367 INFO     ___FILE_ONLY___ pubsub.topics.create
2024-11-26 17:08:51,367 INFO     ___FILE_ONLY___ 

2024-11-26 17:08:51,367 INFO     ___FILE_ONLY___ -
2024-11-26 17:08:51,367 INFO     ___FILE_ONLY___  
2024-11-26 17:08:51,367 INFO     ___FILE_ONLY___ pubsub.topics.publish
2024-11-26 17:08:51,367 INFO     ___FILE_ONLY___ 

2024-11-26 17:08:51,367 INFO     ___FILE_ONLY___ -
2024-11-26 17:08:51,368 INFO     ___FILE_ONLY___  
2024-11-26 17:08:51,368 INFO     ___FILE_ONLY___ storage.buckets.create
2024-11-26 17:08:51,368 INFO     ___FILE_ONLY___ 

2024-11-26 17:08:51,368 INFO     ___FILE_ONLY___ -
2024-11-26 17:08:51,368 INFO     ___FILE_ONLY___  
2024-11-26 17:08:51,368 INFO     ___FILE_ONLY___ storage.objects.create
2024-11-26 17:08:51,368 INFO     ___FILE_ONLY___ 

2024-11-26 17:08:51,368 INFO     ___FILE_ONLY___ -
2024-11-26 17:08:51,368 INFO     ___FILE_ONLY___  
2024-11-26 17:08:51,368 INFO     ___FILE_ONLY___ storage.objects.get
2024-11-26 17:08:51,369 INFO     ___FILE_ONLY___ 

2024-11-26 17:08:51,369 INFO     ___FILE_ONLY___ name
2024-11-26 17:08:51,369 INFO     ___FILE_ONLY___ :
2024-11-26 17:08:51,369 INFO     ___FILE_ONLY___  
2024-11-26 17:08:51,369 INFO     ___FILE_ONLY___ projects/inspired-photon-441609-k7/roles/main_custom_role8
2024-11-26 17:08:51,369 INFO     ___FILE_ONLY___ 

2024-11-26 17:08:51,369 INFO     ___FILE_ONLY___ stage
2024-11-26 17:08:51,369 INFO     ___FILE_ONLY___ :
2024-11-26 17:08:51,369 INFO     ___FILE_ONLY___  
2024-11-26 17:08:51,370 INFO     ___FILE_ONLY___ ALPHA
2024-11-26 17:08:51,370 INFO     ___FILE_ONLY___ 

2024-11-26 17:08:51,370 INFO     ___FILE_ONLY___ title
2024-11-26 17:08:51,370 INFO     ___FILE_ONLY___ :
2024-11-26 17:08:51,370 INFO     ___FILE_ONLY___  
2024-11-26 17:08:51,370 INFO     ___FILE_ONLY___ Custom
2024-11-26 17:08:51,370 INFO     ___FILE_ONLY___  
2024-11-26 17:08:51,371 INFO     ___FILE_ONLY___ role
2024-11-26 17:08:51,371 INFO     ___FILE_ONLY___  
2024-11-26 17:08:51,371 INFO     ___FILE_ONLY___ for
2024-11-26 17:08:51,371 INFO     ___FILE_ONLY___  
2024-11-26 17:08:51,371 INFO     ___FILE_ONLY___ needed
2024-11-26 17:08:51,371 INFO     ___FILE_ONLY___  
2024-11-26 17:08:51,371 INFO     ___FILE_ONLY___ services_8
2024-11-26 17:08:51,371 INFO     ___FILE_ONLY___ 

2024-11-26 17:08:51,371 DEBUG    root            SDK update checks are disabled.
