2024-11-26 17:27:37,512 DEBUG    root            Loaded Command Group: ['gcloud', 'projects']
2024-11-26 17:27:37,549 DEBUG    root            Loaded Command Group: ['gcloud', 'projects', 'add_iam_policy_binding']
2024-11-26 17:27:37,562 DEBUG    root            Running [gcloud.projects.add-iam-policy-binding] with arguments: [--member: "serviceAccount:trigger-account@inspired-photon-441609-k7.iam.gserviceaccount.com", --role: "projects/inspired-photon-441609-k7/roles/main_custom_role", PROJECT_ID: "inspired-photon-441609-k7"]
2024-11-26 17:27:37,724 DEBUG    urllib3.connectionpool Starting new HTTPS connection (1): cloudresourcemanager.googleapis.com:443
2024-11-26 17:27:37,917 DEBUG    urllib3.connectionpool https://cloudresourcemanager.googleapis.com:443 "POST /v1/projects/inspired-photon-441609-k7:getIamPolicy?alt=json HTTP/1.1" 200 None
2024-11-26 17:27:38,055 DEBUG    urllib3.connectionpool Starting new HTTPS connection (1): cloudresourcemanager.googleapis.com:443
2024-11-26 17:27:38,481 DEBUG    urllib3.connectionpool https://cloudresourcemanager.googleapis.com:443 "POST /v1/projects/inspired-photon-441609-k7:setIamPolicy?alt=json HTTP/1.1" 200 None
2024-11-26 17:27:38,484 INFO     ___FILE_ONLY___ Updated IAM policy for project [inspired-photon-441609-k7].

2024-11-26 17:27:38,484 DEBUG    root            Chosen display Format:default
2024-11-26 17:27:38,485 INFO     root            Display format: "default"
2024-11-26 17:27:38,506 INFO     ___FILE_ONLY___ bindings
2024-11-26 17:27:38,506 INFO     ___FILE_ONLY___ :
2024-11-26 17:27:38,506 INFO     ___FILE_ONLY___ 

2024-11-26 17:27:38,506 INFO     ___FILE_ONLY___ -
2024-11-26 17:27:38,507 INFO     ___FILE_ONLY___  
2024-11-26 17:27:38,507 INFO     ___FILE_ONLY___ members
2024-11-26 17:27:38,507 INFO     ___FILE_ONLY___ :
2024-11-26 17:27:38,507 INFO     ___FILE_ONLY___ 

2024-11-26 17:27:38,508 INFO     ___FILE_ONLY___   
2024-11-26 17:27:38,508 INFO     ___FILE_ONLY___ -
2024-11-26 17:27:38,508 INFO     ___FILE_ONLY___  
2024-11-26 17:27:38,508 INFO     ___FILE_ONLY___ serviceAccount:trigger-account@inspired-photon-441609-k7.iam.gserviceaccount.com
2024-11-26 17:27:38,508 INFO     ___FILE_ONLY___ 

2024-11-26 17:27:38,508 INFO     ___FILE_ONLY___   
2024-11-26 17:27:38,508 INFO     ___FILE_ONLY___ role
2024-11-26 17:27:38,508 INFO     ___FILE_ONLY___ :
2024-11-26 17:27:38,509 INFO     ___FILE_ONLY___  
2024-11-26 17:27:38,509 INFO     ___FILE_ONLY___ projects/inspired-photon-441609-k7/roles/main_custom_role
2024-11-26 17:27:38,509 INFO     ___FILE_ONLY___ 

2024-11-26 17:27:38,509 INFO     ___FILE_ONLY___ -
2024-11-26 17:27:38,509 INFO     ___FILE_ONLY___  
2024-11-26 17:27:38,509 INFO     ___FILE_ONLY___ members
2024-11-26 17:27:38,509 INFO     ___FILE_ONLY___ :
2024-11-26 17:27:38,509 INFO     ___FILE_ONLY___ 

2024-11-26 17:27:38,509 INFO     ___FILE_ONLY___   
2024-11-26 17:27:38,509 INFO     ___FILE_ONLY___ -
2024-11-26 17:27:38,510 INFO     ___FILE_ONLY___  
2024-11-26 17:27:38,510 INFO     ___FILE_ONLY___ serviceAccount:service-644941739395@gcf-admin-robot.iam.gserviceaccount.com
2024-11-26 17:27:38,510 INFO     ___FILE_ONLY___ 

2024-11-26 17:27:38,510 INFO     ___FILE_ONLY___   
2024-11-26 17:27:38,510 INFO     ___FILE_ONLY___ role
2024-11-26 17:27:38,510 INFO     ___FILE_ONLY___ :
2024-11-26 17:27:38,510 INFO     ___FILE_ONLY___  
2024-11-26 17:27:38,510 INFO     ___FILE_ONLY___ roles/cloudfunctions.serviceAgent
2024-11-26 17:27:38,510 INFO     ___FILE_ONLY___ 

2024-11-26 17:27:38,510 INFO     ___FILE_ONLY___ -
2024-11-26 17:27:38,511 INFO     ___FILE_ONLY___  
2024-11-26 17:27:38,511 INFO     ___FILE_ONLY___ members
2024-11-26 17:27:38,511 INFO     ___FILE_ONLY___ :
2024-11-26 17:27:38,511 INFO     ___FILE_ONLY___ 

2024-11-26 17:27:38,511 INFO     ___FILE_ONLY___   
2024-11-26 17:27:38,511 INFO     ___FILE_ONLY___ -
2024-11-26 17:27:38,511 INFO     ___FILE_ONLY___  
2024-11-26 17:27:38,511 INFO     ___FILE_ONLY___ serviceAccount:vm-creater-account@inspired-photon-441609-k7.iam.gserviceaccount.com
2024-11-26 17:27:38,511 INFO     ___FILE_ONLY___ 

2024-11-26 17:27:38,511 INFO     ___FILE_ONLY___   
2024-11-26 17:27:38,512 INFO     ___FILE_ONLY___ role
2024-11-26 17:27:38,512 INFO     ___FILE_ONLY___ :
2024-11-26 17:27:38,512 INFO     ___FILE_ONLY___  
2024-11-26 17:27:38,512 INFO     ___FILE_ONLY___ roles/compute.instanceAdmin.v1
2024-11-26 17:27:38,512 INFO     ___FILE_ONLY___ 

2024-11-26 17:27:38,512 INFO     ___FILE_ONLY___ -
2024-11-26 17:27:38,512 INFO     ___FILE_ONLY___  
2024-11-26 17:27:38,512 INFO     ___FILE_ONLY___ members
2024-11-26 17:27:38,512 INFO     ___FILE_ONLY___ :
2024-11-26 17:27:38,512 INFO     ___FILE_ONLY___ 

2024-11-26 17:27:38,512 INFO     ___FILE_ONLY___   
2024-11-26 17:27:38,513 INFO     ___FILE_ONLY___ -
2024-11-26 17:27:38,513 INFO     ___FILE_ONLY___  
2024-11-26 17:27:38,513 INFO     ___FILE_ONLY___ serviceAccount:vm-creater-account@inspired-photon-441609-k7.iam.gserviceaccount.com
2024-11-26 17:27:38,513 INFO     ___FILE_ONLY___ 

2024-11-26 17:27:38,513 INFO     ___FILE_ONLY___   
2024-11-26 17:27:38,513 INFO     ___FILE_ONLY___ role
2024-11-26 17:27:38,513 INFO     ___FILE_ONLY___ :
2024-11-26 17:27:38,513 INFO     ___FILE_ONLY___  
2024-11-26 17:27:38,513 INFO     ___FILE_ONLY___ roles/compute.networkUser
2024-11-26 17:27:38,513 INFO     ___FILE_ONLY___ 

2024-11-26 17:27:38,513 INFO     ___FILE_ONLY___ -
2024-11-26 17:27:38,514 INFO     ___FILE_ONLY___  
2024-11-26 17:27:38,514 INFO     ___FILE_ONLY___ members
2024-11-26 17:27:38,514 INFO     ___FILE_ONLY___ :
2024-11-26 17:27:38,514 INFO     ___FILE_ONLY___ 

2024-11-26 17:27:38,514 INFO     ___FILE_ONLY___   
2024-11-26 17:27:38,514 INFO     ___FILE_ONLY___ -
2024-11-26 17:27:38,514 INFO     ___FILE_ONLY___  
2024-11-26 17:27:38,514 INFO     ___FILE_ONLY___ serviceAccount:service-644941739395@compute-system.iam.gserviceaccount.com
2024-11-26 17:27:38,514 INFO     ___FILE_ONLY___ 

2024-11-26 17:27:38,514 INFO     ___FILE_ONLY___   
2024-11-26 17:27:38,514 INFO     ___FILE_ONLY___ role
2024-11-26 17:27:38,514 INFO     ___FILE_ONLY___ :
2024-11-26 17:27:38,515 INFO     ___FILE_ONLY___  
2024-11-26 17:27:38,515 INFO     ___FILE_ONLY___ roles/compute.serviceAgent
2024-11-26 17:27:38,515 INFO     ___FILE_ONLY___ 

2024-11-26 17:27:38,515 INFO     ___FILE_ONLY___ -
2024-11-26 17:27:38,515 INFO     ___FILE_ONLY___  
2024-11-26 17:27:38,515 INFO     ___FILE_ONLY___ members
2024-11-26 17:27:38,515 INFO     ___FILE_ONLY___ :
2024-11-26 17:27:38,515 INFO     ___FILE_ONLY___ 

2024-11-26 17:27:38,515 INFO     ___FILE_ONLY___   
2024-11-26 17:27:38,515 INFO     ___FILE_ONLY___ -
2024-11-26 17:27:38,515 INFO     ___FILE_ONLY___  
2024-11-26 17:27:38,515 INFO     ___FILE_ONLY___ serviceAccount:644941739395-compute@developer.gserviceaccount.com
2024-11-26 17:27:38,516 INFO     ___FILE_ONLY___ 

2024-11-26 17:27:38,516 INFO     ___FILE_ONLY___   
2024-11-26 17:27:38,516 INFO     ___FILE_ONLY___ -
2024-11-26 17:27:38,516 INFO     ___FILE_ONLY___  
2024-11-26 17:27:38,516 INFO     ___FILE_ONLY___ serviceAccount:644941739395@cloudservices.gserviceaccount.com
2024-11-26 17:27:38,516 INFO     ___FILE_ONLY___ 

2024-11-26 17:27:38,516 INFO     ___FILE_ONLY___   
2024-11-26 17:27:38,516 INFO     ___FILE_ONLY___ -
2024-11-26 17:27:38,516 INFO     ___FILE_ONLY___  
2024-11-26 17:27:38,516 INFO     ___FILE_ONLY___ serviceAccount:inspired-photon-441609-k7@appspot.gserviceaccount.com
2024-11-26 17:27:38,516 INFO     ___FILE_ONLY___ 

2024-11-26 17:27:38,516 INFO     ___FILE_ONLY___   
2024-11-26 17:27:38,517 INFO     ___FILE_ONLY___ -
2024-11-26 17:27:38,517 INFO     ___FILE_ONLY___  
2024-11-26 17:27:38,517 INFO     ___FILE_ONLY___ serviceAccount:vm-creater-account@inspired-photon-441609-k7.iam.gserviceaccount.com
2024-11-26 17:27:38,517 INFO     ___FILE_ONLY___ 

2024-11-26 17:27:38,517 INFO     ___FILE_ONLY___   
2024-11-26 17:27:38,517 INFO     ___FILE_ONLY___ role
2024-11-26 17:27:38,517 INFO     ___FILE_ONLY___ :
2024-11-26 17:27:38,517 INFO     ___FILE_ONLY___  
2024-11-26 17:27:38,517 INFO     ___FILE_ONLY___ roles/editor
2024-11-26 17:27:38,517 INFO     ___FILE_ONLY___ 

2024-11-26 17:27:38,517 INFO     ___FILE_ONLY___ -
2024-11-26 17:27:38,518 INFO     ___FILE_ONLY___  
2024-11-26 17:27:38,518 INFO     ___FILE_ONLY___ members
2024-11-26 17:27:38,518 INFO     ___FILE_ONLY___ :
2024-11-26 17:27:38,518 INFO     ___FILE_ONLY___ 

2024-11-26 17:27:38,518 INFO     ___FILE_ONLY___   
2024-11-26 17:27:38,518 INFO     ___FILE_ONLY___ -
2024-11-26 17:27:38,518 INFO     ___FILE_ONLY___  
2024-11-26 17:27:38,518 INFO     ___FILE_ONLY___ serviceAccount:trigger-account@inspired-photon-441609-k7.iam.gserviceaccount.com
2024-11-26 17:27:38,518 INFO     ___FILE_ONLY___ 

2024-11-26 17:27:38,518 INFO     ___FILE_ONLY___   
2024-11-26 17:27:38,518 INFO     ___FILE_ONLY___ role
2024-11-26 17:27:38,518 INFO     ___FILE_ONLY___ :
2024-11-26 17:27:38,519 INFO     ___FILE_ONLY___  
2024-11-26 17:27:38,519 INFO     ___FILE_ONLY___ roles/iam.roleAdmin
2024-11-26 17:27:38,519 INFO     ___FILE_ONLY___ 

2024-11-26 17:27:38,519 INFO     ___FILE_ONLY___ -
2024-11-26 17:27:38,519 INFO     ___FILE_ONLY___  
2024-11-26 17:27:38,519 INFO     ___FILE_ONLY___ members
2024-11-26 17:27:38,519 INFO     ___FILE_ONLY___ :
2024-11-26 17:27:38,519 INFO     ___FILE_ONLY___ 

2024-11-26 17:27:38,519 INFO     ___FILE_ONLY___   
2024-11-26 17:27:38,519 INFO     ___FILE_ONLY___ -
2024-11-26 17:27:38,519 INFO     ___FILE_ONLY___  
2024-11-26 17:27:38,519 INFO     ___FILE_ONLY___ serviceAccount:vm-creater-account@inspired-photon-441609-k7.iam.gserviceaccount.com
2024-11-26 17:27:38,520 INFO     ___FILE_ONLY___ 

2024-11-26 17:27:38,520 INFO     ___FILE_ONLY___   
2024-11-26 17:27:38,520 INFO     ___FILE_ONLY___ role
2024-11-26 17:27:38,520 INFO     ___FILE_ONLY___ :
2024-11-26 17:27:38,520 INFO     ___FILE_ONLY___  
2024-11-26 17:27:38,520 INFO     ___FILE_ONLY___ roles/iam.serviceAccountUser
2024-11-26 17:27:38,520 INFO     ___FILE_ONLY___ 

2024-11-26 17:27:38,520 INFO     ___FILE_ONLY___ -
2024-11-26 17:27:38,520 INFO     ___FILE_ONLY___  
2024-11-26 17:27:38,520 INFO     ___FILE_ONLY___ members
2024-11-26 17:27:38,520 INFO     ___FILE_ONLY___ :
2024-11-26 17:27:38,520 INFO     ___FILE_ONLY___ 

2024-11-26 17:27:38,521 INFO     ___FILE_ONLY___   
2024-11-26 17:27:38,521 INFO     ___FILE_ONLY___ -
2024-11-26 17:27:38,521 INFO     ___FILE_ONLY___  
2024-11-26 17:27:38,521 INFO     ___FILE_ONLY___ user:das03285@gmail.com
2024-11-26 17:27:38,521 INFO     ___FILE_ONLY___ 

2024-11-26 17:27:38,521 INFO     ___FILE_ONLY___   
2024-11-26 17:27:38,521 INFO     ___FILE_ONLY___ role
2024-11-26 17:27:38,521 INFO     ___FILE_ONLY___ :
2024-11-26 17:27:38,521 INFO     ___FILE_ONLY___  
2024-11-26 17:27:38,521 INFO     ___FILE_ONLY___ roles/owner
2024-11-26 17:27:38,521 INFO     ___FILE_ONLY___ 

2024-11-26 17:27:38,521 INFO     ___FILE_ONLY___ -
2024-11-26 17:27:38,521 INFO     ___FILE_ONLY___  
2024-11-26 17:27:38,522 INFO     ___FILE_ONLY___ members
2024-11-26 17:27:38,522 INFO     ___FILE_ONLY___ :
2024-11-26 17:27:38,522 INFO     ___FILE_ONLY___ 

2024-11-26 17:27:38,522 INFO     ___FILE_ONLY___   
2024-11-26 17:27:38,522 INFO     ___FILE_ONLY___ -
2024-11-26 17:27:38,522 INFO     ___FILE_ONLY___  
2024-11-26 17:27:38,522 INFO     ___FILE_ONLY___ serviceAccount:service-644941739395@gcp-sa-pubsub.iam.gserviceaccount.com
2024-11-26 17:27:38,522 INFO     ___FILE_ONLY___ 

2024-11-26 17:27:38,522 INFO     ___FILE_ONLY___   
2024-11-26 17:27:38,522 INFO     ___FILE_ONLY___ role
2024-11-26 17:27:38,522 INFO     ___FILE_ONLY___ :
2024-11-26 17:27:38,522 INFO     ___FILE_ONLY___  
2024-11-26 17:27:38,523 INFO     ___FILE_ONLY___ roles/pubsub.serviceAgent
2024-11-26 17:27:38,523 INFO     ___FILE_ONLY___ 

2024-11-26 17:27:38,523 INFO     ___FILE_ONLY___ -
2024-11-26 17:27:38,523 INFO     ___FILE_ONLY___  
2024-11-26 17:27:38,523 INFO     ___FILE_ONLY___ members
2024-11-26 17:27:38,523 INFO     ___FILE_ONLY___ :
2024-11-26 17:27:38,523 INFO     ___FILE_ONLY___ 

2024-11-26 17:27:38,523 INFO     ___FILE_ONLY___   
2024-11-26 17:27:38,523 INFO     ___FILE_ONLY___ -
2024-11-26 17:27:38,523 INFO     ___FILE_ONLY___  
2024-11-26 17:27:38,523 INFO     ___FILE_ONLY___ serviceAccount:trigger-account@inspired-photon-441609-k7.iam.gserviceaccount.com
2024-11-26 17:27:38,523 INFO     ___FILE_ONLY___ 

2024-11-26 17:27:38,524 INFO     ___FILE_ONLY___   
2024-11-26 17:27:38,524 INFO     ___FILE_ONLY___ role
2024-11-26 17:27:38,524 INFO     ___FILE_ONLY___ :
2024-11-26 17:27:38,524 INFO     ___FILE_ONLY___  
2024-11-26 17:27:38,524 INFO     ___FILE_ONLY___ roles/resourcemanager.projectIamAdmin
2024-11-26 17:27:38,524 INFO     ___FILE_ONLY___ 

2024-11-26 17:27:38,524 INFO     ___FILE_ONLY___ etag
2024-11-26 17:27:38,524 INFO     ___FILE_ONLY___ :
2024-11-26 17:27:38,524 INFO     ___FILE_ONLY___  
2024-11-26 17:27:38,524 INFO     ___FILE_ONLY___ BwYn1Cpq9Yc=
2024-11-26 17:27:38,524 INFO     ___FILE_ONLY___ 

2024-11-26 17:27:38,525 INFO     ___FILE_ONLY___ version
2024-11-26 17:27:38,525 INFO     ___FILE_ONLY___ :
2024-11-26 17:27:38,525 INFO     ___FILE_ONLY___  
2024-11-26 17:27:38,525 INFO     ___FILE_ONLY___ 1
2024-11-26 17:27:38,525 INFO     ___FILE_ONLY___ 

2024-11-26 17:27:38,525 DEBUG    root            SDK update checks are disabled.
