2024-11-26 17:39:38,945 DEBUG    root            Loaded Command Group: ['gcloud', 'projects']
2024-11-26 17:39:38,986 DEBUG    root            Loaded Command Group: ['gcloud', 'projects', 'add_iam_policy_binding']
2024-11-26 17:39:39,000 DEBUG    root            Running [gcloud.projects.add-iam-policy-binding] with arguments: [--member: "serviceAccount:trigger-account@inspired-photon-441609-k7.iam.gserviceaccount.com", --role: "projects/inspired-photon-441609-k7/roles/main_custom_role_10", PROJECT_ID: "inspired-photon-441609-k7"]
2024-11-26 17:39:39,169 DEBUG    urllib3.connectionpool Starting new HTTPS connection (1): cloudresourcemanager.googleapis.com:443
2024-11-26 17:39:39,343 DEBUG    urllib3.connectionpool https://cloudresourcemanager.googleapis.com:443 "POST /v1/projects/inspired-photon-441609-k7:getIamPolicy?alt=json HTTP/1.1" 200 None
2024-11-26 17:39:39,510 DEBUG    urllib3.connectionpool Starting new HTTPS connection (1): cloudresourcemanager.googleapis.com:443
2024-11-26 17:39:40,088 DEBUG    urllib3.connectionpool https://cloudresourcemanager.googleapis.com:443 "POST /v1/projects/inspired-photon-441609-k7:setIamPolicy?alt=json HTTP/1.1" 200 None
2024-11-26 17:39:40,092 INFO     ___FILE_ONLY___ Updated IAM policy for project [inspired-photon-441609-k7].

2024-11-26 17:39:40,092 DEBUG    root            Chosen display Format:default
2024-11-26 17:39:40,093 INFO     root            Display format: "default"
2024-11-26 17:39:40,115 INFO     ___FILE_ONLY___ bindings
2024-11-26 17:39:40,115 INFO     ___FILE_ONLY___ :
2024-11-26 17:39:40,115 INFO     ___FILE_ONLY___ 

2024-11-26 17:39:40,115 INFO     ___FILE_ONLY___ -
2024-11-26 17:39:40,115 INFO     ___FILE_ONLY___  
2024-11-26 17:39:40,115 INFO     ___FILE_ONLY___ members
2024-11-26 17:39:40,116 INFO     ___FILE_ONLY___ :
2024-11-26 17:39:40,116 INFO     ___FILE_ONLY___ 

2024-11-26 17:39:40,116 INFO     ___FILE_ONLY___   
2024-11-26 17:39:40,116 INFO     ___FILE_ONLY___ -
2024-11-26 17:39:40,116 INFO     ___FILE_ONLY___  
2024-11-26 17:39:40,116 INFO     ___FILE_ONLY___ serviceAccount:trigger-account@inspired-photon-441609-k7.iam.gserviceaccount.com
2024-11-26 17:39:40,116 INFO     ___FILE_ONLY___ 

2024-11-26 17:39:40,116 INFO     ___FILE_ONLY___   
2024-11-26 17:39:40,116 INFO     ___FILE_ONLY___ role
2024-11-26 17:39:40,116 INFO     ___FILE_ONLY___ :
2024-11-26 17:39:40,117 INFO     ___FILE_ONLY___  
2024-11-26 17:39:40,117 INFO     ___FILE_ONLY___ projects/inspired-photon-441609-k7/roles/main_custom_role_10
2024-11-26 17:39:40,117 INFO     ___FILE_ONLY___ 

2024-11-26 17:39:40,117 INFO     ___FILE_ONLY___ -
2024-11-26 17:39:40,117 INFO     ___FILE_ONLY___  
2024-11-26 17:39:40,117 INFO     ___FILE_ONLY___ members
2024-11-26 17:39:40,117 INFO     ___FILE_ONLY___ :
2024-11-26 17:39:40,117 INFO     ___FILE_ONLY___ 

2024-11-26 17:39:40,117 INFO     ___FILE_ONLY___   
2024-11-26 17:39:40,117 INFO     ___FILE_ONLY___ -
2024-11-26 17:39:40,118 INFO     ___FILE_ONLY___  
2024-11-26 17:39:40,118 INFO     ___FILE_ONLY___ serviceAccount:service-644941739395@gcf-admin-robot.iam.gserviceaccount.com
2024-11-26 17:39:40,118 INFO     ___FILE_ONLY___ 

2024-11-26 17:39:40,118 INFO     ___FILE_ONLY___   
2024-11-26 17:39:40,118 INFO     ___FILE_ONLY___ role
2024-11-26 17:39:40,118 INFO     ___FILE_ONLY___ :
2024-11-26 17:39:40,118 INFO     ___FILE_ONLY___  
2024-11-26 17:39:40,118 INFO     ___FILE_ONLY___ roles/cloudfunctions.serviceAgent
2024-11-26 17:39:40,118 INFO     ___FILE_ONLY___ 

2024-11-26 17:39:40,118 INFO     ___FILE_ONLY___ -
2024-11-26 17:39:40,119 INFO     ___FILE_ONLY___  
2024-11-26 17:39:40,119 INFO     ___FILE_ONLY___ members
2024-11-26 17:39:40,119 INFO     ___FILE_ONLY___ :
2024-11-26 17:39:40,119 INFO     ___FILE_ONLY___ 

2024-11-26 17:39:40,119 INFO     ___FILE_ONLY___   
2024-11-26 17:39:40,119 INFO     ___FILE_ONLY___ -
2024-11-26 17:39:40,119 INFO     ___FILE_ONLY___  
2024-11-26 17:39:40,119 INFO     ___FILE_ONLY___ serviceAccount:vm-creater-account@inspired-photon-441609-k7.iam.gserviceaccount.com
2024-11-26 17:39:40,119 INFO     ___FILE_ONLY___ 

2024-11-26 17:39:40,119 INFO     ___FILE_ONLY___   
2024-11-26 17:39:40,119 INFO     ___FILE_ONLY___ role
2024-11-26 17:39:40,120 INFO     ___FILE_ONLY___ :
2024-11-26 17:39:40,120 INFO     ___FILE_ONLY___  
2024-11-26 17:39:40,120 INFO     ___FILE_ONLY___ roles/compute.instanceAdmin.v1
2024-11-26 17:39:40,120 INFO     ___FILE_ONLY___ 

2024-11-26 17:39:40,120 INFO     ___FILE_ONLY___ -
2024-11-26 17:39:40,120 INFO     ___FILE_ONLY___  
2024-11-26 17:39:40,120 INFO     ___FILE_ONLY___ members
2024-11-26 17:39:40,120 INFO     ___FILE_ONLY___ :
2024-11-26 17:39:40,120 INFO     ___FILE_ONLY___ 

2024-11-26 17:39:40,120 INFO     ___FILE_ONLY___   
2024-11-26 17:39:40,120 INFO     ___FILE_ONLY___ -
2024-11-26 17:39:40,121 INFO     ___FILE_ONLY___  
2024-11-26 17:39:40,121 INFO     ___FILE_ONLY___ serviceAccount:vm-creater-account@inspired-photon-441609-k7.iam.gserviceaccount.com
2024-11-26 17:39:40,121 INFO     ___FILE_ONLY___ 

2024-11-26 17:39:40,121 INFO     ___FILE_ONLY___   
2024-11-26 17:39:40,121 INFO     ___FILE_ONLY___ role
2024-11-26 17:39:40,121 INFO     ___FILE_ONLY___ :
2024-11-26 17:39:40,121 INFO     ___FILE_ONLY___  
2024-11-26 17:39:40,121 INFO     ___FILE_ONLY___ roles/compute.networkUser
2024-11-26 17:39:40,121 INFO     ___FILE_ONLY___ 

2024-11-26 17:39:40,121 INFO     ___FILE_ONLY___ -
2024-11-26 17:39:40,121 INFO     ___FILE_ONLY___  
2024-11-26 17:39:40,121 INFO     ___FILE_ONLY___ members
2024-11-26 17:39:40,122 INFO     ___FILE_ONLY___ :
2024-11-26 17:39:40,122 INFO     ___FILE_ONLY___ 

2024-11-26 17:39:40,122 INFO     ___FILE_ONLY___   
2024-11-26 17:39:40,122 INFO     ___FILE_ONLY___ -
2024-11-26 17:39:40,122 INFO     ___FILE_ONLY___  
2024-11-26 17:39:40,122 INFO     ___FILE_ONLY___ serviceAccount:service-644941739395@compute-system.iam.gserviceaccount.com
2024-11-26 17:39:40,122 INFO     ___FILE_ONLY___ 

2024-11-26 17:39:40,122 INFO     ___FILE_ONLY___   
2024-11-26 17:39:40,122 INFO     ___FILE_ONLY___ role
2024-11-26 17:39:40,122 INFO     ___FILE_ONLY___ :
2024-11-26 17:39:40,122 INFO     ___FILE_ONLY___  
2024-11-26 17:39:40,122 INFO     ___FILE_ONLY___ roles/compute.serviceAgent
2024-11-26 17:39:40,123 INFO     ___FILE_ONLY___ 

2024-11-26 17:39:40,123 INFO     ___FILE_ONLY___ -
2024-11-26 17:39:40,123 INFO     ___FILE_ONLY___  
2024-11-26 17:39:40,123 INFO     ___FILE_ONLY___ members
2024-11-26 17:39:40,123 INFO     ___FILE_ONLY___ :
2024-11-26 17:39:40,123 INFO     ___FILE_ONLY___ 

2024-11-26 17:39:40,123 INFO     ___FILE_ONLY___   
2024-11-26 17:39:40,123 INFO     ___FILE_ONLY___ -
2024-11-26 17:39:40,123 INFO     ___FILE_ONLY___  
2024-11-26 17:39:40,123 INFO     ___FILE_ONLY___ serviceAccount:644941739395-compute@developer.gserviceaccount.com
2024-11-26 17:39:40,123 INFO     ___FILE_ONLY___ 

2024-11-26 17:39:40,123 INFO     ___FILE_ONLY___   
2024-11-26 17:39:40,123 INFO     ___FILE_ONLY___ -
2024-11-26 17:39:40,124 INFO     ___FILE_ONLY___  
2024-11-26 17:39:40,124 INFO     ___FILE_ONLY___ serviceAccount:644941739395@cloudservices.gserviceaccount.com
2024-11-26 17:39:40,124 INFO     ___FILE_ONLY___ 

2024-11-26 17:39:40,124 INFO     ___FILE_ONLY___   
2024-11-26 17:39:40,124 INFO     ___FILE_ONLY___ -
2024-11-26 17:39:40,124 INFO     ___FILE_ONLY___  
2024-11-26 17:39:40,124 INFO     ___FILE_ONLY___ serviceAccount:inspired-photon-441609-k7@appspot.gserviceaccount.com
2024-11-26 17:39:40,124 INFO     ___FILE_ONLY___ 

2024-11-26 17:39:40,124 INFO     ___FILE_ONLY___   
2024-11-26 17:39:40,124 INFO     ___FILE_ONLY___ -
2024-11-26 17:39:40,125 INFO     ___FILE_ONLY___  
2024-11-26 17:39:40,125 INFO     ___FILE_ONLY___ serviceAccount:vm-creater-account@inspired-photon-441609-k7.iam.gserviceaccount.com
2024-11-26 17:39:40,125 INFO     ___FILE_ONLY___ 

2024-11-26 17:39:40,125 INFO     ___FILE_ONLY___   
2024-11-26 17:39:40,125 INFO     ___FILE_ONLY___ role
2024-11-26 17:39:40,125 INFO     ___FILE_ONLY___ :
2024-11-26 17:39:40,125 INFO     ___FILE_ONLY___  
2024-11-26 17:39:40,126 INFO     ___FILE_ONLY___ roles/editor
2024-11-26 17:39:40,126 INFO     ___FILE_ONLY___ 

2024-11-26 17:39:40,126 INFO     ___FILE_ONLY___ -
2024-11-26 17:39:40,126 INFO     ___FILE_ONLY___  
2024-11-26 17:39:40,126 INFO     ___FILE_ONLY___ members
2024-11-26 17:39:40,126 INFO     ___FILE_ONLY___ :
2024-11-26 17:39:40,126 INFO     ___FILE_ONLY___ 

2024-11-26 17:39:40,126 INFO     ___FILE_ONLY___   
2024-11-26 17:39:40,126 INFO     ___FILE_ONLY___ -
2024-11-26 17:39:40,126 INFO     ___FILE_ONLY___  
2024-11-26 17:39:40,127 INFO     ___FILE_ONLY___ serviceAccount:trigger-account@inspired-photon-441609-k7.iam.gserviceaccount.com
2024-11-26 17:39:40,127 INFO     ___FILE_ONLY___ 

2024-11-26 17:39:40,127 INFO     ___FILE_ONLY___   
2024-11-26 17:39:40,127 INFO     ___FILE_ONLY___ role
2024-11-26 17:39:40,127 INFO     ___FILE_ONLY___ :
2024-11-26 17:39:40,127 INFO     ___FILE_ONLY___  
2024-11-26 17:39:40,127 INFO     ___FILE_ONLY___ roles/iam.roleAdmin
2024-11-26 17:39:40,127 INFO     ___FILE_ONLY___ 

2024-11-26 17:39:40,127 INFO     ___FILE_ONLY___ -
2024-11-26 17:39:40,127 INFO     ___FILE_ONLY___  
2024-11-26 17:39:40,127 INFO     ___FILE_ONLY___ members
2024-11-26 17:39:40,128 INFO     ___FILE_ONLY___ :
2024-11-26 17:39:40,128 INFO     ___FILE_ONLY___ 

2024-11-26 17:39:40,128 INFO     ___FILE_ONLY___   
2024-11-26 17:39:40,128 INFO     ___FILE_ONLY___ -
2024-11-26 17:39:40,128 INFO     ___FILE_ONLY___  
2024-11-26 17:39:40,128 INFO     ___FILE_ONLY___ serviceAccount:vm-creater-account@inspired-photon-441609-k7.iam.gserviceaccount.com
2024-11-26 17:39:40,128 INFO     ___FILE_ONLY___ 

2024-11-26 17:39:40,128 INFO     ___FILE_ONLY___   
2024-11-26 17:39:40,128 INFO     ___FILE_ONLY___ role
2024-11-26 17:39:40,128 INFO     ___FILE_ONLY___ :
2024-11-26 17:39:40,128 INFO     ___FILE_ONLY___  
2024-11-26 17:39:40,128 INFO     ___FILE_ONLY___ roles/iam.serviceAccountUser
2024-11-26 17:39:40,129 INFO     ___FILE_ONLY___ 

2024-11-26 17:39:40,129 INFO     ___FILE_ONLY___ -
2024-11-26 17:39:40,129 INFO     ___FILE_ONLY___  
2024-11-26 17:39:40,129 INFO     ___FILE_ONLY___ members
2024-11-26 17:39:40,129 INFO     ___FILE_ONLY___ :
2024-11-26 17:39:40,129 INFO     ___FILE_ONLY___ 

2024-11-26 17:39:40,129 INFO     ___FILE_ONLY___   
2024-11-26 17:39:40,129 INFO     ___FILE_ONLY___ -
2024-11-26 17:39:40,129 INFO     ___FILE_ONLY___  
2024-11-26 17:39:40,129 INFO     ___FILE_ONLY___ user:das03285@gmail.com
2024-11-26 17:39:40,129 INFO     ___FILE_ONLY___ 

2024-11-26 17:39:40,129 INFO     ___FILE_ONLY___   
2024-11-26 17:39:40,130 INFO     ___FILE_ONLY___ role
2024-11-26 17:39:40,130 INFO     ___FILE_ONLY___ :
2024-11-26 17:39:40,130 INFO     ___FILE_ONLY___  
2024-11-26 17:39:40,130 INFO     ___FILE_ONLY___ roles/owner
2024-11-26 17:39:40,130 INFO     ___FILE_ONLY___ 

2024-11-26 17:39:40,130 INFO     ___FILE_ONLY___ -
2024-11-26 17:39:40,130 INFO     ___FILE_ONLY___  
2024-11-26 17:39:40,130 INFO     ___FILE_ONLY___ members
2024-11-26 17:39:40,130 INFO     ___FILE_ONLY___ :
2024-11-26 17:39:40,130 INFO     ___FILE_ONLY___ 

2024-11-26 17:39:40,130 INFO     ___FILE_ONLY___   
2024-11-26 17:39:40,130 INFO     ___FILE_ONLY___ -
2024-11-26 17:39:40,130 INFO     ___FILE_ONLY___  
2024-11-26 17:39:40,131 INFO     ___FILE_ONLY___ serviceAccount:service-644941739395@gcp-sa-pubsub.iam.gserviceaccount.com
2024-11-26 17:39:40,131 INFO     ___FILE_ONLY___ 

2024-11-26 17:39:40,131 INFO     ___FILE_ONLY___   
2024-11-26 17:39:40,131 INFO     ___FILE_ONLY___ role
2024-11-26 17:39:40,131 INFO     ___FILE_ONLY___ :
2024-11-26 17:39:40,131 INFO     ___FILE_ONLY___  
2024-11-26 17:39:40,132 INFO     ___FILE_ONLY___ roles/pubsub.serviceAgent
2024-11-26 17:39:40,132 INFO     ___FILE_ONLY___ 

2024-11-26 17:39:40,132 INFO     ___FILE_ONLY___ -
2024-11-26 17:39:40,132 INFO     ___FILE_ONLY___  
2024-11-26 17:39:40,132 INFO     ___FILE_ONLY___ members
2024-11-26 17:39:40,132 INFO     ___FILE_ONLY___ :
2024-11-26 17:39:40,132 INFO     ___FILE_ONLY___ 

2024-11-26 17:39:40,132 INFO     ___FILE_ONLY___   
2024-11-26 17:39:40,132 INFO     ___FILE_ONLY___ -
2024-11-26 17:39:40,133 INFO     ___FILE_ONLY___  
2024-11-26 17:39:40,133 INFO     ___FILE_ONLY___ serviceAccount:trigger-account@inspired-photon-441609-k7.iam.gserviceaccount.com
2024-11-26 17:39:40,133 INFO     ___FILE_ONLY___ 

2024-11-26 17:39:40,133 INFO     ___FILE_ONLY___   
2024-11-26 17:39:40,133 INFO     ___FILE_ONLY___ role
2024-11-26 17:39:40,133 INFO     ___FILE_ONLY___ :
2024-11-26 17:39:40,133 INFO     ___FILE_ONLY___  
2024-11-26 17:39:40,133 INFO     ___FILE_ONLY___ roles/resourcemanager.projectIamAdmin
2024-11-26 17:39:40,133 INFO     ___FILE_ONLY___ 

2024-11-26 17:39:40,133 INFO     ___FILE_ONLY___ etag
2024-11-26 17:39:40,134 INFO     ___FILE_ONLY___ :
2024-11-26 17:39:40,134 INFO     ___FILE_ONLY___  
2024-11-26 17:39:40,134 INFO     ___FILE_ONLY___ BwYn1FVtzoo=
2024-11-26 17:39:40,134 INFO     ___FILE_ONLY___ 

2024-11-26 17:39:40,134 INFO     ___FILE_ONLY___ version
2024-11-26 17:39:40,134 INFO     ___FILE_ONLY___ :
2024-11-26 17:39:40,134 INFO     ___FILE_ONLY___  
2024-11-26 17:39:40,134 INFO     ___FILE_ONLY___ 1
2024-11-26 17:39:40,134 INFO     ___FILE_ONLY___ 

2024-11-26 17:39:40,135 DEBUG    root            SDK update checks are disabled.
