2024-11-26 17:39:31,747 DEBUG    root            Loaded Command Group: ['gcloud', 'iam']
2024-11-26 17:39:31,749 DEBUG    root            Loaded Command Group: ['gcloud', 'iam', 'roles']
2024-11-26 17:39:31,772 DEBUG    root            Loaded Command Group: ['gcloud', 'iam', 'roles', 'create']
2024-11-26 17:39:31,776 DEBUG    root            Running [gcloud.iam.roles.create] with arguments: [--permissions: "storage.objects.get,storage.objects.create,storage.buckets.create,pubsub.topics.create,pubsub.topics.publish,cloudfunctions.functions.create,cloudfunctions.functions.invoke", --project: "inspired-photon-441609-k7", --title: "Custom role for needed services_11", ROLE_ID: "main_custom_role_11"]
2024-11-26 17:39:31,934 DEBUG    urllib3.connectionpool Starting new HTTPS connection (1): iam.googleapis.com:443
2024-11-26 17:39:32,451 DEBUG    urllib3.connectionpool https://iam.googleapis.com:443 "POST /v1/permissions:queryTestablePermissions?alt=json HTTP/1.1" 200 None
2024-11-26 17:39:32,526 DEBUG    urllib3.connectionpool Starting new HTTPS connection (1): iam.googleapis.com:443
2024-11-26 17:39:32,949 DEBUG    urllib3.connectionpool https://iam.googleapis.com:443 "POST /v1/permissions:queryTestablePermissions?alt=json HTTP/1.1" 200 None
2024-11-26 17:39:33,021 DEBUG    urllib3.connectionpool Starting new HTTPS connection (1): iam.googleapis.com:443
2024-11-26 17:39:33,390 DEBUG    urllib3.connectionpool https://iam.googleapis.com:443 "POST /v1/permissions:queryTestablePermissions?alt=json HTTP/1.1" 200 None
2024-11-26 17:39:33,466 DEBUG    urllib3.connectionpool Starting new HTTPS connection (1): iam.googleapis.com:443
2024-11-26 17:39:33,919 DEBUG    urllib3.connectionpool https://iam.googleapis.com:443 "POST /v1/permissions:queryTestablePermissions?alt=json HTTP/1.1" 200 None
2024-11-26 17:39:33,985 DEBUG    urllib3.connectionpool Starting new HTTPS connection (1): iam.googleapis.com:443
2024-11-26 17:39:34,387 DEBUG    urllib3.connectionpool https://iam.googleapis.com:443 "POST /v1/permissions:queryTestablePermissions?alt=json HTTP/1.1" 200 None
2024-11-26 17:39:34,458 DEBUG    urllib3.connectionpool Starting new HTTPS connection (1): iam.googleapis.com:443
2024-11-26 17:39:34,861 DEBUG    urllib3.connectionpool https://iam.googleapis.com:443 "POST /v1/permissions:queryTestablePermissions?alt=json HTTP/1.1" 200 None
2024-11-26 17:39:34,936 DEBUG    urllib3.connectionpool Starting new HTTPS connection (1): iam.googleapis.com:443
2024-11-26 17:39:35,385 DEBUG    urllib3.connectionpool https://iam.googleapis.com:443 "POST /v1/permissions:queryTestablePermissions?alt=json HTTP/1.1" 200 None
2024-11-26 17:39:35,456 DEBUG    urllib3.connectionpool Starting new HTTPS connection (1): iam.googleapis.com:443
2024-11-26 17:39:35,845 DEBUG    urllib3.connectionpool https://iam.googleapis.com:443 "POST /v1/permissions:queryTestablePermissions?alt=json HTTP/1.1" 200 None
2024-11-26 17:39:35,918 DEBUG    urllib3.connectionpool Starting new HTTPS connection (1): iam.googleapis.com:443
2024-11-26 17:39:36,319 DEBUG    urllib3.connectionpool https://iam.googleapis.com:443 "POST /v1/permissions:queryTestablePermissions?alt=json HTTP/1.1" 200 None
2024-11-26 17:39:36,395 DEBUG    urllib3.connectionpool Starting new HTTPS connection (1): iam.googleapis.com:443
2024-11-26 17:39:36,761 DEBUG    urllib3.connectionpool https://iam.googleapis.com:443 "POST /v1/permissions:queryTestablePermissions?alt=json HTTP/1.1" 200 None
2024-11-26 17:39:36,834 DEBUG    urllib3.connectionpool Starting new HTTPS connection (1): iam.googleapis.com:443
2024-11-26 17:39:37,279 DEBUG    urllib3.connectionpool https://iam.googleapis.com:443 "POST /v1/permissions:queryTestablePermissions?alt=json HTTP/1.1" 200 None
2024-11-26 17:39:37,296 DEBUG    urllib3.connectionpool Starting new HTTPS connection (1): iam.googleapis.com:443
2024-11-26 17:39:37,649 DEBUG    urllib3.connectionpool https://iam.googleapis.com:443 "POST /v1/projects/inspired-photon-441609-k7/roles?alt=json HTTP/1.1" 200 None
2024-11-26 17:39:37,653 INFO     ___FILE_ONLY___ Created role [main_custom_role_11].

2024-11-26 17:39:37,656 DEBUG    root            Chosen display Format:default
2024-11-26 17:39:37,658 INFO     root            Display format: "default"
2024-11-26 17:39:37,734 INFO     ___FILE_ONLY___ etag
2024-11-26 17:39:37,734 INFO     ___FILE_ONLY___ :
2024-11-26 17:39:37,734 INFO     ___FILE_ONLY___  
2024-11-26 17:39:37,734 INFO     ___FILE_ONLY___ BwYn1FVIemc=
2024-11-26 17:39:37,735 INFO     ___FILE_ONLY___ 

2024-11-26 17:39:37,735 INFO     ___FILE_ONLY___ includedPermissions
2024-11-26 17:39:37,735 INFO     ___FILE_ONLY___ :
2024-11-26 17:39:37,735 INFO     ___FILE_ONLY___ 

2024-11-26 17:39:37,735 INFO     ___FILE_ONLY___ -
2024-11-26 17:39:37,735 INFO     ___FILE_ONLY___  
2024-11-26 17:39:37,735 INFO     ___FILE_ONLY___ cloudfunctions.functions.create
2024-11-26 17:39:37,736 INFO     ___FILE_ONLY___ 

2024-11-26 17:39:37,736 INFO     ___FILE_ONLY___ -
2024-11-26 17:39:37,736 INFO     ___FILE_ONLY___  
2024-11-26 17:39:37,736 INFO     ___FILE_ONLY___ cloudfunctions.functions.invoke
2024-11-26 17:39:37,736 INFO     ___FILE_ONLY___ 

2024-11-26 17:39:37,736 INFO     ___FILE_ONLY___ -
2024-11-26 17:39:37,736 INFO     ___FILE_ONLY___  
2024-11-26 17:39:37,736 INFO     ___FILE_ONLY___ pubsub.topics.create
2024-11-26 17:39:37,736 INFO     ___FILE_ONLY___ 

2024-11-26 17:39:37,736 INFO     ___FILE_ONLY___ -
2024-11-26 17:39:37,737 INFO     ___FILE_ONLY___  
2024-11-26 17:39:37,737 INFO     ___FILE_ONLY___ pubsub.topics.publish
2024-11-26 17:39:37,737 INFO     ___FILE_ONLY___ 

2024-11-26 17:39:37,737 INFO     ___FILE_ONLY___ -
2024-11-26 17:39:37,737 INFO     ___FILE_ONLY___  
2024-11-26 17:39:37,737 INFO     ___FILE_ONLY___ storage.buckets.create
2024-11-26 17:39:37,737 INFO     ___FILE_ONLY___ 

2024-11-26 17:39:37,737 INFO     ___FILE_ONLY___ -
2024-11-26 17:39:37,737 INFO     ___FILE_ONLY___  
2024-11-26 17:39:37,737 INFO     ___FILE_ONLY___ storage.objects.create
2024-11-26 17:39:37,737 INFO     ___FILE_ONLY___ 

2024-11-26 17:39:37,738 INFO     ___FILE_ONLY___ -
2024-11-26 17:39:37,738 INFO     ___FILE_ONLY___  
2024-11-26 17:39:37,738 INFO     ___FILE_ONLY___ storage.objects.get
2024-11-26 17:39:37,738 INFO     ___FILE_ONLY___ 

2024-11-26 17:39:37,738 INFO     ___FILE_ONLY___ name
2024-11-26 17:39:37,738 INFO     ___FILE_ONLY___ :
2024-11-26 17:39:37,738 INFO     ___FILE_ONLY___  
2024-11-26 17:39:37,739 INFO     ___FILE_ONLY___ projects/inspired-photon-441609-k7/roles/main_custom_role_11
2024-11-26 17:39:37,739 INFO     ___FILE_ONLY___ 

2024-11-26 17:39:37,739 INFO     ___FILE_ONLY___ stage
2024-11-26 17:39:37,739 INFO     ___FILE_ONLY___ :
2024-11-26 17:39:37,740 INFO     ___FILE_ONLY___  
2024-11-26 17:39:37,740 INFO     ___FILE_ONLY___ ALPHA
2024-11-26 17:39:37,740 INFO     ___FILE_ONLY___ 

2024-11-26 17:39:37,740 INFO     ___FILE_ONLY___ title
2024-11-26 17:39:37,740 INFO     ___FILE_ONLY___ :
2024-11-26 17:39:37,740 INFO     ___FILE_ONLY___  
2024-11-26 17:39:37,740 INFO     ___FILE_ONLY___ Custom
2024-11-26 17:39:37,741 INFO     ___FILE_ONLY___  
2024-11-26 17:39:37,741 INFO     ___FILE_ONLY___ role
2024-11-26 17:39:37,741 INFO     ___FILE_ONLY___  
2024-11-26 17:39:37,741 INFO     ___FILE_ONLY___ for
2024-11-26 17:39:37,741 INFO     ___FILE_ONLY___  
2024-11-26 17:39:37,741 INFO     ___FILE_ONLY___ needed
2024-11-26 17:39:37,741 INFO     ___FILE_ONLY___  
2024-11-26 17:39:37,741 INFO     ___FILE_ONLY___ services_11
2024-11-26 17:39:37,741 INFO     ___FILE_ONLY___ 

2024-11-26 17:39:37,741 DEBUG    root            SDK update checks are disabled.
