2024-11-26 17:30:12,320 DEBUG    root            Loaded Command Group: ['gcloud', 'iam']
2024-11-26 17:30:12,322 DEBUG    root            Loaded Command Group: ['gcloud', 'iam', 'roles']
2024-11-26 17:30:12,350 DEBUG    root            Loaded Command Group: ['gcloud', 'iam', 'roles', 'create']
2024-11-26 17:30:12,353 DEBUG    root            Running [gcloud.iam.roles.create] with arguments: [--permissions: "storage.objects.get,storage.objects.create,storage.buckets.create,pubsub.topics.create,pubsub.topics.publish,cloudfunctions.functions.create,cloudfunctions.functions.invoke", --project: "inspired-photon-441609-k7", --title: "Custom role for needed services_10", ROLE_ID: "main_custom_role_10"]
2024-11-26 17:30:12,522 DEBUG    urllib3.connectionpool Starting new HTTPS connection (1): iam.googleapis.com:443
2024-11-26 17:30:13,048 DEBUG    urllib3.connectionpool https://iam.googleapis.com:443 "POST /v1/permissions:queryTestablePermissions?alt=json HTTP/1.1" 200 None
2024-11-26 17:30:13,129 DEBUG    urllib3.connectionpool Starting new HTTPS connection (1): iam.googleapis.com:443
2024-11-26 17:30:13,617 DEBUG    urllib3.connectionpool https://iam.googleapis.com:443 "POST /v1/permissions:queryTestablePermissions?alt=json HTTP/1.1" 200 None
2024-11-26 17:30:13,718 DEBUG    urllib3.connectionpool Starting new HTTPS connection (1): iam.googleapis.com:443
2024-11-26 17:30:14,080 DEBUG    urllib3.connectionpool https://iam.googleapis.com:443 "POST /v1/permissions:queryTestablePermissions?alt=json HTTP/1.1" 200 None
2024-11-26 17:30:14,173 DEBUG    urllib3.connectionpool Starting new HTTPS connection (1): iam.googleapis.com:443
2024-11-26 17:30:14,669 DEBUG    urllib3.connectionpool https://iam.googleapis.com:443 "POST /v1/permissions:queryTestablePermissions?alt=json HTTP/1.1" 200 None
2024-11-26 17:30:14,733 DEBUG    urllib3.connectionpool Starting new HTTPS connection (1): iam.googleapis.com:443
2024-11-26 17:30:15,244 DEBUG    urllib3.connectionpool https://iam.googleapis.com:443 "POST /v1/permissions:queryTestablePermissions?alt=json HTTP/1.1" 200 None
2024-11-26 17:30:15,316 DEBUG    urllib3.connectionpool Starting new HTTPS connection (1): iam.googleapis.com:443
2024-11-26 17:30:15,670 DEBUG    urllib3.connectionpool https://iam.googleapis.com:443 "POST /v1/permissions:queryTestablePermissions?alt=json HTTP/1.1" 200 None
2024-11-26 17:30:15,743 DEBUG    urllib3.connectionpool Starting new HTTPS connection (1): iam.googleapis.com:443
2024-11-26 17:30:16,061 DEBUG    urllib3.connectionpool https://iam.googleapis.com:443 "POST /v1/permissions:queryTestablePermissions?alt=json HTTP/1.1" 200 None
2024-11-26 17:30:16,133 DEBUG    urllib3.connectionpool Starting new HTTPS connection (1): iam.googleapis.com:443
2024-11-26 17:30:16,602 DEBUG    urllib3.connectionpool https://iam.googleapis.com:443 "POST /v1/permissions:queryTestablePermissions?alt=json HTTP/1.1" 200 None
2024-11-26 17:30:16,677 DEBUG    urllib3.connectionpool Starting new HTTPS connection (1): iam.googleapis.com:443
2024-11-26 17:30:17,112 DEBUG    urllib3.connectionpool https://iam.googleapis.com:443 "POST /v1/permissions:queryTestablePermissions?alt=json HTTP/1.1" 200 None
2024-11-26 17:30:17,195 DEBUG    urllib3.connectionpool Starting new HTTPS connection (1): iam.googleapis.com:443
2024-11-26 17:30:17,610 DEBUG    urllib3.connectionpool https://iam.googleapis.com:443 "POST /v1/permissions:queryTestablePermissions?alt=json HTTP/1.1" 200 None
2024-11-26 17:30:17,684 DEBUG    urllib3.connectionpool Starting new HTTPS connection (1): iam.googleapis.com:443
2024-11-26 17:30:18,054 DEBUG    urllib3.connectionpool https://iam.googleapis.com:443 "POST /v1/permissions:queryTestablePermissions?alt=json HTTP/1.1" 200 None
2024-11-26 17:30:18,073 DEBUG    urllib3.connectionpool Starting new HTTPS connection (1): iam.googleapis.com:443
2024-11-26 17:30:18,425 DEBUG    urllib3.connectionpool https://iam.googleapis.com:443 "POST /v1/projects/inspired-photon-441609-k7/roles?alt=json HTTP/1.1" 200 None
2024-11-26 17:30:18,428 INFO     ___FILE_ONLY___ Created role [main_custom_role_10].

2024-11-26 17:30:18,430 DEBUG    root            Chosen display Format:default
2024-11-26 17:30:18,431 INFO     root            Display format: "default"
2024-11-26 17:30:18,488 INFO     ___FILE_ONLY___ etag
2024-11-26 17:30:18,488 INFO     ___FILE_ONLY___ :
2024-11-26 17:30:18,488 INFO     ___FILE_ONLY___  
2024-11-26 17:30:18,488 INFO     ___FILE_ONLY___ BwYn1DPzZOA=
2024-11-26 17:30:18,488 INFO     ___FILE_ONLY___ 

2024-11-26 17:30:18,489 INFO     ___FILE_ONLY___ includedPermissions
2024-11-26 17:30:18,489 INFO     ___FILE_ONLY___ :
2024-11-26 17:30:18,489 INFO     ___FILE_ONLY___ 

2024-11-26 17:30:18,489 INFO     ___FILE_ONLY___ -
2024-11-26 17:30:18,489 INFO     ___FILE_ONLY___  
2024-11-26 17:30:18,489 INFO     ___FILE_ONLY___ cloudfunctions.functions.create
2024-11-26 17:30:18,490 INFO     ___FILE_ONLY___ 

2024-11-26 17:30:18,490 INFO     ___FILE_ONLY___ -
2024-11-26 17:30:18,490 INFO     ___FILE_ONLY___  
2024-11-26 17:30:18,490 INFO     ___FILE_ONLY___ cloudfunctions.functions.invoke
2024-11-26 17:30:18,490 INFO     ___FILE_ONLY___ 

2024-11-26 17:30:18,490 INFO     ___FILE_ONLY___ -
2024-11-26 17:30:18,490 INFO     ___FILE_ONLY___  
2024-11-26 17:30:18,490 INFO     ___FILE_ONLY___ pubsub.topics.create
2024-11-26 17:30:18,490 INFO     ___FILE_ONLY___ 

2024-11-26 17:30:18,491 INFO     ___FILE_ONLY___ -
2024-11-26 17:30:18,491 INFO     ___FILE_ONLY___  
2024-11-26 17:30:18,491 INFO     ___FILE_ONLY___ pubsub.topics.publish
2024-11-26 17:30:18,491 INFO     ___FILE_ONLY___ 

2024-11-26 17:30:18,491 INFO     ___FILE_ONLY___ -
2024-11-26 17:30:18,491 INFO     ___FILE_ONLY___  
2024-11-26 17:30:18,491 INFO     ___FILE_ONLY___ storage.buckets.create
2024-11-26 17:30:18,491 INFO     ___FILE_ONLY___ 

2024-11-26 17:30:18,491 INFO     ___FILE_ONLY___ -
2024-11-26 17:30:18,491 INFO     ___FILE_ONLY___  
2024-11-26 17:30:18,492 INFO     ___FILE_ONLY___ storage.objects.create
2024-11-26 17:30:18,492 INFO     ___FILE_ONLY___ 

2024-11-26 17:30:18,492 INFO     ___FILE_ONLY___ -
2024-11-26 17:30:18,492 INFO     ___FILE_ONLY___  
2024-11-26 17:30:18,492 INFO     ___FILE_ONLY___ storage.objects.get
2024-11-26 17:30:18,492 INFO     ___FILE_ONLY___ 

2024-11-26 17:30:18,492 INFO     ___FILE_ONLY___ name
2024-11-26 17:30:18,492 INFO     ___FILE_ONLY___ :
2024-11-26 17:30:18,493 INFO     ___FILE_ONLY___  
2024-11-26 17:30:18,493 INFO     ___FILE_ONLY___ projects/inspired-photon-441609-k7/roles/main_custom_role_10
2024-11-26 17:30:18,493 INFO     ___FILE_ONLY___ 

2024-11-26 17:30:18,493 INFO     ___FILE_ONLY___ stage
2024-11-26 17:30:18,493 INFO     ___FILE_ONLY___ :
2024-11-26 17:30:18,493 INFO     ___FILE_ONLY___  
2024-11-26 17:30:18,493 INFO     ___FILE_ONLY___ ALPHA
2024-11-26 17:30:18,493 INFO     ___FILE_ONLY___ 

2024-11-26 17:30:18,494 INFO     ___FILE_ONLY___ title
2024-11-26 17:30:18,494 INFO     ___FILE_ONLY___ :
2024-11-26 17:30:18,494 INFO     ___FILE_ONLY___  
2024-11-26 17:30:18,494 INFO     ___FILE_ONLY___ Custom
2024-11-26 17:30:18,494 INFO     ___FILE_ONLY___  
2024-11-26 17:30:18,494 INFO     ___FILE_ONLY___ role
2024-11-26 17:30:18,494 INFO     ___FILE_ONLY___  
2024-11-26 17:30:18,494 INFO     ___FILE_ONLY___ for
2024-11-26 17:30:18,494 INFO     ___FILE_ONLY___  
2024-11-26 17:30:18,494 INFO     ___FILE_ONLY___ needed
2024-11-26 17:30:18,494 INFO     ___FILE_ONLY___  
2024-11-26 17:30:18,494 INFO     ___FILE_ONLY___ services_10
2024-11-26 17:30:18,494 INFO     ___FILE_ONLY___ 

2024-11-26 17:30:18,495 DEBUG    root            SDK update checks are disabled.
