2024-11-26 17:49:15,136 DEBUG    root            Loaded Command Group: ['gcloud', 'iam']
2024-11-26 17:49:15,138 DEBUG    root            Loaded Command Group: ['gcloud', 'iam', 'roles']
2024-11-26 17:49:15,162 DEBUG    root            Loaded Command Group: ['gcloud', 'iam', 'roles', 'create']
2024-11-26 17:49:15,166 DEBUG    root            Running [gcloud.iam.roles.create] with arguments: [--permissions: "storage.objects.get,storage.objects.create,storage.buckets.create,pubsub.topics.create,pubsub.topics.publish,cloudfunctions.functions.create,cloudfunctions.functions.invoke,cloudfunctions.functions.get", --project: "inspired-photon-441609-k7", --title: "Custom role for needed services_12", ROLE_ID: "main_custom_role_12"]
2024-11-26 17:49:15,328 DEBUG    urllib3.connectionpool Starting new HTTPS connection (1): iam.googleapis.com:443
2024-11-26 17:49:15,838 DEBUG    urllib3.connectionpool https://iam.googleapis.com:443 "POST /v1/permissions:queryTestablePermissions?alt=json HTTP/1.1" 200 None
2024-11-26 17:49:15,910 DEBUG    urllib3.connectionpool Starting new HTTPS connection (1): iam.googleapis.com:443
2024-11-26 17:49:16,461 DEBUG    urllib3.connectionpool https://iam.googleapis.com:443 "POST /v1/permissions:queryTestablePermissions?alt=json HTTP/1.1" 200 None
2024-11-26 17:49:16,535 DEBUG    urllib3.connectionpool Starting new HTTPS connection (1): iam.googleapis.com:443
2024-11-26 17:49:16,849 DEBUG    urllib3.connectionpool https://iam.googleapis.com:443 "POST /v1/permissions:queryTestablePermissions?alt=json HTTP/1.1" 200 None
2024-11-26 17:49:16,922 DEBUG    urllib3.connectionpool Starting new HTTPS connection (1): iam.googleapis.com:443
2024-11-26 17:49:17,286 DEBUG    urllib3.connectionpool https://iam.googleapis.com:443 "POST /v1/permissions:queryTestablePermissions?alt=json HTTP/1.1" 200 None
2024-11-26 17:49:17,347 DEBUG    urllib3.connectionpool Starting new HTTPS connection (1): iam.googleapis.com:443
2024-11-26 17:49:17,779 DEBUG    urllib3.connectionpool https://iam.googleapis.com:443 "POST /v1/permissions:queryTestablePermissions?alt=json HTTP/1.1" 200 None
2024-11-26 17:49:17,850 DEBUG    urllib3.connectionpool Starting new HTTPS connection (1): iam.googleapis.com:443
2024-11-26 17:49:18,270 DEBUG    urllib3.connectionpool https://iam.googleapis.com:443 "POST /v1/permissions:queryTestablePermissions?alt=json HTTP/1.1" 200 None
2024-11-26 17:49:18,343 DEBUG    urllib3.connectionpool Starting new HTTPS connection (1): iam.googleapis.com:443
2024-11-26 17:49:18,827 DEBUG    urllib3.connectionpool https://iam.googleapis.com:443 "POST /v1/permissions:queryTestablePermissions?alt=json HTTP/1.1" 200 None
2024-11-26 17:49:18,898 DEBUG    urllib3.connectionpool Starting new HTTPS connection (1): iam.googleapis.com:443
2024-11-26 17:49:19,356 DEBUG    urllib3.connectionpool https://iam.googleapis.com:443 "POST /v1/permissions:queryTestablePermissions?alt=json HTTP/1.1" 200 None
2024-11-26 17:49:19,429 DEBUG    urllib3.connectionpool Starting new HTTPS connection (1): iam.googleapis.com:443
2024-11-26 17:49:19,924 DEBUG    urllib3.connectionpool https://iam.googleapis.com:443 "POST /v1/permissions:queryTestablePermissions?alt=json HTTP/1.1" 200 None
2024-11-26 17:49:19,998 DEBUG    urllib3.connectionpool Starting new HTTPS connection (1): iam.googleapis.com:443
2024-11-26 17:49:20,298 DEBUG    urllib3.connectionpool https://iam.googleapis.com:443 "POST /v1/permissions:queryTestablePermissions?alt=json HTTP/1.1" 200 None
2024-11-26 17:49:20,372 DEBUG    urllib3.connectionpool Starting new HTTPS connection (1): iam.googleapis.com:443
2024-11-26 17:49:20,780 DEBUG    urllib3.connectionpool https://iam.googleapis.com:443 "POST /v1/permissions:queryTestablePermissions?alt=json HTTP/1.1" 200 None
2024-11-26 17:49:20,798 DEBUG    urllib3.connectionpool Starting new HTTPS connection (1): iam.googleapis.com:443
2024-11-26 17:49:21,104 DEBUG    urllib3.connectionpool https://iam.googleapis.com:443 "POST /v1/projects/inspired-photon-441609-k7/roles?alt=json HTTP/1.1" 200 None
2024-11-26 17:49:21,108 INFO     ___FILE_ONLY___ Created role [main_custom_role_12].

2024-11-26 17:49:21,111 DEBUG    root            Chosen display Format:default
2024-11-26 17:49:21,113 INFO     root            Display format: "default"
2024-11-26 17:49:21,189 INFO     ___FILE_ONLY___ etag
2024-11-26 17:49:21,189 INFO     ___FILE_ONLY___ :
2024-11-26 17:49:21,189 INFO     ___FILE_ONLY___  
2024-11-26 17:49:21,189 INFO     ___FILE_ONLY___ BwYn1HgPblY=
2024-11-26 17:49:21,189 INFO     ___FILE_ONLY___ 

2024-11-26 17:49:21,189 INFO     ___FILE_ONLY___ includedPermissions
2024-11-26 17:49:21,190 INFO     ___FILE_ONLY___ :
2024-11-26 17:49:21,190 INFO     ___FILE_ONLY___ 

2024-11-26 17:49:21,190 INFO     ___FILE_ONLY___ -
2024-11-26 17:49:21,190 INFO     ___FILE_ONLY___  
2024-11-26 17:49:21,190 INFO     ___FILE_ONLY___ cloudfunctions.functions.create
2024-11-26 17:49:21,190 INFO     ___FILE_ONLY___ 

2024-11-26 17:49:21,190 INFO     ___FILE_ONLY___ -
2024-11-26 17:49:21,191 INFO     ___FILE_ONLY___  
2024-11-26 17:49:21,191 INFO     ___FILE_ONLY___ cloudfunctions.functions.get
2024-11-26 17:49:21,191 INFO     ___FILE_ONLY___ 

2024-11-26 17:49:21,191 INFO     ___FILE_ONLY___ -
2024-11-26 17:49:21,191 INFO     ___FILE_ONLY___  
2024-11-26 17:49:21,192 INFO     ___FILE_ONLY___ cloudfunctions.functions.invoke
2024-11-26 17:49:21,192 INFO     ___FILE_ONLY___ 

2024-11-26 17:49:21,192 INFO     ___FILE_ONLY___ -
2024-11-26 17:49:21,192 INFO     ___FILE_ONLY___  
2024-11-26 17:49:21,192 INFO     ___FILE_ONLY___ pubsub.topics.create
2024-11-26 17:49:21,192 INFO     ___FILE_ONLY___ 

2024-11-26 17:49:21,192 INFO     ___FILE_ONLY___ -
2024-11-26 17:49:21,192 INFO     ___FILE_ONLY___  
2024-11-26 17:49:21,193 INFO     ___FILE_ONLY___ pubsub.topics.publish
2024-11-26 17:49:21,193 INFO     ___FILE_ONLY___ 

2024-11-26 17:49:21,193 INFO     ___FILE_ONLY___ -
2024-11-26 17:49:21,193 INFO     ___FILE_ONLY___  
2024-11-26 17:49:21,193 INFO     ___FILE_ONLY___ storage.buckets.create
2024-11-26 17:49:21,193 INFO     ___FILE_ONLY___ 

2024-11-26 17:49:21,193 INFO     ___FILE_ONLY___ -
2024-11-26 17:49:21,194 INFO     ___FILE_ONLY___  
2024-11-26 17:49:21,194 INFO     ___FILE_ONLY___ storage.objects.create
2024-11-26 17:49:21,194 INFO     ___FILE_ONLY___ 

2024-11-26 17:49:21,194 INFO     ___FILE_ONLY___ -
2024-11-26 17:49:21,194 INFO     ___FILE_ONLY___  
2024-11-26 17:49:21,194 INFO     ___FILE_ONLY___ storage.objects.get
2024-11-26 17:49:21,195 INFO     ___FILE_ONLY___ 

2024-11-26 17:49:21,195 INFO     ___FILE_ONLY___ name
2024-11-26 17:49:21,195 INFO     ___FILE_ONLY___ :
2024-11-26 17:49:21,195 INFO     ___FILE_ONLY___  
2024-11-26 17:49:21,195 INFO     ___FILE_ONLY___ projects/inspired-photon-441609-k7/roles/main_custom_role_12
2024-11-26 17:49:21,195 INFO     ___FILE_ONLY___ 

2024-11-26 17:49:21,195 INFO     ___FILE_ONLY___ stage
2024-11-26 17:49:21,195 INFO     ___FILE_ONLY___ :
2024-11-26 17:49:21,196 INFO     ___FILE_ONLY___  
2024-11-26 17:49:21,196 INFO     ___FILE_ONLY___ ALPHA
2024-11-26 17:49:21,196 INFO     ___FILE_ONLY___ 

2024-11-26 17:49:21,196 INFO     ___FILE_ONLY___ title
2024-11-26 17:49:21,196 INFO     ___FILE_ONLY___ :
2024-11-26 17:49:21,196 INFO     ___FILE_ONLY___  
2024-11-26 17:49:21,196 INFO     ___FILE_ONLY___ Custom
2024-11-26 17:49:21,196 INFO     ___FILE_ONLY___  
2024-11-26 17:49:21,196 INFO     ___FILE_ONLY___ role
2024-11-26 17:49:21,196 INFO     ___FILE_ONLY___  
2024-11-26 17:49:21,197 INFO     ___FILE_ONLY___ for
2024-11-26 17:49:21,197 INFO     ___FILE_ONLY___  
2024-11-26 17:49:21,197 INFO     ___FILE_ONLY___ needed
2024-11-26 17:49:21,197 INFO     ___FILE_ONLY___  
2024-11-26 17:49:21,197 INFO     ___FILE_ONLY___ services_12
2024-11-26 17:49:21,197 INFO     ___FILE_ONLY___ 

2024-11-26 17:49:21,197 DEBUG    root            SDK update checks are disabled.
