2024-11-26 17:49:22,152 DEBUG    root            Loaded Command Group: ['gcloud', 'projects']
2024-11-26 17:49:22,191 DEBUG    root            Loaded Command Group: ['gcloud', 'projects', 'add_iam_policy_binding']
2024-11-26 17:49:22,203 DEBUG    root            Running [gcloud.projects.add-iam-policy-binding] with arguments: [--member: "serviceAccount:trigger-account@inspired-photon-441609-k7.iam.gserviceaccount.com", --role: "projects/inspired-photon-441609-k7/roles/main_custom_role_12", PROJECT_ID: "inspired-photon-441609-k7"]
2024-11-26 17:49:22,364 DEBUG    urllib3.connectionpool Starting new HTTPS connection (1): cloudresourcemanager.googleapis.com:443
2024-11-26 17:49:22,556 DEBUG    urllib3.connectionpool https://cloudresourcemanager.googleapis.com:443 "POST /v1/projects/inspired-photon-441609-k7:getIamPolicy?alt=json HTTP/1.1" 200 None
2024-11-26 17:49:22,694 DEBUG    urllib3.connectionpool Starting new HTTPS connection (1): cloudresourcemanager.googleapis.com:443
2024-11-26 17:49:23,254 DEBUG    urllib3.connectionpool https://cloudresourcemanager.googleapis.com:443 "POST /v1/projects/inspired-photon-441609-k7:setIamPolicy?alt=json HTTP/1.1" 200 None
2024-11-26 17:49:23,258 INFO     ___FILE_ONLY___ Updated IAM policy for project [inspired-photon-441609-k7].

2024-11-26 17:49:23,258 DEBUG    root            Chosen display Format:default
2024-11-26 17:49:23,259 INFO     root            Display format: "default"
2024-11-26 17:49:23,279 INFO     ___FILE_ONLY___ bindings
2024-11-26 17:49:23,280 INFO     ___FILE_ONLY___ :
2024-11-26 17:49:23,280 INFO     ___FILE_ONLY___ 

2024-11-26 17:49:23,280 INFO     ___FILE_ONLY___ -
2024-11-26 17:49:23,280 INFO     ___FILE_ONLY___  
2024-11-26 17:49:23,280 INFO     ___FILE_ONLY___ members
2024-11-26 17:49:23,280 INFO     ___FILE_ONLY___ :
2024-11-26 17:49:23,281 INFO     ___FILE_ONLY___ 

2024-11-26 17:49:23,281 INFO     ___FILE_ONLY___   
2024-11-26 17:49:23,281 INFO     ___FILE_ONLY___ -
2024-11-26 17:49:23,281 INFO     ___FILE_ONLY___  
2024-11-26 17:49:23,281 INFO     ___FILE_ONLY___ serviceAccount:trigger-account@inspired-photon-441609-k7.iam.gserviceaccount.com
2024-11-26 17:49:23,281 INFO     ___FILE_ONLY___ 

2024-11-26 17:49:23,281 INFO     ___FILE_ONLY___   
2024-11-26 17:49:23,282 INFO     ___FILE_ONLY___ role
2024-11-26 17:49:23,282 INFO     ___FILE_ONLY___ :
2024-11-26 17:49:23,282 INFO     ___FILE_ONLY___  
2024-11-26 17:49:23,282 INFO     ___FILE_ONLY___ projects/inspired-photon-441609-k7/roles/main_custom_role_10
2024-11-26 17:49:23,282 INFO     ___FILE_ONLY___ 

2024-11-26 17:49:23,282 INFO     ___FILE_ONLY___ -
2024-11-26 17:49:23,283 INFO     ___FILE_ONLY___  
2024-11-26 17:49:23,283 INFO     ___FILE_ONLY___ members
2024-11-26 17:49:23,283 INFO     ___FILE_ONLY___ :
2024-11-26 17:49:23,283 INFO     ___FILE_ONLY___ 

2024-11-26 17:49:23,283 INFO     ___FILE_ONLY___   
2024-11-26 17:49:23,283 INFO     ___FILE_ONLY___ -
2024-11-26 17:49:23,284 INFO     ___FILE_ONLY___  
2024-11-26 17:49:23,284 INFO     ___FILE_ONLY___ serviceAccount:trigger-account@inspired-photon-441609-k7.iam.gserviceaccount.com
2024-11-26 17:49:23,284 INFO     ___FILE_ONLY___ 

2024-11-26 17:49:23,284 INFO     ___FILE_ONLY___   
2024-11-26 17:49:23,284 INFO     ___FILE_ONLY___ role
2024-11-26 17:49:23,284 INFO     ___FILE_ONLY___ :
2024-11-26 17:49:23,284 INFO     ___FILE_ONLY___  
2024-11-26 17:49:23,284 INFO     ___FILE_ONLY___ projects/inspired-photon-441609-k7/roles/main_custom_role_12
2024-11-26 17:49:23,285 INFO     ___FILE_ONLY___ 

2024-11-26 17:49:23,285 INFO     ___FILE_ONLY___ -
2024-11-26 17:49:23,285 INFO     ___FILE_ONLY___  
2024-11-26 17:49:23,285 INFO     ___FILE_ONLY___ members
2024-11-26 17:49:23,285 INFO     ___FILE_ONLY___ :
2024-11-26 17:49:23,285 INFO     ___FILE_ONLY___ 

2024-11-26 17:49:23,285 INFO     ___FILE_ONLY___   
2024-11-26 17:49:23,285 INFO     ___FILE_ONLY___ -
2024-11-26 17:49:23,285 INFO     ___FILE_ONLY___  
2024-11-26 17:49:23,285 INFO     ___FILE_ONLY___ serviceAccount:service-644941739395@gcf-admin-robot.iam.gserviceaccount.com
2024-11-26 17:49:23,285 INFO     ___FILE_ONLY___ 

2024-11-26 17:49:23,286 INFO     ___FILE_ONLY___   
2024-11-26 17:49:23,286 INFO     ___FILE_ONLY___ role
2024-11-26 17:49:23,286 INFO     ___FILE_ONLY___ :
2024-11-26 17:49:23,286 INFO     ___FILE_ONLY___  
2024-11-26 17:49:23,286 INFO     ___FILE_ONLY___ roles/cloudfunctions.serviceAgent
2024-11-26 17:49:23,286 INFO     ___FILE_ONLY___ 

2024-11-26 17:49:23,286 INFO     ___FILE_ONLY___ -
2024-11-26 17:49:23,286 INFO     ___FILE_ONLY___  
2024-11-26 17:49:23,287 INFO     ___FILE_ONLY___ members
2024-11-26 17:49:23,287 INFO     ___FILE_ONLY___ :
2024-11-26 17:49:23,287 INFO     ___FILE_ONLY___ 

2024-11-26 17:49:23,287 INFO     ___FILE_ONLY___   
2024-11-26 17:49:23,287 INFO     ___FILE_ONLY___ -
2024-11-26 17:49:23,287 INFO     ___FILE_ONLY___  
2024-11-26 17:49:23,287 INFO     ___FILE_ONLY___ serviceAccount:vm-creater-account@inspired-photon-441609-k7.iam.gserviceaccount.com
2024-11-26 17:49:23,287 INFO     ___FILE_ONLY___ 

2024-11-26 17:49:23,287 INFO     ___FILE_ONLY___   
2024-11-26 17:49:23,287 INFO     ___FILE_ONLY___ role
2024-11-26 17:49:23,288 INFO     ___FILE_ONLY___ :
2024-11-26 17:49:23,288 INFO     ___FILE_ONLY___  
2024-11-26 17:49:23,288 INFO     ___FILE_ONLY___ roles/compute.instanceAdmin.v1
2024-11-26 17:49:23,288 INFO     ___FILE_ONLY___ 

2024-11-26 17:49:23,288 INFO     ___FILE_ONLY___ -
2024-11-26 17:49:23,289 INFO     ___FILE_ONLY___  
2024-11-26 17:49:23,289 INFO     ___FILE_ONLY___ members
2024-11-26 17:49:23,289 INFO     ___FILE_ONLY___ :
2024-11-26 17:49:23,289 INFO     ___FILE_ONLY___ 

2024-11-26 17:49:23,289 INFO     ___FILE_ONLY___   
2024-11-26 17:49:23,289 INFO     ___FILE_ONLY___ -
2024-11-26 17:49:23,289 INFO     ___FILE_ONLY___  
2024-11-26 17:49:23,289 INFO     ___FILE_ONLY___ serviceAccount:vm-creater-account@inspired-photon-441609-k7.iam.gserviceaccount.com
2024-11-26 17:49:23,290 INFO     ___FILE_ONLY___ 

2024-11-26 17:49:23,290 INFO     ___FILE_ONLY___   
2024-11-26 17:49:23,290 INFO     ___FILE_ONLY___ role
2024-11-26 17:49:23,290 INFO     ___FILE_ONLY___ :
2024-11-26 17:49:23,290 INFO     ___FILE_ONLY___  
2024-11-26 17:49:23,290 INFO     ___FILE_ONLY___ roles/compute.networkUser
2024-11-26 17:49:23,290 INFO     ___FILE_ONLY___ 

2024-11-26 17:49:23,290 INFO     ___FILE_ONLY___ -
2024-11-26 17:49:23,290 INFO     ___FILE_ONLY___  
2024-11-26 17:49:23,290 INFO     ___FILE_ONLY___ members
2024-11-26 17:49:23,290 INFO     ___FILE_ONLY___ :
2024-11-26 17:49:23,291 INFO     ___FILE_ONLY___ 

2024-11-26 17:49:23,291 INFO     ___FILE_ONLY___   
2024-11-26 17:49:23,291 INFO     ___FILE_ONLY___ -
2024-11-26 17:49:23,291 INFO     ___FILE_ONLY___  
2024-11-26 17:49:23,291 INFO     ___FILE_ONLY___ serviceAccount:service-644941739395@compute-system.iam.gserviceaccount.com
2024-11-26 17:49:23,291 INFO     ___FILE_ONLY___ 

2024-11-26 17:49:23,291 INFO     ___FILE_ONLY___   
2024-11-26 17:49:23,291 INFO     ___FILE_ONLY___ role
2024-11-26 17:49:23,291 INFO     ___FILE_ONLY___ :
2024-11-26 17:49:23,291 INFO     ___FILE_ONLY___  
2024-11-26 17:49:23,291 INFO     ___FILE_ONLY___ roles/compute.serviceAgent
2024-11-26 17:49:23,292 INFO     ___FILE_ONLY___ 

2024-11-26 17:49:23,292 INFO     ___FILE_ONLY___ -
2024-11-26 17:49:23,292 INFO     ___FILE_ONLY___  
2024-11-26 17:49:23,292 INFO     ___FILE_ONLY___ members
2024-11-26 17:49:23,292 INFO     ___FILE_ONLY___ :
2024-11-26 17:49:23,292 INFO     ___FILE_ONLY___ 

2024-11-26 17:49:23,292 INFO     ___FILE_ONLY___   
2024-11-26 17:49:23,292 INFO     ___FILE_ONLY___ -
2024-11-26 17:49:23,292 INFO     ___FILE_ONLY___  
2024-11-26 17:49:23,292 INFO     ___FILE_ONLY___ serviceAccount:644941739395-compute@developer.gserviceaccount.com
2024-11-26 17:49:23,292 INFO     ___FILE_ONLY___ 

2024-11-26 17:49:23,293 INFO     ___FILE_ONLY___   
2024-11-26 17:49:23,293 INFO     ___FILE_ONLY___ -
2024-11-26 17:49:23,293 INFO     ___FILE_ONLY___  
2024-11-26 17:49:23,293 INFO     ___FILE_ONLY___ serviceAccount:644941739395@cloudservices.gserviceaccount.com
2024-11-26 17:49:23,293 INFO     ___FILE_ONLY___ 

2024-11-26 17:49:23,293 INFO     ___FILE_ONLY___   
2024-11-26 17:49:23,293 INFO     ___FILE_ONLY___ -
2024-11-26 17:49:23,294 INFO     ___FILE_ONLY___  
2024-11-26 17:49:23,294 INFO     ___FILE_ONLY___ serviceAccount:inspired-photon-441609-k7@appspot.gserviceaccount.com
2024-11-26 17:49:23,294 INFO     ___FILE_ONLY___ 

2024-11-26 17:49:23,294 INFO     ___FILE_ONLY___   
2024-11-26 17:49:23,294 INFO     ___FILE_ONLY___ -
2024-11-26 17:49:23,294 INFO     ___FILE_ONLY___  
2024-11-26 17:49:23,294 INFO     ___FILE_ONLY___ serviceAccount:vm-creater-account@inspired-photon-441609-k7.iam.gserviceaccount.com
2024-11-26 17:49:23,294 INFO     ___FILE_ONLY___ 

2024-11-26 17:49:23,295 INFO     ___FILE_ONLY___   
2024-11-26 17:49:23,295 INFO     ___FILE_ONLY___ role
2024-11-26 17:49:23,295 INFO     ___FILE_ONLY___ :
2024-11-26 17:49:23,295 INFO     ___FILE_ONLY___  
2024-11-26 17:49:23,295 INFO     ___FILE_ONLY___ roles/editor
2024-11-26 17:49:23,295 INFO     ___FILE_ONLY___ 

2024-11-26 17:49:23,295 INFO     ___FILE_ONLY___ -
2024-11-26 17:49:23,295 INFO     ___FILE_ONLY___  
2024-11-26 17:49:23,295 INFO     ___FILE_ONLY___ members
2024-11-26 17:49:23,295 INFO     ___FILE_ONLY___ :
2024-11-26 17:49:23,295 INFO     ___FILE_ONLY___ 

2024-11-26 17:49:23,295 INFO     ___FILE_ONLY___   
2024-11-26 17:49:23,296 INFO     ___FILE_ONLY___ -
2024-11-26 17:49:23,296 INFO     ___FILE_ONLY___  
2024-11-26 17:49:23,296 INFO     ___FILE_ONLY___ serviceAccount:trigger-account@inspired-photon-441609-k7.iam.gserviceaccount.com
2024-11-26 17:49:23,296 INFO     ___FILE_ONLY___ 

2024-11-26 17:49:23,296 INFO     ___FILE_ONLY___   
2024-11-26 17:49:23,296 INFO     ___FILE_ONLY___ role
2024-11-26 17:49:23,296 INFO     ___FILE_ONLY___ :
2024-11-26 17:49:23,296 INFO     ___FILE_ONLY___  
2024-11-26 17:49:23,296 INFO     ___FILE_ONLY___ roles/iam.roleAdmin
2024-11-26 17:49:23,296 INFO     ___FILE_ONLY___ 

2024-11-26 17:49:23,296 INFO     ___FILE_ONLY___ -
2024-11-26 17:49:23,297 INFO     ___FILE_ONLY___  
2024-11-26 17:49:23,297 INFO     ___FILE_ONLY___ members
2024-11-26 17:49:23,297 INFO     ___FILE_ONLY___ :
2024-11-26 17:49:23,297 INFO     ___FILE_ONLY___ 

2024-11-26 17:49:23,297 INFO     ___FILE_ONLY___   
2024-11-26 17:49:23,297 INFO     ___FILE_ONLY___ -
2024-11-26 17:49:23,297 INFO     ___FILE_ONLY___  
2024-11-26 17:49:23,297 INFO     ___FILE_ONLY___ serviceAccount:vm-creater-account@inspired-photon-441609-k7.iam.gserviceaccount.com
2024-11-26 17:49:23,297 INFO     ___FILE_ONLY___ 

2024-11-26 17:49:23,297 INFO     ___FILE_ONLY___   
2024-11-26 17:49:23,298 INFO     ___FILE_ONLY___ role
2024-11-26 17:49:23,298 INFO     ___FILE_ONLY___ :
2024-11-26 17:49:23,298 INFO     ___FILE_ONLY___  
2024-11-26 17:49:23,298 INFO     ___FILE_ONLY___ roles/iam.serviceAccountUser
2024-11-26 17:49:23,298 INFO     ___FILE_ONLY___ 

2024-11-26 17:49:23,298 INFO     ___FILE_ONLY___ -
2024-11-26 17:49:23,298 INFO     ___FILE_ONLY___  
2024-11-26 17:49:23,298 INFO     ___FILE_ONLY___ members
2024-11-26 17:49:23,299 INFO     ___FILE_ONLY___ :
2024-11-26 17:49:23,299 INFO     ___FILE_ONLY___ 

2024-11-26 17:49:23,299 INFO     ___FILE_ONLY___   
2024-11-26 17:49:23,299 INFO     ___FILE_ONLY___ -
2024-11-26 17:49:23,299 INFO     ___FILE_ONLY___  
2024-11-26 17:49:23,299 INFO     ___FILE_ONLY___ user:das03285@gmail.com
2024-11-26 17:49:23,299 INFO     ___FILE_ONLY___ 

2024-11-26 17:49:23,299 INFO     ___FILE_ONLY___   
2024-11-26 17:49:23,299 INFO     ___FILE_ONLY___ role
2024-11-26 17:49:23,299 INFO     ___FILE_ONLY___ :
2024-11-26 17:49:23,300 INFO     ___FILE_ONLY___  
2024-11-26 17:49:23,300 INFO     ___FILE_ONLY___ roles/owner
2024-11-26 17:49:23,300 INFO     ___FILE_ONLY___ 

2024-11-26 17:49:23,300 INFO     ___FILE_ONLY___ -
2024-11-26 17:49:23,300 INFO     ___FILE_ONLY___  
2024-11-26 17:49:23,300 INFO     ___FILE_ONLY___ members
2024-11-26 17:49:23,300 INFO     ___FILE_ONLY___ :
2024-11-26 17:49:23,300 INFO     ___FILE_ONLY___ 

2024-11-26 17:49:23,300 INFO     ___FILE_ONLY___   
2024-11-26 17:49:23,301 INFO     ___FILE_ONLY___ -
2024-11-26 17:49:23,301 INFO     ___FILE_ONLY___  
2024-11-26 17:49:23,301 INFO     ___FILE_ONLY___ serviceAccount:service-644941739395@gcp-sa-pubsub.iam.gserviceaccount.com
2024-11-26 17:49:23,301 INFO     ___FILE_ONLY___ 

2024-11-26 17:49:23,301 INFO     ___FILE_ONLY___   
2024-11-26 17:49:23,301 INFO     ___FILE_ONLY___ role
2024-11-26 17:49:23,302 INFO     ___FILE_ONLY___ :
2024-11-26 17:49:23,302 INFO     ___FILE_ONLY___  
2024-11-26 17:49:23,302 INFO     ___FILE_ONLY___ roles/pubsub.serviceAgent
2024-11-26 17:49:23,302 INFO     ___FILE_ONLY___ 

2024-11-26 17:49:23,302 INFO     ___FILE_ONLY___ -
2024-11-26 17:49:23,302 INFO     ___FILE_ONLY___  
2024-11-26 17:49:23,302 INFO     ___FILE_ONLY___ members
2024-11-26 17:49:23,302 INFO     ___FILE_ONLY___ :
2024-11-26 17:49:23,303 INFO     ___FILE_ONLY___ 

2024-11-26 17:49:23,303 INFO     ___FILE_ONLY___   
2024-11-26 17:49:23,303 INFO     ___FILE_ONLY___ -
2024-11-26 17:49:23,303 INFO     ___FILE_ONLY___  
2024-11-26 17:49:23,303 INFO     ___FILE_ONLY___ serviceAccount:trigger-account@inspired-photon-441609-k7.iam.gserviceaccount.com
2024-11-26 17:49:23,304 INFO     ___FILE_ONLY___ 

2024-11-26 17:49:23,304 INFO     ___FILE_ONLY___   
2024-11-26 17:49:23,304 INFO     ___FILE_ONLY___ role
2024-11-26 17:49:23,304 INFO     ___FILE_ONLY___ :
2024-11-26 17:49:23,304 INFO     ___FILE_ONLY___  
2024-11-26 17:49:23,304 INFO     ___FILE_ONLY___ roles/resourcemanager.projectIamAdmin
2024-11-26 17:49:23,305 INFO     ___FILE_ONLY___ 

2024-11-26 17:49:23,305 INFO     ___FILE_ONLY___ etag
2024-11-26 17:49:23,305 INFO     ___FILE_ONLY___ :
2024-11-26 17:49:23,305 INFO     ___FILE_ONLY___  
2024-11-26 17:49:23,305 INFO     ___FILE_ONLY___ BwYn1HgwOBs=
2024-11-26 17:49:23,305 INFO     ___FILE_ONLY___ 

2024-11-26 17:49:23,305 INFO     ___FILE_ONLY___ version
2024-11-26 17:49:23,305 INFO     ___FILE_ONLY___ :
2024-11-26 17:49:23,305 INFO     ___FILE_ONLY___  
2024-11-26 17:49:23,305 INFO     ___FILE_ONLY___ 1
2024-11-26 17:49:23,306 INFO     ___FILE_ONLY___ 

2024-11-26 17:49:23,306 DEBUG    root            SDK update checks are disabled.
