2024-11-26 19:22:00,408 DEBUG    root            Loaded Command Group: ['gcloud', 'iam']
2024-11-26 19:22:00,423 DEBUG    root            Loaded Command Group: ['gcloud', 'iam', 'roles']
2024-11-26 19:22:00,448 DEBUG    root            Loaded Command Group: ['gcloud', 'iam', 'roles', 'create']
2024-11-26 19:22:00,451 DEBUG    root            Running [gcloud.iam.roles.create] with arguments: [--permissions: "storage.objects.get,storage.objects.create,storage.buckets.create,pubsub.topics.create,pubsub.topics.publish,cloudfunctions.functions.create,cloudfunctions.functions.invoke,cloudfunctions.functions.get,cloudfunctions.functions.generateUploadUrl", --project: "inspired-photon-441609-k7", --title: "Custom role for needed services_13", ROLE_ID: "main_custom_role_13"]
2024-11-26 19:22:00,613 DEBUG    urllib3.connectionpool Starting new HTTPS connection (1): iam.googleapis.com:443
2024-11-26 19:22:01,105 DEBUG    urllib3.connectionpool https://iam.googleapis.com:443 "POST /v1/permissions:queryTestablePermissions?alt=json HTTP/1.1" 200 None
2024-11-26 19:22:01,181 DEBUG    urllib3.connectionpool Starting new HTTPS connection (1): iam.googleapis.com:443
2024-11-26 19:22:01,539 DEBUG    urllib3.connectionpool https://iam.googleapis.com:443 "POST /v1/permissions:queryTestablePermissions?alt=json HTTP/1.1" 200 None
2024-11-26 19:22:01,609 DEBUG    urllib3.connectionpool Starting new HTTPS connection (1): iam.googleapis.com:443
2024-11-26 19:22:01,883 DEBUG    urllib3.connectionpool https://iam.googleapis.com:443 "POST /v1/permissions:queryTestablePermissions?alt=json HTTP/1.1" 200 None
2024-11-26 19:22:01,956 DEBUG    urllib3.connectionpool Starting new HTTPS connection (1): iam.googleapis.com:443
2024-11-26 19:22:02,327 DEBUG    urllib3.connectionpool https://iam.googleapis.com:443 "POST /v1/permissions:queryTestablePermissions?alt=json HTTP/1.1" 200 None
2024-11-26 19:22:02,389 DEBUG    urllib3.connectionpool Starting new HTTPS connection (1): iam.googleapis.com:443
2024-11-26 19:22:02,671 DEBUG    urllib3.connectionpool https://iam.googleapis.com:443 "POST /v1/permissions:queryTestablePermissions?alt=json HTTP/1.1" 200 None
2024-11-26 19:22:02,751 DEBUG    urllib3.connectionpool Starting new HTTPS connection (1): iam.googleapis.com:443
2024-11-26 19:22:03,283 DEBUG    urllib3.connectionpool https://iam.googleapis.com:443 "POST /v1/permissions:queryTestablePermissions?alt=json HTTP/1.1" 200 None
2024-11-26 19:22:03,363 DEBUG    urllib3.connectionpool Starting new HTTPS connection (1): iam.googleapis.com:443
2024-11-26 19:22:03,759 DEBUG    urllib3.connectionpool https://iam.googleapis.com:443 "POST /v1/permissions:queryTestablePermissions?alt=json HTTP/1.1" 200 None
2024-11-26 19:22:03,834 DEBUG    urllib3.connectionpool Starting new HTTPS connection (1): iam.googleapis.com:443
2024-11-26 19:22:04,333 DEBUG    urllib3.connectionpool https://iam.googleapis.com:443 "POST /v1/permissions:queryTestablePermissions?alt=json HTTP/1.1" 200 None
2024-11-26 19:22:04,407 DEBUG    urllib3.connectionpool Starting new HTTPS connection (1): iam.googleapis.com:443
2024-11-26 19:22:04,850 DEBUG    urllib3.connectionpool https://iam.googleapis.com:443 "POST /v1/permissions:queryTestablePermissions?alt=json HTTP/1.1" 200 None
2024-11-26 19:22:04,923 DEBUG    urllib3.connectionpool Starting new HTTPS connection (1): iam.googleapis.com:443
2024-11-26 19:22:05,284 DEBUG    urllib3.connectionpool https://iam.googleapis.com:443 "POST /v1/permissions:queryTestablePermissions?alt=json HTTP/1.1" 200 None
2024-11-26 19:22:05,357 DEBUG    urllib3.connectionpool Starting new HTTPS connection (1): iam.googleapis.com:443
2024-11-26 19:22:05,752 DEBUG    urllib3.connectionpool https://iam.googleapis.com:443 "POST /v1/permissions:queryTestablePermissions?alt=json HTTP/1.1" 200 None
2024-11-26 19:22:05,774 DEBUG    urllib3.connectionpool Starting new HTTPS connection (1): iam.googleapis.com:443
2024-11-26 19:22:06,080 DEBUG    urllib3.connectionpool https://iam.googleapis.com:443 "POST /v1/projects/inspired-photon-441609-k7/roles?alt=json HTTP/1.1" 200 None
2024-11-26 19:22:06,084 INFO     ___FILE_ONLY___ Created role [main_custom_role_13].

2024-11-26 19:22:06,087 DEBUG    root            Chosen display Format:default
2024-11-26 19:22:06,089 INFO     root            Display format: "default"
2024-11-26 19:22:06,171 INFO     ___FILE_ONLY___ etag
2024-11-26 19:22:06,171 INFO     ___FILE_ONLY___ :
2024-11-26 19:22:06,171 INFO     ___FILE_ONLY___  
2024-11-26 19:22:06,171 INFO     ___FILE_ONLY___ BwYn1cPCDU0=
2024-11-26 19:22:06,172 INFO     ___FILE_ONLY___ 

2024-11-26 19:22:06,172 INFO     ___FILE_ONLY___ includedPermissions
2024-11-26 19:22:06,172 INFO     ___FILE_ONLY___ :
2024-11-26 19:22:06,172 INFO     ___FILE_ONLY___ 

2024-11-26 19:22:06,172 INFO     ___FILE_ONLY___ -
2024-11-26 19:22:06,172 INFO     ___FILE_ONLY___  
2024-11-26 19:22:06,173 INFO     ___FILE_ONLY___ cloudfunctions.functions.create
2024-11-26 19:22:06,173 INFO     ___FILE_ONLY___ 

2024-11-26 19:22:06,173 INFO     ___FILE_ONLY___ -
2024-11-26 19:22:06,173 INFO     ___FILE_ONLY___  
2024-11-26 19:22:06,173 INFO     ___FILE_ONLY___ cloudfunctions.functions.generateUploadUrl
2024-11-26 19:22:06,173 INFO     ___FILE_ONLY___ 

2024-11-26 19:22:06,173 INFO     ___FILE_ONLY___ -
2024-11-26 19:22:06,173 INFO     ___FILE_ONLY___  
2024-11-26 19:22:06,173 INFO     ___FILE_ONLY___ cloudfunctions.functions.get
2024-11-26 19:22:06,173 INFO     ___FILE_ONLY___ 

2024-11-26 19:22:06,174 INFO     ___FILE_ONLY___ -
2024-11-26 19:22:06,174 INFO     ___FILE_ONLY___  
2024-11-26 19:22:06,174 INFO     ___FILE_ONLY___ cloudfunctions.functions.invoke
2024-11-26 19:22:06,174 INFO     ___FILE_ONLY___ 

2024-11-26 19:22:06,174 INFO     ___FILE_ONLY___ -
2024-11-26 19:22:06,174 INFO     ___FILE_ONLY___  
2024-11-26 19:22:06,174 INFO     ___FILE_ONLY___ pubsub.topics.create
2024-11-26 19:22:06,174 INFO     ___FILE_ONLY___ 

2024-11-26 19:22:06,174 INFO     ___FILE_ONLY___ -
2024-11-26 19:22:06,175 INFO     ___FILE_ONLY___  
2024-11-26 19:22:06,175 INFO     ___FILE_ONLY___ pubsub.topics.publish
2024-11-26 19:22:06,175 INFO     ___FILE_ONLY___ 

2024-11-26 19:22:06,175 INFO     ___FILE_ONLY___ -
2024-11-26 19:22:06,175 INFO     ___FILE_ONLY___  
2024-11-26 19:22:06,175 INFO     ___FILE_ONLY___ storage.buckets.create
2024-11-26 19:22:06,175 INFO     ___FILE_ONLY___ 

2024-11-26 19:22:06,175 INFO     ___FILE_ONLY___ -
2024-11-26 19:22:06,175 INFO     ___FILE_ONLY___  
2024-11-26 19:22:06,175 INFO     ___FILE_ONLY___ storage.objects.create
2024-11-26 19:22:06,175 INFO     ___FILE_ONLY___ 

2024-11-26 19:22:06,175 INFO     ___FILE_ONLY___ -
2024-11-26 19:22:06,176 INFO     ___FILE_ONLY___  
2024-11-26 19:22:06,176 INFO     ___FILE_ONLY___ storage.objects.get
2024-11-26 19:22:06,176 INFO     ___FILE_ONLY___ 

2024-11-26 19:22:06,176 INFO     ___FILE_ONLY___ name
2024-11-26 19:22:06,176 INFO     ___FILE_ONLY___ :
2024-11-26 19:22:06,176 INFO     ___FILE_ONLY___  
2024-11-26 19:22:06,176 INFO     ___FILE_ONLY___ projects/inspired-photon-441609-k7/roles/main_custom_role_13
2024-11-26 19:22:06,177 INFO     ___FILE_ONLY___ 

2024-11-26 19:22:06,177 INFO     ___FILE_ONLY___ stage
2024-11-26 19:22:06,177 INFO     ___FILE_ONLY___ :
2024-11-26 19:22:06,177 INFO     ___FILE_ONLY___  
2024-11-26 19:22:06,177 INFO     ___FILE_ONLY___ ALPHA
2024-11-26 19:22:06,177 INFO     ___FILE_ONLY___ 

2024-11-26 19:22:06,177 INFO     ___FILE_ONLY___ title
2024-11-26 19:22:06,178 INFO     ___FILE_ONLY___ :
2024-11-26 19:22:06,178 INFO     ___FILE_ONLY___  
2024-11-26 19:22:06,178 INFO     ___FILE_ONLY___ Custom
2024-11-26 19:22:06,178 INFO     ___FILE_ONLY___  
2024-11-26 19:22:06,178 INFO     ___FILE_ONLY___ role
2024-11-26 19:22:06,178 INFO     ___FILE_ONLY___  
2024-11-26 19:22:06,178 INFO     ___FILE_ONLY___ for
2024-11-26 19:22:06,178 INFO     ___FILE_ONLY___  
2024-11-26 19:22:06,178 INFO     ___FILE_ONLY___ needed
2024-11-26 19:22:06,178 INFO     ___FILE_ONLY___  
2024-11-26 19:22:06,178 INFO     ___FILE_ONLY___ services_13
2024-11-26 19:22:06,178 INFO     ___FILE_ONLY___ 

2024-11-26 19:22:06,179 DEBUG    root            SDK update checks are disabled.
