2024-11-28 09:18:38,166 DEBUG    root            Loaded Command Group: ['gcloud', 'projects']
2024-11-28 09:18:38,289 DEBUG    root            Loaded Command Group: ['gcloud', 'projects', 'add_iam_policy_binding']
2024-11-28 09:18:38,308 DEBUG    root            Running [gcloud.projects.add-iam-policy-binding] with arguments: [--member: "serviceAccount:service-644941739395@gs-project-accounts.iam.gserviceaccount.com", --role: "roles/pubsub.publisher", PROJECT_ID: "inspired-photon-441609-k7"]
2024-11-28 09:18:38,470 DEBUG    urllib3.connectionpool Starting new HTTPS connection (1): cloudresourcemanager.googleapis.com:443
2024-11-28 09:18:38,637 DEBUG    urllib3.connectionpool https://cloudresourcemanager.googleapis.com:443 "POST /v1/projects/inspired-photon-441609-k7:getIamPolicy?alt=json HTTP/1.1" 200 None
2024-11-28 09:18:38,871 DEBUG    urllib3.connectionpool Starting new HTTPS connection (1): cloudresourcemanager.googleapis.com:443
2024-11-28 09:18:39,589 DEBUG    urllib3.connectionpool https://cloudresourcemanager.googleapis.com:443 "POST /v1/projects/inspired-photon-441609-k7:setIamPolicy?alt=json HTTP/1.1" 200 None
2024-11-28 09:18:39,598 INFO     ___FILE_ONLY___ Updated IAM policy for project [inspired-photon-441609-k7].

2024-11-28 09:18:39,600 DEBUG    root            Chosen display Format:default
2024-11-28 09:18:39,602 INFO     root            Display format: "default"
2024-11-28 09:18:39,723 INFO     ___FILE_ONLY___ bindings
2024-11-28 09:18:39,724 INFO     ___FILE_ONLY___ :
2024-11-28 09:18:39,724 INFO     ___FILE_ONLY___ 

2024-11-28 09:18:39,724 INFO     ___FILE_ONLY___ -
2024-11-28 09:18:39,724 INFO     ___FILE_ONLY___  
2024-11-28 09:18:39,725 INFO     ___FILE_ONLY___ members
2024-11-28 09:18:39,725 INFO     ___FILE_ONLY___ :
2024-11-28 09:18:39,725 INFO     ___FILE_ONLY___ 

2024-11-28 09:18:39,725 INFO     ___FILE_ONLY___   
2024-11-28 09:18:39,725 INFO     ___FILE_ONLY___ -
2024-11-28 09:18:39,726 INFO     ___FILE_ONLY___  
2024-11-28 09:18:39,726 INFO     ___FILE_ONLY___ serviceAccount:trigger-account@inspired-photon-441609-k7.iam.gserviceaccount.com
2024-11-28 09:18:39,726 INFO     ___FILE_ONLY___ 

2024-11-28 09:18:39,727 INFO     ___FILE_ONLY___   
2024-11-28 09:18:39,728 INFO     ___FILE_ONLY___ role
2024-11-28 09:18:39,728 INFO     ___FILE_ONLY___ :
2024-11-28 09:18:39,728 INFO     ___FILE_ONLY___  
2024-11-28 09:18:39,728 INFO     ___FILE_ONLY___ projects/inspired-photon-441609-k7/roles/main_custom_role_18
2024-11-28 09:18:39,728 INFO     ___FILE_ONLY___ 

2024-11-28 09:18:39,728 INFO     ___FILE_ONLY___ -
2024-11-28 09:18:39,729 INFO     ___FILE_ONLY___  
2024-11-28 09:18:39,729 INFO     ___FILE_ONLY___ members
2024-11-28 09:18:39,729 INFO     ___FILE_ONLY___ :
2024-11-28 09:18:39,729 INFO     ___FILE_ONLY___ 

2024-11-28 09:18:39,729 INFO     ___FILE_ONLY___   
2024-11-28 09:18:39,729 INFO     ___FILE_ONLY___ -
2024-11-28 09:18:39,729 INFO     ___FILE_ONLY___  
2024-11-28 09:18:39,730 INFO     ___FILE_ONLY___ serviceAccount:service-644941739395@gcp-sa-artifactregistry.iam.gserviceaccount.com
2024-11-28 09:18:39,730 INFO     ___FILE_ONLY___ 

2024-11-28 09:18:39,730 INFO     ___FILE_ONLY___   
2024-11-28 09:18:39,731 INFO     ___FILE_ONLY___ role
2024-11-28 09:18:39,732 INFO     ___FILE_ONLY___ :
2024-11-28 09:18:39,732 INFO     ___FILE_ONLY___  
2024-11-28 09:18:39,732 INFO     ___FILE_ONLY___ roles/artifactregistry.serviceAgent
2024-11-28 09:18:39,732 INFO     ___FILE_ONLY___ 

2024-11-28 09:18:39,733 INFO     ___FILE_ONLY___ -
2024-11-28 09:18:39,733 INFO     ___FILE_ONLY___  
2024-11-28 09:18:39,733 INFO     ___FILE_ONLY___ members
2024-11-28 09:18:39,733 INFO     ___FILE_ONLY___ :
2024-11-28 09:18:39,733 INFO     ___FILE_ONLY___ 

2024-11-28 09:18:39,733 INFO     ___FILE_ONLY___   
2024-11-28 09:18:39,733 INFO     ___FILE_ONLY___ -
2024-11-28 09:18:39,733 INFO     ___FILE_ONLY___  
2024-11-28 09:18:39,734 INFO     ___FILE_ONLY___ serviceAccount:644941739395@cloudbuild.gserviceaccount.com
2024-11-28 09:18:39,734 INFO     ___FILE_ONLY___ 

2024-11-28 09:18:39,734 INFO     ___FILE_ONLY___   
2024-11-28 09:18:39,734 INFO     ___FILE_ONLY___ role
2024-11-28 09:18:39,734 INFO     ___FILE_ONLY___ :
2024-11-28 09:18:39,734 INFO     ___FILE_ONLY___  
2024-11-28 09:18:39,734 INFO     ___FILE_ONLY___ roles/cloudbuild.builds.builder
2024-11-28 09:18:39,735 INFO     ___FILE_ONLY___ 

2024-11-28 09:18:39,736 INFO     ___FILE_ONLY___ -
2024-11-28 09:18:39,736 INFO     ___FILE_ONLY___  
2024-11-28 09:18:39,736 INFO     ___FILE_ONLY___ members
2024-11-28 09:18:39,737 INFO     ___FILE_ONLY___ :
2024-11-28 09:18:39,737 INFO     ___FILE_ONLY___ 

2024-11-28 09:18:39,737 INFO     ___FILE_ONLY___   
2024-11-28 09:18:39,737 INFO     ___FILE_ONLY___ -
2024-11-28 09:18:39,737 INFO     ___FILE_ONLY___  
2024-11-28 09:18:39,737 INFO     ___FILE_ONLY___ serviceAccount:service-644941739395@gcp-sa-cloudbuild.iam.gserviceaccount.com
2024-11-28 09:18:39,737 INFO     ___FILE_ONLY___ 

2024-11-28 09:18:39,737 INFO     ___FILE_ONLY___   
2024-11-28 09:18:39,738 INFO     ___FILE_ONLY___ role
2024-11-28 09:18:39,738 INFO     ___FILE_ONLY___ :
2024-11-28 09:18:39,738 INFO     ___FILE_ONLY___  
2024-11-28 09:18:39,738 INFO     ___FILE_ONLY___ roles/cloudbuild.serviceAgent
2024-11-28 09:18:39,739 INFO     ___FILE_ONLY___ 

2024-11-28 09:18:39,740 INFO     ___FILE_ONLY___ -
2024-11-28 09:18:39,740 INFO     ___FILE_ONLY___  
2024-11-28 09:18:39,740 INFO     ___FILE_ONLY___ members
2024-11-28 09:18:39,740 INFO     ___FILE_ONLY___ :
2024-11-28 09:18:39,740 INFO     ___FILE_ONLY___ 

2024-11-28 09:18:39,741 INFO     ___FILE_ONLY___   
2024-11-28 09:18:39,741 INFO     ___FILE_ONLY___ -
2024-11-28 09:18:39,741 INFO     ___FILE_ONLY___  
2024-11-28 09:18:39,741 INFO     ___FILE_ONLY___ serviceAccount:644941739395@cloudbuild.gserviceaccount.com
2024-11-28 09:18:39,741 INFO     ___FILE_ONLY___ 

2024-11-28 09:18:39,741 INFO     ___FILE_ONLY___   
2024-11-28 09:18:39,741 INFO     ___FILE_ONLY___ role
2024-11-28 09:18:39,741 INFO     ___FILE_ONLY___ :
2024-11-28 09:18:39,742 INFO     ___FILE_ONLY___  
2024-11-28 09:18:39,742 INFO     ___FILE_ONLY___ roles/cloudfunctions.developer
2024-11-28 09:18:39,742 INFO     ___FILE_ONLY___ 

2024-11-28 09:18:39,742 INFO     ___FILE_ONLY___ -
2024-11-28 09:18:39,742 INFO     ___FILE_ONLY___  
2024-11-28 09:18:39,742 INFO     ___FILE_ONLY___ members
2024-11-28 09:18:39,742 INFO     ___FILE_ONLY___ :
2024-11-28 09:18:39,743 INFO     ___FILE_ONLY___ 

2024-11-28 09:18:39,744 INFO     ___FILE_ONLY___   
2024-11-28 09:18:39,744 INFO     ___FILE_ONLY___ -
2024-11-28 09:18:39,744 INFO     ___FILE_ONLY___  
2024-11-28 09:18:39,744 INFO     ___FILE_ONLY___ serviceAccount:service-644941739395@gcf-admin-robot.iam.gserviceaccount.com
2024-11-28 09:18:39,744 INFO     ___FILE_ONLY___ 

2024-11-28 09:18:39,745 INFO     ___FILE_ONLY___   
2024-11-28 09:18:39,745 INFO     ___FILE_ONLY___ role
2024-11-28 09:18:39,745 INFO     ___FILE_ONLY___ :
2024-11-28 09:18:39,745 INFO     ___FILE_ONLY___  
2024-11-28 09:18:39,745 INFO     ___FILE_ONLY___ roles/cloudfunctions.serviceAgent
2024-11-28 09:18:39,745 INFO     ___FILE_ONLY___ 

2024-11-28 09:18:39,745 INFO     ___FILE_ONLY___ -
2024-11-28 09:18:39,746 INFO     ___FILE_ONLY___  
2024-11-28 09:18:39,747 INFO     ___FILE_ONLY___ members
2024-11-28 09:18:39,747 INFO     ___FILE_ONLY___ :
2024-11-28 09:18:39,747 INFO     ___FILE_ONLY___ 

2024-11-28 09:18:39,747 INFO     ___FILE_ONLY___   
2024-11-28 09:18:39,748 INFO     ___FILE_ONLY___ -
2024-11-28 09:18:39,748 INFO     ___FILE_ONLY___  
2024-11-28 09:18:39,748 INFO     ___FILE_ONLY___ serviceAccount:vm-creater-account@inspired-photon-441609-k7.iam.gserviceaccount.com
2024-11-28 09:18:39,748 INFO     ___FILE_ONLY___ 

2024-11-28 09:18:39,748 INFO     ___FILE_ONLY___   
2024-11-28 09:18:39,748 INFO     ___FILE_ONLY___ role
2024-11-28 09:18:39,748 INFO     ___FILE_ONLY___ :
2024-11-28 09:18:39,748 INFO     ___FILE_ONLY___  
2024-11-28 09:18:39,749 INFO     ___FILE_ONLY___ roles/compute.instanceAdmin.v1
2024-11-28 09:18:39,749 INFO     ___FILE_ONLY___ 

2024-11-28 09:18:39,749 INFO     ___FILE_ONLY___ -
2024-11-28 09:18:39,749 INFO     ___FILE_ONLY___  
2024-11-28 09:18:39,749 INFO     ___FILE_ONLY___ members
2024-11-28 09:18:39,749 INFO     ___FILE_ONLY___ :
2024-11-28 09:18:39,749 INFO     ___FILE_ONLY___ 

2024-11-28 09:18:39,750 INFO     ___FILE_ONLY___   
2024-11-28 09:18:39,750 INFO     ___FILE_ONLY___ -
2024-11-28 09:18:39,750 INFO     ___FILE_ONLY___  
2024-11-28 09:18:39,751 INFO     ___FILE_ONLY___ serviceAccount:vm-creater-account@inspired-photon-441609-k7.iam.gserviceaccount.com
2024-11-28 09:18:39,752 INFO     ___FILE_ONLY___ 

2024-11-28 09:18:39,752 INFO     ___FILE_ONLY___   
2024-11-28 09:18:39,752 INFO     ___FILE_ONLY___ role
2024-11-28 09:18:39,752 INFO     ___FILE_ONLY___ :
2024-11-28 09:18:39,752 INFO     ___FILE_ONLY___  
2024-11-28 09:18:39,752 INFO     ___FILE_ONLY___ roles/compute.networkUser
2024-11-28 09:18:39,753 INFO     ___FILE_ONLY___ 

2024-11-28 09:18:39,753 INFO     ___FILE_ONLY___ -
2024-11-28 09:18:39,753 INFO     ___FILE_ONLY___  
2024-11-28 09:18:39,753 INFO     ___FILE_ONLY___ members
2024-11-28 09:18:39,753 INFO     ___FILE_ONLY___ :
2024-11-28 09:18:39,753 INFO     ___FILE_ONLY___ 

2024-11-28 09:18:39,754 INFO     ___FILE_ONLY___   
2024-11-28 09:18:39,754 INFO     ___FILE_ONLY___ -
2024-11-28 09:18:39,755 INFO     ___FILE_ONLY___  
2024-11-28 09:18:39,756 INFO     ___FILE_ONLY___ serviceAccount:service-644941739395@compute-system.iam.gserviceaccount.com
2024-11-28 09:18:39,756 INFO     ___FILE_ONLY___ 

2024-11-28 09:18:39,756 INFO     ___FILE_ONLY___   
2024-11-28 09:18:39,756 INFO     ___FILE_ONLY___ role
2024-11-28 09:18:39,756 INFO     ___FILE_ONLY___ :
2024-11-28 09:18:39,756 INFO     ___FILE_ONLY___  
2024-11-28 09:18:39,757 INFO     ___FILE_ONLY___ roles/compute.serviceAgent
2024-11-28 09:18:39,757 INFO     ___FILE_ONLY___ 

2024-11-28 09:18:39,757 INFO     ___FILE_ONLY___ -
2024-11-28 09:18:39,757 INFO     ___FILE_ONLY___  
2024-11-28 09:18:39,757 INFO     ___FILE_ONLY___ members
2024-11-28 09:18:39,757 INFO     ___FILE_ONLY___ :
2024-11-28 09:18:39,757 INFO     ___FILE_ONLY___ 

2024-11-28 09:18:39,757 INFO     ___FILE_ONLY___   
2024-11-28 09:18:39,758 INFO     ___FILE_ONLY___ -
2024-11-28 09:18:39,758 INFO     ___FILE_ONLY___  
2024-11-28 09:18:39,758 INFO     ___FILE_ONLY___ serviceAccount:service-644941739395@containerregistry.iam.gserviceaccount.com
2024-11-28 09:18:39,758 INFO     ___FILE_ONLY___ 

2024-11-28 09:18:39,758 INFO     ___FILE_ONLY___   
2024-11-28 09:18:39,758 INFO     ___FILE_ONLY___ role
2024-11-28 09:18:39,758 INFO     ___FILE_ONLY___ :
2024-11-28 09:18:39,759 INFO     ___FILE_ONLY___  
2024-11-28 09:18:39,759 INFO     ___FILE_ONLY___ roles/containerregistry.ServiceAgent
2024-11-28 09:18:39,760 INFO     ___FILE_ONLY___ 

2024-11-28 09:18:39,760 INFO     ___FILE_ONLY___ -
2024-11-28 09:18:39,761 INFO     ___FILE_ONLY___  
2024-11-28 09:18:39,761 INFO     ___FILE_ONLY___ members
2024-11-28 09:18:39,761 INFO     ___FILE_ONLY___ :
2024-11-28 09:18:39,761 INFO     ___FILE_ONLY___ 

2024-11-28 09:18:39,761 INFO     ___FILE_ONLY___   
2024-11-28 09:18:39,761 INFO     ___FILE_ONLY___ -
2024-11-28 09:18:39,761 INFO     ___FILE_ONLY___  
2024-11-28 09:18:39,761 INFO     ___FILE_ONLY___ serviceAccount:644941739395-compute@developer.gserviceaccount.com
2024-11-28 09:18:39,762 INFO     ___FILE_ONLY___ 

2024-11-28 09:18:39,762 INFO     ___FILE_ONLY___   
2024-11-28 09:18:39,762 INFO     ___FILE_ONLY___ -
2024-11-28 09:18:39,762 INFO     ___FILE_ONLY___  
2024-11-28 09:18:39,762 INFO     ___FILE_ONLY___ serviceAccount:644941739395@cloudservices.gserviceaccount.com
2024-11-28 09:18:39,762 INFO     ___FILE_ONLY___ 

2024-11-28 09:18:39,763 INFO     ___FILE_ONLY___   
2024-11-28 09:18:39,764 INFO     ___FILE_ONLY___ -
2024-11-28 09:18:39,764 INFO     ___FILE_ONLY___  
2024-11-28 09:18:39,765 INFO     ___FILE_ONLY___ serviceAccount:inspired-photon-441609-k7@appspot.gserviceaccount.com
2024-11-28 09:18:39,765 INFO     ___FILE_ONLY___ 

2024-11-28 09:18:39,765 INFO     ___FILE_ONLY___   
2024-11-28 09:18:39,765 INFO     ___FILE_ONLY___ -
2024-11-28 09:18:39,765 INFO     ___FILE_ONLY___  
2024-11-28 09:18:39,765 INFO     ___FILE_ONLY___ serviceAccount:vm-creater-account@inspired-photon-441609-k7.iam.gserviceaccount.com
2024-11-28 09:18:39,766 INFO     ___FILE_ONLY___ 

2024-11-28 09:18:39,766 INFO     ___FILE_ONLY___   
2024-11-28 09:18:39,766 INFO     ___FILE_ONLY___ role
2024-11-28 09:18:39,766 INFO     ___FILE_ONLY___ :
2024-11-28 09:18:39,766 INFO     ___FILE_ONLY___  
2024-11-28 09:18:39,766 INFO     ___FILE_ONLY___ roles/editor
2024-11-28 09:18:39,766 INFO     ___FILE_ONLY___ 

2024-11-28 09:18:39,766 INFO     ___FILE_ONLY___ -
2024-11-28 09:18:39,767 INFO     ___FILE_ONLY___  
2024-11-28 09:18:39,767 INFO     ___FILE_ONLY___ members
2024-11-28 09:18:39,767 INFO     ___FILE_ONLY___ :
2024-11-28 09:18:39,767 INFO     ___FILE_ONLY___ 

2024-11-28 09:18:39,767 INFO     ___FILE_ONLY___   
2024-11-28 09:18:39,767 INFO     ___FILE_ONLY___ -
2024-11-28 09:18:39,768 INFO     ___FILE_ONLY___  
2024-11-28 09:18:39,769 INFO     ___FILE_ONLY___ serviceAccount:service-644941739395@gcp-sa-eventarc.iam.gserviceaccount.com
2024-11-28 09:18:39,769 INFO     ___FILE_ONLY___ 

2024-11-28 09:18:39,769 INFO     ___FILE_ONLY___   
2024-11-28 09:18:39,769 INFO     ___FILE_ONLY___ role
2024-11-28 09:18:39,769 INFO     ___FILE_ONLY___ :
2024-11-28 09:18:39,770 INFO     ___FILE_ONLY___  
2024-11-28 09:18:39,770 INFO     ___FILE_ONLY___ roles/eventarc.serviceAgent
2024-11-28 09:18:39,770 INFO     ___FILE_ONLY___ 

2024-11-28 09:18:39,770 INFO     ___FILE_ONLY___ -
2024-11-28 09:18:39,770 INFO     ___FILE_ONLY___  
2024-11-28 09:18:39,770 INFO     ___FILE_ONLY___ members
2024-11-28 09:18:39,770 INFO     ___FILE_ONLY___ :
2024-11-28 09:18:39,770 INFO     ___FILE_ONLY___ 

2024-11-28 09:18:39,771 INFO     ___FILE_ONLY___   
2024-11-28 09:18:39,771 INFO     ___FILE_ONLY___ -
2024-11-28 09:18:39,771 INFO     ___FILE_ONLY___  
2024-11-28 09:18:39,772 INFO     ___FILE_ONLY___ serviceAccount:trigger-account@inspired-photon-441609-k7.iam.gserviceaccount.com
2024-11-28 09:18:39,772 INFO     ___FILE_ONLY___ 

2024-11-28 09:18:39,773 INFO     ___FILE_ONLY___   
2024-11-28 09:18:39,773 INFO     ___FILE_ONLY___ role
2024-11-28 09:18:39,773 INFO     ___FILE_ONLY___ :
2024-11-28 09:18:39,774 INFO     ___FILE_ONLY___  
2024-11-28 09:18:39,774 INFO     ___FILE_ONLY___ roles/iam.roleAdmin
2024-11-28 09:18:39,774 INFO     ___FILE_ONLY___ 

2024-11-28 09:18:39,774 INFO     ___FILE_ONLY___ -
2024-11-28 09:18:39,774 INFO     ___FILE_ONLY___  
2024-11-28 09:18:39,774 INFO     ___FILE_ONLY___ members
2024-11-28 09:18:39,774 INFO     ___FILE_ONLY___ :
2024-11-28 09:18:39,774 INFO     ___FILE_ONLY___ 

2024-11-28 09:18:39,775 INFO     ___FILE_ONLY___   
2024-11-28 09:18:39,775 INFO     ___FILE_ONLY___ -
2024-11-28 09:18:39,775 INFO     ___FILE_ONLY___  
2024-11-28 09:18:39,775 INFO     ___FILE_ONLY___ serviceAccount:644941739395@cloudbuild.gserviceaccount.com
2024-11-28 09:18:39,775 INFO     ___FILE_ONLY___ 

2024-11-28 09:18:39,775 INFO     ___FILE_ONLY___   
2024-11-28 09:18:39,775 INFO     ___FILE_ONLY___ -
2024-11-28 09:18:39,776 INFO     ___FILE_ONLY___  
2024-11-28 09:18:39,776 INFO     ___FILE_ONLY___ serviceAccount:vm-creater-account@inspired-photon-441609-k7.iam.gserviceaccount.com
2024-11-28 09:18:39,777 INFO     ___FILE_ONLY___ 

2024-11-28 09:18:39,777 INFO     ___FILE_ONLY___   
2024-11-28 09:18:39,778 INFO     ___FILE_ONLY___ role
2024-11-28 09:18:39,778 INFO     ___FILE_ONLY___ :
2024-11-28 09:18:39,778 INFO     ___FILE_ONLY___  
2024-11-28 09:18:39,778 INFO     ___FILE_ONLY___ roles/iam.serviceAccountUser
2024-11-28 09:18:39,778 INFO     ___FILE_ONLY___ 

2024-11-28 09:18:39,778 INFO     ___FILE_ONLY___ -
2024-11-28 09:18:39,778 INFO     ___FILE_ONLY___  
2024-11-28 09:18:39,779 INFO     ___FILE_ONLY___ members
2024-11-28 09:18:39,779 INFO     ___FILE_ONLY___ :
2024-11-28 09:18:39,779 INFO     ___FILE_ONLY___ 

2024-11-28 09:18:39,779 INFO     ___FILE_ONLY___   
2024-11-28 09:18:39,779 INFO     ___FILE_ONLY___ -
2024-11-28 09:18:39,779 INFO     ___FILE_ONLY___  
2024-11-28 09:18:39,779 INFO     ___FILE_ONLY___ user:das03285@gmail.com
2024-11-28 09:18:39,780 INFO     ___FILE_ONLY___ 

2024-11-28 09:18:39,781 INFO     ___FILE_ONLY___   
2024-11-28 09:18:39,781 INFO     ___FILE_ONLY___ role
2024-11-28 09:18:39,782 INFO     ___FILE_ONLY___ :
2024-11-28 09:18:39,782 INFO     ___FILE_ONLY___  
2024-11-28 09:18:39,782 INFO     ___FILE_ONLY___ roles/owner
2024-11-28 09:18:39,782 INFO     ___FILE_ONLY___ 

2024-11-28 09:18:39,782 INFO     ___FILE_ONLY___ -
2024-11-28 09:18:39,782 INFO     ___FILE_ONLY___  
2024-11-28 09:18:39,783 INFO     ___FILE_ONLY___ members
2024-11-28 09:18:39,783 INFO     ___FILE_ONLY___ :
2024-11-28 09:18:39,783 INFO     ___FILE_ONLY___ 

2024-11-28 09:18:39,783 INFO     ___FILE_ONLY___   
2024-11-28 09:18:39,783 INFO     ___FILE_ONLY___ -
2024-11-28 09:18:39,783 INFO     ___FILE_ONLY___  
2024-11-28 09:18:39,783 INFO     ___FILE_ONLY___ serviceAccount:service-644941739395@gs-project-accounts.iam.gserviceaccount.com
2024-11-28 09:18:39,784 INFO     ___FILE_ONLY___ 

2024-11-28 09:18:39,784 INFO     ___FILE_ONLY___   
2024-11-28 09:18:39,784 INFO     ___FILE_ONLY___ role
2024-11-28 09:18:39,785 INFO     ___FILE_ONLY___ :
2024-11-28 09:18:39,785 INFO     ___FILE_ONLY___  
2024-11-28 09:18:39,785 INFO     ___FILE_ONLY___ roles/pubsub.publisher
2024-11-28 09:18:39,785 INFO     ___FILE_ONLY___ 

2024-11-28 09:18:39,785 INFO     ___FILE_ONLY___ -
2024-11-28 09:18:39,785 INFO     ___FILE_ONLY___  
2024-11-28 09:18:39,786 INFO     ___FILE_ONLY___ members
2024-11-28 09:18:39,786 INFO     ___FILE_ONLY___ :
2024-11-28 09:18:39,786 INFO     ___FILE_ONLY___ 

2024-11-28 09:18:39,787 INFO     ___FILE_ONLY___   
2024-11-28 09:18:39,787 INFO     ___FILE_ONLY___ -
2024-11-28 09:18:39,787 INFO     ___FILE_ONLY___  
2024-11-28 09:18:39,787 INFO     ___FILE_ONLY___ serviceAccount:service-644941739395@gcp-sa-pubsub.iam.gserviceaccount.com
2024-11-28 09:18:39,787 INFO     ___FILE_ONLY___ 

2024-11-28 09:18:39,787 INFO     ___FILE_ONLY___   
2024-11-28 09:18:39,787 INFO     ___FILE_ONLY___ role
2024-11-28 09:18:39,787 INFO     ___FILE_ONLY___ :
2024-11-28 09:18:39,788 INFO     ___FILE_ONLY___  
2024-11-28 09:18:39,788 INFO     ___FILE_ONLY___ roles/pubsub.serviceAgent
2024-11-28 09:18:39,789 INFO     ___FILE_ONLY___ 

2024-11-28 09:18:39,790 INFO     ___FILE_ONLY___ -
2024-11-28 09:18:39,790 INFO     ___FILE_ONLY___  
2024-11-28 09:18:39,790 INFO     ___FILE_ONLY___ members
2024-11-28 09:18:39,790 INFO     ___FILE_ONLY___ :
2024-11-28 09:18:39,790 INFO     ___FILE_ONLY___ 

2024-11-28 09:18:39,791 INFO     ___FILE_ONLY___   
2024-11-28 09:18:39,791 INFO     ___FILE_ONLY___ -
2024-11-28 09:18:39,791 INFO     ___FILE_ONLY___  
2024-11-28 09:18:39,791 INFO     ___FILE_ONLY___ serviceAccount:trigger-account@inspired-photon-441609-k7.iam.gserviceaccount.com
2024-11-28 09:18:39,791 INFO     ___FILE_ONLY___ 

2024-11-28 09:18:39,791 INFO     ___FILE_ONLY___   
2024-11-28 09:18:39,791 INFO     ___FILE_ONLY___ role
2024-11-28 09:18:39,792 INFO     ___FILE_ONLY___ :
2024-11-28 09:18:39,792 INFO     ___FILE_ONLY___  
2024-11-28 09:18:39,792 INFO     ___FILE_ONLY___ roles/resourcemanager.projectIamAdmin
2024-11-28 09:18:39,792 INFO     ___FILE_ONLY___ 

2024-11-28 09:18:39,792 INFO     ___FILE_ONLY___ -
2024-11-28 09:18:39,792 INFO     ___FILE_ONLY___  
2024-11-28 09:18:39,792 INFO     ___FILE_ONLY___ members
2024-11-28 09:18:39,793 INFO     ___FILE_ONLY___ :
2024-11-28 09:18:39,793 INFO     ___FILE_ONLY___ 

2024-11-28 09:18:39,794 INFO     ___FILE_ONLY___   
2024-11-28 09:18:39,794 INFO     ___FILE_ONLY___ -
2024-11-28 09:18:39,795 INFO     ___FILE_ONLY___  
2024-11-28 09:18:39,795 INFO     ___FILE_ONLY___ serviceAccount:service-644941739395@serverless-robot-prod.iam.gserviceaccount.com
2024-11-28 09:18:39,795 INFO     ___FILE_ONLY___ 

2024-11-28 09:18:39,795 INFO     ___FILE_ONLY___   
2024-11-28 09:18:39,795 INFO     ___FILE_ONLY___ role
2024-11-28 09:18:39,795 INFO     ___FILE_ONLY___ :
2024-11-28 09:18:39,795 INFO     ___FILE_ONLY___  
2024-11-28 09:18:39,795 INFO     ___FILE_ONLY___ roles/run.serviceAgent
2024-11-28 09:18:39,796 INFO     ___FILE_ONLY___ 

2024-11-28 09:18:39,796 INFO     ___FILE_ONLY___ etag
2024-11-28 09:18:39,796 INFO     ___FILE_ONLY___ :
2024-11-28 09:18:39,796 INFO     ___FILE_ONLY___  
2024-11-28 09:18:39,796 INFO     ___FILE_ONLY___ BwYn9ZFdvEs=
2024-11-28 09:18:39,796 INFO     ___FILE_ONLY___ 

2024-11-28 09:18:39,796 INFO     ___FILE_ONLY___ version
2024-11-28 09:18:39,797 INFO     ___FILE_ONLY___ :
2024-11-28 09:18:39,797 INFO     ___FILE_ONLY___  
2024-11-28 09:18:39,797 INFO     ___FILE_ONLY___ 1
2024-11-28 09:18:39,797 INFO     ___FILE_ONLY___ 

2024-11-28 09:18:39,798 DEBUG    root            SDK update checks are disabled.
