2024-11-28 09:43:03,753 DEBUG    root            Loaded Command Group: ['gcloud', 'functions']
2024-11-28 09:43:04,420 DEBUG    root            Loaded Command Group: ['gcloud', 'functions', 'deploy']
2024-11-28 09:43:04,462 DEBUG    root            Running [gcloud.functions.deploy] with arguments: [--entry-point: "send_email", --runtime: "python312", --set-env-vars: "OrderedDict([('PROJECT_ID', 'inspired-photon-441609-k7'), ('TOPIC_ID', 'gcs-trigger-topic'), ('SENDGRID_API_KEY', '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')])", --source: ".", --timeout: "300", --trigger-topic: "gcs-trigger-topic", NAME: "pubsub-to-email"]
2024-11-28 09:43:04,624 DEBUG    urllib3.connectionpool Starting new HTTPS connection (1): cloudfunctions.googleapis.com:443
2024-11-28 09:43:04,862 DEBUG    urllib3.connectionpool https://cloudfunctions.googleapis.com:443 "GET /v2/projects/inspired-photon-441609-k7/locations/us-central1/functions/pubsub-to-email?alt=json HTTP/1.1" 200 None
2024-11-28 09:43:04,993 DEBUG    urllib3.connectionpool Starting new HTTPS connection (1): cloudfunctions.googleapis.com:443
2024-11-28 09:43:05,254 DEBUG    urllib3.connectionpool https://cloudfunctions.googleapis.com:443 "GET /v2/projects/inspired-photon-441609-k7/locations/us-central1/functions/pubsub-to-email?alt=json HTTP/1.1" 200 None
2024-11-28 09:43:05,260 DEBUG    urllib3.connectionpool Starting new HTTPS connection (1): cloudfunctions.googleapis.com:443
2024-11-28 09:43:05,348 DEBUG    urllib3.connectionpool https://cloudfunctions.googleapis.com:443 "GET /v2/projects/inspired-photon-441609-k7/locations/us-central1/runtimes?alt=json HTTP/1.1" 200 None
2024-11-28 09:43:05,501 DEBUG    urllib3.connectionpool Starting new HTTPS connection (1): cloudresourcemanager.googleapis.com:443
2024-11-28 09:43:05,584 DEBUG    urllib3.connectionpool https://cloudresourcemanager.googleapis.com:443 "GET /v1/projects/inspired-photon-441609-k7?alt=json HTTP/1.1" 200 None
2024-11-28 09:43:05,719 DEBUG    urllib3.connectionpool Starting new HTTPS connection (1): cloudresourcemanager.googleapis.com:443
2024-11-28 09:43:05,932 DEBUG    urllib3.connectionpool https://cloudresourcemanager.googleapis.com:443 "POST /v1/projects/inspired-photon-441609-k7:getIamPolicy?alt=json HTTP/1.1" 200 None
2024-11-28 09:43:05,937 INFO     root            Not using ignore file.
2024-11-28 09:43:23,002 DEBUG    urllib3.connectionpool Starting new HTTPS connection (1): cloudfunctions.googleapis.com:443
2024-11-28 09:43:23,173 DEBUG    urllib3.connectionpool https://cloudfunctions.googleapis.com:443 "POST /v2/projects/inspired-photon-441609-k7/locations/us-central1/functions:generateUploadUrl?alt=json HTTP/1.1" 200 None
2024-11-28 09:43:23,457 DEBUG    urllib3.connectionpool Starting new HTTPS connection (1): storage.googleapis.com:443
2024-11-28 09:43:24,063 DEBUG    urllib3.connectionpool https://storage.googleapis.com:443 "PUT /gcf-v2-uploads-644941739395.us-central1.cloudfunctions.appspot.com/f79bd09e-4c9d-4ccf-bfba-af6c77421a83.zip?GoogleAccessId=service-644941739395%40gcf-admin-robot.iam.gserviceaccount.com&Expires=1732788803&Signature=fV5o3VbgBhGoZ0yO0ozjTJ3ud%2BLxWbxj8E2WkMzfpEpJvUnb8n7Gw0%2BEifhZrpGGbZv3pSbA4QzbIm1wCqFw3gGYQxs3wVBB5Q4geKmZmOALb2VeSPydVcknyeqMms1DLUImhH%2BV2kAbB5FXOeb82pSzt3pyQ%2BwsQEqUuDhDGAbZZ5r1zI7tiJKWymz6F2TB%2FCehQJIMO%2B9LpZ9PoxBYUpdiPJJ2aKnPUiYITKiPiebMd9dy%2FZ1BV1iLaY1A3NCLHnxvLim2WKOsgEhSG5ykaMDZKi91D3120G%2BWHNaCw59QSfp%2FL%2Be9hfHbNwRnGeklqRs92BjDZdMii5xiQgTiqA%3D%3D HTTP/1.1" 200 0
2024-11-28 09:43:24,166 DEBUG    urllib3.connectionpool Starting new HTTPS connection (1): serviceusage.googleapis.com:443
2024-11-28 09:43:24,322 DEBUG    urllib3.connectionpool https://serviceusage.googleapis.com:443 "GET /v1/projects/inspired-photon-441609-k7/services/run.googleapis.com?alt=json HTTP/1.1" 403 None
2024-11-28 09:43:24,325 INFO     root            Could not verify if service run.googleapis.com is enabled: missing permission 'serviceusage.services.get'.
2024-11-28 09:43:24,392 DEBUG    urllib3.connectionpool Starting new HTTPS connection (1): serviceusage.googleapis.com:443
2024-11-28 09:43:24,622 DEBUG    urllib3.connectionpool https://serviceusage.googleapis.com:443 "GET /v1/projects/inspired-photon-441609-k7/services/cloudbuild.googleapis.com?alt=json HTTP/1.1" 403 None
2024-11-28 09:43:24,625 INFO     root            Could not verify if service cloudbuild.googleapis.com is enabled: missing permission 'serviceusage.services.get'.
2024-11-28 09:43:24,691 DEBUG    urllib3.connectionpool Starting new HTTPS connection (1): serviceusage.googleapis.com:443
2024-11-28 09:43:24,825 DEBUG    urllib3.connectionpool https://serviceusage.googleapis.com:443 "GET /v1/projects/inspired-photon-441609-k7/services/artifactregistry.googleapis.com?alt=json HTTP/1.1" 403 None
2024-11-28 09:43:24,828 INFO     root            Could not verify if service artifactregistry.googleapis.com is enabled: missing permission 'serviceusage.services.get'.
2024-11-28 09:43:24,985 DEBUG    urllib3.connectionpool Starting new HTTPS connection (1): cloudbuild.googleapis.com:443
2024-11-28 09:43:25,118 DEBUG    urllib3.connectionpool https://cloudbuild.googleapis.com:443 "GET /v1/projects/inspired-photon-441609-k7/locations/us-central1/defaultServiceAccount?alt=json HTTP/1.1" 200 None
2024-11-28 09:43:25,256 DEBUG    urllib3.connectionpool Starting new HTTPS connection (1): cloudresourcemanager.googleapis.com:443
2024-11-28 09:43:25,342 DEBUG    urllib3.connectionpool https://cloudresourcemanager.googleapis.com:443 "GET /v1/projects/inspired-photon-441609-k7?alt=json HTTP/1.1" 200 None
2024-11-28 09:43:25,476 DEBUG    urllib3.connectionpool Starting new HTTPS connection (1): cloudresourcemanager.googleapis.com:443
2024-11-28 09:43:25,632 DEBUG    urllib3.connectionpool https://cloudresourcemanager.googleapis.com:443 "POST /v1/projects/inspired-photon-441609-k7:getIamPolicy?alt=json HTTP/1.1" 200 None
2024-11-28 09:43:25,639 DEBUG    urllib3.connectionpool Starting new HTTPS connection (1): cloudfunctions.googleapis.com:443
2024-11-28 09:43:26,762 DEBUG    urllib3.connectionpool https://cloudfunctions.googleapis.com:443 "PATCH /v2/projects/inspired-photon-441609-k7/locations/us-central1/functions/pubsub-to-email?alt=json&updateMask=build_config.entry_point%2Cbuild_config.runtime%2Cbuild_config.source%2Cevent_trigger%2Cservice_config.environment_variables%2Cservice_config.timeout_seconds HTTP/1.1" 200 None
2024-11-28 09:43:26,767 INFO     ___FILE_ONLY___ Preparing function...
2024-11-28 09:43:26,772 DEBUG    urllib3.connectionpool Starting new HTTPS connection (1): cloudfunctions.googleapis.com:443
2024-11-28 09:43:26,851 DEBUG    urllib3.connectionpool https://cloudfunctions.googleapis.com:443 "GET /v2/projects/inspired-photon-441609-k7/locations/us-central1/operations/operation-1732787005714-627f5e9f26ea5-bfa6b64c-1e9b3fe3?alt=json HTTP/1.1" 200 None
2024-11-28 09:43:28,002 DEBUG    urllib3.connectionpool Starting new HTTPS connection (1): cloudfunctions.googleapis.com:443
2024-11-28 09:43:28,094 DEBUG    urllib3.connectionpool https://cloudfunctions.googleapis.com:443 "GET /v2/projects/inspired-photon-441609-k7/locations/us-central1/operations/operation-1732787005714-627f5e9f26ea5-bfa6b64c-1e9b3fe3?alt=json HTTP/1.1" 200 None
2024-11-28 09:43:28,173 INFO     ___FILE_ONLY___ Updating function (may take a while)...
2024-11-28 09:43:28,176 DEBUG    urllib3.connectionpool Starting new HTTPS connection (1): cloudfunctions.googleapis.com:443
2024-11-28 09:43:28,259 DEBUG    urllib3.connectionpool https://cloudfunctions.googleapis.com:443 "GET /v2/projects/inspired-photon-441609-k7/locations/us-central1/operations/operation-1732787005714-627f5e9f26ea5-bfa6b64c-1e9b3fe3?alt=json HTTP/1.1" 200 None
2024-11-28 09:43:29,672 DEBUG    urllib3.connectionpool Starting new HTTPS connection (1): cloudfunctions.googleapis.com:443
2024-11-28 09:43:29,757 DEBUG    urllib3.connectionpool https://cloudfunctions.googleapis.com:443 "GET /v2/projects/inspired-photon-441609-k7/locations/us-central1/operations/operation-1732787005714-627f5e9f26ea5-bfa6b64c-1e9b3fe3?alt=json HTTP/1.1" 200 None
2024-11-28 09:43:31,181 DEBUG    urllib3.connectionpool Starting new HTTPS connection (1): cloudfunctions.googleapis.com:443
2024-11-28 09:43:31,268 DEBUG    urllib3.connectionpool https://cloudfunctions.googleapis.com:443 "GET /v2/projects/inspired-photon-441609-k7/locations/us-central1/operations/operation-1732787005714-627f5e9f26ea5-bfa6b64c-1e9b3fe3?alt=json HTTP/1.1" 200 None
2024-11-28 09:43:32,937 DEBUG    urllib3.connectionpool Starting new HTTPS connection (1): cloudfunctions.googleapis.com:443
2024-11-28 09:43:33,024 DEBUG    urllib3.connectionpool https://cloudfunctions.googleapis.com:443 "GET /v2/projects/inspired-photon-441609-k7/locations/us-central1/operations/operation-1732787005714-627f5e9f26ea5-bfa6b64c-1e9b3fe3?alt=json HTTP/1.1" 200 None
2024-11-28 09:43:34,299 DEBUG    urllib3.connectionpool Starting new HTTPS connection (1): cloudfunctions.googleapis.com:443
2024-11-28 09:43:34,367 DEBUG    urllib3.connectionpool https://cloudfunctions.googleapis.com:443 "GET /v2/projects/inspired-photon-441609-k7/locations/us-central1/operations/operation-1732787005714-627f5e9f26ea5-bfa6b64c-1e9b3fe3?alt=json HTTP/1.1" 200 None
2024-11-28 09:43:35,645 DEBUG    urllib3.connectionpool Starting new HTTPS connection (1): cloudfunctions.googleapis.com:443
2024-11-28 09:43:35,728 DEBUG    urllib3.connectionpool https://cloudfunctions.googleapis.com:443 "GET /v2/projects/inspired-photon-441609-k7/locations/us-central1/operations/operation-1732787005714-627f5e9f26ea5-bfa6b64c-1e9b3fe3?alt=json HTTP/1.1" 200 None
2024-11-28 09:43:37,668 DEBUG    urllib3.connectionpool Starting new HTTPS connection (1): cloudfunctions.googleapis.com:443
2024-11-28 09:43:37,754 DEBUG    urllib3.connectionpool https://cloudfunctions.googleapis.com:443 "GET /v2/projects/inspired-photon-441609-k7/locations/us-central1/operations/operation-1732787005714-627f5e9f26ea5-bfa6b64c-1e9b3fe3?alt=json HTTP/1.1" 200 None
2024-11-28 09:43:38,777 DEBUG    urllib3.connectionpool Starting new HTTPS connection (1): cloudfunctions.googleapis.com:443
2024-11-28 09:43:38,869 DEBUG    urllib3.connectionpool https://cloudfunctions.googleapis.com:443 "GET /v2/projects/inspired-photon-441609-k7/locations/us-central1/operations/operation-1732787005714-627f5e9f26ea5-bfa6b64c-1e9b3fe3?alt=json HTTP/1.1" 200 None
2024-11-28 09:43:40,118 DEBUG    urllib3.connectionpool Starting new HTTPS connection (1): cloudfunctions.googleapis.com:443
2024-11-28 09:43:40,208 DEBUG    urllib3.connectionpool https://cloudfunctions.googleapis.com:443 "GET /v2/projects/inspired-photon-441609-k7/locations/us-central1/operations/operation-1732787005714-627f5e9f26ea5-bfa6b64c-1e9b3fe3?alt=json HTTP/1.1" 200 None
2024-11-28 09:43:41,328 DEBUG    urllib3.connectionpool Starting new HTTPS connection (1): cloudfunctions.googleapis.com:443
2024-11-28 09:43:41,412 DEBUG    urllib3.connectionpool https://cloudfunctions.googleapis.com:443 "GET /v2/projects/inspired-photon-441609-k7/locations/us-central1/operations/operation-1732787005714-627f5e9f26ea5-bfa6b64c-1e9b3fe3?alt=json HTTP/1.1" 200 None
2024-11-28 09:43:42,457 DEBUG    urllib3.connectionpool Starting new HTTPS connection (1): cloudfunctions.googleapis.com:443
2024-11-28 09:43:42,517 DEBUG    urllib3.connectionpool https://cloudfunctions.googleapis.com:443 "GET /v2/projects/inspired-photon-441609-k7/locations/us-central1/operations/operation-1732787005714-627f5e9f26ea5-bfa6b64c-1e9b3fe3?alt=json HTTP/1.1" 200 None
2024-11-28 09:43:44,138 DEBUG    urllib3.connectionpool Starting new HTTPS connection (1): cloudfunctions.googleapis.com:443
2024-11-28 09:43:44,222 DEBUG    urllib3.connectionpool https://cloudfunctions.googleapis.com:443 "GET /v2/projects/inspired-photon-441609-k7/locations/us-central1/operations/operation-1732787005714-627f5e9f26ea5-bfa6b64c-1e9b3fe3?alt=json HTTP/1.1" 200 None
2024-11-28 09:43:45,623 DEBUG    urllib3.connectionpool Starting new HTTPS connection (1): cloudfunctions.googleapis.com:443
2024-11-28 09:43:45,682 DEBUG    urllib3.connectionpool https://cloudfunctions.googleapis.com:443 "GET /v2/projects/inspired-photon-441609-k7/locations/us-central1/operations/operation-1732787005714-627f5e9f26ea5-bfa6b64c-1e9b3fe3?alt=json HTTP/1.1" 200 None
2024-11-28 09:43:47,559 DEBUG    urllib3.connectionpool Starting new HTTPS connection (1): cloudfunctions.googleapis.com:443
2024-11-28 09:43:47,644 DEBUG    urllib3.connectionpool https://cloudfunctions.googleapis.com:443 "GET /v2/projects/inspired-photon-441609-k7/locations/us-central1/operations/operation-1732787005714-627f5e9f26ea5-bfa6b64c-1e9b3fe3?alt=json HTTP/1.1" 200 None
2024-11-28 09:43:49,500 DEBUG    urllib3.connectionpool Starting new HTTPS connection (1): cloudfunctions.googleapis.com:443
2024-11-28 09:43:49,562 DEBUG    urllib3.connectionpool https://cloudfunctions.googleapis.com:443 "GET /v2/projects/inspired-photon-441609-k7/locations/us-central1/operations/operation-1732787005714-627f5e9f26ea5-bfa6b64c-1e9b3fe3?alt=json HTTP/1.1" 200 None
2024-11-28 09:43:50,988 DEBUG    urllib3.connectionpool Starting new HTTPS connection (1): cloudfunctions.googleapis.com:443
2024-11-28 09:43:51,049 DEBUG    urllib3.connectionpool https://cloudfunctions.googleapis.com:443 "GET /v2/projects/inspired-photon-441609-k7/locations/us-central1/operations/operation-1732787005714-627f5e9f26ea5-bfa6b64c-1e9b3fe3?alt=json HTTP/1.1" 200 None
2024-11-28 09:43:52,337 DEBUG    urllib3.connectionpool Starting new HTTPS connection (1): cloudfunctions.googleapis.com:443
2024-11-28 09:43:52,401 DEBUG    urllib3.connectionpool https://cloudfunctions.googleapis.com:443 "GET /v2/projects/inspired-photon-441609-k7/locations/us-central1/operations/operation-1732787005714-627f5e9f26ea5-bfa6b64c-1e9b3fe3?alt=json HTTP/1.1" 200 None
2024-11-28 09:43:54,216 DEBUG    urllib3.connectionpool Starting new HTTPS connection (1): cloudfunctions.googleapis.com:443
2024-11-28 09:43:54,307 DEBUG    urllib3.connectionpool https://cloudfunctions.googleapis.com:443 "GET /v2/projects/inspired-photon-441609-k7/locations/us-central1/operations/operation-1732787005714-627f5e9f26ea5-bfa6b64c-1e9b3fe3?alt=json HTTP/1.1" 200 None
2024-11-28 09:43:55,470 DEBUG    urllib3.connectionpool Starting new HTTPS connection (1): cloudfunctions.googleapis.com:443
2024-11-28 09:43:55,549 DEBUG    urllib3.connectionpool https://cloudfunctions.googleapis.com:443 "GET /v2/projects/inspired-photon-441609-k7/locations/us-central1/operations/operation-1732787005714-627f5e9f26ea5-bfa6b64c-1e9b3fe3?alt=json HTTP/1.1" 200 None
2024-11-28 09:43:56,651 DEBUG    urllib3.connectionpool Starting new HTTPS connection (1): cloudfunctions.googleapis.com:443
2024-11-28 09:43:56,713 DEBUG    urllib3.connectionpool https://cloudfunctions.googleapis.com:443 "GET /v2/projects/inspired-photon-441609-k7/locations/us-central1/operations/operation-1732787005714-627f5e9f26ea5-bfa6b64c-1e9b3fe3?alt=json HTTP/1.1" 200 None
2024-11-28 09:43:58,615 DEBUG    urllib3.connectionpool Starting new HTTPS connection (1): cloudfunctions.googleapis.com:443
2024-11-28 09:43:58,676 DEBUG    urllib3.connectionpool https://cloudfunctions.googleapis.com:443 "GET /v2/projects/inspired-photon-441609-k7/locations/us-central1/operations/operation-1732787005714-627f5e9f26ea5-bfa6b64c-1e9b3fe3?alt=json HTTP/1.1" 200 None
2024-11-28 09:44:00,123 DEBUG    urllib3.connectionpool Starting new HTTPS connection (1): cloudfunctions.googleapis.com:443
2024-11-28 09:44:00,185 DEBUG    urllib3.connectionpool https://cloudfunctions.googleapis.com:443 "GET /v2/projects/inspired-photon-441609-k7/locations/us-central1/operations/operation-1732787005714-627f5e9f26ea5-bfa6b64c-1e9b3fe3?alt=json HTTP/1.1" 200 None
2024-11-28 09:44:01,895 DEBUG    urllib3.connectionpool Starting new HTTPS connection (1): cloudfunctions.googleapis.com:443
2024-11-28 09:44:01,984 DEBUG    urllib3.connectionpool https://cloudfunctions.googleapis.com:443 "GET /v2/projects/inspired-photon-441609-k7/locations/us-central1/operations/operation-1732787005714-627f5e9f26ea5-bfa6b64c-1e9b3fe3?alt=json HTTP/1.1" 200 None
2024-11-28 09:44:03,557 DEBUG    urllib3.connectionpool Starting new HTTPS connection (1): cloudfunctions.googleapis.com:443
2024-11-28 09:44:03,623 DEBUG    urllib3.connectionpool https://cloudfunctions.googleapis.com:443 "GET /v2/projects/inspired-photon-441609-k7/locations/us-central1/operations/operation-1732787005714-627f5e9f26ea5-bfa6b64c-1e9b3fe3?alt=json HTTP/1.1" 200 None
2024-11-28 09:44:05,082 DEBUG    urllib3.connectionpool Starting new HTTPS connection (1): cloudfunctions.googleapis.com:443
2024-11-28 09:44:05,165 DEBUG    urllib3.connectionpool https://cloudfunctions.googleapis.com:443 "GET /v2/projects/inspired-photon-441609-k7/locations/us-central1/operations/operation-1732787005714-627f5e9f26ea5-bfa6b64c-1e9b3fe3?alt=json HTTP/1.1" 200 None
2024-11-28 09:44:07,043 DEBUG    urllib3.connectionpool Starting new HTTPS connection (1): cloudfunctions.googleapis.com:443
2024-11-28 09:44:07,100 DEBUG    urllib3.connectionpool https://cloudfunctions.googleapis.com:443 "GET /v2/projects/inspired-photon-441609-k7/locations/us-central1/operations/operation-1732787005714-627f5e9f26ea5-bfa6b64c-1e9b3fe3?alt=json HTTP/1.1" 200 None
2024-11-28 09:44:08,147 DEBUG    urllib3.connectionpool Starting new HTTPS connection (1): cloudfunctions.googleapis.com:443
2024-11-28 09:44:08,210 DEBUG    urllib3.connectionpool https://cloudfunctions.googleapis.com:443 "GET /v2/projects/inspired-photon-441609-k7/locations/us-central1/operations/operation-1732787005714-627f5e9f26ea5-bfa6b64c-1e9b3fe3?alt=json HTTP/1.1" 200 None
2024-11-28 09:44:09,295 DEBUG    urllib3.connectionpool Starting new HTTPS connection (1): cloudfunctions.googleapis.com:443
2024-11-28 09:44:09,378 DEBUG    urllib3.connectionpool https://cloudfunctions.googleapis.com:443 "GET /v2/projects/inspired-photon-441609-k7/locations/us-central1/operations/operation-1732787005714-627f5e9f26ea5-bfa6b64c-1e9b3fe3?alt=json HTTP/1.1" 200 None
2024-11-28 09:44:10,553 DEBUG    urllib3.connectionpool Starting new HTTPS connection (1): cloudfunctions.googleapis.com:443
2024-11-28 09:44:10,633 DEBUG    urllib3.connectionpool https://cloudfunctions.googleapis.com:443 "GET /v2/projects/inspired-photon-441609-k7/locations/us-central1/operations/operation-1732787005714-627f5e9f26ea5-bfa6b64c-1e9b3fe3?alt=json HTTP/1.1" 200 None
2024-11-28 09:44:12,608 DEBUG    urllib3.connectionpool Starting new HTTPS connection (1): cloudfunctions.googleapis.com:443
2024-11-28 09:44:12,681 DEBUG    urllib3.connectionpool https://cloudfunctions.googleapis.com:443 "GET /v2/projects/inspired-photon-441609-k7/locations/us-central1/operations/operation-1732787005714-627f5e9f26ea5-bfa6b64c-1e9b3fe3?alt=json HTTP/1.1" 200 None
2024-11-28 09:44:13,813 DEBUG    urllib3.connectionpool Starting new HTTPS connection (1): cloudfunctions.googleapis.com:443
2024-11-28 09:44:13,900 DEBUG    urllib3.connectionpool https://cloudfunctions.googleapis.com:443 "GET /v2/projects/inspired-photon-441609-k7/locations/us-central1/operations/operation-1732787005714-627f5e9f26ea5-bfa6b64c-1e9b3fe3?alt=json HTTP/1.1" 200 None
2024-11-28 09:44:15,230 DEBUG    urllib3.connectionpool Starting new HTTPS connection (1): cloudfunctions.googleapis.com:443
2024-11-28 09:44:15,312 DEBUG    urllib3.connectionpool https://cloudfunctions.googleapis.com:443 "GET /v2/projects/inspired-photon-441609-k7/locations/us-central1/operations/operation-1732787005714-627f5e9f26ea5-bfa6b64c-1e9b3fe3?alt=json HTTP/1.1" 200 None
2024-11-28 09:44:16,918 DEBUG    urllib3.connectionpool Starting new HTTPS connection (1): cloudfunctions.googleapis.com:443
2024-11-28 09:44:17,004 DEBUG    urllib3.connectionpool https://cloudfunctions.googleapis.com:443 "GET /v2/projects/inspired-photon-441609-k7/locations/us-central1/operations/operation-1732787005714-627f5e9f26ea5-bfa6b64c-1e9b3fe3?alt=json HTTP/1.1" 200 None
2024-11-28 09:44:18,852 DEBUG    urllib3.connectionpool Starting new HTTPS connection (1): cloudfunctions.googleapis.com:443
2024-11-28 09:44:18,920 DEBUG    urllib3.connectionpool https://cloudfunctions.googleapis.com:443 "GET /v2/projects/inspired-photon-441609-k7/locations/us-central1/operations/operation-1732787005714-627f5e9f26ea5-bfa6b64c-1e9b3fe3?alt=json HTTP/1.1" 200 None
2024-11-28 09:44:20,332 DEBUG    urllib3.connectionpool Starting new HTTPS connection (1): cloudfunctions.googleapis.com:443
2024-11-28 09:44:20,388 DEBUG    urllib3.connectionpool https://cloudfunctions.googleapis.com:443 "GET /v2/projects/inspired-photon-441609-k7/locations/us-central1/operations/operation-1732787005714-627f5e9f26ea5-bfa6b64c-1e9b3fe3?alt=json HTTP/1.1" 200 None
2024-11-28 09:44:22,225 DEBUG    urllib3.connectionpool Starting new HTTPS connection (1): cloudfunctions.googleapis.com:443
2024-11-28 09:44:22,300 DEBUG    urllib3.connectionpool https://cloudfunctions.googleapis.com:443 "GET /v2/projects/inspired-photon-441609-k7/locations/us-central1/operations/operation-1732787005714-627f5e9f26ea5-bfa6b64c-1e9b3fe3?alt=json HTTP/1.1" 200 None
2024-11-28 09:44:23,870 DEBUG    urllib3.connectionpool Starting new HTTPS connection (1): cloudfunctions.googleapis.com:443
2024-11-28 09:44:23,938 DEBUG    urllib3.connectionpool https://cloudfunctions.googleapis.com:443 "GET /v2/projects/inspired-photon-441609-k7/locations/us-central1/operations/operation-1732787005714-627f5e9f26ea5-bfa6b64c-1e9b3fe3?alt=json HTTP/1.1" 200 None
2024-11-28 09:44:25,738 DEBUG    urllib3.connectionpool Starting new HTTPS connection (1): cloudfunctions.googleapis.com:443
2024-11-28 09:44:25,798 DEBUG    urllib3.connectionpool https://cloudfunctions.googleapis.com:443 "GET /v2/projects/inspired-photon-441609-k7/locations/us-central1/operations/operation-1732787005714-627f5e9f26ea5-bfa6b64c-1e9b3fe3?alt=json HTTP/1.1" 200 None
2024-11-28 09:44:27,234 DEBUG    urllib3.connectionpool Starting new HTTPS connection (1): cloudfunctions.googleapis.com:443
2024-11-28 09:44:27,298 DEBUG    urllib3.connectionpool https://cloudfunctions.googleapis.com:443 "GET /v2/projects/inspired-photon-441609-k7/locations/us-central1/operations/operation-1732787005714-627f5e9f26ea5-bfa6b64c-1e9b3fe3?alt=json HTTP/1.1" 200 None
2024-11-28 09:44:28,417 DEBUG    urllib3.connectionpool Starting new HTTPS connection (1): cloudfunctions.googleapis.com:443
2024-11-28 09:44:28,499 DEBUG    urllib3.connectionpool https://cloudfunctions.googleapis.com:443 "GET /v2/projects/inspired-photon-441609-k7/locations/us-central1/operations/operation-1732787005714-627f5e9f26ea5-bfa6b64c-1e9b3fe3?alt=json HTTP/1.1" 200 None
2024-11-28 09:44:29,723 DEBUG    urllib3.connectionpool Starting new HTTPS connection (1): cloudfunctions.googleapis.com:443
2024-11-28 09:44:29,785 DEBUG    urllib3.connectionpool https://cloudfunctions.googleapis.com:443 "GET /v2/projects/inspired-photon-441609-k7/locations/us-central1/operations/operation-1732787005714-627f5e9f26ea5-bfa6b64c-1e9b3fe3?alt=json HTTP/1.1" 200 None
2024-11-28 09:44:30,906 DEBUG    urllib3.connectionpool Starting new HTTPS connection (1): cloudfunctions.googleapis.com:443
2024-11-28 09:44:30,970 DEBUG    urllib3.connectionpool https://cloudfunctions.googleapis.com:443 "GET /v2/projects/inspired-photon-441609-k7/locations/us-central1/operations/operation-1732787005714-627f5e9f26ea5-bfa6b64c-1e9b3fe3?alt=json HTTP/1.1" 200 None
2024-11-28 09:44:32,598 DEBUG    urllib3.connectionpool Starting new HTTPS connection (1): cloudfunctions.googleapis.com:443
2024-11-28 09:44:32,697 DEBUG    urllib3.connectionpool https://cloudfunctions.googleapis.com:443 "GET /v2/projects/inspired-photon-441609-k7/locations/us-central1/operations/operation-1732787005714-627f5e9f26ea5-bfa6b64c-1e9b3fe3?alt=json HTTP/1.1" 200 None
2024-11-28 09:44:34,591 DEBUG    urllib3.connectionpool Starting new HTTPS connection (1): cloudfunctions.googleapis.com:443
2024-11-28 09:44:34,657 DEBUG    urllib3.connectionpool https://cloudfunctions.googleapis.com:443 "GET /v2/projects/inspired-photon-441609-k7/locations/us-central1/operations/operation-1732787005714-627f5e9f26ea5-bfa6b64c-1e9b3fe3?alt=json HTTP/1.1" 200 None
2024-11-28 09:44:36,512 DEBUG    urllib3.connectionpool Starting new HTTPS connection (1): cloudfunctions.googleapis.com:443
2024-11-28 09:44:36,579 DEBUG    urllib3.connectionpool https://cloudfunctions.googleapis.com:443 "GET /v2/projects/inspired-photon-441609-k7/locations/us-central1/operations/operation-1732787005714-627f5e9f26ea5-bfa6b64c-1e9b3fe3?alt=json HTTP/1.1" 200 None
2024-11-28 09:44:37,912 DEBUG    urllib3.connectionpool Starting new HTTPS connection (1): cloudfunctions.googleapis.com:443
2024-11-28 09:44:37,975 DEBUG    urllib3.connectionpool https://cloudfunctions.googleapis.com:443 "GET /v2/projects/inspired-photon-441609-k7/locations/us-central1/operations/operation-1732787005714-627f5e9f26ea5-bfa6b64c-1e9b3fe3?alt=json HTTP/1.1" 200 None
2024-11-28 09:44:39,189 DEBUG    urllib3.connectionpool Starting new HTTPS connection (1): cloudfunctions.googleapis.com:443
2024-11-28 09:44:39,252 DEBUG    urllib3.connectionpool https://cloudfunctions.googleapis.com:443 "GET /v2/projects/inspired-photon-441609-k7/locations/us-central1/operations/operation-1732787005714-627f5e9f26ea5-bfa6b64c-1e9b3fe3?alt=json HTTP/1.1" 200 None
2024-11-28 09:44:40,605 DEBUG    urllib3.connectionpool Starting new HTTPS connection (1): cloudfunctions.googleapis.com:443
2024-11-28 09:44:40,665 DEBUG    urllib3.connectionpool https://cloudfunctions.googleapis.com:443 "GET /v2/projects/inspired-photon-441609-k7/locations/us-central1/operations/operation-1732787005714-627f5e9f26ea5-bfa6b64c-1e9b3fe3?alt=json HTTP/1.1" 200 None
2024-11-28 09:44:42,056 DEBUG    urllib3.connectionpool Starting new HTTPS connection (1): cloudfunctions.googleapis.com:443
2024-11-28 09:44:42,145 DEBUG    urllib3.connectionpool https://cloudfunctions.googleapis.com:443 "GET /v2/projects/inspired-photon-441609-k7/locations/us-central1/operations/operation-1732787005714-627f5e9f26ea5-bfa6b64c-1e9b3fe3?alt=json HTTP/1.1" 200 None
2024-11-28 09:44:44,121 DEBUG    urllib3.connectionpool Starting new HTTPS connection (1): cloudfunctions.googleapis.com:443
2024-11-28 09:44:44,199 DEBUG    urllib3.connectionpool https://cloudfunctions.googleapis.com:443 "GET /v2/projects/inspired-photon-441609-k7/locations/us-central1/operations/operation-1732787005714-627f5e9f26ea5-bfa6b64c-1e9b3fe3?alt=json HTTP/1.1" 200 None
2024-11-28 09:44:46,020 DEBUG    urllib3.connectionpool Starting new HTTPS connection (1): cloudfunctions.googleapis.com:443
2024-11-28 09:44:46,089 DEBUG    urllib3.connectionpool https://cloudfunctions.googleapis.com:443 "GET /v2/projects/inspired-photon-441609-k7/locations/us-central1/operations/operation-1732787005714-627f5e9f26ea5-bfa6b64c-1e9b3fe3?alt=json HTTP/1.1" 200 None
2024-11-28 09:44:46,176 INFO     ___FILE_ONLY___   [INFO] A new revision will be deployed serving with 100% traffic.

2024-11-28 09:44:46,180 DEBUG    urllib3.connectionpool Starting new HTTPS connection (1): cloudfunctions.googleapis.com:443
2024-11-28 09:44:46,434 DEBUG    urllib3.connectionpool https://cloudfunctions.googleapis.com:443 "GET /v2/projects/inspired-photon-441609-k7/locations/us-central1/functions/pubsub-to-email?alt=json HTTP/1.1" 200 None
2024-11-28 09:44:46,439 INFO     ___FILE_ONLY___ You can view your function in the Cloud Console here: https://console.cloud.google.com/functions/details/us-central1/pubsub-to-email?project=inspired-photon-441609-k7


2024-11-28 09:44:46,440 DEBUG    root            Chosen display Format:default
2024-11-28 09:44:46,442 INFO     root            Display format: "default"
2024-11-28 09:44:46,466 INFO     ___FILE_ONLY___ buildConfig
2024-11-28 09:44:46,467 INFO     ___FILE_ONLY___ :
2024-11-28 09:44:46,467 INFO     ___FILE_ONLY___ 

2024-11-28 09:44:46,467 INFO     ___FILE_ONLY___   
2024-11-28 09:44:46,467 INFO     ___FILE_ONLY___ automaticUpdatePolicy
2024-11-28 09:44:46,467 INFO     ___FILE_ONLY___ :
2024-11-28 09:44:46,467 INFO     ___FILE_ONLY___  {
2024-11-28 09:44:46,467 INFO     ___FILE_ONLY___ }
2024-11-28 09:44:46,467 INFO     ___FILE_ONLY___ 

2024-11-28 09:44:46,468 INFO     ___FILE_ONLY___   
2024-11-28 09:44:46,468 INFO     ___FILE_ONLY___ build
2024-11-28 09:44:46,468 INFO     ___FILE_ONLY___ :
2024-11-28 09:44:46,468 INFO     ___FILE_ONLY___  
2024-11-28 09:44:46,468 INFO     ___FILE_ONLY___ projects/644941739395/locations/us-central1/builds/70bed6d4-9bc4-4067-8efc-68fb5d0a18c9
2024-11-28 09:44:46,468 INFO     ___FILE_ONLY___ 

2024-11-28 09:44:46,468 INFO     ___FILE_ONLY___   
2024-11-28 09:44:46,468 INFO     ___FILE_ONLY___ dockerRegistry
2024-11-28 09:44:46,469 INFO     ___FILE_ONLY___ :
2024-11-28 09:44:46,469 INFO     ___FILE_ONLY___  
2024-11-28 09:44:46,469 INFO     ___FILE_ONLY___ ARTIFACT_REGISTRY
2024-11-28 09:44:46,469 INFO     ___FILE_ONLY___ 

2024-11-28 09:44:46,469 INFO     ___FILE_ONLY___   
2024-11-28 09:44:46,469 INFO     ___FILE_ONLY___ dockerRepository
2024-11-28 09:44:46,469 INFO     ___FILE_ONLY___ :
2024-11-28 09:44:46,469 INFO     ___FILE_ONLY___  
2024-11-28 09:44:46,469 INFO     ___FILE_ONLY___ projects/inspired-photon-441609-k7/locations/us-central1/repositories/gcf-artifacts
2024-11-28 09:44:46,469 INFO     ___FILE_ONLY___ 

2024-11-28 09:44:46,469 INFO     ___FILE_ONLY___   
2024-11-28 09:44:46,470 INFO     ___FILE_ONLY___ entryPoint
2024-11-28 09:44:46,470 INFO     ___FILE_ONLY___ :
2024-11-28 09:44:46,470 INFO     ___FILE_ONLY___  
2024-11-28 09:44:46,470 INFO     ___FILE_ONLY___ send_email
2024-11-28 09:44:46,470 INFO     ___FILE_ONLY___ 

2024-11-28 09:44:46,470 INFO     ___FILE_ONLY___   
2024-11-28 09:44:46,470 INFO     ___FILE_ONLY___ runtime
2024-11-28 09:44:46,470 INFO     ___FILE_ONLY___ :
2024-11-28 09:44:46,470 INFO     ___FILE_ONLY___  
2024-11-28 09:44:46,470 INFO     ___FILE_ONLY___ python312
2024-11-28 09:44:46,470 INFO     ___FILE_ONLY___ 

2024-11-28 09:44:46,470 INFO     ___FILE_ONLY___   
2024-11-28 09:44:46,471 INFO     ___FILE_ONLY___ serviceAccount
2024-11-28 09:44:46,471 INFO     ___FILE_ONLY___ :
2024-11-28 09:44:46,471 INFO     ___FILE_ONLY___  
2024-11-28 09:44:46,471 INFO     ___FILE_ONLY___ projects/inspired-photon-441609-k7/serviceAccounts/644941739395-compute@developer.gserviceaccount.com
2024-11-28 09:44:46,471 INFO     ___FILE_ONLY___ 

2024-11-28 09:44:46,471 INFO     ___FILE_ONLY___   
2024-11-28 09:44:46,471 INFO     ___FILE_ONLY___ source
2024-11-28 09:44:46,471 INFO     ___FILE_ONLY___ :
2024-11-28 09:44:46,471 INFO     ___FILE_ONLY___ 

2024-11-28 09:44:46,472 INFO     ___FILE_ONLY___     
2024-11-28 09:44:46,472 INFO     ___FILE_ONLY___ storageSource
2024-11-28 09:44:46,472 INFO     ___FILE_ONLY___ :
2024-11-28 09:44:46,472 INFO     ___FILE_ONLY___ 

2024-11-28 09:44:46,472 INFO     ___FILE_ONLY___       
2024-11-28 09:44:46,472 INFO     ___FILE_ONLY___ bucket
2024-11-28 09:44:46,472 INFO     ___FILE_ONLY___ :
2024-11-28 09:44:46,472 INFO     ___FILE_ONLY___  
2024-11-28 09:44:46,472 INFO     ___FILE_ONLY___ gcf-v2-sources-644941739395-us-central1
2024-11-28 09:44:46,472 INFO     ___FILE_ONLY___ 

2024-11-28 09:44:46,472 INFO     ___FILE_ONLY___       
2024-11-28 09:44:46,472 INFO     ___FILE_ONLY___ generation
2024-11-28 09:44:46,473 INFO     ___FILE_ONLY___ :
2024-11-28 09:44:46,474 INFO     ___FILE_ONLY___  '
2024-11-28 09:44:46,474 INFO     ___FILE_ONLY___ 1732787006651840
2024-11-28 09:44:46,474 INFO     ___FILE_ONLY___ '
2024-11-28 09:44:46,474 INFO     ___FILE_ONLY___ 

2024-11-28 09:44:46,474 INFO     ___FILE_ONLY___       
2024-11-28 09:44:46,474 INFO     ___FILE_ONLY___ object
2024-11-28 09:44:46,474 INFO     ___FILE_ONLY___ :
2024-11-28 09:44:46,474 INFO     ___FILE_ONLY___  
2024-11-28 09:44:46,474 INFO     ___FILE_ONLY___ pubsub-to-email/function-source.zip
2024-11-28 09:44:46,474 INFO     ___FILE_ONLY___ 

2024-11-28 09:44:46,474 INFO     ___FILE_ONLY___   
2024-11-28 09:44:46,475 INFO     ___FILE_ONLY___ sourceProvenance
2024-11-28 09:44:46,475 INFO     ___FILE_ONLY___ :
2024-11-28 09:44:46,475 INFO     ___FILE_ONLY___ 

2024-11-28 09:44:46,475 INFO     ___FILE_ONLY___     
2024-11-28 09:44:46,475 INFO     ___FILE_ONLY___ resolvedStorageSource
2024-11-28 09:44:46,475 INFO     ___FILE_ONLY___ :
2024-11-28 09:44:46,475 INFO     ___FILE_ONLY___ 

2024-11-28 09:44:46,475 INFO     ___FILE_ONLY___       
2024-11-28 09:44:46,475 INFO     ___FILE_ONLY___ bucket
2024-11-28 09:44:46,475 INFO     ___FILE_ONLY___ :
2024-11-28 09:44:46,475 INFO     ___FILE_ONLY___  
2024-11-28 09:44:46,476 INFO     ___FILE_ONLY___ gcf-v2-sources-644941739395-us-central1
2024-11-28 09:44:46,476 INFO     ___FILE_ONLY___ 

2024-11-28 09:44:46,476 INFO     ___FILE_ONLY___       
2024-11-28 09:44:46,476 INFO     ___FILE_ONLY___ generation
2024-11-28 09:44:46,476 INFO     ___FILE_ONLY___ :
2024-11-28 09:44:46,476 INFO     ___FILE_ONLY___  '
2024-11-28 09:44:46,476 INFO     ___FILE_ONLY___ 1732787006651840
2024-11-28 09:44:46,476 INFO     ___FILE_ONLY___ '
2024-11-28 09:44:46,476 INFO     ___FILE_ONLY___ 

2024-11-28 09:44:46,476 INFO     ___FILE_ONLY___       
2024-11-28 09:44:46,476 INFO     ___FILE_ONLY___ object
2024-11-28 09:44:46,476 INFO     ___FILE_ONLY___ :
2024-11-28 09:44:46,477 INFO     ___FILE_ONLY___  
2024-11-28 09:44:46,477 INFO     ___FILE_ONLY___ pubsub-to-email/function-source.zip
2024-11-28 09:44:46,477 INFO     ___FILE_ONLY___ 

2024-11-28 09:44:46,477 INFO     ___FILE_ONLY___ createTime
2024-11-28 09:44:46,478 INFO     ___FILE_ONLY___ :
2024-11-28 09:44:46,478 INFO     ___FILE_ONLY___  '
2024-11-28 09:44:46,478 INFO     ___FILE_ONLY___ 2024-11-28T09:21:09.576334976Z
2024-11-28 09:44:46,478 INFO     ___FILE_ONLY___ '
2024-11-28 09:44:46,478 INFO     ___FILE_ONLY___ 

2024-11-28 09:44:46,478 INFO     ___FILE_ONLY___ environment
2024-11-28 09:44:46,478 INFO     ___FILE_ONLY___ :
2024-11-28 09:44:46,478 INFO     ___FILE_ONLY___  
2024-11-28 09:44:46,478 INFO     ___FILE_ONLY___ GEN_2
2024-11-28 09:44:46,478 INFO     ___FILE_ONLY___ 

2024-11-28 09:44:46,478 INFO     ___FILE_ONLY___ eventTrigger
2024-11-28 09:44:46,479 INFO     ___FILE_ONLY___ :
2024-11-28 09:44:46,479 INFO     ___FILE_ONLY___ 

2024-11-28 09:44:46,479 INFO     ___FILE_ONLY___   
2024-11-28 09:44:46,479 INFO     ___FILE_ONLY___ eventType
2024-11-28 09:44:46,479 INFO     ___FILE_ONLY___ :
2024-11-28 09:44:46,479 INFO     ___FILE_ONLY___  
2024-11-28 09:44:46,479 INFO     ___FILE_ONLY___ google.cloud.pubsub.topic.v1.messagePublished
2024-11-28 09:44:46,479 INFO     ___FILE_ONLY___ 

2024-11-28 09:44:46,479 INFO     ___FILE_ONLY___   
2024-11-28 09:44:46,479 INFO     ___FILE_ONLY___ pubsubTopic
2024-11-28 09:44:46,479 INFO     ___FILE_ONLY___ :
2024-11-28 09:44:46,480 INFO     ___FILE_ONLY___  
2024-11-28 09:44:46,480 INFO     ___FILE_ONLY___ projects/inspired-photon-441609-k7/topics/gcs-trigger-topic
2024-11-28 09:44:46,480 INFO     ___FILE_ONLY___ 

2024-11-28 09:44:46,480 INFO     ___FILE_ONLY___   
2024-11-28 09:44:46,480 INFO     ___FILE_ONLY___ retryPolicy
2024-11-28 09:44:46,480 INFO     ___FILE_ONLY___ :
2024-11-28 09:44:46,480 INFO     ___FILE_ONLY___  
2024-11-28 09:44:46,480 INFO     ___FILE_ONLY___ RETRY_POLICY_DO_NOT_RETRY
2024-11-28 09:44:46,480 INFO     ___FILE_ONLY___ 

2024-11-28 09:44:46,480 INFO     ___FILE_ONLY___   
2024-11-28 09:44:46,480 INFO     ___FILE_ONLY___ serviceAccountEmail
2024-11-28 09:44:46,481 INFO     ___FILE_ONLY___ :
2024-11-28 09:44:46,481 INFO     ___FILE_ONLY___  
2024-11-28 09:44:46,481 INFO     ___FILE_ONLY___ 644941739395-compute@developer.gserviceaccount.com
2024-11-28 09:44:46,481 INFO     ___FILE_ONLY___ 

2024-11-28 09:44:46,481 INFO     ___FILE_ONLY___   
2024-11-28 09:44:46,481 INFO     ___FILE_ONLY___ trigger
2024-11-28 09:44:46,481 INFO     ___FILE_ONLY___ :
2024-11-28 09:44:46,481 INFO     ___FILE_ONLY___  
2024-11-28 09:44:46,482 INFO     ___FILE_ONLY___ projects/inspired-photon-441609-k7/locations/us-central1/triggers/pubsub-to-email-296666
2024-11-28 09:44:46,482 INFO     ___FILE_ONLY___ 

2024-11-28 09:44:46,482 INFO     ___FILE_ONLY___   
2024-11-28 09:44:46,482 INFO     ___FILE_ONLY___ triggerRegion
2024-11-28 09:44:46,482 INFO     ___FILE_ONLY___ :
2024-11-28 09:44:46,482 INFO     ___FILE_ONLY___  
2024-11-28 09:44:46,482 INFO     ___FILE_ONLY___ us-central1
2024-11-28 09:44:46,482 INFO     ___FILE_ONLY___ 

2024-11-28 09:44:46,482 INFO     ___FILE_ONLY___ labels
2024-11-28 09:44:46,482 INFO     ___FILE_ONLY___ :
2024-11-28 09:44:46,482 INFO     ___FILE_ONLY___ 

2024-11-28 09:44:46,482 INFO     ___FILE_ONLY___   
2024-11-28 09:44:46,483 INFO     ___FILE_ONLY___ deployment-tool
2024-11-28 09:44:46,483 INFO     ___FILE_ONLY___ :
2024-11-28 09:44:46,483 INFO     ___FILE_ONLY___  
2024-11-28 09:44:46,483 INFO     ___FILE_ONLY___ cli-gcloud
2024-11-28 09:44:46,483 INFO     ___FILE_ONLY___ 

2024-11-28 09:44:46,483 INFO     ___FILE_ONLY___ name
2024-11-28 09:44:46,483 INFO     ___FILE_ONLY___ :
2024-11-28 09:44:46,483 INFO     ___FILE_ONLY___  
2024-11-28 09:44:46,484 INFO     ___FILE_ONLY___ projects/inspired-photon-441609-k7/locations/us-central1/functions/pubsub-to-email
2024-11-28 09:44:46,484 INFO     ___FILE_ONLY___ 

2024-11-28 09:44:46,484 INFO     ___FILE_ONLY___ serviceConfig
2024-11-28 09:44:46,484 INFO     ___FILE_ONLY___ :
2024-11-28 09:44:46,484 INFO     ___FILE_ONLY___ 

2024-11-28 09:44:46,484 INFO     ___FILE_ONLY___   
2024-11-28 09:44:46,484 INFO     ___FILE_ONLY___ allTrafficOnLatestRevision
2024-11-28 09:44:46,484 INFO     ___FILE_ONLY___ :
2024-11-28 09:44:46,484 INFO     ___FILE_ONLY___  
2024-11-28 09:44:46,484 INFO     ___FILE_ONLY___ true
2024-11-28 09:44:46,484 INFO     ___FILE_ONLY___ 

2024-11-28 09:44:46,484 INFO     ___FILE_ONLY___   
2024-11-28 09:44:46,485 INFO     ___FILE_ONLY___ availableCpu
2024-11-28 09:44:46,485 INFO     ___FILE_ONLY___ :
2024-11-28 09:44:46,485 INFO     ___FILE_ONLY___  '
2024-11-28 09:44:46,485 INFO     ___FILE_ONLY___ 0.1666
2024-11-28 09:44:46,485 INFO     ___FILE_ONLY___ '
2024-11-28 09:44:46,485 INFO     ___FILE_ONLY___ 

2024-11-28 09:44:46,485 INFO     ___FILE_ONLY___   
2024-11-28 09:44:46,485 INFO     ___FILE_ONLY___ availableMemory
2024-11-28 09:44:46,485 INFO     ___FILE_ONLY___ :
2024-11-28 09:44:46,485 INFO     ___FILE_ONLY___  
2024-11-28 09:44:46,485 INFO     ___FILE_ONLY___ 256M
2024-11-28 09:44:46,486 INFO     ___FILE_ONLY___ 

2024-11-28 09:44:46,486 INFO     ___FILE_ONLY___   
2024-11-28 09:44:46,486 INFO     ___FILE_ONLY___ environmentVariables
2024-11-28 09:44:46,486 INFO     ___FILE_ONLY___ :
2024-11-28 09:44:46,486 INFO     ___FILE_ONLY___ 

2024-11-28 09:44:46,486 INFO     ___FILE_ONLY___     
2024-11-28 09:44:46,486 INFO     ___FILE_ONLY___ LOG_EXECUTION_ID
2024-11-28 09:44:46,486 INFO     ___FILE_ONLY___ :
2024-11-28 09:44:46,486 INFO     ___FILE_ONLY___  '
2024-11-28 09:44:46,486 INFO     ___FILE_ONLY___ true
2024-11-28 09:44:46,486 INFO     ___FILE_ONLY___ '
2024-11-28 09:44:46,486 INFO     ___FILE_ONLY___ 

2024-11-28 09:44:46,486 INFO     ___FILE_ONLY___     
2024-11-28 09:44:46,487 INFO     ___FILE_ONLY___ PROJECT_ID
2024-11-28 09:44:46,487 INFO     ___FILE_ONLY___ :
2024-11-28 09:44:46,487 INFO     ___FILE_ONLY___  
2024-11-28 09:44:46,487 INFO     ___FILE_ONLY___ inspired-photon-441609-k7
2024-11-28 09:44:46,487 INFO     ___FILE_ONLY___ 

2024-11-28 09:44:46,487 INFO     ___FILE_ONLY___     
2024-11-28 09:44:46,487 INFO     ___FILE_ONLY___ SENDGRID_API_KEY
2024-11-28 09:44:46,487 INFO     ___FILE_ONLY___ :
2024-11-28 09:44:46,487 INFO     ___FILE_ONLY___  
2024-11-28 09:44:46,487 INFO     ___FILE_ONLY___ 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
2024-11-28 09:44:46,487 INFO     ___FILE_ONLY___ 

2024-11-28 09:44:46,488 INFO     ___FILE_ONLY___     
2024-11-28 09:44:46,488 INFO     ___FILE_ONLY___ TOPIC_ID
2024-11-28 09:44:46,488 INFO     ___FILE_ONLY___ :
2024-11-28 09:44:46,488 INFO     ___FILE_ONLY___  
2024-11-28 09:44:46,488 INFO     ___FILE_ONLY___ gcs-trigger-topic
2024-11-28 09:44:46,488 INFO     ___FILE_ONLY___ 

2024-11-28 09:44:46,488 INFO     ___FILE_ONLY___   
2024-11-28 09:44:46,488 INFO     ___FILE_ONLY___ ingressSettings
2024-11-28 09:44:46,488 INFO     ___FILE_ONLY___ :
2024-11-28 09:44:46,488 INFO     ___FILE_ONLY___  
2024-11-28 09:44:46,488 INFO     ___FILE_ONLY___ ALLOW_ALL
2024-11-28 09:44:46,488 INFO     ___FILE_ONLY___ 

2024-11-28 09:44:46,488 INFO     ___FILE_ONLY___   
2024-11-28 09:44:46,489 INFO     ___FILE_ONLY___ maxInstanceCount
2024-11-28 09:44:46,489 INFO     ___FILE_ONLY___ :
2024-11-28 09:44:46,489 INFO     ___FILE_ONLY___  
2024-11-28 09:44:46,489 INFO     ___FILE_ONLY___ 100
2024-11-28 09:44:46,489 INFO     ___FILE_ONLY___ 

2024-11-28 09:44:46,489 INFO     ___FILE_ONLY___   
2024-11-28 09:44:46,489 INFO     ___FILE_ONLY___ maxInstanceRequestConcurrency
2024-11-28 09:44:46,489 INFO     ___FILE_ONLY___ :
2024-11-28 09:44:46,489 INFO     ___FILE_ONLY___  
2024-11-28 09:44:46,489 INFO     ___FILE_ONLY___ 1
2024-11-28 09:44:46,489 INFO     ___FILE_ONLY___ 

2024-11-28 09:44:46,490 INFO     ___FILE_ONLY___   
2024-11-28 09:44:46,490 INFO     ___FILE_ONLY___ revision
2024-11-28 09:44:46,490 INFO     ___FILE_ONLY___ :
2024-11-28 09:44:46,490 INFO     ___FILE_ONLY___  
2024-11-28 09:44:46,490 INFO     ___FILE_ONLY___ pubsub-to-email-00002-bes
2024-11-28 09:44:46,490 INFO     ___FILE_ONLY___ 

2024-11-28 09:44:46,490 INFO     ___FILE_ONLY___   
2024-11-28 09:44:46,490 INFO     ___FILE_ONLY___ service
2024-11-28 09:44:46,490 INFO     ___FILE_ONLY___ :
2024-11-28 09:44:46,490 INFO     ___FILE_ONLY___  
2024-11-28 09:44:46,490 INFO     ___FILE_ONLY___ projects/inspired-photon-441609-k7/locations/us-central1/services/pubsub-to-email
2024-11-28 09:44:46,490 INFO     ___FILE_ONLY___ 

2024-11-28 09:44:46,491 INFO     ___FILE_ONLY___   
2024-11-28 09:44:46,491 INFO     ___FILE_ONLY___ serviceAccountEmail
2024-11-28 09:44:46,491 INFO     ___FILE_ONLY___ :
2024-11-28 09:44:46,491 INFO     ___FILE_ONLY___  
2024-11-28 09:44:46,491 INFO     ___FILE_ONLY___ 644941739395-compute@developer.gserviceaccount.com
2024-11-28 09:44:46,491 INFO     ___FILE_ONLY___ 

2024-11-28 09:44:46,491 INFO     ___FILE_ONLY___   
2024-11-28 09:44:46,491 INFO     ___FILE_ONLY___ timeoutSeconds
2024-11-28 09:44:46,491 INFO     ___FILE_ONLY___ :
2024-11-28 09:44:46,492 INFO     ___FILE_ONLY___  
2024-11-28 09:44:46,492 INFO     ___FILE_ONLY___ 300
2024-11-28 09:44:46,492 INFO     ___FILE_ONLY___ 

2024-11-28 09:44:46,492 INFO     ___FILE_ONLY___   
2024-11-28 09:44:46,492 INFO     ___FILE_ONLY___ uri
2024-11-28 09:44:46,492 INFO     ___FILE_ONLY___ :
2024-11-28 09:44:46,492 INFO     ___FILE_ONLY___  
2024-11-28 09:44:46,492 INFO     ___FILE_ONLY___ https://pubsub-to-email-m2x2uxrdfq-uc.a.run.app
2024-11-28 09:44:46,492 INFO     ___FILE_ONLY___ 

2024-11-28 09:44:46,492 INFO     ___FILE_ONLY___ state
2024-11-28 09:44:46,492 INFO     ___FILE_ONLY___ :
2024-11-28 09:44:46,493 INFO     ___FILE_ONLY___  
2024-11-28 09:44:46,493 INFO     ___FILE_ONLY___ ACTIVE
2024-11-28 09:44:46,493 INFO     ___FILE_ONLY___ 

2024-11-28 09:44:46,493 INFO     ___FILE_ONLY___ updateTime
2024-11-28 09:44:46,493 INFO     ___FILE_ONLY___ :
2024-11-28 09:44:46,493 INFO     ___FILE_ONLY___  '
2024-11-28 09:44:46,493 INFO     ___FILE_ONLY___ 2024-11-28T09:44:44.209951275Z
2024-11-28 09:44:46,493 INFO     ___FILE_ONLY___ '
2024-11-28 09:44:46,493 INFO     ___FILE_ONLY___ 

2024-11-28 09:44:46,493 INFO     ___FILE_ONLY___ url
2024-11-28 09:44:46,493 INFO     ___FILE_ONLY___ :
2024-11-28 09:44:46,494 INFO     ___FILE_ONLY___  
2024-11-28 09:44:46,494 INFO     ___FILE_ONLY___ https://us-central1-inspired-photon-441609-k7.cloudfunctions.net/pubsub-to-email
2024-11-28 09:44:46,494 INFO     ___FILE_ONLY___ 

2024-11-28 09:44:46,494 DEBUG    root            SDK update checks are disabled.
