2024-11-28 09:42:59,269 DEBUG    root            Loaded Command Group: ['gcloud', 'projects']
2024-11-28 09:42:59,317 DEBUG    root            Loaded Command Group: ['gcloud', 'projects', 'add_iam_policy_binding']
2024-11-28 09:42:59,333 DEBUG    root            Running [gcloud.projects.add-iam-policy-binding] with arguments: [--member: "serviceAccount:service-644941739395@gcp-sa-eventarc.iam.gserviceaccount.com", --role: "roles/eventarc.serviceAgent", PROJECT_ID: "inspired-photon-441609-k7"]
2024-11-28 09:42:59,500 DEBUG    urllib3.connectionpool Starting new HTTPS connection (1): cloudresourcemanager.googleapis.com:443
2024-11-28 09:42:59,732 DEBUG    urllib3.connectionpool https://cloudresourcemanager.googleapis.com:443 "POST /v1/projects/inspired-photon-441609-k7:getIamPolicy?alt=json HTTP/1.1" 200 None
2024-11-28 09:42:59,874 DEBUG    urllib3.connectionpool Starting new HTTPS connection (1): cloudresourcemanager.googleapis.com:443
2024-11-28 09:43:00,386 DEBUG    urllib3.connectionpool https://cloudresourcemanager.googleapis.com:443 "POST /v1/projects/inspired-photon-441609-k7:setIamPolicy?alt=json HTTP/1.1" 200 None
2024-11-28 09:43:00,391 INFO     ___FILE_ONLY___ Updated IAM policy for project [inspired-photon-441609-k7].

2024-11-28 09:43:00,392 DEBUG    root            Chosen display Format:default
2024-11-28 09:43:00,392 INFO     root            Display format: "default"
2024-11-28 09:43:00,418 INFO     ___FILE_ONLY___ bindings
2024-11-28 09:43:00,419 INFO     ___FILE_ONLY___ :
2024-11-28 09:43:00,419 INFO     ___FILE_ONLY___ 

2024-11-28 09:43:00,419 INFO     ___FILE_ONLY___ -
2024-11-28 09:43:00,419 INFO     ___FILE_ONLY___  
2024-11-28 09:43:00,419 INFO     ___FILE_ONLY___ members
2024-11-28 09:43:00,419 INFO     ___FILE_ONLY___ :
2024-11-28 09:43:00,419 INFO     ___FILE_ONLY___ 

2024-11-28 09:43:00,420 INFO     ___FILE_ONLY___   
2024-11-28 09:43:00,420 INFO     ___FILE_ONLY___ -
2024-11-28 09:43:00,420 INFO     ___FILE_ONLY___  
2024-11-28 09:43:00,420 INFO     ___FILE_ONLY___ serviceAccount:trigger-account@inspired-photon-441609-k7.iam.gserviceaccount.com
2024-11-28 09:43:00,420 INFO     ___FILE_ONLY___ 

2024-11-28 09:43:00,420 INFO     ___FILE_ONLY___   
2024-11-28 09:43:00,420 INFO     ___FILE_ONLY___ role
2024-11-28 09:43:00,420 INFO     ___FILE_ONLY___ :
2024-11-28 09:43:00,421 INFO     ___FILE_ONLY___  
2024-11-28 09:43:00,421 INFO     ___FILE_ONLY___ projects/inspired-photon-441609-k7/roles/main_custom_role_18
2024-11-28 09:43:00,421 INFO     ___FILE_ONLY___ 

2024-11-28 09:43:00,421 INFO     ___FILE_ONLY___ -
2024-11-28 09:43:00,421 INFO     ___FILE_ONLY___  
2024-11-28 09:43:00,421 INFO     ___FILE_ONLY___ members
2024-11-28 09:43:00,421 INFO     ___FILE_ONLY___ :
2024-11-28 09:43:00,421 INFO     ___FILE_ONLY___ 

2024-11-28 09:43:00,421 INFO     ___FILE_ONLY___   
2024-11-28 09:43:00,421 INFO     ___FILE_ONLY___ -
2024-11-28 09:43:00,422 INFO     ___FILE_ONLY___  
2024-11-28 09:43:00,422 INFO     ___FILE_ONLY___ serviceAccount:service-644941739395@gcp-sa-artifactregistry.iam.gserviceaccount.com
2024-11-28 09:43:00,422 INFO     ___FILE_ONLY___ 

2024-11-28 09:43:00,422 INFO     ___FILE_ONLY___   
2024-11-28 09:43:00,422 INFO     ___FILE_ONLY___ role
2024-11-28 09:43:00,422 INFO     ___FILE_ONLY___ :
2024-11-28 09:43:00,422 INFO     ___FILE_ONLY___  
2024-11-28 09:43:00,422 INFO     ___FILE_ONLY___ roles/artifactregistry.serviceAgent
2024-11-28 09:43:00,422 INFO     ___FILE_ONLY___ 

2024-11-28 09:43:00,422 INFO     ___FILE_ONLY___ -
2024-11-28 09:43:00,423 INFO     ___FILE_ONLY___  
2024-11-28 09:43:00,423 INFO     ___FILE_ONLY___ members
2024-11-28 09:43:00,423 INFO     ___FILE_ONLY___ :
2024-11-28 09:43:00,423 INFO     ___FILE_ONLY___ 

2024-11-28 09:43:00,423 INFO     ___FILE_ONLY___   
2024-11-28 09:43:00,423 INFO     ___FILE_ONLY___ -
2024-11-28 09:43:00,423 INFO     ___FILE_ONLY___  
2024-11-28 09:43:00,423 INFO     ___FILE_ONLY___ serviceAccount:644941739395@cloudbuild.gserviceaccount.com
2024-11-28 09:43:00,423 INFO     ___FILE_ONLY___ 

2024-11-28 09:43:00,423 INFO     ___FILE_ONLY___   
2024-11-28 09:43:00,423 INFO     ___FILE_ONLY___ role
2024-11-28 09:43:00,424 INFO     ___FILE_ONLY___ :
2024-11-28 09:43:00,424 INFO     ___FILE_ONLY___  
2024-11-28 09:43:00,424 INFO     ___FILE_ONLY___ roles/cloudbuild.builds.builder
2024-11-28 09:43:00,424 INFO     ___FILE_ONLY___ 

2024-11-28 09:43:00,424 INFO     ___FILE_ONLY___ -
2024-11-28 09:43:00,424 INFO     ___FILE_ONLY___  
2024-11-28 09:43:00,424 INFO     ___FILE_ONLY___ members
2024-11-28 09:43:00,424 INFO     ___FILE_ONLY___ :
2024-11-28 09:43:00,424 INFO     ___FILE_ONLY___ 

2024-11-28 09:43:00,424 INFO     ___FILE_ONLY___   
2024-11-28 09:43:00,424 INFO     ___FILE_ONLY___ -
2024-11-28 09:43:00,425 INFO     ___FILE_ONLY___  
2024-11-28 09:43:00,425 INFO     ___FILE_ONLY___ serviceAccount:service-644941739395@gcp-sa-cloudbuild.iam.gserviceaccount.com
2024-11-28 09:43:00,425 INFO     ___FILE_ONLY___ 

2024-11-28 09:43:00,425 INFO     ___FILE_ONLY___   
2024-11-28 09:43:00,425 INFO     ___FILE_ONLY___ role
2024-11-28 09:43:00,425 INFO     ___FILE_ONLY___ :
2024-11-28 09:43:00,425 INFO     ___FILE_ONLY___  
2024-11-28 09:43:00,425 INFO     ___FILE_ONLY___ roles/cloudbuild.serviceAgent
2024-11-28 09:43:00,425 INFO     ___FILE_ONLY___ 

2024-11-28 09:43:00,425 INFO     ___FILE_ONLY___ -
2024-11-28 09:43:00,426 INFO     ___FILE_ONLY___  
2024-11-28 09:43:00,426 INFO     ___FILE_ONLY___ members
2024-11-28 09:43:00,426 INFO     ___FILE_ONLY___ :
2024-11-28 09:43:00,426 INFO     ___FILE_ONLY___ 

2024-11-28 09:43:00,426 INFO     ___FILE_ONLY___   
2024-11-28 09:43:00,426 INFO     ___FILE_ONLY___ -
2024-11-28 09:43:00,426 INFO     ___FILE_ONLY___  
2024-11-28 09:43:00,426 INFO     ___FILE_ONLY___ serviceAccount:644941739395@cloudbuild.gserviceaccount.com
2024-11-28 09:43:00,426 INFO     ___FILE_ONLY___ 

2024-11-28 09:43:00,426 INFO     ___FILE_ONLY___   
2024-11-28 09:43:00,426 INFO     ___FILE_ONLY___ role
2024-11-28 09:43:00,426 INFO     ___FILE_ONLY___ :
2024-11-28 09:43:00,426 INFO     ___FILE_ONLY___  
2024-11-28 09:43:00,427 INFO     ___FILE_ONLY___ roles/cloudfunctions.developer
2024-11-28 09:43:00,427 INFO     ___FILE_ONLY___ 

2024-11-28 09:43:00,427 INFO     ___FILE_ONLY___ -
2024-11-28 09:43:00,427 INFO     ___FILE_ONLY___  
2024-11-28 09:43:00,427 INFO     ___FILE_ONLY___ members
2024-11-28 09:43:00,427 INFO     ___FILE_ONLY___ :
2024-11-28 09:43:00,427 INFO     ___FILE_ONLY___ 

2024-11-28 09:43:00,427 INFO     ___FILE_ONLY___   
2024-11-28 09:43:00,427 INFO     ___FILE_ONLY___ -
2024-11-28 09:43:00,427 INFO     ___FILE_ONLY___  
2024-11-28 09:43:00,428 INFO     ___FILE_ONLY___ serviceAccount:service-644941739395@gcf-admin-robot.iam.gserviceaccount.com
2024-11-28 09:43:00,428 INFO     ___FILE_ONLY___ 

2024-11-28 09:43:00,428 INFO     ___FILE_ONLY___   
2024-11-28 09:43:00,428 INFO     ___FILE_ONLY___ role
2024-11-28 09:43:00,428 INFO     ___FILE_ONLY___ :
2024-11-28 09:43:00,428 INFO     ___FILE_ONLY___  
2024-11-28 09:43:00,428 INFO     ___FILE_ONLY___ roles/cloudfunctions.serviceAgent
2024-11-28 09:43:00,428 INFO     ___FILE_ONLY___ 

2024-11-28 09:43:00,428 INFO     ___FILE_ONLY___ -
2024-11-28 09:43:00,428 INFO     ___FILE_ONLY___  
2024-11-28 09:43:00,428 INFO     ___FILE_ONLY___ members
2024-11-28 09:43:00,429 INFO     ___FILE_ONLY___ :
2024-11-28 09:43:00,429 INFO     ___FILE_ONLY___ 

2024-11-28 09:43:00,429 INFO     ___FILE_ONLY___   
2024-11-28 09:43:00,429 INFO     ___FILE_ONLY___ -
2024-11-28 09:43:00,429 INFO     ___FILE_ONLY___  
2024-11-28 09:43:00,429 INFO     ___FILE_ONLY___ serviceAccount:vm-creater-account@inspired-photon-441609-k7.iam.gserviceaccount.com
2024-11-28 09:43:00,429 INFO     ___FILE_ONLY___ 

2024-11-28 09:43:00,429 INFO     ___FILE_ONLY___   
2024-11-28 09:43:00,429 INFO     ___FILE_ONLY___ role
2024-11-28 09:43:00,429 INFO     ___FILE_ONLY___ :
2024-11-28 09:43:00,429 INFO     ___FILE_ONLY___  
2024-11-28 09:43:00,429 INFO     ___FILE_ONLY___ roles/compute.instanceAdmin.v1
2024-11-28 09:43:00,430 INFO     ___FILE_ONLY___ 

2024-11-28 09:43:00,430 INFO     ___FILE_ONLY___ -
2024-11-28 09:43:00,430 INFO     ___FILE_ONLY___  
2024-11-28 09:43:00,430 INFO     ___FILE_ONLY___ members
2024-11-28 09:43:00,430 INFO     ___FILE_ONLY___ :
2024-11-28 09:43:00,430 INFO     ___FILE_ONLY___ 

2024-11-28 09:43:00,430 INFO     ___FILE_ONLY___   
2024-11-28 09:43:00,430 INFO     ___FILE_ONLY___ -
2024-11-28 09:43:00,430 INFO     ___FILE_ONLY___  
2024-11-28 09:43:00,430 INFO     ___FILE_ONLY___ serviceAccount:vm-creater-account@inspired-photon-441609-k7.iam.gserviceaccount.com
2024-11-28 09:43:00,430 INFO     ___FILE_ONLY___ 

2024-11-28 09:43:00,430 INFO     ___FILE_ONLY___   
2024-11-28 09:43:00,431 INFO     ___FILE_ONLY___ role
2024-11-28 09:43:00,431 INFO     ___FILE_ONLY___ :
2024-11-28 09:43:00,431 INFO     ___FILE_ONLY___  
2024-11-28 09:43:00,431 INFO     ___FILE_ONLY___ roles/compute.networkUser
2024-11-28 09:43:00,431 INFO     ___FILE_ONLY___ 

2024-11-28 09:43:00,431 INFO     ___FILE_ONLY___ -
2024-11-28 09:43:00,431 INFO     ___FILE_ONLY___  
2024-11-28 09:43:00,431 INFO     ___FILE_ONLY___ members
2024-11-28 09:43:00,431 INFO     ___FILE_ONLY___ :
2024-11-28 09:43:00,431 INFO     ___FILE_ONLY___ 

2024-11-28 09:43:00,431 INFO     ___FILE_ONLY___   
2024-11-28 09:43:00,431 INFO     ___FILE_ONLY___ -
2024-11-28 09:43:00,432 INFO     ___FILE_ONLY___  
2024-11-28 09:43:00,432 INFO     ___FILE_ONLY___ serviceAccount:service-644941739395@compute-system.iam.gserviceaccount.com
2024-11-28 09:43:00,432 INFO     ___FILE_ONLY___ 

2024-11-28 09:43:00,432 INFO     ___FILE_ONLY___   
2024-11-28 09:43:00,432 INFO     ___FILE_ONLY___ role
2024-11-28 09:43:00,432 INFO     ___FILE_ONLY___ :
2024-11-28 09:43:00,432 INFO     ___FILE_ONLY___  
2024-11-28 09:43:00,432 INFO     ___FILE_ONLY___ roles/compute.serviceAgent
2024-11-28 09:43:00,432 INFO     ___FILE_ONLY___ 

2024-11-28 09:43:00,432 INFO     ___FILE_ONLY___ -
2024-11-28 09:43:00,432 INFO     ___FILE_ONLY___  
2024-11-28 09:43:00,432 INFO     ___FILE_ONLY___ members
2024-11-28 09:43:00,433 INFO     ___FILE_ONLY___ :
2024-11-28 09:43:00,433 INFO     ___FILE_ONLY___ 

2024-11-28 09:43:00,433 INFO     ___FILE_ONLY___   
2024-11-28 09:43:00,433 INFO     ___FILE_ONLY___ -
2024-11-28 09:43:00,433 INFO     ___FILE_ONLY___  
2024-11-28 09:43:00,433 INFO     ___FILE_ONLY___ serviceAccount:service-644941739395@containerregistry.iam.gserviceaccount.com
2024-11-28 09:43:00,433 INFO     ___FILE_ONLY___ 

2024-11-28 09:43:00,433 INFO     ___FILE_ONLY___   
2024-11-28 09:43:00,433 INFO     ___FILE_ONLY___ role
2024-11-28 09:43:00,433 INFO     ___FILE_ONLY___ :
2024-11-28 09:43:00,433 INFO     ___FILE_ONLY___  
2024-11-28 09:43:00,433 INFO     ___FILE_ONLY___ roles/containerregistry.ServiceAgent
2024-11-28 09:43:00,434 INFO     ___FILE_ONLY___ 

2024-11-28 09:43:00,434 INFO     ___FILE_ONLY___ -
2024-11-28 09:43:00,434 INFO     ___FILE_ONLY___  
2024-11-28 09:43:00,434 INFO     ___FILE_ONLY___ members
2024-11-28 09:43:00,434 INFO     ___FILE_ONLY___ :
2024-11-28 09:43:00,434 INFO     ___FILE_ONLY___ 

2024-11-28 09:43:00,434 INFO     ___FILE_ONLY___   
2024-11-28 09:43:00,434 INFO     ___FILE_ONLY___ -
2024-11-28 09:43:00,434 INFO     ___FILE_ONLY___  
2024-11-28 09:43:00,434 INFO     ___FILE_ONLY___ serviceAccount:644941739395-compute@developer.gserviceaccount.com
2024-11-28 09:43:00,434 INFO     ___FILE_ONLY___ 

2024-11-28 09:43:00,434 INFO     ___FILE_ONLY___   
2024-11-28 09:43:00,434 INFO     ___FILE_ONLY___ -
2024-11-28 09:43:00,435 INFO     ___FILE_ONLY___  
2024-11-28 09:43:00,435 INFO     ___FILE_ONLY___ serviceAccount:644941739395@cloudservices.gserviceaccount.com
2024-11-28 09:43:00,435 INFO     ___FILE_ONLY___ 

2024-11-28 09:43:00,435 INFO     ___FILE_ONLY___   
2024-11-28 09:43:00,435 INFO     ___FILE_ONLY___ -
2024-11-28 09:43:00,435 INFO     ___FILE_ONLY___  
2024-11-28 09:43:00,435 INFO     ___FILE_ONLY___ serviceAccount:inspired-photon-441609-k7@appspot.gserviceaccount.com
2024-11-28 09:43:00,435 INFO     ___FILE_ONLY___ 

2024-11-28 09:43:00,435 INFO     ___FILE_ONLY___   
2024-11-28 09:43:00,435 INFO     ___FILE_ONLY___ -
2024-11-28 09:43:00,435 INFO     ___FILE_ONLY___  
2024-11-28 09:43:00,435 INFO     ___FILE_ONLY___ serviceAccount:vm-creater-account@inspired-photon-441609-k7.iam.gserviceaccount.com
2024-11-28 09:43:00,436 INFO     ___FILE_ONLY___ 

2024-11-28 09:43:00,436 INFO     ___FILE_ONLY___   
2024-11-28 09:43:00,436 INFO     ___FILE_ONLY___ role
2024-11-28 09:43:00,436 INFO     ___FILE_ONLY___ :
2024-11-28 09:43:00,436 INFO     ___FILE_ONLY___  
2024-11-28 09:43:00,436 INFO     ___FILE_ONLY___ roles/editor
2024-11-28 09:43:00,436 INFO     ___FILE_ONLY___ 

2024-11-28 09:43:00,436 INFO     ___FILE_ONLY___ -
2024-11-28 09:43:00,436 INFO     ___FILE_ONLY___  
2024-11-28 09:43:00,436 INFO     ___FILE_ONLY___ members
2024-11-28 09:43:00,436 INFO     ___FILE_ONLY___ :
2024-11-28 09:43:00,436 INFO     ___FILE_ONLY___ 

2024-11-28 09:43:00,436 INFO     ___FILE_ONLY___   
2024-11-28 09:43:00,437 INFO     ___FILE_ONLY___ -
2024-11-28 09:43:00,437 INFO     ___FILE_ONLY___  
2024-11-28 09:43:00,437 INFO     ___FILE_ONLY___ serviceAccount:service-644941739395@gcp-sa-eventarc.iam.gserviceaccount.com
2024-11-28 09:43:00,437 INFO     ___FILE_ONLY___ 

2024-11-28 09:43:00,437 INFO     ___FILE_ONLY___   
2024-11-28 09:43:00,437 INFO     ___FILE_ONLY___ role
2024-11-28 09:43:00,437 INFO     ___FILE_ONLY___ :
2024-11-28 09:43:00,437 INFO     ___FILE_ONLY___  
2024-11-28 09:43:00,437 INFO     ___FILE_ONLY___ roles/eventarc.serviceAgent
2024-11-28 09:43:00,437 INFO     ___FILE_ONLY___ 

2024-11-28 09:43:00,437 INFO     ___FILE_ONLY___ -
2024-11-28 09:43:00,438 INFO     ___FILE_ONLY___  
2024-11-28 09:43:00,438 INFO     ___FILE_ONLY___ members
2024-11-28 09:43:00,438 INFO     ___FILE_ONLY___ :
2024-11-28 09:43:00,438 INFO     ___FILE_ONLY___ 

2024-11-28 09:43:00,438 INFO     ___FILE_ONLY___   
2024-11-28 09:43:00,438 INFO     ___FILE_ONLY___ -
2024-11-28 09:43:00,438 INFO     ___FILE_ONLY___  
2024-11-28 09:43:00,438 INFO     ___FILE_ONLY___ serviceAccount:trigger-account@inspired-photon-441609-k7.iam.gserviceaccount.com
2024-11-28 09:43:00,438 INFO     ___FILE_ONLY___ 

2024-11-28 09:43:00,438 INFO     ___FILE_ONLY___   
2024-11-28 09:43:00,438 INFO     ___FILE_ONLY___ role
2024-11-28 09:43:00,438 INFO     ___FILE_ONLY___ :
2024-11-28 09:43:00,439 INFO     ___FILE_ONLY___  
2024-11-28 09:43:00,439 INFO     ___FILE_ONLY___ roles/iam.roleAdmin
2024-11-28 09:43:00,439 INFO     ___FILE_ONLY___ 

2024-11-28 09:43:00,439 INFO     ___FILE_ONLY___ -
2024-11-28 09:43:00,439 INFO     ___FILE_ONLY___  
2024-11-28 09:43:00,439 INFO     ___FILE_ONLY___ members
2024-11-28 09:43:00,439 INFO     ___FILE_ONLY___ :
2024-11-28 09:43:00,439 INFO     ___FILE_ONLY___ 

2024-11-28 09:43:00,439 INFO     ___FILE_ONLY___   
2024-11-28 09:43:00,439 INFO     ___FILE_ONLY___ -
2024-11-28 09:43:00,439 INFO     ___FILE_ONLY___  
2024-11-28 09:43:00,439 INFO     ___FILE_ONLY___ serviceAccount:644941739395@cloudbuild.gserviceaccount.com
2024-11-28 09:43:00,439 INFO     ___FILE_ONLY___ 

2024-11-28 09:43:00,440 INFO     ___FILE_ONLY___   
2024-11-28 09:43:00,440 INFO     ___FILE_ONLY___ -
2024-11-28 09:43:00,440 INFO     ___FILE_ONLY___  
2024-11-28 09:43:00,440 INFO     ___FILE_ONLY___ serviceAccount:vm-creater-account@inspired-photon-441609-k7.iam.gserviceaccount.com
2024-11-28 09:43:00,440 INFO     ___FILE_ONLY___ 

2024-11-28 09:43:00,440 INFO     ___FILE_ONLY___   
2024-11-28 09:43:00,440 INFO     ___FILE_ONLY___ role
2024-11-28 09:43:00,440 INFO     ___FILE_ONLY___ :
2024-11-28 09:43:00,440 INFO     ___FILE_ONLY___  
2024-11-28 09:43:00,440 INFO     ___FILE_ONLY___ roles/iam.serviceAccountUser
2024-11-28 09:43:00,440 INFO     ___FILE_ONLY___ 

2024-11-28 09:43:00,440 INFO     ___FILE_ONLY___ -
2024-11-28 09:43:00,441 INFO     ___FILE_ONLY___  
2024-11-28 09:43:00,441 INFO     ___FILE_ONLY___ members
2024-11-28 09:43:00,441 INFO     ___FILE_ONLY___ :
2024-11-28 09:43:00,441 INFO     ___FILE_ONLY___ 

2024-11-28 09:43:00,441 INFO     ___FILE_ONLY___   
2024-11-28 09:43:00,441 INFO     ___FILE_ONLY___ -
2024-11-28 09:43:00,441 INFO     ___FILE_ONLY___  
2024-11-28 09:43:00,441 INFO     ___FILE_ONLY___ user:das03285@gmail.com
2024-11-28 09:43:00,441 INFO     ___FILE_ONLY___ 

2024-11-28 09:43:00,441 INFO     ___FILE_ONLY___   
2024-11-28 09:43:00,441 INFO     ___FILE_ONLY___ role
2024-11-28 09:43:00,441 INFO     ___FILE_ONLY___ :
2024-11-28 09:43:00,442 INFO     ___FILE_ONLY___  
2024-11-28 09:43:00,442 INFO     ___FILE_ONLY___ roles/owner
2024-11-28 09:43:00,442 INFO     ___FILE_ONLY___ 

2024-11-28 09:43:00,442 INFO     ___FILE_ONLY___ -
2024-11-28 09:43:00,442 INFO     ___FILE_ONLY___  
2024-11-28 09:43:00,442 INFO     ___FILE_ONLY___ members
2024-11-28 09:43:00,442 INFO     ___FILE_ONLY___ :
2024-11-28 09:43:00,442 INFO     ___FILE_ONLY___ 

2024-11-28 09:43:00,442 INFO     ___FILE_ONLY___   
2024-11-28 09:43:00,442 INFO     ___FILE_ONLY___ -
2024-11-28 09:43:00,442 INFO     ___FILE_ONLY___  
2024-11-28 09:43:00,442 INFO     ___FILE_ONLY___ serviceAccount:service-644941739395@gs-project-accounts.iam.gserviceaccount.com
2024-11-28 09:43:00,442 INFO     ___FILE_ONLY___ 

2024-11-28 09:43:00,443 INFO     ___FILE_ONLY___   
2024-11-28 09:43:00,443 INFO     ___FILE_ONLY___ role
2024-11-28 09:43:00,443 INFO     ___FILE_ONLY___ :
2024-11-28 09:43:00,443 INFO     ___FILE_ONLY___  
2024-11-28 09:43:00,443 INFO     ___FILE_ONLY___ roles/pubsub.publisher
2024-11-28 09:43:00,443 INFO     ___FILE_ONLY___ 

2024-11-28 09:43:00,443 INFO     ___FILE_ONLY___ -
2024-11-28 09:43:00,443 INFO     ___FILE_ONLY___  
2024-11-28 09:43:00,443 INFO     ___FILE_ONLY___ members
2024-11-28 09:43:00,443 INFO     ___FILE_ONLY___ :
2024-11-28 09:43:00,443 INFO     ___FILE_ONLY___ 

2024-11-28 09:43:00,443 INFO     ___FILE_ONLY___   
2024-11-28 09:43:00,444 INFO     ___FILE_ONLY___ -
2024-11-28 09:43:00,444 INFO     ___FILE_ONLY___  
2024-11-28 09:43:00,444 INFO     ___FILE_ONLY___ serviceAccount:service-644941739395@gcp-sa-pubsub.iam.gserviceaccount.com
2024-11-28 09:43:00,444 INFO     ___FILE_ONLY___ 

2024-11-28 09:43:00,444 INFO     ___FILE_ONLY___   
2024-11-28 09:43:00,444 INFO     ___FILE_ONLY___ role
2024-11-28 09:43:00,444 INFO     ___FILE_ONLY___ :
2024-11-28 09:43:00,444 INFO     ___FILE_ONLY___  
2024-11-28 09:43:00,444 INFO     ___FILE_ONLY___ roles/pubsub.serviceAgent
2024-11-28 09:43:00,444 INFO     ___FILE_ONLY___ 

2024-11-28 09:43:00,444 INFO     ___FILE_ONLY___ -
2024-11-28 09:43:00,444 INFO     ___FILE_ONLY___  
2024-11-28 09:43:00,445 INFO     ___FILE_ONLY___ members
2024-11-28 09:43:00,445 INFO     ___FILE_ONLY___ :
2024-11-28 09:43:00,445 INFO     ___FILE_ONLY___ 

2024-11-28 09:43:00,445 INFO     ___FILE_ONLY___   
2024-11-28 09:43:00,445 INFO     ___FILE_ONLY___ -
2024-11-28 09:43:00,445 INFO     ___FILE_ONLY___  
2024-11-28 09:43:00,445 INFO     ___FILE_ONLY___ serviceAccount:trigger-account@inspired-photon-441609-k7.iam.gserviceaccount.com
2024-11-28 09:43:00,445 INFO     ___FILE_ONLY___ 

2024-11-28 09:43:00,445 INFO     ___FILE_ONLY___   
2024-11-28 09:43:00,445 INFO     ___FILE_ONLY___ role
2024-11-28 09:43:00,445 INFO     ___FILE_ONLY___ :
2024-11-28 09:43:00,445 INFO     ___FILE_ONLY___  
2024-11-28 09:43:00,446 INFO     ___FILE_ONLY___ roles/resourcemanager.projectIamAdmin
2024-11-28 09:43:00,446 INFO     ___FILE_ONLY___ 

2024-11-28 09:43:00,446 INFO     ___FILE_ONLY___ -
2024-11-28 09:43:00,446 INFO     ___FILE_ONLY___  
2024-11-28 09:43:00,446 INFO     ___FILE_ONLY___ members
2024-11-28 09:43:00,446 INFO     ___FILE_ONLY___ :
2024-11-28 09:43:00,446 INFO     ___FILE_ONLY___ 

2024-11-28 09:43:00,446 INFO     ___FILE_ONLY___   
2024-11-28 09:43:00,446 INFO     ___FILE_ONLY___ -
2024-11-28 09:43:00,446 INFO     ___FILE_ONLY___  
2024-11-28 09:43:00,446 INFO     ___FILE_ONLY___ serviceAccount:service-644941739395@serverless-robot-prod.iam.gserviceaccount.com
2024-11-28 09:43:00,446 INFO     ___FILE_ONLY___ 

2024-11-28 09:43:00,446 INFO     ___FILE_ONLY___   
2024-11-28 09:43:00,447 INFO     ___FILE_ONLY___ role
2024-11-28 09:43:00,447 INFO     ___FILE_ONLY___ :
2024-11-28 09:43:00,447 INFO     ___FILE_ONLY___  
2024-11-28 09:43:00,447 INFO     ___FILE_ONLY___ roles/run.serviceAgent
2024-11-28 09:43:00,447 INFO     ___FILE_ONLY___ 

2024-11-28 09:43:00,447 INFO     ___FILE_ONLY___ etag
2024-11-28 09:43:00,447 INFO     ___FILE_ONLY___ :
2024-11-28 09:43:00,447 INFO     ___FILE_ONLY___  
2024-11-28 09:43:00,447 INFO     ___FILE_ONLY___ BwYn9ehvuiU=
2024-11-28 09:43:00,447 INFO     ___FILE_ONLY___ 

2024-11-28 09:43:00,447 INFO     ___FILE_ONLY___ version
2024-11-28 09:43:00,448 INFO     ___FILE_ONLY___ :
2024-11-28 09:43:00,448 INFO     ___FILE_ONLY___  
2024-11-28 09:43:00,448 INFO     ___FILE_ONLY___ 1
2024-11-28 09:43:00,448 INFO     ___FILE_ONLY___ 

2024-11-28 09:43:00,448 DEBUG    root            SDK update checks are disabled.
