2024-11-28 09:55:06,217 DEBUG    root            Loaded Command Group: ['gcloud', 'projects']
2024-11-28 09:55:06,279 DEBUG    root            Loaded Command Group: ['gcloud', 'projects', 'add_iam_policy_binding']
2024-11-28 09:55:06,298 DEBUG    root            Running [gcloud.projects.add-iam-policy-binding] with arguments: [--member: "serviceAccount:service-644941739395@gs-project-accounts.iam.gserviceaccount.com", --role: "roles/pubsub.publisher", PROJECT_ID: "inspired-photon-441609-k7"]
2024-11-28 09:55:06,487 DEBUG    urllib3.connectionpool Starting new HTTPS connection (1): cloudresourcemanager.googleapis.com:443
2024-11-28 09:55:06,641 DEBUG    urllib3.connectionpool https://cloudresourcemanager.googleapis.com:443 "POST /v1/projects/inspired-photon-441609-k7:getIamPolicy?alt=json HTTP/1.1" 200 None
2024-11-28 09:55:06,801 DEBUG    urllib3.connectionpool Starting new HTTPS connection (1): cloudresourcemanager.googleapis.com:443
2024-11-28 09:55:07,482 DEBUG    urllib3.connectionpool https://cloudresourcemanager.googleapis.com:443 "POST /v1/projects/inspired-photon-441609-k7:setIamPolicy?alt=json HTTP/1.1" 200 None
2024-11-28 09:55:07,488 INFO     ___FILE_ONLY___ Updated IAM policy for project [inspired-photon-441609-k7].

2024-11-28 09:55:07,489 DEBUG    root            Chosen display Format:default
2024-11-28 09:55:07,489 INFO     root            Display format: "default"
2024-11-28 09:55:07,519 INFO     ___FILE_ONLY___ bindings
2024-11-28 09:55:07,519 INFO     ___FILE_ONLY___ :
2024-11-28 09:55:07,519 INFO     ___FILE_ONLY___ 

2024-11-28 09:55:07,519 INFO     ___FILE_ONLY___ -
2024-11-28 09:55:07,519 INFO     ___FILE_ONLY___  
2024-11-28 09:55:07,520 INFO     ___FILE_ONLY___ members
2024-11-28 09:55:07,520 INFO     ___FILE_ONLY___ :
2024-11-28 09:55:07,520 INFO     ___FILE_ONLY___ 

2024-11-28 09:55:07,520 INFO     ___FILE_ONLY___   
2024-11-28 09:55:07,520 INFO     ___FILE_ONLY___ -
2024-11-28 09:55:07,520 INFO     ___FILE_ONLY___  
2024-11-28 09:55:07,520 INFO     ___FILE_ONLY___ serviceAccount:trigger-account@inspired-photon-441609-k7.iam.gserviceaccount.com
2024-11-28 09:55:07,520 INFO     ___FILE_ONLY___ 

2024-11-28 09:55:07,520 INFO     ___FILE_ONLY___   
2024-11-28 09:55:07,521 INFO     ___FILE_ONLY___ role
2024-11-28 09:55:07,521 INFO     ___FILE_ONLY___ :
2024-11-28 09:55:07,521 INFO     ___FILE_ONLY___  
2024-11-28 09:55:07,521 INFO     ___FILE_ONLY___ projects/inspired-photon-441609-k7/roles/main_custom_role_18
2024-11-28 09:55:07,521 INFO     ___FILE_ONLY___ 

2024-11-28 09:55:07,522 INFO     ___FILE_ONLY___ -
2024-11-28 09:55:07,522 INFO     ___FILE_ONLY___  
2024-11-28 09:55:07,522 INFO     ___FILE_ONLY___ members
2024-11-28 09:55:07,522 INFO     ___FILE_ONLY___ :
2024-11-28 09:55:07,522 INFO     ___FILE_ONLY___ 

2024-11-28 09:55:07,522 INFO     ___FILE_ONLY___   
2024-11-28 09:55:07,522 INFO     ___FILE_ONLY___ -
2024-11-28 09:55:07,522 INFO     ___FILE_ONLY___  
2024-11-28 09:55:07,523 INFO     ___FILE_ONLY___ serviceAccount:service-644941739395@gcp-sa-artifactregistry.iam.gserviceaccount.com
2024-11-28 09:55:07,523 INFO     ___FILE_ONLY___ 

2024-11-28 09:55:07,523 INFO     ___FILE_ONLY___   
2024-11-28 09:55:07,523 INFO     ___FILE_ONLY___ role
2024-11-28 09:55:07,523 INFO     ___FILE_ONLY___ :
2024-11-28 09:55:07,523 INFO     ___FILE_ONLY___  
2024-11-28 09:55:07,523 INFO     ___FILE_ONLY___ roles/artifactregistry.serviceAgent
2024-11-28 09:55:07,523 INFO     ___FILE_ONLY___ 

2024-11-28 09:55:07,523 INFO     ___FILE_ONLY___ -
2024-11-28 09:55:07,524 INFO     ___FILE_ONLY___  
2024-11-28 09:55:07,524 INFO     ___FILE_ONLY___ members
2024-11-28 09:55:07,524 INFO     ___FILE_ONLY___ :
2024-11-28 09:55:07,524 INFO     ___FILE_ONLY___ 

2024-11-28 09:55:07,524 INFO     ___FILE_ONLY___   
2024-11-28 09:55:07,524 INFO     ___FILE_ONLY___ -
2024-11-28 09:55:07,524 INFO     ___FILE_ONLY___  
2024-11-28 09:55:07,524 INFO     ___FILE_ONLY___ serviceAccount:644941739395@cloudbuild.gserviceaccount.com
2024-11-28 09:55:07,524 INFO     ___FILE_ONLY___ 

2024-11-28 09:55:07,524 INFO     ___FILE_ONLY___   
2024-11-28 09:55:07,525 INFO     ___FILE_ONLY___ role
2024-11-28 09:55:07,525 INFO     ___FILE_ONLY___ :
2024-11-28 09:55:07,525 INFO     ___FILE_ONLY___  
2024-11-28 09:55:07,525 INFO     ___FILE_ONLY___ roles/cloudbuild.builds.builder
2024-11-28 09:55:07,525 INFO     ___FILE_ONLY___ 

2024-11-28 09:55:07,525 INFO     ___FILE_ONLY___ -
2024-11-28 09:55:07,525 INFO     ___FILE_ONLY___  
2024-11-28 09:55:07,525 INFO     ___FILE_ONLY___ members
2024-11-28 09:55:07,525 INFO     ___FILE_ONLY___ :
2024-11-28 09:55:07,525 INFO     ___FILE_ONLY___ 

2024-11-28 09:55:07,525 INFO     ___FILE_ONLY___   
2024-11-28 09:55:07,526 INFO     ___FILE_ONLY___ -
2024-11-28 09:55:07,526 INFO     ___FILE_ONLY___  
2024-11-28 09:55:07,526 INFO     ___FILE_ONLY___ serviceAccount:service-644941739395@gcp-sa-cloudbuild.iam.gserviceaccount.com
2024-11-28 09:55:07,526 INFO     ___FILE_ONLY___ 

2024-11-28 09:55:07,526 INFO     ___FILE_ONLY___   
2024-11-28 09:55:07,526 INFO     ___FILE_ONLY___ role
2024-11-28 09:55:07,526 INFO     ___FILE_ONLY___ :
2024-11-28 09:55:07,526 INFO     ___FILE_ONLY___  
2024-11-28 09:55:07,526 INFO     ___FILE_ONLY___ roles/cloudbuild.serviceAgent
2024-11-28 09:55:07,526 INFO     ___FILE_ONLY___ 

2024-11-28 09:55:07,527 INFO     ___FILE_ONLY___ -
2024-11-28 09:55:07,527 INFO     ___FILE_ONLY___  
2024-11-28 09:55:07,527 INFO     ___FILE_ONLY___ members
2024-11-28 09:55:07,527 INFO     ___FILE_ONLY___ :
2024-11-28 09:55:07,527 INFO     ___FILE_ONLY___ 

2024-11-28 09:55:07,527 INFO     ___FILE_ONLY___   
2024-11-28 09:55:07,527 INFO     ___FILE_ONLY___ -
2024-11-28 09:55:07,527 INFO     ___FILE_ONLY___  
2024-11-28 09:55:07,527 INFO     ___FILE_ONLY___ serviceAccount:644941739395@cloudbuild.gserviceaccount.com
2024-11-28 09:55:07,527 INFO     ___FILE_ONLY___ 

2024-11-28 09:55:07,527 INFO     ___FILE_ONLY___   
2024-11-28 09:55:07,527 INFO     ___FILE_ONLY___ role
2024-11-28 09:55:07,528 INFO     ___FILE_ONLY___ :
2024-11-28 09:55:07,528 INFO     ___FILE_ONLY___  
2024-11-28 09:55:07,528 INFO     ___FILE_ONLY___ roles/cloudfunctions.developer
2024-11-28 09:55:07,528 INFO     ___FILE_ONLY___ 

2024-11-28 09:55:07,528 INFO     ___FILE_ONLY___ -
2024-11-28 09:55:07,528 INFO     ___FILE_ONLY___  
2024-11-28 09:55:07,528 INFO     ___FILE_ONLY___ members
2024-11-28 09:55:07,528 INFO     ___FILE_ONLY___ :
2024-11-28 09:55:07,528 INFO     ___FILE_ONLY___ 

2024-11-28 09:55:07,528 INFO     ___FILE_ONLY___   
2024-11-28 09:55:07,528 INFO     ___FILE_ONLY___ -
2024-11-28 09:55:07,529 INFO     ___FILE_ONLY___  
2024-11-28 09:55:07,529 INFO     ___FILE_ONLY___ serviceAccount:service-644941739395@gcf-admin-robot.iam.gserviceaccount.com
2024-11-28 09:55:07,529 INFO     ___FILE_ONLY___ 

2024-11-28 09:55:07,529 INFO     ___FILE_ONLY___   
2024-11-28 09:55:07,529 INFO     ___FILE_ONLY___ role
2024-11-28 09:55:07,529 INFO     ___FILE_ONLY___ :
2024-11-28 09:55:07,529 INFO     ___FILE_ONLY___  
2024-11-28 09:55:07,529 INFO     ___FILE_ONLY___ roles/cloudfunctions.serviceAgent
2024-11-28 09:55:07,529 INFO     ___FILE_ONLY___ 

2024-11-28 09:55:07,529 INFO     ___FILE_ONLY___ -
2024-11-28 09:55:07,529 INFO     ___FILE_ONLY___  
2024-11-28 09:55:07,530 INFO     ___FILE_ONLY___ members
2024-11-28 09:55:07,530 INFO     ___FILE_ONLY___ :
2024-11-28 09:55:07,530 INFO     ___FILE_ONLY___ 

2024-11-28 09:55:07,530 INFO     ___FILE_ONLY___   
2024-11-28 09:55:07,530 INFO     ___FILE_ONLY___ -
2024-11-28 09:55:07,530 INFO     ___FILE_ONLY___  
2024-11-28 09:55:07,530 INFO     ___FILE_ONLY___ serviceAccount:vm-creater-account@inspired-photon-441609-k7.iam.gserviceaccount.com
2024-11-28 09:55:07,530 INFO     ___FILE_ONLY___ 

2024-11-28 09:55:07,530 INFO     ___FILE_ONLY___   
2024-11-28 09:55:07,530 INFO     ___FILE_ONLY___ role
2024-11-28 09:55:07,530 INFO     ___FILE_ONLY___ :
2024-11-28 09:55:07,531 INFO     ___FILE_ONLY___  
2024-11-28 09:55:07,531 INFO     ___FILE_ONLY___ roles/compute.instanceAdmin.v1
2024-11-28 09:55:07,531 INFO     ___FILE_ONLY___ 

2024-11-28 09:55:07,531 INFO     ___FILE_ONLY___ -
2024-11-28 09:55:07,531 INFO     ___FILE_ONLY___  
2024-11-28 09:55:07,531 INFO     ___FILE_ONLY___ members
2024-11-28 09:55:07,531 INFO     ___FILE_ONLY___ :
2024-11-28 09:55:07,531 INFO     ___FILE_ONLY___ 

2024-11-28 09:55:07,531 INFO     ___FILE_ONLY___   
2024-11-28 09:55:07,531 INFO     ___FILE_ONLY___ -
2024-11-28 09:55:07,531 INFO     ___FILE_ONLY___  
2024-11-28 09:55:07,531 INFO     ___FILE_ONLY___ serviceAccount:vm-creater-account@inspired-photon-441609-k7.iam.gserviceaccount.com
2024-11-28 09:55:07,532 INFO     ___FILE_ONLY___ 

2024-11-28 09:55:07,532 INFO     ___FILE_ONLY___   
2024-11-28 09:55:07,532 INFO     ___FILE_ONLY___ role
2024-11-28 09:55:07,532 INFO     ___FILE_ONLY___ :
2024-11-28 09:55:07,532 INFO     ___FILE_ONLY___  
2024-11-28 09:55:07,532 INFO     ___FILE_ONLY___ roles/compute.networkUser
2024-11-28 09:55:07,532 INFO     ___FILE_ONLY___ 

2024-11-28 09:55:07,532 INFO     ___FILE_ONLY___ -
2024-11-28 09:55:07,532 INFO     ___FILE_ONLY___  
2024-11-28 09:55:07,532 INFO     ___FILE_ONLY___ members
2024-11-28 09:55:07,533 INFO     ___FILE_ONLY___ :
2024-11-28 09:55:07,533 INFO     ___FILE_ONLY___ 

2024-11-28 09:55:07,533 INFO     ___FILE_ONLY___   
2024-11-28 09:55:07,533 INFO     ___FILE_ONLY___ -
2024-11-28 09:55:07,533 INFO     ___FILE_ONLY___  
2024-11-28 09:55:07,534 INFO     ___FILE_ONLY___ serviceAccount:service-644941739395@compute-system.iam.gserviceaccount.com
2024-11-28 09:55:07,534 INFO     ___FILE_ONLY___ 

2024-11-28 09:55:07,534 INFO     ___FILE_ONLY___   
2024-11-28 09:55:07,534 INFO     ___FILE_ONLY___ role
2024-11-28 09:55:07,534 INFO     ___FILE_ONLY___ :
2024-11-28 09:55:07,534 INFO     ___FILE_ONLY___  
2024-11-28 09:55:07,534 INFO     ___FILE_ONLY___ roles/compute.serviceAgent
2024-11-28 09:55:07,534 INFO     ___FILE_ONLY___ 

2024-11-28 09:55:07,534 INFO     ___FILE_ONLY___ -
2024-11-28 09:55:07,535 INFO     ___FILE_ONLY___  
2024-11-28 09:55:07,535 INFO     ___FILE_ONLY___ members
2024-11-28 09:55:07,535 INFO     ___FILE_ONLY___ :
2024-11-28 09:55:07,535 INFO     ___FILE_ONLY___ 

2024-11-28 09:55:07,535 INFO     ___FILE_ONLY___   
2024-11-28 09:55:07,535 INFO     ___FILE_ONLY___ -
2024-11-28 09:55:07,535 INFO     ___FILE_ONLY___  
2024-11-28 09:55:07,535 INFO     ___FILE_ONLY___ serviceAccount:service-644941739395@containerregistry.iam.gserviceaccount.com
2024-11-28 09:55:07,535 INFO     ___FILE_ONLY___ 

2024-11-28 09:55:07,535 INFO     ___FILE_ONLY___   
2024-11-28 09:55:07,536 INFO     ___FILE_ONLY___ role
2024-11-28 09:55:07,536 INFO     ___FILE_ONLY___ :
2024-11-28 09:55:07,536 INFO     ___FILE_ONLY___  
2024-11-28 09:55:07,536 INFO     ___FILE_ONLY___ roles/containerregistry.ServiceAgent
2024-11-28 09:55:07,536 INFO     ___FILE_ONLY___ 

2024-11-28 09:55:07,536 INFO     ___FILE_ONLY___ -
2024-11-28 09:55:07,536 INFO     ___FILE_ONLY___  
2024-11-28 09:55:07,536 INFO     ___FILE_ONLY___ members
2024-11-28 09:55:07,536 INFO     ___FILE_ONLY___ :
2024-11-28 09:55:07,536 INFO     ___FILE_ONLY___ 

2024-11-28 09:55:07,537 INFO     ___FILE_ONLY___   
2024-11-28 09:55:07,537 INFO     ___FILE_ONLY___ -
2024-11-28 09:55:07,537 INFO     ___FILE_ONLY___  
2024-11-28 09:55:07,537 INFO     ___FILE_ONLY___ serviceAccount:644941739395-compute@developer.gserviceaccount.com
2024-11-28 09:55:07,537 INFO     ___FILE_ONLY___ 

2024-11-28 09:55:07,537 INFO     ___FILE_ONLY___   
2024-11-28 09:55:07,537 INFO     ___FILE_ONLY___ -
2024-11-28 09:55:07,537 INFO     ___FILE_ONLY___  
2024-11-28 09:55:07,537 INFO     ___FILE_ONLY___ serviceAccount:644941739395@cloudservices.gserviceaccount.com
2024-11-28 09:55:07,537 INFO     ___FILE_ONLY___ 

2024-11-28 09:55:07,538 INFO     ___FILE_ONLY___   
2024-11-28 09:55:07,538 INFO     ___FILE_ONLY___ -
2024-11-28 09:55:07,538 INFO     ___FILE_ONLY___  
2024-11-28 09:55:07,538 INFO     ___FILE_ONLY___ serviceAccount:inspired-photon-441609-k7@appspot.gserviceaccount.com
2024-11-28 09:55:07,538 INFO     ___FILE_ONLY___ 

2024-11-28 09:55:07,538 INFO     ___FILE_ONLY___   
2024-11-28 09:55:07,538 INFO     ___FILE_ONLY___ -
2024-11-28 09:55:07,538 INFO     ___FILE_ONLY___  
2024-11-28 09:55:07,538 INFO     ___FILE_ONLY___ serviceAccount:vm-creater-account@inspired-photon-441609-k7.iam.gserviceaccount.com
2024-11-28 09:55:07,538 INFO     ___FILE_ONLY___ 

2024-11-28 09:55:07,538 INFO     ___FILE_ONLY___   
2024-11-28 09:55:07,539 INFO     ___FILE_ONLY___ role
2024-11-28 09:55:07,539 INFO     ___FILE_ONLY___ :
2024-11-28 09:55:07,539 INFO     ___FILE_ONLY___  
2024-11-28 09:55:07,539 INFO     ___FILE_ONLY___ roles/editor
2024-11-28 09:55:07,539 INFO     ___FILE_ONLY___ 

2024-11-28 09:55:07,539 INFO     ___FILE_ONLY___ -
2024-11-28 09:55:07,539 INFO     ___FILE_ONLY___  
2024-11-28 09:55:07,539 INFO     ___FILE_ONLY___ members
2024-11-28 09:55:07,539 INFO     ___FILE_ONLY___ :
2024-11-28 09:55:07,539 INFO     ___FILE_ONLY___ 

2024-11-28 09:55:07,539 INFO     ___FILE_ONLY___   
2024-11-28 09:55:07,540 INFO     ___FILE_ONLY___ -
2024-11-28 09:55:07,540 INFO     ___FILE_ONLY___  
2024-11-28 09:55:07,540 INFO     ___FILE_ONLY___ serviceAccount:service-644941739395@gcp-sa-eventarc.iam.gserviceaccount.com
2024-11-28 09:55:07,540 INFO     ___FILE_ONLY___ 

2024-11-28 09:55:07,540 INFO     ___FILE_ONLY___   
2024-11-28 09:55:07,540 INFO     ___FILE_ONLY___ role
2024-11-28 09:55:07,540 INFO     ___FILE_ONLY___ :
2024-11-28 09:55:07,540 INFO     ___FILE_ONLY___  
2024-11-28 09:55:07,540 INFO     ___FILE_ONLY___ roles/eventarc.serviceAgent
2024-11-28 09:55:07,540 INFO     ___FILE_ONLY___ 

2024-11-28 09:55:07,540 INFO     ___FILE_ONLY___ -
2024-11-28 09:55:07,541 INFO     ___FILE_ONLY___  
2024-11-28 09:55:07,541 INFO     ___FILE_ONLY___ members
2024-11-28 09:55:07,541 INFO     ___FILE_ONLY___ :
2024-11-28 09:55:07,541 INFO     ___FILE_ONLY___ 

2024-11-28 09:55:07,541 INFO     ___FILE_ONLY___   
2024-11-28 09:55:07,541 INFO     ___FILE_ONLY___ -
2024-11-28 09:55:07,541 INFO     ___FILE_ONLY___  
2024-11-28 09:55:07,541 INFO     ___FILE_ONLY___ serviceAccount:trigger-account@inspired-photon-441609-k7.iam.gserviceaccount.com
2024-11-28 09:55:07,541 INFO     ___FILE_ONLY___ 

2024-11-28 09:55:07,541 INFO     ___FILE_ONLY___   
2024-11-28 09:55:07,541 INFO     ___FILE_ONLY___ role
2024-11-28 09:55:07,542 INFO     ___FILE_ONLY___ :
2024-11-28 09:55:07,542 INFO     ___FILE_ONLY___  
2024-11-28 09:55:07,542 INFO     ___FILE_ONLY___ roles/iam.roleAdmin
2024-11-28 09:55:07,542 INFO     ___FILE_ONLY___ 

2024-11-28 09:55:07,542 INFO     ___FILE_ONLY___ -
2024-11-28 09:55:07,542 INFO     ___FILE_ONLY___  
2024-11-28 09:55:07,542 INFO     ___FILE_ONLY___ members
2024-11-28 09:55:07,542 INFO     ___FILE_ONLY___ :
2024-11-28 09:55:07,542 INFO     ___FILE_ONLY___ 

2024-11-28 09:55:07,542 INFO     ___FILE_ONLY___   
2024-11-28 09:55:07,542 INFO     ___FILE_ONLY___ -
2024-11-28 09:55:07,543 INFO     ___FILE_ONLY___  
2024-11-28 09:55:07,543 INFO     ___FILE_ONLY___ serviceAccount:644941739395@cloudbuild.gserviceaccount.com
2024-11-28 09:55:07,543 INFO     ___FILE_ONLY___ 

2024-11-28 09:55:07,543 INFO     ___FILE_ONLY___   
2024-11-28 09:55:07,543 INFO     ___FILE_ONLY___ -
2024-11-28 09:55:07,543 INFO     ___FILE_ONLY___  
2024-11-28 09:55:07,543 INFO     ___FILE_ONLY___ serviceAccount:vm-creater-account@inspired-photon-441609-k7.iam.gserviceaccount.com
2024-11-28 09:55:07,543 INFO     ___FILE_ONLY___ 

2024-11-28 09:55:07,543 INFO     ___FILE_ONLY___   
2024-11-28 09:55:07,543 INFO     ___FILE_ONLY___ role
2024-11-28 09:55:07,543 INFO     ___FILE_ONLY___ :
2024-11-28 09:55:07,543 INFO     ___FILE_ONLY___  
2024-11-28 09:55:07,543 INFO     ___FILE_ONLY___ roles/iam.serviceAccountUser
2024-11-28 09:55:07,544 INFO     ___FILE_ONLY___ 

2024-11-28 09:55:07,544 INFO     ___FILE_ONLY___ -
2024-11-28 09:55:07,544 INFO     ___FILE_ONLY___  
2024-11-28 09:55:07,544 INFO     ___FILE_ONLY___ members
2024-11-28 09:55:07,544 INFO     ___FILE_ONLY___ :
2024-11-28 09:55:07,544 INFO     ___FILE_ONLY___ 

2024-11-28 09:55:07,544 INFO     ___FILE_ONLY___   
2024-11-28 09:55:07,544 INFO     ___FILE_ONLY___ -
2024-11-28 09:55:07,544 INFO     ___FILE_ONLY___  
2024-11-28 09:55:07,544 INFO     ___FILE_ONLY___ user:das03285@gmail.com
2024-11-28 09:55:07,545 INFO     ___FILE_ONLY___ 

2024-11-28 09:55:07,545 INFO     ___FILE_ONLY___   
2024-11-28 09:55:07,545 INFO     ___FILE_ONLY___ role
2024-11-28 09:55:07,545 INFO     ___FILE_ONLY___ :
2024-11-28 09:55:07,545 INFO     ___FILE_ONLY___  
2024-11-28 09:55:07,545 INFO     ___FILE_ONLY___ roles/owner
2024-11-28 09:55:07,546 INFO     ___FILE_ONLY___ 

2024-11-28 09:55:07,546 INFO     ___FILE_ONLY___ -
2024-11-28 09:55:07,546 INFO     ___FILE_ONLY___  
2024-11-28 09:55:07,546 INFO     ___FILE_ONLY___ members
2024-11-28 09:55:07,546 INFO     ___FILE_ONLY___ :
2024-11-28 09:55:07,546 INFO     ___FILE_ONLY___ 

2024-11-28 09:55:07,546 INFO     ___FILE_ONLY___   
2024-11-28 09:55:07,546 INFO     ___FILE_ONLY___ -
2024-11-28 09:55:07,546 INFO     ___FILE_ONLY___  
2024-11-28 09:55:07,546 INFO     ___FILE_ONLY___ serviceAccount:service-644941739395@gs-project-accounts.iam.gserviceaccount.com
2024-11-28 09:55:07,547 INFO     ___FILE_ONLY___ 

2024-11-28 09:55:07,547 INFO     ___FILE_ONLY___   
2024-11-28 09:55:07,547 INFO     ___FILE_ONLY___ role
2024-11-28 09:55:07,547 INFO     ___FILE_ONLY___ :
2024-11-28 09:55:07,547 INFO     ___FILE_ONLY___  
2024-11-28 09:55:07,547 INFO     ___FILE_ONLY___ roles/pubsub.publisher
2024-11-28 09:55:07,547 INFO     ___FILE_ONLY___ 

2024-11-28 09:55:07,547 INFO     ___FILE_ONLY___ -
2024-11-28 09:55:07,547 INFO     ___FILE_ONLY___  
2024-11-28 09:55:07,547 INFO     ___FILE_ONLY___ members
2024-11-28 09:55:07,548 INFO     ___FILE_ONLY___ :
2024-11-28 09:55:07,548 INFO     ___FILE_ONLY___ 

2024-11-28 09:55:07,548 INFO     ___FILE_ONLY___   
2024-11-28 09:55:07,548 INFO     ___FILE_ONLY___ -
2024-11-28 09:55:07,548 INFO     ___FILE_ONLY___  
2024-11-28 09:55:07,548 INFO     ___FILE_ONLY___ serviceAccount:service-644941739395@gcp-sa-pubsub.iam.gserviceaccount.com
2024-11-28 09:55:07,548 INFO     ___FILE_ONLY___ 

2024-11-28 09:55:07,548 INFO     ___FILE_ONLY___   
2024-11-28 09:55:07,548 INFO     ___FILE_ONLY___ role
2024-11-28 09:55:07,548 INFO     ___FILE_ONLY___ :
2024-11-28 09:55:07,548 INFO     ___FILE_ONLY___  
2024-11-28 09:55:07,549 INFO     ___FILE_ONLY___ roles/pubsub.serviceAgent
2024-11-28 09:55:07,549 INFO     ___FILE_ONLY___ 

2024-11-28 09:55:07,549 INFO     ___FILE_ONLY___ -
2024-11-28 09:55:07,549 INFO     ___FILE_ONLY___  
2024-11-28 09:55:07,549 INFO     ___FILE_ONLY___ members
2024-11-28 09:55:07,549 INFO     ___FILE_ONLY___ :
2024-11-28 09:55:07,549 INFO     ___FILE_ONLY___ 

2024-11-28 09:55:07,549 INFO     ___FILE_ONLY___   
2024-11-28 09:55:07,549 INFO     ___FILE_ONLY___ -
2024-11-28 09:55:07,549 INFO     ___FILE_ONLY___  
2024-11-28 09:55:07,549 INFO     ___FILE_ONLY___ serviceAccount:trigger-account@inspired-photon-441609-k7.iam.gserviceaccount.com
2024-11-28 09:55:07,550 INFO     ___FILE_ONLY___ 

2024-11-28 09:55:07,550 INFO     ___FILE_ONLY___   
2024-11-28 09:55:07,550 INFO     ___FILE_ONLY___ role
2024-11-28 09:55:07,550 INFO     ___FILE_ONLY___ :
2024-11-28 09:55:07,550 INFO     ___FILE_ONLY___  
2024-11-28 09:55:07,550 INFO     ___FILE_ONLY___ roles/resourcemanager.projectIamAdmin
2024-11-28 09:55:07,550 INFO     ___FILE_ONLY___ 

2024-11-28 09:55:07,550 INFO     ___FILE_ONLY___ -
2024-11-28 09:55:07,550 INFO     ___FILE_ONLY___  
2024-11-28 09:55:07,550 INFO     ___FILE_ONLY___ members
2024-11-28 09:55:07,550 INFO     ___FILE_ONLY___ :
2024-11-28 09:55:07,550 INFO     ___FILE_ONLY___ 

2024-11-28 09:55:07,551 INFO     ___FILE_ONLY___   
2024-11-28 09:55:07,551 INFO     ___FILE_ONLY___ -
2024-11-28 09:55:07,551 INFO     ___FILE_ONLY___  
2024-11-28 09:55:07,551 INFO     ___FILE_ONLY___ serviceAccount:service-644941739395@serverless-robot-prod.iam.gserviceaccount.com
2024-11-28 09:55:07,551 INFO     ___FILE_ONLY___ 

2024-11-28 09:55:07,551 INFO     ___FILE_ONLY___   
2024-11-28 09:55:07,551 INFO     ___FILE_ONLY___ role
2024-11-28 09:55:07,551 INFO     ___FILE_ONLY___ :
2024-11-28 09:55:07,551 INFO     ___FILE_ONLY___  
2024-11-28 09:55:07,551 INFO     ___FILE_ONLY___ roles/run.serviceAgent
2024-11-28 09:55:07,551 INFO     ___FILE_ONLY___ 

2024-11-28 09:55:07,552 INFO     ___FILE_ONLY___ etag
2024-11-28 09:55:07,552 INFO     ___FILE_ONLY___ :
2024-11-28 09:55:07,552 INFO     ___FILE_ONLY___  
2024-11-28 09:55:07,552 INFO     ___FILE_ONLY___ BwYn9hPGWL4=
2024-11-28 09:55:07,552 INFO     ___FILE_ONLY___ 

2024-11-28 09:55:07,552 INFO     ___FILE_ONLY___ version
2024-11-28 09:55:07,552 INFO     ___FILE_ONLY___ :
2024-11-28 09:55:07,552 INFO     ___FILE_ONLY___  
2024-11-28 09:55:07,552 INFO     ___FILE_ONLY___ 1
2024-11-28 09:55:07,552 INFO     ___FILE_ONLY___ 

2024-11-28 09:55:07,553 DEBUG    root            SDK update checks are disabled.
