2024-11-28 09:55:16,223 DEBUG    root            Loaded Command Group: ['gcloud', 'functions']
2024-11-28 09:55:16,597 DEBUG    root            Loaded Command Group: ['gcloud', 'functions', 'deploy']
2024-11-28 09:55:16,629 DEBUG    root            Running [gcloud.functions.deploy] with arguments: [--entry-point: "send_email", --runtime: "python312", --set-env-vars: "OrderedDict([('PROJECT_ID', 'inspired-photon-441609-k7'), ('TOPIC_ID', 'gcs-trigger-topic'), ('SENDGRID_API_KEY', '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')])", --source: ".", --timeout: "300", --trigger-topic: "gcs-trigger-topic", NAME: "pubsub-to-email"]
2024-11-28 09:55:16,786 DEBUG    urllib3.connectionpool Starting new HTTPS connection (1): cloudfunctions.googleapis.com:443
2024-11-28 09:55:17,048 DEBUG    urllib3.connectionpool https://cloudfunctions.googleapis.com:443 "GET /v2/projects/inspired-photon-441609-k7/locations/us-central1/functions/pubsub-to-email?alt=json HTTP/1.1" 200 None
2024-11-28 09:55:17,182 DEBUG    urllib3.connectionpool Starting new HTTPS connection (1): cloudfunctions.googleapis.com:443
2024-11-28 09:55:17,427 DEBUG    urllib3.connectionpool https://cloudfunctions.googleapis.com:443 "GET /v2/projects/inspired-photon-441609-k7/locations/us-central1/functions/pubsub-to-email?alt=json HTTP/1.1" 200 None
2024-11-28 09:55:17,433 DEBUG    urllib3.connectionpool Starting new HTTPS connection (1): cloudfunctions.googleapis.com:443
2024-11-28 09:55:17,528 DEBUG    urllib3.connectionpool https://cloudfunctions.googleapis.com:443 "GET /v2/projects/inspired-photon-441609-k7/locations/us-central1/runtimes?alt=json HTTP/1.1" 200 None
2024-11-28 09:55:17,681 DEBUG    urllib3.connectionpool Starting new HTTPS connection (1): cloudresourcemanager.googleapis.com:443
2024-11-28 09:55:17,760 DEBUG    urllib3.connectionpool https://cloudresourcemanager.googleapis.com:443 "GET /v1/projects/inspired-photon-441609-k7?alt=json HTTP/1.1" 200 None
2024-11-28 09:55:17,894 DEBUG    urllib3.connectionpool Starting new HTTPS connection (1): cloudresourcemanager.googleapis.com:443
2024-11-28 09:55:18,036 DEBUG    urllib3.connectionpool https://cloudresourcemanager.googleapis.com:443 "POST /v1/projects/inspired-photon-441609-k7:getIamPolicy?alt=json HTTP/1.1" 200 None
2024-11-28 09:55:18,042 INFO     root            Not using ignore file.
2024-11-28 09:55:27,260 DEBUG    urllib3.connectionpool Starting new HTTPS connection (1): cloudfunctions.googleapis.com:443
2024-11-28 09:55:27,452 DEBUG    urllib3.connectionpool https://cloudfunctions.googleapis.com:443 "POST /v2/projects/inspired-photon-441609-k7/locations/us-central1/functions:generateUploadUrl?alt=json HTTP/1.1" 200 None
2024-11-28 09:55:27,517 DEBUG    urllib3.connectionpool Starting new HTTPS connection (1): storage.googleapis.com:443
2024-11-28 09:55:28,159 DEBUG    urllib3.connectionpool https://storage.googleapis.com:443 "PUT /gcf-v2-uploads-644941739395.us-central1.cloudfunctions.appspot.com/ab7f2e21-4815-4968-97b3-13ebc68fdd35.zip?GoogleAccessId=service-644941739395%40gcf-admin-robot.iam.gserviceaccount.com&Expires=1732789527&Signature=NmwxMPQBKnJ6VeNOZlDtO%2FsoiE%2B6If%2FMc0b%2FFZZki%2B3vBc4EiHcoYPsPZ%2Fz2A1ioDfipB9iH0HXOHwk0Yl5T14pLgJDAnG3khpHaH%2B2erWnA4rJsnSHHVPwdF4YPg3o6sWdl8%2BkYxco0Ud63fUlqql8zQi8n0O1lzWV4vxDxLXkjuc7GPvy70jR4R8pL10WNbcTT7d4Wz7BKPbbUvfBQfsI6FT52JL%2Fxk08OKWi1kxNGgBkG%2FF1KekrvGbwHhaOIfVXi7ejPvF%2BgMg8JPrBKFumgEY2txbnJpeFjh%2BFA5v3ftq4qglJWxPLLXJQUkRGAeBo4ve7h%2BOTNUYFvv4FH6A%3D%3D HTTP/1.1" 200 0
2024-11-28 09:55:28,249 DEBUG    urllib3.connectionpool Starting new HTTPS connection (1): serviceusage.googleapis.com:443
2024-11-28 09:55:28,423 DEBUG    urllib3.connectionpool https://serviceusage.googleapis.com:443 "GET /v1/projects/inspired-photon-441609-k7/services/run.googleapis.com?alt=json HTTP/1.1" 403 None
2024-11-28 09:55:28,426 INFO     root            Could not verify if service run.googleapis.com is enabled: missing permission 'serviceusage.services.get'.
2024-11-28 09:55:28,496 DEBUG    urllib3.connectionpool Starting new HTTPS connection (1): serviceusage.googleapis.com:443
2024-11-28 09:55:28,621 DEBUG    urllib3.connectionpool https://serviceusage.googleapis.com:443 "GET /v1/projects/inspired-photon-441609-k7/services/cloudbuild.googleapis.com?alt=json HTTP/1.1" 403 None
2024-11-28 09:55:28,624 INFO     root            Could not verify if service cloudbuild.googleapis.com is enabled: missing permission 'serviceusage.services.get'.
2024-11-28 09:55:28,690 DEBUG    urllib3.connectionpool Starting new HTTPS connection (1): serviceusage.googleapis.com:443
2024-11-28 09:55:28,926 DEBUG    urllib3.connectionpool https://serviceusage.googleapis.com:443 "GET /v1/projects/inspired-photon-441609-k7/services/artifactregistry.googleapis.com?alt=json HTTP/1.1" 403 None
2024-11-28 09:55:28,929 INFO     root            Could not verify if service artifactregistry.googleapis.com is enabled: missing permission 'serviceusage.services.get'.
2024-11-28 09:55:29,082 DEBUG    urllib3.connectionpool Starting new HTTPS connection (1): cloudbuild.googleapis.com:443
2024-11-28 09:55:29,229 DEBUG    urllib3.connectionpool https://cloudbuild.googleapis.com:443 "GET /v1/projects/inspired-photon-441609-k7/locations/us-central1/defaultServiceAccount?alt=json HTTP/1.1" 200 None
2024-11-28 09:55:29,373 DEBUG    urllib3.connectionpool Starting new HTTPS connection (1): cloudresourcemanager.googleapis.com:443
2024-11-28 09:55:29,456 DEBUG    urllib3.connectionpool https://cloudresourcemanager.googleapis.com:443 "GET /v1/projects/inspired-photon-441609-k7?alt=json HTTP/1.1" 200 None
2024-11-28 09:55:29,591 DEBUG    urllib3.connectionpool Starting new HTTPS connection (1): cloudresourcemanager.googleapis.com:443
2024-11-28 09:55:29,730 DEBUG    urllib3.connectionpool https://cloudresourcemanager.googleapis.com:443 "POST /v1/projects/inspired-photon-441609-k7:getIamPolicy?alt=json HTTP/1.1" 200 None
2024-11-28 09:55:29,737 DEBUG    urllib3.connectionpool Starting new HTTPS connection (1): cloudfunctions.googleapis.com:443
2024-11-28 09:55:30,674 DEBUG    urllib3.connectionpool https://cloudfunctions.googleapis.com:443 "PATCH /v2/projects/inspired-photon-441609-k7/locations/us-central1/functions/pubsub-to-email?alt=json&updateMask=build_config.entry_point%2Cbuild_config.runtime%2Cbuild_config.source%2Cevent_trigger%2Cservice_config.environment_variables%2Cservice_config.timeout_seconds HTTP/1.1" 200 None
2024-11-28 09:55:30,678 INFO     ___FILE_ONLY___ Preparing function...
2024-11-28 09:55:30,681 DEBUG    urllib3.connectionpool Starting new HTTPS connection (1): cloudfunctions.googleapis.com:443
2024-11-28 09:55:30,775 DEBUG    urllib3.connectionpool https://cloudfunctions.googleapis.com:443 "GET /v2/projects/inspired-photon-441609-k7/locations/us-central1/operations/operation-1732787729817-627f6151b6169-9276b35a-6b5589fb?alt=json HTTP/1.1" 200 None
2024-11-28 09:55:32,653 DEBUG    urllib3.connectionpool Starting new HTTPS connection (1): cloudfunctions.googleapis.com:443
2024-11-28 09:55:32,734 DEBUG    urllib3.connectionpool https://cloudfunctions.googleapis.com:443 "GET /v2/projects/inspired-photon-441609-k7/locations/us-central1/operations/operation-1732787729817-627f6151b6169-9276b35a-6b5589fb?alt=json HTTP/1.1" 200 None
2024-11-28 09:55:32,884 INFO     ___FILE_ONLY___ Updating function (may take a while)...
2024-11-28 09:55:32,887 DEBUG    urllib3.connectionpool Starting new HTTPS connection (1): cloudfunctions.googleapis.com:443
2024-11-28 09:55:32,981 DEBUG    urllib3.connectionpool https://cloudfunctions.googleapis.com:443 "GET /v2/projects/inspired-photon-441609-k7/locations/us-central1/operations/operation-1732787729817-627f6151b6169-9276b35a-6b5589fb?alt=json HTTP/1.1" 200 None
2024-11-28 09:55:34,211 DEBUG    urllib3.connectionpool Starting new HTTPS connection (1): cloudfunctions.googleapis.com:443
2024-11-28 09:55:34,704 DEBUG    urllib3.connectionpool https://cloudfunctions.googleapis.com:443 "GET /v2/projects/inspired-photon-441609-k7/locations/us-central1/operations/operation-1732787729817-627f6151b6169-9276b35a-6b5589fb?alt=json HTTP/1.1" 200 None
2024-11-28 09:55:36,182 DEBUG    urllib3.connectionpool Starting new HTTPS connection (1): cloudfunctions.googleapis.com:443
2024-11-28 09:55:36,263 DEBUG    urllib3.connectionpool https://cloudfunctions.googleapis.com:443 "GET /v2/projects/inspired-photon-441609-k7/locations/us-central1/operations/operation-1732787729817-627f6151b6169-9276b35a-6b5589fb?alt=json HTTP/1.1" 200 None
2024-11-28 09:55:37,637 DEBUG    urllib3.connectionpool Starting new HTTPS connection (1): cloudfunctions.googleapis.com:443
2024-11-28 09:55:37,724 DEBUG    urllib3.connectionpool https://cloudfunctions.googleapis.com:443 "GET /v2/projects/inspired-photon-441609-k7/locations/us-central1/operations/operation-1732787729817-627f6151b6169-9276b35a-6b5589fb?alt=json HTTP/1.1" 200 None
2024-11-28 09:55:39,417 DEBUG    urllib3.connectionpool Starting new HTTPS connection (1): cloudfunctions.googleapis.com:443
2024-11-28 09:55:39,499 DEBUG    urllib3.connectionpool https://cloudfunctions.googleapis.com:443 "GET /v2/projects/inspired-photon-441609-k7/locations/us-central1/operations/operation-1732787729817-627f6151b6169-9276b35a-6b5589fb?alt=json HTTP/1.1" 200 None
2024-11-28 09:55:40,609 DEBUG    urllib3.connectionpool Starting new HTTPS connection (1): cloudfunctions.googleapis.com:443
2024-11-28 09:55:40,666 DEBUG    urllib3.connectionpool https://cloudfunctions.googleapis.com:443 "GET /v2/projects/inspired-photon-441609-k7/locations/us-central1/operations/operation-1732787729817-627f6151b6169-9276b35a-6b5589fb?alt=json HTTP/1.1" 200 None
2024-11-28 09:55:42,319 DEBUG    urllib3.connectionpool Starting new HTTPS connection (1): cloudfunctions.googleapis.com:443
2024-11-28 09:55:42,395 DEBUG    urllib3.connectionpool https://cloudfunctions.googleapis.com:443 "GET /v2/projects/inspired-photon-441609-k7/locations/us-central1/operations/operation-1732787729817-627f6151b6169-9276b35a-6b5589fb?alt=json HTTP/1.1" 200 None
2024-11-28 09:55:44,340 DEBUG    urllib3.connectionpool Starting new HTTPS connection (1): cloudfunctions.googleapis.com:443
2024-11-28 09:55:44,414 DEBUG    urllib3.connectionpool https://cloudfunctions.googleapis.com:443 "GET /v2/projects/inspired-photon-441609-k7/locations/us-central1/operations/operation-1732787729817-627f6151b6169-9276b35a-6b5589fb?alt=json HTTP/1.1" 200 None
2024-11-28 09:55:45,981 DEBUG    urllib3.connectionpool Starting new HTTPS connection (1): cloudfunctions.googleapis.com:443
2024-11-28 09:55:46,050 DEBUG    urllib3.connectionpool https://cloudfunctions.googleapis.com:443 "GET /v2/projects/inspired-photon-441609-k7/locations/us-central1/operations/operation-1732787729817-627f6151b6169-9276b35a-6b5589fb?alt=json HTTP/1.1" 200 None
2024-11-28 09:55:47,360 DEBUG    urllib3.connectionpool Starting new HTTPS connection (1): cloudfunctions.googleapis.com:443
2024-11-28 09:55:47,442 DEBUG    urllib3.connectionpool https://cloudfunctions.googleapis.com:443 "GET /v2/projects/inspired-photon-441609-k7/locations/us-central1/operations/operation-1732787729817-627f6151b6169-9276b35a-6b5589fb?alt=json HTTP/1.1" 200 None
2024-11-28 09:55:48,678 DEBUG    urllib3.connectionpool Starting new HTTPS connection (1): cloudfunctions.googleapis.com:443
2024-11-28 09:55:48,759 DEBUG    urllib3.connectionpool https://cloudfunctions.googleapis.com:443 "GET /v2/projects/inspired-photon-441609-k7/locations/us-central1/operations/operation-1732787729817-627f6151b6169-9276b35a-6b5589fb?alt=json HTTP/1.1" 200 None
2024-11-28 09:55:49,993 DEBUG    urllib3.connectionpool Starting new HTTPS connection (1): cloudfunctions.googleapis.com:443
2024-11-28 09:55:50,057 DEBUG    urllib3.connectionpool https://cloudfunctions.googleapis.com:443 "GET /v2/projects/inspired-photon-441609-k7/locations/us-central1/operations/operation-1732787729817-627f6151b6169-9276b35a-6b5589fb?alt=json HTTP/1.1" 200 None
2024-11-28 09:55:51,562 DEBUG    urllib3.connectionpool Starting new HTTPS connection (1): cloudfunctions.googleapis.com:443
2024-11-28 09:55:51,621 DEBUG    urllib3.connectionpool https://cloudfunctions.googleapis.com:443 "GET /v2/projects/inspired-photon-441609-k7/locations/us-central1/operations/operation-1732787729817-627f6151b6169-9276b35a-6b5589fb?alt=json HTTP/1.1" 200 None
2024-11-28 09:55:52,711 DEBUG    urllib3.connectionpool Starting new HTTPS connection (1): cloudfunctions.googleapis.com:443
2024-11-28 09:55:52,797 DEBUG    urllib3.connectionpool https://cloudfunctions.googleapis.com:443 "GET /v2/projects/inspired-photon-441609-k7/locations/us-central1/operations/operation-1732787729817-627f6151b6169-9276b35a-6b5589fb?alt=json HTTP/1.1" 200 None
2024-11-28 09:55:53,958 DEBUG    urllib3.connectionpool Starting new HTTPS connection (1): cloudfunctions.googleapis.com:443
2024-11-28 09:55:54,048 DEBUG    urllib3.connectionpool https://cloudfunctions.googleapis.com:443 "GET /v2/projects/inspired-photon-441609-k7/locations/us-central1/operations/operation-1732787729817-627f6151b6169-9276b35a-6b5589fb?alt=json HTTP/1.1" 200 None
2024-11-28 09:55:55,085 DEBUG    urllib3.connectionpool Starting new HTTPS connection (1): cloudfunctions.googleapis.com:443
2024-11-28 09:55:55,173 DEBUG    urllib3.connectionpool https://cloudfunctions.googleapis.com:443 "GET /v2/projects/inspired-photon-441609-k7/locations/us-central1/operations/operation-1732787729817-627f6151b6169-9276b35a-6b5589fb?alt=json HTTP/1.1" 200 None
2024-11-28 09:55:57,017 DEBUG    urllib3.connectionpool Starting new HTTPS connection (1): cloudfunctions.googleapis.com:443
2024-11-28 09:55:57,099 DEBUG    urllib3.connectionpool https://cloudfunctions.googleapis.com:443 "GET /v2/projects/inspired-photon-441609-k7/locations/us-central1/operations/operation-1732787729817-627f6151b6169-9276b35a-6b5589fb?alt=json HTTP/1.1" 200 None
2024-11-28 09:55:58,620 DEBUG    urllib3.connectionpool Starting new HTTPS connection (1): cloudfunctions.googleapis.com:443
2024-11-28 09:55:58,696 DEBUG    urllib3.connectionpool https://cloudfunctions.googleapis.com:443 "GET /v2/projects/inspired-photon-441609-k7/locations/us-central1/operations/operation-1732787729817-627f6151b6169-9276b35a-6b5589fb?alt=json HTTP/1.1" 200 None
2024-11-28 09:56:00,316 DEBUG    urllib3.connectionpool Starting new HTTPS connection (1): cloudfunctions.googleapis.com:443
2024-11-28 09:56:00,376 DEBUG    urllib3.connectionpool https://cloudfunctions.googleapis.com:443 "GET /v2/projects/inspired-photon-441609-k7/locations/us-central1/operations/operation-1732787729817-627f6151b6169-9276b35a-6b5589fb?alt=json HTTP/1.1" 200 None
2024-11-28 09:56:01,741 DEBUG    urllib3.connectionpool Starting new HTTPS connection (1): cloudfunctions.googleapis.com:443
2024-11-28 09:56:01,828 DEBUG    urllib3.connectionpool https://cloudfunctions.googleapis.com:443 "GET /v2/projects/inspired-photon-441609-k7/locations/us-central1/operations/operation-1732787729817-627f6151b6169-9276b35a-6b5589fb?alt=json HTTP/1.1" 200 None
2024-11-28 09:56:03,526 DEBUG    urllib3.connectionpool Starting new HTTPS connection (1): cloudfunctions.googleapis.com:443
2024-11-28 09:56:03,630 DEBUG    urllib3.connectionpool https://cloudfunctions.googleapis.com:443 "GET /v2/projects/inspired-photon-441609-k7/locations/us-central1/operations/operation-1732787729817-627f6151b6169-9276b35a-6b5589fb?alt=json HTTP/1.1" 200 None
2024-11-28 09:56:04,858 DEBUG    urllib3.connectionpool Starting new HTTPS connection (1): cloudfunctions.googleapis.com:443
2024-11-28 09:56:04,918 DEBUG    urllib3.connectionpool https://cloudfunctions.googleapis.com:443 "GET /v2/projects/inspired-photon-441609-k7/locations/us-central1/operations/operation-1732787729817-627f6151b6169-9276b35a-6b5589fb?alt=json HTTP/1.1" 200 None
2024-11-28 09:56:06,865 DEBUG    urllib3.connectionpool Starting new HTTPS connection (1): cloudfunctions.googleapis.com:443
2024-11-28 09:56:06,963 DEBUG    urllib3.connectionpool https://cloudfunctions.googleapis.com:443 "GET /v2/projects/inspired-photon-441609-k7/locations/us-central1/operations/operation-1732787729817-627f6151b6169-9276b35a-6b5589fb?alt=json HTTP/1.1" 200 None
2024-11-28 09:56:08,833 DEBUG    urllib3.connectionpool Starting new HTTPS connection (1): cloudfunctions.googleapis.com:443
2024-11-28 09:56:08,892 DEBUG    urllib3.connectionpool https://cloudfunctions.googleapis.com:443 "GET /v2/projects/inspired-photon-441609-k7/locations/us-central1/operations/operation-1732787729817-627f6151b6169-9276b35a-6b5589fb?alt=json HTTP/1.1" 200 None
2024-11-28 09:56:10,356 DEBUG    urllib3.connectionpool Starting new HTTPS connection (1): cloudfunctions.googleapis.com:443
2024-11-28 09:56:10,438 DEBUG    urllib3.connectionpool https://cloudfunctions.googleapis.com:443 "GET /v2/projects/inspired-photon-441609-k7/locations/us-central1/operations/operation-1732787729817-627f6151b6169-9276b35a-6b5589fb?alt=json HTTP/1.1" 200 None
2024-11-28 09:56:12,096 DEBUG    urllib3.connectionpool Starting new HTTPS connection (1): cloudfunctions.googleapis.com:443
2024-11-28 09:56:12,181 DEBUG    urllib3.connectionpool https://cloudfunctions.googleapis.com:443 "GET /v2/projects/inspired-photon-441609-k7/locations/us-central1/operations/operation-1732787729817-627f6151b6169-9276b35a-6b5589fb?alt=json HTTP/1.1" 200 None
2024-11-28 09:56:13,488 DEBUG    urllib3.connectionpool Starting new HTTPS connection (1): cloudfunctions.googleapis.com:443
2024-11-28 09:56:13,552 DEBUG    urllib3.connectionpool https://cloudfunctions.googleapis.com:443 "GET /v2/projects/inspired-photon-441609-k7/locations/us-central1/operations/operation-1732787729817-627f6151b6169-9276b35a-6b5589fb?alt=json HTTP/1.1" 200 None
2024-11-28 09:56:14,573 DEBUG    urllib3.connectionpool Starting new HTTPS connection (1): cloudfunctions.googleapis.com:443
2024-11-28 09:56:14,664 DEBUG    urllib3.connectionpool https://cloudfunctions.googleapis.com:443 "GET /v2/projects/inspired-photon-441609-k7/locations/us-central1/operations/operation-1732787729817-627f6151b6169-9276b35a-6b5589fb?alt=json HTTP/1.1" 200 None
2024-11-28 09:56:16,241 DEBUG    urllib3.connectionpool Starting new HTTPS connection (1): cloudfunctions.googleapis.com:443
2024-11-28 09:56:16,307 DEBUG    urllib3.connectionpool https://cloudfunctions.googleapis.com:443 "GET /v2/projects/inspired-photon-441609-k7/locations/us-central1/operations/operation-1732787729817-627f6151b6169-9276b35a-6b5589fb?alt=json HTTP/1.1" 200 None
2024-11-28 09:56:18,312 DEBUG    urllib3.connectionpool Starting new HTTPS connection (1): cloudfunctions.googleapis.com:443
2024-11-28 09:56:18,433 DEBUG    urllib3.connectionpool https://cloudfunctions.googleapis.com:443 "GET /v2/projects/inspired-photon-441609-k7/locations/us-central1/operations/operation-1732787729817-627f6151b6169-9276b35a-6b5589fb?alt=json HTTP/1.1" 200 None
2024-11-28 09:56:20,241 DEBUG    urllib3.connectionpool Starting new HTTPS connection (1): cloudfunctions.googleapis.com:443
2024-11-28 09:56:20,302 DEBUG    urllib3.connectionpool https://cloudfunctions.googleapis.com:443 "GET /v2/projects/inspired-photon-441609-k7/locations/us-central1/operations/operation-1732787729817-627f6151b6169-9276b35a-6b5589fb?alt=json HTTP/1.1" 200 None
2024-11-28 09:56:22,239 DEBUG    urllib3.connectionpool Starting new HTTPS connection (1): cloudfunctions.googleapis.com:443
2024-11-28 09:56:22,301 DEBUG    urllib3.connectionpool https://cloudfunctions.googleapis.com:443 "GET /v2/projects/inspired-photon-441609-k7/locations/us-central1/operations/operation-1732787729817-627f6151b6169-9276b35a-6b5589fb?alt=json HTTP/1.1" 200 None
2024-11-28 09:56:24,300 DEBUG    urllib3.connectionpool Starting new HTTPS connection (1): cloudfunctions.googleapis.com:443
2024-11-28 09:56:24,360 DEBUG    urllib3.connectionpool https://cloudfunctions.googleapis.com:443 "GET /v2/projects/inspired-photon-441609-k7/locations/us-central1/operations/operation-1732787729817-627f6151b6169-9276b35a-6b5589fb?alt=json HTTP/1.1" 200 None
2024-11-28 09:56:26,201 DEBUG    urllib3.connectionpool Starting new HTTPS connection (1): cloudfunctions.googleapis.com:443
2024-11-28 09:56:26,263 DEBUG    urllib3.connectionpool https://cloudfunctions.googleapis.com:443 "GET /v2/projects/inspired-photon-441609-k7/locations/us-central1/operations/operation-1732787729817-627f6151b6169-9276b35a-6b5589fb?alt=json HTTP/1.1" 200 None
2024-11-28 09:56:28,027 DEBUG    urllib3.connectionpool Starting new HTTPS connection (1): cloudfunctions.googleapis.com:443
2024-11-28 09:56:28,090 DEBUG    urllib3.connectionpool https://cloudfunctions.googleapis.com:443 "GET /v2/projects/inspired-photon-441609-k7/locations/us-central1/operations/operation-1732787729817-627f6151b6169-9276b35a-6b5589fb?alt=json HTTP/1.1" 200 None
2024-11-28 09:56:29,254 DEBUG    urllib3.connectionpool Starting new HTTPS connection (1): cloudfunctions.googleapis.com:443
2024-11-28 09:56:29,323 DEBUG    urllib3.connectionpool https://cloudfunctions.googleapis.com:443 "GET /v2/projects/inspired-photon-441609-k7/locations/us-central1/operations/operation-1732787729817-627f6151b6169-9276b35a-6b5589fb?alt=json HTTP/1.1" 200 None
2024-11-28 09:56:30,944 DEBUG    urllib3.connectionpool Starting new HTTPS connection (1): cloudfunctions.googleapis.com:443
2024-11-28 09:56:31,022 DEBUG    urllib3.connectionpool https://cloudfunctions.googleapis.com:443 "GET /v2/projects/inspired-photon-441609-k7/locations/us-central1/operations/operation-1732787729817-627f6151b6169-9276b35a-6b5589fb?alt=json HTTP/1.1" 200 None
2024-11-28 09:56:32,487 DEBUG    urllib3.connectionpool Starting new HTTPS connection (1): cloudfunctions.googleapis.com:443
2024-11-28 09:56:32,553 DEBUG    urllib3.connectionpool https://cloudfunctions.googleapis.com:443 "GET /v2/projects/inspired-photon-441609-k7/locations/us-central1/operations/operation-1732787729817-627f6151b6169-9276b35a-6b5589fb?alt=json HTTP/1.1" 200 None
2024-11-28 09:56:32,645 INFO     ___FILE_ONLY___   [INFO] A new revision will be deployed serving with 100% traffic.

2024-11-28 09:56:32,648 DEBUG    urllib3.connectionpool Starting new HTTPS connection (1): cloudfunctions.googleapis.com:443
2024-11-28 09:56:32,838 DEBUG    urllib3.connectionpool https://cloudfunctions.googleapis.com:443 "GET /v2/projects/inspired-photon-441609-k7/locations/us-central1/functions/pubsub-to-email?alt=json HTTP/1.1" 200 None
2024-11-28 09:56:32,842 INFO     ___FILE_ONLY___ You can view your function in the Cloud Console here: https://console.cloud.google.com/functions/details/us-central1/pubsub-to-email?project=inspired-photon-441609-k7


2024-11-28 09:56:32,843 DEBUG    root            Chosen display Format:default
2024-11-28 09:56:32,845 INFO     root            Display format: "default"
2024-11-28 09:56:32,867 INFO     ___FILE_ONLY___ buildConfig
2024-11-28 09:56:32,867 INFO     ___FILE_ONLY___ :
2024-11-28 09:56:32,867 INFO     ___FILE_ONLY___ 

2024-11-28 09:56:32,868 INFO     ___FILE_ONLY___   
2024-11-28 09:56:32,868 INFO     ___FILE_ONLY___ automaticUpdatePolicy
2024-11-28 09:56:32,868 INFO     ___FILE_ONLY___ :
2024-11-28 09:56:32,868 INFO     ___FILE_ONLY___  {
2024-11-28 09:56:32,868 INFO     ___FILE_ONLY___ }
2024-11-28 09:56:32,869 INFO     ___FILE_ONLY___ 

2024-11-28 09:56:32,869 INFO     ___FILE_ONLY___   
2024-11-28 09:56:32,869 INFO     ___FILE_ONLY___ build
2024-11-28 09:56:32,869 INFO     ___FILE_ONLY___ :
2024-11-28 09:56:32,869 INFO     ___FILE_ONLY___  
2024-11-28 09:56:32,869 INFO     ___FILE_ONLY___ projects/644941739395/locations/us-central1/builds/f21454b1-392f-4bc5-a639-072cf82156fc
2024-11-28 09:56:32,869 INFO     ___FILE_ONLY___ 

2024-11-28 09:56:32,870 INFO     ___FILE_ONLY___   
2024-11-28 09:56:32,870 INFO     ___FILE_ONLY___ dockerRegistry
2024-11-28 09:56:32,870 INFO     ___FILE_ONLY___ :
2024-11-28 09:56:32,870 INFO     ___FILE_ONLY___  
2024-11-28 09:56:32,870 INFO     ___FILE_ONLY___ ARTIFACT_REGISTRY
2024-11-28 09:56:32,870 INFO     ___FILE_ONLY___ 

2024-11-28 09:56:32,870 INFO     ___FILE_ONLY___   
2024-11-28 09:56:32,870 INFO     ___FILE_ONLY___ dockerRepository
2024-11-28 09:56:32,871 INFO     ___FILE_ONLY___ :
2024-11-28 09:56:32,871 INFO     ___FILE_ONLY___  
2024-11-28 09:56:32,871 INFO     ___FILE_ONLY___ projects/inspired-photon-441609-k7/locations/us-central1/repositories/gcf-artifacts
2024-11-28 09:56:32,871 INFO     ___FILE_ONLY___ 

2024-11-28 09:56:32,871 INFO     ___FILE_ONLY___   
2024-11-28 09:56:32,871 INFO     ___FILE_ONLY___ entryPoint
2024-11-28 09:56:32,871 INFO     ___FILE_ONLY___ :
2024-11-28 09:56:32,871 INFO     ___FILE_ONLY___  
2024-11-28 09:56:32,871 INFO     ___FILE_ONLY___ send_email
2024-11-28 09:56:32,871 INFO     ___FILE_ONLY___ 

2024-11-28 09:56:32,871 INFO     ___FILE_ONLY___   
2024-11-28 09:56:32,872 INFO     ___FILE_ONLY___ runtime
2024-11-28 09:56:32,872 INFO     ___FILE_ONLY___ :
2024-11-28 09:56:32,872 INFO     ___FILE_ONLY___  
2024-11-28 09:56:32,872 INFO     ___FILE_ONLY___ python312
2024-11-28 09:56:32,872 INFO     ___FILE_ONLY___ 

2024-11-28 09:56:32,872 INFO     ___FILE_ONLY___   
2024-11-28 09:56:32,872 INFO     ___FILE_ONLY___ serviceAccount
2024-11-28 09:56:32,872 INFO     ___FILE_ONLY___ :
2024-11-28 09:56:32,872 INFO     ___FILE_ONLY___  
2024-11-28 09:56:32,872 INFO     ___FILE_ONLY___ projects/inspired-photon-441609-k7/serviceAccounts/644941739395-compute@developer.gserviceaccount.com
2024-11-28 09:56:32,873 INFO     ___FILE_ONLY___ 

2024-11-28 09:56:32,873 INFO     ___FILE_ONLY___   
2024-11-28 09:56:32,873 INFO     ___FILE_ONLY___ source
2024-11-28 09:56:32,873 INFO     ___FILE_ONLY___ :
2024-11-28 09:56:32,873 INFO     ___FILE_ONLY___ 

2024-11-28 09:56:32,873 INFO     ___FILE_ONLY___     
2024-11-28 09:56:32,873 INFO     ___FILE_ONLY___ storageSource
2024-11-28 09:56:32,873 INFO     ___FILE_ONLY___ :
2024-11-28 09:56:32,873 INFO     ___FILE_ONLY___ 

2024-11-28 09:56:32,873 INFO     ___FILE_ONLY___       
2024-11-28 09:56:32,874 INFO     ___FILE_ONLY___ bucket
2024-11-28 09:56:32,874 INFO     ___FILE_ONLY___ :
2024-11-28 09:56:32,874 INFO     ___FILE_ONLY___  
2024-11-28 09:56:32,874 INFO     ___FILE_ONLY___ gcf-v2-sources-644941739395-us-central1
2024-11-28 09:56:32,874 INFO     ___FILE_ONLY___ 

2024-11-28 09:56:32,874 INFO     ___FILE_ONLY___       
2024-11-28 09:56:32,874 INFO     ___FILE_ONLY___ generation
2024-11-28 09:56:32,875 INFO     ___FILE_ONLY___ :
2024-11-28 09:56:32,875 INFO     ___FILE_ONLY___  '
2024-11-28 09:56:32,875 INFO     ___FILE_ONLY___ 1732787730605568
2024-11-28 09:56:32,875 INFO     ___FILE_ONLY___ '
2024-11-28 09:56:32,875 INFO     ___FILE_ONLY___ 

2024-11-28 09:56:32,876 INFO     ___FILE_ONLY___       
2024-11-28 09:56:32,876 INFO     ___FILE_ONLY___ object
2024-11-28 09:56:32,876 INFO     ___FILE_ONLY___ :
2024-11-28 09:56:32,876 INFO     ___FILE_ONLY___  
2024-11-28 09:56:32,876 INFO     ___FILE_ONLY___ pubsub-to-email/function-source.zip
2024-11-28 09:56:32,876 INFO     ___FILE_ONLY___ 

2024-11-28 09:56:32,876 INFO     ___FILE_ONLY___   
2024-11-28 09:56:32,876 INFO     ___FILE_ONLY___ sourceProvenance
2024-11-28 09:56:32,876 INFO     ___FILE_ONLY___ :
2024-11-28 09:56:32,877 INFO     ___FILE_ONLY___ 

2024-11-28 09:56:32,877 INFO     ___FILE_ONLY___     
2024-11-28 09:56:32,877 INFO     ___FILE_ONLY___ resolvedStorageSource
2024-11-28 09:56:32,877 INFO     ___FILE_ONLY___ :
2024-11-28 09:56:32,877 INFO     ___FILE_ONLY___ 

2024-11-28 09:56:32,877 INFO     ___FILE_ONLY___       
2024-11-28 09:56:32,877 INFO     ___FILE_ONLY___ bucket
2024-11-28 09:56:32,877 INFO     ___FILE_ONLY___ :
2024-11-28 09:56:32,877 INFO     ___FILE_ONLY___  
2024-11-28 09:56:32,877 INFO     ___FILE_ONLY___ gcf-v2-sources-644941739395-us-central1
2024-11-28 09:56:32,877 INFO     ___FILE_ONLY___ 

2024-11-28 09:56:32,877 INFO     ___FILE_ONLY___       
2024-11-28 09:56:32,878 INFO     ___FILE_ONLY___ generation
2024-11-28 09:56:32,878 INFO     ___FILE_ONLY___ :
2024-11-28 09:56:32,878 INFO     ___FILE_ONLY___  '
2024-11-28 09:56:32,878 INFO     ___FILE_ONLY___ 1732787730605568
2024-11-28 09:56:32,878 INFO     ___FILE_ONLY___ '
2024-11-28 09:56:32,878 INFO     ___FILE_ONLY___ 

2024-11-28 09:56:32,878 INFO     ___FILE_ONLY___       
2024-11-28 09:56:32,878 INFO     ___FILE_ONLY___ object
2024-11-28 09:56:32,878 INFO     ___FILE_ONLY___ :
2024-11-28 09:56:32,878 INFO     ___FILE_ONLY___  
2024-11-28 09:56:32,878 INFO     ___FILE_ONLY___ pubsub-to-email/function-source.zip
2024-11-28 09:56:32,879 INFO     ___FILE_ONLY___ 

2024-11-28 09:56:32,879 INFO     ___FILE_ONLY___ createTime
2024-11-28 09:56:32,879 INFO     ___FILE_ONLY___ :
2024-11-28 09:56:32,880 INFO     ___FILE_ONLY___  '
2024-11-28 09:56:32,880 INFO     ___FILE_ONLY___ 2024-11-28T09:21:09.576334976Z
2024-11-28 09:56:32,880 INFO     ___FILE_ONLY___ '
2024-11-28 09:56:32,880 INFO     ___FILE_ONLY___ 

2024-11-28 09:56:32,880 INFO     ___FILE_ONLY___ environment
2024-11-28 09:56:32,880 INFO     ___FILE_ONLY___ :
2024-11-28 09:56:32,880 INFO     ___FILE_ONLY___  
2024-11-28 09:56:32,880 INFO     ___FILE_ONLY___ GEN_2
2024-11-28 09:56:32,880 INFO     ___FILE_ONLY___ 

2024-11-28 09:56:32,880 INFO     ___FILE_ONLY___ eventTrigger
2024-11-28 09:56:32,880 INFO     ___FILE_ONLY___ :
2024-11-28 09:56:32,881 INFO     ___FILE_ONLY___ 

2024-11-28 09:56:32,881 INFO     ___FILE_ONLY___   
2024-11-28 09:56:32,881 INFO     ___FILE_ONLY___ eventType
2024-11-28 09:56:32,881 INFO     ___FILE_ONLY___ :
2024-11-28 09:56:32,881 INFO     ___FILE_ONLY___  
2024-11-28 09:56:32,881 INFO     ___FILE_ONLY___ google.cloud.pubsub.topic.v1.messagePublished
2024-11-28 09:56:32,881 INFO     ___FILE_ONLY___ 

2024-11-28 09:56:32,881 INFO     ___FILE_ONLY___   
2024-11-28 09:56:32,881 INFO     ___FILE_ONLY___ pubsubTopic
2024-11-28 09:56:32,881 INFO     ___FILE_ONLY___ :
2024-11-28 09:56:32,881 INFO     ___FILE_ONLY___  
2024-11-28 09:56:32,881 INFO     ___FILE_ONLY___ projects/inspired-photon-441609-k7/topics/gcs-trigger-topic
2024-11-28 09:56:32,882 INFO     ___FILE_ONLY___ 

2024-11-28 09:56:32,882 INFO     ___FILE_ONLY___   
2024-11-28 09:56:32,882 INFO     ___FILE_ONLY___ retryPolicy
2024-11-28 09:56:32,882 INFO     ___FILE_ONLY___ :
2024-11-28 09:56:32,882 INFO     ___FILE_ONLY___  
2024-11-28 09:56:32,882 INFO     ___FILE_ONLY___ RETRY_POLICY_DO_NOT_RETRY
2024-11-28 09:56:32,882 INFO     ___FILE_ONLY___ 

2024-11-28 09:56:32,882 INFO     ___FILE_ONLY___   
2024-11-28 09:56:32,882 INFO     ___FILE_ONLY___ serviceAccountEmail
2024-11-28 09:56:32,882 INFO     ___FILE_ONLY___ :
2024-11-28 09:56:32,883 INFO     ___FILE_ONLY___  
2024-11-28 09:56:32,883 INFO     ___FILE_ONLY___ 644941739395-compute@developer.gserviceaccount.com
2024-11-28 09:56:32,883 INFO     ___FILE_ONLY___ 

2024-11-28 09:56:32,883 INFO     ___FILE_ONLY___   
2024-11-28 09:56:32,883 INFO     ___FILE_ONLY___ trigger
2024-11-28 09:56:32,883 INFO     ___FILE_ONLY___ :
2024-11-28 09:56:32,883 INFO     ___FILE_ONLY___  
2024-11-28 09:56:32,884 INFO     ___FILE_ONLY___ projects/inspired-photon-441609-k7/locations/us-central1/triggers/pubsub-to-email-296666
2024-11-28 09:56:32,884 INFO     ___FILE_ONLY___ 

2024-11-28 09:56:32,884 INFO     ___FILE_ONLY___   
2024-11-28 09:56:32,884 INFO     ___FILE_ONLY___ triggerRegion
2024-11-28 09:56:32,884 INFO     ___FILE_ONLY___ :
2024-11-28 09:56:32,884 INFO     ___FILE_ONLY___  
2024-11-28 09:56:32,884 INFO     ___FILE_ONLY___ us-central1
2024-11-28 09:56:32,884 INFO     ___FILE_ONLY___ 

2024-11-28 09:56:32,885 INFO     ___FILE_ONLY___ labels
2024-11-28 09:56:32,885 INFO     ___FILE_ONLY___ :
2024-11-28 09:56:32,885 INFO     ___FILE_ONLY___ 

2024-11-28 09:56:32,885 INFO     ___FILE_ONLY___   
2024-11-28 09:56:32,885 INFO     ___FILE_ONLY___ deployment-tool
2024-11-28 09:56:32,885 INFO     ___FILE_ONLY___ :
2024-11-28 09:56:32,885 INFO     ___FILE_ONLY___  
2024-11-28 09:56:32,885 INFO     ___FILE_ONLY___ cli-gcloud
2024-11-28 09:56:32,886 INFO     ___FILE_ONLY___ 

2024-11-28 09:56:32,886 INFO     ___FILE_ONLY___ name
2024-11-28 09:56:32,886 INFO     ___FILE_ONLY___ :
2024-11-28 09:56:32,886 INFO     ___FILE_ONLY___  
2024-11-28 09:56:32,886 INFO     ___FILE_ONLY___ projects/inspired-photon-441609-k7/locations/us-central1/functions/pubsub-to-email
2024-11-28 09:56:32,886 INFO     ___FILE_ONLY___ 

2024-11-28 09:56:32,886 INFO     ___FILE_ONLY___ serviceConfig
2024-11-28 09:56:32,887 INFO     ___FILE_ONLY___ :
2024-11-28 09:56:32,887 INFO     ___FILE_ONLY___ 

2024-11-28 09:56:32,887 INFO     ___FILE_ONLY___   
2024-11-28 09:56:32,887 INFO     ___FILE_ONLY___ allTrafficOnLatestRevision
2024-11-28 09:56:32,887 INFO     ___FILE_ONLY___ :
2024-11-28 09:56:32,887 INFO     ___FILE_ONLY___  
2024-11-28 09:56:32,887 INFO     ___FILE_ONLY___ true
2024-11-28 09:56:32,887 INFO     ___FILE_ONLY___ 

2024-11-28 09:56:32,887 INFO     ___FILE_ONLY___   
2024-11-28 09:56:32,888 INFO     ___FILE_ONLY___ availableCpu
2024-11-28 09:56:32,888 INFO     ___FILE_ONLY___ :
2024-11-28 09:56:32,888 INFO     ___FILE_ONLY___  '
2024-11-28 09:56:32,888 INFO     ___FILE_ONLY___ 0.1666
2024-11-28 09:56:32,888 INFO     ___FILE_ONLY___ '
2024-11-28 09:56:32,888 INFO     ___FILE_ONLY___ 

2024-11-28 09:56:32,888 INFO     ___FILE_ONLY___   
2024-11-28 09:56:32,888 INFO     ___FILE_ONLY___ availableMemory
2024-11-28 09:56:32,888 INFO     ___FILE_ONLY___ :
2024-11-28 09:56:32,888 INFO     ___FILE_ONLY___  
2024-11-28 09:56:32,889 INFO     ___FILE_ONLY___ 256M
2024-11-28 09:56:32,889 INFO     ___FILE_ONLY___ 

2024-11-28 09:56:32,889 INFO     ___FILE_ONLY___   
2024-11-28 09:56:32,889 INFO     ___FILE_ONLY___ environmentVariables
2024-11-28 09:56:32,889 INFO     ___FILE_ONLY___ :
2024-11-28 09:56:32,889 INFO     ___FILE_ONLY___ 

2024-11-28 09:56:32,889 INFO     ___FILE_ONLY___     
2024-11-28 09:56:32,889 INFO     ___FILE_ONLY___ LOG_EXECUTION_ID
2024-11-28 09:56:32,889 INFO     ___FILE_ONLY___ :
2024-11-28 09:56:32,890 INFO     ___FILE_ONLY___  '
2024-11-28 09:56:32,890 INFO     ___FILE_ONLY___ true
2024-11-28 09:56:32,890 INFO     ___FILE_ONLY___ '
2024-11-28 09:56:32,890 INFO     ___FILE_ONLY___ 

2024-11-28 09:56:32,890 INFO     ___FILE_ONLY___     
2024-11-28 09:56:32,890 INFO     ___FILE_ONLY___ PROJECT_ID
2024-11-28 09:56:32,890 INFO     ___FILE_ONLY___ :
2024-11-28 09:56:32,890 INFO     ___FILE_ONLY___  
2024-11-28 09:56:32,890 INFO     ___FILE_ONLY___ inspired-photon-441609-k7
2024-11-28 09:56:32,890 INFO     ___FILE_ONLY___ 

2024-11-28 09:56:32,890 INFO     ___FILE_ONLY___     
2024-11-28 09:56:32,890 INFO     ___FILE_ONLY___ SENDGRID_API_KEY
2024-11-28 09:56:32,891 INFO     ___FILE_ONLY___ :
2024-11-28 09:56:32,891 INFO     ___FILE_ONLY___  
2024-11-28 09:56:32,891 INFO     ___FILE_ONLY___ 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
2024-11-28 09:56:32,891 INFO     ___FILE_ONLY___ 

2024-11-28 09:56:32,891 INFO     ___FILE_ONLY___     
2024-11-28 09:56:32,891 INFO     ___FILE_ONLY___ TOPIC_ID
2024-11-28 09:56:32,891 INFO     ___FILE_ONLY___ :
2024-11-28 09:56:32,891 INFO     ___FILE_ONLY___  
2024-11-28 09:56:32,891 INFO     ___FILE_ONLY___ gcs-trigger-topic
2024-11-28 09:56:32,891 INFO     ___FILE_ONLY___ 

2024-11-28 09:56:32,891 INFO     ___FILE_ONLY___   
2024-11-28 09:56:32,892 INFO     ___FILE_ONLY___ ingressSettings
2024-11-28 09:56:32,892 INFO     ___FILE_ONLY___ :
2024-11-28 09:56:32,892 INFO     ___FILE_ONLY___  
2024-11-28 09:56:32,892 INFO     ___FILE_ONLY___ ALLOW_ALL
2024-11-28 09:56:32,892 INFO     ___FILE_ONLY___ 

2024-11-28 09:56:32,892 INFO     ___FILE_ONLY___   
2024-11-28 09:56:32,892 INFO     ___FILE_ONLY___ maxInstanceCount
2024-11-28 09:56:32,892 INFO     ___FILE_ONLY___ :
2024-11-28 09:56:32,892 INFO     ___FILE_ONLY___  
2024-11-28 09:56:32,892 INFO     ___FILE_ONLY___ 100
2024-11-28 09:56:32,892 INFO     ___FILE_ONLY___ 

2024-11-28 09:56:32,892 INFO     ___FILE_ONLY___   
2024-11-28 09:56:32,893 INFO     ___FILE_ONLY___ maxInstanceRequestConcurrency
2024-11-28 09:56:32,893 INFO     ___FILE_ONLY___ :
2024-11-28 09:56:32,893 INFO     ___FILE_ONLY___  
2024-11-28 09:56:32,893 INFO     ___FILE_ONLY___ 1
2024-11-28 09:56:32,893 INFO     ___FILE_ONLY___ 

2024-11-28 09:56:32,893 INFO     ___FILE_ONLY___   
2024-11-28 09:56:32,893 INFO     ___FILE_ONLY___ revision
2024-11-28 09:56:32,893 INFO     ___FILE_ONLY___ :
2024-11-28 09:56:32,893 INFO     ___FILE_ONLY___  
2024-11-28 09:56:32,893 INFO     ___FILE_ONLY___ pubsub-to-email-00003-sof
2024-11-28 09:56:32,893 INFO     ___FILE_ONLY___ 

2024-11-28 09:56:32,894 INFO     ___FILE_ONLY___   
2024-11-28 09:56:32,894 INFO     ___FILE_ONLY___ service
2024-11-28 09:56:32,894 INFO     ___FILE_ONLY___ :
2024-11-28 09:56:32,894 INFO     ___FILE_ONLY___  
2024-11-28 09:56:32,894 INFO     ___FILE_ONLY___ projects/inspired-photon-441609-k7/locations/us-central1/services/pubsub-to-email
2024-11-28 09:56:32,894 INFO     ___FILE_ONLY___ 

2024-11-28 09:56:32,894 INFO     ___FILE_ONLY___   
2024-11-28 09:56:32,894 INFO     ___FILE_ONLY___ serviceAccountEmail
2024-11-28 09:56:32,894 INFO     ___FILE_ONLY___ :
2024-11-28 09:56:32,894 INFO     ___FILE_ONLY___  
2024-11-28 09:56:32,895 INFO     ___FILE_ONLY___ 644941739395-compute@developer.gserviceaccount.com
2024-11-28 09:56:32,895 INFO     ___FILE_ONLY___ 

2024-11-28 09:56:32,895 INFO     ___FILE_ONLY___   
2024-11-28 09:56:32,895 INFO     ___FILE_ONLY___ timeoutSeconds
2024-11-28 09:56:32,895 INFO     ___FILE_ONLY___ :
2024-11-28 09:56:32,895 INFO     ___FILE_ONLY___  
2024-11-28 09:56:32,895 INFO     ___FILE_ONLY___ 300
2024-11-28 09:56:32,895 INFO     ___FILE_ONLY___ 

2024-11-28 09:56:32,895 INFO     ___FILE_ONLY___   
2024-11-28 09:56:32,895 INFO     ___FILE_ONLY___ uri
2024-11-28 09:56:32,895 INFO     ___FILE_ONLY___ :
2024-11-28 09:56:32,895 INFO     ___FILE_ONLY___  
2024-11-28 09:56:32,896 INFO     ___FILE_ONLY___ https://pubsub-to-email-m2x2uxrdfq-uc.a.run.app
2024-11-28 09:56:32,896 INFO     ___FILE_ONLY___ 

2024-11-28 09:56:32,896 INFO     ___FILE_ONLY___ state
2024-11-28 09:56:32,896 INFO     ___FILE_ONLY___ :
2024-11-28 09:56:32,896 INFO     ___FILE_ONLY___  
2024-11-28 09:56:32,896 INFO     ___FILE_ONLY___ ACTIVE
2024-11-28 09:56:32,896 INFO     ___FILE_ONLY___ 

2024-11-28 09:56:32,896 INFO     ___FILE_ONLY___ updateTime
2024-11-28 09:56:32,896 INFO     ___FILE_ONLY___ :
2024-11-28 09:56:32,896 INFO     ___FILE_ONLY___  '
2024-11-28 09:56:32,896 INFO     ___FILE_ONLY___ 2024-11-28T09:56:31.613768173Z
2024-11-28 09:56:32,896 INFO     ___FILE_ONLY___ '
2024-11-28 09:56:32,897 INFO     ___FILE_ONLY___ 

2024-11-28 09:56:32,897 INFO     ___FILE_ONLY___ url
2024-11-28 09:56:32,897 INFO     ___FILE_ONLY___ :
2024-11-28 09:56:32,897 INFO     ___FILE_ONLY___  
2024-11-28 09:56:32,897 INFO     ___FILE_ONLY___ https://us-central1-inspired-photon-441609-k7.cloudfunctions.net/pubsub-to-email
2024-11-28 09:56:32,897 INFO     ___FILE_ONLY___ 

2024-11-28 09:56:32,898 DEBUG    root            SDK update checks are disabled.
