2024-11-28 09:55:11,642 DEBUG    root            Loaded Command Group: ['gcloud', 'projects']
2024-11-28 09:55:11,686 DEBUG    root            Loaded Command Group: ['gcloud', 'projects', 'add_iam_policy_binding']
2024-11-28 09:55:11,699 DEBUG    root            Running [gcloud.projects.add-iam-policy-binding] with arguments: [--member: "serviceAccount:service-644941739395@gcp-sa-eventarc.iam.gserviceaccount.com", --role: "roles/eventarc.serviceAgent", PROJECT_ID: "inspired-photon-441609-k7"]
2024-11-28 09:55:11,867 DEBUG    urllib3.connectionpool Starting new HTTPS connection (1): cloudresourcemanager.googleapis.com:443
2024-11-28 09:55:12,045 DEBUG    urllib3.connectionpool https://cloudresourcemanager.googleapis.com:443 "POST /v1/projects/inspired-photon-441609-k7:getIamPolicy?alt=json HTTP/1.1" 200 None
2024-11-28 09:55:12,210 DEBUG    urllib3.connectionpool Starting new HTTPS connection (1): cloudresourcemanager.googleapis.com:443
2024-11-28 09:55:12,860 DEBUG    urllib3.connectionpool https://cloudresourcemanager.googleapis.com:443 "POST /v1/projects/inspired-photon-441609-k7:setIamPolicy?alt=json HTTP/1.1" 200 None
2024-11-28 09:55:12,865 INFO     ___FILE_ONLY___ Updated IAM policy for project [inspired-photon-441609-k7].

2024-11-28 09:55:12,865 DEBUG    root            Chosen display Format:default
2024-11-28 09:55:12,866 INFO     root            Display format: "default"
2024-11-28 09:55:12,894 INFO     ___FILE_ONLY___ bindings
2024-11-28 09:55:12,895 INFO     ___FILE_ONLY___ :
2024-11-28 09:55:12,895 INFO     ___FILE_ONLY___ 

2024-11-28 09:55:12,895 INFO     ___FILE_ONLY___ -
2024-11-28 09:55:12,895 INFO     ___FILE_ONLY___  
2024-11-28 09:55:12,895 INFO     ___FILE_ONLY___ members
2024-11-28 09:55:12,895 INFO     ___FILE_ONLY___ :
2024-11-28 09:55:12,896 INFO     ___FILE_ONLY___ 

2024-11-28 09:55:12,896 INFO     ___FILE_ONLY___   
2024-11-28 09:55:12,896 INFO     ___FILE_ONLY___ -
2024-11-28 09:55:12,896 INFO     ___FILE_ONLY___  
2024-11-28 09:55:12,896 INFO     ___FILE_ONLY___ serviceAccount:trigger-account@inspired-photon-441609-k7.iam.gserviceaccount.com
2024-11-28 09:55:12,896 INFO     ___FILE_ONLY___ 

2024-11-28 09:55:12,896 INFO     ___FILE_ONLY___   
2024-11-28 09:55:12,896 INFO     ___FILE_ONLY___ role
2024-11-28 09:55:12,896 INFO     ___FILE_ONLY___ :
2024-11-28 09:55:12,897 INFO     ___FILE_ONLY___  
2024-11-28 09:55:12,897 INFO     ___FILE_ONLY___ projects/inspired-photon-441609-k7/roles/main_custom_role_18
2024-11-28 09:55:12,897 INFO     ___FILE_ONLY___ 

2024-11-28 09:55:12,897 INFO     ___FILE_ONLY___ -
2024-11-28 09:55:12,897 INFO     ___FILE_ONLY___  
2024-11-28 09:55:12,897 INFO     ___FILE_ONLY___ members
2024-11-28 09:55:12,897 INFO     ___FILE_ONLY___ :
2024-11-28 09:55:12,897 INFO     ___FILE_ONLY___ 

2024-11-28 09:55:12,897 INFO     ___FILE_ONLY___   
2024-11-28 09:55:12,898 INFO     ___FILE_ONLY___ -
2024-11-28 09:55:12,898 INFO     ___FILE_ONLY___  
2024-11-28 09:55:12,898 INFO     ___FILE_ONLY___ serviceAccount:service-644941739395@gcp-sa-artifactregistry.iam.gserviceaccount.com
2024-11-28 09:55:12,898 INFO     ___FILE_ONLY___ 

2024-11-28 09:55:12,898 INFO     ___FILE_ONLY___   
2024-11-28 09:55:12,898 INFO     ___FILE_ONLY___ role
2024-11-28 09:55:12,898 INFO     ___FILE_ONLY___ :
2024-11-28 09:55:12,898 INFO     ___FILE_ONLY___  
2024-11-28 09:55:12,898 INFO     ___FILE_ONLY___ roles/artifactregistry.serviceAgent
2024-11-28 09:55:12,899 INFO     ___FILE_ONLY___ 

2024-11-28 09:55:12,899 INFO     ___FILE_ONLY___ -
2024-11-28 09:55:12,899 INFO     ___FILE_ONLY___  
2024-11-28 09:55:12,899 INFO     ___FILE_ONLY___ members
2024-11-28 09:55:12,899 INFO     ___FILE_ONLY___ :
2024-11-28 09:55:12,899 INFO     ___FILE_ONLY___ 

2024-11-28 09:55:12,899 INFO     ___FILE_ONLY___   
2024-11-28 09:55:12,899 INFO     ___FILE_ONLY___ -
2024-11-28 09:55:12,899 INFO     ___FILE_ONLY___  
2024-11-28 09:55:12,899 INFO     ___FILE_ONLY___ serviceAccount:644941739395@cloudbuild.gserviceaccount.com
2024-11-28 09:55:12,899 INFO     ___FILE_ONLY___ 

2024-11-28 09:55:12,899 INFO     ___FILE_ONLY___   
2024-11-28 09:55:12,900 INFO     ___FILE_ONLY___ role
2024-11-28 09:55:12,900 INFO     ___FILE_ONLY___ :
2024-11-28 09:55:12,900 INFO     ___FILE_ONLY___  
2024-11-28 09:55:12,900 INFO     ___FILE_ONLY___ roles/cloudbuild.builds.builder
2024-11-28 09:55:12,900 INFO     ___FILE_ONLY___ 

2024-11-28 09:55:12,900 INFO     ___FILE_ONLY___ -
2024-11-28 09:55:12,900 INFO     ___FILE_ONLY___  
2024-11-28 09:55:12,900 INFO     ___FILE_ONLY___ members
2024-11-28 09:55:12,900 INFO     ___FILE_ONLY___ :
2024-11-28 09:55:12,900 INFO     ___FILE_ONLY___ 

2024-11-28 09:55:12,901 INFO     ___FILE_ONLY___   
2024-11-28 09:55:12,901 INFO     ___FILE_ONLY___ -
2024-11-28 09:55:12,901 INFO     ___FILE_ONLY___  
2024-11-28 09:55:12,901 INFO     ___FILE_ONLY___ serviceAccount:service-644941739395@gcp-sa-cloudbuild.iam.gserviceaccount.com
2024-11-28 09:55:12,901 INFO     ___FILE_ONLY___ 

2024-11-28 09:55:12,901 INFO     ___FILE_ONLY___   
2024-11-28 09:55:12,901 INFO     ___FILE_ONLY___ role
2024-11-28 09:55:12,901 INFO     ___FILE_ONLY___ :
2024-11-28 09:55:12,901 INFO     ___FILE_ONLY___  
2024-11-28 09:55:12,901 INFO     ___FILE_ONLY___ roles/cloudbuild.serviceAgent
2024-11-28 09:55:12,902 INFO     ___FILE_ONLY___ 

2024-11-28 09:55:12,902 INFO     ___FILE_ONLY___ -
2024-11-28 09:55:12,902 INFO     ___FILE_ONLY___  
2024-11-28 09:55:12,902 INFO     ___FILE_ONLY___ members
2024-11-28 09:55:12,902 INFO     ___FILE_ONLY___ :
2024-11-28 09:55:12,902 INFO     ___FILE_ONLY___ 

2024-11-28 09:55:12,902 INFO     ___FILE_ONLY___   
2024-11-28 09:55:12,902 INFO     ___FILE_ONLY___ -
2024-11-28 09:55:12,903 INFO     ___FILE_ONLY___  
2024-11-28 09:55:12,903 INFO     ___FILE_ONLY___ serviceAccount:644941739395@cloudbuild.gserviceaccount.com
2024-11-28 09:55:12,903 INFO     ___FILE_ONLY___ 

2024-11-28 09:55:12,903 INFO     ___FILE_ONLY___   
2024-11-28 09:55:12,903 INFO     ___FILE_ONLY___ role
2024-11-28 09:55:12,903 INFO     ___FILE_ONLY___ :
2024-11-28 09:55:12,903 INFO     ___FILE_ONLY___  
2024-11-28 09:55:12,903 INFO     ___FILE_ONLY___ roles/cloudfunctions.developer
2024-11-28 09:55:12,904 INFO     ___FILE_ONLY___ 

2024-11-28 09:55:12,904 INFO     ___FILE_ONLY___ -
2024-11-28 09:55:12,904 INFO     ___FILE_ONLY___  
2024-11-28 09:55:12,904 INFO     ___FILE_ONLY___ members
2024-11-28 09:55:12,904 INFO     ___FILE_ONLY___ :
2024-11-28 09:55:12,904 INFO     ___FILE_ONLY___ 

2024-11-28 09:55:12,904 INFO     ___FILE_ONLY___   
2024-11-28 09:55:12,904 INFO     ___FILE_ONLY___ -
2024-11-28 09:55:12,904 INFO     ___FILE_ONLY___  
2024-11-28 09:55:12,904 INFO     ___FILE_ONLY___ serviceAccount:service-644941739395@gcf-admin-robot.iam.gserviceaccount.com
2024-11-28 09:55:12,904 INFO     ___FILE_ONLY___ 

2024-11-28 09:55:12,905 INFO     ___FILE_ONLY___   
2024-11-28 09:55:12,905 INFO     ___FILE_ONLY___ role
2024-11-28 09:55:12,905 INFO     ___FILE_ONLY___ :
2024-11-28 09:55:12,905 INFO     ___FILE_ONLY___  
2024-11-28 09:55:12,905 INFO     ___FILE_ONLY___ roles/cloudfunctions.serviceAgent
2024-11-28 09:55:12,905 INFO     ___FILE_ONLY___ 

2024-11-28 09:55:12,905 INFO     ___FILE_ONLY___ -
2024-11-28 09:55:12,905 INFO     ___FILE_ONLY___  
2024-11-28 09:55:12,905 INFO     ___FILE_ONLY___ members
2024-11-28 09:55:12,905 INFO     ___FILE_ONLY___ :
2024-11-28 09:55:12,906 INFO     ___FILE_ONLY___ 

2024-11-28 09:55:12,906 INFO     ___FILE_ONLY___   
2024-11-28 09:55:12,906 INFO     ___FILE_ONLY___ -
2024-11-28 09:55:12,906 INFO     ___FILE_ONLY___  
2024-11-28 09:55:12,906 INFO     ___FILE_ONLY___ serviceAccount:vm-creater-account@inspired-photon-441609-k7.iam.gserviceaccount.com
2024-11-28 09:55:12,906 INFO     ___FILE_ONLY___ 

2024-11-28 09:55:12,906 INFO     ___FILE_ONLY___   
2024-11-28 09:55:12,906 INFO     ___FILE_ONLY___ role
2024-11-28 09:55:12,906 INFO     ___FILE_ONLY___ :
2024-11-28 09:55:12,906 INFO     ___FILE_ONLY___  
2024-11-28 09:55:12,906 INFO     ___FILE_ONLY___ roles/compute.instanceAdmin.v1
2024-11-28 09:55:12,907 INFO     ___FILE_ONLY___ 

2024-11-28 09:55:12,907 INFO     ___FILE_ONLY___ -
2024-11-28 09:55:12,907 INFO     ___FILE_ONLY___  
2024-11-28 09:55:12,907 INFO     ___FILE_ONLY___ members
2024-11-28 09:55:12,907 INFO     ___FILE_ONLY___ :
2024-11-28 09:55:12,907 INFO     ___FILE_ONLY___ 

2024-11-28 09:55:12,907 INFO     ___FILE_ONLY___   
2024-11-28 09:55:12,907 INFO     ___FILE_ONLY___ -
2024-11-28 09:55:12,907 INFO     ___FILE_ONLY___  
2024-11-28 09:55:12,907 INFO     ___FILE_ONLY___ serviceAccount:vm-creater-account@inspired-photon-441609-k7.iam.gserviceaccount.com
2024-11-28 09:55:12,907 INFO     ___FILE_ONLY___ 

2024-11-28 09:55:12,908 INFO     ___FILE_ONLY___   
2024-11-28 09:55:12,908 INFO     ___FILE_ONLY___ role
2024-11-28 09:55:12,908 INFO     ___FILE_ONLY___ :
2024-11-28 09:55:12,908 INFO     ___FILE_ONLY___  
2024-11-28 09:55:12,908 INFO     ___FILE_ONLY___ roles/compute.networkUser
2024-11-28 09:55:12,908 INFO     ___FILE_ONLY___ 

2024-11-28 09:55:12,908 INFO     ___FILE_ONLY___ -
2024-11-28 09:55:12,908 INFO     ___FILE_ONLY___  
2024-11-28 09:55:12,908 INFO     ___FILE_ONLY___ members
2024-11-28 09:55:12,908 INFO     ___FILE_ONLY___ :
2024-11-28 09:55:12,908 INFO     ___FILE_ONLY___ 

2024-11-28 09:55:12,909 INFO     ___FILE_ONLY___   
2024-11-28 09:55:12,909 INFO     ___FILE_ONLY___ -
2024-11-28 09:55:12,909 INFO     ___FILE_ONLY___  
2024-11-28 09:55:12,909 INFO     ___FILE_ONLY___ serviceAccount:service-644941739395@compute-system.iam.gserviceaccount.com
2024-11-28 09:55:12,909 INFO     ___FILE_ONLY___ 

2024-11-28 09:55:12,909 INFO     ___FILE_ONLY___   
2024-11-28 09:55:12,909 INFO     ___FILE_ONLY___ role
2024-11-28 09:55:12,909 INFO     ___FILE_ONLY___ :
2024-11-28 09:55:12,909 INFO     ___FILE_ONLY___  
2024-11-28 09:55:12,909 INFO     ___FILE_ONLY___ roles/compute.serviceAgent
2024-11-28 09:55:12,909 INFO     ___FILE_ONLY___ 

2024-11-28 09:55:12,910 INFO     ___FILE_ONLY___ -
2024-11-28 09:55:12,910 INFO     ___FILE_ONLY___  
2024-11-28 09:55:12,910 INFO     ___FILE_ONLY___ members
2024-11-28 09:55:12,910 INFO     ___FILE_ONLY___ :
2024-11-28 09:55:12,910 INFO     ___FILE_ONLY___ 

2024-11-28 09:55:12,910 INFO     ___FILE_ONLY___   
2024-11-28 09:55:12,910 INFO     ___FILE_ONLY___ -
2024-11-28 09:55:12,910 INFO     ___FILE_ONLY___  
2024-11-28 09:55:12,910 INFO     ___FILE_ONLY___ serviceAccount:service-644941739395@containerregistry.iam.gserviceaccount.com
2024-11-28 09:55:12,910 INFO     ___FILE_ONLY___ 

2024-11-28 09:55:12,910 INFO     ___FILE_ONLY___   
2024-11-28 09:55:12,910 INFO     ___FILE_ONLY___ role
2024-11-28 09:55:12,911 INFO     ___FILE_ONLY___ :
2024-11-28 09:55:12,911 INFO     ___FILE_ONLY___  
2024-11-28 09:55:12,911 INFO     ___FILE_ONLY___ roles/containerregistry.ServiceAgent
2024-11-28 09:55:12,911 INFO     ___FILE_ONLY___ 

2024-11-28 09:55:12,911 INFO     ___FILE_ONLY___ -
2024-11-28 09:55:12,911 INFO     ___FILE_ONLY___  
2024-11-28 09:55:12,911 INFO     ___FILE_ONLY___ members
2024-11-28 09:55:12,911 INFO     ___FILE_ONLY___ :
2024-11-28 09:55:12,911 INFO     ___FILE_ONLY___ 

2024-11-28 09:55:12,911 INFO     ___FILE_ONLY___   
2024-11-28 09:55:12,911 INFO     ___FILE_ONLY___ -
2024-11-28 09:55:12,911 INFO     ___FILE_ONLY___  
2024-11-28 09:55:12,912 INFO     ___FILE_ONLY___ serviceAccount:644941739395-compute@developer.gserviceaccount.com
2024-11-28 09:55:12,912 INFO     ___FILE_ONLY___ 

2024-11-28 09:55:12,912 INFO     ___FILE_ONLY___   
2024-11-28 09:55:12,912 INFO     ___FILE_ONLY___ -
2024-11-28 09:55:12,912 INFO     ___FILE_ONLY___  
2024-11-28 09:55:12,912 INFO     ___FILE_ONLY___ serviceAccount:644941739395@cloudservices.gserviceaccount.com
2024-11-28 09:55:12,912 INFO     ___FILE_ONLY___ 

2024-11-28 09:55:12,912 INFO     ___FILE_ONLY___   
2024-11-28 09:55:12,912 INFO     ___FILE_ONLY___ -
2024-11-28 09:55:12,912 INFO     ___FILE_ONLY___  
2024-11-28 09:55:12,912 INFO     ___FILE_ONLY___ serviceAccount:inspired-photon-441609-k7@appspot.gserviceaccount.com
2024-11-28 09:55:12,912 INFO     ___FILE_ONLY___ 

2024-11-28 09:55:12,913 INFO     ___FILE_ONLY___   
2024-11-28 09:55:12,913 INFO     ___FILE_ONLY___ -
2024-11-28 09:55:12,913 INFO     ___FILE_ONLY___  
2024-11-28 09:55:12,913 INFO     ___FILE_ONLY___ serviceAccount:vm-creater-account@inspired-photon-441609-k7.iam.gserviceaccount.com
2024-11-28 09:55:12,913 INFO     ___FILE_ONLY___ 

2024-11-28 09:55:12,913 INFO     ___FILE_ONLY___   
2024-11-28 09:55:12,913 INFO     ___FILE_ONLY___ role
2024-11-28 09:55:12,913 INFO     ___FILE_ONLY___ :
2024-11-28 09:55:12,913 INFO     ___FILE_ONLY___  
2024-11-28 09:55:12,913 INFO     ___FILE_ONLY___ roles/editor
2024-11-28 09:55:12,913 INFO     ___FILE_ONLY___ 

2024-11-28 09:55:12,914 INFO     ___FILE_ONLY___ -
2024-11-28 09:55:12,914 INFO     ___FILE_ONLY___  
2024-11-28 09:55:12,914 INFO     ___FILE_ONLY___ members
2024-11-28 09:55:12,914 INFO     ___FILE_ONLY___ :
2024-11-28 09:55:12,914 INFO     ___FILE_ONLY___ 

2024-11-28 09:55:12,914 INFO     ___FILE_ONLY___   
2024-11-28 09:55:12,914 INFO     ___FILE_ONLY___ -
2024-11-28 09:55:12,914 INFO     ___FILE_ONLY___  
2024-11-28 09:55:12,914 INFO     ___FILE_ONLY___ serviceAccount:service-644941739395@gcp-sa-eventarc.iam.gserviceaccount.com
2024-11-28 09:55:12,914 INFO     ___FILE_ONLY___ 

2024-11-28 09:55:12,914 INFO     ___FILE_ONLY___   
2024-11-28 09:55:12,914 INFO     ___FILE_ONLY___ role
2024-11-28 09:55:12,915 INFO     ___FILE_ONLY___ :
2024-11-28 09:55:12,915 INFO     ___FILE_ONLY___  
2024-11-28 09:55:12,915 INFO     ___FILE_ONLY___ roles/eventarc.serviceAgent
2024-11-28 09:55:12,915 INFO     ___FILE_ONLY___ 

2024-11-28 09:55:12,915 INFO     ___FILE_ONLY___ -
2024-11-28 09:55:12,915 INFO     ___FILE_ONLY___  
2024-11-28 09:55:12,915 INFO     ___FILE_ONLY___ members
2024-11-28 09:55:12,915 INFO     ___FILE_ONLY___ :
2024-11-28 09:55:12,915 INFO     ___FILE_ONLY___ 

2024-11-28 09:55:12,915 INFO     ___FILE_ONLY___   
2024-11-28 09:55:12,915 INFO     ___FILE_ONLY___ -
2024-11-28 09:55:12,916 INFO     ___FILE_ONLY___  
2024-11-28 09:55:12,916 INFO     ___FILE_ONLY___ serviceAccount:trigger-account@inspired-photon-441609-k7.iam.gserviceaccount.com
2024-11-28 09:55:12,916 INFO     ___FILE_ONLY___ 

2024-11-28 09:55:12,916 INFO     ___FILE_ONLY___   
2024-11-28 09:55:12,916 INFO     ___FILE_ONLY___ role
2024-11-28 09:55:12,916 INFO     ___FILE_ONLY___ :
2024-11-28 09:55:12,916 INFO     ___FILE_ONLY___  
2024-11-28 09:55:12,916 INFO     ___FILE_ONLY___ roles/iam.roleAdmin
2024-11-28 09:55:12,916 INFO     ___FILE_ONLY___ 

2024-11-28 09:55:12,916 INFO     ___FILE_ONLY___ -
2024-11-28 09:55:12,916 INFO     ___FILE_ONLY___  
2024-11-28 09:55:12,916 INFO     ___FILE_ONLY___ members
2024-11-28 09:55:12,917 INFO     ___FILE_ONLY___ :
2024-11-28 09:55:12,917 INFO     ___FILE_ONLY___ 

2024-11-28 09:55:12,917 INFO     ___FILE_ONLY___   
2024-11-28 09:55:12,917 INFO     ___FILE_ONLY___ -
2024-11-28 09:55:12,917 INFO     ___FILE_ONLY___  
2024-11-28 09:55:12,917 INFO     ___FILE_ONLY___ serviceAccount:644941739395@cloudbuild.gserviceaccount.com
2024-11-28 09:55:12,917 INFO     ___FILE_ONLY___ 

2024-11-28 09:55:12,917 INFO     ___FILE_ONLY___   
2024-11-28 09:55:12,917 INFO     ___FILE_ONLY___ -
2024-11-28 09:55:12,917 INFO     ___FILE_ONLY___  
2024-11-28 09:55:12,917 INFO     ___FILE_ONLY___ serviceAccount:vm-creater-account@inspired-photon-441609-k7.iam.gserviceaccount.com
2024-11-28 09:55:12,917 INFO     ___FILE_ONLY___ 

2024-11-28 09:55:12,918 INFO     ___FILE_ONLY___   
2024-11-28 09:55:12,918 INFO     ___FILE_ONLY___ role
2024-11-28 09:55:12,918 INFO     ___FILE_ONLY___ :
2024-11-28 09:55:12,918 INFO     ___FILE_ONLY___  
2024-11-28 09:55:12,918 INFO     ___FILE_ONLY___ roles/iam.serviceAccountUser
2024-11-28 09:55:12,918 INFO     ___FILE_ONLY___ 

2024-11-28 09:55:12,918 INFO     ___FILE_ONLY___ -
2024-11-28 09:55:12,918 INFO     ___FILE_ONLY___  
2024-11-28 09:55:12,918 INFO     ___FILE_ONLY___ members
2024-11-28 09:55:12,918 INFO     ___FILE_ONLY___ :
2024-11-28 09:55:12,918 INFO     ___FILE_ONLY___ 

2024-11-28 09:55:12,918 INFO     ___FILE_ONLY___   
2024-11-28 09:55:12,919 INFO     ___FILE_ONLY___ -
2024-11-28 09:55:12,919 INFO     ___FILE_ONLY___  
2024-11-28 09:55:12,919 INFO     ___FILE_ONLY___ user:das03285@gmail.com
2024-11-28 09:55:12,919 INFO     ___FILE_ONLY___ 

2024-11-28 09:55:12,919 INFO     ___FILE_ONLY___   
2024-11-28 09:55:12,919 INFO     ___FILE_ONLY___ role
2024-11-28 09:55:12,919 INFO     ___FILE_ONLY___ :
2024-11-28 09:55:12,919 INFO     ___FILE_ONLY___  
2024-11-28 09:55:12,919 INFO     ___FILE_ONLY___ roles/owner
2024-11-28 09:55:12,919 INFO     ___FILE_ONLY___ 

2024-11-28 09:55:12,920 INFO     ___FILE_ONLY___ -
2024-11-28 09:55:12,920 INFO     ___FILE_ONLY___  
2024-11-28 09:55:12,920 INFO     ___FILE_ONLY___ members
2024-11-28 09:55:12,920 INFO     ___FILE_ONLY___ :
2024-11-28 09:55:12,920 INFO     ___FILE_ONLY___ 

2024-11-28 09:55:12,920 INFO     ___FILE_ONLY___   
2024-11-28 09:55:12,920 INFO     ___FILE_ONLY___ -
2024-11-28 09:55:12,920 INFO     ___FILE_ONLY___  
2024-11-28 09:55:12,920 INFO     ___FILE_ONLY___ serviceAccount:service-644941739395@gs-project-accounts.iam.gserviceaccount.com
2024-11-28 09:55:12,920 INFO     ___FILE_ONLY___ 

2024-11-28 09:55:12,920 INFO     ___FILE_ONLY___   
2024-11-28 09:55:12,921 INFO     ___FILE_ONLY___ role
2024-11-28 09:55:12,921 INFO     ___FILE_ONLY___ :
2024-11-28 09:55:12,921 INFO     ___FILE_ONLY___  
2024-11-28 09:55:12,921 INFO     ___FILE_ONLY___ roles/pubsub.publisher
2024-11-28 09:55:12,921 INFO     ___FILE_ONLY___ 

2024-11-28 09:55:12,921 INFO     ___FILE_ONLY___ -
2024-11-28 09:55:12,921 INFO     ___FILE_ONLY___  
2024-11-28 09:55:12,922 INFO     ___FILE_ONLY___ members
2024-11-28 09:55:12,922 INFO     ___FILE_ONLY___ :
2024-11-28 09:55:12,922 INFO     ___FILE_ONLY___ 

2024-11-28 09:55:12,922 INFO     ___FILE_ONLY___   
2024-11-28 09:55:12,922 INFO     ___FILE_ONLY___ -
2024-11-28 09:55:12,922 INFO     ___FILE_ONLY___  
2024-11-28 09:55:12,922 INFO     ___FILE_ONLY___ serviceAccount:service-644941739395@gcp-sa-pubsub.iam.gserviceaccount.com
2024-11-28 09:55:12,922 INFO     ___FILE_ONLY___ 

2024-11-28 09:55:12,922 INFO     ___FILE_ONLY___   
2024-11-28 09:55:12,922 INFO     ___FILE_ONLY___ role
2024-11-28 09:55:12,923 INFO     ___FILE_ONLY___ :
2024-11-28 09:55:12,923 INFO     ___FILE_ONLY___  
2024-11-28 09:55:12,923 INFO     ___FILE_ONLY___ roles/pubsub.serviceAgent
2024-11-28 09:55:12,923 INFO     ___FILE_ONLY___ 

2024-11-28 09:55:12,923 INFO     ___FILE_ONLY___ -
2024-11-28 09:55:12,923 INFO     ___FILE_ONLY___  
2024-11-28 09:55:12,923 INFO     ___FILE_ONLY___ members
2024-11-28 09:55:12,923 INFO     ___FILE_ONLY___ :
2024-11-28 09:55:12,923 INFO     ___FILE_ONLY___ 

2024-11-28 09:55:12,923 INFO     ___FILE_ONLY___   
2024-11-28 09:55:12,923 INFO     ___FILE_ONLY___ -
2024-11-28 09:55:12,924 INFO     ___FILE_ONLY___  
2024-11-28 09:55:12,924 INFO     ___FILE_ONLY___ serviceAccount:trigger-account@inspired-photon-441609-k7.iam.gserviceaccount.com
2024-11-28 09:55:12,924 INFO     ___FILE_ONLY___ 

2024-11-28 09:55:12,924 INFO     ___FILE_ONLY___   
2024-11-28 09:55:12,924 INFO     ___FILE_ONLY___ role
2024-11-28 09:55:12,924 INFO     ___FILE_ONLY___ :
2024-11-28 09:55:12,924 INFO     ___FILE_ONLY___  
2024-11-28 09:55:12,924 INFO     ___FILE_ONLY___ roles/resourcemanager.projectIamAdmin
2024-11-28 09:55:12,924 INFO     ___FILE_ONLY___ 

2024-11-28 09:55:12,924 INFO     ___FILE_ONLY___ -
2024-11-28 09:55:12,925 INFO     ___FILE_ONLY___  
2024-11-28 09:55:12,925 INFO     ___FILE_ONLY___ members
2024-11-28 09:55:12,925 INFO     ___FILE_ONLY___ :
2024-11-28 09:55:12,925 INFO     ___FILE_ONLY___ 

2024-11-28 09:55:12,925 INFO     ___FILE_ONLY___   
2024-11-28 09:55:12,925 INFO     ___FILE_ONLY___ -
2024-11-28 09:55:12,925 INFO     ___FILE_ONLY___  
2024-11-28 09:55:12,925 INFO     ___FILE_ONLY___ serviceAccount:service-644941739395@serverless-robot-prod.iam.gserviceaccount.com
2024-11-28 09:55:12,925 INFO     ___FILE_ONLY___ 

2024-11-28 09:55:12,925 INFO     ___FILE_ONLY___   
2024-11-28 09:55:12,925 INFO     ___FILE_ONLY___ role
2024-11-28 09:55:12,926 INFO     ___FILE_ONLY___ :
2024-11-28 09:55:12,926 INFO     ___FILE_ONLY___  
2024-11-28 09:55:12,926 INFO     ___FILE_ONLY___ roles/run.serviceAgent
2024-11-28 09:55:12,926 INFO     ___FILE_ONLY___ 

2024-11-28 09:55:12,926 INFO     ___FILE_ONLY___ etag
2024-11-28 09:55:12,926 INFO     ___FILE_ONLY___ :
2024-11-28 09:55:12,926 INFO     ___FILE_ONLY___  
2024-11-28 09:55:12,926 INFO     ___FILE_ONLY___ BwYn9hQYZDc=
2024-11-28 09:55:12,926 INFO     ___FILE_ONLY___ 

2024-11-28 09:55:12,926 INFO     ___FILE_ONLY___ version
2024-11-28 09:55:12,927 INFO     ___FILE_ONLY___ :
2024-11-28 09:55:12,927 INFO     ___FILE_ONLY___  
2024-11-28 09:55:12,927 INFO     ___FILE_ONLY___ 1
2024-11-28 09:55:12,927 INFO     ___FILE_ONLY___ 

2024-11-28 09:55:12,927 DEBUG    root            SDK update checks are disabled.
