2024-11-28 10:09:57,708 DEBUG    root            Loaded Command Group: ['gcloud', 'projects']
2024-11-28 10:09:57,746 DEBUG    root            Loaded Command Group: ['gcloud', 'projects', 'add_iam_policy_binding']
2024-11-28 10:09:57,759 DEBUG    root            Running [gcloud.projects.add-iam-policy-binding] with arguments: [--member: "serviceAccount:service-644941739395@gs-project-accounts.iam.gserviceaccount.com", --role: "roles/pubsub.publisher", PROJECT_ID: "inspired-photon-441609-k7"]
2024-11-28 10:09:57,918 DEBUG    urllib3.connectionpool Starting new HTTPS connection (1): cloudresourcemanager.googleapis.com:443
2024-11-28 10:09:58,135 DEBUG    urllib3.connectionpool https://cloudresourcemanager.googleapis.com:443 "POST /v1/projects/inspired-photon-441609-k7:getIamPolicy?alt=json HTTP/1.1" 200 None
2024-11-28 10:09:58,279 DEBUG    urllib3.connectionpool Starting new HTTPS connection (1): cloudresourcemanager.googleapis.com:443
2024-11-28 10:09:58,820 DEBUG    urllib3.connectionpool https://cloudresourcemanager.googleapis.com:443 "POST /v1/projects/inspired-photon-441609-k7:setIamPolicy?alt=json HTTP/1.1" 200 None
2024-11-28 10:09:58,824 INFO     ___FILE_ONLY___ Updated IAM policy for project [inspired-photon-441609-k7].

2024-11-28 10:09:58,824 DEBUG    root            Chosen display Format:default
2024-11-28 10:09:58,825 INFO     root            Display format: "default"
2024-11-28 10:09:58,851 INFO     ___FILE_ONLY___ bindings
2024-11-28 10:09:58,851 INFO     ___FILE_ONLY___ :
2024-11-28 10:09:58,851 INFO     ___FILE_ONLY___ 

2024-11-28 10:09:58,852 INFO     ___FILE_ONLY___ -
2024-11-28 10:09:58,852 INFO     ___FILE_ONLY___  
2024-11-28 10:09:58,852 INFO     ___FILE_ONLY___ members
2024-11-28 10:09:58,852 INFO     ___FILE_ONLY___ :
2024-11-28 10:09:58,852 INFO     ___FILE_ONLY___ 

2024-11-28 10:09:58,852 INFO     ___FILE_ONLY___   
2024-11-28 10:09:58,852 INFO     ___FILE_ONLY___ -
2024-11-28 10:09:58,853 INFO     ___FILE_ONLY___  
2024-11-28 10:09:58,853 INFO     ___FILE_ONLY___ serviceAccount:trigger-account@inspired-photon-441609-k7.iam.gserviceaccount.com
2024-11-28 10:09:58,853 INFO     ___FILE_ONLY___ 

2024-11-28 10:09:58,853 INFO     ___FILE_ONLY___   
2024-11-28 10:09:58,853 INFO     ___FILE_ONLY___ role
2024-11-28 10:09:58,853 INFO     ___FILE_ONLY___ :
2024-11-28 10:09:58,853 INFO     ___FILE_ONLY___  
2024-11-28 10:09:58,853 INFO     ___FILE_ONLY___ projects/inspired-photon-441609-k7/roles/main_custom_role_18
2024-11-28 10:09:58,854 INFO     ___FILE_ONLY___ 

2024-11-28 10:09:58,854 INFO     ___FILE_ONLY___ -
2024-11-28 10:09:58,854 INFO     ___FILE_ONLY___  
2024-11-28 10:09:58,854 INFO     ___FILE_ONLY___ members
2024-11-28 10:09:58,854 INFO     ___FILE_ONLY___ :
2024-11-28 10:09:58,854 INFO     ___FILE_ONLY___ 

2024-11-28 10:09:58,854 INFO     ___FILE_ONLY___   
2024-11-28 10:09:58,854 INFO     ___FILE_ONLY___ -
2024-11-28 10:09:58,854 INFO     ___FILE_ONLY___  
2024-11-28 10:09:58,854 INFO     ___FILE_ONLY___ serviceAccount:service-644941739395@gcp-sa-artifactregistry.iam.gserviceaccount.com
2024-11-28 10:09:58,855 INFO     ___FILE_ONLY___ 

2024-11-28 10:09:58,855 INFO     ___FILE_ONLY___   
2024-11-28 10:09:58,855 INFO     ___FILE_ONLY___ role
2024-11-28 10:09:58,855 INFO     ___FILE_ONLY___ :
2024-11-28 10:09:58,855 INFO     ___FILE_ONLY___  
2024-11-28 10:09:58,855 INFO     ___FILE_ONLY___ roles/artifactregistry.serviceAgent
2024-11-28 10:09:58,855 INFO     ___FILE_ONLY___ 

2024-11-28 10:09:58,855 INFO     ___FILE_ONLY___ -
2024-11-28 10:09:58,855 INFO     ___FILE_ONLY___  
2024-11-28 10:09:58,855 INFO     ___FILE_ONLY___ members
2024-11-28 10:09:58,856 INFO     ___FILE_ONLY___ :
2024-11-28 10:09:58,856 INFO     ___FILE_ONLY___ 

2024-11-28 10:09:58,856 INFO     ___FILE_ONLY___   
2024-11-28 10:09:58,856 INFO     ___FILE_ONLY___ -
2024-11-28 10:09:58,856 INFO     ___FILE_ONLY___  
2024-11-28 10:09:58,856 INFO     ___FILE_ONLY___ serviceAccount:644941739395@cloudbuild.gserviceaccount.com
2024-11-28 10:09:58,857 INFO     ___FILE_ONLY___ 

2024-11-28 10:09:58,857 INFO     ___FILE_ONLY___   
2024-11-28 10:09:58,857 INFO     ___FILE_ONLY___ role
2024-11-28 10:09:58,857 INFO     ___FILE_ONLY___ :
2024-11-28 10:09:58,857 INFO     ___FILE_ONLY___  
2024-11-28 10:09:58,857 INFO     ___FILE_ONLY___ roles/cloudbuild.builds.builder
2024-11-28 10:09:58,857 INFO     ___FILE_ONLY___ 

2024-11-28 10:09:58,857 INFO     ___FILE_ONLY___ -
2024-11-28 10:09:58,858 INFO     ___FILE_ONLY___  
2024-11-28 10:09:58,858 INFO     ___FILE_ONLY___ members
2024-11-28 10:09:58,858 INFO     ___FILE_ONLY___ :
2024-11-28 10:09:58,858 INFO     ___FILE_ONLY___ 

2024-11-28 10:09:58,858 INFO     ___FILE_ONLY___   
2024-11-28 10:09:58,858 INFO     ___FILE_ONLY___ -
2024-11-28 10:09:58,858 INFO     ___FILE_ONLY___  
2024-11-28 10:09:58,858 INFO     ___FILE_ONLY___ serviceAccount:service-644941739395@gcp-sa-cloudbuild.iam.gserviceaccount.com
2024-11-28 10:09:58,858 INFO     ___FILE_ONLY___ 

2024-11-28 10:09:58,858 INFO     ___FILE_ONLY___   
2024-11-28 10:09:58,858 INFO     ___FILE_ONLY___ role
2024-11-28 10:09:58,859 INFO     ___FILE_ONLY___ :
2024-11-28 10:09:58,859 INFO     ___FILE_ONLY___  
2024-11-28 10:09:58,859 INFO     ___FILE_ONLY___ roles/cloudbuild.serviceAgent
2024-11-28 10:09:58,859 INFO     ___FILE_ONLY___ 

2024-11-28 10:09:58,859 INFO     ___FILE_ONLY___ -
2024-11-28 10:09:58,859 INFO     ___FILE_ONLY___  
2024-11-28 10:09:58,859 INFO     ___FILE_ONLY___ members
2024-11-28 10:09:58,859 INFO     ___FILE_ONLY___ :
2024-11-28 10:09:58,859 INFO     ___FILE_ONLY___ 

2024-11-28 10:09:58,859 INFO     ___FILE_ONLY___   
2024-11-28 10:09:58,859 INFO     ___FILE_ONLY___ -
2024-11-28 10:09:58,860 INFO     ___FILE_ONLY___  
2024-11-28 10:09:58,860 INFO     ___FILE_ONLY___ serviceAccount:644941739395@cloudbuild.gserviceaccount.com
2024-11-28 10:09:58,860 INFO     ___FILE_ONLY___ 

2024-11-28 10:09:58,860 INFO     ___FILE_ONLY___   
2024-11-28 10:09:58,860 INFO     ___FILE_ONLY___ role
2024-11-28 10:09:58,860 INFO     ___FILE_ONLY___ :
2024-11-28 10:09:58,860 INFO     ___FILE_ONLY___  
2024-11-28 10:09:58,860 INFO     ___FILE_ONLY___ roles/cloudfunctions.developer
2024-11-28 10:09:58,860 INFO     ___FILE_ONLY___ 

2024-11-28 10:09:58,860 INFO     ___FILE_ONLY___ -
2024-11-28 10:09:58,860 INFO     ___FILE_ONLY___  
2024-11-28 10:09:58,861 INFO     ___FILE_ONLY___ members
2024-11-28 10:09:58,861 INFO     ___FILE_ONLY___ :
2024-11-28 10:09:58,861 INFO     ___FILE_ONLY___ 

2024-11-28 10:09:58,861 INFO     ___FILE_ONLY___   
2024-11-28 10:09:58,861 INFO     ___FILE_ONLY___ -
2024-11-28 10:09:58,861 INFO     ___FILE_ONLY___  
2024-11-28 10:09:58,861 INFO     ___FILE_ONLY___ serviceAccount:service-644941739395@gcf-admin-robot.iam.gserviceaccount.com
2024-11-28 10:09:58,861 INFO     ___FILE_ONLY___ 

2024-11-28 10:09:58,861 INFO     ___FILE_ONLY___   
2024-11-28 10:09:58,861 INFO     ___FILE_ONLY___ role
2024-11-28 10:09:58,862 INFO     ___FILE_ONLY___ :
2024-11-28 10:09:58,862 INFO     ___FILE_ONLY___  
2024-11-28 10:09:58,862 INFO     ___FILE_ONLY___ roles/cloudfunctions.serviceAgent
2024-11-28 10:09:58,862 INFO     ___FILE_ONLY___ 

2024-11-28 10:09:58,862 INFO     ___FILE_ONLY___ -
2024-11-28 10:09:58,863 INFO     ___FILE_ONLY___  
2024-11-28 10:09:58,863 INFO     ___FILE_ONLY___ members
2024-11-28 10:09:58,863 INFO     ___FILE_ONLY___ :
2024-11-28 10:09:58,863 INFO     ___FILE_ONLY___ 

2024-11-28 10:09:58,863 INFO     ___FILE_ONLY___   
2024-11-28 10:09:58,863 INFO     ___FILE_ONLY___ -
2024-11-28 10:09:58,864 INFO     ___FILE_ONLY___  
2024-11-28 10:09:58,864 INFO     ___FILE_ONLY___ serviceAccount:vm-creater-account@inspired-photon-441609-k7.iam.gserviceaccount.com
2024-11-28 10:09:58,864 INFO     ___FILE_ONLY___ 

2024-11-28 10:09:58,864 INFO     ___FILE_ONLY___   
2024-11-28 10:09:58,864 INFO     ___FILE_ONLY___ role
2024-11-28 10:09:58,864 INFO     ___FILE_ONLY___ :
2024-11-28 10:09:58,864 INFO     ___FILE_ONLY___  
2024-11-28 10:09:58,864 INFO     ___FILE_ONLY___ roles/compute.instanceAdmin.v1
2024-11-28 10:09:58,864 INFO     ___FILE_ONLY___ 

2024-11-28 10:09:58,864 INFO     ___FILE_ONLY___ -
2024-11-28 10:09:58,864 INFO     ___FILE_ONLY___  
2024-11-28 10:09:58,865 INFO     ___FILE_ONLY___ members
2024-11-28 10:09:58,865 INFO     ___FILE_ONLY___ :
2024-11-28 10:09:58,865 INFO     ___FILE_ONLY___ 

2024-11-28 10:09:58,865 INFO     ___FILE_ONLY___   
2024-11-28 10:09:58,865 INFO     ___FILE_ONLY___ -
2024-11-28 10:09:58,865 INFO     ___FILE_ONLY___  
2024-11-28 10:09:58,865 INFO     ___FILE_ONLY___ serviceAccount:vm-creater-account@inspired-photon-441609-k7.iam.gserviceaccount.com
2024-11-28 10:09:58,865 INFO     ___FILE_ONLY___ 

2024-11-28 10:09:58,865 INFO     ___FILE_ONLY___   
2024-11-28 10:09:58,865 INFO     ___FILE_ONLY___ role
2024-11-28 10:09:58,866 INFO     ___FILE_ONLY___ :
2024-11-28 10:09:58,866 INFO     ___FILE_ONLY___  
2024-11-28 10:09:58,866 INFO     ___FILE_ONLY___ roles/compute.networkUser
2024-11-28 10:09:58,866 INFO     ___FILE_ONLY___ 

2024-11-28 10:09:58,866 INFO     ___FILE_ONLY___ -
2024-11-28 10:09:58,866 INFO     ___FILE_ONLY___  
2024-11-28 10:09:58,866 INFO     ___FILE_ONLY___ members
2024-11-28 10:09:58,866 INFO     ___FILE_ONLY___ :
2024-11-28 10:09:58,866 INFO     ___FILE_ONLY___ 

2024-11-28 10:09:58,866 INFO     ___FILE_ONLY___   
2024-11-28 10:09:58,866 INFO     ___FILE_ONLY___ -
2024-11-28 10:09:58,866 INFO     ___FILE_ONLY___  
2024-11-28 10:09:58,867 INFO     ___FILE_ONLY___ serviceAccount:service-644941739395@compute-system.iam.gserviceaccount.com
2024-11-28 10:09:58,867 INFO     ___FILE_ONLY___ 

2024-11-28 10:09:58,867 INFO     ___FILE_ONLY___   
2024-11-28 10:09:58,867 INFO     ___FILE_ONLY___ role
2024-11-28 10:09:58,867 INFO     ___FILE_ONLY___ :
2024-11-28 10:09:58,867 INFO     ___FILE_ONLY___  
2024-11-28 10:09:58,867 INFO     ___FILE_ONLY___ roles/compute.serviceAgent
2024-11-28 10:09:58,867 INFO     ___FILE_ONLY___ 

2024-11-28 10:09:58,867 INFO     ___FILE_ONLY___ -
2024-11-28 10:09:58,867 INFO     ___FILE_ONLY___  
2024-11-28 10:09:58,867 INFO     ___FILE_ONLY___ members
2024-11-28 10:09:58,867 INFO     ___FILE_ONLY___ :
2024-11-28 10:09:58,868 INFO     ___FILE_ONLY___ 

2024-11-28 10:09:58,868 INFO     ___FILE_ONLY___   
2024-11-28 10:09:58,868 INFO     ___FILE_ONLY___ -
2024-11-28 10:09:58,868 INFO     ___FILE_ONLY___  
2024-11-28 10:09:58,868 INFO     ___FILE_ONLY___ serviceAccount:service-644941739395@containerregistry.iam.gserviceaccount.com
2024-11-28 10:09:58,868 INFO     ___FILE_ONLY___ 

2024-11-28 10:09:58,868 INFO     ___FILE_ONLY___   
2024-11-28 10:09:58,868 INFO     ___FILE_ONLY___ role
2024-11-28 10:09:58,868 INFO     ___FILE_ONLY___ :
2024-11-28 10:09:58,868 INFO     ___FILE_ONLY___  
2024-11-28 10:09:58,868 INFO     ___FILE_ONLY___ roles/containerregistry.ServiceAgent
2024-11-28 10:09:58,869 INFO     ___FILE_ONLY___ 

2024-11-28 10:09:58,869 INFO     ___FILE_ONLY___ -
2024-11-28 10:09:58,869 INFO     ___FILE_ONLY___  
2024-11-28 10:09:58,869 INFO     ___FILE_ONLY___ members
2024-11-28 10:09:58,869 INFO     ___FILE_ONLY___ :
2024-11-28 10:09:58,869 INFO     ___FILE_ONLY___ 

2024-11-28 10:09:58,869 INFO     ___FILE_ONLY___   
2024-11-28 10:09:58,869 INFO     ___FILE_ONLY___ -
2024-11-28 10:09:58,869 INFO     ___FILE_ONLY___  
2024-11-28 10:09:58,869 INFO     ___FILE_ONLY___ serviceAccount:644941739395-compute@developer.gserviceaccount.com
2024-11-28 10:09:58,869 INFO     ___FILE_ONLY___ 

2024-11-28 10:09:58,869 INFO     ___FILE_ONLY___   
2024-11-28 10:09:58,870 INFO     ___FILE_ONLY___ -
2024-11-28 10:09:58,870 INFO     ___FILE_ONLY___  
2024-11-28 10:09:58,870 INFO     ___FILE_ONLY___ serviceAccount:644941739395@cloudservices.gserviceaccount.com
2024-11-28 10:09:58,870 INFO     ___FILE_ONLY___ 

2024-11-28 10:09:58,870 INFO     ___FILE_ONLY___   
2024-11-28 10:09:58,870 INFO     ___FILE_ONLY___ -
2024-11-28 10:09:58,870 INFO     ___FILE_ONLY___  
2024-11-28 10:09:58,870 INFO     ___FILE_ONLY___ serviceAccount:inspired-photon-441609-k7@appspot.gserviceaccount.com
2024-11-28 10:09:58,870 INFO     ___FILE_ONLY___ 

2024-11-28 10:09:58,870 INFO     ___FILE_ONLY___   
2024-11-28 10:09:58,870 INFO     ___FILE_ONLY___ -
2024-11-28 10:09:58,870 INFO     ___FILE_ONLY___  
2024-11-28 10:09:58,871 INFO     ___FILE_ONLY___ serviceAccount:vm-creater-account@inspired-photon-441609-k7.iam.gserviceaccount.com
2024-11-28 10:09:58,871 INFO     ___FILE_ONLY___ 

2024-11-28 10:09:58,871 INFO     ___FILE_ONLY___   
2024-11-28 10:09:58,871 INFO     ___FILE_ONLY___ role
2024-11-28 10:09:58,871 INFO     ___FILE_ONLY___ :
2024-11-28 10:09:58,871 INFO     ___FILE_ONLY___  
2024-11-28 10:09:58,871 INFO     ___FILE_ONLY___ roles/editor
2024-11-28 10:09:58,871 INFO     ___FILE_ONLY___ 

2024-11-28 10:09:58,871 INFO     ___FILE_ONLY___ -
2024-11-28 10:09:58,871 INFO     ___FILE_ONLY___  
2024-11-28 10:09:58,871 INFO     ___FILE_ONLY___ members
2024-11-28 10:09:58,872 INFO     ___FILE_ONLY___ :
2024-11-28 10:09:58,872 INFO     ___FILE_ONLY___ 

2024-11-28 10:09:58,872 INFO     ___FILE_ONLY___   
2024-11-28 10:09:58,872 INFO     ___FILE_ONLY___ -
2024-11-28 10:09:58,872 INFO     ___FILE_ONLY___  
2024-11-28 10:09:58,872 INFO     ___FILE_ONLY___ serviceAccount:service-644941739395@gcp-sa-eventarc.iam.gserviceaccount.com
2024-11-28 10:09:58,872 INFO     ___FILE_ONLY___ 

2024-11-28 10:09:58,872 INFO     ___FILE_ONLY___   
2024-11-28 10:09:58,872 INFO     ___FILE_ONLY___ role
2024-11-28 10:09:58,872 INFO     ___FILE_ONLY___ :
2024-11-28 10:09:58,872 INFO     ___FILE_ONLY___  
2024-11-28 10:09:58,872 INFO     ___FILE_ONLY___ roles/eventarc.serviceAgent
2024-11-28 10:09:58,873 INFO     ___FILE_ONLY___ 

2024-11-28 10:09:58,873 INFO     ___FILE_ONLY___ -
2024-11-28 10:09:58,873 INFO     ___FILE_ONLY___  
2024-11-28 10:09:58,873 INFO     ___FILE_ONLY___ members
2024-11-28 10:09:58,873 INFO     ___FILE_ONLY___ :
2024-11-28 10:09:58,873 INFO     ___FILE_ONLY___ 

2024-11-28 10:09:58,873 INFO     ___FILE_ONLY___   
2024-11-28 10:09:58,873 INFO     ___FILE_ONLY___ -
2024-11-28 10:09:58,873 INFO     ___FILE_ONLY___  
2024-11-28 10:09:58,873 INFO     ___FILE_ONLY___ serviceAccount:trigger-account@inspired-photon-441609-k7.iam.gserviceaccount.com
2024-11-28 10:09:58,873 INFO     ___FILE_ONLY___ 

2024-11-28 10:09:58,873 INFO     ___FILE_ONLY___   
2024-11-28 10:09:58,874 INFO     ___FILE_ONLY___ role
2024-11-28 10:09:58,874 INFO     ___FILE_ONLY___ :
2024-11-28 10:09:58,874 INFO     ___FILE_ONLY___  
2024-11-28 10:09:58,874 INFO     ___FILE_ONLY___ roles/iam.roleAdmin
2024-11-28 10:09:58,874 INFO     ___FILE_ONLY___ 

2024-11-28 10:09:58,874 INFO     ___FILE_ONLY___ -
2024-11-28 10:09:58,874 INFO     ___FILE_ONLY___  
2024-11-28 10:09:58,874 INFO     ___FILE_ONLY___ members
2024-11-28 10:09:58,874 INFO     ___FILE_ONLY___ :
2024-11-28 10:09:58,874 INFO     ___FILE_ONLY___ 

2024-11-28 10:09:58,874 INFO     ___FILE_ONLY___   
2024-11-28 10:09:58,874 INFO     ___FILE_ONLY___ -
2024-11-28 10:09:58,875 INFO     ___FILE_ONLY___  
2024-11-28 10:09:58,875 INFO     ___FILE_ONLY___ serviceAccount:644941739395@cloudbuild.gserviceaccount.com
2024-11-28 10:09:58,875 INFO     ___FILE_ONLY___ 

2024-11-28 10:09:58,875 INFO     ___FILE_ONLY___   
2024-11-28 10:09:58,875 INFO     ___FILE_ONLY___ -
2024-11-28 10:09:58,875 INFO     ___FILE_ONLY___  
2024-11-28 10:09:58,875 INFO     ___FILE_ONLY___ serviceAccount:vm-creater-account@inspired-photon-441609-k7.iam.gserviceaccount.com
2024-11-28 10:09:58,875 INFO     ___FILE_ONLY___ 

2024-11-28 10:09:58,875 INFO     ___FILE_ONLY___   
2024-11-28 10:09:58,875 INFO     ___FILE_ONLY___ role
2024-11-28 10:09:58,875 INFO     ___FILE_ONLY___ :
2024-11-28 10:09:58,875 INFO     ___FILE_ONLY___  
2024-11-28 10:09:58,876 INFO     ___FILE_ONLY___ roles/iam.serviceAccountUser
2024-11-28 10:09:58,876 INFO     ___FILE_ONLY___ 

2024-11-28 10:09:58,876 INFO     ___FILE_ONLY___ -
2024-11-28 10:09:58,876 INFO     ___FILE_ONLY___  
2024-11-28 10:09:58,876 INFO     ___FILE_ONLY___ members
2024-11-28 10:09:58,876 INFO     ___FILE_ONLY___ :
2024-11-28 10:09:58,876 INFO     ___FILE_ONLY___ 

2024-11-28 10:09:58,876 INFO     ___FILE_ONLY___   
2024-11-28 10:09:58,876 INFO     ___FILE_ONLY___ -
2024-11-28 10:09:58,876 INFO     ___FILE_ONLY___  
2024-11-28 10:09:58,876 INFO     ___FILE_ONLY___ user:das03285@gmail.com
2024-11-28 10:09:58,876 INFO     ___FILE_ONLY___ 

2024-11-28 10:09:58,877 INFO     ___FILE_ONLY___   
2024-11-28 10:09:58,877 INFO     ___FILE_ONLY___ role
2024-11-28 10:09:58,877 INFO     ___FILE_ONLY___ :
2024-11-28 10:09:58,877 INFO     ___FILE_ONLY___  
2024-11-28 10:09:58,877 INFO     ___FILE_ONLY___ roles/owner
2024-11-28 10:09:58,877 INFO     ___FILE_ONLY___ 

2024-11-28 10:09:58,877 INFO     ___FILE_ONLY___ -
2024-11-28 10:09:58,877 INFO     ___FILE_ONLY___  
2024-11-28 10:09:58,877 INFO     ___FILE_ONLY___ members
2024-11-28 10:09:58,877 INFO     ___FILE_ONLY___ :
2024-11-28 10:09:58,877 INFO     ___FILE_ONLY___ 

2024-11-28 10:09:58,878 INFO     ___FILE_ONLY___   
2024-11-28 10:09:58,878 INFO     ___FILE_ONLY___ -
2024-11-28 10:09:58,878 INFO     ___FILE_ONLY___  
2024-11-28 10:09:58,878 INFO     ___FILE_ONLY___ serviceAccount:service-644941739395@gs-project-accounts.iam.gserviceaccount.com
2024-11-28 10:09:58,878 INFO     ___FILE_ONLY___ 

2024-11-28 10:09:58,878 INFO     ___FILE_ONLY___   
2024-11-28 10:09:58,878 INFO     ___FILE_ONLY___ role
2024-11-28 10:09:58,878 INFO     ___FILE_ONLY___ :
2024-11-28 10:09:58,878 INFO     ___FILE_ONLY___  
2024-11-28 10:09:58,879 INFO     ___FILE_ONLY___ roles/pubsub.publisher
2024-11-28 10:09:58,879 INFO     ___FILE_ONLY___ 

2024-11-28 10:09:58,879 INFO     ___FILE_ONLY___ -
2024-11-28 10:09:58,879 INFO     ___FILE_ONLY___  
2024-11-28 10:09:58,879 INFO     ___FILE_ONLY___ members
2024-11-28 10:09:58,879 INFO     ___FILE_ONLY___ :
2024-11-28 10:09:58,879 INFO     ___FILE_ONLY___ 

2024-11-28 10:09:58,879 INFO     ___FILE_ONLY___   
2024-11-28 10:09:58,879 INFO     ___FILE_ONLY___ -
2024-11-28 10:09:58,880 INFO     ___FILE_ONLY___  
2024-11-28 10:09:58,880 INFO     ___FILE_ONLY___ serviceAccount:service-644941739395@gcp-sa-pubsub.iam.gserviceaccount.com
2024-11-28 10:09:58,880 INFO     ___FILE_ONLY___ 

2024-11-28 10:09:58,880 INFO     ___FILE_ONLY___   
2024-11-28 10:09:58,880 INFO     ___FILE_ONLY___ role
2024-11-28 10:09:58,880 INFO     ___FILE_ONLY___ :
2024-11-28 10:09:58,880 INFO     ___FILE_ONLY___  
2024-11-28 10:09:58,880 INFO     ___FILE_ONLY___ roles/pubsub.serviceAgent
2024-11-28 10:09:58,880 INFO     ___FILE_ONLY___ 

2024-11-28 10:09:58,880 INFO     ___FILE_ONLY___ -
2024-11-28 10:09:58,880 INFO     ___FILE_ONLY___  
2024-11-28 10:09:58,881 INFO     ___FILE_ONLY___ members
2024-11-28 10:09:58,881 INFO     ___FILE_ONLY___ :
2024-11-28 10:09:58,881 INFO     ___FILE_ONLY___ 

2024-11-28 10:09:58,881 INFO     ___FILE_ONLY___   
2024-11-28 10:09:58,881 INFO     ___FILE_ONLY___ -
2024-11-28 10:09:58,881 INFO     ___FILE_ONLY___  
2024-11-28 10:09:58,881 INFO     ___FILE_ONLY___ serviceAccount:trigger-account@inspired-photon-441609-k7.iam.gserviceaccount.com
2024-11-28 10:09:58,881 INFO     ___FILE_ONLY___ 

2024-11-28 10:09:58,881 INFO     ___FILE_ONLY___   
2024-11-28 10:09:58,881 INFO     ___FILE_ONLY___ role
2024-11-28 10:09:58,881 INFO     ___FILE_ONLY___ :
2024-11-28 10:09:58,882 INFO     ___FILE_ONLY___  
2024-11-28 10:09:58,882 INFO     ___FILE_ONLY___ roles/resourcemanager.projectIamAdmin
2024-11-28 10:09:58,882 INFO     ___FILE_ONLY___ 

2024-11-28 10:09:58,882 INFO     ___FILE_ONLY___ -
2024-11-28 10:09:58,882 INFO     ___FILE_ONLY___  
2024-11-28 10:09:58,882 INFO     ___FILE_ONLY___ members
2024-11-28 10:09:58,882 INFO     ___FILE_ONLY___ :
2024-11-28 10:09:58,882 INFO     ___FILE_ONLY___ 

2024-11-28 10:09:58,882 INFO     ___FILE_ONLY___   
2024-11-28 10:09:58,882 INFO     ___FILE_ONLY___ -
2024-11-28 10:09:58,882 INFO     ___FILE_ONLY___  
2024-11-28 10:09:58,882 INFO     ___FILE_ONLY___ serviceAccount:service-644941739395@serverless-robot-prod.iam.gserviceaccount.com
2024-11-28 10:09:58,883 INFO     ___FILE_ONLY___ 

2024-11-28 10:09:58,883 INFO     ___FILE_ONLY___   
2024-11-28 10:09:58,883 INFO     ___FILE_ONLY___ role
2024-11-28 10:09:58,883 INFO     ___FILE_ONLY___ :
2024-11-28 10:09:58,883 INFO     ___FILE_ONLY___  
2024-11-28 10:09:58,883 INFO     ___FILE_ONLY___ roles/run.serviceAgent
2024-11-28 10:09:58,883 INFO     ___FILE_ONLY___ 

2024-11-28 10:09:58,883 INFO     ___FILE_ONLY___ etag
2024-11-28 10:09:58,883 INFO     ___FILE_ONLY___ :
2024-11-28 10:09:58,883 INFO     ___FILE_ONLY___  
2024-11-28 10:09:58,884 INFO     ___FILE_ONLY___ BwYn9kjnF5g=
2024-11-28 10:09:58,884 INFO     ___FILE_ONLY___ 

2024-11-28 10:09:58,884 INFO     ___FILE_ONLY___ version
2024-11-28 10:09:58,884 INFO     ___FILE_ONLY___ :
2024-11-28 10:09:58,884 INFO     ___FILE_ONLY___  
2024-11-28 10:09:58,884 INFO     ___FILE_ONLY___ 1
2024-11-28 10:09:58,884 INFO     ___FILE_ONLY___ 

2024-11-28 10:09:58,885 DEBUG    root            SDK update checks are disabled.
