2024-11-28 10:10:08,671 DEBUG    root            Loaded Command Group: ['gcloud', 'functions']
2024-11-28 10:10:09,777 DEBUG    root            Loaded Command Group: ['gcloud', 'functions', 'deploy']
2024-11-28 10:10:09,862 DEBUG    root            Running [gcloud.functions.deploy] with arguments: [--entry-point: "send_email", --runtime: "python312", --set-env-vars: "OrderedDict([('PROJECT_ID', 'inspired-photon-441609-k7'), ('TOPIC_ID', 'gcs-trigger-topic'), ('SENDGRID_API_KEY', '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')])", --source: ".", --timeout: "300", --trigger-topic: "gcs-trigger-topic", NAME: "pubsub-to-email"]
2024-11-28 10:10:10,038 DEBUG    urllib3.connectionpool Starting new HTTPS connection (1): cloudfunctions.googleapis.com:443
2024-11-28 10:10:10,262 DEBUG    urllib3.connectionpool https://cloudfunctions.googleapis.com:443 "GET /v2/projects/inspired-photon-441609-k7/locations/us-central1/functions/pubsub-to-email?alt=json HTTP/1.1" 200 None
2024-11-28 10:10:10,404 DEBUG    urllib3.connectionpool Starting new HTTPS connection (1): cloudfunctions.googleapis.com:443
2024-11-28 10:10:10,689 DEBUG    urllib3.connectionpool https://cloudfunctions.googleapis.com:443 "GET /v2/projects/inspired-photon-441609-k7/locations/us-central1/functions/pubsub-to-email?alt=json HTTP/1.1" 200 None
2024-11-28 10:10:10,695 DEBUG    urllib3.connectionpool Starting new HTTPS connection (1): cloudfunctions.googleapis.com:443
2024-11-28 10:10:10,775 DEBUG    urllib3.connectionpool https://cloudfunctions.googleapis.com:443 "GET /v2/projects/inspired-photon-441609-k7/locations/us-central1/runtimes?alt=json HTTP/1.1" 200 None
2024-11-28 10:10:10,934 DEBUG    urllib3.connectionpool Starting new HTTPS connection (1): cloudresourcemanager.googleapis.com:443
2024-11-28 10:10:11,020 DEBUG    urllib3.connectionpool https://cloudresourcemanager.googleapis.com:443 "GET /v1/projects/inspired-photon-441609-k7?alt=json HTTP/1.1" 200 None
2024-11-28 10:10:11,158 DEBUG    urllib3.connectionpool Starting new HTTPS connection (1): cloudresourcemanager.googleapis.com:443
2024-11-28 10:10:11,334 DEBUG    urllib3.connectionpool https://cloudresourcemanager.googleapis.com:443 "POST /v1/projects/inspired-photon-441609-k7:getIamPolicy?alt=json HTTP/1.1" 200 None
2024-11-28 10:10:11,339 INFO     root            Not using ignore file.
2024-11-28 10:10:24,505 DEBUG    urllib3.connectionpool Starting new HTTPS connection (1): cloudfunctions.googleapis.com:443
2024-11-28 10:10:24,665 DEBUG    urllib3.connectionpool https://cloudfunctions.googleapis.com:443 "POST /v2/projects/inspired-photon-441609-k7/locations/us-central1/functions:generateUploadUrl?alt=json HTTP/1.1" 200 None
2024-11-28 10:10:24,742 DEBUG    urllib3.connectionpool Starting new HTTPS connection (1): storage.googleapis.com:443
2024-11-28 10:10:25,342 DEBUG    urllib3.connectionpool https://storage.googleapis.com:443 "PUT /gcf-v2-uploads-644941739395.us-central1.cloudfunctions.appspot.com/1d0da472-ad72-4716-807c-9bdf6d82de9b.zip?GoogleAccessId=service-644941739395%40gcf-admin-robot.iam.gserviceaccount.com&Expires=1732790424&Signature=FSrsqQwvAW0vMKZIxYOuelT6BvgAwsFJX8r2Iy5tAZx0N8Yrj%2BXeIid01ebd22Q1%2FDIGbzVdsu0Yu2UmCKzkwVPBZaRFbOehHtuwV6Akf0LcWB0njNCyjzNKh3KVvdYGe3lsueEu%2FufUG7i0D%2FN5RuDARWCaswiD02Jdp8fEGk%2FDyZLPRuknIEGKOXzfZg9AEyV%2FT0CKzcgob4HP8AYdfSLOfTIdD8xRktToOQ36%2Bu5CDjpOe6mcmo6h67VXN12%2FnJkKwxTenRk3rVDPDmwGWjiqZ2H8cUcvQAncuMOlLWx1tbkqSXCLqSmLVABHKIh6QoQtvnSj6qzKIfX3i9Uj6w%3D%3D HTTP/1.1" 200 0
2024-11-28 10:10:25,429 DEBUG    urllib3.connectionpool Starting new HTTPS connection (1): serviceusage.googleapis.com:443
2024-11-28 10:10:25,619 DEBUG    urllib3.connectionpool https://serviceusage.googleapis.com:443 "GET /v1/projects/inspired-photon-441609-k7/services/run.googleapis.com?alt=json HTTP/1.1" 403 None
2024-11-28 10:10:25,622 INFO     root            Could not verify if service run.googleapis.com is enabled: missing permission 'serviceusage.services.get'.
2024-11-28 10:10:25,689 DEBUG    urllib3.connectionpool Starting new HTTPS connection (1): serviceusage.googleapis.com:443
2024-11-28 10:10:25,923 DEBUG    urllib3.connectionpool https://serviceusage.googleapis.com:443 "GET /v1/projects/inspired-photon-441609-k7/services/cloudbuild.googleapis.com?alt=json HTTP/1.1" 403 None
2024-11-28 10:10:25,925 INFO     root            Could not verify if service cloudbuild.googleapis.com is enabled: missing permission 'serviceusage.services.get'.
2024-11-28 10:10:25,993 DEBUG    urllib3.connectionpool Starting new HTTPS connection (1): serviceusage.googleapis.com:443
2024-11-28 10:10:26,237 DEBUG    urllib3.connectionpool https://serviceusage.googleapis.com:443 "GET /v1/projects/inspired-photon-441609-k7/services/artifactregistry.googleapis.com?alt=json HTTP/1.1" 403 None
2024-11-28 10:10:26,240 INFO     root            Could not verify if service artifactregistry.googleapis.com is enabled: missing permission 'serviceusage.services.get'.
2024-11-28 10:10:26,391 DEBUG    urllib3.connectionpool Starting new HTTPS connection (1): cloudbuild.googleapis.com:443
2024-11-28 10:10:26,523 DEBUG    urllib3.connectionpool https://cloudbuild.googleapis.com:443 "GET /v1/projects/inspired-photon-441609-k7/locations/us-central1/defaultServiceAccount?alt=json HTTP/1.1" 200 None
2024-11-28 10:10:26,660 DEBUG    urllib3.connectionpool Starting new HTTPS connection (1): cloudresourcemanager.googleapis.com:443
2024-11-28 10:10:26,740 DEBUG    urllib3.connectionpool https://cloudresourcemanager.googleapis.com:443 "GET /v1/projects/inspired-photon-441609-k7?alt=json HTTP/1.1" 200 None
2024-11-28 10:10:26,875 DEBUG    urllib3.connectionpool Starting new HTTPS connection (1): cloudresourcemanager.googleapis.com:443
2024-11-28 10:10:27,038 DEBUG    urllib3.connectionpool https://cloudresourcemanager.googleapis.com:443 "POST /v1/projects/inspired-photon-441609-k7:getIamPolicy?alt=json HTTP/1.1" 200 None
2024-11-28 10:10:27,046 DEBUG    urllib3.connectionpool Starting new HTTPS connection (1): cloudfunctions.googleapis.com:443
2024-11-28 10:10:27,995 DEBUG    urllib3.connectionpool https://cloudfunctions.googleapis.com:443 "PATCH /v2/projects/inspired-photon-441609-k7/locations/us-central1/functions/pubsub-to-email?alt=json&updateMask=build_config.entry_point%2Cbuild_config.runtime%2Cbuild_config.source%2Cevent_trigger%2Cservice_config.environment_variables%2Cservice_config.timeout_seconds HTTP/1.1" 200 None
2024-11-28 10:10:27,999 INFO     ___FILE_ONLY___ Preparing function...
2024-11-28 10:10:28,002 DEBUG    urllib3.connectionpool Starting new HTTPS connection (1): cloudfunctions.googleapis.com:443
2024-11-28 10:10:28,091 DEBUG    urllib3.connectionpool https://cloudfunctions.googleapis.com:443 "GET /v2/projects/inspired-photon-441609-k7/locations/us-central1/operations/operation-1732788627136-627f64a975e9f-c382cfc0-3c4065c2?alt=json HTTP/1.1" 200 None
2024-11-28 10:10:29,262 DEBUG    urllib3.connectionpool Starting new HTTPS connection (1): cloudfunctions.googleapis.com:443
2024-11-28 10:10:29,352 DEBUG    urllib3.connectionpool https://cloudfunctions.googleapis.com:443 "GET /v2/projects/inspired-photon-441609-k7/locations/us-central1/operations/operation-1732788627136-627f64a975e9f-c382cfc0-3c4065c2?alt=json HTTP/1.1" 200 None
2024-11-28 10:10:29,404 INFO     ___FILE_ONLY___ Updating function (may take a while)...
2024-11-28 10:10:29,408 DEBUG    urllib3.connectionpool Starting new HTTPS connection (1): cloudfunctions.googleapis.com:443
2024-11-28 10:10:29,494 DEBUG    urllib3.connectionpool https://cloudfunctions.googleapis.com:443 "GET /v2/projects/inspired-photon-441609-k7/locations/us-central1/operations/operation-1732788627136-627f64a975e9f-c382cfc0-3c4065c2?alt=json HTTP/1.1" 200 None
2024-11-28 10:10:30,617 DEBUG    urllib3.connectionpool Starting new HTTPS connection (1): cloudfunctions.googleapis.com:443
2024-11-28 10:10:30,716 DEBUG    urllib3.connectionpool https://cloudfunctions.googleapis.com:443 "GET /v2/projects/inspired-photon-441609-k7/locations/us-central1/operations/operation-1732788627136-627f64a975e9f-c382cfc0-3c4065c2?alt=json HTTP/1.1" 200 None
2024-11-28 10:10:31,866 DEBUG    urllib3.connectionpool Starting new HTTPS connection (1): cloudfunctions.googleapis.com:443
2024-11-28 10:10:31,950 DEBUG    urllib3.connectionpool https://cloudfunctions.googleapis.com:443 "GET /v2/projects/inspired-photon-441609-k7/locations/us-central1/operations/operation-1732788627136-627f64a975e9f-c382cfc0-3c4065c2?alt=json HTTP/1.1" 200 None
2024-11-28 10:10:33,619 DEBUG    urllib3.connectionpool Starting new HTTPS connection (1): cloudfunctions.googleapis.com:443
2024-11-28 10:10:33,680 DEBUG    urllib3.connectionpool https://cloudfunctions.googleapis.com:443 "GET /v2/projects/inspired-photon-441609-k7/locations/us-central1/operations/operation-1732788627136-627f64a975e9f-c382cfc0-3c4065c2?alt=json HTTP/1.1" 200 None
2024-11-28 10:10:35,287 DEBUG    urllib3.connectionpool Starting new HTTPS connection (1): cloudfunctions.googleapis.com:443
2024-11-28 10:10:35,377 DEBUG    urllib3.connectionpool https://cloudfunctions.googleapis.com:443 "GET /v2/projects/inspired-photon-441609-k7/locations/us-central1/operations/operation-1732788627136-627f64a975e9f-c382cfc0-3c4065c2?alt=json HTTP/1.1" 200 None
2024-11-28 10:10:37,155 DEBUG    urllib3.connectionpool Starting new HTTPS connection (1): cloudfunctions.googleapis.com:443
2024-11-28 10:10:37,244 DEBUG    urllib3.connectionpool https://cloudfunctions.googleapis.com:443 "GET /v2/projects/inspired-photon-441609-k7/locations/us-central1/operations/operation-1732788627136-627f64a975e9f-c382cfc0-3c4065c2?alt=json HTTP/1.1" 200 None
2024-11-28 10:10:39,171 DEBUG    urllib3.connectionpool Starting new HTTPS connection (1): cloudfunctions.googleapis.com:443
2024-11-28 10:10:39,259 DEBUG    urllib3.connectionpool https://cloudfunctions.googleapis.com:443 "GET /v2/projects/inspired-photon-441609-k7/locations/us-central1/operations/operation-1732788627136-627f64a975e9f-c382cfc0-3c4065c2?alt=json HTTP/1.1" 200 None
2024-11-28 10:10:40,344 DEBUG    urllib3.connectionpool Starting new HTTPS connection (1): cloudfunctions.googleapis.com:443
2024-11-28 10:10:40,435 DEBUG    urllib3.connectionpool https://cloudfunctions.googleapis.com:443 "GET /v2/projects/inspired-photon-441609-k7/locations/us-central1/operations/operation-1732788627136-627f64a975e9f-c382cfc0-3c4065c2?alt=json HTTP/1.1" 200 None
2024-11-28 10:10:41,915 DEBUG    urllib3.connectionpool Starting new HTTPS connection (1): cloudfunctions.googleapis.com:443
2024-11-28 10:10:41,976 DEBUG    urllib3.connectionpool https://cloudfunctions.googleapis.com:443 "GET /v2/projects/inspired-photon-441609-k7/locations/us-central1/operations/operation-1732788627136-627f64a975e9f-c382cfc0-3c4065c2?alt=json HTTP/1.1" 200 None
2024-11-28 10:10:43,431 DEBUG    urllib3.connectionpool Starting new HTTPS connection (1): cloudfunctions.googleapis.com:443
2024-11-28 10:10:43,518 DEBUG    urllib3.connectionpool https://cloudfunctions.googleapis.com:443 "GET /v2/projects/inspired-photon-441609-k7/locations/us-central1/operations/operation-1732788627136-627f64a975e9f-c382cfc0-3c4065c2?alt=json HTTP/1.1" 200 None
2024-11-28 10:10:44,990 DEBUG    urllib3.connectionpool Starting new HTTPS connection (1): cloudfunctions.googleapis.com:443
2024-11-28 10:10:45,079 DEBUG    urllib3.connectionpool https://cloudfunctions.googleapis.com:443 "GET /v2/projects/inspired-photon-441609-k7/locations/us-central1/operations/operation-1732788627136-627f64a975e9f-c382cfc0-3c4065c2?alt=json HTTP/1.1" 200 None
2024-11-28 10:10:46,950 DEBUG    urllib3.connectionpool Starting new HTTPS connection (1): cloudfunctions.googleapis.com:443
2024-11-28 10:10:47,033 DEBUG    urllib3.connectionpool https://cloudfunctions.googleapis.com:443 "GET /v2/projects/inspired-photon-441609-k7/locations/us-central1/operations/operation-1732788627136-627f64a975e9f-c382cfc0-3c4065c2?alt=json HTTP/1.1" 200 None
2024-11-28 10:10:48,457 DEBUG    urllib3.connectionpool Starting new HTTPS connection (1): cloudfunctions.googleapis.com:443
2024-11-28 10:10:48,546 DEBUG    urllib3.connectionpool https://cloudfunctions.googleapis.com:443 "GET /v2/projects/inspired-photon-441609-k7/locations/us-central1/operations/operation-1732788627136-627f64a975e9f-c382cfc0-3c4065c2?alt=json HTTP/1.1" 200 None
2024-11-28 10:10:49,906 DEBUG    urllib3.connectionpool Starting new HTTPS connection (1): cloudfunctions.googleapis.com:443
2024-11-28 10:10:49,967 DEBUG    urllib3.connectionpool https://cloudfunctions.googleapis.com:443 "GET /v2/projects/inspired-photon-441609-k7/locations/us-central1/operations/operation-1732788627136-627f64a975e9f-c382cfc0-3c4065c2?alt=json HTTP/1.1" 200 None
2024-11-28 10:10:51,475 DEBUG    urllib3.connectionpool Starting new HTTPS connection (1): cloudfunctions.googleapis.com:443
2024-11-28 10:10:51,568 DEBUG    urllib3.connectionpool https://cloudfunctions.googleapis.com:443 "GET /v2/projects/inspired-photon-441609-k7/locations/us-central1/operations/operation-1732788627136-627f64a975e9f-c382cfc0-3c4065c2?alt=json HTTP/1.1" 200 None
2024-11-28 10:10:52,699 DEBUG    urllib3.connectionpool Starting new HTTPS connection (1): cloudfunctions.googleapis.com:443
2024-11-28 10:10:52,764 DEBUG    urllib3.connectionpool https://cloudfunctions.googleapis.com:443 "GET /v2/projects/inspired-photon-441609-k7/locations/us-central1/operations/operation-1732788627136-627f64a975e9f-c382cfc0-3c4065c2?alt=json HTTP/1.1" 200 None
2024-11-28 10:10:54,740 DEBUG    urllib3.connectionpool Starting new HTTPS connection (1): cloudfunctions.googleapis.com:443
2024-11-28 10:10:54,798 DEBUG    urllib3.connectionpool https://cloudfunctions.googleapis.com:443 "GET /v2/projects/inspired-photon-441609-k7/locations/us-central1/operations/operation-1732788627136-627f64a975e9f-c382cfc0-3c4065c2?alt=json HTTP/1.1" 200 None
2024-11-28 10:10:56,597 DEBUG    urllib3.connectionpool Starting new HTTPS connection (1): cloudfunctions.googleapis.com:443
2024-11-28 10:10:56,664 DEBUG    urllib3.connectionpool https://cloudfunctions.googleapis.com:443 "GET /v2/projects/inspired-photon-441609-k7/locations/us-central1/operations/operation-1732788627136-627f64a975e9f-c382cfc0-3c4065c2?alt=json HTTP/1.1" 200 None
2024-11-28 10:10:57,708 DEBUG    urllib3.connectionpool Starting new HTTPS connection (1): cloudfunctions.googleapis.com:443
2024-11-28 10:10:57,770 DEBUG    urllib3.connectionpool https://cloudfunctions.googleapis.com:443 "GET /v2/projects/inspired-photon-441609-k7/locations/us-central1/operations/operation-1732788627136-627f64a975e9f-c382cfc0-3c4065c2?alt=json HTTP/1.1" 200 None
2024-11-28 10:10:59,533 DEBUG    urllib3.connectionpool Starting new HTTPS connection (1): cloudfunctions.googleapis.com:443
2024-11-28 10:10:59,624 DEBUG    urllib3.connectionpool https://cloudfunctions.googleapis.com:443 "GET /v2/projects/inspired-photon-441609-k7/locations/us-central1/operations/operation-1732788627136-627f64a975e9f-c382cfc0-3c4065c2?alt=json HTTP/1.1" 200 None
2024-11-28 10:11:01,364 DEBUG    urllib3.connectionpool Starting new HTTPS connection (1): cloudfunctions.googleapis.com:443
2024-11-28 10:11:01,457 DEBUG    urllib3.connectionpool https://cloudfunctions.googleapis.com:443 "GET /v2/projects/inspired-photon-441609-k7/locations/us-central1/operations/operation-1732788627136-627f64a975e9f-c382cfc0-3c4065c2?alt=json HTTP/1.1" 200 None
2024-11-28 10:11:03,252 DEBUG    urllib3.connectionpool Starting new HTTPS connection (1): cloudfunctions.googleapis.com:443
2024-11-28 10:11:03,342 DEBUG    urllib3.connectionpool https://cloudfunctions.googleapis.com:443 "GET /v2/projects/inspired-photon-441609-k7/locations/us-central1/operations/operation-1732788627136-627f64a975e9f-c382cfc0-3c4065c2?alt=json HTTP/1.1" 200 None
2024-11-28 10:11:04,847 DEBUG    urllib3.connectionpool Starting new HTTPS connection (1): cloudfunctions.googleapis.com:443
2024-11-28 10:11:04,914 DEBUG    urllib3.connectionpool https://cloudfunctions.googleapis.com:443 "GET /v2/projects/inspired-photon-441609-k7/locations/us-central1/operations/operation-1732788627136-627f64a975e9f-c382cfc0-3c4065c2?alt=json HTTP/1.1" 200 None
2024-11-28 10:11:06,325 DEBUG    urllib3.connectionpool Starting new HTTPS connection (1): cloudfunctions.googleapis.com:443
2024-11-28 10:11:06,410 DEBUG    urllib3.connectionpool https://cloudfunctions.googleapis.com:443 "GET /v2/projects/inspired-photon-441609-k7/locations/us-central1/operations/operation-1732788627136-627f64a975e9f-c382cfc0-3c4065c2?alt=json HTTP/1.1" 200 None
2024-11-28 10:11:07,593 DEBUG    urllib3.connectionpool Starting new HTTPS connection (1): cloudfunctions.googleapis.com:443
2024-11-28 10:11:07,661 DEBUG    urllib3.connectionpool https://cloudfunctions.googleapis.com:443 "GET /v2/projects/inspired-photon-441609-k7/locations/us-central1/operations/operation-1732788627136-627f64a975e9f-c382cfc0-3c4065c2?alt=json HTTP/1.1" 200 None
2024-11-28 10:11:09,593 DEBUG    urllib3.connectionpool Starting new HTTPS connection (1): cloudfunctions.googleapis.com:443
2024-11-28 10:11:09,681 DEBUG    urllib3.connectionpool https://cloudfunctions.googleapis.com:443 "GET /v2/projects/inspired-photon-441609-k7/locations/us-central1/operations/operation-1732788627136-627f64a975e9f-c382cfc0-3c4065c2?alt=json HTTP/1.1" 200 None
2024-11-28 10:11:10,727 DEBUG    urllib3.connectionpool Starting new HTTPS connection (1): cloudfunctions.googleapis.com:443
2024-11-28 10:11:10,819 DEBUG    urllib3.connectionpool https://cloudfunctions.googleapis.com:443 "GET /v2/projects/inspired-photon-441609-k7/locations/us-central1/operations/operation-1732788627136-627f64a975e9f-c382cfc0-3c4065c2?alt=json HTTP/1.1" 200 None
2024-11-28 10:11:11,938 DEBUG    urllib3.connectionpool Starting new HTTPS connection (1): cloudfunctions.googleapis.com:443
2024-11-28 10:11:12,006 DEBUG    urllib3.connectionpool https://cloudfunctions.googleapis.com:443 "GET /v2/projects/inspired-photon-441609-k7/locations/us-central1/operations/operation-1732788627136-627f64a975e9f-c382cfc0-3c4065c2?alt=json HTTP/1.1" 200 None
2024-11-28 10:11:13,225 DEBUG    urllib3.connectionpool Starting new HTTPS connection (1): cloudfunctions.googleapis.com:443
2024-11-28 10:11:13,294 DEBUG    urllib3.connectionpool https://cloudfunctions.googleapis.com:443 "GET /v2/projects/inspired-photon-441609-k7/locations/us-central1/operations/operation-1732788627136-627f64a975e9f-c382cfc0-3c4065c2?alt=json HTTP/1.1" 200 None
2024-11-28 10:11:14,454 DEBUG    urllib3.connectionpool Starting new HTTPS connection (1): cloudfunctions.googleapis.com:443
2024-11-28 10:11:14,516 DEBUG    urllib3.connectionpool https://cloudfunctions.googleapis.com:443 "GET /v2/projects/inspired-photon-441609-k7/locations/us-central1/operations/operation-1732788627136-627f64a975e9f-c382cfc0-3c4065c2?alt=json HTTP/1.1" 200 None
2024-11-28 10:11:15,871 DEBUG    urllib3.connectionpool Starting new HTTPS connection (1): cloudfunctions.googleapis.com:443
2024-11-28 10:11:15,952 DEBUG    urllib3.connectionpool https://cloudfunctions.googleapis.com:443 "GET /v2/projects/inspired-photon-441609-k7/locations/us-central1/operations/operation-1732788627136-627f64a975e9f-c382cfc0-3c4065c2?alt=json HTTP/1.1" 200 None
2024-11-28 10:11:17,430 DEBUG    urllib3.connectionpool Starting new HTTPS connection (1): cloudfunctions.googleapis.com:443
2024-11-28 10:11:17,495 DEBUG    urllib3.connectionpool https://cloudfunctions.googleapis.com:443 "GET /v2/projects/inspired-photon-441609-k7/locations/us-central1/operations/operation-1732788627136-627f64a975e9f-c382cfc0-3c4065c2?alt=json HTTP/1.1" 200 None
2024-11-28 10:11:18,731 DEBUG    urllib3.connectionpool Starting new HTTPS connection (1): cloudfunctions.googleapis.com:443
2024-11-28 10:11:18,812 DEBUG    urllib3.connectionpool https://cloudfunctions.googleapis.com:443 "GET /v2/projects/inspired-photon-441609-k7/locations/us-central1/operations/operation-1732788627136-627f64a975e9f-c382cfc0-3c4065c2?alt=json HTTP/1.1" 200 None
2024-11-28 10:11:20,788 DEBUG    urllib3.connectionpool Starting new HTTPS connection (1): cloudfunctions.googleapis.com:443
2024-11-28 10:11:20,854 DEBUG    urllib3.connectionpool https://cloudfunctions.googleapis.com:443 "GET /v2/projects/inspired-photon-441609-k7/locations/us-central1/operations/operation-1732788627136-627f64a975e9f-c382cfc0-3c4065c2?alt=json HTTP/1.1" 200 None
2024-11-28 10:11:22,362 DEBUG    urllib3.connectionpool Starting new HTTPS connection (1): cloudfunctions.googleapis.com:443
2024-11-28 10:11:22,451 DEBUG    urllib3.connectionpool https://cloudfunctions.googleapis.com:443 "GET /v2/projects/inspired-photon-441609-k7/locations/us-central1/operations/operation-1732788627136-627f64a975e9f-c382cfc0-3c4065c2?alt=json HTTP/1.1" 200 None
2024-11-28 10:11:24,083 DEBUG    urllib3.connectionpool Starting new HTTPS connection (1): cloudfunctions.googleapis.com:443
2024-11-28 10:11:24,176 DEBUG    urllib3.connectionpool https://cloudfunctions.googleapis.com:443 "GET /v2/projects/inspired-photon-441609-k7/locations/us-central1/operations/operation-1732788627136-627f64a975e9f-c382cfc0-3c4065c2?alt=json HTTP/1.1" 200 None
2024-11-28 10:11:25,838 DEBUG    urllib3.connectionpool Starting new HTTPS connection (1): cloudfunctions.googleapis.com:443
2024-11-28 10:11:25,913 DEBUG    urllib3.connectionpool https://cloudfunctions.googleapis.com:443 "GET /v2/projects/inspired-photon-441609-k7/locations/us-central1/operations/operation-1732788627136-627f64a975e9f-c382cfc0-3c4065c2?alt=json HTTP/1.1" 200 None
2024-11-28 10:11:27,825 DEBUG    urllib3.connectionpool Starting new HTTPS connection (1): cloudfunctions.googleapis.com:443
2024-11-28 10:11:27,913 DEBUG    urllib3.connectionpool https://cloudfunctions.googleapis.com:443 "GET /v2/projects/inspired-photon-441609-k7/locations/us-central1/operations/operation-1732788627136-627f64a975e9f-c382cfc0-3c4065c2?alt=json HTTP/1.1" 200 None
2024-11-28 10:11:29,392 DEBUG    urllib3.connectionpool Starting new HTTPS connection (1): cloudfunctions.googleapis.com:443
2024-11-28 10:11:29,476 DEBUG    urllib3.connectionpool https://cloudfunctions.googleapis.com:443 "GET /v2/projects/inspired-photon-441609-k7/locations/us-central1/operations/operation-1732788627136-627f64a975e9f-c382cfc0-3c4065c2?alt=json HTTP/1.1" 200 None
2024-11-28 10:11:31,150 DEBUG    urllib3.connectionpool Starting new HTTPS connection (1): cloudfunctions.googleapis.com:443
2024-11-28 10:11:31,236 DEBUG    urllib3.connectionpool https://cloudfunctions.googleapis.com:443 "GET /v2/projects/inspired-photon-441609-k7/locations/us-central1/operations/operation-1732788627136-627f64a975e9f-c382cfc0-3c4065c2?alt=json HTTP/1.1" 200 None
2024-11-28 10:11:33,167 DEBUG    urllib3.connectionpool Starting new HTTPS connection (1): cloudfunctions.googleapis.com:443
2024-11-28 10:11:33,226 DEBUG    urllib3.connectionpool https://cloudfunctions.googleapis.com:443 "GET /v2/projects/inspired-photon-441609-k7/locations/us-central1/operations/operation-1732788627136-627f64a975e9f-c382cfc0-3c4065c2?alt=json HTTP/1.1" 200 None
2024-11-28 10:11:35,173 DEBUG    urllib3.connectionpool Starting new HTTPS connection (1): cloudfunctions.googleapis.com:443
2024-11-28 10:11:35,247 DEBUG    urllib3.connectionpool https://cloudfunctions.googleapis.com:443 "GET /v2/projects/inspired-photon-441609-k7/locations/us-central1/operations/operation-1732788627136-627f64a975e9f-c382cfc0-3c4065c2?alt=json HTTP/1.1" 200 None
2024-11-28 10:11:36,392 DEBUG    urllib3.connectionpool Starting new HTTPS connection (1): cloudfunctions.googleapis.com:443
2024-11-28 10:11:36,477 DEBUG    urllib3.connectionpool https://cloudfunctions.googleapis.com:443 "GET /v2/projects/inspired-photon-441609-k7/locations/us-central1/operations/operation-1732788627136-627f64a975e9f-c382cfc0-3c4065c2?alt=json HTTP/1.1" 200 None
2024-11-28 10:11:36,577 INFO     ___FILE_ONLY___   [INFO] A new revision will be deployed serving with 100% traffic.

2024-11-28 10:11:36,579 DEBUG    urllib3.connectionpool Starting new HTTPS connection (1): cloudfunctions.googleapis.com:443
2024-11-28 10:11:36,820 DEBUG    urllib3.connectionpool https://cloudfunctions.googleapis.com:443 "GET /v2/projects/inspired-photon-441609-k7/locations/us-central1/functions/pubsub-to-email?alt=json HTTP/1.1" 200 None
2024-11-28 10:11:36,825 INFO     ___FILE_ONLY___ You can view your function in the Cloud Console here: https://console.cloud.google.com/functions/details/us-central1/pubsub-to-email?project=inspired-photon-441609-k7


2024-11-28 10:11:36,825 DEBUG    root            Chosen display Format:default
2024-11-28 10:11:36,827 INFO     root            Display format: "default"
2024-11-28 10:11:36,846 INFO     ___FILE_ONLY___ buildConfig
2024-11-28 10:11:36,847 INFO     ___FILE_ONLY___ :
2024-11-28 10:11:36,847 INFO     ___FILE_ONLY___ 

2024-11-28 10:11:36,847 INFO     ___FILE_ONLY___   
2024-11-28 10:11:36,847 INFO     ___FILE_ONLY___ automaticUpdatePolicy
2024-11-28 10:11:36,847 INFO     ___FILE_ONLY___ :
2024-11-28 10:11:36,847 INFO     ___FILE_ONLY___  {
2024-11-28 10:11:36,847 INFO     ___FILE_ONLY___ }
2024-11-28 10:11:36,847 INFO     ___FILE_ONLY___ 

2024-11-28 10:11:36,848 INFO     ___FILE_ONLY___   
2024-11-28 10:11:36,848 INFO     ___FILE_ONLY___ build
2024-11-28 10:11:36,848 INFO     ___FILE_ONLY___ :
2024-11-28 10:11:36,848 INFO     ___FILE_ONLY___  
2024-11-28 10:11:36,848 INFO     ___FILE_ONLY___ projects/644941739395/locations/us-central1/builds/01a56caa-56ce-43cb-908a-99b0ef3a6ef9
2024-11-28 10:11:36,848 INFO     ___FILE_ONLY___ 

2024-11-28 10:11:36,848 INFO     ___FILE_ONLY___   
2024-11-28 10:11:36,848 INFO     ___FILE_ONLY___ dockerRegistry
2024-11-28 10:11:36,849 INFO     ___FILE_ONLY___ :
2024-11-28 10:11:36,849 INFO     ___FILE_ONLY___  
2024-11-28 10:11:36,849 INFO     ___FILE_ONLY___ ARTIFACT_REGISTRY
2024-11-28 10:11:36,849 INFO     ___FILE_ONLY___ 

2024-11-28 10:11:36,849 INFO     ___FILE_ONLY___   
2024-11-28 10:11:36,849 INFO     ___FILE_ONLY___ dockerRepository
2024-11-28 10:11:36,849 INFO     ___FILE_ONLY___ :
2024-11-28 10:11:36,849 INFO     ___FILE_ONLY___  
2024-11-28 10:11:36,849 INFO     ___FILE_ONLY___ projects/inspired-photon-441609-k7/locations/us-central1/repositories/gcf-artifacts
2024-11-28 10:11:36,849 INFO     ___FILE_ONLY___ 

2024-11-28 10:11:36,849 INFO     ___FILE_ONLY___   
2024-11-28 10:11:36,850 INFO     ___FILE_ONLY___ entryPoint
2024-11-28 10:11:36,850 INFO     ___FILE_ONLY___ :
2024-11-28 10:11:36,850 INFO     ___FILE_ONLY___  
2024-11-28 10:11:36,850 INFO     ___FILE_ONLY___ send_email
2024-11-28 10:11:36,850 INFO     ___FILE_ONLY___ 

2024-11-28 10:11:36,850 INFO     ___FILE_ONLY___   
2024-11-28 10:11:36,850 INFO     ___FILE_ONLY___ runtime
2024-11-28 10:11:36,850 INFO     ___FILE_ONLY___ :
2024-11-28 10:11:36,850 INFO     ___FILE_ONLY___  
2024-11-28 10:11:36,850 INFO     ___FILE_ONLY___ python312
2024-11-28 10:11:36,850 INFO     ___FILE_ONLY___ 

2024-11-28 10:11:36,850 INFO     ___FILE_ONLY___   
2024-11-28 10:11:36,851 INFO     ___FILE_ONLY___ serviceAccount
2024-11-28 10:11:36,851 INFO     ___FILE_ONLY___ :
2024-11-28 10:11:36,851 INFO     ___FILE_ONLY___  
2024-11-28 10:11:36,851 INFO     ___FILE_ONLY___ projects/inspired-photon-441609-k7/serviceAccounts/644941739395-compute@developer.gserviceaccount.com
2024-11-28 10:11:36,851 INFO     ___FILE_ONLY___ 

2024-11-28 10:11:36,851 INFO     ___FILE_ONLY___   
2024-11-28 10:11:36,852 INFO     ___FILE_ONLY___ source
2024-11-28 10:11:36,852 INFO     ___FILE_ONLY___ :
2024-11-28 10:11:36,852 INFO     ___FILE_ONLY___ 

2024-11-28 10:11:36,852 INFO     ___FILE_ONLY___     
2024-11-28 10:11:36,852 INFO     ___FILE_ONLY___ storageSource
2024-11-28 10:11:36,852 INFO     ___FILE_ONLY___ :
2024-11-28 10:11:36,852 INFO     ___FILE_ONLY___ 

2024-11-28 10:11:36,852 INFO     ___FILE_ONLY___       
2024-11-28 10:11:36,852 INFO     ___FILE_ONLY___ bucket
2024-11-28 10:11:36,852 INFO     ___FILE_ONLY___ :
2024-11-28 10:11:36,853 INFO     ___FILE_ONLY___  
2024-11-28 10:11:36,853 INFO     ___FILE_ONLY___ gcf-v2-sources-644941739395-us-central1
2024-11-28 10:11:36,853 INFO     ___FILE_ONLY___ 

2024-11-28 10:11:36,853 INFO     ___FILE_ONLY___       
2024-11-28 10:11:36,853 INFO     ___FILE_ONLY___ generation
2024-11-28 10:11:36,854 INFO     ___FILE_ONLY___ :
2024-11-28 10:11:36,854 INFO     ___FILE_ONLY___  '
2024-11-28 10:11:36,854 INFO     ___FILE_ONLY___ 1732788627906109
2024-11-28 10:11:36,854 INFO     ___FILE_ONLY___ '
2024-11-28 10:11:36,854 INFO     ___FILE_ONLY___ 

2024-11-28 10:11:36,854 INFO     ___FILE_ONLY___       
2024-11-28 10:11:36,854 INFO     ___FILE_ONLY___ object
2024-11-28 10:11:36,855 INFO     ___FILE_ONLY___ :
2024-11-28 10:11:36,855 INFO     ___FILE_ONLY___  
2024-11-28 10:11:36,855 INFO     ___FILE_ONLY___ pubsub-to-email/function-source.zip
2024-11-28 10:11:36,855 INFO     ___FILE_ONLY___ 

2024-11-28 10:11:36,855 INFO     ___FILE_ONLY___   
2024-11-28 10:11:36,855 INFO     ___FILE_ONLY___ sourceProvenance
2024-11-28 10:11:36,855 INFO     ___FILE_ONLY___ :
2024-11-28 10:11:36,855 INFO     ___FILE_ONLY___ 

2024-11-28 10:11:36,855 INFO     ___FILE_ONLY___     
2024-11-28 10:11:36,855 INFO     ___FILE_ONLY___ resolvedStorageSource
2024-11-28 10:11:36,856 INFO     ___FILE_ONLY___ :
2024-11-28 10:11:36,856 INFO     ___FILE_ONLY___ 

2024-11-28 10:11:36,856 INFO     ___FILE_ONLY___       
2024-11-28 10:11:36,856 INFO     ___FILE_ONLY___ bucket
2024-11-28 10:11:36,856 INFO     ___FILE_ONLY___ :
2024-11-28 10:11:36,856 INFO     ___FILE_ONLY___  
2024-11-28 10:11:36,856 INFO     ___FILE_ONLY___ gcf-v2-sources-644941739395-us-central1
2024-11-28 10:11:36,856 INFO     ___FILE_ONLY___ 

2024-11-28 10:11:36,856 INFO     ___FILE_ONLY___       
2024-11-28 10:11:36,856 INFO     ___FILE_ONLY___ generation
2024-11-28 10:11:36,856 INFO     ___FILE_ONLY___ :
2024-11-28 10:11:36,856 INFO     ___FILE_ONLY___  '
2024-11-28 10:11:36,857 INFO     ___FILE_ONLY___ 1732788627906109
2024-11-28 10:11:36,857 INFO     ___FILE_ONLY___ '
2024-11-28 10:11:36,857 INFO     ___FILE_ONLY___ 

2024-11-28 10:11:36,857 INFO     ___FILE_ONLY___       
2024-11-28 10:11:36,857 INFO     ___FILE_ONLY___ object
2024-11-28 10:11:36,857 INFO     ___FILE_ONLY___ :
2024-11-28 10:11:36,857 INFO     ___FILE_ONLY___  
2024-11-28 10:11:36,857 INFO     ___FILE_ONLY___ pubsub-to-email/function-source.zip
2024-11-28 10:11:36,857 INFO     ___FILE_ONLY___ 

2024-11-28 10:11:36,857 INFO     ___FILE_ONLY___ createTime
2024-11-28 10:11:36,858 INFO     ___FILE_ONLY___ :
2024-11-28 10:11:36,858 INFO     ___FILE_ONLY___  '
2024-11-28 10:11:36,858 INFO     ___FILE_ONLY___ 2024-11-28T09:21:09.576334976Z
2024-11-28 10:11:36,858 INFO     ___FILE_ONLY___ '
2024-11-28 10:11:36,858 INFO     ___FILE_ONLY___ 

2024-11-28 10:11:36,858 INFO     ___FILE_ONLY___ environment
2024-11-28 10:11:36,859 INFO     ___FILE_ONLY___ :
2024-11-28 10:11:36,859 INFO     ___FILE_ONLY___  
2024-11-28 10:11:36,859 INFO     ___FILE_ONLY___ GEN_2
2024-11-28 10:11:36,859 INFO     ___FILE_ONLY___ 

2024-11-28 10:11:36,859 INFO     ___FILE_ONLY___ eventTrigger
2024-11-28 10:11:36,859 INFO     ___FILE_ONLY___ :
2024-11-28 10:11:36,859 INFO     ___FILE_ONLY___ 

2024-11-28 10:11:36,859 INFO     ___FILE_ONLY___   
2024-11-28 10:11:36,859 INFO     ___FILE_ONLY___ eventType
2024-11-28 10:11:36,859 INFO     ___FILE_ONLY___ :
2024-11-28 10:11:36,860 INFO     ___FILE_ONLY___  
2024-11-28 10:11:36,860 INFO     ___FILE_ONLY___ google.cloud.pubsub.topic.v1.messagePublished
2024-11-28 10:11:36,860 INFO     ___FILE_ONLY___ 

2024-11-28 10:11:36,860 INFO     ___FILE_ONLY___   
2024-11-28 10:11:36,860 INFO     ___FILE_ONLY___ pubsubTopic
2024-11-28 10:11:36,860 INFO     ___FILE_ONLY___ :
2024-11-28 10:11:36,860 INFO     ___FILE_ONLY___  
2024-11-28 10:11:36,860 INFO     ___FILE_ONLY___ projects/inspired-photon-441609-k7/topics/gcs-trigger-topic
2024-11-28 10:11:36,860 INFO     ___FILE_ONLY___ 

2024-11-28 10:11:36,860 INFO     ___FILE_ONLY___   
2024-11-28 10:11:36,860 INFO     ___FILE_ONLY___ retryPolicy
2024-11-28 10:11:36,860 INFO     ___FILE_ONLY___ :
2024-11-28 10:11:36,861 INFO     ___FILE_ONLY___  
2024-11-28 10:11:36,861 INFO     ___FILE_ONLY___ RETRY_POLICY_DO_NOT_RETRY
2024-11-28 10:11:36,861 INFO     ___FILE_ONLY___ 

2024-11-28 10:11:36,861 INFO     ___FILE_ONLY___   
2024-11-28 10:11:36,861 INFO     ___FILE_ONLY___ serviceAccountEmail
2024-11-28 10:11:36,861 INFO     ___FILE_ONLY___ :
2024-11-28 10:11:36,861 INFO     ___FILE_ONLY___  
2024-11-28 10:11:36,861 INFO     ___FILE_ONLY___ 644941739395-compute@developer.gserviceaccount.com
2024-11-28 10:11:36,861 INFO     ___FILE_ONLY___ 

2024-11-28 10:11:36,862 INFO     ___FILE_ONLY___   
2024-11-28 10:11:36,862 INFO     ___FILE_ONLY___ trigger
2024-11-28 10:11:36,862 INFO     ___FILE_ONLY___ :
2024-11-28 10:11:36,862 INFO     ___FILE_ONLY___  
2024-11-28 10:11:36,862 INFO     ___FILE_ONLY___ projects/inspired-photon-441609-k7/locations/us-central1/triggers/pubsub-to-email-296666
2024-11-28 10:11:36,862 INFO     ___FILE_ONLY___ 

2024-11-28 10:11:36,862 INFO     ___FILE_ONLY___   
2024-11-28 10:11:36,862 INFO     ___FILE_ONLY___ triggerRegion
2024-11-28 10:11:36,862 INFO     ___FILE_ONLY___ :
2024-11-28 10:11:36,862 INFO     ___FILE_ONLY___  
2024-11-28 10:11:36,862 INFO     ___FILE_ONLY___ us-central1
2024-11-28 10:11:36,863 INFO     ___FILE_ONLY___ 

2024-11-28 10:11:36,863 INFO     ___FILE_ONLY___ labels
2024-11-28 10:11:36,863 INFO     ___FILE_ONLY___ :
2024-11-28 10:11:36,863 INFO     ___FILE_ONLY___ 

2024-11-28 10:11:36,863 INFO     ___FILE_ONLY___   
2024-11-28 10:11:36,863 INFO     ___FILE_ONLY___ deployment-tool
2024-11-28 10:11:36,863 INFO     ___FILE_ONLY___ :
2024-11-28 10:11:36,863 INFO     ___FILE_ONLY___  
2024-11-28 10:11:36,863 INFO     ___FILE_ONLY___ cli-gcloud
2024-11-28 10:11:36,863 INFO     ___FILE_ONLY___ 

2024-11-28 10:11:36,864 INFO     ___FILE_ONLY___ name
2024-11-28 10:11:36,864 INFO     ___FILE_ONLY___ :
2024-11-28 10:11:36,864 INFO     ___FILE_ONLY___  
2024-11-28 10:11:36,864 INFO     ___FILE_ONLY___ projects/inspired-photon-441609-k7/locations/us-central1/functions/pubsub-to-email
2024-11-28 10:11:36,864 INFO     ___FILE_ONLY___ 

2024-11-28 10:11:36,864 INFO     ___FILE_ONLY___ serviceConfig
2024-11-28 10:11:36,864 INFO     ___FILE_ONLY___ :
2024-11-28 10:11:36,864 INFO     ___FILE_ONLY___ 

2024-11-28 10:11:36,864 INFO     ___FILE_ONLY___   
2024-11-28 10:11:36,865 INFO     ___FILE_ONLY___ allTrafficOnLatestRevision
2024-11-28 10:11:36,865 INFO     ___FILE_ONLY___ :
2024-11-28 10:11:36,865 INFO     ___FILE_ONLY___  
2024-11-28 10:11:36,865 INFO     ___FILE_ONLY___ true
2024-11-28 10:11:36,865 INFO     ___FILE_ONLY___ 

2024-11-28 10:11:36,865 INFO     ___FILE_ONLY___   
2024-11-28 10:11:36,865 INFO     ___FILE_ONLY___ availableCpu
2024-11-28 10:11:36,865 INFO     ___FILE_ONLY___ :
2024-11-28 10:11:36,865 INFO     ___FILE_ONLY___  '
2024-11-28 10:11:36,865 INFO     ___FILE_ONLY___ 0.1666
2024-11-28 10:11:36,865 INFO     ___FILE_ONLY___ '
2024-11-28 10:11:36,865 INFO     ___FILE_ONLY___ 

2024-11-28 10:11:36,865 INFO     ___FILE_ONLY___   
2024-11-28 10:11:36,866 INFO     ___FILE_ONLY___ availableMemory
2024-11-28 10:11:36,866 INFO     ___FILE_ONLY___ :
2024-11-28 10:11:36,866 INFO     ___FILE_ONLY___  
2024-11-28 10:11:36,866 INFO     ___FILE_ONLY___ 256M
2024-11-28 10:11:36,866 INFO     ___FILE_ONLY___ 

2024-11-28 10:11:36,866 INFO     ___FILE_ONLY___   
2024-11-28 10:11:36,866 INFO     ___FILE_ONLY___ environmentVariables
2024-11-28 10:11:36,866 INFO     ___FILE_ONLY___ :
2024-11-28 10:11:36,866 INFO     ___FILE_ONLY___ 

2024-11-28 10:11:36,866 INFO     ___FILE_ONLY___     
2024-11-28 10:11:36,866 INFO     ___FILE_ONLY___ LOG_EXECUTION_ID
2024-11-28 10:11:36,866 INFO     ___FILE_ONLY___ :
2024-11-28 10:11:36,867 INFO     ___FILE_ONLY___  '
2024-11-28 10:11:36,867 INFO     ___FILE_ONLY___ true
2024-11-28 10:11:36,867 INFO     ___FILE_ONLY___ '
2024-11-28 10:11:36,867 INFO     ___FILE_ONLY___ 

2024-11-28 10:11:36,867 INFO     ___FILE_ONLY___     
2024-11-28 10:11:36,867 INFO     ___FILE_ONLY___ PROJECT_ID
2024-11-28 10:11:36,867 INFO     ___FILE_ONLY___ :
2024-11-28 10:11:36,867 INFO     ___FILE_ONLY___  
2024-11-28 10:11:36,867 INFO     ___FILE_ONLY___ inspired-photon-441609-k7
2024-11-28 10:11:36,867 INFO     ___FILE_ONLY___ 

2024-11-28 10:11:36,867 INFO     ___FILE_ONLY___     
2024-11-28 10:11:36,867 INFO     ___FILE_ONLY___ SENDGRID_API_KEY
2024-11-28 10:11:36,868 INFO     ___FILE_ONLY___ :
2024-11-28 10:11:36,868 INFO     ___FILE_ONLY___  
2024-11-28 10:11:36,868 INFO     ___FILE_ONLY___ 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
2024-11-28 10:11:36,868 INFO     ___FILE_ONLY___ 

2024-11-28 10:11:36,868 INFO     ___FILE_ONLY___     
2024-11-28 10:11:36,868 INFO     ___FILE_ONLY___ TOPIC_ID
2024-11-28 10:11:36,868 INFO     ___FILE_ONLY___ :
2024-11-28 10:11:36,868 INFO     ___FILE_ONLY___  
2024-11-28 10:11:36,868 INFO     ___FILE_ONLY___ gcs-trigger-topic
2024-11-28 10:11:36,868 INFO     ___FILE_ONLY___ 

2024-11-28 10:11:36,868 INFO     ___FILE_ONLY___   
2024-11-28 10:11:36,868 INFO     ___FILE_ONLY___ ingressSettings
2024-11-28 10:11:36,869 INFO     ___FILE_ONLY___ :
2024-11-28 10:11:36,869 INFO     ___FILE_ONLY___  
2024-11-28 10:11:36,869 INFO     ___FILE_ONLY___ ALLOW_ALL
2024-11-28 10:11:36,869 INFO     ___FILE_ONLY___ 

2024-11-28 10:11:36,869 INFO     ___FILE_ONLY___   
2024-11-28 10:11:36,869 INFO     ___FILE_ONLY___ maxInstanceCount
2024-11-28 10:11:36,869 INFO     ___FILE_ONLY___ :
2024-11-28 10:11:36,869 INFO     ___FILE_ONLY___  
2024-11-28 10:11:36,869 INFO     ___FILE_ONLY___ 100
2024-11-28 10:11:36,869 INFO     ___FILE_ONLY___ 

2024-11-28 10:11:36,869 INFO     ___FILE_ONLY___   
2024-11-28 10:11:36,870 INFO     ___FILE_ONLY___ maxInstanceRequestConcurrency
2024-11-28 10:11:36,870 INFO     ___FILE_ONLY___ :
2024-11-28 10:11:36,870 INFO     ___FILE_ONLY___  
2024-11-28 10:11:36,870 INFO     ___FILE_ONLY___ 1
2024-11-28 10:11:36,870 INFO     ___FILE_ONLY___ 

2024-11-28 10:11:36,870 INFO     ___FILE_ONLY___   
2024-11-28 10:11:36,870 INFO     ___FILE_ONLY___ revision
2024-11-28 10:11:36,870 INFO     ___FILE_ONLY___ :
2024-11-28 10:11:36,870 INFO     ___FILE_ONLY___  
2024-11-28 10:11:36,870 INFO     ___FILE_ONLY___ pubsub-to-email-00004-caw
2024-11-28 10:11:36,870 INFO     ___FILE_ONLY___ 

2024-11-28 10:11:36,870 INFO     ___FILE_ONLY___   
2024-11-28 10:11:36,870 INFO     ___FILE_ONLY___ service
2024-11-28 10:11:36,871 INFO     ___FILE_ONLY___ :
2024-11-28 10:11:36,871 INFO     ___FILE_ONLY___  
2024-11-28 10:11:36,871 INFO     ___FILE_ONLY___ projects/inspired-photon-441609-k7/locations/us-central1/services/pubsub-to-email
2024-11-28 10:11:36,871 INFO     ___FILE_ONLY___ 

2024-11-28 10:11:36,871 INFO     ___FILE_ONLY___   
2024-11-28 10:11:36,871 INFO     ___FILE_ONLY___ serviceAccountEmail
2024-11-28 10:11:36,871 INFO     ___FILE_ONLY___ :
2024-11-28 10:11:36,871 INFO     ___FILE_ONLY___  
2024-11-28 10:11:36,871 INFO     ___FILE_ONLY___ 644941739395-compute@developer.gserviceaccount.com
2024-11-28 10:11:36,871 INFO     ___FILE_ONLY___ 

2024-11-28 10:11:36,871 INFO     ___FILE_ONLY___   
2024-11-28 10:11:36,872 INFO     ___FILE_ONLY___ timeoutSeconds
2024-11-28 10:11:36,872 INFO     ___FILE_ONLY___ :
2024-11-28 10:11:36,872 INFO     ___FILE_ONLY___  
2024-11-28 10:11:36,872 INFO     ___FILE_ONLY___ 300
2024-11-28 10:11:36,872 INFO     ___FILE_ONLY___ 

2024-11-28 10:11:36,872 INFO     ___FILE_ONLY___   
2024-11-28 10:11:36,872 INFO     ___FILE_ONLY___ uri
2024-11-28 10:11:36,872 INFO     ___FILE_ONLY___ :
2024-11-28 10:11:36,872 INFO     ___FILE_ONLY___  
2024-11-28 10:11:36,872 INFO     ___FILE_ONLY___ https://pubsub-to-email-m2x2uxrdfq-uc.a.run.app
2024-11-28 10:11:36,872 INFO     ___FILE_ONLY___ 

2024-11-28 10:11:36,872 INFO     ___FILE_ONLY___ state
2024-11-28 10:11:36,873 INFO     ___FILE_ONLY___ :
2024-11-28 10:11:36,873 INFO     ___FILE_ONLY___  
2024-11-28 10:11:36,873 INFO     ___FILE_ONLY___ ACTIVE
2024-11-28 10:11:36,873 INFO     ___FILE_ONLY___ 

2024-11-28 10:11:36,873 INFO     ___FILE_ONLY___ updateTime
2024-11-28 10:11:36,873 INFO     ___FILE_ONLY___ :
2024-11-28 10:11:36,873 INFO     ___FILE_ONLY___  '
2024-11-28 10:11:36,873 INFO     ___FILE_ONLY___ 2024-11-28T10:11:36.254185052Z
2024-11-28 10:11:36,873 INFO     ___FILE_ONLY___ '
2024-11-28 10:11:36,873 INFO     ___FILE_ONLY___ 

2024-11-28 10:11:36,873 INFO     ___FILE_ONLY___ url
2024-11-28 10:11:36,874 INFO     ___FILE_ONLY___ :
2024-11-28 10:11:36,874 INFO     ___FILE_ONLY___  
2024-11-28 10:11:36,874 INFO     ___FILE_ONLY___ https://us-central1-inspired-photon-441609-k7.cloudfunctions.net/pubsub-to-email
2024-11-28 10:11:36,874 INFO     ___FILE_ONLY___ 

2024-11-28 10:11:36,874 DEBUG    root            SDK update checks are disabled.
