2024-11-28 10:10:03,020 DEBUG    root            Loaded Command Group: ['gcloud', 'projects']
2024-11-28 10:10:03,090 DEBUG    root            Loaded Command Group: ['gcloud', 'projects', 'add_iam_policy_binding']
2024-11-28 10:10:03,110 DEBUG    root            Running [gcloud.projects.add-iam-policy-binding] with arguments: [--member: "serviceAccount:service-644941739395@gcp-sa-eventarc.iam.gserviceaccount.com", --role: "roles/eventarc.serviceAgent", PROJECT_ID: "inspired-photon-441609-k7"]
2024-11-28 10:10:03,358 DEBUG    urllib3.connectionpool Starting new HTTPS connection (1): cloudresourcemanager.googleapis.com:443
2024-11-28 10:10:03,535 DEBUG    urllib3.connectionpool https://cloudresourcemanager.googleapis.com:443 "POST /v1/projects/inspired-photon-441609-k7:getIamPolicy?alt=json HTTP/1.1" 200 None
2024-11-28 10:10:03,691 DEBUG    urllib3.connectionpool Starting new HTTPS connection (1): cloudresourcemanager.googleapis.com:443
2024-11-28 10:10:04,252 DEBUG    urllib3.connectionpool https://cloudresourcemanager.googleapis.com:443 "POST /v1/projects/inspired-photon-441609-k7:setIamPolicy?alt=json HTTP/1.1" 200 None
2024-11-28 10:10:04,256 INFO     ___FILE_ONLY___ Updated IAM policy for project [inspired-photon-441609-k7].

2024-11-28 10:10:04,257 DEBUG    root            Chosen display Format:default
2024-11-28 10:10:04,258 INFO     root            Display format: "default"
2024-11-28 10:10:04,291 INFO     ___FILE_ONLY___ bindings
2024-11-28 10:10:04,291 INFO     ___FILE_ONLY___ :
2024-11-28 10:10:04,291 INFO     ___FILE_ONLY___ 

2024-11-28 10:10:04,291 INFO     ___FILE_ONLY___ -
2024-11-28 10:10:04,291 INFO     ___FILE_ONLY___  
2024-11-28 10:10:04,291 INFO     ___FILE_ONLY___ members
2024-11-28 10:10:04,292 INFO     ___FILE_ONLY___ :
2024-11-28 10:10:04,293 INFO     ___FILE_ONLY___ 

2024-11-28 10:10:04,293 INFO     ___FILE_ONLY___   
2024-11-28 10:10:04,293 INFO     ___FILE_ONLY___ -
2024-11-28 10:10:04,293 INFO     ___FILE_ONLY___  
2024-11-28 10:10:04,293 INFO     ___FILE_ONLY___ serviceAccount:trigger-account@inspired-photon-441609-k7.iam.gserviceaccount.com
2024-11-28 10:10:04,293 INFO     ___FILE_ONLY___ 

2024-11-28 10:10:04,293 INFO     ___FILE_ONLY___   
2024-11-28 10:10:04,294 INFO     ___FILE_ONLY___ role
2024-11-28 10:10:04,294 INFO     ___FILE_ONLY___ :
2024-11-28 10:10:04,294 INFO     ___FILE_ONLY___  
2024-11-28 10:10:04,294 INFO     ___FILE_ONLY___ projects/inspired-photon-441609-k7/roles/main_custom_role_18
2024-11-28 10:10:04,294 INFO     ___FILE_ONLY___ 

2024-11-28 10:10:04,294 INFO     ___FILE_ONLY___ -
2024-11-28 10:10:04,294 INFO     ___FILE_ONLY___  
2024-11-28 10:10:04,295 INFO     ___FILE_ONLY___ members
2024-11-28 10:10:04,295 INFO     ___FILE_ONLY___ :
2024-11-28 10:10:04,295 INFO     ___FILE_ONLY___ 

2024-11-28 10:10:04,295 INFO     ___FILE_ONLY___   
2024-11-28 10:10:04,295 INFO     ___FILE_ONLY___ -
2024-11-28 10:10:04,296 INFO     ___FILE_ONLY___  
2024-11-28 10:10:04,296 INFO     ___FILE_ONLY___ serviceAccount:service-644941739395@gcp-sa-artifactregistry.iam.gserviceaccount.com
2024-11-28 10:10:04,296 INFO     ___FILE_ONLY___ 

2024-11-28 10:10:04,296 INFO     ___FILE_ONLY___   
2024-11-28 10:10:04,296 INFO     ___FILE_ONLY___ role
2024-11-28 10:10:04,298 INFO     ___FILE_ONLY___ :
2024-11-28 10:10:04,299 INFO     ___FILE_ONLY___  
2024-11-28 10:10:04,300 INFO     ___FILE_ONLY___ roles/artifactregistry.serviceAgent
2024-11-28 10:10:04,301 INFO     ___FILE_ONLY___ 

2024-11-28 10:10:04,301 INFO     ___FILE_ONLY___ -
2024-11-28 10:10:04,301 INFO     ___FILE_ONLY___  
2024-11-28 10:10:04,302 INFO     ___FILE_ONLY___ members
2024-11-28 10:10:04,302 INFO     ___FILE_ONLY___ :
2024-11-28 10:10:04,302 INFO     ___FILE_ONLY___ 

2024-11-28 10:10:04,302 INFO     ___FILE_ONLY___   
2024-11-28 10:10:04,302 INFO     ___FILE_ONLY___ -
2024-11-28 10:10:04,302 INFO     ___FILE_ONLY___  
2024-11-28 10:10:04,302 INFO     ___FILE_ONLY___ serviceAccount:644941739395@cloudbuild.gserviceaccount.com
2024-11-28 10:10:04,303 INFO     ___FILE_ONLY___ 

2024-11-28 10:10:04,303 INFO     ___FILE_ONLY___   
2024-11-28 10:10:04,303 INFO     ___FILE_ONLY___ role
2024-11-28 10:10:04,303 INFO     ___FILE_ONLY___ :
2024-11-28 10:10:04,303 INFO     ___FILE_ONLY___  
2024-11-28 10:10:04,303 INFO     ___FILE_ONLY___ roles/cloudbuild.builds.builder
2024-11-28 10:10:04,303 INFO     ___FILE_ONLY___ 

2024-11-28 10:10:04,303 INFO     ___FILE_ONLY___ -
2024-11-28 10:10:04,303 INFO     ___FILE_ONLY___  
2024-11-28 10:10:04,304 INFO     ___FILE_ONLY___ members
2024-11-28 10:10:04,304 INFO     ___FILE_ONLY___ :
2024-11-28 10:10:04,304 INFO     ___FILE_ONLY___ 

2024-11-28 10:10:04,304 INFO     ___FILE_ONLY___   
2024-11-28 10:10:04,304 INFO     ___FILE_ONLY___ -
2024-11-28 10:10:04,304 INFO     ___FILE_ONLY___  
2024-11-28 10:10:04,304 INFO     ___FILE_ONLY___ serviceAccount:service-644941739395@gcp-sa-cloudbuild.iam.gserviceaccount.com
2024-11-28 10:10:04,304 INFO     ___FILE_ONLY___ 

2024-11-28 10:10:04,304 INFO     ___FILE_ONLY___   
2024-11-28 10:10:04,304 INFO     ___FILE_ONLY___ role
2024-11-28 10:10:04,305 INFO     ___FILE_ONLY___ :
2024-11-28 10:10:04,305 INFO     ___FILE_ONLY___  
2024-11-28 10:10:04,305 INFO     ___FILE_ONLY___ roles/cloudbuild.serviceAgent
2024-11-28 10:10:04,305 INFO     ___FILE_ONLY___ 

2024-11-28 10:10:04,305 INFO     ___FILE_ONLY___ -
2024-11-28 10:10:04,305 INFO     ___FILE_ONLY___  
2024-11-28 10:10:04,305 INFO     ___FILE_ONLY___ members
2024-11-28 10:10:04,305 INFO     ___FILE_ONLY___ :
2024-11-28 10:10:04,305 INFO     ___FILE_ONLY___ 

2024-11-28 10:10:04,305 INFO     ___FILE_ONLY___   
2024-11-28 10:10:04,306 INFO     ___FILE_ONLY___ -
2024-11-28 10:10:04,306 INFO     ___FILE_ONLY___  
2024-11-28 10:10:04,306 INFO     ___FILE_ONLY___ serviceAccount:644941739395@cloudbuild.gserviceaccount.com
2024-11-28 10:10:04,306 INFO     ___FILE_ONLY___ 

2024-11-28 10:10:04,306 INFO     ___FILE_ONLY___   
2024-11-28 10:10:04,306 INFO     ___FILE_ONLY___ role
2024-11-28 10:10:04,306 INFO     ___FILE_ONLY___ :
2024-11-28 10:10:04,306 INFO     ___FILE_ONLY___  
2024-11-28 10:10:04,306 INFO     ___FILE_ONLY___ roles/cloudfunctions.developer
2024-11-28 10:10:04,306 INFO     ___FILE_ONLY___ 

2024-11-28 10:10:04,307 INFO     ___FILE_ONLY___ -
2024-11-28 10:10:04,307 INFO     ___FILE_ONLY___  
2024-11-28 10:10:04,307 INFO     ___FILE_ONLY___ members
2024-11-28 10:10:04,307 INFO     ___FILE_ONLY___ :
2024-11-28 10:10:04,307 INFO     ___FILE_ONLY___ 

2024-11-28 10:10:04,307 INFO     ___FILE_ONLY___   
2024-11-28 10:10:04,307 INFO     ___FILE_ONLY___ -
2024-11-28 10:10:04,307 INFO     ___FILE_ONLY___  
2024-11-28 10:10:04,307 INFO     ___FILE_ONLY___ serviceAccount:service-644941739395@gcf-admin-robot.iam.gserviceaccount.com
2024-11-28 10:10:04,307 INFO     ___FILE_ONLY___ 

2024-11-28 10:10:04,307 INFO     ___FILE_ONLY___   
2024-11-28 10:10:04,311 INFO     ___FILE_ONLY___ role
2024-11-28 10:10:04,312 INFO     ___FILE_ONLY___ :
2024-11-28 10:10:04,312 INFO     ___FILE_ONLY___  
2024-11-28 10:10:04,313 INFO     ___FILE_ONLY___ roles/cloudfunctions.serviceAgent
2024-11-28 10:10:04,313 INFO     ___FILE_ONLY___ 

2024-11-28 10:10:04,313 INFO     ___FILE_ONLY___ -
2024-11-28 10:10:04,313 INFO     ___FILE_ONLY___  
2024-11-28 10:10:04,313 INFO     ___FILE_ONLY___ members
2024-11-28 10:10:04,313 INFO     ___FILE_ONLY___ :
2024-11-28 10:10:04,313 INFO     ___FILE_ONLY___ 

2024-11-28 10:10:04,313 INFO     ___FILE_ONLY___   
2024-11-28 10:10:04,313 INFO     ___FILE_ONLY___ -
2024-11-28 10:10:04,314 INFO     ___FILE_ONLY___  
2024-11-28 10:10:04,314 INFO     ___FILE_ONLY___ serviceAccount:vm-creater-account@inspired-photon-441609-k7.iam.gserviceaccount.com
2024-11-28 10:10:04,314 INFO     ___FILE_ONLY___ 

2024-11-28 10:10:04,314 INFO     ___FILE_ONLY___   
2024-11-28 10:10:04,314 INFO     ___FILE_ONLY___ role
2024-11-28 10:10:04,314 INFO     ___FILE_ONLY___ :
2024-11-28 10:10:04,315 INFO     ___FILE_ONLY___  
2024-11-28 10:10:04,315 INFO     ___FILE_ONLY___ roles/compute.instanceAdmin.v1
2024-11-28 10:10:04,315 INFO     ___FILE_ONLY___ 

2024-11-28 10:10:04,315 INFO     ___FILE_ONLY___ -
2024-11-28 10:10:04,315 INFO     ___FILE_ONLY___  
2024-11-28 10:10:04,315 INFO     ___FILE_ONLY___ members
2024-11-28 10:10:04,315 INFO     ___FILE_ONLY___ :
2024-11-28 10:10:04,315 INFO     ___FILE_ONLY___ 

2024-11-28 10:10:04,315 INFO     ___FILE_ONLY___   
2024-11-28 10:10:04,316 INFO     ___FILE_ONLY___ -
2024-11-28 10:10:04,316 INFO     ___FILE_ONLY___  
2024-11-28 10:10:04,316 INFO     ___FILE_ONLY___ serviceAccount:vm-creater-account@inspired-photon-441609-k7.iam.gserviceaccount.com
2024-11-28 10:10:04,316 INFO     ___FILE_ONLY___ 

2024-11-28 10:10:04,316 INFO     ___FILE_ONLY___   
2024-11-28 10:10:04,316 INFO     ___FILE_ONLY___ role
2024-11-28 10:10:04,316 INFO     ___FILE_ONLY___ :
2024-11-28 10:10:04,316 INFO     ___FILE_ONLY___  
2024-11-28 10:10:04,316 INFO     ___FILE_ONLY___ roles/compute.networkUser
2024-11-28 10:10:04,316 INFO     ___FILE_ONLY___ 

2024-11-28 10:10:04,316 INFO     ___FILE_ONLY___ -
2024-11-28 10:10:04,317 INFO     ___FILE_ONLY___  
2024-11-28 10:10:04,317 INFO     ___FILE_ONLY___ members
2024-11-28 10:10:04,317 INFO     ___FILE_ONLY___ :
2024-11-28 10:10:04,317 INFO     ___FILE_ONLY___ 

2024-11-28 10:10:04,317 INFO     ___FILE_ONLY___   
2024-11-28 10:10:04,317 INFO     ___FILE_ONLY___ -
2024-11-28 10:10:04,317 INFO     ___FILE_ONLY___  
2024-11-28 10:10:04,317 INFO     ___FILE_ONLY___ serviceAccount:service-644941739395@compute-system.iam.gserviceaccount.com
2024-11-28 10:10:04,317 INFO     ___FILE_ONLY___ 

2024-11-28 10:10:04,317 INFO     ___FILE_ONLY___   
2024-11-28 10:10:04,318 INFO     ___FILE_ONLY___ role
2024-11-28 10:10:04,318 INFO     ___FILE_ONLY___ :
2024-11-28 10:10:04,318 INFO     ___FILE_ONLY___  
2024-11-28 10:10:04,318 INFO     ___FILE_ONLY___ roles/compute.serviceAgent
2024-11-28 10:10:04,319 INFO     ___FILE_ONLY___ 

2024-11-28 10:10:04,319 INFO     ___FILE_ONLY___ -
2024-11-28 10:10:04,319 INFO     ___FILE_ONLY___  
2024-11-28 10:10:04,319 INFO     ___FILE_ONLY___ members
2024-11-28 10:10:04,320 INFO     ___FILE_ONLY___ :
2024-11-28 10:10:04,320 INFO     ___FILE_ONLY___ 

2024-11-28 10:10:04,320 INFO     ___FILE_ONLY___   
2024-11-28 10:10:04,321 INFO     ___FILE_ONLY___ -
2024-11-28 10:10:04,321 INFO     ___FILE_ONLY___  
2024-11-28 10:10:04,321 INFO     ___FILE_ONLY___ serviceAccount:service-644941739395@containerregistry.iam.gserviceaccount.com
2024-11-28 10:10:04,321 INFO     ___FILE_ONLY___ 

2024-11-28 10:10:04,322 INFO     ___FILE_ONLY___   
2024-11-28 10:10:04,322 INFO     ___FILE_ONLY___ role
2024-11-28 10:10:04,322 INFO     ___FILE_ONLY___ :
2024-11-28 10:10:04,323 INFO     ___FILE_ONLY___  
2024-11-28 10:10:04,323 INFO     ___FILE_ONLY___ roles/containerregistry.ServiceAgent
2024-11-28 10:10:04,323 INFO     ___FILE_ONLY___ 

2024-11-28 10:10:04,323 INFO     ___FILE_ONLY___ -
2024-11-28 10:10:04,323 INFO     ___FILE_ONLY___  
2024-11-28 10:10:04,323 INFO     ___FILE_ONLY___ members
2024-11-28 10:10:04,324 INFO     ___FILE_ONLY___ :
2024-11-28 10:10:04,324 INFO     ___FILE_ONLY___ 

2024-11-28 10:10:04,324 INFO     ___FILE_ONLY___   
2024-11-28 10:10:04,324 INFO     ___FILE_ONLY___ -
2024-11-28 10:10:04,324 INFO     ___FILE_ONLY___  
2024-11-28 10:10:04,324 INFO     ___FILE_ONLY___ serviceAccount:644941739395-compute@developer.gserviceaccount.com
2024-11-28 10:10:04,325 INFO     ___FILE_ONLY___ 

2024-11-28 10:10:04,325 INFO     ___FILE_ONLY___   
2024-11-28 10:10:04,325 INFO     ___FILE_ONLY___ -
2024-11-28 10:10:04,325 INFO     ___FILE_ONLY___  
2024-11-28 10:10:04,325 INFO     ___FILE_ONLY___ serviceAccount:644941739395@cloudservices.gserviceaccount.com
2024-11-28 10:10:04,326 INFO     ___FILE_ONLY___ 

2024-11-28 10:10:04,326 INFO     ___FILE_ONLY___   
2024-11-28 10:10:04,326 INFO     ___FILE_ONLY___ -
2024-11-28 10:10:04,326 INFO     ___FILE_ONLY___  
2024-11-28 10:10:04,326 INFO     ___FILE_ONLY___ serviceAccount:inspired-photon-441609-k7@appspot.gserviceaccount.com
2024-11-28 10:10:04,327 INFO     ___FILE_ONLY___ 

2024-11-28 10:10:04,327 INFO     ___FILE_ONLY___   
2024-11-28 10:10:04,327 INFO     ___FILE_ONLY___ -
2024-11-28 10:10:04,327 INFO     ___FILE_ONLY___  
2024-11-28 10:10:04,327 INFO     ___FILE_ONLY___ serviceAccount:vm-creater-account@inspired-photon-441609-k7.iam.gserviceaccount.com
2024-11-28 10:10:04,327 INFO     ___FILE_ONLY___ 

2024-11-28 10:10:04,327 INFO     ___FILE_ONLY___   
2024-11-28 10:10:04,327 INFO     ___FILE_ONLY___ role
2024-11-28 10:10:04,327 INFO     ___FILE_ONLY___ :
2024-11-28 10:10:04,327 INFO     ___FILE_ONLY___  
2024-11-28 10:10:04,328 INFO     ___FILE_ONLY___ roles/editor
2024-11-28 10:10:04,328 INFO     ___FILE_ONLY___ 

2024-11-28 10:10:04,328 INFO     ___FILE_ONLY___ -
2024-11-28 10:10:04,328 INFO     ___FILE_ONLY___  
2024-11-28 10:10:04,328 INFO     ___FILE_ONLY___ members
2024-11-28 10:10:04,328 INFO     ___FILE_ONLY___ :
2024-11-28 10:10:04,328 INFO     ___FILE_ONLY___ 

2024-11-28 10:10:04,328 INFO     ___FILE_ONLY___   
2024-11-28 10:10:04,328 INFO     ___FILE_ONLY___ -
2024-11-28 10:10:04,329 INFO     ___FILE_ONLY___  
2024-11-28 10:10:04,329 INFO     ___FILE_ONLY___ serviceAccount:service-644941739395@gcp-sa-eventarc.iam.gserviceaccount.com
2024-11-28 10:10:04,329 INFO     ___FILE_ONLY___ 

2024-11-28 10:10:04,329 INFO     ___FILE_ONLY___   
2024-11-28 10:10:04,329 INFO     ___FILE_ONLY___ role
2024-11-28 10:10:04,329 INFO     ___FILE_ONLY___ :
2024-11-28 10:10:04,329 INFO     ___FILE_ONLY___  
2024-11-28 10:10:04,329 INFO     ___FILE_ONLY___ roles/eventarc.serviceAgent
2024-11-28 10:10:04,329 INFO     ___FILE_ONLY___ 

2024-11-28 10:10:04,329 INFO     ___FILE_ONLY___ -
2024-11-28 10:10:04,329 INFO     ___FILE_ONLY___  
2024-11-28 10:10:04,330 INFO     ___FILE_ONLY___ members
2024-11-28 10:10:04,330 INFO     ___FILE_ONLY___ :
2024-11-28 10:10:04,330 INFO     ___FILE_ONLY___ 

2024-11-28 10:10:04,330 INFO     ___FILE_ONLY___   
2024-11-28 10:10:04,330 INFO     ___FILE_ONLY___ -
2024-11-28 10:10:04,330 INFO     ___FILE_ONLY___  
2024-11-28 10:10:04,331 INFO     ___FILE_ONLY___ serviceAccount:trigger-account@inspired-photon-441609-k7.iam.gserviceaccount.com
2024-11-28 10:10:04,331 INFO     ___FILE_ONLY___ 

2024-11-28 10:10:04,331 INFO     ___FILE_ONLY___   
2024-11-28 10:10:04,331 INFO     ___FILE_ONLY___ role
2024-11-28 10:10:04,331 INFO     ___FILE_ONLY___ :
2024-11-28 10:10:04,331 INFO     ___FILE_ONLY___  
2024-11-28 10:10:04,331 INFO     ___FILE_ONLY___ roles/iam.roleAdmin
2024-11-28 10:10:04,331 INFO     ___FILE_ONLY___ 

2024-11-28 10:10:04,332 INFO     ___FILE_ONLY___ -
2024-11-28 10:10:04,332 INFO     ___FILE_ONLY___  
2024-11-28 10:10:04,332 INFO     ___FILE_ONLY___ members
2024-11-28 10:10:04,332 INFO     ___FILE_ONLY___ :
2024-11-28 10:10:04,332 INFO     ___FILE_ONLY___ 

2024-11-28 10:10:04,333 INFO     ___FILE_ONLY___   
2024-11-28 10:10:04,333 INFO     ___FILE_ONLY___ -
2024-11-28 10:10:04,333 INFO     ___FILE_ONLY___  
2024-11-28 10:10:04,333 INFO     ___FILE_ONLY___ serviceAccount:644941739395@cloudbuild.gserviceaccount.com
2024-11-28 10:10:04,333 INFO     ___FILE_ONLY___ 

2024-11-28 10:10:04,333 INFO     ___FILE_ONLY___   
2024-11-28 10:10:04,333 INFO     ___FILE_ONLY___ -
2024-11-28 10:10:04,333 INFO     ___FILE_ONLY___  
2024-11-28 10:10:04,333 INFO     ___FILE_ONLY___ serviceAccount:vm-creater-account@inspired-photon-441609-k7.iam.gserviceaccount.com
2024-11-28 10:10:04,333 INFO     ___FILE_ONLY___ 

2024-11-28 10:10:04,333 INFO     ___FILE_ONLY___   
2024-11-28 10:10:04,334 INFO     ___FILE_ONLY___ role
2024-11-28 10:10:04,334 INFO     ___FILE_ONLY___ :
2024-11-28 10:10:04,334 INFO     ___FILE_ONLY___  
2024-11-28 10:10:04,334 INFO     ___FILE_ONLY___ roles/iam.serviceAccountUser
2024-11-28 10:10:04,334 INFO     ___FILE_ONLY___ 

2024-11-28 10:10:04,334 INFO     ___FILE_ONLY___ -
2024-11-28 10:10:04,334 INFO     ___FILE_ONLY___  
2024-11-28 10:10:04,334 INFO     ___FILE_ONLY___ members
2024-11-28 10:10:04,334 INFO     ___FILE_ONLY___ :
2024-11-28 10:10:04,334 INFO     ___FILE_ONLY___ 

2024-11-28 10:10:04,335 INFO     ___FILE_ONLY___   
2024-11-28 10:10:04,335 INFO     ___FILE_ONLY___ -
2024-11-28 10:10:04,335 INFO     ___FILE_ONLY___  
2024-11-28 10:10:04,335 INFO     ___FILE_ONLY___ user:das03285@gmail.com
2024-11-28 10:10:04,335 INFO     ___FILE_ONLY___ 

2024-11-28 10:10:04,335 INFO     ___FILE_ONLY___   
2024-11-28 10:10:04,335 INFO     ___FILE_ONLY___ role
2024-11-28 10:10:04,335 INFO     ___FILE_ONLY___ :
2024-11-28 10:10:04,335 INFO     ___FILE_ONLY___  
2024-11-28 10:10:04,335 INFO     ___FILE_ONLY___ roles/owner
2024-11-28 10:10:04,335 INFO     ___FILE_ONLY___ 

2024-11-28 10:10:04,336 INFO     ___FILE_ONLY___ -
2024-11-28 10:10:04,336 INFO     ___FILE_ONLY___  
2024-11-28 10:10:04,336 INFO     ___FILE_ONLY___ members
2024-11-28 10:10:04,336 INFO     ___FILE_ONLY___ :
2024-11-28 10:10:04,336 INFO     ___FILE_ONLY___ 

2024-11-28 10:10:04,336 INFO     ___FILE_ONLY___   
2024-11-28 10:10:04,336 INFO     ___FILE_ONLY___ -
2024-11-28 10:10:04,336 INFO     ___FILE_ONLY___  
2024-11-28 10:10:04,336 INFO     ___FILE_ONLY___ serviceAccount:service-644941739395@gs-project-accounts.iam.gserviceaccount.com
2024-11-28 10:10:04,336 INFO     ___FILE_ONLY___ 

2024-11-28 10:10:04,336 INFO     ___FILE_ONLY___   
2024-11-28 10:10:04,337 INFO     ___FILE_ONLY___ role
2024-11-28 10:10:04,337 INFO     ___FILE_ONLY___ :
2024-11-28 10:10:04,338 INFO     ___FILE_ONLY___  
2024-11-28 10:10:04,338 INFO     ___FILE_ONLY___ roles/pubsub.publisher
2024-11-28 10:10:04,338 INFO     ___FILE_ONLY___ 

2024-11-28 10:10:04,338 INFO     ___FILE_ONLY___ -
2024-11-28 10:10:04,339 INFO     ___FILE_ONLY___  
2024-11-28 10:10:04,339 INFO     ___FILE_ONLY___ members
2024-11-28 10:10:04,339 INFO     ___FILE_ONLY___ :
2024-11-28 10:10:04,339 INFO     ___FILE_ONLY___ 

2024-11-28 10:10:04,339 INFO     ___FILE_ONLY___   
2024-11-28 10:10:04,339 INFO     ___FILE_ONLY___ -
2024-11-28 10:10:04,339 INFO     ___FILE_ONLY___  
2024-11-28 10:10:04,339 INFO     ___FILE_ONLY___ serviceAccount:service-644941739395@gcp-sa-pubsub.iam.gserviceaccount.com
2024-11-28 10:10:04,340 INFO     ___FILE_ONLY___ 

2024-11-28 10:10:04,341 INFO     ___FILE_ONLY___   
2024-11-28 10:10:04,341 INFO     ___FILE_ONLY___ role
2024-11-28 10:10:04,341 INFO     ___FILE_ONLY___ :
2024-11-28 10:10:04,341 INFO     ___FILE_ONLY___  
2024-11-28 10:10:04,341 INFO     ___FILE_ONLY___ roles/pubsub.serviceAgent
2024-11-28 10:10:04,341 INFO     ___FILE_ONLY___ 

2024-11-28 10:10:04,341 INFO     ___FILE_ONLY___ -
2024-11-28 10:10:04,342 INFO     ___FILE_ONLY___  
2024-11-28 10:10:04,342 INFO     ___FILE_ONLY___ members
2024-11-28 10:10:04,342 INFO     ___FILE_ONLY___ :
2024-11-28 10:10:04,342 INFO     ___FILE_ONLY___ 

2024-11-28 10:10:04,342 INFO     ___FILE_ONLY___   
2024-11-28 10:10:04,342 INFO     ___FILE_ONLY___ -
2024-11-28 10:10:04,342 INFO     ___FILE_ONLY___  
2024-11-28 10:10:04,342 INFO     ___FILE_ONLY___ serviceAccount:trigger-account@inspired-photon-441609-k7.iam.gserviceaccount.com
2024-11-28 10:10:04,342 INFO     ___FILE_ONLY___ 

2024-11-28 10:10:04,342 INFO     ___FILE_ONLY___   
2024-11-28 10:10:04,343 INFO     ___FILE_ONLY___ role
2024-11-28 10:10:04,343 INFO     ___FILE_ONLY___ :
2024-11-28 10:10:04,343 INFO     ___FILE_ONLY___  
2024-11-28 10:10:04,343 INFO     ___FILE_ONLY___ roles/resourcemanager.projectIamAdmin
2024-11-28 10:10:04,343 INFO     ___FILE_ONLY___ 

2024-11-28 10:10:04,343 INFO     ___FILE_ONLY___ -
2024-11-28 10:10:04,343 INFO     ___FILE_ONLY___  
2024-11-28 10:10:04,344 INFO     ___FILE_ONLY___ members
2024-11-28 10:10:04,344 INFO     ___FILE_ONLY___ :
2024-11-28 10:10:04,344 INFO     ___FILE_ONLY___ 

2024-11-28 10:10:04,344 INFO     ___FILE_ONLY___   
2024-11-28 10:10:04,344 INFO     ___FILE_ONLY___ -
2024-11-28 10:10:04,344 INFO     ___FILE_ONLY___  
2024-11-28 10:10:04,344 INFO     ___FILE_ONLY___ serviceAccount:service-644941739395@serverless-robot-prod.iam.gserviceaccount.com
2024-11-28 10:10:04,344 INFO     ___FILE_ONLY___ 

2024-11-28 10:10:04,344 INFO     ___FILE_ONLY___   
2024-11-28 10:10:04,345 INFO     ___FILE_ONLY___ role
2024-11-28 10:10:04,345 INFO     ___FILE_ONLY___ :
2024-11-28 10:10:04,345 INFO     ___FILE_ONLY___  
2024-11-28 10:10:04,345 INFO     ___FILE_ONLY___ roles/run.serviceAgent
2024-11-28 10:10:04,345 INFO     ___FILE_ONLY___ 

2024-11-28 10:10:04,346 INFO     ___FILE_ONLY___ etag
2024-11-28 10:10:04,346 INFO     ___FILE_ONLY___ :
2024-11-28 10:10:04,346 INFO     ___FILE_ONLY___  
2024-11-28 10:10:04,346 INFO     ___FILE_ONLY___ BwYn9kk58f4=
2024-11-28 10:10:04,346 INFO     ___FILE_ONLY___ 

2024-11-28 10:10:04,346 INFO     ___FILE_ONLY___ version
2024-11-28 10:10:04,346 INFO     ___FILE_ONLY___ :
2024-11-28 10:10:04,346 INFO     ___FILE_ONLY___  
2024-11-28 10:10:04,347 INFO     ___FILE_ONLY___ 1
2024-11-28 10:10:04,347 INFO     ___FILE_ONLY___ 

2024-11-28 10:10:04,347 DEBUG    root            SDK update checks are disabled.
