2024-11-28 11:14:03,177 DEBUG    root            Loaded Command Group: ['gcloud', 'projects']
2024-11-28 11:14:03,219 DEBUG    root            Loaded Command Group: ['gcloud', 'projects', 'add_iam_policy_binding']
2024-11-28 11:14:03,232 DEBUG    root            Running [gcloud.projects.add-iam-policy-binding] with arguments: [--member: "serviceAccount:service-644941739395@gcp-sa-eventarc.iam.gserviceaccount.com", --role: "roles/eventarc.serviceAgent", PROJECT_ID: "inspired-photon-441609-k7"]
2024-11-28 11:14:03,399 DEBUG    urllib3.connectionpool Starting new HTTPS connection (1): cloudresourcemanager.googleapis.com:443
2024-11-28 11:14:03,530 DEBUG    urllib3.connectionpool https://cloudresourcemanager.googleapis.com:443 "POST /v1/projects/inspired-photon-441609-k7:getIamPolicy?alt=json HTTP/1.1" 200 None
2024-11-28 11:14:03,668 DEBUG    urllib3.connectionpool Starting new HTTPS connection (1): cloudresourcemanager.googleapis.com:443
2024-11-28 11:14:04,187 DEBUG    urllib3.connectionpool https://cloudresourcemanager.googleapis.com:443 "POST /v1/projects/inspired-photon-441609-k7:setIamPolicy?alt=json HTTP/1.1" 200 None
2024-11-28 11:14:04,191 INFO     ___FILE_ONLY___ Updated IAM policy for project [inspired-photon-441609-k7].

2024-11-28 11:14:04,191 DEBUG    root            Chosen display Format:default
2024-11-28 11:14:04,192 INFO     root            Display format: "default"
2024-11-28 11:14:04,213 INFO     ___FILE_ONLY___ bindings
2024-11-28 11:14:04,214 INFO     ___FILE_ONLY___ :
2024-11-28 11:14:04,214 INFO     ___FILE_ONLY___ 

2024-11-28 11:14:04,214 INFO     ___FILE_ONLY___ -
2024-11-28 11:14:04,214 INFO     ___FILE_ONLY___  
2024-11-28 11:14:04,214 INFO     ___FILE_ONLY___ members
2024-11-28 11:14:04,214 INFO     ___FILE_ONLY___ :
2024-11-28 11:14:04,214 INFO     ___FILE_ONLY___ 

2024-11-28 11:14:04,214 INFO     ___FILE_ONLY___   
2024-11-28 11:14:04,214 INFO     ___FILE_ONLY___ -
2024-11-28 11:14:04,215 INFO     ___FILE_ONLY___  
2024-11-28 11:14:04,215 INFO     ___FILE_ONLY___ serviceAccount:trigger-account@inspired-photon-441609-k7.iam.gserviceaccount.com
2024-11-28 11:14:04,215 INFO     ___FILE_ONLY___ 

2024-11-28 11:14:04,215 INFO     ___FILE_ONLY___   
2024-11-28 11:14:04,215 INFO     ___FILE_ONLY___ role
2024-11-28 11:14:04,215 INFO     ___FILE_ONLY___ :
2024-11-28 11:14:04,215 INFO     ___FILE_ONLY___  
2024-11-28 11:14:04,215 INFO     ___FILE_ONLY___ projects/inspired-photon-441609-k7/roles/main_custom_role_18
2024-11-28 11:14:04,216 INFO     ___FILE_ONLY___ 

2024-11-28 11:14:04,216 INFO     ___FILE_ONLY___ -
2024-11-28 11:14:04,216 INFO     ___FILE_ONLY___  
2024-11-28 11:14:04,216 INFO     ___FILE_ONLY___ members
2024-11-28 11:14:04,216 INFO     ___FILE_ONLY___ :
2024-11-28 11:14:04,216 INFO     ___FILE_ONLY___ 

2024-11-28 11:14:04,216 INFO     ___FILE_ONLY___   
2024-11-28 11:14:04,216 INFO     ___FILE_ONLY___ -
2024-11-28 11:14:04,216 INFO     ___FILE_ONLY___  
2024-11-28 11:14:04,217 INFO     ___FILE_ONLY___ serviceAccount:service-644941739395@gcp-sa-artifactregistry.iam.gserviceaccount.com
2024-11-28 11:14:04,217 INFO     ___FILE_ONLY___ 

2024-11-28 11:14:04,217 INFO     ___FILE_ONLY___   
2024-11-28 11:14:04,217 INFO     ___FILE_ONLY___ role
2024-11-28 11:14:04,217 INFO     ___FILE_ONLY___ :
2024-11-28 11:14:04,217 INFO     ___FILE_ONLY___  
2024-11-28 11:14:04,217 INFO     ___FILE_ONLY___ roles/artifactregistry.serviceAgent
2024-11-28 11:14:04,217 INFO     ___FILE_ONLY___ 

2024-11-28 11:14:04,217 INFO     ___FILE_ONLY___ -
2024-11-28 11:14:04,217 INFO     ___FILE_ONLY___  
2024-11-28 11:14:04,218 INFO     ___FILE_ONLY___ members
2024-11-28 11:14:04,218 INFO     ___FILE_ONLY___ :
2024-11-28 11:14:04,218 INFO     ___FILE_ONLY___ 

2024-11-28 11:14:04,218 INFO     ___FILE_ONLY___   
2024-11-28 11:14:04,218 INFO     ___FILE_ONLY___ -
2024-11-28 11:14:04,218 INFO     ___FILE_ONLY___  
2024-11-28 11:14:04,218 INFO     ___FILE_ONLY___ serviceAccount:644941739395@cloudbuild.gserviceaccount.com
2024-11-28 11:14:04,218 INFO     ___FILE_ONLY___ 

2024-11-28 11:14:04,218 INFO     ___FILE_ONLY___   
2024-11-28 11:14:04,218 INFO     ___FILE_ONLY___ role
2024-11-28 11:14:04,218 INFO     ___FILE_ONLY___ :
2024-11-28 11:14:04,219 INFO     ___FILE_ONLY___  
2024-11-28 11:14:04,219 INFO     ___FILE_ONLY___ roles/cloudbuild.builds.builder
2024-11-28 11:14:04,219 INFO     ___FILE_ONLY___ 

2024-11-28 11:14:04,219 INFO     ___FILE_ONLY___ -
2024-11-28 11:14:04,219 INFO     ___FILE_ONLY___  
2024-11-28 11:14:04,219 INFO     ___FILE_ONLY___ members
2024-11-28 11:14:04,219 INFO     ___FILE_ONLY___ :
2024-11-28 11:14:04,219 INFO     ___FILE_ONLY___ 

2024-11-28 11:14:04,219 INFO     ___FILE_ONLY___   
2024-11-28 11:14:04,219 INFO     ___FILE_ONLY___ -
2024-11-28 11:14:04,219 INFO     ___FILE_ONLY___  
2024-11-28 11:14:04,220 INFO     ___FILE_ONLY___ serviceAccount:service-644941739395@gcp-sa-cloudbuild.iam.gserviceaccount.com
2024-11-28 11:14:04,220 INFO     ___FILE_ONLY___ 

2024-11-28 11:14:04,220 INFO     ___FILE_ONLY___   
2024-11-28 11:14:04,220 INFO     ___FILE_ONLY___ role
2024-11-28 11:14:04,220 INFO     ___FILE_ONLY___ :
2024-11-28 11:14:04,220 INFO     ___FILE_ONLY___  
2024-11-28 11:14:04,220 INFO     ___FILE_ONLY___ roles/cloudbuild.serviceAgent
2024-11-28 11:14:04,220 INFO     ___FILE_ONLY___ 

2024-11-28 11:14:04,220 INFO     ___FILE_ONLY___ -
2024-11-28 11:14:04,220 INFO     ___FILE_ONLY___  
2024-11-28 11:14:04,220 INFO     ___FILE_ONLY___ members
2024-11-28 11:14:04,220 INFO     ___FILE_ONLY___ :
2024-11-28 11:14:04,221 INFO     ___FILE_ONLY___ 

2024-11-28 11:14:04,221 INFO     ___FILE_ONLY___   
2024-11-28 11:14:04,221 INFO     ___FILE_ONLY___ -
2024-11-28 11:14:04,221 INFO     ___FILE_ONLY___  
2024-11-28 11:14:04,221 INFO     ___FILE_ONLY___ serviceAccount:644941739395@cloudbuild.gserviceaccount.com
2024-11-28 11:14:04,221 INFO     ___FILE_ONLY___ 

2024-11-28 11:14:04,221 INFO     ___FILE_ONLY___   
2024-11-28 11:14:04,221 INFO     ___FILE_ONLY___ role
2024-11-28 11:14:04,221 INFO     ___FILE_ONLY___ :
2024-11-28 11:14:04,221 INFO     ___FILE_ONLY___  
2024-11-28 11:14:04,221 INFO     ___FILE_ONLY___ roles/cloudfunctions.developer
2024-11-28 11:14:04,221 INFO     ___FILE_ONLY___ 

2024-11-28 11:14:04,222 INFO     ___FILE_ONLY___ -
2024-11-28 11:14:04,222 INFO     ___FILE_ONLY___  
2024-11-28 11:14:04,222 INFO     ___FILE_ONLY___ members
2024-11-28 11:14:04,222 INFO     ___FILE_ONLY___ :
2024-11-28 11:14:04,222 INFO     ___FILE_ONLY___ 

2024-11-28 11:14:04,222 INFO     ___FILE_ONLY___   
2024-11-28 11:14:04,222 INFO     ___FILE_ONLY___ -
2024-11-28 11:14:04,222 INFO     ___FILE_ONLY___  
2024-11-28 11:14:04,222 INFO     ___FILE_ONLY___ serviceAccount:service-644941739395@gcf-admin-robot.iam.gserviceaccount.com
2024-11-28 11:14:04,222 INFO     ___FILE_ONLY___ 

2024-11-28 11:14:04,222 INFO     ___FILE_ONLY___   
2024-11-28 11:14:04,223 INFO     ___FILE_ONLY___ role
2024-11-28 11:14:04,223 INFO     ___FILE_ONLY___ :
2024-11-28 11:14:04,223 INFO     ___FILE_ONLY___  
2024-11-28 11:14:04,223 INFO     ___FILE_ONLY___ roles/cloudfunctions.serviceAgent
2024-11-28 11:14:04,223 INFO     ___FILE_ONLY___ 

2024-11-28 11:14:04,223 INFO     ___FILE_ONLY___ -
2024-11-28 11:14:04,223 INFO     ___FILE_ONLY___  
2024-11-28 11:14:04,223 INFO     ___FILE_ONLY___ members
2024-11-28 11:14:04,223 INFO     ___FILE_ONLY___ :
2024-11-28 11:14:04,223 INFO     ___FILE_ONLY___ 

2024-11-28 11:14:04,223 INFO     ___FILE_ONLY___   
2024-11-28 11:14:04,223 INFO     ___FILE_ONLY___ -
2024-11-28 11:14:04,224 INFO     ___FILE_ONLY___  
2024-11-28 11:14:04,224 INFO     ___FILE_ONLY___ serviceAccount:vm-creater-account@inspired-photon-441609-k7.iam.gserviceaccount.com
2024-11-28 11:14:04,224 INFO     ___FILE_ONLY___ 

2024-11-28 11:14:04,224 INFO     ___FILE_ONLY___   
2024-11-28 11:14:04,224 INFO     ___FILE_ONLY___ role
2024-11-28 11:14:04,224 INFO     ___FILE_ONLY___ :
2024-11-28 11:14:04,224 INFO     ___FILE_ONLY___  
2024-11-28 11:14:04,224 INFO     ___FILE_ONLY___ roles/compute.instanceAdmin.v1
2024-11-28 11:14:04,224 INFO     ___FILE_ONLY___ 

2024-11-28 11:14:04,224 INFO     ___FILE_ONLY___ -
2024-11-28 11:14:04,224 INFO     ___FILE_ONLY___  
2024-11-28 11:14:04,224 INFO     ___FILE_ONLY___ members
2024-11-28 11:14:04,225 INFO     ___FILE_ONLY___ :
2024-11-28 11:14:04,225 INFO     ___FILE_ONLY___ 

2024-11-28 11:14:04,225 INFO     ___FILE_ONLY___   
2024-11-28 11:14:04,225 INFO     ___FILE_ONLY___ -
2024-11-28 11:14:04,225 INFO     ___FILE_ONLY___  
2024-11-28 11:14:04,225 INFO     ___FILE_ONLY___ serviceAccount:vm-creater-account@inspired-photon-441609-k7.iam.gserviceaccount.com
2024-11-28 11:14:04,225 INFO     ___FILE_ONLY___ 

2024-11-28 11:14:04,225 INFO     ___FILE_ONLY___   
2024-11-28 11:14:04,225 INFO     ___FILE_ONLY___ role
2024-11-28 11:14:04,225 INFO     ___FILE_ONLY___ :
2024-11-28 11:14:04,225 INFO     ___FILE_ONLY___  
2024-11-28 11:14:04,225 INFO     ___FILE_ONLY___ roles/compute.networkUser
2024-11-28 11:14:04,226 INFO     ___FILE_ONLY___ 

2024-11-28 11:14:04,226 INFO     ___FILE_ONLY___ -
2024-11-28 11:14:04,226 INFO     ___FILE_ONLY___  
2024-11-28 11:14:04,226 INFO     ___FILE_ONLY___ members
2024-11-28 11:14:04,226 INFO     ___FILE_ONLY___ :
2024-11-28 11:14:04,226 INFO     ___FILE_ONLY___ 

2024-11-28 11:14:04,226 INFO     ___FILE_ONLY___   
2024-11-28 11:14:04,226 INFO     ___FILE_ONLY___ -
2024-11-28 11:14:04,226 INFO     ___FILE_ONLY___  
2024-11-28 11:14:04,226 INFO     ___FILE_ONLY___ serviceAccount:service-644941739395@compute-system.iam.gserviceaccount.com
2024-11-28 11:14:04,226 INFO     ___FILE_ONLY___ 

2024-11-28 11:14:04,226 INFO     ___FILE_ONLY___   
2024-11-28 11:14:04,227 INFO     ___FILE_ONLY___ role
2024-11-28 11:14:04,227 INFO     ___FILE_ONLY___ :
2024-11-28 11:14:04,227 INFO     ___FILE_ONLY___  
2024-11-28 11:14:04,227 INFO     ___FILE_ONLY___ roles/compute.serviceAgent
2024-11-28 11:14:04,227 INFO     ___FILE_ONLY___ 

2024-11-28 11:14:04,227 INFO     ___FILE_ONLY___ -
2024-11-28 11:14:04,227 INFO     ___FILE_ONLY___  
2024-11-28 11:14:04,227 INFO     ___FILE_ONLY___ members
2024-11-28 11:14:04,227 INFO     ___FILE_ONLY___ :
2024-11-28 11:14:04,227 INFO     ___FILE_ONLY___ 

2024-11-28 11:14:04,227 INFO     ___FILE_ONLY___   
2024-11-28 11:14:04,227 INFO     ___FILE_ONLY___ -
2024-11-28 11:14:04,228 INFO     ___FILE_ONLY___  
2024-11-28 11:14:04,228 INFO     ___FILE_ONLY___ serviceAccount:service-644941739395@containerregistry.iam.gserviceaccount.com
2024-11-28 11:14:04,228 INFO     ___FILE_ONLY___ 

2024-11-28 11:14:04,228 INFO     ___FILE_ONLY___   
2024-11-28 11:14:04,228 INFO     ___FILE_ONLY___ role
2024-11-28 11:14:04,228 INFO     ___FILE_ONLY___ :
2024-11-28 11:14:04,228 INFO     ___FILE_ONLY___  
2024-11-28 11:14:04,228 INFO     ___FILE_ONLY___ roles/containerregistry.ServiceAgent
2024-11-28 11:14:04,228 INFO     ___FILE_ONLY___ 

2024-11-28 11:14:04,228 INFO     ___FILE_ONLY___ -
2024-11-28 11:14:04,228 INFO     ___FILE_ONLY___  
2024-11-28 11:14:04,228 INFO     ___FILE_ONLY___ members
2024-11-28 11:14:04,229 INFO     ___FILE_ONLY___ :
2024-11-28 11:14:04,229 INFO     ___FILE_ONLY___ 

2024-11-28 11:14:04,229 INFO     ___FILE_ONLY___   
2024-11-28 11:14:04,229 INFO     ___FILE_ONLY___ -
2024-11-28 11:14:04,229 INFO     ___FILE_ONLY___  
2024-11-28 11:14:04,229 INFO     ___FILE_ONLY___ serviceAccount:644941739395-compute@developer.gserviceaccount.com
2024-11-28 11:14:04,229 INFO     ___FILE_ONLY___ 

2024-11-28 11:14:04,229 INFO     ___FILE_ONLY___   
2024-11-28 11:14:04,229 INFO     ___FILE_ONLY___ -
2024-11-28 11:14:04,229 INFO     ___FILE_ONLY___  
2024-11-28 11:14:04,229 INFO     ___FILE_ONLY___ serviceAccount:644941739395@cloudservices.gserviceaccount.com
2024-11-28 11:14:04,229 INFO     ___FILE_ONLY___ 

2024-11-28 11:14:04,229 INFO     ___FILE_ONLY___   
2024-11-28 11:14:04,230 INFO     ___FILE_ONLY___ -
2024-11-28 11:14:04,230 INFO     ___FILE_ONLY___  
2024-11-28 11:14:04,230 INFO     ___FILE_ONLY___ serviceAccount:inspired-photon-441609-k7@appspot.gserviceaccount.com
2024-11-28 11:14:04,230 INFO     ___FILE_ONLY___ 

2024-11-28 11:14:04,230 INFO     ___FILE_ONLY___   
2024-11-28 11:14:04,230 INFO     ___FILE_ONLY___ -
2024-11-28 11:14:04,230 INFO     ___FILE_ONLY___  
2024-11-28 11:14:04,230 INFO     ___FILE_ONLY___ serviceAccount:vm-creater-account@inspired-photon-441609-k7.iam.gserviceaccount.com
2024-11-28 11:14:04,230 INFO     ___FILE_ONLY___ 

2024-11-28 11:14:04,230 INFO     ___FILE_ONLY___   
2024-11-28 11:14:04,230 INFO     ___FILE_ONLY___ role
2024-11-28 11:14:04,231 INFO     ___FILE_ONLY___ :
2024-11-28 11:14:04,231 INFO     ___FILE_ONLY___  
2024-11-28 11:14:04,231 INFO     ___FILE_ONLY___ roles/editor
2024-11-28 11:14:04,231 INFO     ___FILE_ONLY___ 

2024-11-28 11:14:04,231 INFO     ___FILE_ONLY___ -
2024-11-28 11:14:04,231 INFO     ___FILE_ONLY___  
2024-11-28 11:14:04,231 INFO     ___FILE_ONLY___ members
2024-11-28 11:14:04,231 INFO     ___FILE_ONLY___ :
2024-11-28 11:14:04,231 INFO     ___FILE_ONLY___ 

2024-11-28 11:14:04,231 INFO     ___FILE_ONLY___   
2024-11-28 11:14:04,231 INFO     ___FILE_ONLY___ -
2024-11-28 11:14:04,231 INFO     ___FILE_ONLY___  
2024-11-28 11:14:04,231 INFO     ___FILE_ONLY___ serviceAccount:service-644941739395@gcp-sa-eventarc.iam.gserviceaccount.com
2024-11-28 11:14:04,232 INFO     ___FILE_ONLY___ 

2024-11-28 11:14:04,232 INFO     ___FILE_ONLY___   
2024-11-28 11:14:04,232 INFO     ___FILE_ONLY___ role
2024-11-28 11:14:04,232 INFO     ___FILE_ONLY___ :
2024-11-28 11:14:04,232 INFO     ___FILE_ONLY___  
2024-11-28 11:14:04,232 INFO     ___FILE_ONLY___ roles/eventarc.serviceAgent
2024-11-28 11:14:04,232 INFO     ___FILE_ONLY___ 

2024-11-28 11:14:04,232 INFO     ___FILE_ONLY___ -
2024-11-28 11:14:04,232 INFO     ___FILE_ONLY___  
2024-11-28 11:14:04,232 INFO     ___FILE_ONLY___ members
2024-11-28 11:14:04,232 INFO     ___FILE_ONLY___ :
2024-11-28 11:14:04,232 INFO     ___FILE_ONLY___ 

2024-11-28 11:14:04,233 INFO     ___FILE_ONLY___   
2024-11-28 11:14:04,233 INFO     ___FILE_ONLY___ -
2024-11-28 11:14:04,233 INFO     ___FILE_ONLY___  
2024-11-28 11:14:04,233 INFO     ___FILE_ONLY___ serviceAccount:trigger-account@inspired-photon-441609-k7.iam.gserviceaccount.com
2024-11-28 11:14:04,233 INFO     ___FILE_ONLY___ 

2024-11-28 11:14:04,233 INFO     ___FILE_ONLY___   
2024-11-28 11:14:04,233 INFO     ___FILE_ONLY___ role
2024-11-28 11:14:04,233 INFO     ___FILE_ONLY___ :
2024-11-28 11:14:04,233 INFO     ___FILE_ONLY___  
2024-11-28 11:14:04,233 INFO     ___FILE_ONLY___ roles/iam.roleAdmin
2024-11-28 11:14:04,233 INFO     ___FILE_ONLY___ 

2024-11-28 11:14:04,233 INFO     ___FILE_ONLY___ -
2024-11-28 11:14:04,234 INFO     ___FILE_ONLY___  
2024-11-28 11:14:04,234 INFO     ___FILE_ONLY___ members
2024-11-28 11:14:04,234 INFO     ___FILE_ONLY___ :
2024-11-28 11:14:04,234 INFO     ___FILE_ONLY___ 

2024-11-28 11:14:04,234 INFO     ___FILE_ONLY___   
2024-11-28 11:14:04,234 INFO     ___FILE_ONLY___ -
2024-11-28 11:14:04,234 INFO     ___FILE_ONLY___  
2024-11-28 11:14:04,234 INFO     ___FILE_ONLY___ serviceAccount:644941739395@cloudbuild.gserviceaccount.com
2024-11-28 11:14:04,234 INFO     ___FILE_ONLY___ 

2024-11-28 11:14:04,234 INFO     ___FILE_ONLY___   
2024-11-28 11:14:04,234 INFO     ___FILE_ONLY___ -
2024-11-28 11:14:04,234 INFO     ___FILE_ONLY___  
2024-11-28 11:14:04,234 INFO     ___FILE_ONLY___ serviceAccount:vm-creater-account@inspired-photon-441609-k7.iam.gserviceaccount.com
2024-11-28 11:14:04,235 INFO     ___FILE_ONLY___ 

2024-11-28 11:14:04,235 INFO     ___FILE_ONLY___   
2024-11-28 11:14:04,235 INFO     ___FILE_ONLY___ role
2024-11-28 11:14:04,235 INFO     ___FILE_ONLY___ :
2024-11-28 11:14:04,235 INFO     ___FILE_ONLY___  
2024-11-28 11:14:04,235 INFO     ___FILE_ONLY___ roles/iam.serviceAccountUser
2024-11-28 11:14:04,235 INFO     ___FILE_ONLY___ 

2024-11-28 11:14:04,235 INFO     ___FILE_ONLY___ -
2024-11-28 11:14:04,235 INFO     ___FILE_ONLY___  
2024-11-28 11:14:04,235 INFO     ___FILE_ONLY___ members
2024-11-28 11:14:04,235 INFO     ___FILE_ONLY___ :
2024-11-28 11:14:04,235 INFO     ___FILE_ONLY___ 

2024-11-28 11:14:04,236 INFO     ___FILE_ONLY___   
2024-11-28 11:14:04,236 INFO     ___FILE_ONLY___ -
2024-11-28 11:14:04,236 INFO     ___FILE_ONLY___  
2024-11-28 11:14:04,236 INFO     ___FILE_ONLY___ user:das03285@gmail.com
2024-11-28 11:14:04,236 INFO     ___FILE_ONLY___ 

2024-11-28 11:14:04,236 INFO     ___FILE_ONLY___   
2024-11-28 11:14:04,236 INFO     ___FILE_ONLY___ role
2024-11-28 11:14:04,236 INFO     ___FILE_ONLY___ :
2024-11-28 11:14:04,236 INFO     ___FILE_ONLY___  
2024-11-28 11:14:04,236 INFO     ___FILE_ONLY___ roles/owner
2024-11-28 11:14:04,236 INFO     ___FILE_ONLY___ 

2024-11-28 11:14:04,237 INFO     ___FILE_ONLY___ -
2024-11-28 11:14:04,237 INFO     ___FILE_ONLY___  
2024-11-28 11:14:04,237 INFO     ___FILE_ONLY___ members
2024-11-28 11:14:04,237 INFO     ___FILE_ONLY___ :
2024-11-28 11:14:04,237 INFO     ___FILE_ONLY___ 

2024-11-28 11:14:04,237 INFO     ___FILE_ONLY___   
2024-11-28 11:14:04,237 INFO     ___FILE_ONLY___ -
2024-11-28 11:14:04,237 INFO     ___FILE_ONLY___  
2024-11-28 11:14:04,237 INFO     ___FILE_ONLY___ serviceAccount:service-644941739395@gs-project-accounts.iam.gserviceaccount.com
2024-11-28 11:14:04,237 INFO     ___FILE_ONLY___ 

2024-11-28 11:14:04,237 INFO     ___FILE_ONLY___   
2024-11-28 11:14:04,237 INFO     ___FILE_ONLY___ role
2024-11-28 11:14:04,238 INFO     ___FILE_ONLY___ :
2024-11-28 11:14:04,238 INFO     ___FILE_ONLY___  
2024-11-28 11:14:04,238 INFO     ___FILE_ONLY___ roles/pubsub.publisher
2024-11-28 11:14:04,238 INFO     ___FILE_ONLY___ 

2024-11-28 11:14:04,238 INFO     ___FILE_ONLY___ -
2024-11-28 11:14:04,238 INFO     ___FILE_ONLY___  
2024-11-28 11:14:04,238 INFO     ___FILE_ONLY___ members
2024-11-28 11:14:04,238 INFO     ___FILE_ONLY___ :
2024-11-28 11:14:04,238 INFO     ___FILE_ONLY___ 

2024-11-28 11:14:04,238 INFO     ___FILE_ONLY___   
2024-11-28 11:14:04,238 INFO     ___FILE_ONLY___ -
2024-11-28 11:14:04,238 INFO     ___FILE_ONLY___  
2024-11-28 11:14:04,238 INFO     ___FILE_ONLY___ serviceAccount:service-644941739395@gcp-sa-pubsub.iam.gserviceaccount.com
2024-11-28 11:14:04,239 INFO     ___FILE_ONLY___ 

2024-11-28 11:14:04,239 INFO     ___FILE_ONLY___   
2024-11-28 11:14:04,239 INFO     ___FILE_ONLY___ role
2024-11-28 11:14:04,239 INFO     ___FILE_ONLY___ :
2024-11-28 11:14:04,239 INFO     ___FILE_ONLY___  
2024-11-28 11:14:04,239 INFO     ___FILE_ONLY___ roles/pubsub.serviceAgent
2024-11-28 11:14:04,239 INFO     ___FILE_ONLY___ 

2024-11-28 11:14:04,239 INFO     ___FILE_ONLY___ -
2024-11-28 11:14:04,239 INFO     ___FILE_ONLY___  
2024-11-28 11:14:04,239 INFO     ___FILE_ONLY___ members
2024-11-28 11:14:04,239 INFO     ___FILE_ONLY___ :
2024-11-28 11:14:04,239 INFO     ___FILE_ONLY___ 

2024-11-28 11:14:04,240 INFO     ___FILE_ONLY___   
2024-11-28 11:14:04,240 INFO     ___FILE_ONLY___ -
2024-11-28 11:14:04,240 INFO     ___FILE_ONLY___  
2024-11-28 11:14:04,240 INFO     ___FILE_ONLY___ serviceAccount:trigger-account@inspired-photon-441609-k7.iam.gserviceaccount.com
2024-11-28 11:14:04,240 INFO     ___FILE_ONLY___ 

2024-11-28 11:14:04,240 INFO     ___FILE_ONLY___   
2024-11-28 11:14:04,240 INFO     ___FILE_ONLY___ role
2024-11-28 11:14:04,240 INFO     ___FILE_ONLY___ :
2024-11-28 11:14:04,240 INFO     ___FILE_ONLY___  
2024-11-28 11:14:04,240 INFO     ___FILE_ONLY___ roles/resourcemanager.projectIamAdmin
2024-11-28 11:14:04,240 INFO     ___FILE_ONLY___ 

2024-11-28 11:14:04,241 INFO     ___FILE_ONLY___ -
2024-11-28 11:14:04,241 INFO     ___FILE_ONLY___  
2024-11-28 11:14:04,241 INFO     ___FILE_ONLY___ members
2024-11-28 11:14:04,241 INFO     ___FILE_ONLY___ :
2024-11-28 11:14:04,241 INFO     ___FILE_ONLY___ 

2024-11-28 11:14:04,241 INFO     ___FILE_ONLY___   
2024-11-28 11:14:04,241 INFO     ___FILE_ONLY___ -
2024-11-28 11:14:04,241 INFO     ___FILE_ONLY___  
2024-11-28 11:14:04,241 INFO     ___FILE_ONLY___ serviceAccount:service-644941739395@serverless-robot-prod.iam.gserviceaccount.com
2024-11-28 11:14:04,241 INFO     ___FILE_ONLY___ 

2024-11-28 11:14:04,241 INFO     ___FILE_ONLY___   
2024-11-28 11:14:04,241 INFO     ___FILE_ONLY___ role
2024-11-28 11:14:04,242 INFO     ___FILE_ONLY___ :
2024-11-28 11:14:04,242 INFO     ___FILE_ONLY___  
2024-11-28 11:14:04,242 INFO     ___FILE_ONLY___ roles/run.serviceAgent
2024-11-28 11:14:04,242 INFO     ___FILE_ONLY___ 

2024-11-28 11:14:04,242 INFO     ___FILE_ONLY___ etag
2024-11-28 11:14:04,242 INFO     ___FILE_ONLY___ :
2024-11-28 11:14:04,242 INFO     ___FILE_ONLY___  
2024-11-28 11:14:04,242 INFO     ___FILE_ONLY___ BwYn9y4auRU=
2024-11-28 11:14:04,242 INFO     ___FILE_ONLY___ 

2024-11-28 11:14:04,242 INFO     ___FILE_ONLY___ version
2024-11-28 11:14:04,242 INFO     ___FILE_ONLY___ :
2024-11-28 11:14:04,242 INFO     ___FILE_ONLY___  
2024-11-28 11:14:04,243 INFO     ___FILE_ONLY___ 1
2024-11-28 11:14:04,243 INFO     ___FILE_ONLY___ 

2024-11-28 11:14:04,243 DEBUG    root            SDK update checks are disabled.
