2024-11-28 11:13:57,956 DEBUG    root            Loaded Command Group: ['gcloud', 'projects']
2024-11-28 11:13:57,996 DEBUG    root            Loaded Command Group: ['gcloud', 'projects', 'add_iam_policy_binding']
2024-11-28 11:13:58,009 DEBUG    root            Running [gcloud.projects.add-iam-policy-binding] with arguments: [--member: "serviceAccount:service-644941739395@gs-project-accounts.iam.gserviceaccount.com", --role: "roles/pubsub.publisher", PROJECT_ID: "inspired-photon-441609-k7"]
2024-11-28 11:13:58,165 DEBUG    urllib3.connectionpool Starting new HTTPS connection (1): cloudresourcemanager.googleapis.com:443
2024-11-28 11:13:58,338 DEBUG    urllib3.connectionpool https://cloudresourcemanager.googleapis.com:443 "POST /v1/projects/inspired-photon-441609-k7:getIamPolicy?alt=json HTTP/1.1" 200 None
2024-11-28 11:13:58,476 DEBUG    urllib3.connectionpool Starting new HTTPS connection (1): cloudresourcemanager.googleapis.com:443
2024-11-28 11:13:59,065 DEBUG    urllib3.connectionpool https://cloudresourcemanager.googleapis.com:443 "POST /v1/projects/inspired-photon-441609-k7:setIamPolicy?alt=json HTTP/1.1" 200 None
2024-11-28 11:13:59,074 INFO     ___FILE_ONLY___ Updated IAM policy for project [inspired-photon-441609-k7].

2024-11-28 11:13:59,075 DEBUG    root            Chosen display Format:default
2024-11-28 11:13:59,076 INFO     root            Display format: "default"
2024-11-28 11:13:59,132 INFO     ___FILE_ONLY___ bindings
2024-11-28 11:13:59,132 INFO     ___FILE_ONLY___ :
2024-11-28 11:13:59,133 INFO     ___FILE_ONLY___ 

2024-11-28 11:13:59,134 INFO     ___FILE_ONLY___ -
2024-11-28 11:13:59,134 INFO     ___FILE_ONLY___  
2024-11-28 11:13:59,135 INFO     ___FILE_ONLY___ members
2024-11-28 11:13:59,135 INFO     ___FILE_ONLY___ :
2024-11-28 11:13:59,135 INFO     ___FILE_ONLY___ 

2024-11-28 11:13:59,135 INFO     ___FILE_ONLY___   
2024-11-28 11:13:59,135 INFO     ___FILE_ONLY___ -
2024-11-28 11:13:59,135 INFO     ___FILE_ONLY___  
2024-11-28 11:13:59,136 INFO     ___FILE_ONLY___ serviceAccount:trigger-account@inspired-photon-441609-k7.iam.gserviceaccount.com
2024-11-28 11:13:59,136 INFO     ___FILE_ONLY___ 

2024-11-28 11:13:59,136 INFO     ___FILE_ONLY___   
2024-11-28 11:13:59,136 INFO     ___FILE_ONLY___ role
2024-11-28 11:13:59,136 INFO     ___FILE_ONLY___ :
2024-11-28 11:13:59,136 INFO     ___FILE_ONLY___  
2024-11-28 11:13:59,137 INFO     ___FILE_ONLY___ projects/inspired-photon-441609-k7/roles/main_custom_role_18
2024-11-28 11:13:59,137 INFO     ___FILE_ONLY___ 

2024-11-28 11:13:59,138 INFO     ___FILE_ONLY___ -
2024-11-28 11:13:59,138 INFO     ___FILE_ONLY___  
2024-11-28 11:13:59,139 INFO     ___FILE_ONLY___ members
2024-11-28 11:13:59,139 INFO     ___FILE_ONLY___ :
2024-11-28 11:13:59,139 INFO     ___FILE_ONLY___ 

2024-11-28 11:13:59,139 INFO     ___FILE_ONLY___   
2024-11-28 11:13:59,139 INFO     ___FILE_ONLY___ -
2024-11-28 11:13:59,140 INFO     ___FILE_ONLY___  
2024-11-28 11:13:59,140 INFO     ___FILE_ONLY___ serviceAccount:service-644941739395@gcp-sa-artifactregistry.iam.gserviceaccount.com
2024-11-28 11:13:59,140 INFO     ___FILE_ONLY___ 

2024-11-28 11:13:59,140 INFO     ___FILE_ONLY___   
2024-11-28 11:13:59,140 INFO     ___FILE_ONLY___ role
2024-11-28 11:13:59,140 INFO     ___FILE_ONLY___ :
2024-11-28 11:13:59,141 INFO     ___FILE_ONLY___  
2024-11-28 11:13:59,141 INFO     ___FILE_ONLY___ roles/artifactregistry.serviceAgent
2024-11-28 11:13:59,141 INFO     ___FILE_ONLY___ 

2024-11-28 11:13:59,142 INFO     ___FILE_ONLY___ -
2024-11-28 11:13:59,143 INFO     ___FILE_ONLY___  
2024-11-28 11:13:59,143 INFO     ___FILE_ONLY___ members
2024-11-28 11:13:59,144 INFO     ___FILE_ONLY___ :
2024-11-28 11:13:59,144 INFO     ___FILE_ONLY___ 

2024-11-28 11:13:59,144 INFO     ___FILE_ONLY___   
2024-11-28 11:13:59,144 INFO     ___FILE_ONLY___ -
2024-11-28 11:13:59,144 INFO     ___FILE_ONLY___  
2024-11-28 11:13:59,144 INFO     ___FILE_ONLY___ serviceAccount:644941739395@cloudbuild.gserviceaccount.com
2024-11-28 11:13:59,144 INFO     ___FILE_ONLY___ 

2024-11-28 11:13:59,144 INFO     ___FILE_ONLY___   
2024-11-28 11:13:59,145 INFO     ___FILE_ONLY___ role
2024-11-28 11:13:59,145 INFO     ___FILE_ONLY___ :
2024-11-28 11:13:59,145 INFO     ___FILE_ONLY___  
2024-11-28 11:13:59,145 INFO     ___FILE_ONLY___ roles/cloudbuild.builds.builder
2024-11-28 11:13:59,146 INFO     ___FILE_ONLY___ 

2024-11-28 11:13:59,146 INFO     ___FILE_ONLY___ -
2024-11-28 11:13:59,147 INFO     ___FILE_ONLY___  
2024-11-28 11:13:59,147 INFO     ___FILE_ONLY___ members
2024-11-28 11:13:59,148 INFO     ___FILE_ONLY___ :
2024-11-28 11:13:59,148 INFO     ___FILE_ONLY___ 

2024-11-28 11:13:59,148 INFO     ___FILE_ONLY___   
2024-11-28 11:13:59,148 INFO     ___FILE_ONLY___ -
2024-11-28 11:13:59,148 INFO     ___FILE_ONLY___  
2024-11-28 11:13:59,148 INFO     ___FILE_ONLY___ serviceAccount:service-644941739395@gcp-sa-cloudbuild.iam.gserviceaccount.com
2024-11-28 11:13:59,149 INFO     ___FILE_ONLY___ 

2024-11-28 11:13:59,149 INFO     ___FILE_ONLY___   
2024-11-28 11:13:59,149 INFO     ___FILE_ONLY___ role
2024-11-28 11:13:59,149 INFO     ___FILE_ONLY___ :
2024-11-28 11:13:59,149 INFO     ___FILE_ONLY___  
2024-11-28 11:13:59,149 INFO     ___FILE_ONLY___ roles/cloudbuild.serviceAgent
2024-11-28 11:13:59,149 INFO     ___FILE_ONLY___ 

2024-11-28 11:13:59,150 INFO     ___FILE_ONLY___ -
2024-11-28 11:13:59,150 INFO     ___FILE_ONLY___  
2024-11-28 11:13:59,150 INFO     ___FILE_ONLY___ members
2024-11-28 11:13:59,150 INFO     ___FILE_ONLY___ :
2024-11-28 11:13:59,150 INFO     ___FILE_ONLY___ 

2024-11-28 11:13:59,150 INFO     ___FILE_ONLY___   
2024-11-28 11:13:59,151 INFO     ___FILE_ONLY___ -
2024-11-28 11:13:59,152 INFO     ___FILE_ONLY___  
2024-11-28 11:13:59,152 INFO     ___FILE_ONLY___ serviceAccount:644941739395@cloudbuild.gserviceaccount.com
2024-11-28 11:13:59,152 INFO     ___FILE_ONLY___ 

2024-11-28 11:13:59,152 INFO     ___FILE_ONLY___   
2024-11-28 11:13:59,153 INFO     ___FILE_ONLY___ role
2024-11-28 11:13:59,153 INFO     ___FILE_ONLY___ :
2024-11-28 11:13:59,153 INFO     ___FILE_ONLY___  
2024-11-28 11:13:59,153 INFO     ___FILE_ONLY___ roles/cloudfunctions.developer
2024-11-28 11:13:59,154 INFO     ___FILE_ONLY___ 

2024-11-28 11:13:59,154 INFO     ___FILE_ONLY___ -
2024-11-28 11:13:59,154 INFO     ___FILE_ONLY___  
2024-11-28 11:13:59,154 INFO     ___FILE_ONLY___ members
2024-11-28 11:13:59,154 INFO     ___FILE_ONLY___ :
2024-11-28 11:13:59,154 INFO     ___FILE_ONLY___ 

2024-11-28 11:13:59,154 INFO     ___FILE_ONLY___   
2024-11-28 11:13:59,154 INFO     ___FILE_ONLY___ -
2024-11-28 11:13:59,155 INFO     ___FILE_ONLY___  
2024-11-28 11:13:59,155 INFO     ___FILE_ONLY___ serviceAccount:service-644941739395@gcf-admin-robot.iam.gserviceaccount.com
2024-11-28 11:13:59,155 INFO     ___FILE_ONLY___ 

2024-11-28 11:13:59,155 INFO     ___FILE_ONLY___   
2024-11-28 11:13:59,156 INFO     ___FILE_ONLY___ role
2024-11-28 11:13:59,157 INFO     ___FILE_ONLY___ :
2024-11-28 11:13:59,157 INFO     ___FILE_ONLY___  
2024-11-28 11:13:59,157 INFO     ___FILE_ONLY___ roles/cloudfunctions.serviceAgent
2024-11-28 11:13:59,157 INFO     ___FILE_ONLY___ 

2024-11-28 11:13:59,158 INFO     ___FILE_ONLY___ -
2024-11-28 11:13:59,158 INFO     ___FILE_ONLY___  
2024-11-28 11:13:59,158 INFO     ___FILE_ONLY___ members
2024-11-28 11:13:59,158 INFO     ___FILE_ONLY___ :
2024-11-28 11:13:59,158 INFO     ___FILE_ONLY___ 

2024-11-28 11:13:59,158 INFO     ___FILE_ONLY___   
2024-11-28 11:13:59,158 INFO     ___FILE_ONLY___ -
2024-11-28 11:13:59,158 INFO     ___FILE_ONLY___  
2024-11-28 11:13:59,158 INFO     ___FILE_ONLY___ serviceAccount:vm-creater-account@inspired-photon-441609-k7.iam.gserviceaccount.com
2024-11-28 11:13:59,159 INFO     ___FILE_ONLY___ 

2024-11-28 11:13:59,159 INFO     ___FILE_ONLY___   
2024-11-28 11:13:59,159 INFO     ___FILE_ONLY___ role
2024-11-28 11:13:59,159 INFO     ___FILE_ONLY___ :
2024-11-28 11:13:59,159 INFO     ___FILE_ONLY___  
2024-11-28 11:13:59,159 INFO     ___FILE_ONLY___ roles/compute.instanceAdmin.v1
2024-11-28 11:13:59,160 INFO     ___FILE_ONLY___ 

2024-11-28 11:13:59,161 INFO     ___FILE_ONLY___ -
2024-11-28 11:13:59,161 INFO     ___FILE_ONLY___  
2024-11-28 11:13:59,162 INFO     ___FILE_ONLY___ members
2024-11-28 11:13:59,162 INFO     ___FILE_ONLY___ :
2024-11-28 11:13:59,162 INFO     ___FILE_ONLY___ 

2024-11-28 11:13:59,162 INFO     ___FILE_ONLY___   
2024-11-28 11:13:59,162 INFO     ___FILE_ONLY___ -
2024-11-28 11:13:59,163 INFO     ___FILE_ONLY___  
2024-11-28 11:13:59,163 INFO     ___FILE_ONLY___ serviceAccount:vm-creater-account@inspired-photon-441609-k7.iam.gserviceaccount.com
2024-11-28 11:13:59,163 INFO     ___FILE_ONLY___ 

2024-11-28 11:13:59,163 INFO     ___FILE_ONLY___   
2024-11-28 11:13:59,163 INFO     ___FILE_ONLY___ role
2024-11-28 11:13:59,163 INFO     ___FILE_ONLY___ :
2024-11-28 11:13:59,163 INFO     ___FILE_ONLY___  
2024-11-28 11:13:59,164 INFO     ___FILE_ONLY___ roles/compute.networkUser
2024-11-28 11:13:59,165 INFO     ___FILE_ONLY___ 

2024-11-28 11:13:59,165 INFO     ___FILE_ONLY___ -
2024-11-28 11:13:59,166 INFO     ___FILE_ONLY___  
2024-11-28 11:13:59,166 INFO     ___FILE_ONLY___ members
2024-11-28 11:13:59,166 INFO     ___FILE_ONLY___ :
2024-11-28 11:13:59,166 INFO     ___FILE_ONLY___ 

2024-11-28 11:13:59,166 INFO     ___FILE_ONLY___   
2024-11-28 11:13:59,166 INFO     ___FILE_ONLY___ -
2024-11-28 11:13:59,167 INFO     ___FILE_ONLY___  
2024-11-28 11:13:59,167 INFO     ___FILE_ONLY___ serviceAccount:service-644941739395@compute-system.iam.gserviceaccount.com
2024-11-28 11:13:59,167 INFO     ___FILE_ONLY___ 

2024-11-28 11:13:59,167 INFO     ___FILE_ONLY___   
2024-11-28 11:13:59,167 INFO     ___FILE_ONLY___ role
2024-11-28 11:13:59,167 INFO     ___FILE_ONLY___ :
2024-11-28 11:13:59,167 INFO     ___FILE_ONLY___  
2024-11-28 11:13:59,167 INFO     ___FILE_ONLY___ roles/compute.serviceAgent
2024-11-28 11:13:59,168 INFO     ___FILE_ONLY___ 

2024-11-28 11:13:59,168 INFO     ___FILE_ONLY___ -
2024-11-28 11:13:59,168 INFO     ___FILE_ONLY___  
2024-11-28 11:13:59,168 INFO     ___FILE_ONLY___ members
2024-11-28 11:13:59,169 INFO     ___FILE_ONLY___ :
2024-11-28 11:13:59,170 INFO     ___FILE_ONLY___ 

2024-11-28 11:13:59,170 INFO     ___FILE_ONLY___   
2024-11-28 11:13:59,170 INFO     ___FILE_ONLY___ -
2024-11-28 11:13:59,170 INFO     ___FILE_ONLY___  
2024-11-28 11:13:59,170 INFO     ___FILE_ONLY___ serviceAccount:service-644941739395@containerregistry.iam.gserviceaccount.com
2024-11-28 11:13:59,170 INFO     ___FILE_ONLY___ 

2024-11-28 11:13:59,171 INFO     ___FILE_ONLY___   
2024-11-28 11:13:59,171 INFO     ___FILE_ONLY___ role
2024-11-28 11:13:59,171 INFO     ___FILE_ONLY___ :
2024-11-28 11:13:59,171 INFO     ___FILE_ONLY___  
2024-11-28 11:13:59,171 INFO     ___FILE_ONLY___ roles/containerregistry.ServiceAgent
2024-11-28 11:13:59,171 INFO     ___FILE_ONLY___ 

2024-11-28 11:13:59,171 INFO     ___FILE_ONLY___ -
2024-11-28 11:13:59,171 INFO     ___FILE_ONLY___  
2024-11-28 11:13:59,172 INFO     ___FILE_ONLY___ members
2024-11-28 11:13:59,172 INFO     ___FILE_ONLY___ :
2024-11-28 11:13:59,172 INFO     ___FILE_ONLY___ 

2024-11-28 11:13:59,172 INFO     ___FILE_ONLY___   
2024-11-28 11:13:59,172 INFO     ___FILE_ONLY___ -
2024-11-28 11:13:59,172 INFO     ___FILE_ONLY___  
2024-11-28 11:13:59,173 INFO     ___FILE_ONLY___ serviceAccount:644941739395-compute@developer.gserviceaccount.com
2024-11-28 11:13:59,173 INFO     ___FILE_ONLY___ 

2024-11-28 11:13:59,173 INFO     ___FILE_ONLY___   
2024-11-28 11:13:59,174 INFO     ___FILE_ONLY___ -
2024-11-28 11:13:59,174 INFO     ___FILE_ONLY___  
2024-11-28 11:13:59,175 INFO     ___FILE_ONLY___ serviceAccount:644941739395@cloudservices.gserviceaccount.com
2024-11-28 11:13:59,175 INFO     ___FILE_ONLY___ 

2024-11-28 11:13:59,175 INFO     ___FILE_ONLY___   
2024-11-28 11:13:59,175 INFO     ___FILE_ONLY___ -
2024-11-28 11:13:59,175 INFO     ___FILE_ONLY___  
2024-11-28 11:13:59,175 INFO     ___FILE_ONLY___ serviceAccount:inspired-photon-441609-k7@appspot.gserviceaccount.com
2024-11-28 11:13:59,175 INFO     ___FILE_ONLY___ 

2024-11-28 11:13:59,175 INFO     ___FILE_ONLY___   
2024-11-28 11:13:59,175 INFO     ___FILE_ONLY___ -
2024-11-28 11:13:59,176 INFO     ___FILE_ONLY___  
2024-11-28 11:13:59,176 INFO     ___FILE_ONLY___ serviceAccount:vm-creater-account@inspired-photon-441609-k7.iam.gserviceaccount.com
2024-11-28 11:13:59,176 INFO     ___FILE_ONLY___ 

2024-11-28 11:13:59,176 INFO     ___FILE_ONLY___   
2024-11-28 11:13:59,176 INFO     ___FILE_ONLY___ role
2024-11-28 11:13:59,176 INFO     ___FILE_ONLY___ :
2024-11-28 11:13:59,176 INFO     ___FILE_ONLY___  
2024-11-28 11:13:59,176 INFO     ___FILE_ONLY___ roles/editor
2024-11-28 11:13:59,177 INFO     ___FILE_ONLY___ 

2024-11-28 11:13:59,177 INFO     ___FILE_ONLY___ -
2024-11-28 11:13:59,178 INFO     ___FILE_ONLY___  
2024-11-28 11:13:59,178 INFO     ___FILE_ONLY___ members
2024-11-28 11:13:59,178 INFO     ___FILE_ONLY___ :
2024-11-28 11:13:59,179 INFO     ___FILE_ONLY___ 

2024-11-28 11:13:59,179 INFO     ___FILE_ONLY___   
2024-11-28 11:13:59,180 INFO     ___FILE_ONLY___ -
2024-11-28 11:13:59,180 INFO     ___FILE_ONLY___  
2024-11-28 11:13:59,180 INFO     ___FILE_ONLY___ serviceAccount:service-644941739395@gcp-sa-eventarc.iam.gserviceaccount.com
2024-11-28 11:13:59,180 INFO     ___FILE_ONLY___ 

2024-11-28 11:13:59,180 INFO     ___FILE_ONLY___   
2024-11-28 11:13:59,180 INFO     ___FILE_ONLY___ role
2024-11-28 11:13:59,180 INFO     ___FILE_ONLY___ :
2024-11-28 11:13:59,180 INFO     ___FILE_ONLY___  
2024-11-28 11:13:59,181 INFO     ___FILE_ONLY___ roles/eventarc.serviceAgent
2024-11-28 11:13:59,181 INFO     ___FILE_ONLY___ 

2024-11-28 11:13:59,181 INFO     ___FILE_ONLY___ -
2024-11-28 11:13:59,181 INFO     ___FILE_ONLY___  
2024-11-28 11:13:59,181 INFO     ___FILE_ONLY___ members
2024-11-28 11:13:59,181 INFO     ___FILE_ONLY___ :
2024-11-28 11:13:59,181 INFO     ___FILE_ONLY___ 

2024-11-28 11:13:59,181 INFO     ___FILE_ONLY___   
2024-11-28 11:13:59,181 INFO     ___FILE_ONLY___ -
2024-11-28 11:13:59,182 INFO     ___FILE_ONLY___  
2024-11-28 11:13:59,182 INFO     ___FILE_ONLY___ serviceAccount:trigger-account@inspired-photon-441609-k7.iam.gserviceaccount.com
2024-11-28 11:13:59,182 INFO     ___FILE_ONLY___ 

2024-11-28 11:13:59,182 INFO     ___FILE_ONLY___   
2024-11-28 11:13:59,182 INFO     ___FILE_ONLY___ role
2024-11-28 11:13:59,182 INFO     ___FILE_ONLY___ :
2024-11-28 11:13:59,183 INFO     ___FILE_ONLY___  
2024-11-28 11:13:59,183 INFO     ___FILE_ONLY___ roles/iam.roleAdmin
2024-11-28 11:13:59,183 INFO     ___FILE_ONLY___ 

2024-11-28 11:13:59,184 INFO     ___FILE_ONLY___ -
2024-11-28 11:13:59,184 INFO     ___FILE_ONLY___  
2024-11-28 11:13:59,184 INFO     ___FILE_ONLY___ members
2024-11-28 11:13:59,185 INFO     ___FILE_ONLY___ :
2024-11-28 11:13:59,185 INFO     ___FILE_ONLY___ 

2024-11-28 11:13:59,185 INFO     ___FILE_ONLY___   
2024-11-28 11:13:59,185 INFO     ___FILE_ONLY___ -
2024-11-28 11:13:59,185 INFO     ___FILE_ONLY___  
2024-11-28 11:13:59,185 INFO     ___FILE_ONLY___ serviceAccount:644941739395@cloudbuild.gserviceaccount.com
2024-11-28 11:13:59,186 INFO     ___FILE_ONLY___ 

2024-11-28 11:13:59,186 INFO     ___FILE_ONLY___   
2024-11-28 11:13:59,186 INFO     ___FILE_ONLY___ -
2024-11-28 11:13:59,186 INFO     ___FILE_ONLY___  
2024-11-28 11:13:59,186 INFO     ___FILE_ONLY___ serviceAccount:vm-creater-account@inspired-photon-441609-k7.iam.gserviceaccount.com
2024-11-28 11:13:59,186 INFO     ___FILE_ONLY___ 

2024-11-28 11:13:59,186 INFO     ___FILE_ONLY___   
2024-11-28 11:13:59,186 INFO     ___FILE_ONLY___ role
2024-11-28 11:13:59,187 INFO     ___FILE_ONLY___ :
2024-11-28 11:13:59,187 INFO     ___FILE_ONLY___  
2024-11-28 11:13:59,187 INFO     ___FILE_ONLY___ roles/iam.serviceAccountUser
2024-11-28 11:13:59,187 INFO     ___FILE_ONLY___ 

2024-11-28 11:13:59,187 INFO     ___FILE_ONLY___ -
2024-11-28 11:13:59,187 INFO     ___FILE_ONLY___  
2024-11-28 11:13:59,187 INFO     ___FILE_ONLY___ members
2024-11-28 11:13:59,188 INFO     ___FILE_ONLY___ :
2024-11-28 11:13:59,188 INFO     ___FILE_ONLY___ 

2024-11-28 11:13:59,188 INFO     ___FILE_ONLY___   
2024-11-28 11:13:59,189 INFO     ___FILE_ONLY___ -
2024-11-28 11:13:59,189 INFO     ___FILE_ONLY___  
2024-11-28 11:13:59,189 INFO     ___FILE_ONLY___ user:das03285@gmail.com
2024-11-28 11:13:59,190 INFO     ___FILE_ONLY___ 

2024-11-28 11:13:59,190 INFO     ___FILE_ONLY___   
2024-11-28 11:13:59,190 INFO     ___FILE_ONLY___ role
2024-11-28 11:13:59,190 INFO     ___FILE_ONLY___ :
2024-11-28 11:13:59,191 INFO     ___FILE_ONLY___  
2024-11-28 11:13:59,191 INFO     ___FILE_ONLY___ roles/owner
2024-11-28 11:13:59,191 INFO     ___FILE_ONLY___ 

2024-11-28 11:13:59,191 INFO     ___FILE_ONLY___ -
2024-11-28 11:13:59,191 INFO     ___FILE_ONLY___  
2024-11-28 11:13:59,191 INFO     ___FILE_ONLY___ members
2024-11-28 11:13:59,191 INFO     ___FILE_ONLY___ :
2024-11-28 11:13:59,191 INFO     ___FILE_ONLY___ 

2024-11-28 11:13:59,191 INFO     ___FILE_ONLY___   
2024-11-28 11:13:59,192 INFO     ___FILE_ONLY___ -
2024-11-28 11:13:59,192 INFO     ___FILE_ONLY___  
2024-11-28 11:13:59,192 INFO     ___FILE_ONLY___ serviceAccount:service-644941739395@gs-project-accounts.iam.gserviceaccount.com
2024-11-28 11:13:59,192 INFO     ___FILE_ONLY___ 

2024-11-28 11:13:59,192 INFO     ___FILE_ONLY___   
2024-11-28 11:13:59,192 INFO     ___FILE_ONLY___ role
2024-11-28 11:13:59,192 INFO     ___FILE_ONLY___ :
2024-11-28 11:13:59,193 INFO     ___FILE_ONLY___  
2024-11-28 11:13:59,193 INFO     ___FILE_ONLY___ roles/pubsub.publisher
2024-11-28 11:13:59,194 INFO     ___FILE_ONLY___ 

2024-11-28 11:13:59,194 INFO     ___FILE_ONLY___ -
2024-11-28 11:13:59,194 INFO     ___FILE_ONLY___  
2024-11-28 11:13:59,195 INFO     ___FILE_ONLY___ members
2024-11-28 11:13:59,195 INFO     ___FILE_ONLY___ :
2024-11-28 11:13:59,195 INFO     ___FILE_ONLY___ 

2024-11-28 11:13:59,196 INFO     ___FILE_ONLY___   
2024-11-28 11:13:59,196 INFO     ___FILE_ONLY___ -
2024-11-28 11:13:59,196 INFO     ___FILE_ONLY___  
2024-11-28 11:13:59,196 INFO     ___FILE_ONLY___ serviceAccount:service-644941739395@gcp-sa-pubsub.iam.gserviceaccount.com
2024-11-28 11:13:59,196 INFO     ___FILE_ONLY___ 

2024-11-28 11:13:59,196 INFO     ___FILE_ONLY___   
2024-11-28 11:13:59,196 INFO     ___FILE_ONLY___ role
2024-11-28 11:13:59,196 INFO     ___FILE_ONLY___ :
2024-11-28 11:13:59,197 INFO     ___FILE_ONLY___  
2024-11-28 11:13:59,197 INFO     ___FILE_ONLY___ roles/pubsub.serviceAgent
2024-11-28 11:13:59,197 INFO     ___FILE_ONLY___ 

2024-11-28 11:13:59,197 INFO     ___FILE_ONLY___ -
2024-11-28 11:13:59,197 INFO     ___FILE_ONLY___  
2024-11-28 11:13:59,197 INFO     ___FILE_ONLY___ members
2024-11-28 11:13:59,197 INFO     ___FILE_ONLY___ :
2024-11-28 11:13:59,197 INFO     ___FILE_ONLY___ 

2024-11-28 11:13:59,197 INFO     ___FILE_ONLY___   
2024-11-28 11:13:59,198 INFO     ___FILE_ONLY___ -
2024-11-28 11:13:59,198 INFO     ___FILE_ONLY___  
2024-11-28 11:13:59,198 INFO     ___FILE_ONLY___ serviceAccount:trigger-account@inspired-photon-441609-k7.iam.gserviceaccount.com
2024-11-28 11:13:59,199 INFO     ___FILE_ONLY___ 

2024-11-28 11:13:59,199 INFO     ___FILE_ONLY___   
2024-11-28 11:13:59,199 INFO     ___FILE_ONLY___ role
2024-11-28 11:13:59,200 INFO     ___FILE_ONLY___ :
2024-11-28 11:13:59,200 INFO     ___FILE_ONLY___  
2024-11-28 11:13:59,200 INFO     ___FILE_ONLY___ roles/resourcemanager.projectIamAdmin
2024-11-28 11:13:59,201 INFO     ___FILE_ONLY___ 

2024-11-28 11:13:59,201 INFO     ___FILE_ONLY___ -
2024-11-28 11:13:59,201 INFO     ___FILE_ONLY___  
2024-11-28 11:13:59,201 INFO     ___FILE_ONLY___ members
2024-11-28 11:13:59,201 INFO     ___FILE_ONLY___ :
2024-11-28 11:13:59,201 INFO     ___FILE_ONLY___ 

2024-11-28 11:13:59,201 INFO     ___FILE_ONLY___   
2024-11-28 11:13:59,201 INFO     ___FILE_ONLY___ -
2024-11-28 11:13:59,202 INFO     ___FILE_ONLY___  
2024-11-28 11:13:59,202 INFO     ___FILE_ONLY___ serviceAccount:service-644941739395@serverless-robot-prod.iam.gserviceaccount.com
2024-11-28 11:13:59,202 INFO     ___FILE_ONLY___ 

2024-11-28 11:13:59,202 INFO     ___FILE_ONLY___   
2024-11-28 11:13:59,202 INFO     ___FILE_ONLY___ role
2024-11-28 11:13:59,202 INFO     ___FILE_ONLY___ :
2024-11-28 11:13:59,202 INFO     ___FILE_ONLY___  
2024-11-28 11:13:59,202 INFO     ___FILE_ONLY___ roles/run.serviceAgent
2024-11-28 11:13:59,203 INFO     ___FILE_ONLY___ 

2024-11-28 11:13:59,203 INFO     ___FILE_ONLY___ etag
2024-11-28 11:13:59,203 INFO     ___FILE_ONLY___ :
2024-11-28 11:13:59,203 INFO     ___FILE_ONLY___  
2024-11-28 11:13:59,203 INFO     ___FILE_ONLY___ BwYn9y3Mjpw=
2024-11-28 11:13:59,204 INFO     ___FILE_ONLY___ 

2024-11-28 11:13:59,205 INFO     ___FILE_ONLY___ version
2024-11-28 11:13:59,206 INFO     ___FILE_ONLY___ :
2024-11-28 11:13:59,206 INFO     ___FILE_ONLY___  
2024-11-28 11:13:59,206 INFO     ___FILE_ONLY___ 1
2024-11-28 11:13:59,206 INFO     ___FILE_ONLY___ 

2024-11-28 11:13:59,207 DEBUG    root            SDK update checks are disabled.
