2024-11-28 14:09:55,455 DEBUG    root            Loaded Command Group: ['gcloud', 'functions']
2024-11-28 14:09:56,009 DEBUG    root            Loaded Command Group: ['gcloud', 'functions', 'deploy']
2024-11-28 14:09:56,049 DEBUG    root            Running [gcloud.functions.deploy] with arguments: [--entry-point: "send_email", --runtime: "python312", --set-env-vars: "OrderedDict([('PROJECT_ID', 'inspired-photon-441609-k7'), ('TOPIC_ID', 'gcs-trigger-topic'), ('SENDGRID_API_KEY', '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')])", --source: ".", --timeout: "300", --trigger-topic: "gcs-trigger-topic", NAME: "pubsub-to-email"]
2024-11-28 14:09:56,205 DEBUG    urllib3.connectionpool Starting new HTTPS connection (1): cloudfunctions.googleapis.com:443
2024-11-28 14:09:56,489 DEBUG    urllib3.connectionpool https://cloudfunctions.googleapis.com:443 "GET /v2/projects/inspired-photon-441609-k7/locations/us-central1/functions/pubsub-to-email?alt=json HTTP/1.1" 200 None
2024-11-28 14:09:56,620 DEBUG    urllib3.connectionpool Starting new HTTPS connection (1): cloudfunctions.googleapis.com:443
2024-11-28 14:09:56,851 DEBUG    urllib3.connectionpool https://cloudfunctions.googleapis.com:443 "GET /v2/projects/inspired-photon-441609-k7/locations/us-central1/functions/pubsub-to-email?alt=json HTTP/1.1" 200 None
2024-11-28 14:09:56,857 DEBUG    urllib3.connectionpool Starting new HTTPS connection (1): cloudfunctions.googleapis.com:443
2024-11-28 14:09:56,958 DEBUG    urllib3.connectionpool https://cloudfunctions.googleapis.com:443 "GET /v2/projects/inspired-photon-441609-k7/locations/us-central1/runtimes?alt=json HTTP/1.1" 200 None
2024-11-28 14:09:57,110 DEBUG    urllib3.connectionpool Starting new HTTPS connection (1): cloudresourcemanager.googleapis.com:443
2024-11-28 14:09:57,197 DEBUG    urllib3.connectionpool https://cloudresourcemanager.googleapis.com:443 "GET /v1/projects/inspired-photon-441609-k7?alt=json HTTP/1.1" 200 None
2024-11-28 14:09:57,331 DEBUG    urllib3.connectionpool Starting new HTTPS connection (1): cloudresourcemanager.googleapis.com:443
2024-11-28 14:09:57,533 DEBUG    urllib3.connectionpool https://cloudresourcemanager.googleapis.com:443 "POST /v1/projects/inspired-photon-441609-k7:getIamPolicy?alt=json HTTP/1.1" 200 None
2024-11-28 14:09:57,538 INFO     root            Not using ignore file.
2024-11-28 14:10:14,909 DEBUG    urllib3.connectionpool Starting new HTTPS connection (1): cloudfunctions.googleapis.com:443
2024-11-28 14:10:15,075 DEBUG    urllib3.connectionpool https://cloudfunctions.googleapis.com:443 "POST /v2/projects/inspired-photon-441609-k7/locations/us-central1/functions:generateUploadUrl?alt=json HTTP/1.1" 200 None
2024-11-28 14:10:15,157 DEBUG    urllib3.connectionpool Starting new HTTPS connection (1): storage.googleapis.com:443
2024-11-28 14:10:16,042 DEBUG    urllib3.connectionpool https://storage.googleapis.com:443 "PUT /gcf-v2-uploads-644941739395.us-central1.cloudfunctions.appspot.com/937a1e0b-a90c-4af5-9fed-049fb2a007cb.zip?GoogleAccessId=service-644941739395%40gcf-admin-robot.iam.gserviceaccount.com&Expires=1732804815&Signature=BcH0WeP5Qc9rfqUYgqMTF%2BDDqnaJoH6amtopgV4xeuLmx1KXONojNUPqstKaALIiX7GXoNSy9IZodDPh58iiTfQ%2B9%2Bkps8mQfqrV%2FaG4rTRmqATHqtpjhuhL%2FMkF0QJQknAaMn1GIioH%2B9udVcbRs9ztZQ9qcIpFt9BlahK2mkwI6vZtw7RItjaOY7%2BgVJm2TKfBQO4UFAxn7OJ0Qf3LCVUm81FqQLe8RJN73rNYnCi80SGjqvuTKPAEzMCdlFJbtNPSnl58OmKlmbWXGi05wOPvFfEu6L%2F4V7W%2F%2BBoLZmVofmXJfrpXahaLHLLKNCkWEu%2BmgI7nUmRhdrpbh4%2Flag%3D%3D HTTP/1.1" 200 0
2024-11-28 14:10:16,133 DEBUG    urllib3.connectionpool Starting new HTTPS connection (1): serviceusage.googleapis.com:443
2024-11-28 14:10:16,325 DEBUG    urllib3.connectionpool https://serviceusage.googleapis.com:443 "GET /v1/projects/inspired-photon-441609-k7/services/run.googleapis.com?alt=json HTTP/1.1" 403 None
2024-11-28 14:10:16,328 INFO     root            Could not verify if service run.googleapis.com is enabled: missing permission 'serviceusage.services.get'.
2024-11-28 14:10:16,397 DEBUG    urllib3.connectionpool Starting new HTTPS connection (1): serviceusage.googleapis.com:443
2024-11-28 14:10:16,624 DEBUG    urllib3.connectionpool https://serviceusage.googleapis.com:443 "GET /v1/projects/inspired-photon-441609-k7/services/cloudbuild.googleapis.com?alt=json HTTP/1.1" 403 None
2024-11-28 14:10:16,627 INFO     root            Could not verify if service cloudbuild.googleapis.com is enabled: missing permission 'serviceusage.services.get'.
2024-11-28 14:10:16,695 DEBUG    urllib3.connectionpool Starting new HTTPS connection (1): serviceusage.googleapis.com:443
2024-11-28 14:10:16,921 DEBUG    urllib3.connectionpool https://serviceusage.googleapis.com:443 "GET /v1/projects/inspired-photon-441609-k7/services/artifactregistry.googleapis.com?alt=json HTTP/1.1" 403 None
2024-11-28 14:10:16,924 INFO     root            Could not verify if service artifactregistry.googleapis.com is enabled: missing permission 'serviceusage.services.get'.
2024-11-28 14:10:17,069 DEBUG    urllib3.connectionpool Starting new HTTPS connection (1): cloudbuild.googleapis.com:443
2024-11-28 14:10:17,213 DEBUG    urllib3.connectionpool https://cloudbuild.googleapis.com:443 "GET /v1/projects/inspired-photon-441609-k7/locations/us-central1/defaultServiceAccount?alt=json HTTP/1.1" 200 None
2024-11-28 14:10:17,357 DEBUG    urllib3.connectionpool Starting new HTTPS connection (1): cloudresourcemanager.googleapis.com:443
2024-11-28 14:10:17,445 DEBUG    urllib3.connectionpool https://cloudresourcemanager.googleapis.com:443 "GET /v1/projects/inspired-photon-441609-k7?alt=json HTTP/1.1" 200 None
2024-11-28 14:10:17,586 DEBUG    urllib3.connectionpool Starting new HTTPS connection (1): cloudresourcemanager.googleapis.com:443
2024-11-28 14:10:17,735 DEBUG    urllib3.connectionpool https://cloudresourcemanager.googleapis.com:443 "POST /v1/projects/inspired-photon-441609-k7:getIamPolicy?alt=json HTTP/1.1" 200 None
2024-11-28 14:10:17,743 DEBUG    urllib3.connectionpool Starting new HTTPS connection (1): cloudfunctions.googleapis.com:443
2024-11-28 14:10:18,979 DEBUG    urllib3.connectionpool https://cloudfunctions.googleapis.com:443 "PATCH /v2/projects/inspired-photon-441609-k7/locations/us-central1/functions/pubsub-to-email?alt=json&updateMask=build_config.entry_point%2Cbuild_config.runtime%2Cbuild_config.source%2Cevent_trigger%2Cservice_config.environment_variables%2Cservice_config.timeout_seconds HTTP/1.1" 200 None
2024-11-28 14:10:18,983 INFO     ___FILE_ONLY___ Preparing function...
2024-11-28 14:10:18,987 DEBUG    urllib3.connectionpool Starting new HTTPS connection (1): cloudfunctions.googleapis.com:443
2024-11-28 14:10:19,078 DEBUG    urllib3.connectionpool https://cloudfunctions.googleapis.com:443 "GET /v2/projects/inspired-photon-441609-k7/locations/us-central1/operations/operation-1732803017839-627f9a4581444-d54b4d15-1101ea9e?alt=json HTTP/1.1" 200 None
2024-11-28 14:10:20,494 DEBUG    urllib3.connectionpool Starting new HTTPS connection (1): cloudfunctions.googleapis.com:443
2024-11-28 14:10:20,579 DEBUG    urllib3.connectionpool https://cloudfunctions.googleapis.com:443 "GET /v2/projects/inspired-photon-441609-k7/locations/us-central1/operations/operation-1732803017839-627f9a4581444-d54b4d15-1101ea9e?alt=json HTTP/1.1" 200 None
2024-11-28 14:10:20,593 INFO     ___FILE_ONLY___ Updating function (may take a while)...
2024-11-28 14:10:20,596 DEBUG    urllib3.connectionpool Starting new HTTPS connection (1): cloudfunctions.googleapis.com:443
2024-11-28 14:10:20,708 DEBUG    urllib3.connectionpool https://cloudfunctions.googleapis.com:443 "GET /v2/projects/inspired-photon-441609-k7/locations/us-central1/operations/operation-1732803017839-627f9a4581444-d54b4d15-1101ea9e?alt=json HTTP/1.1" 200 None
2024-11-28 14:10:21,763 DEBUG    urllib3.connectionpool Starting new HTTPS connection (1): cloudfunctions.googleapis.com:443
2024-11-28 14:10:21,863 DEBUG    urllib3.connectionpool https://cloudfunctions.googleapis.com:443 "GET /v2/projects/inspired-photon-441609-k7/locations/us-central1/operations/operation-1732803017839-627f9a4581444-d54b4d15-1101ea9e?alt=json HTTP/1.1" 200 None
2024-11-28 14:10:23,330 DEBUG    urllib3.connectionpool Starting new HTTPS connection (1): cloudfunctions.googleapis.com:443
2024-11-28 14:10:23,393 DEBUG    urllib3.connectionpool https://cloudfunctions.googleapis.com:443 "GET /v2/projects/inspired-photon-441609-k7/locations/us-central1/operations/operation-1732803017839-627f9a4581444-d54b4d15-1101ea9e?alt=json HTTP/1.1" 200 None
2024-11-28 14:10:24,876 DEBUG    urllib3.connectionpool Starting new HTTPS connection (1): cloudfunctions.googleapis.com:443
2024-11-28 14:10:24,968 DEBUG    urllib3.connectionpool https://cloudfunctions.googleapis.com:443 "GET /v2/projects/inspired-photon-441609-k7/locations/us-central1/operations/operation-1732803017839-627f9a4581444-d54b4d15-1101ea9e?alt=json HTTP/1.1" 200 None
2024-11-28 14:10:26,217 DEBUG    urllib3.connectionpool Starting new HTTPS connection (1): cloudfunctions.googleapis.com:443
2024-11-28 14:10:26,311 DEBUG    urllib3.connectionpool https://cloudfunctions.googleapis.com:443 "GET /v2/projects/inspired-photon-441609-k7/locations/us-central1/operations/operation-1732803017839-627f9a4581444-d54b4d15-1101ea9e?alt=json HTTP/1.1" 200 None
2024-11-28 14:10:27,873 DEBUG    urllib3.connectionpool Starting new HTTPS connection (1): cloudfunctions.googleapis.com:443
2024-11-28 14:10:27,972 DEBUG    urllib3.connectionpool https://cloudfunctions.googleapis.com:443 "GET /v2/projects/inspired-photon-441609-k7/locations/us-central1/operations/operation-1732803017839-627f9a4581444-d54b4d15-1101ea9e?alt=json HTTP/1.1" 200 None
2024-11-28 14:10:29,512 DEBUG    urllib3.connectionpool Starting new HTTPS connection (1): cloudfunctions.googleapis.com:443
2024-11-28 14:10:29,597 DEBUG    urllib3.connectionpool https://cloudfunctions.googleapis.com:443 "GET /v2/projects/inspired-photon-441609-k7/locations/us-central1/operations/operation-1732803017839-627f9a4581444-d54b4d15-1101ea9e?alt=json HTTP/1.1" 200 None
2024-11-28 14:10:30,816 DEBUG    urllib3.connectionpool Starting new HTTPS connection (1): cloudfunctions.googleapis.com:443
2024-11-28 14:10:30,910 DEBUG    urllib3.connectionpool https://cloudfunctions.googleapis.com:443 "GET /v2/projects/inspired-photon-441609-k7/locations/us-central1/operations/operation-1732803017839-627f9a4581444-d54b4d15-1101ea9e?alt=json HTTP/1.1" 200 None
2024-11-28 14:10:32,549 DEBUG    urllib3.connectionpool Starting new HTTPS connection (1): cloudfunctions.googleapis.com:443
2024-11-28 14:10:32,640 DEBUG    urllib3.connectionpool https://cloudfunctions.googleapis.com:443 "GET /v2/projects/inspired-photon-441609-k7/locations/us-central1/operations/operation-1732803017839-627f9a4581444-d54b4d15-1101ea9e?alt=json HTTP/1.1" 200 None
2024-11-28 14:10:33,697 DEBUG    urllib3.connectionpool Starting new HTTPS connection (1): cloudfunctions.googleapis.com:443
2024-11-28 14:10:33,762 DEBUG    urllib3.connectionpool https://cloudfunctions.googleapis.com:443 "GET /v2/projects/inspired-photon-441609-k7/locations/us-central1/operations/operation-1732803017839-627f9a4581444-d54b4d15-1101ea9e?alt=json HTTP/1.1" 200 None
2024-11-28 14:10:35,341 DEBUG    urllib3.connectionpool Starting new HTTPS connection (1): cloudfunctions.googleapis.com:443
2024-11-28 14:10:35,437 DEBUG    urllib3.connectionpool https://cloudfunctions.googleapis.com:443 "GET /v2/projects/inspired-photon-441609-k7/locations/us-central1/operations/operation-1732803017839-627f9a4581444-d54b4d15-1101ea9e?alt=json HTTP/1.1" 200 None
2024-11-28 14:10:36,617 DEBUG    urllib3.connectionpool Starting new HTTPS connection (1): cloudfunctions.googleapis.com:443
2024-11-28 14:10:36,684 DEBUG    urllib3.connectionpool https://cloudfunctions.googleapis.com:443 "GET /v2/projects/inspired-photon-441609-k7/locations/us-central1/operations/operation-1732803017839-627f9a4581444-d54b4d15-1101ea9e?alt=json HTTP/1.1" 200 None
2024-11-28 14:10:38,171 DEBUG    urllib3.connectionpool Starting new HTTPS connection (1): cloudfunctions.googleapis.com:443
2024-11-28 14:10:38,235 DEBUG    urllib3.connectionpool https://cloudfunctions.googleapis.com:443 "GET /v2/projects/inspired-photon-441609-k7/locations/us-central1/operations/operation-1732803017839-627f9a4581444-d54b4d15-1101ea9e?alt=json HTTP/1.1" 200 None
2024-11-28 14:10:39,538 DEBUG    urllib3.connectionpool Starting new HTTPS connection (1): cloudfunctions.googleapis.com:443
2024-11-28 14:10:39,619 DEBUG    urllib3.connectionpool https://cloudfunctions.googleapis.com:443 "GET /v2/projects/inspired-photon-441609-k7/locations/us-central1/operations/operation-1732803017839-627f9a4581444-d54b4d15-1101ea9e?alt=json HTTP/1.1" 200 None
2024-11-28 14:10:40,776 DEBUG    urllib3.connectionpool Starting new HTTPS connection (1): cloudfunctions.googleapis.com:443
2024-11-28 14:10:40,836 DEBUG    urllib3.connectionpool https://cloudfunctions.googleapis.com:443 "GET /v2/projects/inspired-photon-441609-k7/locations/us-central1/operations/operation-1732803017839-627f9a4581444-d54b4d15-1101ea9e?alt=json HTTP/1.1" 200 None
2024-11-28 14:10:42,533 DEBUG    urllib3.connectionpool Starting new HTTPS connection (1): cloudfunctions.googleapis.com:443
2024-11-28 14:10:42,638 DEBUG    urllib3.connectionpool https://cloudfunctions.googleapis.com:443 "GET /v2/projects/inspired-photon-441609-k7/locations/us-central1/operations/operation-1732803017839-627f9a4581444-d54b4d15-1101ea9e?alt=json HTTP/1.1" 200 None
2024-11-28 14:10:44,645 DEBUG    urllib3.connectionpool Starting new HTTPS connection (1): cloudfunctions.googleapis.com:443
2024-11-28 14:10:44,754 DEBUG    urllib3.connectionpool https://cloudfunctions.googleapis.com:443 "GET /v2/projects/inspired-photon-441609-k7/locations/us-central1/operations/operation-1732803017839-627f9a4581444-d54b4d15-1101ea9e?alt=json HTTP/1.1" 200 None
2024-11-28 14:10:46,525 DEBUG    urllib3.connectionpool Starting new HTTPS connection (1): cloudfunctions.googleapis.com:443
2024-11-28 14:10:46,587 DEBUG    urllib3.connectionpool https://cloudfunctions.googleapis.com:443 "GET /v2/projects/inspired-photon-441609-k7/locations/us-central1/operations/operation-1732803017839-627f9a4581444-d54b4d15-1101ea9e?alt=json HTTP/1.1" 200 None
2024-11-28 14:10:48,132 DEBUG    urllib3.connectionpool Starting new HTTPS connection (1): cloudfunctions.googleapis.com:443
2024-11-28 14:10:48,192 DEBUG    urllib3.connectionpool https://cloudfunctions.googleapis.com:443 "GET /v2/projects/inspired-photon-441609-k7/locations/us-central1/operations/operation-1732803017839-627f9a4581444-d54b4d15-1101ea9e?alt=json HTTP/1.1" 200 None
2024-11-28 14:10:49,993 DEBUG    urllib3.connectionpool Starting new HTTPS connection (1): cloudfunctions.googleapis.com:443
2024-11-28 14:10:50,082 DEBUG    urllib3.connectionpool https://cloudfunctions.googleapis.com:443 "GET /v2/projects/inspired-photon-441609-k7/locations/us-central1/operations/operation-1732803017839-627f9a4581444-d54b4d15-1101ea9e?alt=json HTTP/1.1" 200 None
2024-11-28 14:10:51,978 DEBUG    urllib3.connectionpool Starting new HTTPS connection (1): cloudfunctions.googleapis.com:443
2024-11-28 14:10:52,084 DEBUG    urllib3.connectionpool https://cloudfunctions.googleapis.com:443 "GET /v2/projects/inspired-photon-441609-k7/locations/us-central1/operations/operation-1732803017839-627f9a4581444-d54b4d15-1101ea9e?alt=json HTTP/1.1" 200 None
2024-11-28 14:10:53,432 DEBUG    urllib3.connectionpool Starting new HTTPS connection (1): cloudfunctions.googleapis.com:443
2024-11-28 14:10:53,501 DEBUG    urllib3.connectionpool https://cloudfunctions.googleapis.com:443 "GET /v2/projects/inspired-photon-441609-k7/locations/us-central1/operations/operation-1732803017839-627f9a4581444-d54b4d15-1101ea9e?alt=json HTTP/1.1" 200 None
2024-11-28 14:10:54,525 DEBUG    urllib3.connectionpool Starting new HTTPS connection (1): cloudfunctions.googleapis.com:443
2024-11-28 14:10:54,593 DEBUG    urllib3.connectionpool https://cloudfunctions.googleapis.com:443 "GET /v2/projects/inspired-photon-441609-k7/locations/us-central1/operations/operation-1732803017839-627f9a4581444-d54b4d15-1101ea9e?alt=json HTTP/1.1" 200 None
2024-11-28 14:10:55,928 DEBUG    urllib3.connectionpool Starting new HTTPS connection (1): cloudfunctions.googleapis.com:443
2024-11-28 14:10:55,996 DEBUG    urllib3.connectionpool https://cloudfunctions.googleapis.com:443 "GET /v2/projects/inspired-photon-441609-k7/locations/us-central1/operations/operation-1732803017839-627f9a4581444-d54b4d15-1101ea9e?alt=json HTTP/1.1" 200 None
2024-11-28 14:10:57,026 DEBUG    urllib3.connectionpool Starting new HTTPS connection (1): cloudfunctions.googleapis.com:443
2024-11-28 14:10:57,108 DEBUG    urllib3.connectionpool https://cloudfunctions.googleapis.com:443 "GET /v2/projects/inspired-photon-441609-k7/locations/us-central1/operations/operation-1732803017839-627f9a4581444-d54b4d15-1101ea9e?alt=json HTTP/1.1" 200 None
2024-11-28 14:10:59,050 DEBUG    urllib3.connectionpool Starting new HTTPS connection (1): cloudfunctions.googleapis.com:443
2024-11-28 14:10:59,143 DEBUG    urllib3.connectionpool https://cloudfunctions.googleapis.com:443 "GET /v2/projects/inspired-photon-441609-k7/locations/us-central1/operations/operation-1732803017839-627f9a4581444-d54b4d15-1101ea9e?alt=json HTTP/1.1" 200 None
2024-11-28 14:11:01,077 DEBUG    urllib3.connectionpool Starting new HTTPS connection (1): cloudfunctions.googleapis.com:443
2024-11-28 14:11:01,138 DEBUG    urllib3.connectionpool https://cloudfunctions.googleapis.com:443 "GET /v2/projects/inspired-photon-441609-k7/locations/us-central1/operations/operation-1732803017839-627f9a4581444-d54b4d15-1101ea9e?alt=json HTTP/1.1" 200 None
2024-11-28 14:11:02,895 DEBUG    urllib3.connectionpool Starting new HTTPS connection (1): cloudfunctions.googleapis.com:443
2024-11-28 14:11:02,960 DEBUG    urllib3.connectionpool https://cloudfunctions.googleapis.com:443 "GET /v2/projects/inspired-photon-441609-k7/locations/us-central1/operations/operation-1732803017839-627f9a4581444-d54b4d15-1101ea9e?alt=json HTTP/1.1" 200 None
2024-11-28 14:11:04,149 DEBUG    urllib3.connectionpool Starting new HTTPS connection (1): cloudfunctions.googleapis.com:443
2024-11-28 14:11:04,208 DEBUG    urllib3.connectionpool https://cloudfunctions.googleapis.com:443 "GET /v2/projects/inspired-photon-441609-k7/locations/us-central1/operations/operation-1732803017839-627f9a4581444-d54b4d15-1101ea9e?alt=json HTTP/1.1" 200 None
2024-11-28 14:11:06,026 DEBUG    urllib3.connectionpool Starting new HTTPS connection (1): cloudfunctions.googleapis.com:443
2024-11-28 14:11:06,110 DEBUG    urllib3.connectionpool https://cloudfunctions.googleapis.com:443 "GET /v2/projects/inspired-photon-441609-k7/locations/us-central1/operations/operation-1732803017839-627f9a4581444-d54b4d15-1101ea9e?alt=json HTTP/1.1" 200 None
2024-11-28 14:11:07,437 DEBUG    urllib3.connectionpool Starting new HTTPS connection (1): cloudfunctions.googleapis.com:443
2024-11-28 14:11:07,522 DEBUG    urllib3.connectionpool https://cloudfunctions.googleapis.com:443 "GET /v2/projects/inspired-photon-441609-k7/locations/us-central1/operations/operation-1732803017839-627f9a4581444-d54b4d15-1101ea9e?alt=json HTTP/1.1" 200 None
2024-11-28 14:11:08,854 DEBUG    urllib3.connectionpool Starting new HTTPS connection (1): cloudfunctions.googleapis.com:443
2024-11-28 14:11:08,940 DEBUG    urllib3.connectionpool https://cloudfunctions.googleapis.com:443 "GET /v2/projects/inspired-photon-441609-k7/locations/us-central1/operations/operation-1732803017839-627f9a4581444-d54b4d15-1101ea9e?alt=json HTTP/1.1" 200 None
2024-11-28 14:11:10,632 DEBUG    urllib3.connectionpool Starting new HTTPS connection (1): cloudfunctions.googleapis.com:443
2024-11-28 14:11:10,716 DEBUG    urllib3.connectionpool https://cloudfunctions.googleapis.com:443 "GET /v2/projects/inspired-photon-441609-k7/locations/us-central1/operations/operation-1732803017839-627f9a4581444-d54b4d15-1101ea9e?alt=json HTTP/1.1" 200 None
2024-11-28 14:11:12,071 DEBUG    urllib3.connectionpool Starting new HTTPS connection (1): cloudfunctions.googleapis.com:443
2024-11-28 14:11:12,139 DEBUG    urllib3.connectionpool https://cloudfunctions.googleapis.com:443 "GET /v2/projects/inspired-photon-441609-k7/locations/us-central1/operations/operation-1732803017839-627f9a4581444-d54b4d15-1101ea9e?alt=json HTTP/1.1" 200 None
2024-11-28 14:11:13,902 DEBUG    urllib3.connectionpool Starting new HTTPS connection (1): cloudfunctions.googleapis.com:443
2024-11-28 14:11:13,970 DEBUG    urllib3.connectionpool https://cloudfunctions.googleapis.com:443 "GET /v2/projects/inspired-photon-441609-k7/locations/us-central1/operations/operation-1732803017839-627f9a4581444-d54b4d15-1101ea9e?alt=json HTTP/1.1" 200 None
2024-11-28 14:11:15,388 DEBUG    urllib3.connectionpool Starting new HTTPS connection (1): cloudfunctions.googleapis.com:443
2024-11-28 14:11:15,450 DEBUG    urllib3.connectionpool https://cloudfunctions.googleapis.com:443 "GET /v2/projects/inspired-photon-441609-k7/locations/us-central1/operations/operation-1732803017839-627f9a4581444-d54b4d15-1101ea9e?alt=json HTTP/1.1" 200 None
2024-11-28 14:11:16,655 DEBUG    urllib3.connectionpool Starting new HTTPS connection (1): cloudfunctions.googleapis.com:443
2024-11-28 14:11:16,721 DEBUG    urllib3.connectionpool https://cloudfunctions.googleapis.com:443 "GET /v2/projects/inspired-photon-441609-k7/locations/us-central1/operations/operation-1732803017839-627f9a4581444-d54b4d15-1101ea9e?alt=json HTTP/1.1" 200 None
2024-11-28 14:11:18,519 DEBUG    urllib3.connectionpool Starting new HTTPS connection (1): cloudfunctions.googleapis.com:443
2024-11-28 14:11:18,580 DEBUG    urllib3.connectionpool https://cloudfunctions.googleapis.com:443 "GET /v2/projects/inspired-photon-441609-k7/locations/us-central1/operations/operation-1732803017839-627f9a4581444-d54b4d15-1101ea9e?alt=json HTTP/1.1" 200 None
2024-11-28 14:11:20,315 DEBUG    urllib3.connectionpool Starting new HTTPS connection (1): cloudfunctions.googleapis.com:443
2024-11-28 14:11:20,378 DEBUG    urllib3.connectionpool https://cloudfunctions.googleapis.com:443 "GET /v2/projects/inspired-photon-441609-k7/locations/us-central1/operations/operation-1732803017839-627f9a4581444-d54b4d15-1101ea9e?alt=json HTTP/1.1" 200 None
2024-11-28 14:11:22,261 DEBUG    urllib3.connectionpool Starting new HTTPS connection (1): cloudfunctions.googleapis.com:443
2024-11-28 14:11:22,350 DEBUG    urllib3.connectionpool https://cloudfunctions.googleapis.com:443 "GET /v2/projects/inspired-photon-441609-k7/locations/us-central1/operations/operation-1732803017839-627f9a4581444-d54b4d15-1101ea9e?alt=json HTTP/1.1" 200 None
2024-11-28 14:11:23,598 DEBUG    urllib3.connectionpool Starting new HTTPS connection (1): cloudfunctions.googleapis.com:443
2024-11-28 14:11:23,678 DEBUG    urllib3.connectionpool https://cloudfunctions.googleapis.com:443 "GET /v2/projects/inspired-photon-441609-k7/locations/us-central1/operations/operation-1732803017839-627f9a4581444-d54b4d15-1101ea9e?alt=json HTTP/1.1" 200 None
2024-11-28 14:11:24,737 DEBUG    urllib3.connectionpool Starting new HTTPS connection (1): cloudfunctions.googleapis.com:443
2024-11-28 14:11:24,876 DEBUG    urllib3.connectionpool https://cloudfunctions.googleapis.com:443 "GET /v2/projects/inspired-photon-441609-k7/locations/us-central1/operations/operation-1732803017839-627f9a4581444-d54b4d15-1101ea9e?alt=json HTTP/1.1" 200 None
2024-11-28 14:11:25,896 DEBUG    urllib3.connectionpool Starting new HTTPS connection (1): cloudfunctions.googleapis.com:443
2024-11-28 14:11:25,964 DEBUG    urllib3.connectionpool https://cloudfunctions.googleapis.com:443 "GET /v2/projects/inspired-photon-441609-k7/locations/us-central1/operations/operation-1732803017839-627f9a4581444-d54b4d15-1101ea9e?alt=json HTTP/1.1" 200 None
2024-11-28 14:11:27,048 DEBUG    urllib3.connectionpool Starting new HTTPS connection (1): cloudfunctions.googleapis.com:443
2024-11-28 14:11:27,142 DEBUG    urllib3.connectionpool https://cloudfunctions.googleapis.com:443 "GET /v2/projects/inspired-photon-441609-k7/locations/us-central1/operations/operation-1732803017839-627f9a4581444-d54b4d15-1101ea9e?alt=json HTTP/1.1" 200 None
2024-11-28 14:11:28,568 DEBUG    urllib3.connectionpool Starting new HTTPS connection (1): cloudfunctions.googleapis.com:443
2024-11-28 14:11:28,656 DEBUG    urllib3.connectionpool https://cloudfunctions.googleapis.com:443 "GET /v2/projects/inspired-photon-441609-k7/locations/us-central1/operations/operation-1732803017839-627f9a4581444-d54b4d15-1101ea9e?alt=json HTTP/1.1" 200 None
2024-11-28 14:11:30,066 DEBUG    urllib3.connectionpool Starting new HTTPS connection (1): cloudfunctions.googleapis.com:443
2024-11-28 14:11:30,144 DEBUG    urllib3.connectionpool https://cloudfunctions.googleapis.com:443 "GET /v2/projects/inspired-photon-441609-k7/locations/us-central1/operations/operation-1732803017839-627f9a4581444-d54b4d15-1101ea9e?alt=json HTTP/1.1" 200 None
2024-11-28 14:11:31,551 DEBUG    urllib3.connectionpool Starting new HTTPS connection (1): cloudfunctions.googleapis.com:443
2024-11-28 14:11:31,630 DEBUG    urllib3.connectionpool https://cloudfunctions.googleapis.com:443 "GET /v2/projects/inspired-photon-441609-k7/locations/us-central1/operations/operation-1732803017839-627f9a4581444-d54b4d15-1101ea9e?alt=json HTTP/1.1" 200 None
2024-11-28 14:11:32,701 DEBUG    urllib3.connectionpool Starting new HTTPS connection (1): cloudfunctions.googleapis.com:443
2024-11-28 14:11:32,757 DEBUG    urllib3.connectionpool https://cloudfunctions.googleapis.com:443 "GET /v2/projects/inspired-photon-441609-k7/locations/us-central1/operations/operation-1732803017839-627f9a4581444-d54b4d15-1101ea9e?alt=json HTTP/1.1" 200 None
2024-11-28 14:11:34,484 DEBUG    urllib3.connectionpool Starting new HTTPS connection (1): cloudfunctions.googleapis.com:443
2024-11-28 14:11:34,559 DEBUG    urllib3.connectionpool https://cloudfunctions.googleapis.com:443 "GET /v2/projects/inspired-photon-441609-k7/locations/us-central1/operations/operation-1732803017839-627f9a4581444-d54b4d15-1101ea9e?alt=json HTTP/1.1" 200 None
2024-11-28 14:11:34,599 INFO     ___FILE_ONLY___   [INFO] A new revision will be deployed serving with 100% traffic.

2024-11-28 14:11:34,603 DEBUG    urllib3.connectionpool Starting new HTTPS connection (1): cloudfunctions.googleapis.com:443
2024-11-28 14:11:34,829 DEBUG    urllib3.connectionpool https://cloudfunctions.googleapis.com:443 "GET /v2/projects/inspired-photon-441609-k7/locations/us-central1/functions/pubsub-to-email?alt=json HTTP/1.1" 200 None
2024-11-28 14:11:34,834 INFO     ___FILE_ONLY___ You can view your function in the Cloud Console here: https://console.cloud.google.com/functions/details/us-central1/pubsub-to-email?project=inspired-photon-441609-k7


2024-11-28 14:11:34,835 DEBUG    root            Chosen display Format:default
2024-11-28 14:11:34,837 INFO     root            Display format: "default"
2024-11-28 14:11:34,859 INFO     ___FILE_ONLY___ buildConfig
2024-11-28 14:11:34,860 INFO     ___FILE_ONLY___ :
2024-11-28 14:11:34,860 INFO     ___FILE_ONLY___ 

2024-11-28 14:11:34,860 INFO     ___FILE_ONLY___   
2024-11-28 14:11:34,860 INFO     ___FILE_ONLY___ automaticUpdatePolicy
2024-11-28 14:11:34,860 INFO     ___FILE_ONLY___ :
2024-11-28 14:11:34,860 INFO     ___FILE_ONLY___  {
2024-11-28 14:11:34,860 INFO     ___FILE_ONLY___ }
2024-11-28 14:11:34,860 INFO     ___FILE_ONLY___ 

2024-11-28 14:11:34,861 INFO     ___FILE_ONLY___   
2024-11-28 14:11:34,861 INFO     ___FILE_ONLY___ build
2024-11-28 14:11:34,861 INFO     ___FILE_ONLY___ :
2024-11-28 14:11:34,861 INFO     ___FILE_ONLY___  
2024-11-28 14:11:34,861 INFO     ___FILE_ONLY___ projects/644941739395/locations/us-central1/builds/538429a1-7783-4adf-903a-03b33a5538e8
2024-11-28 14:11:34,861 INFO     ___FILE_ONLY___ 

2024-11-28 14:11:34,861 INFO     ___FILE_ONLY___   
2024-11-28 14:11:34,861 INFO     ___FILE_ONLY___ dockerRegistry
2024-11-28 14:11:34,862 INFO     ___FILE_ONLY___ :
2024-11-28 14:11:34,862 INFO     ___FILE_ONLY___  
2024-11-28 14:11:34,862 INFO     ___FILE_ONLY___ ARTIFACT_REGISTRY
2024-11-28 14:11:34,862 INFO     ___FILE_ONLY___ 

2024-11-28 14:11:34,862 INFO     ___FILE_ONLY___   
2024-11-28 14:11:34,862 INFO     ___FILE_ONLY___ dockerRepository
2024-11-28 14:11:34,862 INFO     ___FILE_ONLY___ :
2024-11-28 14:11:34,862 INFO     ___FILE_ONLY___  
2024-11-28 14:11:34,862 INFO     ___FILE_ONLY___ projects/inspired-photon-441609-k7/locations/us-central1/repositories/gcf-artifacts
2024-11-28 14:11:34,862 INFO     ___FILE_ONLY___ 

2024-11-28 14:11:34,862 INFO     ___FILE_ONLY___   
2024-11-28 14:11:34,863 INFO     ___FILE_ONLY___ entryPoint
2024-11-28 14:11:34,863 INFO     ___FILE_ONLY___ :
2024-11-28 14:11:34,863 INFO     ___FILE_ONLY___  
2024-11-28 14:11:34,863 INFO     ___FILE_ONLY___ send_email
2024-11-28 14:11:34,863 INFO     ___FILE_ONLY___ 

2024-11-28 14:11:34,863 INFO     ___FILE_ONLY___   
2024-11-28 14:11:34,863 INFO     ___FILE_ONLY___ runtime
2024-11-28 14:11:34,863 INFO     ___FILE_ONLY___ :
2024-11-28 14:11:34,863 INFO     ___FILE_ONLY___  
2024-11-28 14:11:34,863 INFO     ___FILE_ONLY___ python312
2024-11-28 14:11:34,863 INFO     ___FILE_ONLY___ 

2024-11-28 14:11:34,863 INFO     ___FILE_ONLY___   
2024-11-28 14:11:34,864 INFO     ___FILE_ONLY___ serviceAccount
2024-11-28 14:11:34,864 INFO     ___FILE_ONLY___ :
2024-11-28 14:11:34,864 INFO     ___FILE_ONLY___  
2024-11-28 14:11:34,864 INFO     ___FILE_ONLY___ projects/inspired-photon-441609-k7/serviceAccounts/644941739395-compute@developer.gserviceaccount.com
2024-11-28 14:11:34,864 INFO     ___FILE_ONLY___ 

2024-11-28 14:11:34,864 INFO     ___FILE_ONLY___   
2024-11-28 14:11:34,864 INFO     ___FILE_ONLY___ source
2024-11-28 14:11:34,864 INFO     ___FILE_ONLY___ :
2024-11-28 14:11:34,864 INFO     ___FILE_ONLY___ 

2024-11-28 14:11:34,864 INFO     ___FILE_ONLY___     
2024-11-28 14:11:34,865 INFO     ___FILE_ONLY___ storageSource
2024-11-28 14:11:34,865 INFO     ___FILE_ONLY___ :
2024-11-28 14:11:34,865 INFO     ___FILE_ONLY___ 

2024-11-28 14:11:34,865 INFO     ___FILE_ONLY___       
2024-11-28 14:11:34,865 INFO     ___FILE_ONLY___ bucket
2024-11-28 14:11:34,865 INFO     ___FILE_ONLY___ :
2024-11-28 14:11:34,865 INFO     ___FILE_ONLY___  
2024-11-28 14:11:34,865 INFO     ___FILE_ONLY___ gcf-v2-sources-644941739395-us-central1
2024-11-28 14:11:34,865 INFO     ___FILE_ONLY___ 

2024-11-28 14:11:34,865 INFO     ___FILE_ONLY___       
2024-11-28 14:11:34,865 INFO     ___FILE_ONLY___ generation
2024-11-28 14:11:34,866 INFO     ___FILE_ONLY___ :
2024-11-28 14:11:34,866 INFO     ___FILE_ONLY___  '
2024-11-28 14:11:34,867 INFO     ___FILE_ONLY___ 1732803018884128
2024-11-28 14:11:34,867 INFO     ___FILE_ONLY___ '
2024-11-28 14:11:34,867 INFO     ___FILE_ONLY___ 

2024-11-28 14:11:34,867 INFO     ___FILE_ONLY___       
2024-11-28 14:11:34,867 INFO     ___FILE_ONLY___ object
2024-11-28 14:11:34,867 INFO     ___FILE_ONLY___ :
2024-11-28 14:11:34,867 INFO     ___FILE_ONLY___  
2024-11-28 14:11:34,867 INFO     ___FILE_ONLY___ pubsub-to-email/function-source.zip
2024-11-28 14:11:34,867 INFO     ___FILE_ONLY___ 

2024-11-28 14:11:34,867 INFO     ___FILE_ONLY___   
2024-11-28 14:11:34,868 INFO     ___FILE_ONLY___ sourceProvenance
2024-11-28 14:11:34,868 INFO     ___FILE_ONLY___ :
2024-11-28 14:11:34,868 INFO     ___FILE_ONLY___ 

2024-11-28 14:11:34,868 INFO     ___FILE_ONLY___     
2024-11-28 14:11:34,868 INFO     ___FILE_ONLY___ resolvedStorageSource
2024-11-28 14:11:34,868 INFO     ___FILE_ONLY___ :
2024-11-28 14:11:34,868 INFO     ___FILE_ONLY___ 

2024-11-28 14:11:34,869 INFO     ___FILE_ONLY___       
2024-11-28 14:11:34,869 INFO     ___FILE_ONLY___ bucket
2024-11-28 14:11:34,869 INFO     ___FILE_ONLY___ :
2024-11-28 14:11:34,869 INFO     ___FILE_ONLY___  
2024-11-28 14:11:34,869 INFO     ___FILE_ONLY___ gcf-v2-sources-644941739395-us-central1
2024-11-28 14:11:34,869 INFO     ___FILE_ONLY___ 

2024-11-28 14:11:34,869 INFO     ___FILE_ONLY___       
2024-11-28 14:11:34,869 INFO     ___FILE_ONLY___ generation
2024-11-28 14:11:34,869 INFO     ___FILE_ONLY___ :
2024-11-28 14:11:34,869 INFO     ___FILE_ONLY___  '
2024-11-28 14:11:34,870 INFO     ___FILE_ONLY___ 1732803018884128
2024-11-28 14:11:34,870 INFO     ___FILE_ONLY___ '
2024-11-28 14:11:34,870 INFO     ___FILE_ONLY___ 

2024-11-28 14:11:34,870 INFO     ___FILE_ONLY___       
2024-11-28 14:11:34,870 INFO     ___FILE_ONLY___ object
2024-11-28 14:11:34,870 INFO     ___FILE_ONLY___ :
2024-11-28 14:11:34,870 INFO     ___FILE_ONLY___  
2024-11-28 14:11:34,870 INFO     ___FILE_ONLY___ pubsub-to-email/function-source.zip
2024-11-28 14:11:34,870 INFO     ___FILE_ONLY___ 

2024-11-28 14:11:34,870 INFO     ___FILE_ONLY___ createTime
2024-11-28 14:11:34,871 INFO     ___FILE_ONLY___ :
2024-11-28 14:11:34,871 INFO     ___FILE_ONLY___  '
2024-11-28 14:11:34,871 INFO     ___FILE_ONLY___ 2024-11-28T09:21:09.576334976Z
2024-11-28 14:11:34,871 INFO     ___FILE_ONLY___ '
2024-11-28 14:11:34,871 INFO     ___FILE_ONLY___ 

2024-11-28 14:11:34,872 INFO     ___FILE_ONLY___ environment
2024-11-28 14:11:34,872 INFO     ___FILE_ONLY___ :
2024-11-28 14:11:34,872 INFO     ___FILE_ONLY___  
2024-11-28 14:11:34,872 INFO     ___FILE_ONLY___ GEN_2
2024-11-28 14:11:34,872 INFO     ___FILE_ONLY___ 

2024-11-28 14:11:34,872 INFO     ___FILE_ONLY___ eventTrigger
2024-11-28 14:11:34,872 INFO     ___FILE_ONLY___ :
2024-11-28 14:11:34,872 INFO     ___FILE_ONLY___ 

2024-11-28 14:11:34,872 INFO     ___FILE_ONLY___   
2024-11-28 14:11:34,873 INFO     ___FILE_ONLY___ eventType
2024-11-28 14:11:34,873 INFO     ___FILE_ONLY___ :
2024-11-28 14:11:34,873 INFO     ___FILE_ONLY___  
2024-11-28 14:11:34,873 INFO     ___FILE_ONLY___ google.cloud.pubsub.topic.v1.messagePublished
2024-11-28 14:11:34,873 INFO     ___FILE_ONLY___ 

2024-11-28 14:11:34,873 INFO     ___FILE_ONLY___   
2024-11-28 14:11:34,873 INFO     ___FILE_ONLY___ pubsubTopic
2024-11-28 14:11:34,873 INFO     ___FILE_ONLY___ :
2024-11-28 14:11:34,873 INFO     ___FILE_ONLY___  
2024-11-28 14:11:34,873 INFO     ___FILE_ONLY___ projects/inspired-photon-441609-k7/topics/gcs-trigger-topic
2024-11-28 14:11:34,873 INFO     ___FILE_ONLY___ 

2024-11-28 14:11:34,873 INFO     ___FILE_ONLY___   
2024-11-28 14:11:34,874 INFO     ___FILE_ONLY___ retryPolicy
2024-11-28 14:11:34,874 INFO     ___FILE_ONLY___ :
2024-11-28 14:11:34,874 INFO     ___FILE_ONLY___  
2024-11-28 14:11:34,874 INFO     ___FILE_ONLY___ RETRY_POLICY_DO_NOT_RETRY
2024-11-28 14:11:34,874 INFO     ___FILE_ONLY___ 

2024-11-28 14:11:34,874 INFO     ___FILE_ONLY___   
2024-11-28 14:11:34,874 INFO     ___FILE_ONLY___ serviceAccountEmail
2024-11-28 14:11:34,874 INFO     ___FILE_ONLY___ :
2024-11-28 14:11:34,874 INFO     ___FILE_ONLY___  
2024-11-28 14:11:34,874 INFO     ___FILE_ONLY___ 644941739395-compute@developer.gserviceaccount.com
2024-11-28 14:11:34,875 INFO     ___FILE_ONLY___ 

2024-11-28 14:11:34,875 INFO     ___FILE_ONLY___   
2024-11-28 14:11:34,875 INFO     ___FILE_ONLY___ trigger
2024-11-28 14:11:34,875 INFO     ___FILE_ONLY___ :
2024-11-28 14:11:34,875 INFO     ___FILE_ONLY___  
2024-11-28 14:11:34,875 INFO     ___FILE_ONLY___ projects/inspired-photon-441609-k7/locations/us-central1/triggers/pubsub-to-email-296666
2024-11-28 14:11:34,875 INFO     ___FILE_ONLY___ 

2024-11-28 14:11:34,875 INFO     ___FILE_ONLY___   
2024-11-28 14:11:34,875 INFO     ___FILE_ONLY___ triggerRegion
2024-11-28 14:11:34,875 INFO     ___FILE_ONLY___ :
2024-11-28 14:11:34,875 INFO     ___FILE_ONLY___  
2024-11-28 14:11:34,876 INFO     ___FILE_ONLY___ us-central1
2024-11-28 14:11:34,876 INFO     ___FILE_ONLY___ 

2024-11-28 14:11:34,876 INFO     ___FILE_ONLY___ labels
2024-11-28 14:11:34,876 INFO     ___FILE_ONLY___ :
2024-11-28 14:11:34,876 INFO     ___FILE_ONLY___ 

2024-11-28 14:11:34,876 INFO     ___FILE_ONLY___   
2024-11-28 14:11:34,876 INFO     ___FILE_ONLY___ deployment-tool
2024-11-28 14:11:34,876 INFO     ___FILE_ONLY___ :
2024-11-28 14:11:34,876 INFO     ___FILE_ONLY___  
2024-11-28 14:11:34,876 INFO     ___FILE_ONLY___ cli-gcloud
2024-11-28 14:11:34,877 INFO     ___FILE_ONLY___ 

2024-11-28 14:11:34,877 INFO     ___FILE_ONLY___ name
2024-11-28 14:11:34,877 INFO     ___FILE_ONLY___ :
2024-11-28 14:11:34,877 INFO     ___FILE_ONLY___  
2024-11-28 14:11:34,877 INFO     ___FILE_ONLY___ projects/inspired-photon-441609-k7/locations/us-central1/functions/pubsub-to-email
2024-11-28 14:11:34,877 INFO     ___FILE_ONLY___ 

2024-11-28 14:11:34,877 INFO     ___FILE_ONLY___ serviceConfig
2024-11-28 14:11:34,877 INFO     ___FILE_ONLY___ :
2024-11-28 14:11:34,877 INFO     ___FILE_ONLY___ 

2024-11-28 14:11:34,878 INFO     ___FILE_ONLY___   
2024-11-28 14:11:34,878 INFO     ___FILE_ONLY___ allTrafficOnLatestRevision
2024-11-28 14:11:34,878 INFO     ___FILE_ONLY___ :
2024-11-28 14:11:34,878 INFO     ___FILE_ONLY___  
2024-11-28 14:11:34,878 INFO     ___FILE_ONLY___ true
2024-11-28 14:11:34,878 INFO     ___FILE_ONLY___ 

2024-11-28 14:11:34,878 INFO     ___FILE_ONLY___   
2024-11-28 14:11:34,878 INFO     ___FILE_ONLY___ availableCpu
2024-11-28 14:11:34,878 INFO     ___FILE_ONLY___ :
2024-11-28 14:11:34,878 INFO     ___FILE_ONLY___  '
2024-11-28 14:11:34,878 INFO     ___FILE_ONLY___ 0.1666
2024-11-28 14:11:34,878 INFO     ___FILE_ONLY___ '
2024-11-28 14:11:34,878 INFO     ___FILE_ONLY___ 

2024-11-28 14:11:34,879 INFO     ___FILE_ONLY___   
2024-11-28 14:11:34,879 INFO     ___FILE_ONLY___ availableMemory
2024-11-28 14:11:34,879 INFO     ___FILE_ONLY___ :
2024-11-28 14:11:34,879 INFO     ___FILE_ONLY___  
2024-11-28 14:11:34,879 INFO     ___FILE_ONLY___ 256M
2024-11-28 14:11:34,879 INFO     ___FILE_ONLY___ 

2024-11-28 14:11:34,879 INFO     ___FILE_ONLY___   
2024-11-28 14:11:34,879 INFO     ___FILE_ONLY___ environmentVariables
2024-11-28 14:11:34,879 INFO     ___FILE_ONLY___ :
2024-11-28 14:11:34,879 INFO     ___FILE_ONLY___ 

2024-11-28 14:11:34,879 INFO     ___FILE_ONLY___     
2024-11-28 14:11:34,880 INFO     ___FILE_ONLY___ LOG_EXECUTION_ID
2024-11-28 14:11:34,880 INFO     ___FILE_ONLY___ :
2024-11-28 14:11:34,880 INFO     ___FILE_ONLY___  '
2024-11-28 14:11:34,880 INFO     ___FILE_ONLY___ true
2024-11-28 14:11:34,880 INFO     ___FILE_ONLY___ '
2024-11-28 14:11:34,880 INFO     ___FILE_ONLY___ 

2024-11-28 14:11:34,880 INFO     ___FILE_ONLY___     
2024-11-28 14:11:34,880 INFO     ___FILE_ONLY___ PROJECT_ID
2024-11-28 14:11:34,880 INFO     ___FILE_ONLY___ :
2024-11-28 14:11:34,880 INFO     ___FILE_ONLY___  
2024-11-28 14:11:34,880 INFO     ___FILE_ONLY___ inspired-photon-441609-k7
2024-11-28 14:11:34,880 INFO     ___FILE_ONLY___ 

2024-11-28 14:11:34,880 INFO     ___FILE_ONLY___     
2024-11-28 14:11:34,880 INFO     ___FILE_ONLY___ SENDGRID_API_KEY
2024-11-28 14:11:34,881 INFO     ___FILE_ONLY___ :
2024-11-28 14:11:34,881 INFO     ___FILE_ONLY___  
2024-11-28 14:11:34,881 INFO     ___FILE_ONLY___ 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
2024-11-28 14:11:34,881 INFO     ___FILE_ONLY___ 

2024-11-28 14:11:34,881 INFO     ___FILE_ONLY___     
2024-11-28 14:11:34,881 INFO     ___FILE_ONLY___ TOPIC_ID
2024-11-28 14:11:34,881 INFO     ___FILE_ONLY___ :
2024-11-28 14:11:34,881 INFO     ___FILE_ONLY___  
2024-11-28 14:11:34,881 INFO     ___FILE_ONLY___ gcs-trigger-topic
2024-11-28 14:11:34,881 INFO     ___FILE_ONLY___ 

2024-11-28 14:11:34,881 INFO     ___FILE_ONLY___   
2024-11-28 14:11:34,882 INFO     ___FILE_ONLY___ ingressSettings
2024-11-28 14:11:34,882 INFO     ___FILE_ONLY___ :
2024-11-28 14:11:34,882 INFO     ___FILE_ONLY___  
2024-11-28 14:11:34,882 INFO     ___FILE_ONLY___ ALLOW_ALL
2024-11-28 14:11:34,882 INFO     ___FILE_ONLY___ 

2024-11-28 14:11:34,882 INFO     ___FILE_ONLY___   
2024-11-28 14:11:34,882 INFO     ___FILE_ONLY___ maxInstanceCount
2024-11-28 14:11:34,882 INFO     ___FILE_ONLY___ :
2024-11-28 14:11:34,882 INFO     ___FILE_ONLY___  
2024-11-28 14:11:34,882 INFO     ___FILE_ONLY___ 100
2024-11-28 14:11:34,882 INFO     ___FILE_ONLY___ 

2024-11-28 14:11:34,882 INFO     ___FILE_ONLY___   
2024-11-28 14:11:34,883 INFO     ___FILE_ONLY___ maxInstanceRequestConcurrency
2024-11-28 14:11:34,883 INFO     ___FILE_ONLY___ :
2024-11-28 14:11:34,883 INFO     ___FILE_ONLY___  
2024-11-28 14:11:34,883 INFO     ___FILE_ONLY___ 1
2024-11-28 14:11:34,883 INFO     ___FILE_ONLY___ 

2024-11-28 14:11:34,883 INFO     ___FILE_ONLY___   
2024-11-28 14:11:34,883 INFO     ___FILE_ONLY___ revision
2024-11-28 14:11:34,883 INFO     ___FILE_ONLY___ :
2024-11-28 14:11:34,883 INFO     ___FILE_ONLY___  
2024-11-28 14:11:34,883 INFO     ___FILE_ONLY___ pubsub-to-email-00006-fac
2024-11-28 14:11:34,883 INFO     ___FILE_ONLY___ 

2024-11-28 14:11:34,883 INFO     ___FILE_ONLY___   
2024-11-28 14:11:34,883 INFO     ___FILE_ONLY___ service
2024-11-28 14:11:34,884 INFO     ___FILE_ONLY___ :
2024-11-28 14:11:34,884 INFO     ___FILE_ONLY___  
2024-11-28 14:11:34,884 INFO     ___FILE_ONLY___ projects/inspired-photon-441609-k7/locations/us-central1/services/pubsub-to-email
2024-11-28 14:11:34,884 INFO     ___FILE_ONLY___ 

2024-11-28 14:11:34,884 INFO     ___FILE_ONLY___   
2024-11-28 14:11:34,884 INFO     ___FILE_ONLY___ serviceAccountEmail
2024-11-28 14:11:34,884 INFO     ___FILE_ONLY___ :
2024-11-28 14:11:34,885 INFO     ___FILE_ONLY___  
2024-11-28 14:11:34,885 INFO     ___FILE_ONLY___ 644941739395-compute@developer.gserviceaccount.com
2024-11-28 14:11:34,885 INFO     ___FILE_ONLY___ 

2024-11-28 14:11:34,885 INFO     ___FILE_ONLY___   
2024-11-28 14:11:34,885 INFO     ___FILE_ONLY___ timeoutSeconds
2024-11-28 14:11:34,885 INFO     ___FILE_ONLY___ :
2024-11-28 14:11:34,885 INFO     ___FILE_ONLY___  
2024-11-28 14:11:34,885 INFO     ___FILE_ONLY___ 300
2024-11-28 14:11:34,885 INFO     ___FILE_ONLY___ 

2024-11-28 14:11:34,885 INFO     ___FILE_ONLY___   
2024-11-28 14:11:34,886 INFO     ___FILE_ONLY___ uri
2024-11-28 14:11:34,886 INFO     ___FILE_ONLY___ :
2024-11-28 14:11:34,886 INFO     ___FILE_ONLY___  
2024-11-28 14:11:34,886 INFO     ___FILE_ONLY___ https://pubsub-to-email-m2x2uxrdfq-uc.a.run.app
2024-11-28 14:11:34,886 INFO     ___FILE_ONLY___ 

2024-11-28 14:11:34,886 INFO     ___FILE_ONLY___ state
2024-11-28 14:11:34,886 INFO     ___FILE_ONLY___ :
2024-11-28 14:11:34,886 INFO     ___FILE_ONLY___  
2024-11-28 14:11:34,886 INFO     ___FILE_ONLY___ ACTIVE
2024-11-28 14:11:34,887 INFO     ___FILE_ONLY___ 

2024-11-28 14:11:34,887 INFO     ___FILE_ONLY___ updateTime
2024-11-28 14:11:34,887 INFO     ___FILE_ONLY___ :
2024-11-28 14:11:34,887 INFO     ___FILE_ONLY___  '
2024-11-28 14:11:34,887 INFO     ___FILE_ONLY___ 2024-11-28T14:11:32.872221592Z
2024-11-28 14:11:34,887 INFO     ___FILE_ONLY___ '
2024-11-28 14:11:34,887 INFO     ___FILE_ONLY___ 

2024-11-28 14:11:34,887 INFO     ___FILE_ONLY___ url
2024-11-28 14:11:34,887 INFO     ___FILE_ONLY___ :
2024-11-28 14:11:34,887 INFO     ___FILE_ONLY___  
2024-11-28 14:11:34,888 INFO     ___FILE_ONLY___ https://us-central1-inspired-photon-441609-k7.cloudfunctions.net/pubsub-to-email
2024-11-28 14:11:34,888 INFO     ___FILE_ONLY___ 

2024-11-28 14:11:34,888 DEBUG    root            SDK update checks are disabled.
