2024-11-28 14:09:51,115 DEBUG    root            Loaded Command Group: ['gcloud', 'projects']
2024-11-28 14:09:51,152 DEBUG    root            Loaded Command Group: ['gcloud', 'projects', 'add_iam_policy_binding']
2024-11-28 14:09:51,165 DEBUG    root            Running [gcloud.projects.add-iam-policy-binding] with arguments: [--member: "serviceAccount:service-644941739395@gcp-sa-eventarc.iam.gserviceaccount.com", --role: "roles/eventarc.serviceAgent", PROJECT_ID: "inspired-photon-441609-k7"]
2024-11-28 14:09:51,324 DEBUG    urllib3.connectionpool Starting new HTTPS connection (1): cloudresourcemanager.googleapis.com:443
2024-11-28 14:09:51,538 DEBUG    urllib3.connectionpool https://cloudresourcemanager.googleapis.com:443 "POST /v1/projects/inspired-photon-441609-k7:getIamPolicy?alt=json HTTP/1.1" 200 None
2024-11-28 14:09:51,676 DEBUG    urllib3.connectionpool Starting new HTTPS connection (1): cloudresourcemanager.googleapis.com:443
2024-11-28 14:09:52,255 DEBUG    urllib3.connectionpool https://cloudresourcemanager.googleapis.com:443 "POST /v1/projects/inspired-photon-441609-k7:setIamPolicy?alt=json HTTP/1.1" 200 None
2024-11-28 14:09:52,259 INFO     ___FILE_ONLY___ Updated IAM policy for project [inspired-photon-441609-k7].

2024-11-28 14:09:52,259 DEBUG    root            Chosen display Format:default
2024-11-28 14:09:52,260 INFO     root            Display format: "default"
2024-11-28 14:09:52,282 INFO     ___FILE_ONLY___ bindings
2024-11-28 14:09:52,282 INFO     ___FILE_ONLY___ :
2024-11-28 14:09:52,282 INFO     ___FILE_ONLY___ 

2024-11-28 14:09:52,282 INFO     ___FILE_ONLY___ -
2024-11-28 14:09:52,282 INFO     ___FILE_ONLY___  
2024-11-28 14:09:52,283 INFO     ___FILE_ONLY___ members
2024-11-28 14:09:52,283 INFO     ___FILE_ONLY___ :
2024-11-28 14:09:52,283 INFO     ___FILE_ONLY___ 

2024-11-28 14:09:52,283 INFO     ___FILE_ONLY___   
2024-11-28 14:09:52,283 INFO     ___FILE_ONLY___ -
2024-11-28 14:09:52,283 INFO     ___FILE_ONLY___  
2024-11-28 14:09:52,283 INFO     ___FILE_ONLY___ serviceAccount:trigger-account@inspired-photon-441609-k7.iam.gserviceaccount.com
2024-11-28 14:09:52,283 INFO     ___FILE_ONLY___ 

2024-11-28 14:09:52,283 INFO     ___FILE_ONLY___   
2024-11-28 14:09:52,283 INFO     ___FILE_ONLY___ role
2024-11-28 14:09:52,284 INFO     ___FILE_ONLY___ :
2024-11-28 14:09:52,284 INFO     ___FILE_ONLY___  
2024-11-28 14:09:52,284 INFO     ___FILE_ONLY___ projects/inspired-photon-441609-k7/roles/main_custom_role_18
2024-11-28 14:09:52,284 INFO     ___FILE_ONLY___ 

2024-11-28 14:09:52,284 INFO     ___FILE_ONLY___ -
2024-11-28 14:09:52,284 INFO     ___FILE_ONLY___  
2024-11-28 14:09:52,284 INFO     ___FILE_ONLY___ members
2024-11-28 14:09:52,284 INFO     ___FILE_ONLY___ :
2024-11-28 14:09:52,284 INFO     ___FILE_ONLY___ 

2024-11-28 14:09:52,284 INFO     ___FILE_ONLY___   
2024-11-28 14:09:52,285 INFO     ___FILE_ONLY___ -
2024-11-28 14:09:52,285 INFO     ___FILE_ONLY___  
2024-11-28 14:09:52,285 INFO     ___FILE_ONLY___ serviceAccount:service-644941739395@gcp-sa-artifactregistry.iam.gserviceaccount.com
2024-11-28 14:09:52,285 INFO     ___FILE_ONLY___ 

2024-11-28 14:09:52,285 INFO     ___FILE_ONLY___   
2024-11-28 14:09:52,285 INFO     ___FILE_ONLY___ role
2024-11-28 14:09:52,285 INFO     ___FILE_ONLY___ :
2024-11-28 14:09:52,285 INFO     ___FILE_ONLY___  
2024-11-28 14:09:52,285 INFO     ___FILE_ONLY___ roles/artifactregistry.serviceAgent
2024-11-28 14:09:52,285 INFO     ___FILE_ONLY___ 

2024-11-28 14:09:52,286 INFO     ___FILE_ONLY___ -
2024-11-28 14:09:52,286 INFO     ___FILE_ONLY___  
2024-11-28 14:09:52,286 INFO     ___FILE_ONLY___ members
2024-11-28 14:09:52,286 INFO     ___FILE_ONLY___ :
2024-11-28 14:09:52,286 INFO     ___FILE_ONLY___ 

2024-11-28 14:09:52,286 INFO     ___FILE_ONLY___   
2024-11-28 14:09:52,286 INFO     ___FILE_ONLY___ -
2024-11-28 14:09:52,286 INFO     ___FILE_ONLY___  
2024-11-28 14:09:52,286 INFO     ___FILE_ONLY___ serviceAccount:644941739395@cloudbuild.gserviceaccount.com
2024-11-28 14:09:52,286 INFO     ___FILE_ONLY___ 

2024-11-28 14:09:52,286 INFO     ___FILE_ONLY___   
2024-11-28 14:09:52,287 INFO     ___FILE_ONLY___ role
2024-11-28 14:09:52,287 INFO     ___FILE_ONLY___ :
2024-11-28 14:09:52,287 INFO     ___FILE_ONLY___  
2024-11-28 14:09:52,287 INFO     ___FILE_ONLY___ roles/cloudbuild.builds.builder
2024-11-28 14:09:52,287 INFO     ___FILE_ONLY___ 

2024-11-28 14:09:52,287 INFO     ___FILE_ONLY___ -
2024-11-28 14:09:52,287 INFO     ___FILE_ONLY___  
2024-11-28 14:09:52,287 INFO     ___FILE_ONLY___ members
2024-11-28 14:09:52,287 INFO     ___FILE_ONLY___ :
2024-11-28 14:09:52,287 INFO     ___FILE_ONLY___ 

2024-11-28 14:09:52,287 INFO     ___FILE_ONLY___   
2024-11-28 14:09:52,288 INFO     ___FILE_ONLY___ -
2024-11-28 14:09:52,288 INFO     ___FILE_ONLY___  
2024-11-28 14:09:52,288 INFO     ___FILE_ONLY___ serviceAccount:service-644941739395@gcp-sa-cloudbuild.iam.gserviceaccount.com
2024-11-28 14:09:52,288 INFO     ___FILE_ONLY___ 

2024-11-28 14:09:52,288 INFO     ___FILE_ONLY___   
2024-11-28 14:09:52,288 INFO     ___FILE_ONLY___ role
2024-11-28 14:09:52,288 INFO     ___FILE_ONLY___ :
2024-11-28 14:09:52,288 INFO     ___FILE_ONLY___  
2024-11-28 14:09:52,288 INFO     ___FILE_ONLY___ roles/cloudbuild.serviceAgent
2024-11-28 14:09:52,288 INFO     ___FILE_ONLY___ 

2024-11-28 14:09:52,288 INFO     ___FILE_ONLY___ -
2024-11-28 14:09:52,289 INFO     ___FILE_ONLY___  
2024-11-28 14:09:52,289 INFO     ___FILE_ONLY___ members
2024-11-28 14:09:52,289 INFO     ___FILE_ONLY___ :
2024-11-28 14:09:52,289 INFO     ___FILE_ONLY___ 

2024-11-28 14:09:52,289 INFO     ___FILE_ONLY___   
2024-11-28 14:09:52,289 INFO     ___FILE_ONLY___ -
2024-11-28 14:09:52,289 INFO     ___FILE_ONLY___  
2024-11-28 14:09:52,289 INFO     ___FILE_ONLY___ serviceAccount:644941739395@cloudbuild.gserviceaccount.com
2024-11-28 14:09:52,289 INFO     ___FILE_ONLY___ 

2024-11-28 14:09:52,289 INFO     ___FILE_ONLY___   
2024-11-28 14:09:52,289 INFO     ___FILE_ONLY___ role
2024-11-28 14:09:52,289 INFO     ___FILE_ONLY___ :
2024-11-28 14:09:52,290 INFO     ___FILE_ONLY___  
2024-11-28 14:09:52,290 INFO     ___FILE_ONLY___ roles/cloudfunctions.developer
2024-11-28 14:09:52,290 INFO     ___FILE_ONLY___ 

2024-11-28 14:09:52,290 INFO     ___FILE_ONLY___ -
2024-11-28 14:09:52,290 INFO     ___FILE_ONLY___  
2024-11-28 14:09:52,290 INFO     ___FILE_ONLY___ members
2024-11-28 14:09:52,290 INFO     ___FILE_ONLY___ :
2024-11-28 14:09:52,290 INFO     ___FILE_ONLY___ 

2024-11-28 14:09:52,290 INFO     ___FILE_ONLY___   
2024-11-28 14:09:52,290 INFO     ___FILE_ONLY___ -
2024-11-28 14:09:52,290 INFO     ___FILE_ONLY___  
2024-11-28 14:09:52,291 INFO     ___FILE_ONLY___ serviceAccount:service-644941739395@gcf-admin-robot.iam.gserviceaccount.com
2024-11-28 14:09:52,291 INFO     ___FILE_ONLY___ 

2024-11-28 14:09:52,291 INFO     ___FILE_ONLY___   
2024-11-28 14:09:52,291 INFO     ___FILE_ONLY___ role
2024-11-28 14:09:52,291 INFO     ___FILE_ONLY___ :
2024-11-28 14:09:52,291 INFO     ___FILE_ONLY___  
2024-11-28 14:09:52,291 INFO     ___FILE_ONLY___ roles/cloudfunctions.serviceAgent
2024-11-28 14:09:52,291 INFO     ___FILE_ONLY___ 

2024-11-28 14:09:52,291 INFO     ___FILE_ONLY___ -
2024-11-28 14:09:52,291 INFO     ___FILE_ONLY___  
2024-11-28 14:09:52,291 INFO     ___FILE_ONLY___ members
2024-11-28 14:09:52,291 INFO     ___FILE_ONLY___ :
2024-11-28 14:09:52,292 INFO     ___FILE_ONLY___ 

2024-11-28 14:09:52,292 INFO     ___FILE_ONLY___   
2024-11-28 14:09:52,292 INFO     ___FILE_ONLY___ -
2024-11-28 14:09:52,292 INFO     ___FILE_ONLY___  
2024-11-28 14:09:52,292 INFO     ___FILE_ONLY___ serviceAccount:vm-creater-account@inspired-photon-441609-k7.iam.gserviceaccount.com
2024-11-28 14:09:52,292 INFO     ___FILE_ONLY___ 

2024-11-28 14:09:52,292 INFO     ___FILE_ONLY___   
2024-11-28 14:09:52,292 INFO     ___FILE_ONLY___ role
2024-11-28 14:09:52,292 INFO     ___FILE_ONLY___ :
2024-11-28 14:09:52,292 INFO     ___FILE_ONLY___  
2024-11-28 14:09:52,292 INFO     ___FILE_ONLY___ roles/compute.instanceAdmin.v1
2024-11-28 14:09:52,293 INFO     ___FILE_ONLY___ 

2024-11-28 14:09:52,293 INFO     ___FILE_ONLY___ -
2024-11-28 14:09:52,293 INFO     ___FILE_ONLY___  
2024-11-28 14:09:52,293 INFO     ___FILE_ONLY___ members
2024-11-28 14:09:52,293 INFO     ___FILE_ONLY___ :
2024-11-28 14:09:52,293 INFO     ___FILE_ONLY___ 

2024-11-28 14:09:52,293 INFO     ___FILE_ONLY___   
2024-11-28 14:09:52,293 INFO     ___FILE_ONLY___ -
2024-11-28 14:09:52,293 INFO     ___FILE_ONLY___  
2024-11-28 14:09:52,293 INFO     ___FILE_ONLY___ serviceAccount:vm-creater-account@inspired-photon-441609-k7.iam.gserviceaccount.com
2024-11-28 14:09:52,293 INFO     ___FILE_ONLY___ 

2024-11-28 14:09:52,293 INFO     ___FILE_ONLY___   
2024-11-28 14:09:52,294 INFO     ___FILE_ONLY___ role
2024-11-28 14:09:52,294 INFO     ___FILE_ONLY___ :
2024-11-28 14:09:52,294 INFO     ___FILE_ONLY___  
2024-11-28 14:09:52,294 INFO     ___FILE_ONLY___ roles/compute.networkUser
2024-11-28 14:09:52,294 INFO     ___FILE_ONLY___ 

2024-11-28 14:09:52,294 INFO     ___FILE_ONLY___ -
2024-11-28 14:09:52,294 INFO     ___FILE_ONLY___  
2024-11-28 14:09:52,294 INFO     ___FILE_ONLY___ members
2024-11-28 14:09:52,294 INFO     ___FILE_ONLY___ :
2024-11-28 14:09:52,294 INFO     ___FILE_ONLY___ 

2024-11-28 14:09:52,294 INFO     ___FILE_ONLY___   
2024-11-28 14:09:52,294 INFO     ___FILE_ONLY___ -
2024-11-28 14:09:52,294 INFO     ___FILE_ONLY___  
2024-11-28 14:09:52,295 INFO     ___FILE_ONLY___ serviceAccount:service-644941739395@compute-system.iam.gserviceaccount.com
2024-11-28 14:09:52,295 INFO     ___FILE_ONLY___ 

2024-11-28 14:09:52,295 INFO     ___FILE_ONLY___   
2024-11-28 14:09:52,295 INFO     ___FILE_ONLY___ role
2024-11-28 14:09:52,295 INFO     ___FILE_ONLY___ :
2024-11-28 14:09:52,295 INFO     ___FILE_ONLY___  
2024-11-28 14:09:52,295 INFO     ___FILE_ONLY___ roles/compute.serviceAgent
2024-11-28 14:09:52,295 INFO     ___FILE_ONLY___ 

2024-11-28 14:09:52,295 INFO     ___FILE_ONLY___ -
2024-11-28 14:09:52,295 INFO     ___FILE_ONLY___  
2024-11-28 14:09:52,295 INFO     ___FILE_ONLY___ members
2024-11-28 14:09:52,295 INFO     ___FILE_ONLY___ :
2024-11-28 14:09:52,296 INFO     ___FILE_ONLY___ 

2024-11-28 14:09:52,296 INFO     ___FILE_ONLY___   
2024-11-28 14:09:52,296 INFO     ___FILE_ONLY___ -
2024-11-28 14:09:52,296 INFO     ___FILE_ONLY___  
2024-11-28 14:09:52,296 INFO     ___FILE_ONLY___ serviceAccount:service-644941739395@containerregistry.iam.gserviceaccount.com
2024-11-28 14:09:52,296 INFO     ___FILE_ONLY___ 

2024-11-28 14:09:52,296 INFO     ___FILE_ONLY___   
2024-11-28 14:09:52,296 INFO     ___FILE_ONLY___ role
2024-11-28 14:09:52,296 INFO     ___FILE_ONLY___ :
2024-11-28 14:09:52,296 INFO     ___FILE_ONLY___  
2024-11-28 14:09:52,296 INFO     ___FILE_ONLY___ roles/containerregistry.ServiceAgent
2024-11-28 14:09:52,296 INFO     ___FILE_ONLY___ 

2024-11-28 14:09:52,297 INFO     ___FILE_ONLY___ -
2024-11-28 14:09:52,297 INFO     ___FILE_ONLY___  
2024-11-28 14:09:52,297 INFO     ___FILE_ONLY___ members
2024-11-28 14:09:52,297 INFO     ___FILE_ONLY___ :
2024-11-28 14:09:52,297 INFO     ___FILE_ONLY___ 

2024-11-28 14:09:52,297 INFO     ___FILE_ONLY___   
2024-11-28 14:09:52,297 INFO     ___FILE_ONLY___ -
2024-11-28 14:09:52,297 INFO     ___FILE_ONLY___  
2024-11-28 14:09:52,297 INFO     ___FILE_ONLY___ serviceAccount:644941739395-compute@developer.gserviceaccount.com
2024-11-28 14:09:52,297 INFO     ___FILE_ONLY___ 

2024-11-28 14:09:52,297 INFO     ___FILE_ONLY___   
2024-11-28 14:09:52,297 INFO     ___FILE_ONLY___ -
2024-11-28 14:09:52,298 INFO     ___FILE_ONLY___  
2024-11-28 14:09:52,298 INFO     ___FILE_ONLY___ serviceAccount:644941739395@cloudservices.gserviceaccount.com
2024-11-28 14:09:52,298 INFO     ___FILE_ONLY___ 

2024-11-28 14:09:52,298 INFO     ___FILE_ONLY___   
2024-11-28 14:09:52,298 INFO     ___FILE_ONLY___ -
2024-11-28 14:09:52,298 INFO     ___FILE_ONLY___  
2024-11-28 14:09:52,298 INFO     ___FILE_ONLY___ serviceAccount:inspired-photon-441609-k7@appspot.gserviceaccount.com
2024-11-28 14:09:52,298 INFO     ___FILE_ONLY___ 

2024-11-28 14:09:52,298 INFO     ___FILE_ONLY___   
2024-11-28 14:09:52,298 INFO     ___FILE_ONLY___ -
2024-11-28 14:09:52,298 INFO     ___FILE_ONLY___  
2024-11-28 14:09:52,298 INFO     ___FILE_ONLY___ serviceAccount:vm-creater-account@inspired-photon-441609-k7.iam.gserviceaccount.com
2024-11-28 14:09:52,299 INFO     ___FILE_ONLY___ 

2024-11-28 14:09:52,299 INFO     ___FILE_ONLY___   
2024-11-28 14:09:52,299 INFO     ___FILE_ONLY___ role
2024-11-28 14:09:52,299 INFO     ___FILE_ONLY___ :
2024-11-28 14:09:52,299 INFO     ___FILE_ONLY___  
2024-11-28 14:09:52,299 INFO     ___FILE_ONLY___ roles/editor
2024-11-28 14:09:52,299 INFO     ___FILE_ONLY___ 

2024-11-28 14:09:52,299 INFO     ___FILE_ONLY___ -
2024-11-28 14:09:52,299 INFO     ___FILE_ONLY___  
2024-11-28 14:09:52,299 INFO     ___FILE_ONLY___ members
2024-11-28 14:09:52,299 INFO     ___FILE_ONLY___ :
2024-11-28 14:09:52,299 INFO     ___FILE_ONLY___ 

2024-11-28 14:09:52,299 INFO     ___FILE_ONLY___   
2024-11-28 14:09:52,300 INFO     ___FILE_ONLY___ -
2024-11-28 14:09:52,300 INFO     ___FILE_ONLY___  
2024-11-28 14:09:52,300 INFO     ___FILE_ONLY___ serviceAccount:service-644941739395@gcp-sa-eventarc.iam.gserviceaccount.com
2024-11-28 14:09:52,300 INFO     ___FILE_ONLY___ 

2024-11-28 14:09:52,300 INFO     ___FILE_ONLY___   
2024-11-28 14:09:52,300 INFO     ___FILE_ONLY___ role
2024-11-28 14:09:52,300 INFO     ___FILE_ONLY___ :
2024-11-28 14:09:52,300 INFO     ___FILE_ONLY___  
2024-11-28 14:09:52,300 INFO     ___FILE_ONLY___ roles/eventarc.serviceAgent
2024-11-28 14:09:52,300 INFO     ___FILE_ONLY___ 

2024-11-28 14:09:52,300 INFO     ___FILE_ONLY___ -
2024-11-28 14:09:52,301 INFO     ___FILE_ONLY___  
2024-11-28 14:09:52,301 INFO     ___FILE_ONLY___ members
2024-11-28 14:09:52,301 INFO     ___FILE_ONLY___ :
2024-11-28 14:09:52,301 INFO     ___FILE_ONLY___ 

2024-11-28 14:09:52,301 INFO     ___FILE_ONLY___   
2024-11-28 14:09:52,301 INFO     ___FILE_ONLY___ -
2024-11-28 14:09:52,301 INFO     ___FILE_ONLY___  
2024-11-28 14:09:52,301 INFO     ___FILE_ONLY___ serviceAccount:trigger-account@inspired-photon-441609-k7.iam.gserviceaccount.com
2024-11-28 14:09:52,301 INFO     ___FILE_ONLY___ 

2024-11-28 14:09:52,301 INFO     ___FILE_ONLY___   
2024-11-28 14:09:52,301 INFO     ___FILE_ONLY___ role
2024-11-28 14:09:52,301 INFO     ___FILE_ONLY___ :
2024-11-28 14:09:52,301 INFO     ___FILE_ONLY___  
2024-11-28 14:09:52,302 INFO     ___FILE_ONLY___ roles/iam.roleAdmin
2024-11-28 14:09:52,302 INFO     ___FILE_ONLY___ 

2024-11-28 14:09:52,302 INFO     ___FILE_ONLY___ -
2024-11-28 14:09:52,302 INFO     ___FILE_ONLY___  
2024-11-28 14:09:52,302 INFO     ___FILE_ONLY___ members
2024-11-28 14:09:52,302 INFO     ___FILE_ONLY___ :
2024-11-28 14:09:52,302 INFO     ___FILE_ONLY___ 

2024-11-28 14:09:52,302 INFO     ___FILE_ONLY___   
2024-11-28 14:09:52,302 INFO     ___FILE_ONLY___ -
2024-11-28 14:09:52,302 INFO     ___FILE_ONLY___  
2024-11-28 14:09:52,302 INFO     ___FILE_ONLY___ serviceAccount:644941739395@cloudbuild.gserviceaccount.com
2024-11-28 14:09:52,302 INFO     ___FILE_ONLY___ 

2024-11-28 14:09:52,302 INFO     ___FILE_ONLY___   
2024-11-28 14:09:52,303 INFO     ___FILE_ONLY___ -
2024-11-28 14:09:52,303 INFO     ___FILE_ONLY___  
2024-11-28 14:09:52,303 INFO     ___FILE_ONLY___ serviceAccount:vm-creater-account@inspired-photon-441609-k7.iam.gserviceaccount.com
2024-11-28 14:09:52,303 INFO     ___FILE_ONLY___ 

2024-11-28 14:09:52,303 INFO     ___FILE_ONLY___   
2024-11-28 14:09:52,303 INFO     ___FILE_ONLY___ role
2024-11-28 14:09:52,303 INFO     ___FILE_ONLY___ :
2024-11-28 14:09:52,303 INFO     ___FILE_ONLY___  
2024-11-28 14:09:52,303 INFO     ___FILE_ONLY___ roles/iam.serviceAccountUser
2024-11-28 14:09:52,303 INFO     ___FILE_ONLY___ 

2024-11-28 14:09:52,303 INFO     ___FILE_ONLY___ -
2024-11-28 14:09:52,304 INFO     ___FILE_ONLY___  
2024-11-28 14:09:52,304 INFO     ___FILE_ONLY___ members
2024-11-28 14:09:52,304 INFO     ___FILE_ONLY___ :
2024-11-28 14:09:52,304 INFO     ___FILE_ONLY___ 

2024-11-28 14:09:52,304 INFO     ___FILE_ONLY___   
2024-11-28 14:09:52,304 INFO     ___FILE_ONLY___ -
2024-11-28 14:09:52,304 INFO     ___FILE_ONLY___  
2024-11-28 14:09:52,304 INFO     ___FILE_ONLY___ user:das03285@gmail.com
2024-11-28 14:09:52,304 INFO     ___FILE_ONLY___ 

2024-11-28 14:09:52,304 INFO     ___FILE_ONLY___   
2024-11-28 14:09:52,304 INFO     ___FILE_ONLY___ role
2024-11-28 14:09:52,304 INFO     ___FILE_ONLY___ :
2024-11-28 14:09:52,304 INFO     ___FILE_ONLY___  
2024-11-28 14:09:52,305 INFO     ___FILE_ONLY___ roles/owner
2024-11-28 14:09:52,305 INFO     ___FILE_ONLY___ 

2024-11-28 14:09:52,305 INFO     ___FILE_ONLY___ -
2024-11-28 14:09:52,305 INFO     ___FILE_ONLY___  
2024-11-28 14:09:52,305 INFO     ___FILE_ONLY___ members
2024-11-28 14:09:52,305 INFO     ___FILE_ONLY___ :
2024-11-28 14:09:52,305 INFO     ___FILE_ONLY___ 

2024-11-28 14:09:52,305 INFO     ___FILE_ONLY___   
2024-11-28 14:09:52,305 INFO     ___FILE_ONLY___ -
2024-11-28 14:09:52,305 INFO     ___FILE_ONLY___  
2024-11-28 14:09:52,305 INFO     ___FILE_ONLY___ serviceAccount:service-644941739395@gs-project-accounts.iam.gserviceaccount.com
2024-11-28 14:09:52,305 INFO     ___FILE_ONLY___ 

2024-11-28 14:09:52,306 INFO     ___FILE_ONLY___   
2024-11-28 14:09:52,306 INFO     ___FILE_ONLY___ role
2024-11-28 14:09:52,306 INFO     ___FILE_ONLY___ :
2024-11-28 14:09:52,306 INFO     ___FILE_ONLY___  
2024-11-28 14:09:52,306 INFO     ___FILE_ONLY___ roles/pubsub.publisher
2024-11-28 14:09:52,306 INFO     ___FILE_ONLY___ 

2024-11-28 14:09:52,306 INFO     ___FILE_ONLY___ -
2024-11-28 14:09:52,306 INFO     ___FILE_ONLY___  
2024-11-28 14:09:52,306 INFO     ___FILE_ONLY___ members
2024-11-28 14:09:52,306 INFO     ___FILE_ONLY___ :
2024-11-28 14:09:52,306 INFO     ___FILE_ONLY___ 

2024-11-28 14:09:52,306 INFO     ___FILE_ONLY___   
2024-11-28 14:09:52,307 INFO     ___FILE_ONLY___ -
2024-11-28 14:09:52,307 INFO     ___FILE_ONLY___  
2024-11-28 14:09:52,307 INFO     ___FILE_ONLY___ serviceAccount:service-644941739395@gcp-sa-pubsub.iam.gserviceaccount.com
2024-11-28 14:09:52,307 INFO     ___FILE_ONLY___ 

2024-11-28 14:09:52,307 INFO     ___FILE_ONLY___   
2024-11-28 14:09:52,307 INFO     ___FILE_ONLY___ role
2024-11-28 14:09:52,307 INFO     ___FILE_ONLY___ :
2024-11-28 14:09:52,307 INFO     ___FILE_ONLY___  
2024-11-28 14:09:52,307 INFO     ___FILE_ONLY___ roles/pubsub.serviceAgent
2024-11-28 14:09:52,307 INFO     ___FILE_ONLY___ 

2024-11-28 14:09:52,307 INFO     ___FILE_ONLY___ -
2024-11-28 14:09:52,308 INFO     ___FILE_ONLY___  
2024-11-28 14:09:52,308 INFO     ___FILE_ONLY___ members
2024-11-28 14:09:52,308 INFO     ___FILE_ONLY___ :
2024-11-28 14:09:52,308 INFO     ___FILE_ONLY___ 

2024-11-28 14:09:52,308 INFO     ___FILE_ONLY___   
2024-11-28 14:09:52,308 INFO     ___FILE_ONLY___ -
2024-11-28 14:09:52,308 INFO     ___FILE_ONLY___  
2024-11-28 14:09:52,308 INFO     ___FILE_ONLY___ serviceAccount:trigger-account@inspired-photon-441609-k7.iam.gserviceaccount.com
2024-11-28 14:09:52,308 INFO     ___FILE_ONLY___ 

2024-11-28 14:09:52,308 INFO     ___FILE_ONLY___   
2024-11-28 14:09:52,308 INFO     ___FILE_ONLY___ role
2024-11-28 14:09:52,309 INFO     ___FILE_ONLY___ :
2024-11-28 14:09:52,309 INFO     ___FILE_ONLY___  
2024-11-28 14:09:52,309 INFO     ___FILE_ONLY___ roles/resourcemanager.projectIamAdmin
2024-11-28 14:09:52,309 INFO     ___FILE_ONLY___ 

2024-11-28 14:09:52,309 INFO     ___FILE_ONLY___ -
2024-11-28 14:09:52,309 INFO     ___FILE_ONLY___  
2024-11-28 14:09:52,309 INFO     ___FILE_ONLY___ members
2024-11-28 14:09:52,309 INFO     ___FILE_ONLY___ :
2024-11-28 14:09:52,309 INFO     ___FILE_ONLY___ 

2024-11-28 14:09:52,309 INFO     ___FILE_ONLY___   
2024-11-28 14:09:52,309 INFO     ___FILE_ONLY___ -
2024-11-28 14:09:52,309 INFO     ___FILE_ONLY___  
2024-11-28 14:09:52,309 INFO     ___FILE_ONLY___ serviceAccount:service-644941739395@serverless-robot-prod.iam.gserviceaccount.com
2024-11-28 14:09:52,310 INFO     ___FILE_ONLY___ 

2024-11-28 14:09:52,310 INFO     ___FILE_ONLY___   
2024-11-28 14:09:52,310 INFO     ___FILE_ONLY___ role
2024-11-28 14:09:52,310 INFO     ___FILE_ONLY___ :
2024-11-28 14:09:52,310 INFO     ___FILE_ONLY___  
2024-11-28 14:09:52,310 INFO     ___FILE_ONLY___ roles/run.serviceAgent
2024-11-28 14:09:52,310 INFO     ___FILE_ONLY___ 

2024-11-28 14:09:52,310 INFO     ___FILE_ONLY___ etag
2024-11-28 14:09:52,310 INFO     ___FILE_ONLY___ :
2024-11-28 14:09:52,310 INFO     ___FILE_ONLY___  
2024-11-28 14:09:52,310 INFO     ___FILE_ONLY___ BwYn-aLRdk0=
2024-11-28 14:09:52,310 INFO     ___FILE_ONLY___ 

2024-11-28 14:09:52,311 INFO     ___FILE_ONLY___ version
2024-11-28 14:09:52,311 INFO     ___FILE_ONLY___ :
2024-11-28 14:09:52,311 INFO     ___FILE_ONLY___  
2024-11-28 14:09:52,311 INFO     ___FILE_ONLY___ 1
2024-11-28 14:09:52,311 INFO     ___FILE_ONLY___ 

2024-11-28 14:09:52,311 DEBUG    root            SDK update checks are disabled.
