2024-11-28 14:09:46,661 DEBUG    root            Loaded Command Group: ['gcloud', 'projects']
2024-11-28 14:09:46,710 DEBUG    root            Loaded Command Group: ['gcloud', 'projects', 'add_iam_policy_binding']
2024-11-28 14:09:46,726 DEBUG    root            Running [gcloud.projects.add-iam-policy-binding] with arguments: [--member: "serviceAccount:service-644941739395@gs-project-accounts.iam.gserviceaccount.com", --role: "roles/pubsub.publisher", PROJECT_ID: "inspired-photon-441609-k7"]
2024-11-28 14:09:46,884 DEBUG    urllib3.connectionpool Starting new HTTPS connection (1): cloudresourcemanager.googleapis.com:443
2024-11-28 14:09:47,045 DEBUG    urllib3.connectionpool https://cloudresourcemanager.googleapis.com:443 "POST /v1/projects/inspired-photon-441609-k7:getIamPolicy?alt=json HTTP/1.1" 200 None
2024-11-28 14:09:47,184 DEBUG    urllib3.connectionpool Starting new HTTPS connection (1): cloudresourcemanager.googleapis.com:443
2024-11-28 14:09:47,731 DEBUG    urllib3.connectionpool https://cloudresourcemanager.googleapis.com:443 "POST /v1/projects/inspired-photon-441609-k7:setIamPolicy?alt=json HTTP/1.1" 200 None
2024-11-28 14:09:47,736 INFO     ___FILE_ONLY___ Updated IAM policy for project [inspired-photon-441609-k7].

2024-11-28 14:09:47,737 DEBUG    root            Chosen display Format:default
2024-11-28 14:09:47,738 INFO     root            Display format: "default"
2024-11-28 14:09:47,766 INFO     ___FILE_ONLY___ bindings
2024-11-28 14:09:47,767 INFO     ___FILE_ONLY___ :
2024-11-28 14:09:47,767 INFO     ___FILE_ONLY___ 

2024-11-28 14:09:47,767 INFO     ___FILE_ONLY___ -
2024-11-28 14:09:47,767 INFO     ___FILE_ONLY___  
2024-11-28 14:09:47,767 INFO     ___FILE_ONLY___ members
2024-11-28 14:09:47,767 INFO     ___FILE_ONLY___ :
2024-11-28 14:09:47,768 INFO     ___FILE_ONLY___ 

2024-11-28 14:09:47,768 INFO     ___FILE_ONLY___   
2024-11-28 14:09:47,768 INFO     ___FILE_ONLY___ -
2024-11-28 14:09:47,768 INFO     ___FILE_ONLY___  
2024-11-28 14:09:47,768 INFO     ___FILE_ONLY___ serviceAccount:trigger-account@inspired-photon-441609-k7.iam.gserviceaccount.com
2024-11-28 14:09:47,768 INFO     ___FILE_ONLY___ 

2024-11-28 14:09:47,768 INFO     ___FILE_ONLY___   
2024-11-28 14:09:47,768 INFO     ___FILE_ONLY___ role
2024-11-28 14:09:47,768 INFO     ___FILE_ONLY___ :
2024-11-28 14:09:47,769 INFO     ___FILE_ONLY___  
2024-11-28 14:09:47,769 INFO     ___FILE_ONLY___ projects/inspired-photon-441609-k7/roles/main_custom_role_18
2024-11-28 14:09:47,769 INFO     ___FILE_ONLY___ 

2024-11-28 14:09:47,769 INFO     ___FILE_ONLY___ -
2024-11-28 14:09:47,769 INFO     ___FILE_ONLY___  
2024-11-28 14:09:47,769 INFO     ___FILE_ONLY___ members
2024-11-28 14:09:47,769 INFO     ___FILE_ONLY___ :
2024-11-28 14:09:47,769 INFO     ___FILE_ONLY___ 

2024-11-28 14:09:47,769 INFO     ___FILE_ONLY___   
2024-11-28 14:09:47,769 INFO     ___FILE_ONLY___ -
2024-11-28 14:09:47,770 INFO     ___FILE_ONLY___  
2024-11-28 14:09:47,770 INFO     ___FILE_ONLY___ serviceAccount:service-644941739395@gcp-sa-artifactregistry.iam.gserviceaccount.com
2024-11-28 14:09:47,770 INFO     ___FILE_ONLY___ 

2024-11-28 14:09:47,770 INFO     ___FILE_ONLY___   
2024-11-28 14:09:47,770 INFO     ___FILE_ONLY___ role
2024-11-28 14:09:47,770 INFO     ___FILE_ONLY___ :
2024-11-28 14:09:47,770 INFO     ___FILE_ONLY___  
2024-11-28 14:09:47,770 INFO     ___FILE_ONLY___ roles/artifactregistry.serviceAgent
2024-11-28 14:09:47,770 INFO     ___FILE_ONLY___ 

2024-11-28 14:09:47,771 INFO     ___FILE_ONLY___ -
2024-11-28 14:09:47,771 INFO     ___FILE_ONLY___  
2024-11-28 14:09:47,771 INFO     ___FILE_ONLY___ members
2024-11-28 14:09:47,771 INFO     ___FILE_ONLY___ :
2024-11-28 14:09:47,771 INFO     ___FILE_ONLY___ 

2024-11-28 14:09:47,771 INFO     ___FILE_ONLY___   
2024-11-28 14:09:47,771 INFO     ___FILE_ONLY___ -
2024-11-28 14:09:47,771 INFO     ___FILE_ONLY___  
2024-11-28 14:09:47,771 INFO     ___FILE_ONLY___ serviceAccount:644941739395@cloudbuild.gserviceaccount.com
2024-11-28 14:09:47,771 INFO     ___FILE_ONLY___ 

2024-11-28 14:09:47,771 INFO     ___FILE_ONLY___   
2024-11-28 14:09:47,772 INFO     ___FILE_ONLY___ role
2024-11-28 14:09:47,772 INFO     ___FILE_ONLY___ :
2024-11-28 14:09:47,772 INFO     ___FILE_ONLY___  
2024-11-28 14:09:47,772 INFO     ___FILE_ONLY___ roles/cloudbuild.builds.builder
2024-11-28 14:09:47,772 INFO     ___FILE_ONLY___ 

2024-11-28 14:09:47,772 INFO     ___FILE_ONLY___ -
2024-11-28 14:09:47,772 INFO     ___FILE_ONLY___  
2024-11-28 14:09:47,772 INFO     ___FILE_ONLY___ members
2024-11-28 14:09:47,772 INFO     ___FILE_ONLY___ :
2024-11-28 14:09:47,772 INFO     ___FILE_ONLY___ 

2024-11-28 14:09:47,773 INFO     ___FILE_ONLY___   
2024-11-28 14:09:47,773 INFO     ___FILE_ONLY___ -
2024-11-28 14:09:47,773 INFO     ___FILE_ONLY___  
2024-11-28 14:09:47,773 INFO     ___FILE_ONLY___ serviceAccount:service-644941739395@gcp-sa-cloudbuild.iam.gserviceaccount.com
2024-11-28 14:09:47,773 INFO     ___FILE_ONLY___ 

2024-11-28 14:09:47,773 INFO     ___FILE_ONLY___   
2024-11-28 14:09:47,773 INFO     ___FILE_ONLY___ role
2024-11-28 14:09:47,773 INFO     ___FILE_ONLY___ :
2024-11-28 14:09:47,773 INFO     ___FILE_ONLY___  
2024-11-28 14:09:47,773 INFO     ___FILE_ONLY___ roles/cloudbuild.serviceAgent
2024-11-28 14:09:47,774 INFO     ___FILE_ONLY___ 

2024-11-28 14:09:47,774 INFO     ___FILE_ONLY___ -
2024-11-28 14:09:47,774 INFO     ___FILE_ONLY___  
2024-11-28 14:09:47,774 INFO     ___FILE_ONLY___ members
2024-11-28 14:09:47,774 INFO     ___FILE_ONLY___ :
2024-11-28 14:09:47,774 INFO     ___FILE_ONLY___ 

2024-11-28 14:09:47,774 INFO     ___FILE_ONLY___   
2024-11-28 14:09:47,774 INFO     ___FILE_ONLY___ -
2024-11-28 14:09:47,775 INFO     ___FILE_ONLY___  
2024-11-28 14:09:47,775 INFO     ___FILE_ONLY___ serviceAccount:644941739395@cloudbuild.gserviceaccount.com
2024-11-28 14:09:47,775 INFO     ___FILE_ONLY___ 

2024-11-28 14:09:47,775 INFO     ___FILE_ONLY___   
2024-11-28 14:09:47,775 INFO     ___FILE_ONLY___ role
2024-11-28 14:09:47,775 INFO     ___FILE_ONLY___ :
2024-11-28 14:09:47,775 INFO     ___FILE_ONLY___  
2024-11-28 14:09:47,775 INFO     ___FILE_ONLY___ roles/cloudfunctions.developer
2024-11-28 14:09:47,775 INFO     ___FILE_ONLY___ 

2024-11-28 14:09:47,776 INFO     ___FILE_ONLY___ -
2024-11-28 14:09:47,776 INFO     ___FILE_ONLY___  
2024-11-28 14:09:47,776 INFO     ___FILE_ONLY___ members
2024-11-28 14:09:47,776 INFO     ___FILE_ONLY___ :
2024-11-28 14:09:47,776 INFO     ___FILE_ONLY___ 

2024-11-28 14:09:47,776 INFO     ___FILE_ONLY___   
2024-11-28 14:09:47,776 INFO     ___FILE_ONLY___ -
2024-11-28 14:09:47,776 INFO     ___FILE_ONLY___  
2024-11-28 14:09:47,776 INFO     ___FILE_ONLY___ serviceAccount:service-644941739395@gcf-admin-robot.iam.gserviceaccount.com
2024-11-28 14:09:47,776 INFO     ___FILE_ONLY___ 

2024-11-28 14:09:47,776 INFO     ___FILE_ONLY___   
2024-11-28 14:09:47,777 INFO     ___FILE_ONLY___ role
2024-11-28 14:09:47,777 INFO     ___FILE_ONLY___ :
2024-11-28 14:09:47,777 INFO     ___FILE_ONLY___  
2024-11-28 14:09:47,777 INFO     ___FILE_ONLY___ roles/cloudfunctions.serviceAgent
2024-11-28 14:09:47,777 INFO     ___FILE_ONLY___ 

2024-11-28 14:09:47,777 INFO     ___FILE_ONLY___ -
2024-11-28 14:09:47,777 INFO     ___FILE_ONLY___  
2024-11-28 14:09:47,777 INFO     ___FILE_ONLY___ members
2024-11-28 14:09:47,777 INFO     ___FILE_ONLY___ :
2024-11-28 14:09:47,777 INFO     ___FILE_ONLY___ 

2024-11-28 14:09:47,777 INFO     ___FILE_ONLY___   
2024-11-28 14:09:47,778 INFO     ___FILE_ONLY___ -
2024-11-28 14:09:47,778 INFO     ___FILE_ONLY___  
2024-11-28 14:09:47,778 INFO     ___FILE_ONLY___ serviceAccount:vm-creater-account@inspired-photon-441609-k7.iam.gserviceaccount.com
2024-11-28 14:09:47,778 INFO     ___FILE_ONLY___ 

2024-11-28 14:09:47,778 INFO     ___FILE_ONLY___   
2024-11-28 14:09:47,778 INFO     ___FILE_ONLY___ role
2024-11-28 14:09:47,778 INFO     ___FILE_ONLY___ :
2024-11-28 14:09:47,778 INFO     ___FILE_ONLY___  
2024-11-28 14:09:47,778 INFO     ___FILE_ONLY___ roles/compute.instanceAdmin.v1
2024-11-28 14:09:47,778 INFO     ___FILE_ONLY___ 

2024-11-28 14:09:47,778 INFO     ___FILE_ONLY___ -
2024-11-28 14:09:47,779 INFO     ___FILE_ONLY___  
2024-11-28 14:09:47,779 INFO     ___FILE_ONLY___ members
2024-11-28 14:09:47,779 INFO     ___FILE_ONLY___ :
2024-11-28 14:09:47,779 INFO     ___FILE_ONLY___ 

2024-11-28 14:09:47,779 INFO     ___FILE_ONLY___   
2024-11-28 14:09:47,779 INFO     ___FILE_ONLY___ -
2024-11-28 14:09:47,779 INFO     ___FILE_ONLY___  
2024-11-28 14:09:47,779 INFO     ___FILE_ONLY___ serviceAccount:vm-creater-account@inspired-photon-441609-k7.iam.gserviceaccount.com
2024-11-28 14:09:47,779 INFO     ___FILE_ONLY___ 

2024-11-28 14:09:47,779 INFO     ___FILE_ONLY___   
2024-11-28 14:09:47,779 INFO     ___FILE_ONLY___ role
2024-11-28 14:09:47,780 INFO     ___FILE_ONLY___ :
2024-11-28 14:09:47,780 INFO     ___FILE_ONLY___  
2024-11-28 14:09:47,780 INFO     ___FILE_ONLY___ roles/compute.networkUser
2024-11-28 14:09:47,780 INFO     ___FILE_ONLY___ 

2024-11-28 14:09:47,780 INFO     ___FILE_ONLY___ -
2024-11-28 14:09:47,780 INFO     ___FILE_ONLY___  
2024-11-28 14:09:47,780 INFO     ___FILE_ONLY___ members
2024-11-28 14:09:47,780 INFO     ___FILE_ONLY___ :
2024-11-28 14:09:47,780 INFO     ___FILE_ONLY___ 

2024-11-28 14:09:47,780 INFO     ___FILE_ONLY___   
2024-11-28 14:09:47,780 INFO     ___FILE_ONLY___ -
2024-11-28 14:09:47,780 INFO     ___FILE_ONLY___  
2024-11-28 14:09:47,781 INFO     ___FILE_ONLY___ serviceAccount:service-644941739395@compute-system.iam.gserviceaccount.com
2024-11-28 14:09:47,781 INFO     ___FILE_ONLY___ 

2024-11-28 14:09:47,781 INFO     ___FILE_ONLY___   
2024-11-28 14:09:47,781 INFO     ___FILE_ONLY___ role
2024-11-28 14:09:47,781 INFO     ___FILE_ONLY___ :
2024-11-28 14:09:47,781 INFO     ___FILE_ONLY___  
2024-11-28 14:09:47,781 INFO     ___FILE_ONLY___ roles/compute.serviceAgent
2024-11-28 14:09:47,781 INFO     ___FILE_ONLY___ 

2024-11-28 14:09:47,781 INFO     ___FILE_ONLY___ -
2024-11-28 14:09:47,781 INFO     ___FILE_ONLY___  
2024-11-28 14:09:47,781 INFO     ___FILE_ONLY___ members
2024-11-28 14:09:47,781 INFO     ___FILE_ONLY___ :
2024-11-28 14:09:47,782 INFO     ___FILE_ONLY___ 

2024-11-28 14:09:47,782 INFO     ___FILE_ONLY___   
2024-11-28 14:09:47,782 INFO     ___FILE_ONLY___ -
2024-11-28 14:09:47,782 INFO     ___FILE_ONLY___  
2024-11-28 14:09:47,782 INFO     ___FILE_ONLY___ serviceAccount:service-644941739395@containerregistry.iam.gserviceaccount.com
2024-11-28 14:09:47,782 INFO     ___FILE_ONLY___ 

2024-11-28 14:09:47,782 INFO     ___FILE_ONLY___   
2024-11-28 14:09:47,782 INFO     ___FILE_ONLY___ role
2024-11-28 14:09:47,782 INFO     ___FILE_ONLY___ :
2024-11-28 14:09:47,782 INFO     ___FILE_ONLY___  
2024-11-28 14:09:47,782 INFO     ___FILE_ONLY___ roles/containerregistry.ServiceAgent
2024-11-28 14:09:47,782 INFO     ___FILE_ONLY___ 

2024-11-28 14:09:47,783 INFO     ___FILE_ONLY___ -
2024-11-28 14:09:47,783 INFO     ___FILE_ONLY___  
2024-11-28 14:09:47,783 INFO     ___FILE_ONLY___ members
2024-11-28 14:09:47,783 INFO     ___FILE_ONLY___ :
2024-11-28 14:09:47,783 INFO     ___FILE_ONLY___ 

2024-11-28 14:09:47,783 INFO     ___FILE_ONLY___   
2024-11-28 14:09:47,783 INFO     ___FILE_ONLY___ -
2024-11-28 14:09:47,783 INFO     ___FILE_ONLY___  
2024-11-28 14:09:47,783 INFO     ___FILE_ONLY___ serviceAccount:644941739395-compute@developer.gserviceaccount.com
2024-11-28 14:09:47,783 INFO     ___FILE_ONLY___ 

2024-11-28 14:09:47,783 INFO     ___FILE_ONLY___   
2024-11-28 14:09:47,783 INFO     ___FILE_ONLY___ -
2024-11-28 14:09:47,784 INFO     ___FILE_ONLY___  
2024-11-28 14:09:47,784 INFO     ___FILE_ONLY___ serviceAccount:644941739395@cloudservices.gserviceaccount.com
2024-11-28 14:09:47,784 INFO     ___FILE_ONLY___ 

2024-11-28 14:09:47,784 INFO     ___FILE_ONLY___   
2024-11-28 14:09:47,784 INFO     ___FILE_ONLY___ -
2024-11-28 14:09:47,784 INFO     ___FILE_ONLY___  
2024-11-28 14:09:47,784 INFO     ___FILE_ONLY___ serviceAccount:inspired-photon-441609-k7@appspot.gserviceaccount.com
2024-11-28 14:09:47,784 INFO     ___FILE_ONLY___ 

2024-11-28 14:09:47,784 INFO     ___FILE_ONLY___   
2024-11-28 14:09:47,784 INFO     ___FILE_ONLY___ -
2024-11-28 14:09:47,784 INFO     ___FILE_ONLY___  
2024-11-28 14:09:47,784 INFO     ___FILE_ONLY___ serviceAccount:vm-creater-account@inspired-photon-441609-k7.iam.gserviceaccount.com
2024-11-28 14:09:47,785 INFO     ___FILE_ONLY___ 

2024-11-28 14:09:47,785 INFO     ___FILE_ONLY___   
2024-11-28 14:09:47,785 INFO     ___FILE_ONLY___ role
2024-11-28 14:09:47,785 INFO     ___FILE_ONLY___ :
2024-11-28 14:09:47,785 INFO     ___FILE_ONLY___  
2024-11-28 14:09:47,785 INFO     ___FILE_ONLY___ roles/editor
2024-11-28 14:09:47,785 INFO     ___FILE_ONLY___ 

2024-11-28 14:09:47,785 INFO     ___FILE_ONLY___ -
2024-11-28 14:09:47,785 INFO     ___FILE_ONLY___  
2024-11-28 14:09:47,785 INFO     ___FILE_ONLY___ members
2024-11-28 14:09:47,785 INFO     ___FILE_ONLY___ :
2024-11-28 14:09:47,785 INFO     ___FILE_ONLY___ 

2024-11-28 14:09:47,786 INFO     ___FILE_ONLY___   
2024-11-28 14:09:47,786 INFO     ___FILE_ONLY___ -
2024-11-28 14:09:47,786 INFO     ___FILE_ONLY___  
2024-11-28 14:09:47,786 INFO     ___FILE_ONLY___ serviceAccount:service-644941739395@gcp-sa-eventarc.iam.gserviceaccount.com
2024-11-28 14:09:47,786 INFO     ___FILE_ONLY___ 

2024-11-28 14:09:47,786 INFO     ___FILE_ONLY___   
2024-11-28 14:09:47,786 INFO     ___FILE_ONLY___ role
2024-11-28 14:09:47,786 INFO     ___FILE_ONLY___ :
2024-11-28 14:09:47,786 INFO     ___FILE_ONLY___  
2024-11-28 14:09:47,786 INFO     ___FILE_ONLY___ roles/eventarc.serviceAgent
2024-11-28 14:09:47,786 INFO     ___FILE_ONLY___ 

2024-11-28 14:09:47,786 INFO     ___FILE_ONLY___ -
2024-11-28 14:09:47,787 INFO     ___FILE_ONLY___  
2024-11-28 14:09:47,787 INFO     ___FILE_ONLY___ members
2024-11-28 14:09:47,787 INFO     ___FILE_ONLY___ :
2024-11-28 14:09:47,787 INFO     ___FILE_ONLY___ 

2024-11-28 14:09:47,787 INFO     ___FILE_ONLY___   
2024-11-28 14:09:47,787 INFO     ___FILE_ONLY___ -
2024-11-28 14:09:47,787 INFO     ___FILE_ONLY___  
2024-11-28 14:09:47,787 INFO     ___FILE_ONLY___ serviceAccount:trigger-account@inspired-photon-441609-k7.iam.gserviceaccount.com
2024-11-28 14:09:47,787 INFO     ___FILE_ONLY___ 

2024-11-28 14:09:47,787 INFO     ___FILE_ONLY___   
2024-11-28 14:09:47,787 INFO     ___FILE_ONLY___ role
2024-11-28 14:09:47,788 INFO     ___FILE_ONLY___ :
2024-11-28 14:09:47,788 INFO     ___FILE_ONLY___  
2024-11-28 14:09:47,788 INFO     ___FILE_ONLY___ roles/iam.roleAdmin
2024-11-28 14:09:47,788 INFO     ___FILE_ONLY___ 

2024-11-28 14:09:47,788 INFO     ___FILE_ONLY___ -
2024-11-28 14:09:47,788 INFO     ___FILE_ONLY___  
2024-11-28 14:09:47,788 INFO     ___FILE_ONLY___ members
2024-11-28 14:09:47,788 INFO     ___FILE_ONLY___ :
2024-11-28 14:09:47,788 INFO     ___FILE_ONLY___ 

2024-11-28 14:09:47,788 INFO     ___FILE_ONLY___   
2024-11-28 14:09:47,788 INFO     ___FILE_ONLY___ -
2024-11-28 14:09:47,789 INFO     ___FILE_ONLY___  
2024-11-28 14:09:47,789 INFO     ___FILE_ONLY___ serviceAccount:644941739395@cloudbuild.gserviceaccount.com
2024-11-28 14:09:47,789 INFO     ___FILE_ONLY___ 

2024-11-28 14:09:47,789 INFO     ___FILE_ONLY___   
2024-11-28 14:09:47,789 INFO     ___FILE_ONLY___ -
2024-11-28 14:09:47,789 INFO     ___FILE_ONLY___  
2024-11-28 14:09:47,789 INFO     ___FILE_ONLY___ serviceAccount:vm-creater-account@inspired-photon-441609-k7.iam.gserviceaccount.com
2024-11-28 14:09:47,789 INFO     ___FILE_ONLY___ 

2024-11-28 14:09:47,789 INFO     ___FILE_ONLY___   
2024-11-28 14:09:47,789 INFO     ___FILE_ONLY___ role
2024-11-28 14:09:47,789 INFO     ___FILE_ONLY___ :
2024-11-28 14:09:47,789 INFO     ___FILE_ONLY___  
2024-11-28 14:09:47,790 INFO     ___FILE_ONLY___ roles/iam.serviceAccountUser
2024-11-28 14:09:47,790 INFO     ___FILE_ONLY___ 

2024-11-28 14:09:47,790 INFO     ___FILE_ONLY___ -
2024-11-28 14:09:47,790 INFO     ___FILE_ONLY___  
2024-11-28 14:09:47,790 INFO     ___FILE_ONLY___ members
2024-11-28 14:09:47,790 INFO     ___FILE_ONLY___ :
2024-11-28 14:09:47,790 INFO     ___FILE_ONLY___ 

2024-11-28 14:09:47,790 INFO     ___FILE_ONLY___   
2024-11-28 14:09:47,790 INFO     ___FILE_ONLY___ -
2024-11-28 14:09:47,790 INFO     ___FILE_ONLY___  
2024-11-28 14:09:47,790 INFO     ___FILE_ONLY___ user:das03285@gmail.com
2024-11-28 14:09:47,790 INFO     ___FILE_ONLY___ 

2024-11-28 14:09:47,790 INFO     ___FILE_ONLY___   
2024-11-28 14:09:47,791 INFO     ___FILE_ONLY___ role
2024-11-28 14:09:47,791 INFO     ___FILE_ONLY___ :
2024-11-28 14:09:47,791 INFO     ___FILE_ONLY___  
2024-11-28 14:09:47,791 INFO     ___FILE_ONLY___ roles/owner
2024-11-28 14:09:47,791 INFO     ___FILE_ONLY___ 

2024-11-28 14:09:47,791 INFO     ___FILE_ONLY___ -
2024-11-28 14:09:47,791 INFO     ___FILE_ONLY___  
2024-11-28 14:09:47,791 INFO     ___FILE_ONLY___ members
2024-11-28 14:09:47,791 INFO     ___FILE_ONLY___ :
2024-11-28 14:09:47,791 INFO     ___FILE_ONLY___ 

2024-11-28 14:09:47,791 INFO     ___FILE_ONLY___   
2024-11-28 14:09:47,791 INFO     ___FILE_ONLY___ -
2024-11-28 14:09:47,792 INFO     ___FILE_ONLY___  
2024-11-28 14:09:47,792 INFO     ___FILE_ONLY___ serviceAccount:service-644941739395@gs-project-accounts.iam.gserviceaccount.com
2024-11-28 14:09:47,792 INFO     ___FILE_ONLY___ 

2024-11-28 14:09:47,792 INFO     ___FILE_ONLY___   
2024-11-28 14:09:47,792 INFO     ___FILE_ONLY___ role
2024-11-28 14:09:47,792 INFO     ___FILE_ONLY___ :
2024-11-28 14:09:47,792 INFO     ___FILE_ONLY___  
2024-11-28 14:09:47,792 INFO     ___FILE_ONLY___ roles/pubsub.publisher
2024-11-28 14:09:47,792 INFO     ___FILE_ONLY___ 

2024-11-28 14:09:47,792 INFO     ___FILE_ONLY___ -
2024-11-28 14:09:47,792 INFO     ___FILE_ONLY___  
2024-11-28 14:09:47,793 INFO     ___FILE_ONLY___ members
2024-11-28 14:09:47,793 INFO     ___FILE_ONLY___ :
2024-11-28 14:09:47,793 INFO     ___FILE_ONLY___ 

2024-11-28 14:09:47,793 INFO     ___FILE_ONLY___   
2024-11-28 14:09:47,793 INFO     ___FILE_ONLY___ -
2024-11-28 14:09:47,793 INFO     ___FILE_ONLY___  
2024-11-28 14:09:47,793 INFO     ___FILE_ONLY___ serviceAccount:service-644941739395@gcp-sa-pubsub.iam.gserviceaccount.com
2024-11-28 14:09:47,793 INFO     ___FILE_ONLY___ 

2024-11-28 14:09:47,793 INFO     ___FILE_ONLY___   
2024-11-28 14:09:47,793 INFO     ___FILE_ONLY___ role
2024-11-28 14:09:47,793 INFO     ___FILE_ONLY___ :
2024-11-28 14:09:47,793 INFO     ___FILE_ONLY___  
2024-11-28 14:09:47,793 INFO     ___FILE_ONLY___ roles/pubsub.serviceAgent
2024-11-28 14:09:47,794 INFO     ___FILE_ONLY___ 

2024-11-28 14:09:47,794 INFO     ___FILE_ONLY___ -
2024-11-28 14:09:47,794 INFO     ___FILE_ONLY___  
2024-11-28 14:09:47,794 INFO     ___FILE_ONLY___ members
2024-11-28 14:09:47,794 INFO     ___FILE_ONLY___ :
2024-11-28 14:09:47,794 INFO     ___FILE_ONLY___ 

2024-11-28 14:09:47,794 INFO     ___FILE_ONLY___   
2024-11-28 14:09:47,794 INFO     ___FILE_ONLY___ -
2024-11-28 14:09:47,794 INFO     ___FILE_ONLY___  
2024-11-28 14:09:47,794 INFO     ___FILE_ONLY___ serviceAccount:trigger-account@inspired-photon-441609-k7.iam.gserviceaccount.com
2024-11-28 14:09:47,794 INFO     ___FILE_ONLY___ 

2024-11-28 14:09:47,794 INFO     ___FILE_ONLY___   
2024-11-28 14:09:47,795 INFO     ___FILE_ONLY___ role
2024-11-28 14:09:47,795 INFO     ___FILE_ONLY___ :
2024-11-28 14:09:47,795 INFO     ___FILE_ONLY___  
2024-11-28 14:09:47,795 INFO     ___FILE_ONLY___ roles/resourcemanager.projectIamAdmin
2024-11-28 14:09:47,795 INFO     ___FILE_ONLY___ 

2024-11-28 14:09:47,795 INFO     ___FILE_ONLY___ -
2024-11-28 14:09:47,795 INFO     ___FILE_ONLY___  
2024-11-28 14:09:47,795 INFO     ___FILE_ONLY___ members
2024-11-28 14:09:47,795 INFO     ___FILE_ONLY___ :
2024-11-28 14:09:47,795 INFO     ___FILE_ONLY___ 

2024-11-28 14:09:47,795 INFO     ___FILE_ONLY___   
2024-11-28 14:09:47,795 INFO     ___FILE_ONLY___ -
2024-11-28 14:09:47,796 INFO     ___FILE_ONLY___  
2024-11-28 14:09:47,796 INFO     ___FILE_ONLY___ serviceAccount:service-644941739395@serverless-robot-prod.iam.gserviceaccount.com
2024-11-28 14:09:47,796 INFO     ___FILE_ONLY___ 

2024-11-28 14:09:47,796 INFO     ___FILE_ONLY___   
2024-11-28 14:09:47,796 INFO     ___FILE_ONLY___ role
2024-11-28 14:09:47,796 INFO     ___FILE_ONLY___ :
2024-11-28 14:09:47,796 INFO     ___FILE_ONLY___  
2024-11-28 14:09:47,796 INFO     ___FILE_ONLY___ roles/run.serviceAgent
2024-11-28 14:09:47,796 INFO     ___FILE_ONLY___ 

2024-11-28 14:09:47,796 INFO     ___FILE_ONLY___ etag
2024-11-28 14:09:47,796 INFO     ___FILE_ONLY___ :
2024-11-28 14:09:47,797 INFO     ___FILE_ONLY___  
2024-11-28 14:09:47,797 INFO     ___FILE_ONLY___ BwYn-aKMcwg=
2024-11-28 14:09:47,797 INFO     ___FILE_ONLY___ 

2024-11-28 14:09:47,797 INFO     ___FILE_ONLY___ version
2024-11-28 14:09:47,797 INFO     ___FILE_ONLY___ :
2024-11-28 14:09:47,797 INFO     ___FILE_ONLY___  
2024-11-28 14:09:47,797 INFO     ___FILE_ONLY___ 1
2024-11-28 14:09:47,797 INFO     ___FILE_ONLY___ 

2024-11-28 14:09:47,798 DEBUG    root            SDK update checks are disabled.
