2024-11-28 14:23:06,594 DEBUG    root            Loaded Command Group: ['gcloud', 'projects']
2024-11-28 14:23:06,632 DEBUG    root            Loaded Command Group: ['gcloud', 'projects', 'add_iam_policy_binding']
2024-11-28 14:23:06,645 DEBUG    root            Running [gcloud.projects.add-iam-policy-binding] with arguments: [--member: "serviceAccount:service-644941739395@gs-project-accounts.iam.gserviceaccount.com", --role: "roles/pubsub.publisher", PROJECT_ID: "inspired-photon-441609-k7"]
2024-11-28 14:23:06,800 DEBUG    urllib3.connectionpool Starting new HTTPS connection (1): cloudresourcemanager.googleapis.com:443
2024-11-28 14:23:06,951 DEBUG    urllib3.connectionpool https://cloudresourcemanager.googleapis.com:443 "POST /v1/projects/inspired-photon-441609-k7:getIamPolicy?alt=json HTTP/1.1" 200 None
2024-11-28 14:23:07,095 DEBUG    urllib3.connectionpool Starting new HTTPS connection (1): cloudresourcemanager.googleapis.com:443
2024-11-28 14:23:07,629 DEBUG    urllib3.connectionpool https://cloudresourcemanager.googleapis.com:443 "POST /v1/projects/inspired-photon-441609-k7:setIamPolicy?alt=json HTTP/1.1" 200 None
2024-11-28 14:23:07,634 INFO     ___FILE_ONLY___ Updated IAM policy for project [inspired-photon-441609-k7].

2024-11-28 14:23:07,634 DEBUG    root            Chosen display Format:default
2024-11-28 14:23:07,635 INFO     root            Display format: "default"
2024-11-28 14:23:07,656 INFO     ___FILE_ONLY___ bindings
2024-11-28 14:23:07,656 INFO     ___FILE_ONLY___ :
2024-11-28 14:23:07,656 INFO     ___FILE_ONLY___ 

2024-11-28 14:23:07,657 INFO     ___FILE_ONLY___ -
2024-11-28 14:23:07,657 INFO     ___FILE_ONLY___  
2024-11-28 14:23:07,657 INFO     ___FILE_ONLY___ members
2024-11-28 14:23:07,657 INFO     ___FILE_ONLY___ :
2024-11-28 14:23:07,657 INFO     ___FILE_ONLY___ 

2024-11-28 14:23:07,657 INFO     ___FILE_ONLY___   
2024-11-28 14:23:07,657 INFO     ___FILE_ONLY___ -
2024-11-28 14:23:07,657 INFO     ___FILE_ONLY___  
2024-11-28 14:23:07,657 INFO     ___FILE_ONLY___ serviceAccount:trigger-account@inspired-photon-441609-k7.iam.gserviceaccount.com
2024-11-28 14:23:07,658 INFO     ___FILE_ONLY___ 

2024-11-28 14:23:07,658 INFO     ___FILE_ONLY___   
2024-11-28 14:23:07,658 INFO     ___FILE_ONLY___ role
2024-11-28 14:23:07,658 INFO     ___FILE_ONLY___ :
2024-11-28 14:23:07,658 INFO     ___FILE_ONLY___  
2024-11-28 14:23:07,658 INFO     ___FILE_ONLY___ projects/inspired-photon-441609-k7/roles/main_custom_role_18
2024-11-28 14:23:07,658 INFO     ___FILE_ONLY___ 

2024-11-28 14:23:07,658 INFO     ___FILE_ONLY___ -
2024-11-28 14:23:07,658 INFO     ___FILE_ONLY___  
2024-11-28 14:23:07,659 INFO     ___FILE_ONLY___ members
2024-11-28 14:23:07,659 INFO     ___FILE_ONLY___ :
2024-11-28 14:23:07,659 INFO     ___FILE_ONLY___ 

2024-11-28 14:23:07,659 INFO     ___FILE_ONLY___   
2024-11-28 14:23:07,659 INFO     ___FILE_ONLY___ -
2024-11-28 14:23:07,659 INFO     ___FILE_ONLY___  
2024-11-28 14:23:07,659 INFO     ___FILE_ONLY___ serviceAccount:service-644941739395@gcp-sa-artifactregistry.iam.gserviceaccount.com
2024-11-28 14:23:07,659 INFO     ___FILE_ONLY___ 

2024-11-28 14:23:07,659 INFO     ___FILE_ONLY___   
2024-11-28 14:23:07,660 INFO     ___FILE_ONLY___ role
2024-11-28 14:23:07,660 INFO     ___FILE_ONLY___ :
2024-11-28 14:23:07,660 INFO     ___FILE_ONLY___  
2024-11-28 14:23:07,660 INFO     ___FILE_ONLY___ roles/artifactregistry.serviceAgent
2024-11-28 14:23:07,660 INFO     ___FILE_ONLY___ 

2024-11-28 14:23:07,660 INFO     ___FILE_ONLY___ -
2024-11-28 14:23:07,660 INFO     ___FILE_ONLY___  
2024-11-28 14:23:07,660 INFO     ___FILE_ONLY___ members
2024-11-28 14:23:07,660 INFO     ___FILE_ONLY___ :
2024-11-28 14:23:07,660 INFO     ___FILE_ONLY___ 

2024-11-28 14:23:07,660 INFO     ___FILE_ONLY___   
2024-11-28 14:23:07,661 INFO     ___FILE_ONLY___ -
2024-11-28 14:23:07,661 INFO     ___FILE_ONLY___  
2024-11-28 14:23:07,661 INFO     ___FILE_ONLY___ serviceAccount:644941739395@cloudbuild.gserviceaccount.com
2024-11-28 14:23:07,661 INFO     ___FILE_ONLY___ 

2024-11-28 14:23:07,661 INFO     ___FILE_ONLY___   
2024-11-28 14:23:07,661 INFO     ___FILE_ONLY___ role
2024-11-28 14:23:07,661 INFO     ___FILE_ONLY___ :
2024-11-28 14:23:07,661 INFO     ___FILE_ONLY___  
2024-11-28 14:23:07,661 INFO     ___FILE_ONLY___ roles/cloudbuild.builds.builder
2024-11-28 14:23:07,661 INFO     ___FILE_ONLY___ 

2024-11-28 14:23:07,662 INFO     ___FILE_ONLY___ -
2024-11-28 14:23:07,662 INFO     ___FILE_ONLY___  
2024-11-28 14:23:07,662 INFO     ___FILE_ONLY___ members
2024-11-28 14:23:07,662 INFO     ___FILE_ONLY___ :
2024-11-28 14:23:07,662 INFO     ___FILE_ONLY___ 

2024-11-28 14:23:07,662 INFO     ___FILE_ONLY___   
2024-11-28 14:23:07,662 INFO     ___FILE_ONLY___ -
2024-11-28 14:23:07,662 INFO     ___FILE_ONLY___  
2024-11-28 14:23:07,662 INFO     ___FILE_ONLY___ serviceAccount:service-644941739395@gcp-sa-cloudbuild.iam.gserviceaccount.com
2024-11-28 14:23:07,662 INFO     ___FILE_ONLY___ 

2024-11-28 14:23:07,662 INFO     ___FILE_ONLY___   
2024-11-28 14:23:07,663 INFO     ___FILE_ONLY___ role
2024-11-28 14:23:07,663 INFO     ___FILE_ONLY___ :
2024-11-28 14:23:07,663 INFO     ___FILE_ONLY___  
2024-11-28 14:23:07,663 INFO     ___FILE_ONLY___ roles/cloudbuild.serviceAgent
2024-11-28 14:23:07,663 INFO     ___FILE_ONLY___ 

2024-11-28 14:23:07,663 INFO     ___FILE_ONLY___ -
2024-11-28 14:23:07,663 INFO     ___FILE_ONLY___  
2024-11-28 14:23:07,663 INFO     ___FILE_ONLY___ members
2024-11-28 14:23:07,663 INFO     ___FILE_ONLY___ :
2024-11-28 14:23:07,663 INFO     ___FILE_ONLY___ 

2024-11-28 14:23:07,663 INFO     ___FILE_ONLY___   
2024-11-28 14:23:07,663 INFO     ___FILE_ONLY___ -
2024-11-28 14:23:07,664 INFO     ___FILE_ONLY___  
2024-11-28 14:23:07,664 INFO     ___FILE_ONLY___ serviceAccount:644941739395@cloudbuild.gserviceaccount.com
2024-11-28 14:23:07,664 INFO     ___FILE_ONLY___ 

2024-11-28 14:23:07,664 INFO     ___FILE_ONLY___   
2024-11-28 14:23:07,664 INFO     ___FILE_ONLY___ role
2024-11-28 14:23:07,664 INFO     ___FILE_ONLY___ :
2024-11-28 14:23:07,664 INFO     ___FILE_ONLY___  
2024-11-28 14:23:07,664 INFO     ___FILE_ONLY___ roles/cloudfunctions.developer
2024-11-28 14:23:07,664 INFO     ___FILE_ONLY___ 

2024-11-28 14:23:07,664 INFO     ___FILE_ONLY___ -
2024-11-28 14:23:07,664 INFO     ___FILE_ONLY___  
2024-11-28 14:23:07,665 INFO     ___FILE_ONLY___ members
2024-11-28 14:23:07,665 INFO     ___FILE_ONLY___ :
2024-11-28 14:23:07,665 INFO     ___FILE_ONLY___ 

2024-11-28 14:23:07,665 INFO     ___FILE_ONLY___   
2024-11-28 14:23:07,665 INFO     ___FILE_ONLY___ -
2024-11-28 14:23:07,665 INFO     ___FILE_ONLY___  
2024-11-28 14:23:07,665 INFO     ___FILE_ONLY___ serviceAccount:service-644941739395@gcf-admin-robot.iam.gserviceaccount.com
2024-11-28 14:23:07,665 INFO     ___FILE_ONLY___ 

2024-11-28 14:23:07,665 INFO     ___FILE_ONLY___   
2024-11-28 14:23:07,665 INFO     ___FILE_ONLY___ role
2024-11-28 14:23:07,665 INFO     ___FILE_ONLY___ :
2024-11-28 14:23:07,665 INFO     ___FILE_ONLY___  
2024-11-28 14:23:07,666 INFO     ___FILE_ONLY___ roles/cloudfunctions.serviceAgent
2024-11-28 14:23:07,666 INFO     ___FILE_ONLY___ 

2024-11-28 14:23:07,666 INFO     ___FILE_ONLY___ -
2024-11-28 14:23:07,666 INFO     ___FILE_ONLY___  
2024-11-28 14:23:07,666 INFO     ___FILE_ONLY___ members
2024-11-28 14:23:07,666 INFO     ___FILE_ONLY___ :
2024-11-28 14:23:07,666 INFO     ___FILE_ONLY___ 

2024-11-28 14:23:07,666 INFO     ___FILE_ONLY___   
2024-11-28 14:23:07,666 INFO     ___FILE_ONLY___ -
2024-11-28 14:23:07,666 INFO     ___FILE_ONLY___  
2024-11-28 14:23:07,666 INFO     ___FILE_ONLY___ serviceAccount:vm-creater-account@inspired-photon-441609-k7.iam.gserviceaccount.com
2024-11-28 14:23:07,667 INFO     ___FILE_ONLY___ 

2024-11-28 14:23:07,667 INFO     ___FILE_ONLY___   
2024-11-28 14:23:07,667 INFO     ___FILE_ONLY___ role
2024-11-28 14:23:07,667 INFO     ___FILE_ONLY___ :
2024-11-28 14:23:07,667 INFO     ___FILE_ONLY___  
2024-11-28 14:23:07,667 INFO     ___FILE_ONLY___ roles/compute.instanceAdmin.v1
2024-11-28 14:23:07,667 INFO     ___FILE_ONLY___ 

2024-11-28 14:23:07,667 INFO     ___FILE_ONLY___ -
2024-11-28 14:23:07,667 INFO     ___FILE_ONLY___  
2024-11-28 14:23:07,667 INFO     ___FILE_ONLY___ members
2024-11-28 14:23:07,667 INFO     ___FILE_ONLY___ :
2024-11-28 14:23:07,667 INFO     ___FILE_ONLY___ 

2024-11-28 14:23:07,667 INFO     ___FILE_ONLY___   
2024-11-28 14:23:07,668 INFO     ___FILE_ONLY___ -
2024-11-28 14:23:07,668 INFO     ___FILE_ONLY___  
2024-11-28 14:23:07,668 INFO     ___FILE_ONLY___ serviceAccount:vm-creater-account@inspired-photon-441609-k7.iam.gserviceaccount.com
2024-11-28 14:23:07,668 INFO     ___FILE_ONLY___ 

2024-11-28 14:23:07,668 INFO     ___FILE_ONLY___   
2024-11-28 14:23:07,668 INFO     ___FILE_ONLY___ role
2024-11-28 14:23:07,668 INFO     ___FILE_ONLY___ :
2024-11-28 14:23:07,668 INFO     ___FILE_ONLY___  
2024-11-28 14:23:07,668 INFO     ___FILE_ONLY___ roles/compute.networkUser
2024-11-28 14:23:07,668 INFO     ___FILE_ONLY___ 

2024-11-28 14:23:07,669 INFO     ___FILE_ONLY___ -
2024-11-28 14:23:07,669 INFO     ___FILE_ONLY___  
2024-11-28 14:23:07,669 INFO     ___FILE_ONLY___ members
2024-11-28 14:23:07,669 INFO     ___FILE_ONLY___ :
2024-11-28 14:23:07,669 INFO     ___FILE_ONLY___ 

2024-11-28 14:23:07,669 INFO     ___FILE_ONLY___   
2024-11-28 14:23:07,669 INFO     ___FILE_ONLY___ -
2024-11-28 14:23:07,669 INFO     ___FILE_ONLY___  
2024-11-28 14:23:07,670 INFO     ___FILE_ONLY___ serviceAccount:service-644941739395@compute-system.iam.gserviceaccount.com
2024-11-28 14:23:07,670 INFO     ___FILE_ONLY___ 

2024-11-28 14:23:07,670 INFO     ___FILE_ONLY___   
2024-11-28 14:23:07,670 INFO     ___FILE_ONLY___ role
2024-11-28 14:23:07,670 INFO     ___FILE_ONLY___ :
2024-11-28 14:23:07,670 INFO     ___FILE_ONLY___  
2024-11-28 14:23:07,670 INFO     ___FILE_ONLY___ roles/compute.serviceAgent
2024-11-28 14:23:07,670 INFO     ___FILE_ONLY___ 

2024-11-28 14:23:07,670 INFO     ___FILE_ONLY___ -
2024-11-28 14:23:07,670 INFO     ___FILE_ONLY___  
2024-11-28 14:23:07,671 INFO     ___FILE_ONLY___ members
2024-11-28 14:23:07,671 INFO     ___FILE_ONLY___ :
2024-11-28 14:23:07,671 INFO     ___FILE_ONLY___ 

2024-11-28 14:23:07,671 INFO     ___FILE_ONLY___   
2024-11-28 14:23:07,671 INFO     ___FILE_ONLY___ -
2024-11-28 14:23:07,671 INFO     ___FILE_ONLY___  
2024-11-28 14:23:07,671 INFO     ___FILE_ONLY___ serviceAccount:service-644941739395@containerregistry.iam.gserviceaccount.com
2024-11-28 14:23:07,671 INFO     ___FILE_ONLY___ 

2024-11-28 14:23:07,671 INFO     ___FILE_ONLY___   
2024-11-28 14:23:07,671 INFO     ___FILE_ONLY___ role
2024-11-28 14:23:07,671 INFO     ___FILE_ONLY___ :
2024-11-28 14:23:07,671 INFO     ___FILE_ONLY___  
2024-11-28 14:23:07,672 INFO     ___FILE_ONLY___ roles/containerregistry.ServiceAgent
2024-11-28 14:23:07,672 INFO     ___FILE_ONLY___ 

2024-11-28 14:23:07,672 INFO     ___FILE_ONLY___ -
2024-11-28 14:23:07,672 INFO     ___FILE_ONLY___  
2024-11-28 14:23:07,672 INFO     ___FILE_ONLY___ members
2024-11-28 14:23:07,672 INFO     ___FILE_ONLY___ :
2024-11-28 14:23:07,672 INFO     ___FILE_ONLY___ 

2024-11-28 14:23:07,672 INFO     ___FILE_ONLY___   
2024-11-28 14:23:07,672 INFO     ___FILE_ONLY___ -
2024-11-28 14:23:07,672 INFO     ___FILE_ONLY___  
2024-11-28 14:23:07,672 INFO     ___FILE_ONLY___ serviceAccount:644941739395-compute@developer.gserviceaccount.com
2024-11-28 14:23:07,672 INFO     ___FILE_ONLY___ 

2024-11-28 14:23:07,673 INFO     ___FILE_ONLY___   
2024-11-28 14:23:07,673 INFO     ___FILE_ONLY___ -
2024-11-28 14:23:07,673 INFO     ___FILE_ONLY___  
2024-11-28 14:23:07,673 INFO     ___FILE_ONLY___ serviceAccount:644941739395@cloudservices.gserviceaccount.com
2024-11-28 14:23:07,673 INFO     ___FILE_ONLY___ 

2024-11-28 14:23:07,673 INFO     ___FILE_ONLY___   
2024-11-28 14:23:07,673 INFO     ___FILE_ONLY___ -
2024-11-28 14:23:07,673 INFO     ___FILE_ONLY___  
2024-11-28 14:23:07,673 INFO     ___FILE_ONLY___ serviceAccount:inspired-photon-441609-k7@appspot.gserviceaccount.com
2024-11-28 14:23:07,673 INFO     ___FILE_ONLY___ 

2024-11-28 14:23:07,673 INFO     ___FILE_ONLY___   
2024-11-28 14:23:07,673 INFO     ___FILE_ONLY___ -
2024-11-28 14:23:07,674 INFO     ___FILE_ONLY___  
2024-11-28 14:23:07,674 INFO     ___FILE_ONLY___ serviceAccount:vm-creater-account@inspired-photon-441609-k7.iam.gserviceaccount.com
2024-11-28 14:23:07,674 INFO     ___FILE_ONLY___ 

2024-11-28 14:23:07,674 INFO     ___FILE_ONLY___   
2024-11-28 14:23:07,674 INFO     ___FILE_ONLY___ role
2024-11-28 14:23:07,674 INFO     ___FILE_ONLY___ :
2024-11-28 14:23:07,674 INFO     ___FILE_ONLY___  
2024-11-28 14:23:07,674 INFO     ___FILE_ONLY___ roles/editor
2024-11-28 14:23:07,674 INFO     ___FILE_ONLY___ 

2024-11-28 14:23:07,674 INFO     ___FILE_ONLY___ -
2024-11-28 14:23:07,674 INFO     ___FILE_ONLY___  
2024-11-28 14:23:07,675 INFO     ___FILE_ONLY___ members
2024-11-28 14:23:07,675 INFO     ___FILE_ONLY___ :
2024-11-28 14:23:07,675 INFO     ___FILE_ONLY___ 

2024-11-28 14:23:07,675 INFO     ___FILE_ONLY___   
2024-11-28 14:23:07,675 INFO     ___FILE_ONLY___ -
2024-11-28 14:23:07,675 INFO     ___FILE_ONLY___  
2024-11-28 14:23:07,675 INFO     ___FILE_ONLY___ serviceAccount:service-644941739395@gcp-sa-eventarc.iam.gserviceaccount.com
2024-11-28 14:23:07,675 INFO     ___FILE_ONLY___ 

2024-11-28 14:23:07,675 INFO     ___FILE_ONLY___   
2024-11-28 14:23:07,675 INFO     ___FILE_ONLY___ role
2024-11-28 14:23:07,675 INFO     ___FILE_ONLY___ :
2024-11-28 14:23:07,675 INFO     ___FILE_ONLY___  
2024-11-28 14:23:07,676 INFO     ___FILE_ONLY___ roles/eventarc.serviceAgent
2024-11-28 14:23:07,676 INFO     ___FILE_ONLY___ 

2024-11-28 14:23:07,676 INFO     ___FILE_ONLY___ -
2024-11-28 14:23:07,676 INFO     ___FILE_ONLY___  
2024-11-28 14:23:07,676 INFO     ___FILE_ONLY___ members
2024-11-28 14:23:07,676 INFO     ___FILE_ONLY___ :
2024-11-28 14:23:07,676 INFO     ___FILE_ONLY___ 

2024-11-28 14:23:07,676 INFO     ___FILE_ONLY___   
2024-11-28 14:23:07,676 INFO     ___FILE_ONLY___ -
2024-11-28 14:23:07,676 INFO     ___FILE_ONLY___  
2024-11-28 14:23:07,676 INFO     ___FILE_ONLY___ serviceAccount:trigger-account@inspired-photon-441609-k7.iam.gserviceaccount.com
2024-11-28 14:23:07,676 INFO     ___FILE_ONLY___ 

2024-11-28 14:23:07,677 INFO     ___FILE_ONLY___   
2024-11-28 14:23:07,677 INFO     ___FILE_ONLY___ role
2024-11-28 14:23:07,677 INFO     ___FILE_ONLY___ :
2024-11-28 14:23:07,677 INFO     ___FILE_ONLY___  
2024-11-28 14:23:07,677 INFO     ___FILE_ONLY___ roles/iam.roleAdmin
2024-11-28 14:23:07,677 INFO     ___FILE_ONLY___ 

2024-11-28 14:23:07,677 INFO     ___FILE_ONLY___ -
2024-11-28 14:23:07,677 INFO     ___FILE_ONLY___  
2024-11-28 14:23:07,677 INFO     ___FILE_ONLY___ members
2024-11-28 14:23:07,677 INFO     ___FILE_ONLY___ :
2024-11-28 14:23:07,677 INFO     ___FILE_ONLY___ 

2024-11-28 14:23:07,677 INFO     ___FILE_ONLY___   
2024-11-28 14:23:07,678 INFO     ___FILE_ONLY___ -
2024-11-28 14:23:07,678 INFO     ___FILE_ONLY___  
2024-11-28 14:23:07,678 INFO     ___FILE_ONLY___ serviceAccount:644941739395@cloudbuild.gserviceaccount.com
2024-11-28 14:23:07,678 INFO     ___FILE_ONLY___ 

2024-11-28 14:23:07,678 INFO     ___FILE_ONLY___   
2024-11-28 14:23:07,678 INFO     ___FILE_ONLY___ -
2024-11-28 14:23:07,678 INFO     ___FILE_ONLY___  
2024-11-28 14:23:07,678 INFO     ___FILE_ONLY___ serviceAccount:vm-creater-account@inspired-photon-441609-k7.iam.gserviceaccount.com
2024-11-28 14:23:07,678 INFO     ___FILE_ONLY___ 

2024-11-28 14:23:07,678 INFO     ___FILE_ONLY___   
2024-11-28 14:23:07,678 INFO     ___FILE_ONLY___ role
2024-11-28 14:23:07,678 INFO     ___FILE_ONLY___ :
2024-11-28 14:23:07,679 INFO     ___FILE_ONLY___  
2024-11-28 14:23:07,679 INFO     ___FILE_ONLY___ roles/iam.serviceAccountUser
2024-11-28 14:23:07,679 INFO     ___FILE_ONLY___ 

2024-11-28 14:23:07,679 INFO     ___FILE_ONLY___ -
2024-11-28 14:23:07,679 INFO     ___FILE_ONLY___  
2024-11-28 14:23:07,679 INFO     ___FILE_ONLY___ members
2024-11-28 14:23:07,679 INFO     ___FILE_ONLY___ :
2024-11-28 14:23:07,679 INFO     ___FILE_ONLY___ 

2024-11-28 14:23:07,679 INFO     ___FILE_ONLY___   
2024-11-28 14:23:07,679 INFO     ___FILE_ONLY___ -
2024-11-28 14:23:07,679 INFO     ___FILE_ONLY___  
2024-11-28 14:23:07,679 INFO     ___FILE_ONLY___ user:das03285@gmail.com
2024-11-28 14:23:07,679 INFO     ___FILE_ONLY___ 

2024-11-28 14:23:07,680 INFO     ___FILE_ONLY___   
2024-11-28 14:23:07,680 INFO     ___FILE_ONLY___ role
2024-11-28 14:23:07,680 INFO     ___FILE_ONLY___ :
2024-11-28 14:23:07,680 INFO     ___FILE_ONLY___  
2024-11-28 14:23:07,680 INFO     ___FILE_ONLY___ roles/owner
2024-11-28 14:23:07,680 INFO     ___FILE_ONLY___ 

2024-11-28 14:23:07,680 INFO     ___FILE_ONLY___ -
2024-11-28 14:23:07,680 INFO     ___FILE_ONLY___  
2024-11-28 14:23:07,680 INFO     ___FILE_ONLY___ members
2024-11-28 14:23:07,680 INFO     ___FILE_ONLY___ :
2024-11-28 14:23:07,680 INFO     ___FILE_ONLY___ 

2024-11-28 14:23:07,680 INFO     ___FILE_ONLY___   
2024-11-28 14:23:07,681 INFO     ___FILE_ONLY___ -
2024-11-28 14:23:07,681 INFO     ___FILE_ONLY___  
2024-11-28 14:23:07,681 INFO     ___FILE_ONLY___ serviceAccount:service-644941739395@gs-project-accounts.iam.gserviceaccount.com
2024-11-28 14:23:07,681 INFO     ___FILE_ONLY___ 

2024-11-28 14:23:07,681 INFO     ___FILE_ONLY___   
2024-11-28 14:23:07,681 INFO     ___FILE_ONLY___ role
2024-11-28 14:23:07,681 INFO     ___FILE_ONLY___ :
2024-11-28 14:23:07,681 INFO     ___FILE_ONLY___  
2024-11-28 14:23:07,681 INFO     ___FILE_ONLY___ roles/pubsub.publisher
2024-11-28 14:23:07,681 INFO     ___FILE_ONLY___ 

2024-11-28 14:23:07,681 INFO     ___FILE_ONLY___ -
2024-11-28 14:23:07,681 INFO     ___FILE_ONLY___  
2024-11-28 14:23:07,682 INFO     ___FILE_ONLY___ members
2024-11-28 14:23:07,682 INFO     ___FILE_ONLY___ :
2024-11-28 14:23:07,682 INFO     ___FILE_ONLY___ 

2024-11-28 14:23:07,682 INFO     ___FILE_ONLY___   
2024-11-28 14:23:07,682 INFO     ___FILE_ONLY___ -
2024-11-28 14:23:07,682 INFO     ___FILE_ONLY___  
2024-11-28 14:23:07,682 INFO     ___FILE_ONLY___ serviceAccount:service-644941739395@gcp-sa-pubsub.iam.gserviceaccount.com
2024-11-28 14:23:07,682 INFO     ___FILE_ONLY___ 

2024-11-28 14:23:07,682 INFO     ___FILE_ONLY___   
2024-11-28 14:23:07,682 INFO     ___FILE_ONLY___ role
2024-11-28 14:23:07,682 INFO     ___FILE_ONLY___ :
2024-11-28 14:23:07,682 INFO     ___FILE_ONLY___  
2024-11-28 14:23:07,683 INFO     ___FILE_ONLY___ roles/pubsub.serviceAgent
2024-11-28 14:23:07,683 INFO     ___FILE_ONLY___ 

2024-11-28 14:23:07,683 INFO     ___FILE_ONLY___ -
2024-11-28 14:23:07,683 INFO     ___FILE_ONLY___  
2024-11-28 14:23:07,683 INFO     ___FILE_ONLY___ members
2024-11-28 14:23:07,683 INFO     ___FILE_ONLY___ :
2024-11-28 14:23:07,683 INFO     ___FILE_ONLY___ 

2024-11-28 14:23:07,683 INFO     ___FILE_ONLY___   
2024-11-28 14:23:07,683 INFO     ___FILE_ONLY___ -
2024-11-28 14:23:07,683 INFO     ___FILE_ONLY___  
2024-11-28 14:23:07,683 INFO     ___FILE_ONLY___ serviceAccount:trigger-account@inspired-photon-441609-k7.iam.gserviceaccount.com
2024-11-28 14:23:07,683 INFO     ___FILE_ONLY___ 

2024-11-28 14:23:07,684 INFO     ___FILE_ONLY___   
2024-11-28 14:23:07,684 INFO     ___FILE_ONLY___ role
2024-11-28 14:23:07,684 INFO     ___FILE_ONLY___ :
2024-11-28 14:23:07,684 INFO     ___FILE_ONLY___  
2024-11-28 14:23:07,684 INFO     ___FILE_ONLY___ roles/resourcemanager.projectIamAdmin
2024-11-28 14:23:07,684 INFO     ___FILE_ONLY___ 

2024-11-28 14:23:07,684 INFO     ___FILE_ONLY___ -
2024-11-28 14:23:07,684 INFO     ___FILE_ONLY___  
2024-11-28 14:23:07,684 INFO     ___FILE_ONLY___ members
2024-11-28 14:23:07,684 INFO     ___FILE_ONLY___ :
2024-11-28 14:23:07,684 INFO     ___FILE_ONLY___ 

2024-11-28 14:23:07,684 INFO     ___FILE_ONLY___   
2024-11-28 14:23:07,685 INFO     ___FILE_ONLY___ -
2024-11-28 14:23:07,685 INFO     ___FILE_ONLY___  
2024-11-28 14:23:07,685 INFO     ___FILE_ONLY___ serviceAccount:service-644941739395@serverless-robot-prod.iam.gserviceaccount.com
2024-11-28 14:23:07,685 INFO     ___FILE_ONLY___ 

2024-11-28 14:23:07,685 INFO     ___FILE_ONLY___   
2024-11-28 14:23:07,685 INFO     ___FILE_ONLY___ role
2024-11-28 14:23:07,685 INFO     ___FILE_ONLY___ :
2024-11-28 14:23:07,685 INFO     ___FILE_ONLY___  
2024-11-28 14:23:07,685 INFO     ___FILE_ONLY___ roles/run.serviceAgent
2024-11-28 14:23:07,685 INFO     ___FILE_ONLY___ 

2024-11-28 14:23:07,685 INFO     ___FILE_ONLY___ etag
2024-11-28 14:23:07,685 INFO     ___FILE_ONLY___ :
2024-11-28 14:23:07,686 INFO     ___FILE_ONLY___  
2024-11-28 14:23:07,686 INFO     ___FILE_ONLY___ BwYn-dI510k=
2024-11-28 14:23:07,686 INFO     ___FILE_ONLY___ 

2024-11-28 14:23:07,686 INFO     ___FILE_ONLY___ version
2024-11-28 14:23:07,686 INFO     ___FILE_ONLY___ :
2024-11-28 14:23:07,686 INFO     ___FILE_ONLY___  
2024-11-28 14:23:07,686 INFO     ___FILE_ONLY___ 1
2024-11-28 14:23:07,686 INFO     ___FILE_ONLY___ 

2024-11-28 14:23:07,687 DEBUG    root            SDK update checks are disabled.
