2024-11-28 14:20:10,052 DEBUG    root            Loaded Command Group: ['gcloud', 'projects']
2024-11-28 14:20:10,092 DEBUG    root            Loaded Command Group: ['gcloud', 'projects', 'add_iam_policy_binding']
2024-11-28 14:20:10,105 DEBUG    root            Running [gcloud.projects.add-iam-policy-binding] with arguments: [--member: "serviceAccount:service-644941739395@gcp-sa-eventarc.iam.gserviceaccount.com", --role: "roles/eventarc.serviceAgent", PROJECT_ID: "inspired-photon-441609-k7"]
2024-11-28 14:20:10,269 DEBUG    urllib3.connectionpool Starting new HTTPS connection (1): cloudresourcemanager.googleapis.com:443
2024-11-28 14:20:10,442 DEBUG    urllib3.connectionpool https://cloudresourcemanager.googleapis.com:443 "POST /v1/projects/inspired-photon-441609-k7:getIamPolicy?alt=json HTTP/1.1" 200 None
2024-11-28 14:20:10,580 DEBUG    urllib3.connectionpool Starting new HTTPS connection (1): cloudresourcemanager.googleapis.com:443
2024-11-28 14:20:11,121 DEBUG    urllib3.connectionpool https://cloudresourcemanager.googleapis.com:443 "POST /v1/projects/inspired-photon-441609-k7:setIamPolicy?alt=json HTTP/1.1" 200 None
2024-11-28 14:20:11,125 INFO     ___FILE_ONLY___ Updated IAM policy for project [inspired-photon-441609-k7].

2024-11-28 14:20:11,125 DEBUG    root            Chosen display Format:default
2024-11-28 14:20:11,126 INFO     root            Display format: "default"
2024-11-28 14:20:11,148 INFO     ___FILE_ONLY___ bindings
2024-11-28 14:20:11,148 INFO     ___FILE_ONLY___ :
2024-11-28 14:20:11,148 INFO     ___FILE_ONLY___ 

2024-11-28 14:20:11,148 INFO     ___FILE_ONLY___ -
2024-11-28 14:20:11,148 INFO     ___FILE_ONLY___  
2024-11-28 14:20:11,148 INFO     ___FILE_ONLY___ members
2024-11-28 14:20:11,149 INFO     ___FILE_ONLY___ :
2024-11-28 14:20:11,149 INFO     ___FILE_ONLY___ 

2024-11-28 14:20:11,149 INFO     ___FILE_ONLY___   
2024-11-28 14:20:11,149 INFO     ___FILE_ONLY___ -
2024-11-28 14:20:11,149 INFO     ___FILE_ONLY___  
2024-11-28 14:20:11,149 INFO     ___FILE_ONLY___ serviceAccount:trigger-account@inspired-photon-441609-k7.iam.gserviceaccount.com
2024-11-28 14:20:11,149 INFO     ___FILE_ONLY___ 

2024-11-28 14:20:11,149 INFO     ___FILE_ONLY___   
2024-11-28 14:20:11,149 INFO     ___FILE_ONLY___ role
2024-11-28 14:20:11,149 INFO     ___FILE_ONLY___ :
2024-11-28 14:20:11,150 INFO     ___FILE_ONLY___  
2024-11-28 14:20:11,150 INFO     ___FILE_ONLY___ projects/inspired-photon-441609-k7/roles/main_custom_role_18
2024-11-28 14:20:11,150 INFO     ___FILE_ONLY___ 

2024-11-28 14:20:11,150 INFO     ___FILE_ONLY___ -
2024-11-28 14:20:11,150 INFO     ___FILE_ONLY___  
2024-11-28 14:20:11,150 INFO     ___FILE_ONLY___ members
2024-11-28 14:20:11,150 INFO     ___FILE_ONLY___ :
2024-11-28 14:20:11,150 INFO     ___FILE_ONLY___ 

2024-11-28 14:20:11,150 INFO     ___FILE_ONLY___   
2024-11-28 14:20:11,150 INFO     ___FILE_ONLY___ -
2024-11-28 14:20:11,151 INFO     ___FILE_ONLY___  
2024-11-28 14:20:11,151 INFO     ___FILE_ONLY___ serviceAccount:service-644941739395@gcp-sa-artifactregistry.iam.gserviceaccount.com
2024-11-28 14:20:11,151 INFO     ___FILE_ONLY___ 

2024-11-28 14:20:11,151 INFO     ___FILE_ONLY___   
2024-11-28 14:20:11,151 INFO     ___FILE_ONLY___ role
2024-11-28 14:20:11,151 INFO     ___FILE_ONLY___ :
2024-11-28 14:20:11,151 INFO     ___FILE_ONLY___  
2024-11-28 14:20:11,151 INFO     ___FILE_ONLY___ roles/artifactregistry.serviceAgent
2024-11-28 14:20:11,151 INFO     ___FILE_ONLY___ 

2024-11-28 14:20:11,152 INFO     ___FILE_ONLY___ -
2024-11-28 14:20:11,152 INFO     ___FILE_ONLY___  
2024-11-28 14:20:11,152 INFO     ___FILE_ONLY___ members
2024-11-28 14:20:11,152 INFO     ___FILE_ONLY___ :
2024-11-28 14:20:11,152 INFO     ___FILE_ONLY___ 

2024-11-28 14:20:11,152 INFO     ___FILE_ONLY___   
2024-11-28 14:20:11,152 INFO     ___FILE_ONLY___ -
2024-11-28 14:20:11,152 INFO     ___FILE_ONLY___  
2024-11-28 14:20:11,152 INFO     ___FILE_ONLY___ serviceAccount:644941739395@cloudbuild.gserviceaccount.com
2024-11-28 14:20:11,152 INFO     ___FILE_ONLY___ 

2024-11-28 14:20:11,152 INFO     ___FILE_ONLY___   
2024-11-28 14:20:11,153 INFO     ___FILE_ONLY___ role
2024-11-28 14:20:11,153 INFO     ___FILE_ONLY___ :
2024-11-28 14:20:11,153 INFO     ___FILE_ONLY___  
2024-11-28 14:20:11,153 INFO     ___FILE_ONLY___ roles/cloudbuild.builds.builder
2024-11-28 14:20:11,153 INFO     ___FILE_ONLY___ 

2024-11-28 14:20:11,153 INFO     ___FILE_ONLY___ -
2024-11-28 14:20:11,153 INFO     ___FILE_ONLY___  
2024-11-28 14:20:11,153 INFO     ___FILE_ONLY___ members
2024-11-28 14:20:11,153 INFO     ___FILE_ONLY___ :
2024-11-28 14:20:11,153 INFO     ___FILE_ONLY___ 

2024-11-28 14:20:11,153 INFO     ___FILE_ONLY___   
2024-11-28 14:20:11,154 INFO     ___FILE_ONLY___ -
2024-11-28 14:20:11,154 INFO     ___FILE_ONLY___  
2024-11-28 14:20:11,154 INFO     ___FILE_ONLY___ serviceAccount:service-644941739395@gcp-sa-cloudbuild.iam.gserviceaccount.com
2024-11-28 14:20:11,154 INFO     ___FILE_ONLY___ 

2024-11-28 14:20:11,154 INFO     ___FILE_ONLY___   
2024-11-28 14:20:11,154 INFO     ___FILE_ONLY___ role
2024-11-28 14:20:11,154 INFO     ___FILE_ONLY___ :
2024-11-28 14:20:11,154 INFO     ___FILE_ONLY___  
2024-11-28 14:20:11,154 INFO     ___FILE_ONLY___ roles/cloudbuild.serviceAgent
2024-11-28 14:20:11,154 INFO     ___FILE_ONLY___ 

2024-11-28 14:20:11,154 INFO     ___FILE_ONLY___ -
2024-11-28 14:20:11,154 INFO     ___FILE_ONLY___  
2024-11-28 14:20:11,155 INFO     ___FILE_ONLY___ members
2024-11-28 14:20:11,155 INFO     ___FILE_ONLY___ :
2024-11-28 14:20:11,155 INFO     ___FILE_ONLY___ 

2024-11-28 14:20:11,155 INFO     ___FILE_ONLY___   
2024-11-28 14:20:11,155 INFO     ___FILE_ONLY___ -
2024-11-28 14:20:11,155 INFO     ___FILE_ONLY___  
2024-11-28 14:20:11,155 INFO     ___FILE_ONLY___ serviceAccount:644941739395@cloudbuild.gserviceaccount.com
2024-11-28 14:20:11,155 INFO     ___FILE_ONLY___ 

2024-11-28 14:20:11,155 INFO     ___FILE_ONLY___   
2024-11-28 14:20:11,155 INFO     ___FILE_ONLY___ role
2024-11-28 14:20:11,155 INFO     ___FILE_ONLY___ :
2024-11-28 14:20:11,156 INFO     ___FILE_ONLY___  
2024-11-28 14:20:11,156 INFO     ___FILE_ONLY___ roles/cloudfunctions.developer
2024-11-28 14:20:11,156 INFO     ___FILE_ONLY___ 

2024-11-28 14:20:11,156 INFO     ___FILE_ONLY___ -
2024-11-28 14:20:11,156 INFO     ___FILE_ONLY___  
2024-11-28 14:20:11,156 INFO     ___FILE_ONLY___ members
2024-11-28 14:20:11,156 INFO     ___FILE_ONLY___ :
2024-11-28 14:20:11,156 INFO     ___FILE_ONLY___ 

2024-11-28 14:20:11,156 INFO     ___FILE_ONLY___   
2024-11-28 14:20:11,156 INFO     ___FILE_ONLY___ -
2024-11-28 14:20:11,156 INFO     ___FILE_ONLY___  
2024-11-28 14:20:11,156 INFO     ___FILE_ONLY___ serviceAccount:service-644941739395@gcf-admin-robot.iam.gserviceaccount.com
2024-11-28 14:20:11,157 INFO     ___FILE_ONLY___ 

2024-11-28 14:20:11,157 INFO     ___FILE_ONLY___   
2024-11-28 14:20:11,157 INFO     ___FILE_ONLY___ role
2024-11-28 14:20:11,157 INFO     ___FILE_ONLY___ :
2024-11-28 14:20:11,157 INFO     ___FILE_ONLY___  
2024-11-28 14:20:11,157 INFO     ___FILE_ONLY___ roles/cloudfunctions.serviceAgent
2024-11-28 14:20:11,157 INFO     ___FILE_ONLY___ 

2024-11-28 14:20:11,157 INFO     ___FILE_ONLY___ -
2024-11-28 14:20:11,157 INFO     ___FILE_ONLY___  
2024-11-28 14:20:11,158 INFO     ___FILE_ONLY___ members
2024-11-28 14:20:11,158 INFO     ___FILE_ONLY___ :
2024-11-28 14:20:11,158 INFO     ___FILE_ONLY___ 

2024-11-28 14:20:11,158 INFO     ___FILE_ONLY___   
2024-11-28 14:20:11,158 INFO     ___FILE_ONLY___ -
2024-11-28 14:20:11,158 INFO     ___FILE_ONLY___  
2024-11-28 14:20:11,158 INFO     ___FILE_ONLY___ serviceAccount:vm-creater-account@inspired-photon-441609-k7.iam.gserviceaccount.com
2024-11-28 14:20:11,158 INFO     ___FILE_ONLY___ 

2024-11-28 14:20:11,158 INFO     ___FILE_ONLY___   
2024-11-28 14:20:11,159 INFO     ___FILE_ONLY___ role
2024-11-28 14:20:11,159 INFO     ___FILE_ONLY___ :
2024-11-28 14:20:11,159 INFO     ___FILE_ONLY___  
2024-11-28 14:20:11,159 INFO     ___FILE_ONLY___ roles/compute.instanceAdmin.v1
2024-11-28 14:20:11,159 INFO     ___FILE_ONLY___ 

2024-11-28 14:20:11,159 INFO     ___FILE_ONLY___ -
2024-11-28 14:20:11,159 INFO     ___FILE_ONLY___  
2024-11-28 14:20:11,159 INFO     ___FILE_ONLY___ members
2024-11-28 14:20:11,159 INFO     ___FILE_ONLY___ :
2024-11-28 14:20:11,159 INFO     ___FILE_ONLY___ 

2024-11-28 14:20:11,159 INFO     ___FILE_ONLY___   
2024-11-28 14:20:11,160 INFO     ___FILE_ONLY___ -
2024-11-28 14:20:11,160 INFO     ___FILE_ONLY___  
2024-11-28 14:20:11,160 INFO     ___FILE_ONLY___ serviceAccount:vm-creater-account@inspired-photon-441609-k7.iam.gserviceaccount.com
2024-11-28 14:20:11,160 INFO     ___FILE_ONLY___ 

2024-11-28 14:20:11,160 INFO     ___FILE_ONLY___   
2024-11-28 14:20:11,160 INFO     ___FILE_ONLY___ role
2024-11-28 14:20:11,160 INFO     ___FILE_ONLY___ :
2024-11-28 14:20:11,160 INFO     ___FILE_ONLY___  
2024-11-28 14:20:11,160 INFO     ___FILE_ONLY___ roles/compute.networkUser
2024-11-28 14:20:11,160 INFO     ___FILE_ONLY___ 

2024-11-28 14:20:11,160 INFO     ___FILE_ONLY___ -
2024-11-28 14:20:11,161 INFO     ___FILE_ONLY___  
2024-11-28 14:20:11,161 INFO     ___FILE_ONLY___ members
2024-11-28 14:20:11,161 INFO     ___FILE_ONLY___ :
2024-11-28 14:20:11,161 INFO     ___FILE_ONLY___ 

2024-11-28 14:20:11,161 INFO     ___FILE_ONLY___   
2024-11-28 14:20:11,161 INFO     ___FILE_ONLY___ -
2024-11-28 14:20:11,161 INFO     ___FILE_ONLY___  
2024-11-28 14:20:11,161 INFO     ___FILE_ONLY___ serviceAccount:service-644941739395@compute-system.iam.gserviceaccount.com
2024-11-28 14:20:11,161 INFO     ___FILE_ONLY___ 

2024-11-28 14:20:11,161 INFO     ___FILE_ONLY___   
2024-11-28 14:20:11,161 INFO     ___FILE_ONLY___ role
2024-11-28 14:20:11,161 INFO     ___FILE_ONLY___ :
2024-11-28 14:20:11,162 INFO     ___FILE_ONLY___  
2024-11-28 14:20:11,162 INFO     ___FILE_ONLY___ roles/compute.serviceAgent
2024-11-28 14:20:11,162 INFO     ___FILE_ONLY___ 

2024-11-28 14:20:11,162 INFO     ___FILE_ONLY___ -
2024-11-28 14:20:11,162 INFO     ___FILE_ONLY___  
2024-11-28 14:20:11,162 INFO     ___FILE_ONLY___ members
2024-11-28 14:20:11,162 INFO     ___FILE_ONLY___ :
2024-11-28 14:20:11,162 INFO     ___FILE_ONLY___ 

2024-11-28 14:20:11,162 INFO     ___FILE_ONLY___   
2024-11-28 14:20:11,162 INFO     ___FILE_ONLY___ -
2024-11-28 14:20:11,162 INFO     ___FILE_ONLY___  
2024-11-28 14:20:11,162 INFO     ___FILE_ONLY___ serviceAccount:service-644941739395@containerregistry.iam.gserviceaccount.com
2024-11-28 14:20:11,163 INFO     ___FILE_ONLY___ 

2024-11-28 14:20:11,163 INFO     ___FILE_ONLY___   
2024-11-28 14:20:11,163 INFO     ___FILE_ONLY___ role
2024-11-28 14:20:11,163 INFO     ___FILE_ONLY___ :
2024-11-28 14:20:11,163 INFO     ___FILE_ONLY___  
2024-11-28 14:20:11,163 INFO     ___FILE_ONLY___ roles/containerregistry.ServiceAgent
2024-11-28 14:20:11,163 INFO     ___FILE_ONLY___ 

2024-11-28 14:20:11,163 INFO     ___FILE_ONLY___ -
2024-11-28 14:20:11,163 INFO     ___FILE_ONLY___  
2024-11-28 14:20:11,163 INFO     ___FILE_ONLY___ members
2024-11-28 14:20:11,163 INFO     ___FILE_ONLY___ :
2024-11-28 14:20:11,163 INFO     ___FILE_ONLY___ 

2024-11-28 14:20:11,164 INFO     ___FILE_ONLY___   
2024-11-28 14:20:11,164 INFO     ___FILE_ONLY___ -
2024-11-28 14:20:11,164 INFO     ___FILE_ONLY___  
2024-11-28 14:20:11,164 INFO     ___FILE_ONLY___ serviceAccount:644941739395-compute@developer.gserviceaccount.com
2024-11-28 14:20:11,164 INFO     ___FILE_ONLY___ 

2024-11-28 14:20:11,164 INFO     ___FILE_ONLY___   
2024-11-28 14:20:11,164 INFO     ___FILE_ONLY___ -
2024-11-28 14:20:11,164 INFO     ___FILE_ONLY___  
2024-11-28 14:20:11,165 INFO     ___FILE_ONLY___ serviceAccount:644941739395@cloudservices.gserviceaccount.com
2024-11-28 14:20:11,165 INFO     ___FILE_ONLY___ 

2024-11-28 14:20:11,165 INFO     ___FILE_ONLY___   
2024-11-28 14:20:11,165 INFO     ___FILE_ONLY___ -
2024-11-28 14:20:11,165 INFO     ___FILE_ONLY___  
2024-11-28 14:20:11,165 INFO     ___FILE_ONLY___ serviceAccount:inspired-photon-441609-k7@appspot.gserviceaccount.com
2024-11-28 14:20:11,165 INFO     ___FILE_ONLY___ 

2024-11-28 14:20:11,165 INFO     ___FILE_ONLY___   
2024-11-28 14:20:11,165 INFO     ___FILE_ONLY___ -
2024-11-28 14:20:11,165 INFO     ___FILE_ONLY___  
2024-11-28 14:20:11,166 INFO     ___FILE_ONLY___ serviceAccount:vm-creater-account@inspired-photon-441609-k7.iam.gserviceaccount.com
2024-11-28 14:20:11,166 INFO     ___FILE_ONLY___ 

2024-11-28 14:20:11,166 INFO     ___FILE_ONLY___   
2024-11-28 14:20:11,166 INFO     ___FILE_ONLY___ role
2024-11-28 14:20:11,166 INFO     ___FILE_ONLY___ :
2024-11-28 14:20:11,166 INFO     ___FILE_ONLY___  
2024-11-28 14:20:11,166 INFO     ___FILE_ONLY___ roles/editor
2024-11-28 14:20:11,166 INFO     ___FILE_ONLY___ 

2024-11-28 14:20:11,166 INFO     ___FILE_ONLY___ -
2024-11-28 14:20:11,166 INFO     ___FILE_ONLY___  
2024-11-28 14:20:11,167 INFO     ___FILE_ONLY___ members
2024-11-28 14:20:11,167 INFO     ___FILE_ONLY___ :
2024-11-28 14:20:11,167 INFO     ___FILE_ONLY___ 

2024-11-28 14:20:11,167 INFO     ___FILE_ONLY___   
2024-11-28 14:20:11,167 INFO     ___FILE_ONLY___ -
2024-11-28 14:20:11,167 INFO     ___FILE_ONLY___  
2024-11-28 14:20:11,167 INFO     ___FILE_ONLY___ serviceAccount:service-644941739395@gcp-sa-eventarc.iam.gserviceaccount.com
2024-11-28 14:20:11,167 INFO     ___FILE_ONLY___ 

2024-11-28 14:20:11,167 INFO     ___FILE_ONLY___   
2024-11-28 14:20:11,167 INFO     ___FILE_ONLY___ role
2024-11-28 14:20:11,167 INFO     ___FILE_ONLY___ :
2024-11-28 14:20:11,167 INFO     ___FILE_ONLY___  
2024-11-28 14:20:11,168 INFO     ___FILE_ONLY___ roles/eventarc.serviceAgent
2024-11-28 14:20:11,168 INFO     ___FILE_ONLY___ 

2024-11-28 14:20:11,168 INFO     ___FILE_ONLY___ -
2024-11-28 14:20:11,168 INFO     ___FILE_ONLY___  
2024-11-28 14:20:11,168 INFO     ___FILE_ONLY___ members
2024-11-28 14:20:11,168 INFO     ___FILE_ONLY___ :
2024-11-28 14:20:11,168 INFO     ___FILE_ONLY___ 

2024-11-28 14:20:11,168 INFO     ___FILE_ONLY___   
2024-11-28 14:20:11,168 INFO     ___FILE_ONLY___ -
2024-11-28 14:20:11,168 INFO     ___FILE_ONLY___  
2024-11-28 14:20:11,168 INFO     ___FILE_ONLY___ serviceAccount:trigger-account@inspired-photon-441609-k7.iam.gserviceaccount.com
2024-11-28 14:20:11,168 INFO     ___FILE_ONLY___ 

2024-11-28 14:20:11,169 INFO     ___FILE_ONLY___   
2024-11-28 14:20:11,169 INFO     ___FILE_ONLY___ role
2024-11-28 14:20:11,169 INFO     ___FILE_ONLY___ :
2024-11-28 14:20:11,169 INFO     ___FILE_ONLY___  
2024-11-28 14:20:11,169 INFO     ___FILE_ONLY___ roles/iam.roleAdmin
2024-11-28 14:20:11,169 INFO     ___FILE_ONLY___ 

2024-11-28 14:20:11,169 INFO     ___FILE_ONLY___ -
2024-11-28 14:20:11,169 INFO     ___FILE_ONLY___  
2024-11-28 14:20:11,169 INFO     ___FILE_ONLY___ members
2024-11-28 14:20:11,169 INFO     ___FILE_ONLY___ :
2024-11-28 14:20:11,169 INFO     ___FILE_ONLY___ 

2024-11-28 14:20:11,170 INFO     ___FILE_ONLY___   
2024-11-28 14:20:11,170 INFO     ___FILE_ONLY___ -
2024-11-28 14:20:11,170 INFO     ___FILE_ONLY___  
2024-11-28 14:20:11,170 INFO     ___FILE_ONLY___ serviceAccount:644941739395@cloudbuild.gserviceaccount.com
2024-11-28 14:20:11,170 INFO     ___FILE_ONLY___ 

2024-11-28 14:20:11,170 INFO     ___FILE_ONLY___   
2024-11-28 14:20:11,170 INFO     ___FILE_ONLY___ -
2024-11-28 14:20:11,170 INFO     ___FILE_ONLY___  
2024-11-28 14:20:11,170 INFO     ___FILE_ONLY___ serviceAccount:vm-creater-account@inspired-photon-441609-k7.iam.gserviceaccount.com
2024-11-28 14:20:11,170 INFO     ___FILE_ONLY___ 

2024-11-28 14:20:11,170 INFO     ___FILE_ONLY___   
2024-11-28 14:20:11,170 INFO     ___FILE_ONLY___ role
2024-11-28 14:20:11,171 INFO     ___FILE_ONLY___ :
2024-11-28 14:20:11,171 INFO     ___FILE_ONLY___  
2024-11-28 14:20:11,171 INFO     ___FILE_ONLY___ roles/iam.serviceAccountUser
2024-11-28 14:20:11,171 INFO     ___FILE_ONLY___ 

2024-11-28 14:20:11,171 INFO     ___FILE_ONLY___ -
2024-11-28 14:20:11,171 INFO     ___FILE_ONLY___  
2024-11-28 14:20:11,171 INFO     ___FILE_ONLY___ members
2024-11-28 14:20:11,171 INFO     ___FILE_ONLY___ :
2024-11-28 14:20:11,171 INFO     ___FILE_ONLY___ 

2024-11-28 14:20:11,171 INFO     ___FILE_ONLY___   
2024-11-28 14:20:11,171 INFO     ___FILE_ONLY___ -
2024-11-28 14:20:11,172 INFO     ___FILE_ONLY___  
2024-11-28 14:20:11,172 INFO     ___FILE_ONLY___ user:das03285@gmail.com
2024-11-28 14:20:11,172 INFO     ___FILE_ONLY___ 

2024-11-28 14:20:11,172 INFO     ___FILE_ONLY___   
2024-11-28 14:20:11,172 INFO     ___FILE_ONLY___ role
2024-11-28 14:20:11,172 INFO     ___FILE_ONLY___ :
2024-11-28 14:20:11,172 INFO     ___FILE_ONLY___  
2024-11-28 14:20:11,172 INFO     ___FILE_ONLY___ roles/owner
2024-11-28 14:20:11,172 INFO     ___FILE_ONLY___ 

2024-11-28 14:20:11,172 INFO     ___FILE_ONLY___ -
2024-11-28 14:20:11,172 INFO     ___FILE_ONLY___  
2024-11-28 14:20:11,172 INFO     ___FILE_ONLY___ members
2024-11-28 14:20:11,173 INFO     ___FILE_ONLY___ :
2024-11-28 14:20:11,173 INFO     ___FILE_ONLY___ 

2024-11-28 14:20:11,173 INFO     ___FILE_ONLY___   
2024-11-28 14:20:11,173 INFO     ___FILE_ONLY___ -
2024-11-28 14:20:11,173 INFO     ___FILE_ONLY___  
2024-11-28 14:20:11,173 INFO     ___FILE_ONLY___ serviceAccount:service-644941739395@gs-project-accounts.iam.gserviceaccount.com
2024-11-28 14:20:11,173 INFO     ___FILE_ONLY___ 

2024-11-28 14:20:11,173 INFO     ___FILE_ONLY___   
2024-11-28 14:20:11,173 INFO     ___FILE_ONLY___ role
2024-11-28 14:20:11,173 INFO     ___FILE_ONLY___ :
2024-11-28 14:20:11,173 INFO     ___FILE_ONLY___  
2024-11-28 14:20:11,173 INFO     ___FILE_ONLY___ roles/pubsub.publisher
2024-11-28 14:20:11,174 INFO     ___FILE_ONLY___ 

2024-11-28 14:20:11,174 INFO     ___FILE_ONLY___ -
2024-11-28 14:20:11,174 INFO     ___FILE_ONLY___  
2024-11-28 14:20:11,174 INFO     ___FILE_ONLY___ members
2024-11-28 14:20:11,174 INFO     ___FILE_ONLY___ :
2024-11-28 14:20:11,174 INFO     ___FILE_ONLY___ 

2024-11-28 14:20:11,174 INFO     ___FILE_ONLY___   
2024-11-28 14:20:11,174 INFO     ___FILE_ONLY___ -
2024-11-28 14:20:11,174 INFO     ___FILE_ONLY___  
2024-11-28 14:20:11,175 INFO     ___FILE_ONLY___ serviceAccount:service-644941739395@gcp-sa-pubsub.iam.gserviceaccount.com
2024-11-28 14:20:11,175 INFO     ___FILE_ONLY___ 

2024-11-28 14:20:11,175 INFO     ___FILE_ONLY___   
2024-11-28 14:20:11,175 INFO     ___FILE_ONLY___ role
2024-11-28 14:20:11,175 INFO     ___FILE_ONLY___ :
2024-11-28 14:20:11,175 INFO     ___FILE_ONLY___  
2024-11-28 14:20:11,175 INFO     ___FILE_ONLY___ roles/pubsub.serviceAgent
2024-11-28 14:20:11,175 INFO     ___FILE_ONLY___ 

2024-11-28 14:20:11,176 INFO     ___FILE_ONLY___ -
2024-11-28 14:20:11,176 INFO     ___FILE_ONLY___  
2024-11-28 14:20:11,176 INFO     ___FILE_ONLY___ members
2024-11-28 14:20:11,176 INFO     ___FILE_ONLY___ :
2024-11-28 14:20:11,176 INFO     ___FILE_ONLY___ 

2024-11-28 14:20:11,176 INFO     ___FILE_ONLY___   
2024-11-28 14:20:11,176 INFO     ___FILE_ONLY___ -
2024-11-28 14:20:11,176 INFO     ___FILE_ONLY___  
2024-11-28 14:20:11,176 INFO     ___FILE_ONLY___ serviceAccount:trigger-account@inspired-photon-441609-k7.iam.gserviceaccount.com
2024-11-28 14:20:11,177 INFO     ___FILE_ONLY___ 

2024-11-28 14:20:11,177 INFO     ___FILE_ONLY___   
2024-11-28 14:20:11,177 INFO     ___FILE_ONLY___ role
2024-11-28 14:20:11,177 INFO     ___FILE_ONLY___ :
2024-11-28 14:20:11,177 INFO     ___FILE_ONLY___  
2024-11-28 14:20:11,177 INFO     ___FILE_ONLY___ roles/resourcemanager.projectIamAdmin
2024-11-28 14:20:11,177 INFO     ___FILE_ONLY___ 

2024-11-28 14:20:11,177 INFO     ___FILE_ONLY___ -
2024-11-28 14:20:11,178 INFO     ___FILE_ONLY___  
2024-11-28 14:20:11,178 INFO     ___FILE_ONLY___ members
2024-11-28 14:20:11,178 INFO     ___FILE_ONLY___ :
2024-11-28 14:20:11,178 INFO     ___FILE_ONLY___ 

2024-11-28 14:20:11,178 INFO     ___FILE_ONLY___   
2024-11-28 14:20:11,178 INFO     ___FILE_ONLY___ -
2024-11-28 14:20:11,178 INFO     ___FILE_ONLY___  
2024-11-28 14:20:11,178 INFO     ___FILE_ONLY___ serviceAccount:service-644941739395@serverless-robot-prod.iam.gserviceaccount.com
2024-11-28 14:20:11,178 INFO     ___FILE_ONLY___ 

2024-11-28 14:20:11,178 INFO     ___FILE_ONLY___   
2024-11-28 14:20:11,179 INFO     ___FILE_ONLY___ role
2024-11-28 14:20:11,179 INFO     ___FILE_ONLY___ :
2024-11-28 14:20:11,179 INFO     ___FILE_ONLY___  
2024-11-28 14:20:11,179 INFO     ___FILE_ONLY___ roles/run.serviceAgent
2024-11-28 14:20:11,179 INFO     ___FILE_ONLY___ 

2024-11-28 14:20:11,179 INFO     ___FILE_ONLY___ etag
2024-11-28 14:20:11,179 INFO     ___FILE_ONLY___ :
2024-11-28 14:20:11,180 INFO     ___FILE_ONLY___  
2024-11-28 14:20:11,180 INFO     ___FILE_ONLY___ BwYn-ce0mnY=
2024-11-28 14:20:11,180 INFO     ___FILE_ONLY___ 

2024-11-28 14:20:11,180 INFO     ___FILE_ONLY___ version
2024-11-28 14:20:11,180 INFO     ___FILE_ONLY___ :
2024-11-28 14:20:11,180 INFO     ___FILE_ONLY___  
2024-11-28 14:20:11,180 INFO     ___FILE_ONLY___ 1
2024-11-28 14:20:11,180 INFO     ___FILE_ONLY___ 

2024-11-28 14:20:11,181 DEBUG    root            SDK update checks are disabled.
