2024-11-28 14:50:24,477 DEBUG    root            Loaded Command Group: ['gcloud', 'projects']
2024-11-28 14:50:24,527 DEBUG    root            Loaded Command Group: ['gcloud', 'projects', 'add_iam_policy_binding']
2024-11-28 14:50:24,541 DEBUG    root            Running [gcloud.projects.add-iam-policy-binding] with arguments: [--member: "serviceAccount:service-644941739395@gs-project-accounts.iam.gserviceaccount.com", --role: "roles/pubsub.publisher", PROJECT_ID: "inspired-photon-441609-k7"]
2024-11-28 14:50:24,701 DEBUG    urllib3.connectionpool Starting new HTTPS connection (1): cloudresourcemanager.googleapis.com:443
2024-11-28 14:50:24,838 DEBUG    urllib3.connectionpool https://cloudresourcemanager.googleapis.com:443 "POST /v1/projects/inspired-photon-441609-k7:getIamPolicy?alt=json HTTP/1.1" 200 None
2024-11-28 14:50:24,975 DEBUG    urllib3.connectionpool Starting new HTTPS connection (1): cloudresourcemanager.googleapis.com:443
2024-11-28 14:50:25,664 DEBUG    urllib3.connectionpool https://cloudresourcemanager.googleapis.com:443 "POST /v1/projects/inspired-photon-441609-k7:setIamPolicy?alt=json HTTP/1.1" 200 None
2024-11-28 14:50:25,668 INFO     ___FILE_ONLY___ Updated IAM policy for project [inspired-photon-441609-k7].

2024-11-28 14:50:25,668 DEBUG    root            Chosen display Format:default
2024-11-28 14:50:25,669 INFO     root            Display format: "default"
2024-11-28 14:50:25,691 INFO     ___FILE_ONLY___ bindings
2024-11-28 14:50:25,691 INFO     ___FILE_ONLY___ :
2024-11-28 14:50:25,691 INFO     ___FILE_ONLY___ 

2024-11-28 14:50:25,691 INFO     ___FILE_ONLY___ -
2024-11-28 14:50:25,691 INFO     ___FILE_ONLY___  
2024-11-28 14:50:25,691 INFO     ___FILE_ONLY___ members
2024-11-28 14:50:25,692 INFO     ___FILE_ONLY___ :
2024-11-28 14:50:25,692 INFO     ___FILE_ONLY___ 

2024-11-28 14:50:25,692 INFO     ___FILE_ONLY___   
2024-11-28 14:50:25,692 INFO     ___FILE_ONLY___ -
2024-11-28 14:50:25,692 INFO     ___FILE_ONLY___  
2024-11-28 14:50:25,692 INFO     ___FILE_ONLY___ serviceAccount:trigger-account@inspired-photon-441609-k7.iam.gserviceaccount.com
2024-11-28 14:50:25,692 INFO     ___FILE_ONLY___ 

2024-11-28 14:50:25,692 INFO     ___FILE_ONLY___   
2024-11-28 14:50:25,692 INFO     ___FILE_ONLY___ role
2024-11-28 14:50:25,692 INFO     ___FILE_ONLY___ :
2024-11-28 14:50:25,693 INFO     ___FILE_ONLY___  
2024-11-28 14:50:25,693 INFO     ___FILE_ONLY___ projects/inspired-photon-441609-k7/roles/main_custom_role_18
2024-11-28 14:50:25,693 INFO     ___FILE_ONLY___ 

2024-11-28 14:50:25,693 INFO     ___FILE_ONLY___ -
2024-11-28 14:50:25,693 INFO     ___FILE_ONLY___  
2024-11-28 14:50:25,693 INFO     ___FILE_ONLY___ members
2024-11-28 14:50:25,693 INFO     ___FILE_ONLY___ :
2024-11-28 14:50:25,693 INFO     ___FILE_ONLY___ 

2024-11-28 14:50:25,693 INFO     ___FILE_ONLY___   
2024-11-28 14:50:25,693 INFO     ___FILE_ONLY___ -
2024-11-28 14:50:25,694 INFO     ___FILE_ONLY___  
2024-11-28 14:50:25,694 INFO     ___FILE_ONLY___ serviceAccount:service-644941739395@gcp-sa-artifactregistry.iam.gserviceaccount.com
2024-11-28 14:50:25,694 INFO     ___FILE_ONLY___ 

2024-11-28 14:50:25,694 INFO     ___FILE_ONLY___   
2024-11-28 14:50:25,694 INFO     ___FILE_ONLY___ role
2024-11-28 14:50:25,694 INFO     ___FILE_ONLY___ :
2024-11-28 14:50:25,694 INFO     ___FILE_ONLY___  
2024-11-28 14:50:25,694 INFO     ___FILE_ONLY___ roles/artifactregistry.serviceAgent
2024-11-28 14:50:25,694 INFO     ___FILE_ONLY___ 

2024-11-28 14:50:25,694 INFO     ___FILE_ONLY___ -
2024-11-28 14:50:25,695 INFO     ___FILE_ONLY___  
2024-11-28 14:50:25,695 INFO     ___FILE_ONLY___ members
2024-11-28 14:50:25,695 INFO     ___FILE_ONLY___ :
2024-11-28 14:50:25,695 INFO     ___FILE_ONLY___ 

2024-11-28 14:50:25,695 INFO     ___FILE_ONLY___   
2024-11-28 14:50:25,695 INFO     ___FILE_ONLY___ -
2024-11-28 14:50:25,695 INFO     ___FILE_ONLY___  
2024-11-28 14:50:25,696 INFO     ___FILE_ONLY___ serviceAccount:644941739395@cloudbuild.gserviceaccount.com
2024-11-28 14:50:25,696 INFO     ___FILE_ONLY___ 

2024-11-28 14:50:25,696 INFO     ___FILE_ONLY___   
2024-11-28 14:50:25,696 INFO     ___FILE_ONLY___ role
2024-11-28 14:50:25,696 INFO     ___FILE_ONLY___ :
2024-11-28 14:50:25,696 INFO     ___FILE_ONLY___  
2024-11-28 14:50:25,696 INFO     ___FILE_ONLY___ roles/cloudbuild.builds.builder
2024-11-28 14:50:25,696 INFO     ___FILE_ONLY___ 

2024-11-28 14:50:25,696 INFO     ___FILE_ONLY___ -
2024-11-28 14:50:25,697 INFO     ___FILE_ONLY___  
2024-11-28 14:50:25,697 INFO     ___FILE_ONLY___ members
2024-11-28 14:50:25,697 INFO     ___FILE_ONLY___ :
2024-11-28 14:50:25,697 INFO     ___FILE_ONLY___ 

2024-11-28 14:50:25,697 INFO     ___FILE_ONLY___   
2024-11-28 14:50:25,697 INFO     ___FILE_ONLY___ -
2024-11-28 14:50:25,697 INFO     ___FILE_ONLY___  
2024-11-28 14:50:25,697 INFO     ___FILE_ONLY___ serviceAccount:service-644941739395@gcp-sa-cloudbuild.iam.gserviceaccount.com
2024-11-28 14:50:25,697 INFO     ___FILE_ONLY___ 

2024-11-28 14:50:25,697 INFO     ___FILE_ONLY___   
2024-11-28 14:50:25,698 INFO     ___FILE_ONLY___ role
2024-11-28 14:50:25,698 INFO     ___FILE_ONLY___ :
2024-11-28 14:50:25,698 INFO     ___FILE_ONLY___  
2024-11-28 14:50:25,698 INFO     ___FILE_ONLY___ roles/cloudbuild.serviceAgent
2024-11-28 14:50:25,698 INFO     ___FILE_ONLY___ 

2024-11-28 14:50:25,698 INFO     ___FILE_ONLY___ -
2024-11-28 14:50:25,698 INFO     ___FILE_ONLY___  
2024-11-28 14:50:25,698 INFO     ___FILE_ONLY___ members
2024-11-28 14:50:25,698 INFO     ___FILE_ONLY___ :
2024-11-28 14:50:25,698 INFO     ___FILE_ONLY___ 

2024-11-28 14:50:25,698 INFO     ___FILE_ONLY___   
2024-11-28 14:50:25,698 INFO     ___FILE_ONLY___ -
2024-11-28 14:50:25,699 INFO     ___FILE_ONLY___  
2024-11-28 14:50:25,699 INFO     ___FILE_ONLY___ serviceAccount:644941739395@cloudbuild.gserviceaccount.com
2024-11-28 14:50:25,699 INFO     ___FILE_ONLY___ 

2024-11-28 14:50:25,699 INFO     ___FILE_ONLY___   
2024-11-28 14:50:25,699 INFO     ___FILE_ONLY___ role
2024-11-28 14:50:25,699 INFO     ___FILE_ONLY___ :
2024-11-28 14:50:25,699 INFO     ___FILE_ONLY___  
2024-11-28 14:50:25,699 INFO     ___FILE_ONLY___ roles/cloudfunctions.developer
2024-11-28 14:50:25,699 INFO     ___FILE_ONLY___ 

2024-11-28 14:50:25,699 INFO     ___FILE_ONLY___ -
2024-11-28 14:50:25,699 INFO     ___FILE_ONLY___  
2024-11-28 14:50:25,700 INFO     ___FILE_ONLY___ members
2024-11-28 14:50:25,700 INFO     ___FILE_ONLY___ :
2024-11-28 14:50:25,700 INFO     ___FILE_ONLY___ 

2024-11-28 14:50:25,700 INFO     ___FILE_ONLY___   
2024-11-28 14:50:25,700 INFO     ___FILE_ONLY___ -
2024-11-28 14:50:25,700 INFO     ___FILE_ONLY___  
2024-11-28 14:50:25,700 INFO     ___FILE_ONLY___ serviceAccount:service-644941739395@gcf-admin-robot.iam.gserviceaccount.com
2024-11-28 14:50:25,700 INFO     ___FILE_ONLY___ 

2024-11-28 14:50:25,700 INFO     ___FILE_ONLY___   
2024-11-28 14:50:25,700 INFO     ___FILE_ONLY___ role
2024-11-28 14:50:25,700 INFO     ___FILE_ONLY___ :
2024-11-28 14:50:25,700 INFO     ___FILE_ONLY___  
2024-11-28 14:50:25,701 INFO     ___FILE_ONLY___ roles/cloudfunctions.serviceAgent
2024-11-28 14:50:25,701 INFO     ___FILE_ONLY___ 

2024-11-28 14:50:25,701 INFO     ___FILE_ONLY___ -
2024-11-28 14:50:25,701 INFO     ___FILE_ONLY___  
2024-11-28 14:50:25,701 INFO     ___FILE_ONLY___ members
2024-11-28 14:50:25,701 INFO     ___FILE_ONLY___ :
2024-11-28 14:50:25,701 INFO     ___FILE_ONLY___ 

2024-11-28 14:50:25,701 INFO     ___FILE_ONLY___   
2024-11-28 14:50:25,701 INFO     ___FILE_ONLY___ -
2024-11-28 14:50:25,701 INFO     ___FILE_ONLY___  
2024-11-28 14:50:25,701 INFO     ___FILE_ONLY___ serviceAccount:vm-creater-account@inspired-photon-441609-k7.iam.gserviceaccount.com
2024-11-28 14:50:25,701 INFO     ___FILE_ONLY___ 

2024-11-28 14:50:25,702 INFO     ___FILE_ONLY___   
2024-11-28 14:50:25,702 INFO     ___FILE_ONLY___ role
2024-11-28 14:50:25,702 INFO     ___FILE_ONLY___ :
2024-11-28 14:50:25,702 INFO     ___FILE_ONLY___  
2024-11-28 14:50:25,702 INFO     ___FILE_ONLY___ roles/compute.instanceAdmin.v1
2024-11-28 14:50:25,702 INFO     ___FILE_ONLY___ 

2024-11-28 14:50:25,702 INFO     ___FILE_ONLY___ -
2024-11-28 14:50:25,702 INFO     ___FILE_ONLY___  
2024-11-28 14:50:25,702 INFO     ___FILE_ONLY___ members
2024-11-28 14:50:25,702 INFO     ___FILE_ONLY___ :
2024-11-28 14:50:25,702 INFO     ___FILE_ONLY___ 

2024-11-28 14:50:25,703 INFO     ___FILE_ONLY___   
2024-11-28 14:50:25,703 INFO     ___FILE_ONLY___ -
2024-11-28 14:50:25,703 INFO     ___FILE_ONLY___  
2024-11-28 14:50:25,703 INFO     ___FILE_ONLY___ serviceAccount:vm-creater-account@inspired-photon-441609-k7.iam.gserviceaccount.com
2024-11-28 14:50:25,703 INFO     ___FILE_ONLY___ 

2024-11-28 14:50:25,703 INFO     ___FILE_ONLY___   
2024-11-28 14:50:25,703 INFO     ___FILE_ONLY___ role
2024-11-28 14:50:25,703 INFO     ___FILE_ONLY___ :
2024-11-28 14:50:25,703 INFO     ___FILE_ONLY___  
2024-11-28 14:50:25,703 INFO     ___FILE_ONLY___ roles/compute.networkUser
2024-11-28 14:50:25,703 INFO     ___FILE_ONLY___ 

2024-11-28 14:50:25,703 INFO     ___FILE_ONLY___ -
2024-11-28 14:50:25,704 INFO     ___FILE_ONLY___  
2024-11-28 14:50:25,704 INFO     ___FILE_ONLY___ members
2024-11-28 14:50:25,704 INFO     ___FILE_ONLY___ :
2024-11-28 14:50:25,704 INFO     ___FILE_ONLY___ 

2024-11-28 14:50:25,704 INFO     ___FILE_ONLY___   
2024-11-28 14:50:25,704 INFO     ___FILE_ONLY___ -
2024-11-28 14:50:25,704 INFO     ___FILE_ONLY___  
2024-11-28 14:50:25,704 INFO     ___FILE_ONLY___ serviceAccount:service-644941739395@compute-system.iam.gserviceaccount.com
2024-11-28 14:50:25,704 INFO     ___FILE_ONLY___ 

2024-11-28 14:50:25,704 INFO     ___FILE_ONLY___   
2024-11-28 14:50:25,704 INFO     ___FILE_ONLY___ role
2024-11-28 14:50:25,704 INFO     ___FILE_ONLY___ :
2024-11-28 14:50:25,705 INFO     ___FILE_ONLY___  
2024-11-28 14:50:25,705 INFO     ___FILE_ONLY___ roles/compute.serviceAgent
2024-11-28 14:50:25,705 INFO     ___FILE_ONLY___ 

2024-11-28 14:50:25,705 INFO     ___FILE_ONLY___ -
2024-11-28 14:50:25,705 INFO     ___FILE_ONLY___  
2024-11-28 14:50:25,705 INFO     ___FILE_ONLY___ members
2024-11-28 14:50:25,705 INFO     ___FILE_ONLY___ :
2024-11-28 14:50:25,705 INFO     ___FILE_ONLY___ 

2024-11-28 14:50:25,705 INFO     ___FILE_ONLY___   
2024-11-28 14:50:25,705 INFO     ___FILE_ONLY___ -
2024-11-28 14:50:25,705 INFO     ___FILE_ONLY___  
2024-11-28 14:50:25,705 INFO     ___FILE_ONLY___ serviceAccount:service-644941739395@containerregistry.iam.gserviceaccount.com
2024-11-28 14:50:25,706 INFO     ___FILE_ONLY___ 

2024-11-28 14:50:25,706 INFO     ___FILE_ONLY___   
2024-11-28 14:50:25,706 INFO     ___FILE_ONLY___ role
2024-11-28 14:50:25,706 INFO     ___FILE_ONLY___ :
2024-11-28 14:50:25,706 INFO     ___FILE_ONLY___  
2024-11-28 14:50:25,706 INFO     ___FILE_ONLY___ roles/containerregistry.ServiceAgent
2024-11-28 14:50:25,706 INFO     ___FILE_ONLY___ 

2024-11-28 14:50:25,706 INFO     ___FILE_ONLY___ -
2024-11-28 14:50:25,706 INFO     ___FILE_ONLY___  
2024-11-28 14:50:25,706 INFO     ___FILE_ONLY___ members
2024-11-28 14:50:25,706 INFO     ___FILE_ONLY___ :
2024-11-28 14:50:25,706 INFO     ___FILE_ONLY___ 

2024-11-28 14:50:25,707 INFO     ___FILE_ONLY___   
2024-11-28 14:50:25,707 INFO     ___FILE_ONLY___ -
2024-11-28 14:50:25,707 INFO     ___FILE_ONLY___  
2024-11-28 14:50:25,707 INFO     ___FILE_ONLY___ serviceAccount:644941739395-compute@developer.gserviceaccount.com
2024-11-28 14:50:25,707 INFO     ___FILE_ONLY___ 

2024-11-28 14:50:25,707 INFO     ___FILE_ONLY___   
2024-11-28 14:50:25,707 INFO     ___FILE_ONLY___ -
2024-11-28 14:50:25,707 INFO     ___FILE_ONLY___  
2024-11-28 14:50:25,707 INFO     ___FILE_ONLY___ serviceAccount:644941739395@cloudservices.gserviceaccount.com
2024-11-28 14:50:25,707 INFO     ___FILE_ONLY___ 

2024-11-28 14:50:25,707 INFO     ___FILE_ONLY___   
2024-11-28 14:50:25,707 INFO     ___FILE_ONLY___ -
2024-11-28 14:50:25,708 INFO     ___FILE_ONLY___  
2024-11-28 14:50:25,708 INFO     ___FILE_ONLY___ serviceAccount:inspired-photon-441609-k7@appspot.gserviceaccount.com
2024-11-28 14:50:25,708 INFO     ___FILE_ONLY___ 

2024-11-28 14:50:25,708 INFO     ___FILE_ONLY___   
2024-11-28 14:50:25,708 INFO     ___FILE_ONLY___ -
2024-11-28 14:50:25,708 INFO     ___FILE_ONLY___  
2024-11-28 14:50:25,708 INFO     ___FILE_ONLY___ serviceAccount:vm-creater-account@inspired-photon-441609-k7.iam.gserviceaccount.com
2024-11-28 14:50:25,708 INFO     ___FILE_ONLY___ 

2024-11-28 14:50:25,708 INFO     ___FILE_ONLY___   
2024-11-28 14:50:25,708 INFO     ___FILE_ONLY___ role
2024-11-28 14:50:25,708 INFO     ___FILE_ONLY___ :
2024-11-28 14:50:25,708 INFO     ___FILE_ONLY___  
2024-11-28 14:50:25,708 INFO     ___FILE_ONLY___ roles/editor
2024-11-28 14:50:25,709 INFO     ___FILE_ONLY___ 

2024-11-28 14:50:25,709 INFO     ___FILE_ONLY___ -
2024-11-28 14:50:25,709 INFO     ___FILE_ONLY___  
2024-11-28 14:50:25,709 INFO     ___FILE_ONLY___ members
2024-11-28 14:50:25,709 INFO     ___FILE_ONLY___ :
2024-11-28 14:50:25,709 INFO     ___FILE_ONLY___ 

2024-11-28 14:50:25,709 INFO     ___FILE_ONLY___   
2024-11-28 14:50:25,709 INFO     ___FILE_ONLY___ -
2024-11-28 14:50:25,709 INFO     ___FILE_ONLY___  
2024-11-28 14:50:25,709 INFO     ___FILE_ONLY___ serviceAccount:service-644941739395@gcp-sa-eventarc.iam.gserviceaccount.com
2024-11-28 14:50:25,709 INFO     ___FILE_ONLY___ 

2024-11-28 14:50:25,710 INFO     ___FILE_ONLY___   
2024-11-28 14:50:25,710 INFO     ___FILE_ONLY___ role
2024-11-28 14:50:25,710 INFO     ___FILE_ONLY___ :
2024-11-28 14:50:25,710 INFO     ___FILE_ONLY___  
2024-11-28 14:50:25,710 INFO     ___FILE_ONLY___ roles/eventarc.serviceAgent
2024-11-28 14:50:25,710 INFO     ___FILE_ONLY___ 

2024-11-28 14:50:25,710 INFO     ___FILE_ONLY___ -
2024-11-28 14:50:25,710 INFO     ___FILE_ONLY___  
2024-11-28 14:50:25,710 INFO     ___FILE_ONLY___ members
2024-11-28 14:50:25,710 INFO     ___FILE_ONLY___ :
2024-11-28 14:50:25,710 INFO     ___FILE_ONLY___ 

2024-11-28 14:50:25,710 INFO     ___FILE_ONLY___   
2024-11-28 14:50:25,711 INFO     ___FILE_ONLY___ -
2024-11-28 14:50:25,711 INFO     ___FILE_ONLY___  
2024-11-28 14:50:25,711 INFO     ___FILE_ONLY___ serviceAccount:trigger-account@inspired-photon-441609-k7.iam.gserviceaccount.com
2024-11-28 14:50:25,711 INFO     ___FILE_ONLY___ 

2024-11-28 14:50:25,711 INFO     ___FILE_ONLY___   
2024-11-28 14:50:25,711 INFO     ___FILE_ONLY___ role
2024-11-28 14:50:25,711 INFO     ___FILE_ONLY___ :
2024-11-28 14:50:25,711 INFO     ___FILE_ONLY___  
2024-11-28 14:50:25,711 INFO     ___FILE_ONLY___ roles/iam.roleAdmin
2024-11-28 14:50:25,711 INFO     ___FILE_ONLY___ 

2024-11-28 14:50:25,711 INFO     ___FILE_ONLY___ -
2024-11-28 14:50:25,712 INFO     ___FILE_ONLY___  
2024-11-28 14:50:25,712 INFO     ___FILE_ONLY___ members
2024-11-28 14:50:25,712 INFO     ___FILE_ONLY___ :
2024-11-28 14:50:25,712 INFO     ___FILE_ONLY___ 

2024-11-28 14:50:25,712 INFO     ___FILE_ONLY___   
2024-11-28 14:50:25,712 INFO     ___FILE_ONLY___ -
2024-11-28 14:50:25,712 INFO     ___FILE_ONLY___  
2024-11-28 14:50:25,712 INFO     ___FILE_ONLY___ serviceAccount:644941739395@cloudbuild.gserviceaccount.com
2024-11-28 14:50:25,712 INFO     ___FILE_ONLY___ 

2024-11-28 14:50:25,712 INFO     ___FILE_ONLY___   
2024-11-28 14:50:25,712 INFO     ___FILE_ONLY___ -
2024-11-28 14:50:25,712 INFO     ___FILE_ONLY___  
2024-11-28 14:50:25,712 INFO     ___FILE_ONLY___ serviceAccount:vm-creater-account@inspired-photon-441609-k7.iam.gserviceaccount.com
2024-11-28 14:50:25,713 INFO     ___FILE_ONLY___ 

2024-11-28 14:50:25,713 INFO     ___FILE_ONLY___   
2024-11-28 14:50:25,713 INFO     ___FILE_ONLY___ role
2024-11-28 14:50:25,713 INFO     ___FILE_ONLY___ :
2024-11-28 14:50:25,713 INFO     ___FILE_ONLY___  
2024-11-28 14:50:25,713 INFO     ___FILE_ONLY___ roles/iam.serviceAccountUser
2024-11-28 14:50:25,713 INFO     ___FILE_ONLY___ 

2024-11-28 14:50:25,713 INFO     ___FILE_ONLY___ -
2024-11-28 14:50:25,713 INFO     ___FILE_ONLY___  
2024-11-28 14:50:25,713 INFO     ___FILE_ONLY___ members
2024-11-28 14:50:25,713 INFO     ___FILE_ONLY___ :
2024-11-28 14:50:25,713 INFO     ___FILE_ONLY___ 

2024-11-28 14:50:25,714 INFO     ___FILE_ONLY___   
2024-11-28 14:50:25,714 INFO     ___FILE_ONLY___ -
2024-11-28 14:50:25,714 INFO     ___FILE_ONLY___  
2024-11-28 14:50:25,714 INFO     ___FILE_ONLY___ user:das03285@gmail.com
2024-11-28 14:50:25,714 INFO     ___FILE_ONLY___ 

2024-11-28 14:50:25,714 INFO     ___FILE_ONLY___   
2024-11-28 14:50:25,714 INFO     ___FILE_ONLY___ role
2024-11-28 14:50:25,714 INFO     ___FILE_ONLY___ :
2024-11-28 14:50:25,714 INFO     ___FILE_ONLY___  
2024-11-28 14:50:25,714 INFO     ___FILE_ONLY___ roles/owner
2024-11-28 14:50:25,714 INFO     ___FILE_ONLY___ 

2024-11-28 14:50:25,714 INFO     ___FILE_ONLY___ -
2024-11-28 14:50:25,715 INFO     ___FILE_ONLY___  
2024-11-28 14:50:25,715 INFO     ___FILE_ONLY___ members
2024-11-28 14:50:25,715 INFO     ___FILE_ONLY___ :
2024-11-28 14:50:25,715 INFO     ___FILE_ONLY___ 

2024-11-28 14:50:25,715 INFO     ___FILE_ONLY___   
2024-11-28 14:50:25,715 INFO     ___FILE_ONLY___ -
2024-11-28 14:50:25,715 INFO     ___FILE_ONLY___  
2024-11-28 14:50:25,715 INFO     ___FILE_ONLY___ serviceAccount:service-644941739395@gs-project-accounts.iam.gserviceaccount.com
2024-11-28 14:50:25,715 INFO     ___FILE_ONLY___ 

2024-11-28 14:50:25,715 INFO     ___FILE_ONLY___   
2024-11-28 14:50:25,715 INFO     ___FILE_ONLY___ role
2024-11-28 14:50:25,715 INFO     ___FILE_ONLY___ :
2024-11-28 14:50:25,715 INFO     ___FILE_ONLY___  
2024-11-28 14:50:25,716 INFO     ___FILE_ONLY___ roles/pubsub.publisher
2024-11-28 14:50:25,716 INFO     ___FILE_ONLY___ 

2024-11-28 14:50:25,716 INFO     ___FILE_ONLY___ -
2024-11-28 14:50:25,716 INFO     ___FILE_ONLY___  
2024-11-28 14:50:25,716 INFO     ___FILE_ONLY___ members
2024-11-28 14:50:25,716 INFO     ___FILE_ONLY___ :
2024-11-28 14:50:25,716 INFO     ___FILE_ONLY___ 

2024-11-28 14:50:25,716 INFO     ___FILE_ONLY___   
2024-11-28 14:50:25,716 INFO     ___FILE_ONLY___ -
2024-11-28 14:50:25,716 INFO     ___FILE_ONLY___  
2024-11-28 14:50:25,716 INFO     ___FILE_ONLY___ serviceAccount:service-644941739395@gcp-sa-pubsub.iam.gserviceaccount.com
2024-11-28 14:50:25,716 INFO     ___FILE_ONLY___ 

2024-11-28 14:50:25,717 INFO     ___FILE_ONLY___   
2024-11-28 14:50:25,717 INFO     ___FILE_ONLY___ role
2024-11-28 14:50:25,717 INFO     ___FILE_ONLY___ :
2024-11-28 14:50:25,717 INFO     ___FILE_ONLY___  
2024-11-28 14:50:25,717 INFO     ___FILE_ONLY___ roles/pubsub.serviceAgent
2024-11-28 14:50:25,717 INFO     ___FILE_ONLY___ 

2024-11-28 14:50:25,717 INFO     ___FILE_ONLY___ -
2024-11-28 14:50:25,717 INFO     ___FILE_ONLY___  
2024-11-28 14:50:25,717 INFO     ___FILE_ONLY___ members
2024-11-28 14:50:25,717 INFO     ___FILE_ONLY___ :
2024-11-28 14:50:25,717 INFO     ___FILE_ONLY___ 

2024-11-28 14:50:25,717 INFO     ___FILE_ONLY___   
2024-11-28 14:50:25,718 INFO     ___FILE_ONLY___ -
2024-11-28 14:50:25,718 INFO     ___FILE_ONLY___  
2024-11-28 14:50:25,718 INFO     ___FILE_ONLY___ serviceAccount:trigger-account@inspired-photon-441609-k7.iam.gserviceaccount.com
2024-11-28 14:50:25,718 INFO     ___FILE_ONLY___ 

2024-11-28 14:50:25,718 INFO     ___FILE_ONLY___   
2024-11-28 14:50:25,718 INFO     ___FILE_ONLY___ role
2024-11-28 14:50:25,718 INFO     ___FILE_ONLY___ :
2024-11-28 14:50:25,718 INFO     ___FILE_ONLY___  
2024-11-28 14:50:25,718 INFO     ___FILE_ONLY___ roles/resourcemanager.projectIamAdmin
2024-11-28 14:50:25,718 INFO     ___FILE_ONLY___ 

2024-11-28 14:50:25,718 INFO     ___FILE_ONLY___ -
2024-11-28 14:50:25,719 INFO     ___FILE_ONLY___  
2024-11-28 14:50:25,719 INFO     ___FILE_ONLY___ members
2024-11-28 14:50:25,719 INFO     ___FILE_ONLY___ :
2024-11-28 14:50:25,719 INFO     ___FILE_ONLY___ 

2024-11-28 14:50:25,719 INFO     ___FILE_ONLY___   
2024-11-28 14:50:25,719 INFO     ___FILE_ONLY___ -
2024-11-28 14:50:25,719 INFO     ___FILE_ONLY___  
2024-11-28 14:50:25,719 INFO     ___FILE_ONLY___ serviceAccount:service-644941739395@serverless-robot-prod.iam.gserviceaccount.com
2024-11-28 14:50:25,719 INFO     ___FILE_ONLY___ 

2024-11-28 14:50:25,719 INFO     ___FILE_ONLY___   
2024-11-28 14:50:25,719 INFO     ___FILE_ONLY___ role
2024-11-28 14:50:25,719 INFO     ___FILE_ONLY___ :
2024-11-28 14:50:25,719 INFO     ___FILE_ONLY___  
2024-11-28 14:50:25,720 INFO     ___FILE_ONLY___ roles/run.serviceAgent
2024-11-28 14:50:25,720 INFO     ___FILE_ONLY___ 

2024-11-28 14:50:25,720 INFO     ___FILE_ONLY___ etag
2024-11-28 14:50:25,720 INFO     ___FILE_ONLY___ :
2024-11-28 14:50:25,720 INFO     ___FILE_ONLY___  
2024-11-28 14:50:25,720 INFO     ___FILE_ONLY___ BwYn-jPcVMY=
2024-11-28 14:50:25,720 INFO     ___FILE_ONLY___ 

2024-11-28 14:50:25,720 INFO     ___FILE_ONLY___ version
2024-11-28 14:50:25,720 INFO     ___FILE_ONLY___ :
2024-11-28 14:50:25,720 INFO     ___FILE_ONLY___  
2024-11-28 14:50:25,720 INFO     ___FILE_ONLY___ 1
2024-11-28 14:50:25,720 INFO     ___FILE_ONLY___ 

2024-11-28 14:50:25,721 DEBUG    root            SDK update checks are disabled.
