2024-11-28 14:50:28,985 DEBUG    root            Loaded Command Group: ['gcloud', 'projects']
2024-11-28 14:50:29,022 DEBUG    root            Loaded Command Group: ['gcloud', 'projects', 'add_iam_policy_binding']
2024-11-28 14:50:29,036 DEBUG    root            Running [gcloud.projects.add-iam-policy-binding] with arguments: [--member: "serviceAccount:service-644941739395@gcp-sa-eventarc.iam.gserviceaccount.com", --role: "roles/eventarc.serviceAgent", PROJECT_ID: "inspired-photon-441609-k7"]
2024-11-28 14:50:29,194 DEBUG    urllib3.connectionpool Starting new HTTPS connection (1): cloudresourcemanager.googleapis.com:443
2024-11-28 14:50:29,337 DEBUG    urllib3.connectionpool https://cloudresourcemanager.googleapis.com:443 "POST /v1/projects/inspired-photon-441609-k7:getIamPolicy?alt=json HTTP/1.1" 200 None
2024-11-28 14:50:29,474 DEBUG    urllib3.connectionpool Starting new HTTPS connection (1): cloudresourcemanager.googleapis.com:443
2024-11-28 14:50:30,074 DEBUG    urllib3.connectionpool https://cloudresourcemanager.googleapis.com:443 "POST /v1/projects/inspired-photon-441609-k7:setIamPolicy?alt=json HTTP/1.1" 200 None
2024-11-28 14:50:30,079 INFO     ___FILE_ONLY___ Updated IAM policy for project [inspired-photon-441609-k7].

2024-11-28 14:50:30,080 DEBUG    root            Chosen display Format:default
2024-11-28 14:50:30,081 INFO     root            Display format: "default"
2024-11-28 14:50:30,107 INFO     ___FILE_ONLY___ bindings
2024-11-28 14:50:30,107 INFO     ___FILE_ONLY___ :
2024-11-28 14:50:30,107 INFO     ___FILE_ONLY___ 

2024-11-28 14:50:30,107 INFO     ___FILE_ONLY___ -
2024-11-28 14:50:30,108 INFO     ___FILE_ONLY___  
2024-11-28 14:50:30,108 INFO     ___FILE_ONLY___ members
2024-11-28 14:50:30,108 INFO     ___FILE_ONLY___ :
2024-11-28 14:50:30,108 INFO     ___FILE_ONLY___ 

2024-11-28 14:50:30,108 INFO     ___FILE_ONLY___   
2024-11-28 14:50:30,108 INFO     ___FILE_ONLY___ -
2024-11-28 14:50:30,109 INFO     ___FILE_ONLY___  
2024-11-28 14:50:30,109 INFO     ___FILE_ONLY___ serviceAccount:trigger-account@inspired-photon-441609-k7.iam.gserviceaccount.com
2024-11-28 14:50:30,109 INFO     ___FILE_ONLY___ 

2024-11-28 14:50:30,109 INFO     ___FILE_ONLY___   
2024-11-28 14:50:30,109 INFO     ___FILE_ONLY___ role
2024-11-28 14:50:30,109 INFO     ___FILE_ONLY___ :
2024-11-28 14:50:30,109 INFO     ___FILE_ONLY___  
2024-11-28 14:50:30,110 INFO     ___FILE_ONLY___ projects/inspired-photon-441609-k7/roles/main_custom_role_18
2024-11-28 14:50:30,110 INFO     ___FILE_ONLY___ 

2024-11-28 14:50:30,110 INFO     ___FILE_ONLY___ -
2024-11-28 14:50:30,110 INFO     ___FILE_ONLY___  
2024-11-28 14:50:30,110 INFO     ___FILE_ONLY___ members
2024-11-28 14:50:30,110 INFO     ___FILE_ONLY___ :
2024-11-28 14:50:30,110 INFO     ___FILE_ONLY___ 

2024-11-28 14:50:30,110 INFO     ___FILE_ONLY___   
2024-11-28 14:50:30,110 INFO     ___FILE_ONLY___ -
2024-11-28 14:50:30,111 INFO     ___FILE_ONLY___  
2024-11-28 14:50:30,111 INFO     ___FILE_ONLY___ serviceAccount:service-644941739395@gcp-sa-artifactregistry.iam.gserviceaccount.com
2024-11-28 14:50:30,111 INFO     ___FILE_ONLY___ 

2024-11-28 14:50:30,111 INFO     ___FILE_ONLY___   
2024-11-28 14:50:30,111 INFO     ___FILE_ONLY___ role
2024-11-28 14:50:30,111 INFO     ___FILE_ONLY___ :
2024-11-28 14:50:30,111 INFO     ___FILE_ONLY___  
2024-11-28 14:50:30,111 INFO     ___FILE_ONLY___ roles/artifactregistry.serviceAgent
2024-11-28 14:50:30,111 INFO     ___FILE_ONLY___ 

2024-11-28 14:50:30,111 INFO     ___FILE_ONLY___ -
2024-11-28 14:50:30,112 INFO     ___FILE_ONLY___  
2024-11-28 14:50:30,112 INFO     ___FILE_ONLY___ members
2024-11-28 14:50:30,112 INFO     ___FILE_ONLY___ :
2024-11-28 14:50:30,112 INFO     ___FILE_ONLY___ 

2024-11-28 14:50:30,112 INFO     ___FILE_ONLY___   
2024-11-28 14:50:30,112 INFO     ___FILE_ONLY___ -
2024-11-28 14:50:30,112 INFO     ___FILE_ONLY___  
2024-11-28 14:50:30,112 INFO     ___FILE_ONLY___ serviceAccount:644941739395@cloudbuild.gserviceaccount.com
2024-11-28 14:50:30,112 INFO     ___FILE_ONLY___ 

2024-11-28 14:50:30,112 INFO     ___FILE_ONLY___   
2024-11-28 14:50:30,113 INFO     ___FILE_ONLY___ role
2024-11-28 14:50:30,113 INFO     ___FILE_ONLY___ :
2024-11-28 14:50:30,113 INFO     ___FILE_ONLY___  
2024-11-28 14:50:30,113 INFO     ___FILE_ONLY___ roles/cloudbuild.builds.builder
2024-11-28 14:50:30,113 INFO     ___FILE_ONLY___ 

2024-11-28 14:50:30,113 INFO     ___FILE_ONLY___ -
2024-11-28 14:50:30,113 INFO     ___FILE_ONLY___  
2024-11-28 14:50:30,113 INFO     ___FILE_ONLY___ members
2024-11-28 14:50:30,113 INFO     ___FILE_ONLY___ :
2024-11-28 14:50:30,113 INFO     ___FILE_ONLY___ 

2024-11-28 14:50:30,114 INFO     ___FILE_ONLY___   
2024-11-28 14:50:30,114 INFO     ___FILE_ONLY___ -
2024-11-28 14:50:30,114 INFO     ___FILE_ONLY___  
2024-11-28 14:50:30,114 INFO     ___FILE_ONLY___ serviceAccount:service-644941739395@gcp-sa-cloudbuild.iam.gserviceaccount.com
2024-11-28 14:50:30,114 INFO     ___FILE_ONLY___ 

2024-11-28 14:50:30,114 INFO     ___FILE_ONLY___   
2024-11-28 14:50:30,114 INFO     ___FILE_ONLY___ role
2024-11-28 14:50:30,114 INFO     ___FILE_ONLY___ :
2024-11-28 14:50:30,114 INFO     ___FILE_ONLY___  
2024-11-28 14:50:30,114 INFO     ___FILE_ONLY___ roles/cloudbuild.serviceAgent
2024-11-28 14:50:30,114 INFO     ___FILE_ONLY___ 

2024-11-28 14:50:30,114 INFO     ___FILE_ONLY___ -
2024-11-28 14:50:30,115 INFO     ___FILE_ONLY___  
2024-11-28 14:50:30,115 INFO     ___FILE_ONLY___ members
2024-11-28 14:50:30,115 INFO     ___FILE_ONLY___ :
2024-11-28 14:50:30,115 INFO     ___FILE_ONLY___ 

2024-11-28 14:50:30,115 INFO     ___FILE_ONLY___   
2024-11-28 14:50:30,115 INFO     ___FILE_ONLY___ -
2024-11-28 14:50:30,115 INFO     ___FILE_ONLY___  
2024-11-28 14:50:30,115 INFO     ___FILE_ONLY___ serviceAccount:644941739395@cloudbuild.gserviceaccount.com
2024-11-28 14:50:30,115 INFO     ___FILE_ONLY___ 

2024-11-28 14:50:30,115 INFO     ___FILE_ONLY___   
2024-11-28 14:50:30,115 INFO     ___FILE_ONLY___ role
2024-11-28 14:50:30,116 INFO     ___FILE_ONLY___ :
2024-11-28 14:50:30,116 INFO     ___FILE_ONLY___  
2024-11-28 14:50:30,116 INFO     ___FILE_ONLY___ roles/cloudfunctions.developer
2024-11-28 14:50:30,116 INFO     ___FILE_ONLY___ 

2024-11-28 14:50:30,116 INFO     ___FILE_ONLY___ -
2024-11-28 14:50:30,116 INFO     ___FILE_ONLY___  
2024-11-28 14:50:30,116 INFO     ___FILE_ONLY___ members
2024-11-28 14:50:30,116 INFO     ___FILE_ONLY___ :
2024-11-28 14:50:30,116 INFO     ___FILE_ONLY___ 

2024-11-28 14:50:30,116 INFO     ___FILE_ONLY___   
2024-11-28 14:50:30,116 INFO     ___FILE_ONLY___ -
2024-11-28 14:50:30,117 INFO     ___FILE_ONLY___  
2024-11-28 14:50:30,117 INFO     ___FILE_ONLY___ serviceAccount:service-644941739395@gcf-admin-robot.iam.gserviceaccount.com
2024-11-28 14:50:30,117 INFO     ___FILE_ONLY___ 

2024-11-28 14:50:30,117 INFO     ___FILE_ONLY___   
2024-11-28 14:50:30,117 INFO     ___FILE_ONLY___ role
2024-11-28 14:50:30,117 INFO     ___FILE_ONLY___ :
2024-11-28 14:50:30,117 INFO     ___FILE_ONLY___  
2024-11-28 14:50:30,117 INFO     ___FILE_ONLY___ roles/cloudfunctions.serviceAgent
2024-11-28 14:50:30,117 INFO     ___FILE_ONLY___ 

2024-11-28 14:50:30,117 INFO     ___FILE_ONLY___ -
2024-11-28 14:50:30,117 INFO     ___FILE_ONLY___  
2024-11-28 14:50:30,118 INFO     ___FILE_ONLY___ members
2024-11-28 14:50:30,118 INFO     ___FILE_ONLY___ :
2024-11-28 14:50:30,118 INFO     ___FILE_ONLY___ 

2024-11-28 14:50:30,118 INFO     ___FILE_ONLY___   
2024-11-28 14:50:30,118 INFO     ___FILE_ONLY___ -
2024-11-28 14:50:30,118 INFO     ___FILE_ONLY___  
2024-11-28 14:50:30,118 INFO     ___FILE_ONLY___ serviceAccount:vm-creater-account@inspired-photon-441609-k7.iam.gserviceaccount.com
2024-11-28 14:50:30,118 INFO     ___FILE_ONLY___ 

2024-11-28 14:50:30,118 INFO     ___FILE_ONLY___   
2024-11-28 14:50:30,118 INFO     ___FILE_ONLY___ role
2024-11-28 14:50:30,118 INFO     ___FILE_ONLY___ :
2024-11-28 14:50:30,119 INFO     ___FILE_ONLY___  
2024-11-28 14:50:30,119 INFO     ___FILE_ONLY___ roles/compute.instanceAdmin.v1
2024-11-28 14:50:30,119 INFO     ___FILE_ONLY___ 

2024-11-28 14:50:30,119 INFO     ___FILE_ONLY___ -
2024-11-28 14:50:30,119 INFO     ___FILE_ONLY___  
2024-11-28 14:50:30,119 INFO     ___FILE_ONLY___ members
2024-11-28 14:50:30,119 INFO     ___FILE_ONLY___ :
2024-11-28 14:50:30,119 INFO     ___FILE_ONLY___ 

2024-11-28 14:50:30,119 INFO     ___FILE_ONLY___   
2024-11-28 14:50:30,119 INFO     ___FILE_ONLY___ -
2024-11-28 14:50:30,119 INFO     ___FILE_ONLY___  
2024-11-28 14:50:30,120 INFO     ___FILE_ONLY___ serviceAccount:vm-creater-account@inspired-photon-441609-k7.iam.gserviceaccount.com
2024-11-28 14:50:30,120 INFO     ___FILE_ONLY___ 

2024-11-28 14:50:30,120 INFO     ___FILE_ONLY___   
2024-11-28 14:50:30,120 INFO     ___FILE_ONLY___ role
2024-11-28 14:50:30,120 INFO     ___FILE_ONLY___ :
2024-11-28 14:50:30,120 INFO     ___FILE_ONLY___  
2024-11-28 14:50:30,120 INFO     ___FILE_ONLY___ roles/compute.networkUser
2024-11-28 14:50:30,120 INFO     ___FILE_ONLY___ 

2024-11-28 14:50:30,120 INFO     ___FILE_ONLY___ -
2024-11-28 14:50:30,120 INFO     ___FILE_ONLY___  
2024-11-28 14:50:30,120 INFO     ___FILE_ONLY___ members
2024-11-28 14:50:30,120 INFO     ___FILE_ONLY___ :
2024-11-28 14:50:30,121 INFO     ___FILE_ONLY___ 

2024-11-28 14:50:30,121 INFO     ___FILE_ONLY___   
2024-11-28 14:50:30,121 INFO     ___FILE_ONLY___ -
2024-11-28 14:50:30,121 INFO     ___FILE_ONLY___  
2024-11-28 14:50:30,121 INFO     ___FILE_ONLY___ serviceAccount:service-644941739395@compute-system.iam.gserviceaccount.com
2024-11-28 14:50:30,121 INFO     ___FILE_ONLY___ 

2024-11-28 14:50:30,121 INFO     ___FILE_ONLY___   
2024-11-28 14:50:30,121 INFO     ___FILE_ONLY___ role
2024-11-28 14:50:30,121 INFO     ___FILE_ONLY___ :
2024-11-28 14:50:30,121 INFO     ___FILE_ONLY___  
2024-11-28 14:50:30,121 INFO     ___FILE_ONLY___ roles/compute.serviceAgent
2024-11-28 14:50:30,122 INFO     ___FILE_ONLY___ 

2024-11-28 14:50:30,122 INFO     ___FILE_ONLY___ -
2024-11-28 14:50:30,122 INFO     ___FILE_ONLY___  
2024-11-28 14:50:30,122 INFO     ___FILE_ONLY___ members
2024-11-28 14:50:30,122 INFO     ___FILE_ONLY___ :
2024-11-28 14:50:30,122 INFO     ___FILE_ONLY___ 

2024-11-28 14:50:30,122 INFO     ___FILE_ONLY___   
2024-11-28 14:50:30,122 INFO     ___FILE_ONLY___ -
2024-11-28 14:50:30,122 INFO     ___FILE_ONLY___  
2024-11-28 14:50:30,122 INFO     ___FILE_ONLY___ serviceAccount:service-644941739395@containerregistry.iam.gserviceaccount.com
2024-11-28 14:50:30,122 INFO     ___FILE_ONLY___ 

2024-11-28 14:50:30,122 INFO     ___FILE_ONLY___   
2024-11-28 14:50:30,123 INFO     ___FILE_ONLY___ role
2024-11-28 14:50:30,123 INFO     ___FILE_ONLY___ :
2024-11-28 14:50:30,123 INFO     ___FILE_ONLY___  
2024-11-28 14:50:30,123 INFO     ___FILE_ONLY___ roles/containerregistry.ServiceAgent
2024-11-28 14:50:30,123 INFO     ___FILE_ONLY___ 

2024-11-28 14:50:30,123 INFO     ___FILE_ONLY___ -
2024-11-28 14:50:30,123 INFO     ___FILE_ONLY___  
2024-11-28 14:50:30,123 INFO     ___FILE_ONLY___ members
2024-11-28 14:50:30,123 INFO     ___FILE_ONLY___ :
2024-11-28 14:50:30,123 INFO     ___FILE_ONLY___ 

2024-11-28 14:50:30,123 INFO     ___FILE_ONLY___   
2024-11-28 14:50:30,123 INFO     ___FILE_ONLY___ -
2024-11-28 14:50:30,124 INFO     ___FILE_ONLY___  
2024-11-28 14:50:30,124 INFO     ___FILE_ONLY___ serviceAccount:644941739395-compute@developer.gserviceaccount.com
2024-11-28 14:50:30,124 INFO     ___FILE_ONLY___ 

2024-11-28 14:50:30,124 INFO     ___FILE_ONLY___   
2024-11-28 14:50:30,124 INFO     ___FILE_ONLY___ -
2024-11-28 14:50:30,124 INFO     ___FILE_ONLY___  
2024-11-28 14:50:30,124 INFO     ___FILE_ONLY___ serviceAccount:644941739395@cloudservices.gserviceaccount.com
2024-11-28 14:50:30,124 INFO     ___FILE_ONLY___ 

2024-11-28 14:50:30,124 INFO     ___FILE_ONLY___   
2024-11-28 14:50:30,124 INFO     ___FILE_ONLY___ -
2024-11-28 14:50:30,124 INFO     ___FILE_ONLY___  
2024-11-28 14:50:30,124 INFO     ___FILE_ONLY___ serviceAccount:inspired-photon-441609-k7@appspot.gserviceaccount.com
2024-11-28 14:50:30,124 INFO     ___FILE_ONLY___ 

2024-11-28 14:50:30,125 INFO     ___FILE_ONLY___   
2024-11-28 14:50:30,125 INFO     ___FILE_ONLY___ -
2024-11-28 14:50:30,125 INFO     ___FILE_ONLY___  
2024-11-28 14:50:30,125 INFO     ___FILE_ONLY___ serviceAccount:vm-creater-account@inspired-photon-441609-k7.iam.gserviceaccount.com
2024-11-28 14:50:30,125 INFO     ___FILE_ONLY___ 

2024-11-28 14:50:30,125 INFO     ___FILE_ONLY___   
2024-11-28 14:50:30,125 INFO     ___FILE_ONLY___ role
2024-11-28 14:50:30,125 INFO     ___FILE_ONLY___ :
2024-11-28 14:50:30,125 INFO     ___FILE_ONLY___  
2024-11-28 14:50:30,125 INFO     ___FILE_ONLY___ roles/editor
2024-11-28 14:50:30,125 INFO     ___FILE_ONLY___ 

2024-11-28 14:50:30,126 INFO     ___FILE_ONLY___ -
2024-11-28 14:50:30,126 INFO     ___FILE_ONLY___  
2024-11-28 14:50:30,126 INFO     ___FILE_ONLY___ members
2024-11-28 14:50:30,126 INFO     ___FILE_ONLY___ :
2024-11-28 14:50:30,126 INFO     ___FILE_ONLY___ 

2024-11-28 14:50:30,126 INFO     ___FILE_ONLY___   
2024-11-28 14:50:30,126 INFO     ___FILE_ONLY___ -
2024-11-28 14:50:30,126 INFO     ___FILE_ONLY___  
2024-11-28 14:50:30,126 INFO     ___FILE_ONLY___ serviceAccount:service-644941739395@gcp-sa-eventarc.iam.gserviceaccount.com
2024-11-28 14:50:30,126 INFO     ___FILE_ONLY___ 

2024-11-28 14:50:30,126 INFO     ___FILE_ONLY___   
2024-11-28 14:50:30,126 INFO     ___FILE_ONLY___ role
2024-11-28 14:50:30,127 INFO     ___FILE_ONLY___ :
2024-11-28 14:50:30,127 INFO     ___FILE_ONLY___  
2024-11-28 14:50:30,127 INFO     ___FILE_ONLY___ roles/eventarc.serviceAgent
2024-11-28 14:50:30,127 INFO     ___FILE_ONLY___ 

2024-11-28 14:50:30,127 INFO     ___FILE_ONLY___ -
2024-11-28 14:50:30,127 INFO     ___FILE_ONLY___  
2024-11-28 14:50:30,127 INFO     ___FILE_ONLY___ members
2024-11-28 14:50:30,127 INFO     ___FILE_ONLY___ :
2024-11-28 14:50:30,127 INFO     ___FILE_ONLY___ 

2024-11-28 14:50:30,127 INFO     ___FILE_ONLY___   
2024-11-28 14:50:30,127 INFO     ___FILE_ONLY___ -
2024-11-28 14:50:30,128 INFO     ___FILE_ONLY___  
2024-11-28 14:50:30,128 INFO     ___FILE_ONLY___ serviceAccount:trigger-account@inspired-photon-441609-k7.iam.gserviceaccount.com
2024-11-28 14:50:30,128 INFO     ___FILE_ONLY___ 

2024-11-28 14:50:30,128 INFO     ___FILE_ONLY___   
2024-11-28 14:50:30,128 INFO     ___FILE_ONLY___ role
2024-11-28 14:50:30,128 INFO     ___FILE_ONLY___ :
2024-11-28 14:50:30,128 INFO     ___FILE_ONLY___  
2024-11-28 14:50:30,128 INFO     ___FILE_ONLY___ roles/iam.roleAdmin
2024-11-28 14:50:30,128 INFO     ___FILE_ONLY___ 

2024-11-28 14:50:30,128 INFO     ___FILE_ONLY___ -
2024-11-28 14:50:30,128 INFO     ___FILE_ONLY___  
2024-11-28 14:50:30,128 INFO     ___FILE_ONLY___ members
2024-11-28 14:50:30,129 INFO     ___FILE_ONLY___ :
2024-11-28 14:50:30,129 INFO     ___FILE_ONLY___ 

2024-11-28 14:50:30,129 INFO     ___FILE_ONLY___   
2024-11-28 14:50:30,129 INFO     ___FILE_ONLY___ -
2024-11-28 14:50:30,129 INFO     ___FILE_ONLY___  
2024-11-28 14:50:30,129 INFO     ___FILE_ONLY___ serviceAccount:644941739395@cloudbuild.gserviceaccount.com
2024-11-28 14:50:30,129 INFO     ___FILE_ONLY___ 

2024-11-28 14:50:30,129 INFO     ___FILE_ONLY___   
2024-11-28 14:50:30,129 INFO     ___FILE_ONLY___ -
2024-11-28 14:50:30,129 INFO     ___FILE_ONLY___  
2024-11-28 14:50:30,129 INFO     ___FILE_ONLY___ serviceAccount:vm-creater-account@inspired-photon-441609-k7.iam.gserviceaccount.com
2024-11-28 14:50:30,129 INFO     ___FILE_ONLY___ 

2024-11-28 14:50:30,129 INFO     ___FILE_ONLY___   
2024-11-28 14:50:30,130 INFO     ___FILE_ONLY___ role
2024-11-28 14:50:30,130 INFO     ___FILE_ONLY___ :
2024-11-28 14:50:30,130 INFO     ___FILE_ONLY___  
2024-11-28 14:50:30,130 INFO     ___FILE_ONLY___ roles/iam.serviceAccountUser
2024-11-28 14:50:30,130 INFO     ___FILE_ONLY___ 

2024-11-28 14:50:30,130 INFO     ___FILE_ONLY___ -
2024-11-28 14:50:30,130 INFO     ___FILE_ONLY___  
2024-11-28 14:50:30,130 INFO     ___FILE_ONLY___ members
2024-11-28 14:50:30,130 INFO     ___FILE_ONLY___ :
2024-11-28 14:50:30,130 INFO     ___FILE_ONLY___ 

2024-11-28 14:50:30,130 INFO     ___FILE_ONLY___   
2024-11-28 14:50:30,130 INFO     ___FILE_ONLY___ -
2024-11-28 14:50:30,131 INFO     ___FILE_ONLY___  
2024-11-28 14:50:30,131 INFO     ___FILE_ONLY___ user:das03285@gmail.com
2024-11-28 14:50:30,131 INFO     ___FILE_ONLY___ 

2024-11-28 14:50:30,131 INFO     ___FILE_ONLY___   
2024-11-28 14:50:30,131 INFO     ___FILE_ONLY___ role
2024-11-28 14:50:30,131 INFO     ___FILE_ONLY___ :
2024-11-28 14:50:30,131 INFO     ___FILE_ONLY___  
2024-11-28 14:50:30,131 INFO     ___FILE_ONLY___ roles/owner
2024-11-28 14:50:30,131 INFO     ___FILE_ONLY___ 

2024-11-28 14:50:30,131 INFO     ___FILE_ONLY___ -
2024-11-28 14:50:30,131 INFO     ___FILE_ONLY___  
2024-11-28 14:50:30,131 INFO     ___FILE_ONLY___ members
2024-11-28 14:50:30,132 INFO     ___FILE_ONLY___ :
2024-11-28 14:50:30,132 INFO     ___FILE_ONLY___ 

2024-11-28 14:50:30,132 INFO     ___FILE_ONLY___   
2024-11-28 14:50:30,132 INFO     ___FILE_ONLY___ -
2024-11-28 14:50:30,132 INFO     ___FILE_ONLY___  
2024-11-28 14:50:30,132 INFO     ___FILE_ONLY___ serviceAccount:service-644941739395@gs-project-accounts.iam.gserviceaccount.com
2024-11-28 14:50:30,132 INFO     ___FILE_ONLY___ 

2024-11-28 14:50:30,132 INFO     ___FILE_ONLY___   
2024-11-28 14:50:30,132 INFO     ___FILE_ONLY___ role
2024-11-28 14:50:30,132 INFO     ___FILE_ONLY___ :
2024-11-28 14:50:30,132 INFO     ___FILE_ONLY___  
2024-11-28 14:50:30,132 INFO     ___FILE_ONLY___ roles/pubsub.publisher
2024-11-28 14:50:30,133 INFO     ___FILE_ONLY___ 

2024-11-28 14:50:30,133 INFO     ___FILE_ONLY___ -
2024-11-28 14:50:30,133 INFO     ___FILE_ONLY___  
2024-11-28 14:50:30,133 INFO     ___FILE_ONLY___ members
2024-11-28 14:50:30,133 INFO     ___FILE_ONLY___ :
2024-11-28 14:50:30,133 INFO     ___FILE_ONLY___ 

2024-11-28 14:50:30,133 INFO     ___FILE_ONLY___   
2024-11-28 14:50:30,133 INFO     ___FILE_ONLY___ -
2024-11-28 14:50:30,133 INFO     ___FILE_ONLY___  
2024-11-28 14:50:30,133 INFO     ___FILE_ONLY___ serviceAccount:service-644941739395@gcp-sa-pubsub.iam.gserviceaccount.com
2024-11-28 14:50:30,133 INFO     ___FILE_ONLY___ 

2024-11-28 14:50:30,133 INFO     ___FILE_ONLY___   
2024-11-28 14:50:30,134 INFO     ___FILE_ONLY___ role
2024-11-28 14:50:30,134 INFO     ___FILE_ONLY___ :
2024-11-28 14:50:30,134 INFO     ___FILE_ONLY___  
2024-11-28 14:50:30,134 INFO     ___FILE_ONLY___ roles/pubsub.serviceAgent
2024-11-28 14:50:30,134 INFO     ___FILE_ONLY___ 

2024-11-28 14:50:30,134 INFO     ___FILE_ONLY___ -
2024-11-28 14:50:30,134 INFO     ___FILE_ONLY___  
2024-11-28 14:50:30,134 INFO     ___FILE_ONLY___ members
2024-11-28 14:50:30,134 INFO     ___FILE_ONLY___ :
2024-11-28 14:50:30,134 INFO     ___FILE_ONLY___ 

2024-11-28 14:50:30,134 INFO     ___FILE_ONLY___   
2024-11-28 14:50:30,134 INFO     ___FILE_ONLY___ -
2024-11-28 14:50:30,135 INFO     ___FILE_ONLY___  
2024-11-28 14:50:30,135 INFO     ___FILE_ONLY___ serviceAccount:trigger-account@inspired-photon-441609-k7.iam.gserviceaccount.com
2024-11-28 14:50:30,135 INFO     ___FILE_ONLY___ 

2024-11-28 14:50:30,135 INFO     ___FILE_ONLY___   
2024-11-28 14:50:30,135 INFO     ___FILE_ONLY___ role
2024-11-28 14:50:30,135 INFO     ___FILE_ONLY___ :
2024-11-28 14:50:30,135 INFO     ___FILE_ONLY___  
2024-11-28 14:50:30,135 INFO     ___FILE_ONLY___ roles/resourcemanager.projectIamAdmin
2024-11-28 14:50:30,135 INFO     ___FILE_ONLY___ 

2024-11-28 14:50:30,135 INFO     ___FILE_ONLY___ -
2024-11-28 14:50:30,135 INFO     ___FILE_ONLY___  
2024-11-28 14:50:30,135 INFO     ___FILE_ONLY___ members
2024-11-28 14:50:30,136 INFO     ___FILE_ONLY___ :
2024-11-28 14:50:30,136 INFO     ___FILE_ONLY___ 

2024-11-28 14:50:30,136 INFO     ___FILE_ONLY___   
2024-11-28 14:50:30,136 INFO     ___FILE_ONLY___ -
2024-11-28 14:50:30,136 INFO     ___FILE_ONLY___  
2024-11-28 14:50:30,136 INFO     ___FILE_ONLY___ serviceAccount:service-644941739395@serverless-robot-prod.iam.gserviceaccount.com
2024-11-28 14:50:30,136 INFO     ___FILE_ONLY___ 

2024-11-28 14:50:30,136 INFO     ___FILE_ONLY___   
2024-11-28 14:50:30,136 INFO     ___FILE_ONLY___ role
2024-11-28 14:50:30,136 INFO     ___FILE_ONLY___ :
2024-11-28 14:50:30,136 INFO     ___FILE_ONLY___  
2024-11-28 14:50:30,136 INFO     ___FILE_ONLY___ roles/run.serviceAgent
2024-11-28 14:50:30,136 INFO     ___FILE_ONLY___ 

2024-11-28 14:50:30,137 INFO     ___FILE_ONLY___ etag
2024-11-28 14:50:30,137 INFO     ___FILE_ONLY___ :
2024-11-28 14:50:30,137 INFO     ___FILE_ONLY___  
2024-11-28 14:50:30,137 INFO     ___FILE_ONLY___ BwYn-jQfnag=
2024-11-28 14:50:30,137 INFO     ___FILE_ONLY___ 

2024-11-28 14:50:30,137 INFO     ___FILE_ONLY___ version
2024-11-28 14:50:30,137 INFO     ___FILE_ONLY___ :
2024-11-28 14:50:30,137 INFO     ___FILE_ONLY___  
2024-11-28 14:50:30,137 INFO     ___FILE_ONLY___ 1
2024-11-28 14:50:30,137 INFO     ___FILE_ONLY___ 

2024-11-28 14:50:30,138 DEBUG    root            SDK update checks are disabled.
